  0.  0.
  2527847.
  1071331.  3955.
  42.3811646  0.15645726
  0.  10.
  2527847.
  127757.  1063.
  5.05398464  0.0420515947
  0.  20.
  2527847.
  55669.  584.
  2.20222974  0.0231026635
  0.  30.
  2527847.
  49067.  588.
  1.94105887  0.0232609008
  0.  40.
  2527847.
  34842.  448.
  1.37832713  0.0177225918
  0.  50.
  2527847.
  31642.  410.
  1.25173712  0.0162193365
  0.  60.
  2527847.
  21650.  310.
  0.856460035  0.0122634005
  0.  70.
  2527847.
  15454.  260.
  0.611350298  0.0102854325
  0.  80.
  2527847.
  16699.  226.
  0.660601676  0.00894041453
  0.  90.
  2527847.
  14689.  181.
  0.58108741  0.00716024358
  0.  100.
  2527847.
  12724.  129.
  0.503353238  0.0051031569
  10.  0.
  2527847.
  85108.  2056.
  3.36681771  0.0813340396
  10.  10.
  2527847.
  25745.  982.
  1.01845562  0.0388472863
  10.  20.
  2527847.
  9547.  439.
  0.377673179  0.0173665583
  10.  30.
  2527847.
  8665.  468.
  0.342781812  0.0185137782
  10.  40.
  2527847.
  5990.  413.
  0.236960545  0.016338015
  10.  50.
  2527847.
  4459.  307.
  0.176395163  0.012144722
  10.  60.
  2527847.
  3407.  286.
  0.134778723  0.0113139758
  10.  70.
  2527847.
  2283.  218.
  0.0903140083  0.00862393994
  10.  80.
  2527847.
  2584.  213.
  0.102221377  0.00842614286
  10.  90.
  2527847.
  2192.  199.
  0.0867141113  0.00787231233
  10.  100.
  2527847.
  1499.  148.
  0.0592994764  0.00585478451
  20.  0.
  2527847.
  43659.  1520.
  1.72712195  0.0601302199
  20.  10.
  2527847.
  13543.  826.
  0.535752356  0.03267603
  20.  20.
  2527847.
  6018.  481.
  0.238068208  0.0190280508
  20.  30.
  2527847.
  4360.  331.
  0.172478795  0.0130941467
  20.  40.
  2527847.
  2989.  297.
  0.118242919  0.0117491288
  20.  50.
  2527847.
  2696.  271.
  0.106652021  0.0107205855
  20.  60.
  2527847.
  1591.  203.
  0.0629389361  0.00803054962
  20.  70.
  2527847.
  1144.  144.
  0.0452559032  0.00569654722
  20.  80.
  2527847.
  1028.  132.
  0.0406670198  0.00522183487
  20.  90.
  2527847.
  862.  135.
  0.0341001637  0.00534051331
  20.  100.
  2527847.
  749.  125.
  0.0296299569  0.00494491961
  30.  0.
  2527847.
  42002.  1673.
  1.6615721  0.0661827996
  30.  10.
  2527847.
  15821.  1158.
  0.625868559  0.0458097346
  30.  20.
  2527847.
  6502.  636.
  0.257214934  0.0251597501
  30.  30.
  2527847.
  5224.  528.
  0.20665808  0.0208873395
  30.  40.
  2527847.
  3262.  428.
  0.129042625  0.0169314053
  30.  50.
  2527847.
  2485.  368.
  0.0983050019  0.0145578431
  30.  60.
  2527847.
  1876.  291.
  0.0742133558  0.0115117729
  30.  70.
  2527847.
  1073.  178.
  0.0424471907  0.00704156561
  30.  80.
  2527847.
  1092.  183.
  0.0431988165  0.00723936222
  30.  90.
  2527847.
  749.  171.
  0.0296299569  0.00676464988
  30.  100.
  2527847.
  574.  144.
  0.0227070712  0.00569654722
  40.  0.
  2527847.
  35178.  1763.
  1.39161909  0.0697431415
  40.  10.
  2527847.
  14376.  1368.
  0.56870532  0.054117199
  40.  20.
  2527847.
  6232.  753.
  0.246533915  0.0297881961
  40.  30.
  2527847.
  5067.  640.
  0.200447261  0.0253179874
  40.  40.
  2527847.
  3114.  541.
  0.123187833  0.0214016121
  40.  50.
  2527847.
  2262.  418.
  0.0894832611  0.0165358111
  40.  60.
  2527847.
  1582.  341.
  0.0625829026  0.0134897409
  40.  70.
  2527847.
  935.  173.
  0.0369879976  0.00684376853
  40.  80.
  2527847.
  1016.  195.
  0.040192306  0.00771407457
  40.  90.
  2527847.
  716.  186.
  0.0283244997  0.00735804019
  40.  100.
  2527847.
  408.  122.
  0.016140217  0.00482624164
  50.  0.
  2527847.
  36670.  2355.
  1.45064163  0.0931622833
  50.  10.
  2527847.
  14912.  1872.
  0.589909136  0.0740551129
  50.  20.
  2527847.
  7538.  1184.
  0.298198432  0.0468382761
  50.  30.
  2527847.
  5198.  1023.
  0.205629528  0.0404692218
  50.  40.
  2527847.
  3379.  788.
  0.13367106  0.0311727729
  50.  50.
  2527847.
  2869.  709.
  0.113495789  0.028047584
  50.  60.
  2527847.
  1442.  422.
  0.0570445918  0.0166940484
  50.  70.
  2527847.
  1006.  289.
  0.0397967137  0.0114326542
  50.  80.
  2527847.
  841.  242.
  0.0332694203  0.00957336463
  50.  90.
  2527847.
  551.  184.
  0.0217972044  0.00727892155
  50.  100.
  2527847.
  329.  130.
  0.0130150281  0.00514271623
  60.  0.
  2527847.
  29579.  1785.
  1.1701262  0.0706134513
  60.  10.
  2527847.
  13339.  1871.
  0.527682245  0.0740155578
  60.  20.
  2527847.
  6273.  1281.
  0.248155847  0.0506755337
  60.  30.
  2527847.
  5348.  1158.
  0.211563438  0.0458097346
  60.  40.
  2527847.
  3552.  954.
  0.140514836  0.0377396271
  60.  50.
  2527847.
  2207.  718.
  0.0873074979  0.0284036174
  60.  60.
  2527847.
  1500.  515.
  0.0593390353  0.0203730687
  60.  70.
  2527847.
  843.  295.
  0.033348538  0.0116700102
  60.  80.
  2527847.
  755.  261.
  0.0298673138  0.0103249922
  60.  90.
  2527847.
  477.  177.
  0.0188698135  0.00700200628
  60.  100.
  2527847.
  263.  114.
  0.0104041109  0.00450976659
  70.  0.
  2527847.
  24475.  1726.
  0.968215227  0.0682794452
  70.  10.
  2527847.
  10934.  1716.
  0.432541996  0.0678838566
  70.  20.
  2527847.
  5760.  1480.
  0.227861896  0.058547847
  70.  30.
  2527847.
  4686.  1404.
  0.185375139  0.0555413365
  70.  40.
  2527847.
  3157.  1128.
  0.124888889  0.044622954
  70.  50.
  2527847.
  2315.  956.
  0.0915799066  0.0378187448
  70.  60.
  2527847.
  1241.  463.
  0.0490931608  0.0183159821
  70.  70.
  2527847.
  680.  292.
  0.0269003622  0.0115513317
  70.  80.
  2527847.
  590.  231.
  0.0233400203  0.00913821161
  70.  90.
  2527847.
  340.  140.
  0.0134501811  0.00553830992
  70.  100.
  2527847.
  200.  86.
  0.00791187119  0.0034021046
  80.  0.
  2527847.
  28745.  1935.
  1.13713372  0.0765473545
  80.  10.
  2527847.
  14368.  2378.
  0.56838882  0.0940721482
  80.  20.
  2527847.
  7440.  1965.
  0.294321597  0.0777341351
  80.  30.
  2527847.
  6582.  1954.
  0.260379672  0.0772989839
  80.  40.
  2527847.
  4500.  1564.
  0.17801711  0.061870832
  80.  50.
  2527847.
  3064.  1500.
  0.121209867  0.0593390353
  80.  60.
  2527847.
  1895.  787.
  0.0749649778  0.031133214
  80.  70.
  2527847.
  963.  464.
  0.0380956605  0.0183555409
  80.  80.
  2527847.
  801.  381.
  0.0316870436  0.0150721148
  80.  90.
  2527847.
  469.  228.
  0.0185533389  0.00901953317
  80.  100.
  2527847.
  196.  135.
  0.00775363389  0.00534051331
  90.  0.
  2527847.
  33422.  2294.
  1.32215285  0.0907491669
  90.  10.
  2527847.
  18713.  3118.
  0.740274251  0.123346075
  90.  20.
  2527847.
  10052.  2682.
  0.397650659  0.10609819
  90.  30.
  2527847.
  9413.  2983.
  0.37237221  0.118005559
  90.  40.
  2527847.
  6520.  2510.
  0.257927001  0.0992939845
  90.  50.
  2527847.
  4417.  2423.
  0.174733683  0.0958523229
  90.  60.
  2527847.
  2755.  1318.
  0.108986028  0.0521392301
  90.  70.
  2527847.
  1164.  697.
  0.0460470915  0.0275728721
  90.  80.
  2527847.
  997.  534.
  0.0394406766  0.0211246964
  90.  90.
  2527847.
  505.  261.
  0.0199774746  0.0103249922
  90.  100.
  2527847.
  164.  130.
  0.00648773462  0.00514271623
  100.  0.
  2527847.
  79724.  7434.
  3.15383005  0.294084251
  100.  10.
  2527847.
  42371.  8297.
  1.67616951  0.328223974
  100.  20.
  2527847.
  24200.  7595.
  0.957336426  0.300453305
  100.  30.
  2527847.
  20875.  8271.
  0.825801551  0.327195436
  100.  40.
  2527847.
  14164.  7114.
  0.560318708  0.281425267
  100.  50.
  2527847.
  9052.  6345.
  0.358091295  0.25100413
  100.  60.
  2527847.
  5313.  3549.
  0.210178867  0.140396148
  100.  70.
  2527847.
  2151.  1711.
  0.085092172  0.0676860586
  100.  80.
  2527847.
  1975.  1251.
  0.0781297311  0.0494887531
  100.  90.
  2527847.
  1049.  599.
  0.0414977632  0.0236960538
  100.  100.
  2527847.
  245.  184.
  0.00969204213  0.00727892155
