  0.  0.
  2543121.
  1199724.  1943.
  47.1752625  0.0764021873
  0.  10.
  2543121.
  124041.  578.
  4.87751055  0.0227279793
  0.  20.
  2543121.
  56096.  360.
  2.20579362  0.0141558349
  0.  30.
  2543121.
  49675.  440.
  1.95330858  0.0173015762
  0.  40.
  2543121.
  35451.  294.
  1.39399576  0.0115605984
  0.  50.
  2543121.
  32509.  300.
  1.27831113  0.0117965285
  0.  60.
  2543121.
  22741.  238.
  0.89421618  0.00935857929
  0.  70.
  2543121.
  16445.  127.
  0.64664638  0.00499386387
  0.  80.
  2543121.
  17364.  156.
  0.682783067  0.00613419479
  0.  90.
  2543121.
  17198.  181.
  0.676255643  0.00711723883
  0.  100.
  2543121.
  20065.  186.
  0.788991153  0.00731384801
  10.  0.
  2543121.
  84938.  613.
  3.33991194  0.0241042413
  10.  10.
  2543121.
  22092.  383.
  0.868696392  0.0150602348
  10.  20.
  2543121.
  7862.  235.
  0.309147686  0.00924061425
  10.  30.
  2543121.
  6701.  290.
  0.263495117  0.011403311
  10.  40.
  2543121.
  4570.  266.
  0.179700449  0.0104595888
  10.  50.
  2543121.
  3737.  195.
  0.146945432  0.0076677436
  10.  60.
  2543121.
  3034.  229.
  0.119302228  0.00900468323
  10.  70.
  2543121.
  1830.  126.
  0.071958825  0.00495454203
  10.  80.
  2543121.
  2344.  168.
  0.0921702087  0.00660605589
  10.  90.
  2543121.
  2002.  129.
  0.0787221715  0.00507250754
  10.  100.
  2543121.
  2041.  109.
  0.080255717  0.00428607222
  20.  0.
  2543121.
  41591.  406.
  1.63543141  0.0159646347
  20.  10.
  2543121.
  11985.  314.
  0.471271336  0.0123470332
  20.  20.
  2543121.
  4957.  196.
  0.194917977  0.00770706544
  20.  30.
  2543121.
  3485.  163.
  0.137036338  0.00640944717
  20.  40.
  2543121.
  2403.  152.
  0.0944901928  0.00597690791
  20.  50.
  2543121.
  2186.  157.
  0.0859573707  0.00617351662
  20.  60.
  2543121.
  1571.  139.
  0.0617744885  0.00546572497
  20.  70.
  2543121.
  1017.  112.
  0.0399902314  0.00440403726
  20.  80.
  2543121.
  1025.  129.
  0.0403048061  0.00507250754
  20.  90.
  2543121.
  851.  78.
  0.0334628187  0.00306709739
  20.  100.
  2543121.
  872.  101.
  0.0342885777  0.00397149799
  30.  0.
  2543121.
  39029.  524.
  1.53468907  0.020604603
  30.  10.
  2543121.
  13433.  470.
  0.528209209  0.0184812285
  30.  20.
  2543121.
  5166.  269.
  0.203136221  0.0105775539
  30.  30.
  2543121.
  4382.  317.
  0.172307968  0.0124649983
  30.  40.
  2543121.
  2654.  248.
  0.104359955  0.00975179672
  30.  50.
  2543121.
  1923.  164.
  0.0756157488  0.00644876901
  30.  60.
  2543121.
  1705.  156.
  0.0670436025  0.00613419479
  30.  70.
  2543121.
  1105.  131.
  0.0434505492  0.00515115075
  30.  80.
  2543121.
  1169.  171.
  0.0459671393  0.0067240214
  30.  90.
  2543121.
  1015.  147.
  0.0399115905  0.00578029919
  30.  100.
  2543121.
  741.  123.
  0.0291374251  0.00483657699
  40.  0.
  2543121.
  31994.  570.
  1.25806046  0.0224134047
  40.  10.
  2543121.
  11765.  425.
  0.462620527  0.0167117491
  40.  20.
  2543121.
  4816.  349.
  0.189373612  0.0137232952
  40.  30.
  2543121.
  4039.  330.
  0.158820599  0.0129761817
  40.  40.
  2543121.
  2616.  295.
  0.102865733  0.0115999198
  40.  50.
  2543121.
  1840.  219.
  0.0723520443  0.0086114658
  40.  60.
  2543121.
  1432.  218.
  0.056308765  0.00857214443
  40.  70.
  2543121.
  916.  164.
  0.0360187329  0.00644876901
  40.  80.
  2543121.
  963.  203.
  0.0378668569  0.00798231736
  40.  90.
  2543121.
  923.  140.
  0.0362939872  0.00550504681
  40.  100.
  2543121.
  620.  131.
  0.0243794937  0.00515115075
  50.  0.
  2543121.
  35334.  792.
  1.38939512  0.0311428364
  50.  10.
  2543121.
  11653.  582.
  0.458216488  0.0228852667
  50.  20.
  2543121.
  5767.  461.
  0.226768598  0.0181273334
  50.  30.
  2543121.
  4137.  450.
  0.162674129  0.0176947936
  50.  40.
  2543121.
  2752.  376.
  0.108213492  0.0147849824
  50.  50.
  2543121.
  2436.  436.
  0.0957878157  0.0171442889
  50.  60.
  2543121.
  1423.  310.
  0.0559548698  0.0121897468
  50.  70.
  2543121.
  930.  240.
  0.0365692377  0.00943722297
  50.  80.
  2543121.
  855.  264.
  0.0336201079  0.0103809452
  50.  90.
  2543121.
  661.  217.
  0.0259916857  0.00853282213
  50.  100.
  2543121.
  493.  162.
  0.0193856284  0.00637012534
  60.  0.
  2543121.
  28452.  710.
  1.11878276  0.0279184505
  60.  10.
  2543121.
  10964.  569.
  0.431123793  0.0223740824
  60.  20.
  2543121.
  4811.  437.
  0.189177006  0.0171836093
  60.  30.
  2543121.
  3956.  499.
  0.155556887  0.0196215604
  60.  40.
  2543121.
  2761.  480.
  0.108567387  0.0188744459
  60.  50.
  2543121.
  1969.  430.
  0.0774245486  0.0169083588
  60.  60.
  2543121.
  1389.  365.
  0.0546179265  0.0143524436
  60.  70.
  2543121.
  784.  222.
  0.0308282617  0.00872943085
  60.  80.
  2543121.
  859.  230.
  0.0337773934  0.00904400554
  60.  90.
  2543121.
  598.  202.
  0.0235144142  0.00794299599
  60.  100.
  2543121.
  359.  186.
  0.0141165126  0.00731384801
  70.  0.
  2543121.
  24826.  705.
  0.976202071  0.0277218428
  70.  10.
  2543121.
  9251.  681.
  0.363765627  0.0267781205
  70.  20.
  2543121.
  4553.  511.
  0.179031983  0.0200934205
  70.  30.
  2543121.
  3621.  532.
  0.142384097  0.0209191777
  70.  40.
  2543121.
  2484.  533.
  0.0976752564  0.0209585
  70.  50.
  2543121.
  2083.  493.
  0.0819072276  0.0193856284
  70.  60.
  2543121.
  1226.  352.
  0.0482084826  0.0138412602
  70.  70.
  2543121.
  643.  212.
  0.0252838936  0.00833621342
  70.  80.
  2543121.
  592.  238.
  0.0232784841  0.00935857929
  70.  90.
  2543121.
  376.  141.
  0.0147849824  0.00554436864
  70.  100.
  2543121.
  196.  153.
  0.00770706544  0.00601622975
  80.  0.
  2543121.
  30010.  881.
  1.18004608  0.0346424729
  80.  10.
  2543121.
  12546.  873.
  0.493330836  0.0343278982
  80.  20.
  2543121.
  5752.  623.
  0.22617878  0.0244974587
  80.  30.
  2543121.
  4994.  735.
  0.196372882  0.028901495
  80.  40.
  2543121.
  3395.  696.
  0.133497387  0.0273679476
  80.  50.
  2543121.
  2634.  805.
  0.103573523  0.0316540189
  80.  60.
  2543121.
  1664.  583.
  0.065431416  0.0229245871
  80.  70.
  2543121.
  916.  334.
  0.0360187329  0.013133469
  80.  80.
  2543121.
  953.  333.
  0.0374736413  0.0130941467
  80.  90.
  2543121.
  567.  225.
  0.0222954396  0.00884739682
  80.  100.
  2543121.
  251.  205.
  0.0098697627  0.00806096103
  90.  0.
  2543121.
  35130.  1185.
  1.38137352  0.0465962887
  90.  10.
  2543121.
  16633.  1242.
  0.654038846  0.0488376282
  90.  20.
  2543121.
  8571.  1029.
  0.337026834  0.0404620953
  90.  30.
  2543121.
  7142.  1307.
  0.280836016  0.0513935424
  90.  40.
  2543121.
  4793.  1243.
  0.188469201  0.0488769524
  90.  50.
  2543121.
  3337.  1249.
  0.13121672  0.0491128825
  90.  60.
  2543121.
  2119.  1061.
  0.0833228156  0.0417203903
  90.  70.
  2543121.
  1077.  615.
  0.0423495397  0.024182884
  90.  80.
  2543121.
  978.  584.
  0.0384566821  0.0229639094
  90.  90.
  2543121.
  604.  392.
  0.0237503443  0.0154141309
  90.  100.
  2543121.
  285.  236.
  0.0112067023  0.00927993562
  100.  0.
  2543121.
  85405.  3606.
  3.35827518  0.141794279
  100.  10.
  2543121.
  40143.  4396.
  1.57849348  0.172858462
  100.  20.
  2543121.
  21950.  4067.
  0.863112688  0.159921601
  100.  30.
  2543121.
  18718.  4904.
  0.736024737  0.19283393
  100.  40.
  2543121.
  13201.  4576.
  0.519086599  0.179936379
  100.  50.
  2543121.
  9606.  4993.
  0.377724856  0.196333557
  100.  60.
  2543121.
  6598.  3874.
  0.259444982  0.152332515
  100.  70.
  2543121.
  3100.  2502.
  0.121897466  0.0983830467
  100.  80.
  2543121.
  3164.  2370.
  0.124414057  0.0931925774
  100.  90.
  2543121.
  1980.  1513.
  0.077857092  0.0594938248
  100.  100.
  2543121.
  784.  613.
  0.0308282617  0.0241042413
