  0.  0.
  2504936.
  1138531.  2242.
  45.4514999  0.0895032883
  0.  10.
  2504936.
  76047.  449.
  3.03588605  0.0179246105
  0.  20.
  2504936.
  33927.  280.
  1.35440588  0.01117793
  0.  30.
  2504936.
  32421.  278.
  1.29428458  0.0110980878
  0.  40.
  2504936.
  23281.  217.
  0.929404974  0.00866289623
  0.  50.
  2504936.
  22996.  254.
  0.918027461  0.0101399794
  0.  60.
  2504936.
  16811.  227.
  0.671114922  0.00906210765
  0.  70.
  2504936.
  13155.  188.
  0.525163114  0.00750518171
  0.  80.
  2504936.
  15918.  213.
  0.635465324  0.00850321166
  0.  90.
  2504936.
  17975.  288.
  0.717583179  0.0114973001
  0.  100.
  2504936.
  29008.  493.
  1.15803361  0.0196811408
  10.  0.
  2504936.
  71024.  979.
  2.83536196  0.0390828364
  10.  10.
  2504936.
  12169.  339.
  0.485800833  0.0135332802
  10.  20.
  2504936.
  4690.  169.
  0.187230334  0.00674667954
  10.  30.
  2504936.
  4362.  182.
  0.174136192  0.00726565486
  10.  40.
  2504936.
  3242.  161.
  0.129424468  0.00642730994
  10.  50.
  2504936.
  2842.  191.
  0.113455996  0.00762494514
  10.  60.
  2504936.
  2515.  166.
  0.100401767  0.00662691565
  10.  70.
  2504936.
  1947.  126.
  0.0777265355  0.00503006857
  10.  80.
  2504936.
  2434.  163.
  0.0971681476  0.00650715223
  10.  90.
  2504936.
  2596.  245.
  0.103635386  0.00978068914
  10.  100.
  2504936.
  3386.  283.
  0.135173112  0.0112976935
  20.  0.
  2504936.
  39261.  757.
  1.56734538  0.0302203335
  20.  10.
  2504936.
  7074.  269.
  0.282402426  0.0107387975
  20.  20.
  2504936.
  3446.  181.
  0.137568384  0.00722573372
  20.  30.
  2504936.
  2546.  166.
  0.101639323  0.00662691565
  20.  40.
  2504936.
  1843.  153.
  0.0735747367  0.00610794034
  20.  50.
  2504936.
  1906.  163.
  0.0760897696  0.00650715223
  20.  60.
  2504936.
  1357.  98.
  0.0541730411  0.00391227566
  20.  70.
  2504936.
  1099.  112.
  0.0438733771  0.00447117211
  20.  80.
  2504936.
  1143.  153.
  0.0456299074  0.00610794034
  20.  90.
  2504936.
  1155.  191.
  0.0461089611  0.00762494514
  20.  100.
  2504936.
  1505.  214.
  0.0600813739  0.0085431328
  30.  0.
  2504936.
  37892.  919.
  1.51269329  0.0366875641
  30.  10.
  2504936.
  7953.  461.
  0.317493141  0.0184036642
  30.  20.
  2504936.
  3489.  276.
  0.139284998  0.0110182455
  30.  30.
  2504936.
  3071.  280.
  0.12259794  0.01117793
  30.  40.
  2504936.
  2120.  230.
  0.0846329033  0.00918187108
  30.  50.
  2504936.
  1859.  268.
  0.074213475  0.0106988763
  30.  60.
  2504936.
  1452.  166.
  0.0579655543  0.00662691565
  30.  70.
  2504936.
  951.  153.
  0.0379650407  0.00610794034
  30.  80.
  2504936.
  1163.  208.
  0.0464283302  0.00830360502
  30.  90.
  2504936.
  1227.  204.
  0.0489832871  0.00814392045
  30.  100.
  2504936.
  1347.  252.
  0.0537738279  0.0100601371
  40.  0.
  2504936.
  31947.  1005.
  1.2753619  0.0401207842
  40.  10.
  2504936.
  7163.  523.
  0.285955399  0.0208787769
  40.  20.
  2504936.
  3148.  346.
  0.125671878  0.0138127282
  40.  30.
  2504936.
  2794.  360.
  0.111539774  0.0143716242
  40.  40.
  2504936.
  2067.  296.
  0.08251708  0.0118166693
  40.  50.
  2504936.
  1795.  276.
  0.0716585144  0.0110182455
  40.  60.
  2504936.
  1336.  230.
  0.0533346944  0.00918187108
  40.  70.
  2504936.
  890.  203.
  0.0355298482  0.00810399931
  40.  80.
  2504936.
  933.  231.
  0.037246462  0.00922179222
  40.  90.
  2504936.
  907.  223.
  0.0362085104  0.00890242308
  40.  100.
  2504936.
  1113.  257.
  0.0444322713  0.0102597428
  50.  0.
  2504936.
  37796.  1768.
  1.50886095  0.0705806464
  50.  10.
  2504936.
  8155.  966.
  0.325557232  0.0385638587
  50.  20.
  2504936.
  4096.  741.
  0.163517147  0.0295815933
  50.  30.
  2504936.
  3111.  645.
  0.124194793  0.02574916
  50.  40.
  2504936.
  2411.  506.
  0.0962499604  0.0202001166
  50.  50.
  2504936.
  2558.  592.
  0.10211838  0.0236333385
  50.  60.
  2504936.
  1527.  329.
  0.0609596409  0.0131340679
  50.  70.
  2504936.
  1159.  319.
  0.0462686457  0.0127348565
  50.  80.
  2504936.
  1130.  382.
  0.0451109335  0.0152498903
  50.  90.
  2504936.
  912.  344.
  0.0364081152  0.0137328859
  50.  100.
  2504936.
  1074.  374.
  0.0428753458  0.0149305211
  60.  0.
  2504936.
  29840.  1524.
  1.19124806  0.0608398765
  60.  10.
  2504936.
  7518.  983.
  0.300127417  0.0392425209
  60.  20.
  2504936.
  3713.  736.
  0.148227334  0.0293819886
  60.  30.
  2504936.
  3286.  662.
  0.131181002  0.0264278203
  60.  40.
  2504936.
  2267.  635.
  0.0905013159  0.0253499486
  60.  50.
  2504936.
  1940.  595.
  0.0774470866  0.023753101
  60.  60.
  2504936.
  1445.  419.
  0.0576861054  0.0167269744
  60.  70.
  2504936.
  985.  370.
  0.0393223614  0.0147708366
  60.  80.
  2504936.
  1058.  394.
  0.0422366075  0.0157289449
  60.  90.
  2504936.
  998.  461.
  0.039841339  0.0184036642
  60.  100.
  2504936.
  922.  419.
  0.0368073285  0.0167269744
  70.  0.
  2504936.
  27683.  1633.
  1.10513806  0.0651912838
  70.  10.
  2504936.
  6863.  1203.
  0.273979068  0.0480251797
  70.  20.
  2504936.
  3665.  974.
  0.146311119  0.0388832279
  70.  30.
  2504936.
  3108.  914.
  0.124075025  0.0364879593
  70.  40.
  2504936.
  2229.  719.
  0.0889843106  0.0287033282
  70.  50.
  2504936.
  1883.  789.
  0.0751715824  0.03149781
  70.  60.
  2504936.
  1333.  561.
  0.0532149337  0.0223957822
  70.  70.
  2504936.
  947.  408.
  0.0378053561  0.0162878409
  70.  80.
  2504936.
  977.  460.
  0.0390029922  0.0183637422
  70.  90.
  2504936.
  937.  466.
  0.0374061465  0.018603269
  70.  100.
  2504936.
  766.  404.
  0.0305796228  0.0161281563
  80.  0.
  2504936.
  30012.  1980.
  1.1981144  0.0790439323
  80.  10.
  2504936.
  8706.  1548.
  0.34755379  0.0617979877
  80.  20.
  2504936.
  4672.  1345.
  0.186511755  0.0536939874
  80.  30.
  2504936.
  4418.  1395.
  0.176371768  0.0556900464
  80.  40.
  2504936.
  3104.  1155.
  0.123915344  0.0461089611
  80.  50.
  2504936.
  2578.  1201.
  0.102916799  0.0479453355
  80.  60.
  2504936.
  1931.  892.
  0.0770877972  0.0356096923
  80.  70.
  2504936.
  1213.  672.
  0.0484243892  0.0268270336
  80.  80.
  2504936.
  1343.  723.
  0.0536141433  0.0288630128
  80.  90.
  2504936.
  1094.  677.
  0.0436737724  0.0270266384
  80.  100.
  2504936.
  769.  545.
  0.0306993872  0.021757042
  90.  0.
  2504936.
  36242.  2532.
  1.44682336  0.101080425
  90.  10.
  2504936.
  11954.  2183.
  0.477217793  0.0871479362
  90.  20.
  2504936.
  6299.  2055.
  0.251463503  0.0820380226
  90.  30.
  2504936.
  5970.  2106.
  0.23832944  0.0840740055
  90.  40.
  2504936.
  4678.  2112.
  0.186751276  0.0843135342
  90.  50.
  2504936.
  3833.  2345.
  0.153017879  0.0936151668
  90.  60.
  2504936.
  2819.  1704.
  0.112537809  0.0680256933
  90.  70.
  2504936.
  1797.  1343.
  0.0717383623  0.0536141433
  90.  80.
  2504936.
  1986.  1451.
  0.079283461  0.0579256304
  90.  90.
  2504936.
  1629.  1347.
  0.065031603  0.0537738279
  90.  100.
  2504936.
  956.  957.
  0.0381646492  0.0382045694
  100.  0.
  2504936.
  136578.  12320.
  5.45235491  0.491828918
  100.  10.
  2504936.
  50372.  10940.
  2.01090956  0.436737716
  100.  20.
  2504936.
  28455.  10548.
  1.13595712  0.421088606
  100.  30.
  2504936.
  26626.  12652.
  1.06294131  0.505082786
  100.  40.
  2504936.
  19308.  12356.
  0.770798147  0.493266106
  100.  50.
  2504936.
  16708.  14267.
  0.667003095  0.569555461
  100.  60.
  2504936.
  11577.  10607.
  0.462167501  0.423443943
  100.  70.
  2504936.
  6561.  7931.
  0.261922866  0.316614866
  100.  80.
  2504936.
  6466.  7197.
  0.258130342  0.287312716
  100.  90.
  2504936.
  4400.  5091.
  0.175653189  0.203238726
  100.  100.
  2504936.
  1939.  2593.
  0.0774071664  0.103515618
