  0.  0.
  2527847.
  1110406.  681.
  43.9269447  0.0269399211
  0.  10.
  2527847.
  96956.  236.
  3.83551693  0.00933600776
  0.  20.
  2527847.
  44226.  173.
  1.74955213  0.00684376853
  0.  30.
  2527847.
  39921.  138.
  1.57924902  0.00545919128
  0.  40.
  2527847.
  28839.  135.
  1.14085233  0.00534051331
  0.  50.
  2527847.
  27579.  148.
  1.09100747  0.00585478451
  0.  60.
  2527847.
  19426.  104.
  0.768480062  0.00411417289
  0.  70.
  2527847.
  14655.  82.
  0.579742372  0.00324386731
  0.  80.
  2527847.
  16018.  79.
  0.633661747  0.00312518911
  0.  90.
  2527847.
  16232.  111.
  0.642127454  0.00439108862
  0.  100.
  2527847.
  20141.  180.
  0.79676497  0.00712068425
  10.  0.
  2527847.
  77458.  304.
  3.06418872  0.0120260445
  10.  10.
  2527847.
  15430.  221.
  0.610400856  0.00874261744
  10.  20.
  2527847.
  5881.  124.
  0.232648581  0.00490536029
  10.  30.
  2527847.
  5839.  160.
  0.230987087  0.00632949686
  10.  40.
  2527847.
  4577.  145.
  0.181063175  0.00573610654
  10.  50.
  2527847.
  3923.  141.
  0.155191362  0.00557786925
  10.  60.
  2527847.
  3271.  98.
  0.129398659  0.00387681695
  10.  70.
  2527847.
  2263.  61.
  0.0895228237  0.00241312082
  10.  80.
  2527847.
  2837.  77.
  0.112229891  0.00304607046
  10.  90.
  2527847.
  2630.  72.
  0.104041107  0.00284827361
  10.  100.
  2527847.
  2444.  76.
  0.0966830701  0.00300651114
  20.  0.
  2527847.
  41684.  268.
  1.64899218  0.010601907
  20.  10.
  2527847.
  8337.  140.
  0.329806358  0.00553830992
  20.  20.
  2527847.
  3673.  110.
  0.145301521  0.00435152929
  20.  30.
  2527847.
  2906.  129.
  0.114959486  0.0051031569
  20.  40.
  2527847.
  2288.  118.
  0.0905118063  0.00466800388
  20.  50.
  2527847.
  2307.  107.
  0.0912634358  0.00423285132
  20.  60.
  2527847.
  1634.  68.
  0.0646399856  0.00269003632
  20.  70.
  2527847.
  1261.  71.
  0.0498843491  0.00280871429
  20.  80.
  2527847.
  1287.  72.
  0.0509128906  0.00284827361
  20.  90.
  2527847.
  1152.  69.
  0.0455723777  0.00272959564
  20.  100.
  2527847.
  1082.  61.
  0.0428032242  0.00241312082
  30.  0.
  2527847.
  41753.  312.
  1.65172184  0.0123425191
  30.  10.
  2527847.
  9824.  189.
  0.388631105  0.00747671816
  30.  20.
  2527847.
  4167.  129.
  0.164843842  0.0051031569
  30.  30.
  2527847.
  3751.  172.
  0.148387149  0.0068042092
  30.  40.
  2527847.
  2584.  138.
  0.102221377  0.00545919128
  30.  50.
  2527847.
  2247.  144.
  0.0888898745  0.00569654722
  30.  60.
  2527847.
  1824.  120.
  0.0721562654  0.00474712253
  30.  70.
  2527847.
  1232.  93.
  0.0487371273  0.0036790201
  30.  80.
  2527847.
  1239.  89.
  0.0490140431  0.0035207828
  30.  90.
  2527847.
  1155.  88.
  0.045691058  0.00348122325
  30.  100.
  2527847.
  913.  101.
  0.0361176915  0.00399549492
  40.  0.
  2527847.
  36563.  324.
  1.44640875  0.012817231
  40.  10.
  2527847.
  9105.  251.
  0.360187948  0.00992939807
  40.  20.
  2527847.
  3858.  153.
  0.152620003  0.00605258159
  40.  30.
  2527847.
  3530.  180.
  0.139644533  0.00712068425
  40.  40.
  2527847.
  2507.  179.
  0.0991753042  0.00708112493
  40.  50.
  2527847.
  2181.  133.
  0.0862789527  0.0052613942
  40.  60.
  2527847.
  1569.  128.
  0.06206863  0.00506359758
  40.  70.
  2527847.
  1022.  81.
  0.0404296629  0.00320430775
  40.  80.
  2527847.
  1139.  106.
  0.0450581051  0.00419329153
  40.  90.
  2527847.
  910.  103.
  0.035999015  0.00407461356
  40.  100.
  2527847.
  739.  96.
  0.0292343646  0.0037976983
  50.  0.
  2527847.
  42829.  399.
  1.69428766  0.0157841835
  50.  10.
  2527847.
  9514.  313.
  0.376367718  0.0123820789
  50.  20.
  2527847.
  4735.  258.
  0.187313557  0.0102063138
  50.  30.
  2527847.
  3732.  259.
  0.14763552  0.0102458736
  50.  40.
  2527847.
  2734.  264.
  0.10815528  0.0104436697
  50.  50.
  2527847.
  2621.  275.
  0.103685074  0.0108788228
  50.  60.
  2527847.
  1532.  157.
  0.0606049336  0.00621081889
  50.  70.
  2527847.
  1109.  120.
  0.0438713245  0.00474712253
  50.  80.
  2527847.
  1042.  139.
  0.0412208475  0.0054987506
  50.  90.
  2527847.
  893.  165.
  0.0353265069  0.00652729394
  50.  100.
  2527847.
  605.  128.
  0.0239334106  0.00506359758
  60.  0.
  2527847.
  36493.  403.
  1.44363964  0.0159424208
  60.  10.
  2527847.
  9485.  327.
  0.375220507  0.0129359094
  60.  20.
  2527847.
  4248.  263.
  0.168048143  0.0104041109
  60.  30.
  2527847.
  3745.  267.
  0.148149788  0.0105623482
  60.  40.
  2527847.
  2724.  272.
  0.107759684  0.0107601453
  60.  50.
  2527847.
  2096.  298.
  0.0829164088  0.0117886886
  60.  60.
  2527847.
  1565.  216.
  0.0619103909  0.00854482129
  60.  70.
  2527847.
  1025.  158.
  0.0405483395  0.00625037821
  60.  80.
  2527847.
  1053.  186.
  0.0416560024  0.00735804019
  60.  90.
  2527847.
  822.  162.
  0.0325177908  0.0064086155
  60.  100.
  2527847.
  552.  155.
  0.0218367651  0.00613170024
  70.  0.
  2527847.
  35350.  497.
  1.39842319  0.019661
  70.  10.
  2527847.
  8742.  349.
  0.345827878  0.0138062155
  70.  20.
  2527847.
  4093.  303.
  0.16191645  0.0119864848
  70.  30.
  2527847.
  3492.  328.
  0.138141274  0.0129754692
  70.  40.
  2527847.
  2554.  296.
  0.101034597  0.011709569
  70.  50.
  2527847.
  2138.  336.
  0.0845779032  0.0132919438
  70.  60.
  2527847.
  1290.  244.
  0.0510315709  0.00965248328
  70.  70.
  2527847.
  874.  159.
  0.0345748775  0.00628993753
  70.  80.
  2527847.
  910.  179.
  0.035999015  0.00708112493
  70.  90.
  2527847.
  624.  150.
  0.0246850383  0.00593390362
  70.  100.
  2527847.
  401.  122.
  0.0158633012  0.00482624164
  80.  0.
  2527847.
  39924.  745.
  1.57936776  0.0294717196
  80.  10.
  2527847.
  11890.  603.
  0.470360756  0.0238542911
  80.  20.
  2527847.
  5533.  397.
  0.21888192  0.0157050639
  80.  30.
  2527847.
  5277.  464.
  0.208754718  0.0183555409
  80.  40.
  2527847.
  4040.  479.
  0.159819797  0.0189489312
  80.  50.
  2527847.
  3075.  532.
  0.121645018  0.0210455768
  80.  60.
  2527847.
  2122.  478.
  0.083944954  0.0189093724
  80.  70.
  2527847.
  1313.  271.
  0.0519414358  0.0107205855
  80.  80.
  2527847.
  1373.  317.
  0.054314997  0.0125403162
  80.  90.
  2527847.
  967.  253.
  0.0382538959  0.0100085167
  80.  100.
  2527847.
  505.  178.
  0.0199774746  0.00704156561
  90.  0.
  2527847.
  49040.  1101.
  1.93999088  0.0435548499
  90.  10.
  2527847.
  17060.  899.
  0.674882591  0.0355638601
  90.  20.
  2527847.
  8035.  666.
  0.317859441  0.0263465308
  90.  30.
  2527847.
  7971.  871.
  0.315327615  0.0344562009
  90.  40.
  2527847.
  6058.  861.
  0.239650577  0.0340606049
  90.  50.
  2527847.
  4802.  1019.
  0.189964026  0.0403109826
  90.  60.
  2527847.
  3434.  834.
  0.135846823  0.0329925045
  90.  70.
  2527847.
  2083.  525.
  0.0824021399  0.0207686629
  90.  80.
  2527847.
  2108.  577.
  0.0833911225  0.0228257477
  90.  90.
  2527847.
  1563.  527.
  0.0618312731  0.0208477806
  90.  100.
  2527847.
  723.  277.
  0.0286014155  0.0109579414
  100.  0.
  2527847.
  130013.  4177.
  5.14323044  0.165239438
  100.  10.
  2527847.
  54577.  5011.
  2.15903091  0.198231936
  100.  20.
  2527847.
  31064.  4792.
  1.22887182  0.18956843
  100.  30.
  2527847.
  28228.  6287.
  1.11668146  0.248709679
  100.  40.
  2527847.
  21158.  6225.
  0.836996853  0.246256992
  100.  50.
  2527847.
  17544.  6911.
  0.694029331  0.273394704
  100.  60.
  2527847.
  12136.  5011.
  0.480092347  0.198231936
  100.  70.
  2527847.
  6762.  3427.
  0.267500371  0.135569915
  100.  80.
  2527847.
  6132.  3376.
  0.24257797  0.133552387
  100.  90.
  2527847.
  3806.  2621.
  0.150562912  0.103685074
  100.  100.
  2527847.
  1442.  1165.
  0.0570445918  0.0460866503
