  0.  0.
  2497299.
  1041248.  2722.
  41.6949654  0.108997762
  0.  10.
  2497299.
  97814.  597.
  3.91679168  0.0239058286
  0.  20.
  2497299.
  42898.  364.
  1.71777594  0.0145757478
  0.  30.
  2497299.
  39714.  366.
  1.59027815  0.0146558341
  0.  40.
  2497299.
  27862.  302.
  1.11568534  0.0120930653
  0.  50.
  2497299.
  26203.  363.
  1.04925358  0.0145357046
  0.  60.
  2497299.
  18786.  254.
  0.752252758  0.0101709887
  0.  70.
  2497299.
  14321.  197.
  0.573459566  0.00788852293
  0.  80.
  2497299.
  15732.  229.
  0.629960597  0.00916990731
  0.  90.
  2497299.
  15898.  214.
  0.636607766  0.00856925827
  0.  100.
  2497299.
  17887.  234.
  0.716253817  0.00937012304
  10.  0.
  2497299.
  82368.  1674.
  3.29828358  0.0670324191
  10.  10.
  2497299.
  19244.  596.
  0.77059257  0.0238657854
  10.  20.
  2497299.
  7444.  319.
  0.298082054  0.0127738006
  10.  30.
  2497299.
  7048.  347.
  0.282224923  0.0138950124
  10.  40.
  2497299.
  5294.  317.
  0.21198903  0.0126937144
  10.  50.
  2497299.
  4261.  281.
  0.170624346  0.0112521565
  10.  60.
  2497299.
  3627.  259.
  0.145236909  0.0103712054
  10.  70.
  2497299.
  2515.  170.
  0.100708805  0.00680735474
  10.  80.
  2497299.
  3030.  203.
  0.121331088  0.00812878273
  10.  90.
  2497299.
  2883.  172.
  0.115444727  0.00688744104
  10.  100.
  2497299.
  2799.  191.
  0.112081096  0.00764826313
  20.  0.
  2497299.
  42877.  1332.
  1.71693492  0.0533376262
  20.  10.
  2497299.
  10691.  499.
  0.428102523  0.0199815873
  20.  20.
  2497299.
  4922.  304.
  0.197092935  0.0121731516
  20.  30.
  2497299.
  3946.  278.
  0.158010721  0.011132027
  20.  40.
  2497299.
  2925.  258.
  0.117126547  0.0103311623
  20.  50.
  2497299.
  2788.  287.
  0.111640617  0.0114924163
  20.  60.
  2497299.
  1948.  213.
  0.0780042782  0.00852921512
  20.  70.
  2497299.
  1417.  138.
  0.0567413047  0.00552597037
  20.  80.
  2497299.
  1377.  167.
  0.0551395714  0.00668722484
  20.  90.
  2497299.
  1272.  143.
  0.05093503  0.00572618656
  20.  100.
  2497299.
  1244.  137.
  0.0498138182  0.00548592722
  30.  0.
  2497299.
  42174.  1485.
  1.6887846  0.059464246
  30.  10.
  2497299.
  11855.  744.
  0.474712878  0.0297921877
  30.  20.
  2497299.
  5335.  446.
  0.21363081  0.017859295
  30.  30.
  2497299.
  4495.  473.
  0.179994464  0.0189404637
  30.  40.
  2497299.
  3319.  380.
  0.132903591  0.01521644
  30.  50.
  2497299.
  2787.  341.
  0.11160057  0.0136547526
  30.  60.
  2497299.
  2070.  263.
  0.0828895569  0.010531378
  30.  70.
  2497299.
  1394.  198.
  0.0558203086  0.00792856608
  30.  80.
  2497299.
  1497.  215.
  0.0599447638  0.00860930141
  30.  90.
  2497299.
  1231.  201.
  0.0492932573  0.00804869551
  30.  100.
  2497299.
  1007.  143.
  0.0403235666  0.00572618656
  40.  0.
  2497299.
  34880.  1662.
  1.39670897  0.0665519014
  40.  10.
  2497299.
  11202.  926.
  0.448564619  0.0370800607
  40.  20.
  2497299.
  4973.  557.
  0.19913514  0.0223040972
  40.  30.
  2497299.
  4403.  508.
  0.17631048  0.0203419775
  40.  40.
  2497299.
  2928.  393.
  0.117246673  0.0157370027
  40.  50.
  2497299.
  2463.  404.
  0.098626554  0.0161774773
  40.  60.
  2497299.
  1903.  339.
  0.0762023255  0.0135746663
  40.  70.
  2497299.
  1164.  231.
  0.0466103591  0.0092499936
  40.  80.
  2497299.
  1285.  232.
  0.0514555909  0.00929003675
  40.  90.
  2497299.
  1002.  221.
  0.0401233509  0.00884956121
  40.  100.
  2497299.
  733.  167.
  0.0293517113  0.00668722484
  50.  0.
  2497299.
  37841.  2238.
  1.51527715  0.0896168202
  50.  10.
  2497299.
  11982.  1371.
  0.479798377  0.0548993126
  50.  20.
  2497299.
  6286.  996.
  0.251711935  0.0398830883
  50.  30.
  2497299.
  4768.  861.
  0.190926284  0.0344772488
  50.  40.
  2497299.
  3197.  662.
  0.128018305  0.0265086405
  50.  50.
  2497299.
  3179.  723.
  0.127297536  0.0289512798
  50.  60.
  2497299.
  1930.  453.
  0.0772834942  0.0181395989
  50.  70.
  2497299.
  1410.  394.
  0.056460999  0.0157770459
  50.  80.
  2497299.
  1159.  354.
  0.0464101434  0.0141753154
  50.  90.
  2497299.
  868.  264.
  0.0347575508  0.0105714211
  50.  100.
  2497299.
  726.  246.
  0.0290714093  0.00985064264
  60.  0.
  2497299.
  31203.  1945.
  1.24946988  0.0778841451
  60.  10.
  2497299.
  11380.  1493.
  0.455692321  0.0597845912
  60.  20.
  2497299.
  5399.  1067.
  0.216193572  0.0427261628
  60.  30.
  2497299.
  4673.  1027.
  0.187122166  0.0411244296
  60.  40.
  2497299.
  3151.  835.
  0.126176327  0.0334361233
  60.  50.
  2497299.
  2316.  731.
  0.092740193  0.029271625
  60.  60.
  2497299.
  1829.  550.
  0.0732391253  0.0220237952
  60.  70.
  2497299.
  1116.  419.
  0.0446882807  0.0167781264
  60.  80.
  2497299.
  1014.  385.
  0.0406038687  0.0154166566
  60.  90.
  2497299.
  750.  259.
  0.0300324466  0.0103712054
  60.  100.
  2497299.
  496.  215.
  0.0198614579  0.00860930141
  70.  0.
  2497299.
  26858.  2026.
  1.07548189  0.081127651
  70.  10.
  2497299.
  9788.  1542.
  0.391943455  0.0617467128
  70.  20.
  2497299.
  5057.  1314.
  0.202498779  0.0526168458
  70.  30.
  2497299.
  4292.  1222.
  0.171865687  0.0489328653
  70.  40.
  2497299.
  3070.  1059.
  0.122932814  0.0424058139
  70.  50.
  2497299.
  2458.  1026.
  0.098426342  0.0410843864
  70.  60.
  2497299.
  1496.  634.
  0.0599047206  0.0253874287
  70.  70.
  2497299.
  1006.  428.
  0.0402835235  0.0171385165
  70.  80.
  2497299.
  890.  385.
  0.0356385037  0.0154166566
  70.  90.
  2497299.
  591.  257.
  0.0236655679  0.0102911182
  70.  100.
  2497299.
  350.  188.
  0.0140151419  0.00752813322
  80.  0.
  2497299.
  30168.  2409.
  1.2080251  0.0964642167
  80.  10.
  2497299.
  12476.  2165.
  0.499579757  0.0866936669
  80.  20.
  2497299.
  6315.  1689.
  0.252873212  0.0676330701
  80.  30.
  2497299.
  6003.  1811.
  0.240379706  0.0725183487
  80.  40.
  2497299.
  4781.  1623.
  0.191446841  0.064990215
  80.  50.
  2497299.
  3505.  1645.
  0.140351638  0.0658711642
  80.  60.
  2497299.
  2278.  1018.
  0.0912185535  0.0407640412
  80.  70.
  2497299.
  1280.  751.
  0.0512553751  0.0300724898
  80.  80.
  2497299.
  1320.  582.
  0.0528571084  0.0233051796
  80.  90.
  2497299.
  777.  439.
  0.0311136153  0.017578993
  80.  100.
  2497299.
  406.  284.
  0.0162575655  0.0113722868
  90.  0.
  2497299.
  36358.  2976.
  1.45589292  0.119168751
  90.  10.
  2497299.
  15684.  3009.
  0.628038526  0.120490178
  90.  20.
  2497299.
  8606.  2580.
  0.34461233  0.103311621
  90.  30.
  2497299.
  8600.  3146.
  0.344372064  0.125976101
  90.  40.
  2497299.
  6625.  2833.
  0.265286624  0.113442563
  90.  50.
  2497299.
  5137.  2912.
  0.205702245  0.116605982
  90.  60.
  2497299.
  3670.  2102.
  0.146958768  0.0841709375
  90.  70.
  2497299.
  1972.  1431.
  0.0789653137  0.0573019087
  90.  80.
  2497299.
  1870.  1376.
  0.074880898  0.0550995283
  90.  90.
  2497299.
  1208.  886.
  0.0483722612  0.0354783311
  90.  100.
  2497299.
  449.  415.
  0.0179794244  0.0166179538
  100.  0.
  2497299.
  96649.  9833.
  3.87014127  0.393745393
  100.  10.
  2497299.
  44762.  10432.
  1.79241657  0.417731315
  100.  20.
  2497299.
  25693.  9507.
  1.0288316  0.38069129
  100.  30.
  2497299.
  24017.  11137.
  0.961719036  0.445961803
  100.  40.
  2497299.
  18942.  11010.
  0.758499503  0.440876335
  100.  50.
  2497299.
  15006.  12363.
  0.600889206  0.495054871
  100.  60.
  2497299.
  10037.  8685.
  0.401914239  0.347775728
  100.  70.
  2497299.
  5449.  5929.
  0.218195736  0.237416506
  100.  80.
  2497299.
  4793.  4893.
  0.191927359  0.195931688
  100.  90.
  2497299.
  2684.  2923.
  0.107476115  0.117046461
  100.  100.
  2497299.
  732.  1116.
  0.0293116681  0.0446882807
