  0.  0.
  2474388.
  1152442.  2452.
  46.5748291  0.0990952104
  0.  10.
  2474388.
  83418.  448.
  3.37125778  0.0181054864
  0.  20.
  2474388.
  47793.  343.
  1.93150795  0.0138620138
  0.  30.
  2474388.
  33938.  296.
  1.37157142  0.0119625544
  0.  40.
  2474388.
  27071.  231.
  1.09404826  0.00933564175
  0.  50.
  2474388.
  33194.  382.
  1.34150338  0.0154381609
  0.  60.
  2474388.
  18623.  247.
  0.752630532  0.00998226646
  0.  70.
  2474388.
  17540.  241.
  0.708862126  0.00973978173
  0.  80.
  2474388.
  17488.  212.
  0.706760645  0.0085677756
  0.  90.
  2474388.
  17636.  253.
  0.712741911  0.0102247503
  0.  100.
  2474388.
  23813.  321.
  0.962379396  0.0129729044
  10.  0.
  2474388.
  68970.  1210.
  2.7873559  0.0489009805
  10.  10.
  2474388.
  12120.  327.
  0.489818096  0.0132153891
  10.  20.
  2474388.
  6444.  238.
  0.260428041  0.00961854029
  10.  30.
  2474388.
  4569.  179.
  0.184651718  0.00723411189
  10.  40.
  2474388.
  3584.  187.
  0.144843891  0.00755742425
  10.  50.
  2474388.
  4409.  261.
  0.178185478  0.0105480626
  10.  60.
  2474388.
  2854.  170.
  0.115341648  0.00687038573
  10.  70.
  2474388.
  2576.  169.
  0.104106553  0.00682997191
  10.  80.
  2474388.
  2465.  173.
  0.0996205956  0.00699162763
  10.  90.
  2474388.
  2481.  187.
  0.100267217  0.00755742425
  10.  100.
  2474388.
  2988.  242.
  0.120757133  0.00978019647
  20.  0.
  2474388.
  45319.  1159.
  1.83152354  0.0468398668
  20.  10.
  2474388.
  8935.  355.
  0.361099392  0.0143469824
  20.  20.
  2474388.
  5101.  278.
  0.206151992  0.0112351011
  20.  30.
  2474388.
  3543.  247.
  0.143186927  0.00998226646
  20.  40.
  2474388.
  2614.  183.
  0.105642281  0.00739576807
  20.  50.
  2474388.
  3184.  291.
  0.128678277  0.0117604835
  20.  60.
  2474388.
  1806.  183.
  0.0729877427  0.00739576807
  20.  70.
  2474388.
  1720.  179.
  0.0695121363  0.00723411189
  20.  80.
  2474388.
  1542.  175.
  0.0623184405  0.00707245572
  20.  90.
  2474388.
  1431.  180.
  0.0578324832  0.00727452617
  20.  100.
  2474388.
  1630.  204.
  0.0658748746  0.00824446324
  30.  0.
  2474388.
  33349.  1165.
  1.34776759  0.0470823497
  30.  10.
  2474388.
  7679.  470.
  0.310339361  0.0189945959
  30.  20.
  2474388.
  4292.  370.
  0.173457026  0.0149531923
  30.  30.
  2474388.
  2883.  303.
  0.116513662  0.012245452
  30.  40.
  2474388.
  2281.  226.
  0.0921844095  0.00913357176
  30.  50.
  2474388.
  2685.  355.
  0.108511679  0.0143469824
  30.  60.
  2474388.
  1533.  216.
  0.0619547144  0.00872943085
  30.  70.
  2474388.
  1313.  211.
  0.0530636273  0.00852736086
  30.  80.
  2474388.
  1191.  186.
  0.0481331125  0.00751701044
  30.  90.
  2474388.
  1099.  173.
  0.0444150232  0.00699162763
  30.  100.
  2474388.
  1100.  143.
  0.0444554389  0.00577920675
  40.  0.
  2474388.
  27933.  1375.
  1.12888515  0.0555692948
  40.  10.
  2474388.
  7153.  633.
  0.289081573  0.0255820826
  40.  20.
  2474388.
  4198.  452.
  0.16965811  0.0182671435
  40.  30.
  2474388.
  2816.  428.
  0.11380592  0.0172972064
  40.  40.
  2474388.
  2075.  306.
  0.0838591233  0.0123666944
  40.  50.
  2474388.
  2582.  399.
  0.104349032  0.0161252003
  40.  60.
  2474388.
  1377.  261.
  0.0556501262  0.0105480626
  40.  70.
  2474388.
  1159.  276.
  0.0468398668  0.0111542735
  40.  80.
  2474388.
  997.  201.
  0.040292792  0.00812322088
  40.  90.
  2474388.
  902.  182.
  0.0364534594  0.00735535426
  40.  100.
  2474388.
  828.  204.
  0.0334628187  0.00824446324
  50.  0.
  2474388.
  39286.  2348.
  1.58770573  0.0948921517
  50.  10.
  2474388.
  10653.  1309.
  0.430530697  0.0529019684
  50.  20.
  2474388.
  6364.  1066.
  0.257194906  0.0430813581
  50.  30.
  2474388.
  4371.  820.
  0.176649734  0.0331395082
  50.  40.
  2474388.
  3201.  743.
  0.129365325  0.0300276279
  50.  50.
  2474388.
  3681.  891.
  0.148764059  0.0360089056
  50.  60.
  2474388.
  1883.  453.
  0.0760996267  0.0183075573
  50.  70.
  2474388.
  1542.  494.
  0.0623184405  0.0199645329
  50.  80.
  2474388.
  1333.  426.
  0.0538719073  0.0172163788
  50.  90.
  2474388.
  1155.  343.
  0.0466782078  0.0138620138
  50.  100.
  2474388.
  958.  299.
  0.038716644  0.0120837959
  60.  0.
  2474388.
  23757.  1703.
  0.960116208  0.0688250959
  60.  10.
  2474388.
  6912.  1107.
  0.279341787  0.0447383337
  60.  20.
  2474388.
  4447.  988.
  0.179721206  0.0399290659
  60.  30.
  2474388.
  2970.  802.
  0.12002968  0.0324120559
  60.  40.
  2474388.
  2100.  724.
  0.0848694742  0.0292597599
  60.  50.
  2474388.
  2336.  897.
  0.0944071859  0.0362513885
  60.  60.
  2474388.
  1197.  465.
  0.0483755991  0.0187925249
  60.  70.
  2474388.
  1028.  390.
  0.0415456258  0.0157614723
  60.  80.
  2474388.
  850.  353.
  0.03435193  0.0142661538
  60.  90.
  2474388.
  692.  289.
  0.0279665105  0.0116796559
  60.  100.
  2474388.
  507.  216.
  0.0204899143  0.00872943085
  70.  0.
  2474388.
  22427.  1865.
  0.906365514  0.0753721744
  70.  10.
  2474388.
  6947.  1416.
  0.280756295  0.0572262704
  70.  20.
  2474388.
  4858.  1284.
  0.196331382  0.0518916175
  70.  30.
  2474388.
  3353.  1130.
  0.135508254  0.0456678569
  70.  40.
  2474388.
  2387.  921.
  0.0964682996  0.0372213237
  70.  50.
  2474388.
  2688.  1254.
  0.108632922  0.0506791994
  70.  60.
  2474388.
  1307.  609.
  0.0528211407  0.0246121474
  70.  70.
  2474388.
  1026.  519.
  0.0414647982  0.0209748838
  70.  80.
  2474388.
  880.  435.
  0.0355643481  0.017580105
  70.  90.
  2474388.
  695.  383.
  0.0280877538  0.0154785747
  70.  100.
  2474388.
  487.  233.
  0.0196816344  0.0094164703
  80.  0.
  2474388.
  23055.  2046.
  0.931745529  0.0826871097
  80.  10.
  2474388.
  7600.  1677.
  0.307146668  0.0677743331
  80.  20.
  2474388.
  5234.  1609.
  0.21152705  0.065026179
  80.  30.
  2474388.
  3937.  1658.
  0.159110054  0.0670064688
  80.  40.
  2474388.
  3067.  1501.
  0.123949841  0.0606614649
  80.  50.
  2474388.
  3450.  1970.
  0.139428422  0.0796156451
  80.  60.
  2474388.
  1599.  1020.
  0.0646220371  0.0412223153
  80.  70.
  2474388.
  1281.  865.
  0.0517703779  0.0349581391
  80.  80.
  2474388.
  1016.  688.
  0.04106066  0.0278048553
  80.  90.
  2474388.
  892.  542.
  0.0360493176  0.0219044071
  80.  100.
  2474388.
  520.  357.
  0.0210152976  0.01442781
  90.  0.
  2474388.
  28075.  2345.
  1.134624  0.0947709084
  90.  10.
  2474388.
  9825.  2220.
  0.397067875  0.0897191539
  90.  20.
  2474388.
  6904.  2255.
  0.279018492  0.0911336467
  90.  30.
  2474388.
  5602.  2461.
  0.226399422  0.0994589403
  90.  40.
  2474388.
  4409.  2473.
  0.178185478  0.0999439061
  90.  50.
  2474388.
  5168.  3547.
  0.208859727  0.143348575
  90.  60.
  2474388.
  2477.  1850.
  0.100105561  0.0747659653
  90.  70.
  2474388.
  2060.  1636.
  0.0832529068  0.0661173612
  90.  80.
  2474388.
  1752.  1402.
  0.0708053857  0.0566604771
  90.  90.
  2474388.
  1170.  1078.
  0.0472844206  0.0435663275
  90.  100.
  2474388.
  570.  554.
  0.0230359994  0.0223893747
  100.  0.
  2474388.
  101742.  9932.
  4.11180449  0.401392192
  100.  10.
  2474388.
  36515.  8609.
  1.4757185  0.347924411
  100.  20.
  2474388.
  25423.  9377.
  1.02744603  0.378962398
  100.  30.
  2474388.
  19282.  10251.
  0.779263377  0.414284259
  100.  40.
  2474388.
  15223.  10432.
  0.615222812  0.421599209
  100.  50.
  2474388.
  17261.  15540.
  0.697586656  0.628034055
  100.  60.
  2474388.
  8178.  8838.
  0.330505967  0.357179224
  100.  70.
  2474388.
  6130.  7441.
  0.247738034  0.300720811
  100.  80.
  2474388.
  4232.  5466.
  0.17103219  0.220903113
  100.  90.
  2474388.
  2577.  3347.
  0.104146965  0.135265768
  100.  100.
  2474388.
  1089.  1229.
  0.0440108813  0.0496688485
