  0.  0.
  2550758.
  1312894.  2217.
  51.4707375  0.086915344
  0.  10.
  2550758.
  88663.  481.
  3.47594714  0.0188571401
  0.  20.
  2550758.
  40046.  278.
  1.56996465  0.0108987214
  0.  30.
  2550758.
  36983.  267.
  1.44988275  0.0104674771
  0.  40.
  2550758.
  26623.  249.
  1.04372895  0.00976180378
  0.  50.
  2550758.
  26350.  221.
  1.03302622  0.00866409112
  0.  60.
  2550758.
  18397.  178.
  0.721236587  0.00697831763
  0.  70.
  2550758.
  14180.  143.
  0.55591321  0.0056061768
  0.  80.
  2550758.
  16418.  143.
  0.643651783  0.0056061768
  0.  90.
  2550758.
  17811.  199.
  0.698263049  0.00780160259
  0.  100.
  2550758.
  31805.  332.
  1.24688423  0.0130157387
  10.  0.
  2550758.
  70378.  622.
  2.75910139  0.0243849084
  10.  10.
  2550758.
  14029.  335.
  0.549993396  0.0131333508
  10.  20.
  2550758.
  5205.  156.
  0.204056993  0.00611582911
  10.  30.
  2550758.
  4695.  160.
  0.184062928  0.0062726452
  10.  40.
  2550758.
  3405.  173.
  0.133489728  0.00678229751
  10.  50.
  2550758.
  2639.  174.
  0.10345944  0.00682150153
  10.  60.
  2550758.
  2186.  146.
  0.0857000127  0.00572378887
  10.  70.
  2550758.
  1486.  113.
  0.0582571924  0.00443005562
  10.  80.
  2550758.
  1884.  161.
  0.0738603994  0.00631184923
  10.  90.
  2550758.
  2079.  184.
  0.0815051869  0.00721354224
  10.  100.
  2550758.
  3247.  262.
  0.127295494  0.010271457
  20.  0.
  2550758.
  34415.  491.
  1.34920681  0.0192491803
  20.  10.
  2550758.
  7552.  219.
  0.296068847  0.00858568307
  20.  20.
  2550758.
  3315.  144.
  0.129961371  0.00564538082
  20.  30.
  2550758.
  2508.  136.
  0.0983237103  0.00533174863
  20.  40.
  2550758.
  1707.  150.
  0.0669212863  0.00588060496
  20.  50.
  2550758.
  1607.  155.
  0.0630008802  0.00607662508
  20.  60.
  2550758.
  1069.  114.
  0.0419091098  0.00446925964
  20.  70.
  2550758.
  749.  88.
  0.0293638203  0.00344995479
  20.  80.
  2550758.
  810.  122.
  0.0317552648  0.00478289183
  20.  90.
  2550758.
  843.  147.
  0.0330489986  0.00576299289
  20.  100.
  2550758.
  1236.  195.
  0.0484561846  0.0076447865
  30.  0.
  2550758.
  33995.  563.
  1.33274114  0.02207187
  30.  10.
  2550758.
  8388.  306.
  0.328843415  0.0119964341
  30.  20.
  2550758.
  3511.  204.
  0.137645364  0.00799762271
  30.  30.
  2550758.
  3187.  246.
  0.124943249  0.00964419171
  30.  40.
  2550758.
  1900.  207.
  0.0744876638  0.00811523478
  30.  50.
  2550758.
  1612.  207.
  0.0631968975  0.00811523478
  30.  60.
  2550758.
  1291.  175.
  0.0506124049  0.00686070556
  30.  70.
  2550758.
  751.  115.
  0.0294422284  0.00450846367
  30.  80.
  2550758.
  937.  174.
  0.0367341787  0.00682150153
  30.  90.
  2550758.
  898.  211.
  0.0352052227  0.00827205088
  30.  100.
  2550758.
  1113.  260.
  0.0436340868  0.010193048
  40.  0.
  2550758.
  29760.  607.
  1.16671205  0.0237968471
  40.  10.
  2550758.
  7253.  347.
  0.284346849  0.013603799
  40.  20.
  2550758.
  3188.  222.
  0.124982454  0.00870329514
  40.  30.
  2550758.
  2791.  236.
  0.109418452  0.00925215147
  40.  40.
  2550758.
  1848.  227.
  0.0724490508  0.00889931526
  40.  50.
  2550758.
  1450.  235.
  0.0568458475  0.00921294745
  40.  60.
  2550758.
  1077.  214.
  0.042222742  0.00838966295
  40.  70.
  2550758.
  675.  129.
  0.0264627226  0.00505732
  40.  80.
  2550758.
  762.  194.
  0.0298734736  0.00760558248
  40.  90.
  2550758.
  699.  186.
  0.0274036191  0.00729195029
  40.  100.
  2550758.
  977.  301.
  0.0383023396  0.011800414
  50.  0.
  2550758.
  36493.  965.
  1.43067276  0.0378318913
  50.  10.
  2550758.
  7798.  531.
  0.305713058  0.0208173413
  50.  20.
  2550758.
  3946.  395.
  0.154699117  0.0154855931
  50.  30.
  2550758.
  3051.  394.
  0.119611502  0.0154463891
  50.  40.
  2550758.
  2150.  324.
  0.0842886716  0.0127021065
  50.  50.
  2550758.
  2044.  419.
  0.0801330432  0.0164264906
  50.  60.
  2550758.
  1213.  280.
  0.047554493  0.0109771295
  50.  70.
  2550758.
  886.  211.
  0.0347347744  0.00827205088
  50.  80.
  2550758.
  713.  259.
  0.0279524755  0.010153844
  50.  90.
  2550758.
  694.  238.
  0.0272075981  0.00933055952
  50.  100.
  2550758.
  875.  385.
  0.0343035273  0.0150935529
  60.  0.
  2550758.
  26895.  695.
  1.05439246  0.027246803
  60.  10.
  2550758.
  6669.  497.
  0.261451691  0.0194844045
  60.  20.
  2550758.
  3032.  351.
  0.11886663  0.0137606151
  60.  30.
  2550758.
  2813.  400.
  0.110280946  0.0156816132
  60.  40.
  2550758.
  1890.  343.
  0.0740956217  0.0134469829
  60.  50.
  2550758.
  1632.  362.
  0.0639809817  0.0141918594
  60.  60.
  2550758.
  1113.  320.
  0.0436340868  0.0125452904
  60.  70.
  2550758.
  787.  270.
  0.0308535732  0.0105850892
  60.  80.
  2550758.
  768.  319.
  0.0301086977  0.0125060864
  60.  90.
  2550758.
  633.  293.
  0.0248161536  0.0114867818
  60.  100.
  2550758.
  623.  335.
  0.0244241115  0.0131333508
  70.  0.
  2550758.
  26285.  735.
  1.030478  0.028814964
  70.  10.
  2550758.
  5868.  532.
  0.230049267  0.0208565462
  70.  20.
  2550758.
  2950.  420.
  0.115651898  0.0164656937
  70.  30.
  2550758.
  2504.  434.
  0.0981668979  0.01701455
  70.  40.
  2550758.
  1748.  418.
  0.0685286522  0.0163872857
  70.  50.
  2550758.
  1557.  425.
  0.0610406771  0.0166617148
  70.  60.
  2550758.
  1020.  322.
  0.0399881117  0.0126236985
  70.  70.
  2550758.
  695.  292.
  0.027246803  0.0114475777
  70.  80.
  2550758.
  629.  276.
  0.0246593375  0.0108203134
  70.  90.
  2550758.
  510.  295.
  0.0199940559  0.0115651898
  70.  100.
  2550758.
  462.  319.
  0.0181122627  0.0125060864
  80.  0.
  2550758.
  29133.  892.
  1.14213109  0.0349699967
  80.  10.
  2550758.
  8044.  703.
  0.315357238  0.0275604352
  80.  20.
  2550758.
  3537.  572.
  0.138664663  0.0224247072
  80.  30.
  2550758.
  3181.  552.
  0.124708027  0.0216406267
  80.  40.
  2550758.
  2257.  613.
  0.088483505  0.0240320712
  80.  50.
  2550758.
  1719.  592.
  0.0673917308  0.0232087877
  80.  60.
  2550758.
  1181.  506.
  0.0462999642  0.0198372398
  80.  70.
  2550758.
  785.  374.
  0.0307751652  0.0146623086
  80.  80.
  2550758.
  852.  432.
  0.0334018357  0.016936142
  80.  90.
  2550758.
  764.  424.
  0.0299518816  0.0166225098
  80.  100.
  2550758.
  539.  471.
  0.0211309735  0.0184650999
  90.  0.
  2550758.
  36412.  1282.
  1.42749727  0.0502595715
  90.  10.
  2550758.
  11310.  1143.
  0.443397611  0.0448102094
  90.  20.
  2550758.
  5261.  920.
  0.206252411  0.0360677093
  90.  30.
  2550758.
  4791.  1133.
  0.187826514  0.0444181673
  90.  40.
  2550758.
  3226.  1002.
  0.126472205  0.0392824411
  90.  50.
  2550758.
  2522.  1042.
  0.0988725722  0.0408506021
  90.  60.
  2550758.
  1836.  939.
  0.0719786063  0.0368125848
  90.  70.
  2550758.
  1115.  706.
  0.0437124968  0.0276780464
  90.  80.
  2550758.
  1157.  797.
  0.0453590676  0.0312456135
  90.  90.
  2550758.
  829.  681.
  0.0325001441  0.0266979467
  90.  100.
  2550758.
  518.  617.
  0.020307688  0.0241888873
  100.  0.
  2550758.
  140584.  6547.
  5.51145983  0.256668806
  100.  10.
  2550758.
  47802.  6302.
  1.87403119  0.247063816
  100.  20.
  2550758.
  23790.  5302.
  0.932663918  0.207859784
  100.  30.
  2550758.
  21192.  6264.
  0.830811858  0.245574057
  100.  40.
  2550758.
  14105.  5768.
  0.552972853  0.226128861
  100.  50.
  2550758.
  10275.  6241.
  0.402821422  0.244672373
  100.  60.
  2550758.
  6974.  4588.
  0.27340892  0.179868102
  100.  70.
  2550758.
  3814.  3558.
  0.149524182  0.139487952
  100.  80.
  2550758.
  3858.  3741.
  0.151249155  0.14666228
  100.  90.
  2550758.
  2605.  3071.
  0.102126502  0.120395586
  100.  100.
  2550758.
  1164.  1853.
  0.0456334949  0.0726450756
