  0.  0.
  16777216.
  16777216.  5116.
  100.  0.0304937363
  0.  10.
  16777216.
  598074.  1103.
  3.56479883  0.00657439232
  0.  20.
  16777216.
  290460.  646.
  1.73127651  0.00385046005
  0.  30.
  16777216.
  187107.  567.
  1.11524463  0.00337958336
  0.  40.
  16777216.
  141492.  565.
  0.84335804  0.00336766243
  0.  50.
  16777216.
  161099.  631.
  0.960224867  0.00376105309
  0.  60.
  16777216.
  76118.  358.
  0.453698635  0.00213384628
  0.  70.
  16777216.
  62662.  300.
  0.373494625  0.00178813934
  0.  80.
  16777216.
  54127.  252.
  0.322622061  0.00150203705
  0.  90.
  16777216.
  48493.  181.
  0.289040804  0.00107884407
  0.  100.
  16777216.
  53459.  152.
  0.318640471  0.000905990601
  10.  0.
  16777216.
  793971.  2608.
  4.73243618  0.0155448914
  10.  10.
  16777216.
  65912.  775.
  0.392866135  0.00461935997
  10.  20.
  16777216.
  29991.  467.
  0.17876029  0.00278353691
  10.  30.
  16777216.
  17950.  353.
  0.106990337  0.00210404396
  10.  40.
  16777216.
  12125.  337.
  0.0722706318  0.00200867653
  10.  50.
  16777216.
  12215.  388.
  0.0728070736  0.00231266022
  10.  60.
  16777216.
  5204.  216.
  0.0310182571  0.00128746033
  10.  70.
  16777216.
  3669.  186.
  0.0218689442  0.00110864639
  10.  80.
  16777216.
  2553.  145.
  0.0152170658  0.000864267349
  10.  90.
  16777216.
  1632.  126.
  0.00972747803  0.000751018524
  10.  100.
  16777216.
  855.  84.
  0.00509619713  0.000500679016
  20.  0.
  16777216.
  516509.  2354.
  3.07863355  0.0140309334
  20.  10.
  16777216.
  49495.  847.
  0.295013189  0.00504851341
  20.  20.
  16777216.
  23246.  498.
  0.138556957  0.00296831131
  20.  30.
  16777216.
  13829.  420.
  0.0824272633  0.00250339508
  20.  40.
  16777216.
  9377.  274.
  0.0558912754  0.00163316727
  20.  50.
  16777216.
  9034.  337.
  0.0538468361  0.00200867653
  20.  60.
  16777216.
  3761.  174.
  0.0224173069  0.00103712082
  20.  70.
  16777216.
  2482.  147.
  0.0147938728  0.000876188278
  20.  80.
  16777216.
  1608.  122.
  0.00958442688  0.000727176666
  20.  90.
  16777216.
  971.  108.
  0.00578761101  0.000643730164
  20.  100.
  16777216.
  420.  95.
  0.00250339508  0.000566244125
  30.  0.
  16777216.
  405905.  2327.
  2.41938233  0.0138700008
  30.  10.
  16777216.
  43629.  971.
  0.260049105  0.00578761101
  30.  20.
  16777216.
  21021.  581.
  0.125294924  0.00346302986
  30.  30.
  16777216.
  12642.  431.
  0.0753521919  0.00256896019
  30.  40.
  16777216.
  8453.  316.
  0.0503838062  0.00188350677
  30.  50.
  16777216.
  8103.  341.
  0.0482976437  0.00203251839
  30.  60.
  16777216.
  3250.  167.
  0.0193715096  0.000995397568
  30.  70.
  16777216.
  1955.  180.
  0.0116527081  0.00107288361
  30.  80.
  16777216.
  1198.  106.
  0.00714063644  0.000631809235
  30.  90.
  16777216.
  725.  75.
  0.00432133675  0.000447034836
  30.  100.
  16777216.
  293.  58.
  0.00174641609  0.00034570694
  40.  0.
  16777216.
  372233.  2638.
  2.21868157  0.0157237053
  40.  10.
  16777216.
  42463.  978.
  0.253099203  0.00582933426
  40.  20.
  16777216.
  20801.  698.
  0.123983622  0.00416040421
  40.  30.
  16777216.
  12307.  486.
  0.0733554363  0.00289678574
  40.  40.
  16777216.
  8381.  358.
  0.0499546528  0.00213384628
  40.  50.
  16777216.
  7945.  412.
  0.0473558903  0.00245571136
  40.  60.
  16777216.
  3023.  203.
  0.0180184841  0.00120997429
  40.  70.
  16777216.
  1871.  161.
  0.011152029  0.000959634781
  40.  80.
  16777216.
  1173.  101.
  0.00699162483  0.000602006912
  40.  90.
  16777216.
  648.  65.
  0.00386238098  0.000387430191
  40.  100.
  16777216.
  305.  51.
  0.00181794167  0.000303983688
  50.  0.
  16777216.
  563907.  4250.
  3.36114764  0.025331974
  50.  10.
  16777216.
  64697.  1989.
  0.38562417  0.0118553638
  50.  20.
  16777216.
  31910.  1283.
  0.190198421  0.00764727592
  50.  30.
  16777216.
  19031.  943.
  0.113433599  0.005620718
  50.  40.
  16777216.
  12623.  669.
  0.0752389431  0.00398755074
  50.  50.
  16777216.
  11897.  713.
  0.0709116459  0.00424981117
  50.  60.
  16777216.
  4554.  305.
  0.0271439552  0.00181794167
  50.  70.
  16777216.
  2696.  244.
  0.0160694122  0.00145435333
  50.  80.
  16777216.
  1672.  175.
  0.00996589661  0.00104308128
  50.  90.
  16777216.
  883.  103.
  0.00526309013  0.000613927841
  50.  100.
  16777216.
  279.  63.
  0.00166296959  0.000375509262
  60.  0.
  16777216.
  320151.  3099.
  1.90824866  0.0184714794
  60.  10.
  16777216.
  44434.  1717.
  0.264847279  0.0102341175
  60.  20.
  16777216.
  22480.  1120.
  0.133991241  0.00667572021
  60.  30.
  16777216.
  13689.  822.
  0.0815927982  0.0048995018
  60.  40.
  16777216.
  9080.  608.
  0.0541210175  0.0036239624
  60.  50.
  16777216.
  8778.  616.
  0.0523209572  0.00367164612
  60.  60.
  16777216.
  3346.  270.
  0.0199437141  0.00160932541
  60.  70.
  16777216.
  2098.  189.
  0.0125050545  0.00112652779
  60.  80.
  16777216.
  1218.  141.
  0.00725984573  0.000840425491
  60.  90.
  16777216.
  672.  74.
  0.00400543213  0.000441074371
  60.  100.
  16777216.
  196.  30.
  0.00116825104  0.000178813934
  70.  0.
  16777216.
  302517.  3565.
  1.80314183  0.0212490559
  70.  10.
  16777216.
  49263.  2260.
  0.293630362  0.0134706497
  70.  20.
  16777216.
  26570.  1594.
  0.158369541  0.00950098038
  70.  30.
  16777216.
  16997.  1308.
  0.101310015  0.00779628754
  70.  40.
  16777216.
  11737.  920.
  0.0699579716  0.00548362732
  70.  50.
  16777216.
  10686.  1065.
  0.0636935234  0.00634789467
  70.  60.
  16777216.
  4177.  452.
  0.0248968601  0.00269412994
  70.  70.
  16777216.
  2434.  287.
  0.0145077705  0.00171065331
  70.  80.
  16777216.
  1424.  206.
  0.00848770142  0.00122785568
  70.  90.
  16777216.
  674.  117.
  0.00401735306  0.000697374344
  70.  100.
  16777216.
  217.  39.
  0.00129342079  0.000232458115
  80.  0.
  16777216.
  309139.  4258.
  1.84261203  0.0253796577
  80.  10.
  16777216.
  57463.  3062.
  0.34250617  0.0182509422
  80.  20.
  16777216.
  31864.  2398.
  0.18992424  0.0142931938
  80.  30.
  16777216.
  20674.  1871.
  0.123226643  0.011152029
  80.  40.
  16777216.
  13803.  1465.
  0.0822722912  0.00873208046
  80.  50.
  16777216.
  12273.  1473.
  0.0731527805  0.00877976418
  80.  60.
  16777216.
  4365.  593.
  0.0260174274  0.00353455544
  80.  70.
  16777216.
  2457.  348.
  0.0146448612  0.00207424164
  80.  80.
  16777216.
  1453.  202.
  0.00866055489  0.00120401382
  80.  90.
  16777216.
  741.  101.
  0.00441670418  0.000602006912
  80.  100.
  16777216.
  284.  49.
  0.00169277191  0.000292062759
  90.  0.
  16777216.
  346204.  5526.
  2.06353664  0.0329375267
  90.  10.
  16777216.
  70442.  4106.
  0.419867039  0.0244736671
  90.  20.
  16777216.
  38364.  3374.
  0.228667259  0.0201106071
  90.  30.
  16777216.
  23177.  2487.
  0.138145685  0.0148236752
  90.  40.
  16777216.
  13981.  1805.
  0.0833332539  0.0107586384
  90.  50.
  16777216.
  11133.  1711.
  0.066357851  0.0101983547
  90.  60.
  16777216.
  3774.  599.
  0.0224947929  0.00357031822
  90.  70.
  16777216.
  2084.  332.
  0.012421608  0.00197887421
  90.  80.
  16777216.
  1155.  146.
  0.00688433647  0.000870227814
  90.  90.
  16777216.
  562.  71.
  0.00334978104  0.000423192978
  90.  100.
  16777216.
  168.  41.
  0.00100135803  0.000244379044
  100.  0.
  16777216.
  650568.  9370.
  3.87768745  0.0558495522
  100.  10.
  16777216.
  101866.  6384.
  0.607168674  0.0380516052
  100.  20.
  16777216.
  48506.  4527.
  0.28911829  0.0269830227
  100.  30.
  16777216.
  26019.  3320.
  0.155085325  0.0197887421
  100.  40.
  16777216.
  14552.  2304.
  0.0867366791  0.0137329102
  100.  50.
  16777216.
  10388.  2025.
  0.061917305  0.0120699406
  100.  60.
  16777216.
  3129.  673.
  0.0186502934  0.00401139259
  100.  70.
  16777216.
  1828.  401.
  0.0108957291  0.00239014626
  100.  80.
  16777216.
  1060.  278.
  0.00631809235  0.00165700912
  100.  90.
  16777216.
  582.  130.
  0.00346899033  0.000774860382
  100.  100.
  16777216.
  209.  39.
  0.00124573708  0.000232458115
