  0.  0.
  1146878.
  136597.  780.
  11.9103336  0.0680107176
  0.  10.
  1146878.
  3267.  8.
  0.284860283  0.000697545882
  0.  20.
  1146878.
  2313.  6.
  0.201677948  0.000523159397
  0.  30.
  1146878.
  1816.  2.
  0.158342913  0.00017438647
  0.  40.
  1146878.
  1701.  8.
  0.148315683  0.000697545882
  0.  50.
  1146878.
  2387.  7.
  0.20813024  0.00061035261
  0.  60.
  1146878.
  1574.  4.
  0.137242153  0.000348772941
  0.  70.
  1146878.
  1491.  2.
  0.130005106  0.00017438647
  0.  80.
  1146878.
  1684.  5.
  0.146833405  0.000435966154
  0.  90.
  1146878.
  2129.  7.
  0.18563439  0.00061035261
  0.  100.
  1146878.
  3765.  11.
  0.328282505  0.00095912558
  10.  0.
  1146878.
  47873.  728.
  4.17420149  0.0634766743
  10.  10.
  1146878.
  1826.  10.
  0.159214839  0.000871932309
  10.  20.
  1146878.
  1287.  11.
  0.112217687  0.00095912558
  10.  30.
  1146878.
  1017.  2.
  0.0886755139  0.00017438647
  10.  40.
  1146878.
  846.  2.
  0.0737654716  0.00017438647
  10.  50.
  1146878.
  1252.  15.
  0.109165929  0.00130789843
  10.  60.
  1146878.
  718.  3.
  0.0626047403  0.000261579698
  10.  70.
  1146878.
  776.  1.
  0.0676619485  8.71932352E-05
  10.  80.
  1146878.
  808.  2.
  0.0704521313  0.00017438647
  10.  90.
  1146878.
  1042.  5.
  0.0908553451  0.000435966154
  10.  100.
  1146878.
  1899.  9.
  0.165579945  0.000784739095
  20.  0.
  1146878.
  39537.  717.
  3.44735885  0.0625175461
  20.  10.
  1146878.
  1919.  19.
  0.167323813  0.0016566714
  20.  20.
  1146878.
  1287.  9.
  0.112217687  0.000784739095
  20.  30.
  1146878.
  997.  7.
  0.0869316533  0.00061035261
  20.  40.
  1146878.
  832.  6.
  0.0725447685  0.000523159397
  20.  50.
  1146878.
  1134.  5.
  0.0988771245  0.000435966154
  20.  60.
  1146878.
  712.  3.
  0.0620815828  0.000261579698
  20.  70.
  1146878.
  670.  4.
  0.058419466  0.000348772941
  20.  80.
  1146878.
  728.  5.
  0.0634766743  0.000435966154
  20.  90.
  1146878.
  867.  2.
  0.0755965337  0.00017438647
  20.  100.
  1146878.
  1687.  13.
  0.14709498  0.00113351201
  30.  0.
  1146878.
  34864.  734.
  3.03990483  0.0639998317
  30.  10.
  1146878.
  2238.  29.
  0.195138454  0.00252860365
  30.  20.
  1146878.
  1390.  11.
  0.121198595  0.00095912558
  30.  30.
  1146878.
  1077.  10.
  0.0939071104  0.000871932309
  30.  40.
  1146878.
  933.  8.
  0.0813512877  0.000697545882
  30.  50.
  1146878.
  1140.  3.
  0.0994002819  0.000261579698
  30.  60.
  1146878.
  755.  6.
  0.0658308938  0.000523159397
  30.  70.
  1146878.
  656.  8.
  0.0571987592  0.000697545882
  30.  80.
  1146878.
  731.  4.
  0.0637382492  0.000348772941
  30.  90.
  1146878.
  848.  2.
  0.0739398599  0.00017438647
  30.  100.
  1146878.
  1661.  5.
  0.144827962  0.000435966154
  40.  0.
  1146878.
  35574.  809.
  3.10181212  0.0705393255
  40.  10.
  1146878.
  2607.  27.
  0.227312759  0.00235421723
  40.  20.
  1146878.
  1657.  9.
  0.144479185  0.000784739095
  40.  30.
  1146878.
  1284.  7.
  0.111956112  0.00061035261
  40.  40.
  1146878.
  993.  8.
  0.0865828767  0.000697545882
  40.  50.
  1146878.
  1368.  10.
  0.119280338  0.000871932309
  40.  60.
  1146878.
  756.  4.
  0.0659180805  0.000348772941
  40.  70.
  1146878.
  737.  5.
  0.0642614141  0.000435966154
  40.  80.
  1146878.
  813.  9.
  0.0708880946  0.000784739095
  40.  90.
  1146878.
  940.  8.
  0.0819616392  0.000697545882
  40.  100.
  1146878.
  1804.  11.
  0.157296598  0.00095912558
  50.  0.
  1146878.
  58247.  1458.
  5.07874441  0.127127737
  50.  10.
  1146878.
  5224.  96.
  0.455497444  0.00837055035
  50.  20.
  1146878.
  3140.  45.
  0.273786753  0.00392369553
  50.  30.
  1146878.
  2390.  29.
  0.20839183  0.00252860365
  50.  40.
  1146878.
  1912.  22.
  0.166713461  0.00191825116
  50.  50.
  1146878.
  2425.  38.
  0.211443588  0.00331334281
  50.  60.
  1146878.
  1413.  18.
  0.123204038  0.00156947819
  50.  70.
  1146878.
  1371.  22.
  0.119541921  0.00191825116
  50.  80.
  1146878.
  1481.  14.
  0.12913318  0.00122070522
  50.  90.
  1146878.
  1793.  19.
  0.15633747  0.0016566714
  50.  100.
  1146878.
  3549.  30.
  0.309448779  0.00261579687
  60.  0.
  1146878.
  41885.  1227.
  3.65208864  0.106986098
  60.  10.
  1146878.
  3957.  123.
  0.345023632  0.010724768
  60.  20.
  1146878.
  2237.  59.
  0.195051268  0.00514440052
  60.  30.
  1146878.
  1662.  28.
  0.144915149  0.00244141044
  60.  40.
  1146878.
  1347.  27.
  0.117449284  0.00235421723
  60.  50.
  1146878.
  1700.  40.
  0.148228496  0.00348772923
  60.  60.
  1146878.
  903.  25.
  0.0787354857  0.0021798308
  60.  70.
  1146878.
  865.  16.
  0.0754221454  0.00139509176
  60.  80.
  1146878.
  936.  13.
  0.0816128626  0.00113351201
  60.  90.
  1146878.
  1061.  22.
  0.092512019  0.00191825116
  60.  100.
  1146878.
  2114.  38.
  0.1843265  0.00331334281
  70.  0.
  1146878.
  48575.  1666.
  4.23541117  0.145263925
  70.  10.
  1146878.
  4921.  147.
  0.429077893  0.0128174052
  70.  20.
  1146878.
  2675.  81.
  0.233241901  0.00706265168
  70.  30.
  1146878.
  1842.  60.
  0.160609931  0.00523159374
  70.  40.
  1146878.
  1446.  52.
  0.126081407  0.00453404803
  70.  50.
  1146878.
  1960.  69.
  0.170898736  0.00601633312
  70.  60.
  1146878.
  1060.  36.
  0.0924248248  0.00313895638
  70.  70.
  1146878.
  974.  24.
  0.0849262103  0.00209263759
  70.  80.
  1146878.
  1018.  34.
  0.088762708  0.00296456995
  70.  90.
  1146878.
  1047.  28.
  0.0912913159  0.00244141044
  70.  100.
  1146878.
  2065.  41.
  0.180054024  0.00357492245
  80.  0.
  1146878.
  60187.  2264.
  5.24789906  0.197405472
  80.  10.
  1146878.
  6729.  276.
  0.586723268  0.0240653325
  80.  20.
  1146878.
  3601.  138.
  0.313982844  0.0120326662
  80.  30.
  1146878.
  2557.  106.
  0.222953096  0.00924248248
  80.  40.
  1146878.
  1928.  88.
  0.168108553  0.00767300464
  80.  50.
  1146878.
  2162.  124.
  0.188511774  0.0108119613
  80.  60.
  1146878.
  1241.  55.
  0.108206801  0.00479562767
  80.  70.
  1146878.
  1197.  53.
  0.104370296  0.00462124124
  80.  80.
  1146878.
  1131.  37.
  0.0986155495  0.00322614959
  80.  90.
  1146878.
  1156.  47.
  0.100795373  0.00409808196
  80.  100.
  1146878.
  1947.  69.
  0.169765219  0.00601633312
  90.  0.
  1146878.
  90833.  3514.
  7.92002296  0.306397021
  90.  10.
  1146878.
  12828.  653.
  1.11851478  0.0569371805
  90.  20.
  1146878.
  6734.  336.
  0.587159216  0.0292969253
  90.  30.
  1146878.
  4425.  237.
  0.385830045  0.0206647962
  90.  40.
  1146878.
  3294.  165.
  0.287214518  0.014386883
  90.  50.
  1146878.
  3674.  191.
  0.320347935  0.0166539066
  90.  60.
  1146878.
  1850.  118.
  0.161307484  0.010288801
  90.  70.
  1146878.
  1784.  120.
  0.15555273  0.0104631875
  90.  80.
  1146878.
  1715.  110.
  0.149536401  0.00959125534
  90.  90.
  1146878.
  1829.  103.
  0.159476429  0.00898090284
  90.  100.
  1146878.
  2560.  118.
  0.223214671  0.010288801
  100.  0.
  1146878.
  181708.  6655.
  15.843708  0.580270946
  100.  10.
  1146878.
  38334.  1984.
  3.3424654  0.17299138
  100.  20.
  1146878.
  21805.  1265.
  1.90124846  0.110299438
  100.  30.
  1146878.
  15963.  955.
  1.39186561  0.0832695365
  100.  40.
  1146878.
  12582.  809.
  1.09706521  0.0705393255
  100.  50.
  1146878.
  15208.  1101.
  1.32603467  0.0959997475
  100.  60.
  1146878.
  8311.  633.
  0.72466296  0.0551933162
  100.  70.
  1146878.
  7534.  569.
  0.656913817  0.0496129505
  100.  80.
  1146878.
  7251.  562.
  0.63223815  0.0490025952
  100.  90.
  1146878.
  6911.  629.
  0.602592409  0.0548445433
  100.  100.
  1146878.
  8877.  697.
  0.774014354  0.0607736818
