  0.  0.
  2443840.
  1129353.  3002.
  46.2122307  0.122839466
  0.  10.
  2443840.
  128174.  828.
  5.24477863  0.0338811055
  0.  20.
  2443840.
  70835.  609.
  2.89851213  0.0249197986
  0.  30.
  2443840.
  48457.  440.
  1.98282206  0.0180044528
  0.  40.
  2443840.
  35956.  364.
  1.47129107  0.0148945926
  0.  50.
  2443840.
  39958.  356.
  1.6350497  0.0145672383
  0.  60.
  2443840.
  19816.  188.
  0.810855031  0.00769281154
  0.  70.
  2443840.
  17101.  186.
  0.699759424  0.00761097297
  0.  80.
  2443840.
  14815.  133.
  0.6062181  0.00544225471
  0.  90.
  2443840.
  12760.  102.
  0.522129118  0.00417375937
  0.  100.
  2443840.
  10458.  66.
  0.427933097  0.00270066783
  10.  0.
  2443840.
  81930.  1053.
  3.35251069  0.0430879258
  10.  10.
  2443840.
  20990.  567.
  0.858894229  0.0232011918
  10.  20.
  2443840.
  10284.  326.
  0.420813143  0.013339662
  10.  30.
  2443840.
  6614.  285.
  0.270639658  0.0116619747
  10.  40.
  2443840.
  4766.  256.
  0.195020944  0.0104753179
  10.  50.
  2443840.
  5158.  261.
  0.211061284  0.0106799137
  10.  60.
  2443840.
  2499.  166.
  0.102257103  0.00679258863
  10.  70.
  2443840.
  2135.  141.
  0.0873625129  0.00576960854
  10.  80.
  2443840.
  1584.  115.
  0.0648160279  0.00470570894
  10.  90.
  2443840.
  1396.  92.
  0.0571232177  0.0037645672
  10.  100.
  2443840.
  1016.  63.
  0.0415739156  0.0025779102
  20.  0.
  2443840.
  50013.  898.
  2.04649234  0.0367454514
  20.  10.
  2443840.
  15547.  530.
  0.636170924  0.0216871817
  20.  20.
  2443840.
  7708.  425.
  0.31540525  0.0173906647
  20.  30.
  2443840.
  4523.  339.
  0.185077578  0.013871612
  20.  40.
  2443840.
  3226.  273.
  0.132005364  0.0111709442
  20.  50.
  2443840.
  3341.  300.
  0.136711076  0.0122757629
  20.  60.
  2443840.
  1509.  147.
  0.0617470853  0.0060151238
  20.  70.
  2443840.
  1123.  127.
  0.0459522717  0.00519673945
  20.  80.
  2443840.
  973.  85.
  0.0398143902  0.00347813289
  20.  90.
  2443840.
  890.  60.
  0.0364180952  0.00245515257
  20.  100.
  2443840.
  620.  63.
  0.0253699105  0.0025779102
  30.  0.
  2443840.
  38296.  858.
  1.56704199  0.0351086818
  30.  10.
  2443840.
  13743.  632.
  0.562352717  0.025860941
  30.  20.
  2443840.
  6961.  448.
  0.284838617  0.0183318052
  30.  30.
  2443840.
  4163.  424.
  0.170346662  0.0173497442
  30.  40.
  2443840.
  2757.  309.
  0.112814263  0.0126440357
  30.  50.
  2443840.
  2866.  355.
  0.117274456  0.0145263197
  30.  60.
  2443840.
  1256.  169.
  0.0513945259  0.00691534625
  30.  70.
  2443840.
  945.  104.
  0.0386686511  0.00425559795
  30.  80.
  2443840.
  688.  108.
  0.0281524155  0.00441927463
  30.  90.
  2443840.
  592.  44.
  0.0242241714  0.00180044526
  30.  100.
  2443840.
  347.  60.
  0.0141989654  0.00245515257
  40.  0.
  2443840.
  30690.  967.
  1.2558105  0.039568875
  40.  10.
  2443840.
  12194.  728.
  0.49896884  0.0297891852
  40.  20.
  2443840.
  6479.  535.
  0.265115559  0.0218917765
  40.  30.
  2443840.
  3804.  446.
  0.155656666  0.0182499681
  40.  40.
  2443840.
  2579.  404.
  0.105530642  0.0165313613
  40.  50.
  2443840.
  2433.  413.
  0.0995564386  0.0168996342
  40.  60.
  2443840.
  1146.  198.
  0.0468934141  0.00810200348
  40.  70.
  2443840.
  804.  132.
  0.0328990445  0.00540133566
  40.  80.
  2443840.
  605.  90.
  0.0247561224  0.00368272886
  40.  90.
  2443840.
  417.  65.
  0.0170633104  0.00265974854
  40.  100.
  2443840.
  274.  51.
  0.0112118637  0.00208687969
  50.  0.
  2443840.
  39768.  1567.
  1.62727511  0.064120397
  50.  10.
  2443840.
  16263.  1404.
  0.66546911  0.0574505702
  50.  20.
  2443840.
  9522.  966.
  0.389632702  0.0395279564
  50.  30.
  2443840.
  5468.  801.
  0.22374624  0.032776285
  50.  40.
  2443840.
  3802.  735.
  0.155574828  0.030075619
  50.  50.
  2443840.
  3684.  753.
  0.15074636  0.0308121648
  50.  60.
  2443840.
  1560.  406.
  0.0638339669  0.0166131984
  50.  70.
  2443840.
  1094.  302.
  0.044765614  0.012357601
  50.  80.
  2443840.
  753.  208.
  0.0308121648  0.00851119589
  50.  90.
  2443840.
  572.  170.
  0.0234057885  0.00695626577
  50.  100.
  2443840.
  363.  92.
  0.0148536731  0.0037645672
  60.  0.
  2443840.
  24153.  1202.
  0.988321662  0.0491848886
  60.  10.
  2443840.
  10202.  1113.
  0.417457759  0.0455430783
  60.  20.
  2443840.
  6143.  787.
  0.251366705  0.0322034173
  60.  30.
  2443840.
  3833.  669.
  0.156843334  0.0273749512
  60.  40.
  2443840.
  2402.  519.
  0.09828794  0.0212370697
  60.  50.
  2443840.
  2283.  575.
  0.0934185535  0.0235285461
  60.  60.
  2443840.
  916.  311.
  0.0374819972  0.0127258739
  60.  70.
  2443840.
  665.  217.
  0.027211275  0.00887946878
  60.  80.
  2443840.
  455.  153.
  0.018618241  0.00626063906
  60.  90.
  2443840.
  283.  112.
  0.0115801366  0.00458295131
  60.  100.
  2443840.
  166.  58.
  0.00679258863  0.00237331423
  70.  0.
  2443840.
  23754.  1119.
  0.971994877  0.0457885936
  70.  10.
  2443840.
  10078.  1178.
  0.412383795  0.0482028276
  70.  20.
  2443840.
  6227.  1005.
  0.254803926  0.0411238037
  70.  30.
  2443840.
  3878.  830.
  0.158684686  0.0339629427
  70.  40.
  2443840.
  2545.  625.
  0.104139388  0.0255745053
  70.  50.
  2443840.
  2206.  717.
  0.0902677774  0.0293390732
  70.  60.
  2443840.
  909.  371.
  0.0371955596  0.0151810264
  70.  70.
  2443840.
  646.  294.
  0.0264338087  0.0120302476
  70.  80.
  2443840.
  433.  188.
  0.0177180171  0.00769281154
  70.  90.
  2443840.
  283.  118.
  0.0115801366  0.00482846657
  70.  100.
  2443840.
  136.  58.
  0.00556501234  0.00237331423
  80.  0.
  2443840.
  25620.  1210.
  1.0483501  0.0495122448
  80.  10.
  2443840.
  11286.  1384.
  0.461814195  0.0566321872
  80.  20.
  2443840.
  7168.  1209.
  0.293308884  0.0494713224
  80.  30.
  2443840.
  4542.  1023.
  0.185855046  0.0418603495
  80.  40.
  2443840.
  2899.  861.
  0.118624784  0.0352314375
  80.  50.
  2443840.
  2604.  1012.
  0.106553622  0.0414102413
  80.  60.
  2443840.
  992.  447.
  0.0405918546  0.0182908867
  80.  70.
  2443840.
  653.  347.
  0.0267202444  0.0141989654
  80.  80.
  2443840.
  384.  224.
  0.0157129765  0.00916590262
  80.  90.
  2443840.
  221.  142.
  0.00904314499  0.0058105276
  80.  100.
  2443840.
  116.  67.
  0.00474662846  0.00274158712
  90.  0.
  2443840.
  31012.  1564.
  1.26898646  0.0639976412
  90.  10.
  2443840.
  14518.  1665.
  0.59406507  0.0681304857
  90.  20.
  2443840.
  9285.  1611.
  0.379934847  0.0659208447
  90.  30.
  2443840.
  5960.  1540.
  0.243878484  0.0630155802
  90.  40.
  2443840.
  4082.  1284.
  0.167032212  0.052540265
  90.  50.
  2443840.
  3322.  1608.
  0.135933608  0.0657980889
  90.  60.
  2443840.
  1200.  840.
  0.0491030514  0.034372136
  90.  70.
  2443840.
  743.  524.
  0.0304029733  0.0214416664
  90.  80.
  2443840.
  394.  340.
  0.0161221679  0.0139125315
  90.  90.
  2443840.
  206.  144.
  0.00842935685  0.00589236617
  90.  100.
  2443840.
  126.  55.
  0.0051558204  0.0022505566
  100.  0.
  2443840.
  59438.  4062.
  2.43215585  0.166213825
  100.  10.
  2443840.
  30407.  4773.
  1.24423039  0.195307389
  100.  20.
  2443840.
  20299.  4766.
  0.830619037  0.195020944
  100.  30.
  2443840.
  14018.  4853.
  0.573605478  0.198580921
  100.  40.
  2443840.
  9356.  4264.
  0.382840127  0.174479514
  100.  50.
  2443840.
  8269.  5345.
  0.338360935  0.218713179
  100.  60.
  2443840.
  2931.  2540.
  0.119934201  0.103934795
  100.  70.
  2443840.
  1722.  1901.
  0.0704628751  0.0777874142
  100.  80.
  2443840.
  961.  1135.
  0.0393233597  0.0464433022
  100.  90.
  2443840.
  497.  474.
  0.0203368478  0.0193957053
  100.  100.
  2443840.
  239.  135.
  0.00977969076  0.00552409329
