  0.  0.
  2459114.
  1126575.  3403.
  45.812233  0.13838318
  0.  10.
  2459114.
  121317.  836.
  4.93336201  0.0339959823
  0.  20.
  2459114.
  67732.  629.
  2.75432539  0.0255783182
  0.  30.
  2459114.
  47320.  469.
  1.92427027  0.0190719105
  0.  40.
  2459114.
  35678.  396.
  1.45084774  0.0161033608
  0.  50.
  2459114.
  39970.  441.
  1.62538218  0.0179332886
  0.  60.
  2459114.
  20201.  231.
  0.821474731  0.00939362682
  0.  70.
  2459114.
  17231.  178.
  0.700699508  0.00723837921
  0.  80.
  2459114.
  15242.  165.
  0.61981672  0.00670973351
  0.  90.
  2459114.
  13376.  149.
  0.543935716  0.00605909294
  0.  100.
  2459114.
  10852.  118.
  0.441297144  0.00479847612
  10.  0.
  2459114.
  80542.  1410.
  3.27524471  0.0573377237
  10.  10.
  2459114.
  19742.  537.
  0.802809477  0.0218371339
  10.  20.
  2459114.
  9834.  399.
  0.399900138  0.0162253566
  10.  30.
  2459114.
  6444.  304.
  0.262045592  0.0123621756
  10.  40.
  2459114.
  4796.  267.
  0.195029587  0.0108575691
  10.  50.
  2459114.
  5391.  275.
  0.219225302  0.0111828893
  10.  60.
  2459114.
  2840.  147.
  0.115488753  0.00597776286
  10.  70.
  2459114.
  2208.  134.
  0.0897884369  0.00544911716
  10.  80.
  2459114.
  1659.  118.
  0.0674633235  0.00479847612
  10.  90.
  2459114.
  1324.  85.
  0.0538405292  0.00345652946
  10.  100.
  2459114.
  1082.  74.
  0.0439995863  0.00300921383
  20.  0.
  2459114.
  49792.  1196.
  2.02479434  0.0486354046
  20.  10.
  2459114.
  14654.  579.
  0.595905662  0.0235450659
  20.  20.
  2459114.
  7232.  417.
  0.294089645  0.0169573277
  20.  30.
  2459114.
  4512.  341.
  0.18348071  0.0138667831
  20.  40.
  2459114.
  3166.  263.
  0.128745556  0.0106949089
  20.  50.
  2459114.
  3356.  311.
  0.136471912  0.0126468316
  20.  60.
  2459114.
  1535.  160.
  0.0624208562  0.00650640856
  20.  70.
  2459114.
  1253.  122.
  0.05095331  0.00496113626
  20.  80.
  2459114.
  1047.  126.
  0.0425763093  0.00512379641
  20.  90.
  2459114.
  772.  81.
  0.03139342  0.00329386932
  20.  100.
  2459114.
  581.  47.
  0.0236263964  0.00191125751
  30.  0.
  2459114.
  37873.  1109.
  1.54010749  0.0450975448
  30.  10.
  2459114.
  13475.  762.
  0.547961593  0.0309867691
  30.  20.
  2459114.
  6801.  493.
  0.276563019  0.0200478714
  30.  30.
  2459114.
  4160.  401.
  0.169166625  0.0163066853
  30.  40.
  2459114.
  2743.  329.
  0.111544237  0.0133788027
  30.  50.
  2459114.
  2622.  323.
  0.106623769  0.013134812
  30.  60.
  2459114.
  1179.  188.
  0.0479440987  0.00764503004
  30.  70.
  2459114.
  913.  148.
  0.0371271931  0.00601842767
  30.  80.
  2459114.
  786.  116.
  0.03196273  0.00471714605
  30.  90.
  2459114.
  621.  59.
  0.0252529979  0.00239923806
  30.  100.
  2459114.
  376.  67.
  0.0152900601  0.00272455858
  40.  0.
  2459114.
  31977.  1223.
  1.30034637  0.0497333594
  40.  10.
  2459114.
  11781.  909.
  0.479074985  0.036964532
  40.  20.
  2459114.
  6236.  608.
  0.253587276  0.0247243512
  40.  30.
  2459114.
  3807.  524.
  0.154811859  0.0213084873
  40.  40.
  2459114.
  2580.  424.
  0.104915835  0.0172419827
  40.  50.
  2459114.
  2438.  422.
  0.0991413966  0.0171606522
  40.  60.
  2459114.
  1006.  198.
  0.0409090444  0.0080516804
  40.  70.
  2459114.
  772.  142.
  0.03139342  0.00577443745
  40.  80.
  2459114.
  660.  106.
  0.026838934  0.00431049569
  40.  90.
  2459114.
  555.  85.
  0.022569105  0.00345652946
  40.  100.
  2459114.
  314.  54.
  0.0127688264  0.00219591288
  50.  0.
  2459114.
  41178.  1979.
  1.67450559  0.0804761425
  50.  10.
  2459114.
  16189.  1565.
  0.658326507  0.0636408105
  50.  20.
  2459114.
  9217.  1215.
  0.374809802  0.0494080372
  50.  30.
  2459114.
  5583.  953.
  0.227032989  0.0387537964
  50.  40.
  2459114.
  3737.  707.
  0.151965305  0.0287501924
  50.  50.
  2459114.
  3553.  898.
  0.144482926  0.0365172178
  50.  60.
  2459114.
  1478.  412.
  0.0601029471  0.0167540014
  50.  70.
  2459114.
  1096.  343.
  0.0445688963  0.0139481127
  50.  80.
  2459114.
  829.  221.
  0.0337113291  0.00898697693
  50.  90.
  2459114.
  590.  150.
  0.0239923801  0.00609975774
  50.  100.
  2459114.
  354.  91.
  0.0143954288  0.00370051968
  60.  0.
  2459114.
  24168.  1478.
  0.982792974  0.0601029471
  60.  10.
  2459114.
  10167.  1219.
  0.413441598  0.0495706983
  60.  20.
  2459114.
  6096.  1031.
  0.247894153  0.0419256687
  60.  30.
  2459114.
  3706.  842.
  0.150704682  0.0342399739
  60.  40.
  2459114.
  2343.  655.
  0.0952782184  0.0266356096
  60.  50.
  2459114.
  2363.  679.
  0.0960915163  0.0276115704
  60.  60.
  2459114.
  988.  346.
  0.0401770733  0.0140701085
  60.  70.
  2459114.
  680.  242.
  0.0276522357  0.00984094292
  60.  80.
  2459114.
  464.  179.
  0.0188685842  0.00727904448
  60.  90.
  2459114.
  331.  112.
  0.0134601323  0.0045544859
  60.  100.
  2459114.
  192.  79.
  0.00780769018  0.00321253925
  70.  0.
  2459114.
  23664.  1355.
  0.962297797  0.0551011451
  70.  10.
  2459114.
  9962.  1403.
  0.405105263  0.0570530705
  70.  20.
  2459114.
  6339.  1207.
  0.257775754  0.0490827188
  70.  30.
  2459114.
  3871.  950.
  0.157414421  0.0386318006
  70.  40.
  2459114.
  2562.  770.
  0.104183868  0.0313120894
  70.  50.
  2459114.
  2260.  919.
  0.091903016  0.0373711847
  70.  60.
  2459114.
  896.  405.
  0.0364358872  0.0164693464
  70.  70.
  2459114.
  666.  299.
  0.0270829257  0.0121588511
  70.  80.
  2459114.
  451.  219.
  0.0183399394  0.00890564639
  70.  90.
  2459114.
  302.  121.
  0.012280846  0.00492047146
  70.  100.
  2459114.
  181.  49.
  0.00736037455  0.00199258747
  80.  0.
  2459114.
  24757.  1542.
  1.00674474  0.0627055094
  80.  10.
  2459114.
  11238.  1815.
  0.456993848  0.0738070682
  80.  20.
  2459114.
  7042.  1600.
  0.286363304  0.0650640875
  80.  30.
  2459114.
  4550.  1294.
  0.18502599  0.0526205786
  80.  40.
  2459114.
  2887.  1047.
  0.117400005  0.0425763093
  80.  50.
  2459114.
  2490.  1209.
  0.101255983  0.0491640493
  80.  60.
  2459114.
  1029.  492.
  0.0418443382  0.0200072061
  80.  70.
  2459114.
  616.  381.
  0.0250496715  0.0154933846
  80.  80.
  2459114.
  394.  228.
  0.0160220303  0.00927163195
  80.  90.
  2459114.
  231.  120.
  0.00939362682  0.00487980619
  80.  100.
  2459114.
  101.  43.
  0.00410717027  0.00174859725
  90.  0.
  2459114.
  31770.  1997.
  1.29192877  0.0812081099
  90.  10.
  2459114.
  14299.  2251.
  0.581469595  0.091537036
  90.  20.
  2459114.
  9494.  2179.
  0.386074007  0.0886091515
  90.  30.
  2459114.
  6125.  1811.
  0.249073446  0.0736444071
  90.  40.
  2459114.
  4034.  1663.
  0.164042816  0.0676259845
  90.  50.
  2459114.
  3560.  1945.
  0.144767582  0.0790935308
  90.  60.
  2459114.
  1262.  870.
  0.0513192974  0.035378594
  90.  70.
  2459114.
  744.  479.
  0.0302547999  0.0194785595
  90.  80.
  2459114.
  437.  256.
  0.0177706275  0.0104102539
  90.  90.
  2459114.
  224.  145.
  0.0091089718  0.00589643279
  90.  100.
  2459114.
  94.  64.
  0.00382251502  0.00260256347
  100.  0.
  2459114.
  71456.  5742.
  2.90576196  0.233498737
  100.  10.
  2459114.
  33396.  6324.
  1.35805011  0.25716579
  100.  20.
  2459114.
  21629.  6234.
  0.879544437  0.253505945
  100.  30.
  2459114.
  14063.  5775.
  0.571872652  0.234840676
  100.  40.
  2459114.
  9218.  4815.
  0.374850452  0.195802227
  100.  50.
  2459114.
  7903.  5235.
  0.321375906  0.21288155
  100.  60.
  2459114.
  2799.  2325.
  0.113821484  0.0945462435
  100.  70.
  2459114.
  1515.  1470.
  0.0616075546  0.0597776286
  100.  80.
  2459114.
  880.  778.
  0.0357852466  0.0316374116
  100.  90.
  2459114.
  483.  344.
  0.0196412206  0.013988778
  100.  100.
  2459114.
  206.  137.
  0.00837700069  0.00557111204
