  0.  0.
  2550758.
  1176275.  1160.
  46.1147232  0.0454766788
  0.  10.
  2550758.
  71709.  257.
  2.81128192  0.010075436
  0.  20.
  2550758.
  32518.  175.
  1.27483678  0.00686070556
  0.  30.
  2550758.
  30472.  176.
  1.19462526  0.00689990958
  0.  40.
  2550758.
  22113.  140.
  0.866918802  0.00548856473
  0.  50.
  2550758.
  22506.  160.
  0.882325947  0.0062726452
  0.  60.
  2550758.
  15534.  128.
  0.608995438  0.00501811597
  0.  70.
  2550758.
  12201.  108.
  0.478328407  0.0042340355
  0.  80.
  2550758.
  15039.  123.
  0.589589477  0.00482209586
  0.  90.
  2550758.
  16487.  189.
  0.646356881  0.00740956236
  0.  100.
  2550758.
  28737.  321.
  1.12660635  0.0125844944
  10.  0.
  2550758.
  70841.  454.
  2.77725291  0.0177986305
  10.  10.
  2550758.
  11740.  200.
  0.460255355  0.00784080662
  10.  20.
  2550758.
  4478.  95.
  0.175555661  0.00372438319
  10.  30.
  2550758.
  4300.  103.
  0.168577343  0.00403801538
  10.  40.
  2550758.
  2985.  105.
  0.117024034  0.00411642343
  10.  50.
  2550758.
  2746.  105.
  0.107654274  0.00411642343
  10.  60.
  2550758.
  2451.  84.
  0.0960890874  0.0032931387
  10.  70.
  2550758.
  1813.  95.
  0.0710769147  0.00372438319
  10.  80.
  2550758.
  2275.  116.
  0.0891891718  0.00454766769
  10.  90.
  2550758.
  2435.  132.
  0.095461823  0.00517493254
  10.  100.
  2550758.
  3597.  224.
  0.141016901  0.00878170319
  20.  0.
  2550758.
  38205.  403.
  1.4977901  0.0157992244
  20.  10.
  2550758.
  6342.  148.
  0.248631969  0.00580219692
  20.  20.
  2550758.
  3080.  97.
  0.120748423  0.00380279124
  20.  30.
  2550758.
  2417.  106.
  0.0947561488  0.00415562745
  20.  40.
  2550758.
  1691.  67.
  0.0662940219  0.00262667029
  20.  50.
  2550758.
  1855.  106.
  0.0727234781  0.00415562745
  20.  60.
  2550758.
  1246.  69.
  0.0488482229  0.00270507834
  20.  70.
  2550758.
  1127.  67.
  0.044182945  0.00262667029
  20.  80.
  2550758.
  1207.  72.
  0.0473192669  0.00282269041
  20.  90.
  2550758.
  1181.  109.
  0.0462999642  0.00427323952
  20.  100.
  2550758.
  1715.  164.
  0.0672349185  0.0064294613
  30.  0.
  2550758.
  38041.  474.
  1.49136066  0.018582711
  30.  10.
  2550758.
  7289.  201.
  0.285758197  0.00788001064
  30.  20.
  2550758.
  3239.  133.
  0.126981854  0.00521413656
  30.  30.
  2550758.
  2895.  136.
  0.113495678  0.00533174863
  30.  40.
  2550758.
  1998.  130.
  0.07832966  0.00509652402
  30.  50.
  2550758.
  1674.  121.
  0.0656275526  0.00474368781
  30.  60.
  2550758.
  1290.  129.
  0.0505732037  0.00505732
  30.  70.
  2550758.
  975.  103.
  0.0382239334  0.00403801538
  30.  80.
  2550758.
  1098.  145.
  0.0430460274  0.00568458484
  30.  90.
  2550758.
  1104.  152.
  0.0432812534  0.00595901301
  30.  100.
  2550758.
  1473.  190.
  0.0577475391  0.00744876638
  40.  0.
  2550758.
  33701.  610.
  1.32121515  0.0239144601
  40.  10.
  2550758.
  6464.  240.
  0.253414869  0.00940896757
  40.  20.
  2550758.
  2813.  180.
  0.110280946  0.00705672568
  40.  30.
  2550758.
  2696.  178.
  0.10569407  0.00697831763
  40.  40.
  2550758.
  1983.  189.
  0.0777415931  0.00740956236
  40.  50.
  2550758.
  1622.  171.
  0.0635889396  0.00670388946
  40.  60.
  2550758.
  1270.  152.
  0.0497891232  0.00595901301
  40.  70.
  2550758.
  901.  118.
  0.0353228338  0.00462607574
  40.  80.
  2550758.
  963.  163.
  0.0377534851  0.00639025727
  40.  90.
  2550758.
  965.  176.
  0.0378318913  0.00689990958
  40.  100.
  2550758.
  1143.  218.
  0.0448102094  0.00854647905
  50.  0.
  2550758.
  43049.  1138.
  1.68769443  0.0446141884
  50.  10.
  2550758.
  7533.  481.
  0.295323968  0.0188571401
  50.  20.
  2550758.
  3950.  353.
  0.154855922  0.0138390232
  50.  30.
  2550758.
  2992.  313.
  0.117298469  0.0122708622
  50.  40.
  2550758.
  2212.  284.
  0.0867193192  0.0111339455
  50.  50.
  2550758.
  2422.  321.
  0.0949521661  0.0125844944
  50.  60.
  2550758.
  1408.  213.
  0.0551992767  0.00835045893
  50.  70.
  2550758.
  1056.  206.
  0.0413994603  0.00807603076
  50.  80.
  2550758.
  976.  197.
  0.0382631347  0.00772319455
  50.  90.
  2550758.
  964.  216.
  0.0377926864  0.008468071
  50.  100.
  2550758.
  1096.  319.
  0.0429676212  0.0125060864
  60.  0.
  2550758.
  33132.  1037.
  1.298908  0.040654581
  60.  10.
  2550758.
  7211.  519.
  0.28270027  0.020346893
  60.  20.
  2550758.
  3376.  369.
  0.132352814  0.0144662885
  60.  30.
  2550758.
  2921.  356.
  0.114514977  0.0139566353
  60.  40.
  2550758.
  2145.  328.
  0.0840926468  0.0128589226
  60.  50.
  2550758.
  1727.  384.
  0.067705363  0.0150543489
  60.  60.
  2550758.
  1432.  277.
  0.0561401732  0.0108595174
  60.  70.
  2550758.
  946.  236.
  0.0370870158  0.00925215147
  60.  80.
  2550758.
  1069.  276.
  0.0419091098  0.0108203134
  60.  90.
  2550758.
  928.  303.
  0.0363813415  0.011878822
  60.  100.
  2550758.
  1027.  454.
  0.0402625427  0.0177986305
  70.  0.
  2550758.
  31671.  1204.
  1.24163091  0.0472016558
  70.  10.
  2550758.
  6614.  788.
  0.259295464  0.0308927782
  70.  20.
  2550758.
  3427.  533.
  0.134352222  0.0208957493
  70.  30.
  2550758.
  2841.  534.
  0.111378655  0.0209349543
  70.  40.
  2550758.
  2038.  455.
  0.0798978209  0.0178378355
  70.  50.
  2550758.
  1829.  504.
  0.071704179  0.0197588317
  70.  60.
  2550758.
  1299.  357.
  0.0509260371  0.0139958393
  70.  70.
  2550758.
  898.  295.
  0.0352052227  0.0115651898
  70.  80.
  2550758.
  913.  319.
  0.0357932821  0.0125060864
  70.  90.
  2550758.
  814.  354.
  0.0319120809  0.0138782272
  70.  100.
  2550758.
  777.  447.
  0.030461533  0.0175242033
  80.  0.
  2550758.
  34362.  1606.
  1.34712899  0.0629616752
  80.  10.
  2550758.
  8767.  1025.
  0.34370175  0.0401841328
  80.  20.
  2550758.
  4426.  781.
  0.173517048  0.0306183491
  80.  30.
  2550758.
  4093.  764.
  0.160462111  0.0299518816
  80.  40.
  2550758.
  2809.  673.
  0.110124126  0.0263843145
  80.  50.
  2550758.
  2402.  810.
  0.0941680893  0.0317552648
  80.  60.
  2550758.
  1732.  592.
  0.0679013878  0.0232087877
  80.  70.
  2550758.
  1217.  482.
  0.047711309  0.0188963432
  80.  80.
  2550758.
  1406.  538.
  0.0551208705  0.0210917704
  80.  90.
  2550758.
  1207.  585.
  0.0473192669  0.0229343586
  80.  100.
  2550758.
  891.  554.
  0.0349307917  0.0217190348
  90.  0.
  2550758.
  42991.  2176.
  1.68542051  0.0853079781
  90.  10.
  2550758.
  12688.  1635.
  0.497420758  0.0640985966
  90.  20.
  2550758.
  6305.  1230.
  0.24718143  0.0482209586
  90.  30.
  2550758.
  6152.  1413.
  0.241183206  0.0553952977
  90.  40.
  2550758.
  4817.  1243.
  0.188845828  0.0487306118
  90.  50.
  2550758.
  3760.  1440.
  0.147407159  0.0564538054
  90.  60.
  2550758.
  2785.  1189.
  0.10918323  0.0466135964
  90.  70.
  2550758.
  1797.  914.
  0.0704496503  0.035832487
  90.  80.
  2550758.
  2083.  1107.
  0.0816619992  0.0433988646
  90.  90.
  2550758.
  1769.  1099.
  0.0693519339  0.0430852324
  90.  100.
  2550758.
  1226.  962.
  0.0480641425  0.0377142802
  100.  0.
  2550758.
  154506.  10952.
  6.05725813  0.429362565
  100.  10.
  2550758.
  53695.  10001.
  2.10506058  0.392079532
  100.  20.
  2550758.
  30875.  9554.
  1.21042454  0.37455532
  100.  30.
  2550758.
  29090.  11939.
  1.14044535  0.468056947
  100.  40.
  2550758.
  22106.  11352.
  0.866644323  0.44504419
  100.  50.
  2550758.
  18815.  13626.
  0.73762387  0.534194171
  100.  60.
  2550758.
  13127.  10344.
  0.514631331  0.405526519
  100.  70.
  2550758.
  7996.  7406.
  0.31347546  0.290345073
  100.  80.
  2550758.
  7860.  7420.
  0.308143705  0.290893912
  100.  90.
  2550758.
  5463.  5968.
  0.214171633  0.233969674
  100.  100.
  2550758.
  2782.  3033.
  0.109065622  0.118905835
