  0.  0.
  2535484.
  1209964.  1002.
  47.7212257  0.0395190828
  0.  10.
  2535484.
  107332.  344.
  4.23319578  0.013567429
  0.  20.
  2535484.
  48137.  207.
  1.89853299  0.00816412177
  0.  30.
  2535484.
  43621.  236.
  1.72042108  0.00930788741
  0.  40.
  2535484.
  31711.  169.
  1.2506882  0.00666539418
  0.  50.
  2535484.
  29703.  179.
  1.17149234  0.00705979625
  0.  60.
  2535484.
  20988.  135.
  0.827770948  0.00532442704
  0.  70.
  2535484.
  16052.  94.
  0.633094132  0.00370737887
  0.  80.
  2535484.
  17671.  132.
  0.696947813  0.0052061067
  0.  90.
  2535484.
  17708.  139.
  0.698407114  0.00548218796
  0.  100.
  2535484.
  22853.  183.
  0.901326954  0.0072175567
  10.  0.
  2535484.
  72551.  446.
  2.86142612  0.0175903291
  10.  10.
  2535484.
  15129.  235.
  0.596690834  0.00926844776
  10.  20.
  2535484.
  5591.  168.
  0.22051017  0.00662595406
  10.  30.
  2535484.
  5410.  204.
  0.213371485  0.00804580096
  10.  40.
  2535484.
  3998.  157.
  0.157681927  0.00619211188
  10.  50.
  2535484.
  3441.  138.
  0.135713726  0.00544274785
  10.  60.
  2535484.
  2873.  118.
  0.113311701  0.0046539437
  10.  70.
  2535484.
  1851.  78.
  0.0730038136  0.00307633565
  10.  80.
  2535484.
  2349.  106.
  0.0926450342  0.0041806614
  10.  90.
  2535484.
  2160.  120.
  0.0851908326  0.0047328244
  10.  100.
  2535484.
  2315.  120.
  0.0913040638  0.0047328244
  20.  0.
  2535484.
  38749.  316.
  1.52826834  0.012463104
  20.  10.
  2535484.
  7939.  131.
  0.313115746  0.00516666658
  20.  20.
  2535484.
  3531.  112.
  0.139263347  0.00441730255
  20.  30.
  2535484.
  2829.  129.
  0.111576334  0.00508778589
  20.  40.
  2535484.
  2000.  124.
  0.0788803995  0.00489058485
  20.  50.
  2535484.
  1958.  109.
  0.0772239119  0.00429898174
  20.  60.
  2535484.
  1434.  83.
  0.0565572493  0.00327353668
  20.  70.
  2535484.
  961.  76.
  0.0379020348  0.00299745542
  20.  80.
  2535484.
  1069.  90.
  0.0421615764  0.00354961818
  20.  90.
  2535484.
  965.  67.
  0.0380597934  0.00264249346
  20.  100.
  2535484.
  1008.  103.
  0.0397557244  0.00406234059
  30.  0.
  2535484.
  38067.  400.
  1.50137019  0.015776081
  30.  10.
  2535484.
  9433.  234.
  0.372039407  0.00922900718
  30.  20.
  2535484.
  3795.  149.
  0.149675563  0.00587659003
  30.  30.
  2535484.
  3335.  165.
  0.131533071  0.00650763325
  30.  40.
  2535484.
  2230.  166.
  0.0879516527  0.00654707337
  30.  50.
  2535484.
  1933.  124.
  0.0762379095  0.00489058485
  30.  60.
  2535484.
  1524.  157.
  0.0601068661  0.00619211188
  30.  70.
  2535484.
  1025.  94.
  0.0404262058  0.00370737887
  30.  80.
  2535484.
  1163.  111.
  0.0458689556  0.00437786244
  30.  90.
  2535484.
  960.  107.
  0.0378625952  0.00422010152
  30.  100.
  2535484.
  863.  121.
  0.0340368934  0.00477226451
  40.  0.
  2535484.
  32767.  382.
  1.29233706  0.0150661571
  40.  10.
  2535484.
  8219.  251.
  0.324159026  0.00989949051
  40.  20.
  2535484.
  3448.  147.
  0.135989815  0.0057977098
  40.  30.
  2535484.
  2943.  190.
  0.116072513  0.00749363843
  40.  40.
  2535484.
  2122.  192.
  0.0836921111  0.00757251866
  40.  50.
  2535484.
  1688.  168.
  0.0665750578  0.00662595406
  40.  60.
  2535484.
  1324.  165.
  0.0522188284  0.00650763325
  40.  70.
  2535484.
  740.  96.
  0.0291857496  0.00378625933
  40.  80.
  2535484.
  983.  128.
  0.0387697183  0.00504834577
  40.  90.
  2535484.
  843.  105.
  0.0332480893  0.00414122129
  40.  100.
  2535484.
  715.  121.
  0.0281997435  0.00477226451
  50.  0.
  2535484.
  39581.  458.
  1.5610826  0.0180636123
  50.  10.
  2535484.
  8874.  331.
  0.349992335  0.0130547071
  50.  20.
  2535484.
  4233.  204.
  0.166950375  0.00804580096
  50.  30.
  2535484.
  3087.  215.
  0.121751904  0.00847964361
  50.  40.
  2535484.
  2309.  241.
  0.0910674259  0.00950508844
  50.  50.
  2535484.
  2202.  294.
  0.0868473202  0.0115954196
  50.  60.
  2535484.
  1353.  190.
  0.0533625931  0.00749363843
  50.  70.
  2535484.
  921.  134.
  0.0363244265  0.00528498692
  50.  80.
  2535484.
  862.  157.
  0.0339974537  0.00619211188
  50.  90.
  2535484.
  707.  172.
  0.0278842226  0.00678371452
  50.  100.
  2535484.
  559.  177.
  0.0220470726  0.00698091555
  60.  0.
  2535484.
  32761.  424.
  1.29210043  0.0167226456
  60.  10.
  2535484.
  8961.  356.
  0.353423655  0.0140407113
  60.  20.
  2535484.
  3868.  204.
  0.152554706  0.00804580096
  60.  30.
  2535484.
  3183.  247.
  0.125538155  0.00974173006
  60.  40.
  2535484.
  2263.  218.
  0.0892531797  0.00859796349
  60.  50.
  2535484.
  1736.  288.
  0.0684681907  0.011358778
  60.  60.
  2535484.
  1366.  232.
  0.0538753159  0.00915012695
  60.  70.
  2535484.
  798.  172.
  0.031473279  0.00678371452
  60.  80.
  2535484.
  895.  205.
  0.0352989808  0.00808524154
  60.  90.
  2535484.
  740.  169.
  0.0291857496  0.00666539418
  60.  100.
  2535484.
  481.  142.
  0.0189707372  0.00560050877
  70.  0.
  2535484.
  31424.  506.
  1.23936892  0.0199567415
  70.  10.
  2535484.
  7526.  358.
  0.296826959  0.0141195925
  70.  20.
  2535484.
  3507.  254.
  0.13831678  0.0100178113
  70.  30.
  2535484.
  2980.  291.
  0.117531799  0.0114770988
  70.  40.
  2535484.
  2223.  306.
  0.0876755714  0.0120687019
  70.  50.
  2535484.
  1858.  312.
  0.0732798949  0.0123053426
  70.  60.
  2535484.
  1233.  299.
  0.0486297682  0.0117926206
  70.  70.
  2535484.
  798.  195.
  0.031473279  0.00769083947
  70.  80.
  2535484.
  722.  192.
  0.0284758247  0.00757251866
  70.  90.
  2535484.
  501.  144.
  0.0197595414  0.005679389
  70.  100.
  2535484.
  408.  149.
  0.0160916019  0.00587659003
  80.  0.
  2535484.
  35094.  508.
  1.38411438  0.0200356226
  80.  10.
  2535484.
  10454.  537.
  0.412307858  0.0211793873
  80.  20.
  2535484.
  4794.  344.
  0.189076319  0.013567429
  80.  30.
  2535484.
  4387.  465.
  0.173024163  0.0183396935
  80.  40.
  2535484.
  3114.  382.
  0.122816786  0.0150661571
  80.  50.
  2535484.
  2415.  451.
  0.0952480882  0.017787531
  80.  60.
  2535484.
  1739.  415.
  0.0685865134  0.0163676832
  80.  70.
  2535484.
  1024.  292.
  0.0403867662  0.0115165384
  80.  80.
  2535484.
  1090.  283.
  0.0429898202  0.011161577
  80.  90.
  2535484.
  744.  178.
  0.02934351  0.00702035567
  80.  100.
  2535484.
  418.  160.
  0.016486004  0.00631043222
  90.  0.
  2535484.
  41706.  770.
  1.64489305  0.0303689558
  90.  10.
  2535484.
  14493.  830.
  0.571606815  0.0327353664
  90.  20.
  2535484.
  6660.  621.
  0.262671739  0.0244923644
  90.  30.
  2535484.
  6280.  737.
  0.247684464  0.0290674288
  90.  40.
  2535484.
  4740.  830.
  0.186946556  0.0327353664
  90.  50.
  2535484.
  3594.  854.
  0.141748086  0.0336819328
  90.  60.
  2535484.
  2566.  698.
  0.101203561  0.0275292601
  90.  70.
  2535484.
  1619.  531.
  0.0638536885  0.0209427476
  90.  80.
  2535484.
  1525.  512.
  0.0601463057  0.0201933831
  90.  90.
  2535484.
  1136.  314.
  0.0448040701  0.0123842238
  90.  100.
  2535484.
  556.  171.
  0.0219287518  0.0067442744
  100.  0.
  2535484.
  126522.  3353.
  4.99005318  0.132242993
  100.  10.
  2535484.
  50281.  3995.
  1.98309278  0.157563612
  100.  20.
  2535484.
  26717.  3654.
  1.05372381  0.144114494
  100.  30.
  2535484.
  23501.  4523.
  0.926884174  0.178388029
  100.  40.
  2535484.
  16839.  4429.
  0.664133549  0.17468065
  100.  50.
  2535484.
  13403.  5130.
  0.528617024  0.202328235
  100.  60.
  2535484.
  8854.  3761.
  0.349203557  0.148334593
  100.  70.
  2535484.
  4628.  2601.
  0.182529256  0.102583967
  100.  80.
  2535484.
  4350.  2545.
  0.171564877  0.10037531
  100.  90.
  2535484.
  2651.  1878.
  0.104555972  0.0740686953
  100.  100.
  2535484.
  1026.  862.
  0.0404656455  0.0339974537
