  0.  0.
  9500428.
  195369.  2288.
  2.05642319  0.0240831263
  0.  10.
  9500428.
  139368.  2884.
  1.46696544  0.0303565264
  0.  20.
  9500428.
  146223.  3561.
  1.53912008  0.0374825224
  0.  30.
  9500428.
  157881.  4287.
  1.66183043  0.0451242812
  0.  40.
  9500428.
  178692.  5199.
  1.88088369  0.0547238514
  0.  50.
  9500428.
  330467.  10413.
  3.47844338  0.109605588
  0.  60.
  9500428.
  266253.  7923.
  2.80253696  0.0833962411
  0.  70.
  9500428.
  326274.  8846.
  3.43430853  0.093111597
  0.  80.
  9500428.
  431330.  10336.
  4.54011106  0.108795099
  0.  90.
  9500428.
  664024.  12329.
  6.98941135  0.129773095
  0.  100.
  9500428.
  6424811.  27897.
  67.6265411  0.293639392
  10.  0.
  9500428.
  1133.  14.
  0.0119257784  0.000147361789
  10.  10.
  9500428.
  499.  2.
  0.00525239483  2.10516828E-05
  10.  20.
  9500428.
  356.  4.
  0.00374719966  4.21033656E-05
  10.  30.
  9500428.
  390.  9.
  0.00410507806  9.47325752E-05
  10.  40.
  9500428.
  599.  13.
  0.00630497932  0.000136835937
  10.  50.
  9500428.
  1536.  79.
  0.0161676928  0.000831541489
  10.  60.
  9500428.
  1784.  91.
  0.0187781006  0.000957851589
  10.  70.
  9500428.
  2710.  192.
  0.0285250302  0.00202096161
  10.  80.
  9500428.
  4387.  236.
  0.0461768657  0.00248409854
  10.  90.
  9500428.
  8114.  362.
  0.0854066759  0.00381035474
  10.  100.
  9500428.
  42868.  1114.
  0.451221764  0.0117257871
  20.  0.
  9500428.
  267.  16.
  0.00281039975  0.000168413462
  20.  10.
  9500428.
  65.  0.
  0.000684179715  0.
  20.  20.
  9500428.
  64.  2.
  0.000673653849  2.10516828E-05
  20.  30.
  9500428.
  92.  8.
  0.000968377397  8.42067311E-05
  20.  40.
  9500428.
  143.  6.
  0.0015051954  6.31550502E-05
  20.  50.
  9500428.
  443.  33.
  0.00466294773  0.000347352761
  20.  60.
  9500428.
  581.  46.
  0.00611551385  0.000484188698
  20.  70.
  9500428.
  1011.  116.
  0.0106416261  0.00122099766
  20.  80.
  9500428.
  1891.  201.
  0.0199043658  0.00211569411
  20.  90.
  9500428.
  3937.  287.
  0.0414402373  0.0030209166
  20.  100.
  9500428.
  21288.  691.
  0.22407411  0.00727335643
  30.  0.
  9500428.
  68.  0.
  0.000715757255  0.
  30.  10.
  9500428.
  10.  0.
  0.000105258419  0.
  30.  20.
  9500428.
  17.  0.
  0.000178939314  0.
  30.  30.
  9500428.
  22.  1.
  0.000231568512  1.05258414E-05
  30.  40.
  9500428.
  37.  3.
  0.000389456138  3.15775251E-05
  30.  50.
  9500428.
  139.  21.
  0.00146309193  0.000221042676
  30.  60.
  9500428.
  251.  38.
  0.00264198612  0.000399981975
  30.  70.
  9500428.
  486.  67.
  0.00511555886  0.000705231389
  30.  80.
  9500428.
  1043.  147.
  0.0109784529  0.00154729874
  30.  90.
  9500428.
  2170.  218.
  0.0228410754  0.00229463354
  30.  100.
  9500428.
  12211.  530.
  0.128531054  0.00557869626
  40.  0.
  9500428.
  8.  0.
  8.42067311E-05  0.
  40.  10.
  9500428.
  1.  0.
  1.05258414E-05  0.
  40.  20.
  9500428.
  5.  0.
  5.26292097E-05  0.
  40.  30.
  9500428.
  5.  0.
  5.26292097E-05  0.
  40.  40.
  9500428.
  11.  2.
  0.000115784256  2.10516828E-05
  40.  50.
  9500428.
  44.  10.
  0.000463137025  0.000105258419
  40.  60.
  9500428.
  99.  13.
  0.00104205834  0.000136835937
  40.  70.
  9500428.
  247.  34.
  0.00259988289  0.000357878627
  40.  80.
  9500428.
  559.  75.
  0.00588394562  0.000789438142
  40.  90.
  9500428.
  1373.  162.
  0.0144519806  0.00170518633
  40.  100.
  9500428.
  8293.  433.
  0.0872908011  0.00455768919
  50.  0.
  9500428.
  0.  0.
  0.  0.
  50.  10.
  9500428.
  0.  0.
  0.  0.
  50.  20.
  9500428.
  0.  0.
  0.  0.
  50.  30.
  9500428.
  0.  0.
  0.  0.
  50.  40.
  9500428.
  1.  0.
  1.05258414E-05  0.
  50.  50.
  9500428.
  19.  4.
  0.000199990987  4.21033656E-05
  50.  60.
  9500428.
  32.  10.
  0.000336826924  0.000105258419
  50.  70.
  9500428.
  135.  27.
  0.00142098858  0.000284197711
  50.  80.
  9500428.
  382.  67.
  0.00402087159  0.000705231389
  50.  90.
  9500428.
  1124.  146.
  0.0118310461  0.00153677282
  50.  100.
  9500428.
  7934.  473.
  0.0835120305  0.00497872289
  60.  0.
  9500428.
  0.  0.
  0.  0.
  60.  10.
  9500428.
  0.  0.
  0.  0.
  60.  20.
  9500428.
  0.  0.
  0.  0.
  60.  30.
  9500428.
  0.  0.
  0.  0.
  60.  40.
  9500428.
  0.  0.
  0.  0.
  60.  50.
  9500428.
  0.  0.
  0.  0.
  60.  60.
  9500428.
  6.  1.
  6.31550502E-05  1.05258414E-05
  60.  70.
  9500428.
  24.  6.
  0.000252620201  6.31550502E-05
  60.  80.
  9500428.
  88.  14.
  0.00092627405  0.000147361789
  60.  90.
  9500428.
  339.  48.
  0.00356826023  0.000505240401
  60.  100.
  9500428.
  2682.  181.
  0.0282303076  0.00190517737
  70.  0.
  9500428.
  0.  0.
  0.  0.
  70.  10.
  9500428.
  0.  0.
  0.  0.
  70.  20.
  9500428.
  0.  0.
  0.  0.
  70.  30.
  9500428.
  0.  0.
  0.  0.
  70.  40.
  9500428.
  0.  0.
  0.  0.
  70.  50.
  9500428.
  0.  0.
  0.  0.
  70.  60.
  9500428.
  1.  0.
  1.05258414E-05  0.
  70.  70.
  9500428.
  3.  1.
  3.15775251E-05  1.05258414E-05
  70.  80.
  9500428.
  42.  10.
  0.000442085351  0.000105258419
  70.  90.
  9500428.
  168.  46.
  0.0017683414  0.000484188698
  70.  100.
  9500428.
  1518.  105.
  0.0159782283  0.00110521342
  80.  0.
  9500428.
  0.  0.
  0.  0.
  80.  10.
  9500428.
  0.  0.
  0.  0.
  80.  20.
  9500428.
  0.  0.
  0.  0.
  80.  30.
  9500428.
  0.  0.
  0.  0.
  80.  40.
  9500428.
  0.  0.
  0.  0.
  80.  50.
  9500428.
  0.  0.
  0.  0.
  80.  60.
  9500428.
  0.  0.
  0.  0.
  80.  70.
  9500428.
  5.  1.
  5.26292097E-05  1.05258414E-05
  80.  80.
  9500428.
  25.  6.
  0.000263146037  6.31550502E-05
  80.  90.
  9500428.
  83.  20.
  0.000873644836  0.000210516839
  80.  100.
  9500428.
  867.  69.
  0.00912590418  0.000726283062
  90.  0.
  9500428.
  0.  0.
  0.  0.
  90.  10.
  9500428.
  0.  0.
  0.  0.
  90.  20.
  9500428.
  0.  0.
  0.  0.
  90.  30.
  9500428.
  0.  0.
  0.  0.
  90.  40.
  9500428.
  0.  0.
  0.  0.
  90.  50.
  9500428.
  0.  0.
  0.  0.
  90.  60.
  9500428.
  0.  0.
  0.  0.
  90.  70.
  9500428.
  1.  0.
  1.05258414E-05  0.
  90.  80.
  9500428.
  6.  2.
  6.31550502E-05  2.10516828E-05
  90.  90.
  9500428.
  35.  9.
  0.000368404464  9.47325752E-05
  90.  100.
  9500428.
  355.  38.
  0.00373667385  0.000399981975
  100.  0.
  9500428.
  0.  0.
  0.  0.
  100.  10.
  9500428.
  0.  0.
  0.  0.
  100.  20.
  9500428.
  0.  0.
  0.  0.
  100.  30.
  9500428.
  0.  0.
  0.  0.
  100.  40.
  9500428.
  0.  0.
  0.  0.
  100.  50.
  9500428.
  0.  0.
  0.  0.
  100.  60.
  9500428.
  0.  0.
  0.  0.
  100.  70.
  9500428.
  0.  0.
  0.  0.
  100.  80.
  9500428.
  0.  0.
  0.  0.
  100.  90.
  9500428.
  4.  0.
  4.21033656E-05  0.
  100.  100.
  9500428.
  76.  1.
  0.000799963949  1.05258414E-05
