  0.  0.
  2504936.
  1102383.  3942.
  44.0084305  0.157369286
  0.  10.
  2504936.
  111280.  937.
  4.44242907  0.0374061465
  0.  20.
  2504936.
  49257.  544.
  1.96639752  0.0217171218
  0.  30.
  2504936.
  44152.  595.
  1.76259995  0.023753101
  0.  40.
  2504936.
  31444.  469.
  1.25528157  0.0187230334
  0.  50.
  2504936.
  29920.  502.
  1.19444168  0.020040432
  0.  60.
  2504936.
  20511.  283.
  0.818823338  0.0112976935
  0.  70.
  2504936.
  15664.  238.
  0.625325382  0.00950124115
  0.  80.
  2504936.
  16880.  221.
  0.673869491  0.0088225808
  0.  90.
  2504936.
  16290.  232.
  0.650316  0.00926171336
  0.  100.
  2504936.
  16886.  205.
  0.674109042  0.00818384159
  10.  0.
  2504936.
  82922.  1773.
  3.31034398  0.0707802549
  10.  10.
  2504936.
  21755.  848.
  0.868485272  0.0338531621
  10.  20.
  2504936.
  7997.  417.
  0.31924966  0.0166471321
  10.  30.
  2504936.
  7112.  473.
  0.283919424  0.0188827179
  10.  40.
  2504936.
  5184.  375.
  0.206951395  0.0149704423
  10.  50.
  2504936.
  4252.  290.
  0.169744849  0.0115771424
  10.  60.
  2504936.
  3406.  259.
  0.135971531  0.0103395851
  10.  70.
  2504936.
  2110.  191.
  0.0842336863  0.00762494514
  10.  80.
  2504936.
  2417.  209.
  0.0964894891  0.00834352616
  10.  90.
  2504936.
  2213.  179.
  0.0883455724  0.00714589097
  10.  100.
  2504936.
  2075.  141.
  0.0828364491  0.00562888617
  20.  0.
  2504936.
  41172.  1275.
  1.6436348  0.0508995056
  20.  10.
  2504936.
  11426.  726.
  0.456139386  0.0289827771
  20.  20.
  2504936.
  5257.  397.
  0.209865645  0.0158487074
  20.  30.
  2504936.
  4190.  326.
  0.167269737  0.0130143045
  20.  40.
  2504936.
  2681.  258.
  0.107028686  0.010299664
  20.  50.
  2504936.
  2364.  257.
  0.0943736658  0.0102597428
  20.  60.
  2504936.
  1622.  220.
  0.0647521541  0.00878265966
  20.  70.
  2504936.
  1121.  171.
  0.0447516441  0.00682652183
  20.  80.
  2504936.
  1122.  161.
  0.0447915643  0.00642730994
  20.  90.
  2504936.
  962.  132.
  0.0384041741  0.00526959589
  20.  100.
  2504936.
  940.  126.
  0.0375259072  0.00503006857
  30.  0.
  2504936.
  40518.  1483.
  1.61752641  0.0592031106
  30.  10.
  2504936.
  13415.  945.
  0.535542607  0.0377255157
  30.  20.
  2504936.
  5550.  548.
  0.221562549  0.0218768064
  30.  30.
  2504936.
  4559.  510.
  0.182000652  0.0203598011
  30.  40.
  2504936.
  2974.  423.
  0.11872559  0.016886659
  30.  50.
  2504936.
  2318.  325.
  0.0925372913  0.0129743833
  30.  60.
  2504936.
  1782.  285.
  0.0711395442  0.0113775358
  30.  70.
  2504936.
  1079.  170.
  0.0430749543  0.00678660069
  30.  80.
  2504936.
  1183.  214.
  0.0472267568  0.0085431328
  30.  90.
  2504936.
  984.  164.
  0.0392824411  0.00654707337
  30.  100.
  2504936.
  791.  136.
  0.0315776542  0.00542928046
  40.  0.
  2504936.
  33634.  1549.
  1.34270895  0.0618379079
  40.  10.
  2504936.
  12164.  1210.
  0.485601217  0.0483046286
  40.  20.
  2504936.
  5239.  740.
  0.209147066  0.0295416731
  40.  30.
  2504936.
  4343.  626.
  0.173377678  0.0249906592
  40.  40.
  2504936.
  2709.  518.
  0.108146474  0.0206791703
  40.  50.
  2504936.
  2188.  452.
  0.0873475447  0.018044373
  40.  60.
  2504936.
  1651.  296.
  0.06590987  0.0118166693
  40.  70.
  2504936.
  1013.  206.
  0.0404401533  0.00822376274
  40.  80.
  2504936.
  1036.  225.
  0.0413583405  0.00898226537
  40.  90.
  2504936.
  836.  223.
  0.0333741046  0.00890242308
  40.  100.
  2504936.
  573.  192.
  0.0228748359  0.00766486628
  50.  0.
  2504936.
  35745.  2046.
  1.42698252  0.0816787332
  50.  10.
  2504936.
  12044.  1619.
  0.480810702  0.0646323934
  50.  20.
  2504936.
  6379.  1189.
  0.254657209  0.0474662818
  50.  30.
  2504936.
  4819.  952.
  0.19238016  0.0380049646
  50.  40.
  2504936.
  3215.  731.
  0.128346592  0.0291823819
  50.  50.
  2504936.
  2855.  702.
  0.113974966  0.0280246679
  50.  60.
  2504936.
  1606.  447.
  0.0641134158  0.0178447664
  50.  70.
  2504936.
  1103.  324.
  0.0440330617  0.0129344622
  50.  80.
  2504936.
  907.  266.
  0.0362085104  0.0106190341
  50.  90.
  2504936.
  672.  217.
  0.0268270336  0.00866289623
  50.  100.
  2504936.
  479.  166.
  0.0191222448  0.00662691565
  60.  0.
  2504936.
  29139.  1612.
  1.1632632  0.0643529445
  60.  10.
  2504936.
  11400.  1616.
  0.45510146  0.0645126253
  60.  20.
  2504936.
  5427.  1184.
  0.216652244  0.047266677
  60.  30.
  2504936.
  4854.  1112.
  0.193777412  0.0443923511
  60.  40.
  2504936.
  3210.  804.
  0.128146991  0.0320966281
  60.  50.
  2504936.
  2219.  704.
  0.0885851011  0.0281045102
  60.  60.
  2504936.
  1547.  485.
  0.0617580637  0.0193617716
  60.  70.
  2504936.
  871.  330.
  0.0347713493  0.013173989
  60.  80.
  2504936.
  872.  324.
  0.0348112695  0.0129344622
  60.  90.
  2504936.
  594.  211.
  0.0237131808  0.00842336845
  60.  100.
  2504936.
  321.  159.
  0.0128146987  0.00634746766
  70.  0.
  2504936.
  24934.  1573.
  0.995394707  0.062796019
  70.  10.
  2504936.
  9574.  1440.
  0.382205367  0.0574864969
  70.  20.
  2504936.
  5006.  1214.
  0.199845418  0.0484643131
  70.  30.
  2504936.
  4141.  1211.
  0.165313601  0.0483445488
  70.  40.
  2504936.
  2906.  953.
  0.116010949  0.0380448848
  70.  50.
  2504936.
  2253.  1020.
  0.089942418  0.0407196023
  70.  60.
  2504936.
  1234.  591.
  0.049262736  0.0235934164
  70.  70.
  2504936.
  764.  361.
  0.0304997806  0.0144115463
  70.  80.
  2504936.
  699.  329.
  0.0279049054  0.0131340679
  70.  90.
  2504936.
  452.  193.
  0.018044373  0.00770478789
  70.  100.
  2504936.
  248.  114.
  0.00990045257  0.0045510144
  80.  0.
  2504936.
  28166.  1824.
  1.12441993  0.0728162304
  80.  10.
  2504936.
  12427.  1966.
  0.496100485  0.0784850419
  80.  20.
  2504936.
  6462.  1716.
  0.257970661  0.0685047433
  80.  30.
  2504936.
  5929.  1751.
  0.236692667  0.0699019879
  80.  40.
  2504936.
  4147.  1527.
  0.165553138  0.0609596409
  80.  50.
  2504936.
  2998.  1442.
  0.119683698  0.057566341
  80.  60.
  2504936.
  1872.  916.
  0.0747324452  0.0365677997
  80.  70.
  2504936.
  983.  621.
  0.0392425209  0.0247910526
  80.  80.
  2504936.
  1004.  481.
  0.040080864  0.0192020871
  80.  90.
  2504936.
  604.  313.
  0.0241123922  0.0124953296
  80.  100.
  2504936.
  266.  125.
  0.0106190341  0.00499014743
  90.  0.
  2504936.
  33148.  2185.
  1.32330728  0.0872277766
  90.  10.
  2504936.
  16710.  2696.
  0.667082906  0.107627504
  90.  20.
  2504936.
  8602.  2485.
  0.343401998  0.0992041305
  90.  30.
  2504936.
  8260.  2754.
  0.329748958  0.109942928
  90.  40.
  2504936.
  5970.  2677.
  0.23832944  0.106868997
  90.  50.
  2504936.
  4359.  2622.
  0.174016416  0.104673333
  90.  60.
  2504936.
  2870.  1534.
  0.114573784  0.0612390898
  90.  70.
  2504936.
  1396.  922.
  0.0557299666  0.0368073285
  90.  80.
  2504936.
  1297.  763.
  0.0517777689  0.0304598603
  90.  90.
  2504936.
  727.  498.
  0.0290226974  0.0198807474
  90.  100.
  2504936.
  262.  160.
  0.0104593495  0.0063873888
  100.  0.
  2504936.
  93812.  8065.
  3.74508572  0.321964324
  100.  10.
  2504936.
  43432.  8765.
  1.73385668  0.349909127
  100.  20.
  2504936.
  23386.  7380.
  0.93359673  0.294618309
  100.  30.
  2504936.
  20737.  8415.
  0.827845514  0.335936725
  100.  40.
  2504936.
  14830.  7567.
  0.592031121  0.302083552
  100.  50.
  2504936.
  10487.  7306.
  0.418653399  0.291664124
  100.  60.
  2504936.
  6442.  4475.
  0.257172227  0.17864728
  100.  70.
  2504936.
  2802.  2428.
  0.111859143  0.0969286263
  100.  80.
  2504936.
  2345.  1752.
  0.0936151668  0.0699419081
  100.  90.
  2504936.
  1325.  1012.
  0.0528955646  0.0404002331
  100.  100.
  2504936.
  406.  324.
  0.0162079986  0.0129344622
