  0.  0.
  2489662.
  1288049.  531.
  51.7358971  0.0213281959
  0.  10.
  2489662.
  66518.  149.
  2.67176819  0.00598474825
  0.  20.
  2489662.
  39140.  129.
  1.572101  0.00518142618
  0.  30.
  2489662.
  28380.  128.
  1.1399138  0.0051412601
  0.  40.
  2489662.
  22925.  110.
  0.920807719  0.00441827066
  0.  50.
  2489662.
  30461.  235.
  1.22349942  0.00943903252
  0.  60.
  2489662.
  16070.  105.
  0.645469129  0.0042174398
  0.  70.
  2489662.
  14640.  84.
  0.58803165  0.00337395188
  0.  80.
  2489662.
  15365.  99.
  0.617152035  0.00397644332
  0.  90.
  2489662.
  16481.  105.
  0.66197741  0.0042174398
  0.  100.
  2489662.
  33495.  223.
  1.34536338  0.00895703956
  10.  0.
  2489662.
  56001.  187.
  2.24934149  0.00751105975
  10.  10.
  2489662.
  7196.  75.
  0.289035231  0.00301245716
  10.  20.
  2489662.
  4208.  59.
  0.169018924  0.00236979965
  10.  30.
  2489662.
  2935.  74.
  0.117887489  0.00297229108
  10.  40.
  2489662.
  2244.  57.
  0.0901327133  0.00228946749
  10.  50.
  2489662.
  3043.  102.
  0.122225426  0.00409694156
  10.  60.
  2489662.
  1671.  56.
  0.067117542  0.00224930141
  10.  70.
  2489662.
  1694.  62.
  0.0680413619  0.00249029789
  10.  80.
  2489662.
  1599.  75.
  0.0642255843  0.00301245716
  10.  90.
  2489662.
  1698.  73.
  0.0682020262  0.002932125
  10.  100.
  2489662.
  2796.  121.
  0.112304404  0.00486009754
  20.  0.
  2489662.
  36481.  163.
  1.46529925  0.00654707337
  20.  10.
  2489662.
  5302.  85.
  0.212960631  0.00341411796
  20.  20.
  2489662.
  2945.  49.
  0.11828915  0.00196813862
  20.  30.
  2489662.
  2004.  67.
  0.0804928541  0.00269112829
  20.  40.
  2489662.
  1509.  55.
  0.0606106371  0.00220913533
  20.  50.
  2489662.
  1936.  97.
  0.0777615607  0.00389611116
  20.  60.
  2489662.
  1114.  90.
  0.044745028  0.0036149486
  20.  70.
  2489662.
  1040.  84.
  0.0417727381  0.00337395188
  20.  80.
  2489662.
  981.  80.
  0.0394029394  0.00321328756
  20.  90.
  2489662.
  1045.  99.
  0.0419735685  0.00397644332
  20.  100.
  2489662.
  1680.  141.
  0.0674790367  0.00566341914
  30.  0.
  2489662.
  28934.  158.
  1.16216576  0.00634624297
  30.  10.
  2489662.
  4472.  91.
  0.179622769  0.00365511468
  30.  20.
  2489662.
  2557.  95.
  0.102704704  0.003815779
  30.  30.
  2489662.
  1707.  62.
  0.0685635209  0.00249029789
  30.  40.
  2489662.
  1384.  47.
  0.0555898771  0.00188780646
  30.  50.
  2489662.
  1611.  120.
  0.0647075772  0.00481993146
  30.  60.
  2489662.
  966.  82.
  0.0388004482  0.00329361972
  30.  70.
  2489662.
  893.  77.
  0.0358683243  0.00309278932
  30.  80.
  2489662.
  846.  100.
  0.0339805149  0.0040166094
  30.  90.
  2489662.
  845.  100.
  0.0339403488  0.0040166094
  30.  100.
  2489662.
  1185.  142.
  0.0475968234  0.00570358569
  40.  0.
  2489662.
  27596.  180.
  1.10842359  0.00722989719
  40.  10.
  2489662.
  4082.  112.
  0.163957998  0.00449860282
  40.  20.
  2489662.
  2430.  93.
  0.0976036116  0.00373544684
  40.  30.
  2489662.
  1628.  60.
  0.0653904006  0.00240996573
  40.  40.
  2489662.
  1296.  62.
  0.0520552583  0.00249029789
  40.  50.
  2489662.
  1494.  95.
  0.0600081459  0.003815779
  40.  60.
  2489662.
  881.  77.
  0.0353863314  0.00309278932
  40.  70.
  2489662.
  787.  74.
  0.0316107161  0.00297229108
  40.  80.
  2489662.
  739.  78.
  0.0296827443  0.0031329554
  40.  90.
  2489662.
  738.  83.
  0.0296425782  0.0033337858
  40.  100.
  2489662.
  944.  170.
  0.0379167944  0.00682823593
  50.  0.
  2489662.
  50692.  355.
  2.03609967  0.014258964
  50.  10.
  2489662.
  6915.  213.
  0.277748555  0.00855537783
  50.  20.
  2489662.
  3940.  185.
  0.158254415  0.00743072759
  50.  30.
  2489662.
  2776.  147.
  0.111501083  0.00590441609
  50.  40.
  2489662.
  2067.  139.
  0.0830233172  0.00558308698
  50.  50.
  2489662.
  2385.  248.
  0.095796138  0.00996119156
  50.  60.
  2489662.
  1359.  146.
  0.0545857213  0.00586425001
  50.  70.
  2489662.
  1219.  182.
  0.0489624701  0.00731022935
  50.  80.
  2489662.
  1115.  144.
  0.0447851941  0.00578391785
  50.  90.
  2489662.
  1034.  185.
  0.0415317416  0.00743072759
  50.  100.
  2489662.
  1126.  316.
  0.045227021  0.0126924859
  60.  0.
  2489662.
  27519.  276.
  1.10533071  0.0110858418
  60.  10.
  2489662.
  4472.  184.
  0.179622769  0.00739056151
  60.  20.
  2489662.
  2686.  151.
  0.107886128  0.00606508041
  60.  30.
  2489662.
  1795.  129.
  0.0720981434  0.00518142618
  60.  40.
  2489662.
  1390.  129.
  0.0558308735  0.00518142618
  60.  50.
  2489662.
  1616.  172.
  0.0649084076  0.00690856809
  60.  60.
  2489662.
  858.  126.
  0.0344625078  0.00506092794
  60.  70.
  2489662.
  734.  147.
  0.0294819139  0.00590441609
  60.  80.
  2489662.
  671.  159.
  0.026951449  0.00638640905
  60.  90.
  2489662.
  627.  166.
  0.0251841415  0.00666757161
  60.  100.
  2489662.
  697.  269.
  0.0279957689  0.0108046792
  70.  0.
  2489662.
  25600.  309.
  1.02825201  0.0124113234
  70.  10.
  2489662.
  4851.  223.
  0.194845721  0.00895703956
  70.  20.
  2489662.
  2970.  215.
  0.119293302  0.00863570999
  70.  30.
  2489662.
  1986.  230.
  0.0797698647  0.00923820212
  70.  40.
  2489662.
  1672.  176.
  0.0671577081  0.00706923287
  70.  50.
  2489662.
  1838.  236.
  0.0738252848  0.0094791986
  70.  60.
  2489662.
  1014.  164.
  0.04072842  0.00658723945
  70.  70.
  2489662.
  820.  172.
  0.0329361968  0.00690856809
  70.  80.
  2489662.
  775.  212.
  0.0311287232  0.00851521175
  70.  90.
  2489662.
  710.  234.
  0.028517928  0.00939886644
  70.  100.
  2489662.
  640.  357.
  0.0257063005  0.0143392961
  80.  0.
  2489662.
  28405.  371.
  1.1409179  0.0149016213
  80.  10.
  2489662.
  5838.  268.
  0.234489664  0.0107645132
  80.  20.
  2489662.
  3641.  321.
  0.146244749  0.0128933163
  80.  30.
  2489662.
  2724.  306.
  0.109412439  0.0122908251
  80.  40.
  2489662.
  2075.  276.
  0.0833446458  0.0110858418
  80.  50.
  2489662.
  2274.  357.
  0.0913377032  0.0143392961
  80.  60.
  2489662.
  1199.  222.
  0.0481591485  0.00891687348
  80.  70.
  2489662.
  1008.  237.
  0.0404874235  0.00951936468
  80.  80.
  2489662.
  912.  272.
  0.0366314799  0.0109251775
  80.  90.
  2489662.
  840.  270.
  0.0337395184  0.0108448453
  80.  100.
  2489662.
  805.  358.
  0.0323337056  0.0143794622
  90.  0.
  2489662.
  35954.  533.
  1.44413173  0.0214085281
  90.  10.
  2489662.
  8122.  444.
  0.326229036  0.017833747
  90.  20.
  2489662.
  5112.  486.
  0.205329075  0.0195207223
  90.  30.
  2489662.
  3906.  519.
  0.156888768  0.020846203
  90.  40.
  2489662.
  3047.  543.
  0.12238609  0.0218101889
  90.  50.
  2489662.
  3461.  753.
  0.139014855  0.0302450694
  90.  60.
  2489662.
  1821.  440.
  0.0731424615  0.0176730826
  90.  70.
  2489662.
  1590.  458.
  0.0638640895  0.0183960721
  90.  80.
  2489662.
  1388.  504.
  0.0557505414  0.0202437118
  90.  90.
  2489662.
  1283.  485.
  0.0515330993  0.0194805562
  90.  100.
  2489662.
  1072.  726.
  0.0430580527  0.0291605853
  100.  0.
  2489662.
  160285.  3572.
  6.43802261  0.143473297
  100.  10.
  2489662.
  46128.  3752.
  1.85278165  0.150703192
  100.  20.
  2489662.
  32502.  4481.
  1.30547845  0.179984272
  100.  30.
  2489662.
  25121.  5058.
  1.00901246  0.203160107
  100.  40.
  2489662.
  19561.  5465.
  0.785688996  0.219507709
  100.  50.
  2489662.
  20929.  8892.
  0.840636194  0.357156903
  100.  60.
  2489662.
  9772.  5578.
  0.392503083  0.224046484
  100.  70.
  2489662.
  7400.  5051.
  0.297229111  0.202878952
  100.  80.
  2489662.
  5899.  4724.
  0.236939788  0.189744636
  100.  90.
  2489662.
  4456.  4489.
  0.178980112  0.1803056
  100.  100.
  2489662.
  3162.  3826.
  0.12700519  0.153675482
