  0.  0.
  2382744.
  1006731.  3151.
  42.2509079  0.132242486
  0.  10.
  2382744.
  101884.  884.
  4.27591038  0.0371000841
  0.  20.
  2382744.
  57897.  541.
  2.42984557  0.0227049142
  0.  30.
  2382744.
  39782.  397.
  1.66958761  0.0166614633
  0.  40.
  2382744.
  31433.  405.
  1.31919336  0.0169972107
  0.  50.
  2382744.
  35502.  580.
  1.48996282  0.0243416838
  0.  60.
  2382744.
  18550.  313.
  0.778514206  0.0131361149
  0.  70.
  2382744.
  15278.  244.
  0.641193509  0.010240294
  0.  80.
  2382744.
  12719.  200.
  0.53379631  0.00839368347
  0.  90.
  2382744.
  10291.  212.
  0.431897014  0.00889730453
  0.  100.
  2382744.
  8993.  104.
  0.377422005  0.00436471542
  10.  0.
  2382744.
  74289.  1784.
  3.11779189  0.0748716593
  10.  10.
  2382744.
  17558.  682.
  0.736881495  0.0286224615
  10.  20.
  2382744.
  9609.  432.
  0.403274536  0.0181303564
  10.  30.
  2382744.
  6750.  296.
  0.28328684  0.012422652
  10.  40.
  2382744.
  5364.  267.
  0.225118607  0.011205568
  10.  50.
  2382744.
  6194.  415.
  0.259952396  0.0174168944
  10.  60.
  2382744.
  3211.  244.
  0.134760588  0.010240294
  10.  70.
  2382744.
  2903.  174.
  0.121834323  0.00730250496
  10.  80.
  2382744.
  2271.  98.
  0.0953102782  0.00411290489
  10.  90.
  2382744.
  1856.  134.
  0.0778933838  0.00562376808
  10.  100.
  2382744.
  1446.  84.
  0.060686335  0.00352534722
  20.  0.
  2382744.
  48985.  1690.
  2.05582309  0.070926629
  20.  10.
  2382744.
  14103.  753.
  0.59188062  0.0316022187
  20.  20.
  2382744.
  7769.  465.
  0.326052666  0.0195153151
  20.  30.
  2382744.
  5059.  383.
  0.212318242  0.0160739049
  20.  40.
  2382744.
  3827.  330.
  0.160613135  0.0138495788
  20.  50.
  2382744.
  4252.  414.
  0.17844972  0.0173749253
  20.  60.
  2382744.
  2155.  219.
  0.0904419422  0.00919108372
  20.  70.
  2382744.
  1760.  163.
  0.0738644153  0.00684085255
  20.  80.
  2382744.
  1472.  122.
  0.0617775135  0.00512014702
  20.  90.
  2382744.
  1108.  101.
  0.0465010107  0.00423881039
  20.  100.
  2382744.
  854.  90.
  0.0358410291  0.00377715775
  30.  0.
  2382744.
  38538.  1712.
  1.61737895  0.0718499348
  30.  10.
  2382744.
  12467.  1061.
  0.523220301  0.0445284918
  30.  20.
  2382744.
  6978.  739.
  0.29285562  0.0310146622
  30.  30.
  2382744.
  4477.  480.
  0.187892616  0.0201448407
  30.  40.
  2382744.
  3300.  347.
  0.138495788  0.0145630417
  30.  50.
  2382744.
  3553.  441.
  0.149113789  0.0185080729
  30.  60.
  2382744.
  1736.  234.
  0.0728571787  0.00982061028
  30.  70.
  2382744.
  1323.  216.
  0.0555242188  0.00906517822
  30.  80.
  2382744.
  1029.  137.
  0.0431855023  0.00574967358
  30.  90.
  2382744.
  837.  113.
  0.035127569  0.00474243145
  30.  100.
  2382744.
  475.  51.
  0.0199349988  0.00214038929
  40.  0.
  2382744.
  31504.  1729.
  1.32217312  0.0725633949
  40.  10.
  2382744.
  11644.  1117.
  0.488680273  0.0468787253
  40.  20.
  2382744.
  6969.  858.
  0.292477906  0.0360089056
  40.  30.
  2382744.
  4375.  673.
  0.18361184  0.0282447468
  40.  40.
  2382744.
  3135.  455.
  0.131570995  0.0190956313
  40.  50.
  2382744.
  3260.  528.
  0.136817053  0.022159325
  40.  60.
  2382744.
  1467.  230.
  0.0615676716  0.0096527366
  40.  70.
  2382744.
  1114.  211.
  0.0467528179  0.00885533635
  40.  80.
  2382744.
  754.  171.
  0.0316441879  0.00717659993
  40.  90.
  2382744.
  703.  117.
  0.0295037981  0.00491030514
  40.  100.
  2382744.
  390.  56.
  0.0163676832  0.0023502314
  50.  0.
  2382744.
  42835.  2662.
  1.79771721  0.111719936
  50.  10.
  2382744.
  17248.  2117.
  0.723871291  0.0888471454
  50.  20.
  2382744.
  10158.  1709.
  0.426315218  0.0717240274
  50.  30.
  2382744.
  6755.  1423.
  0.283496678  0.0597210601
  50.  40.
  2382744.
  4824.  998.
  0.202455655  0.0418844819
  50.  50.
  2382744.
  4819.  1088.
  0.202245817  0.0456616394
  50.  60.
  2382744.
  2151.  524.
  0.0902740732  0.0219914522
  50.  70.
  2382744.
  1432.  423.
  0.0600987785  0.0177526418
  50.  80.
  2382744.
  924.  277.
  0.0387788191  0.0116252527
  50.  90.
  2382744.
  758.  162.
  0.0318120606  0.0067988839
  50.  100.
  2382744.
  479.  89.
  0.0201028734  0.00373518933
  60.  0.
  2382744.
  25499.  1913.
  1.07015276  0.0802855864
  60.  10.
  2382744.
  11082.  1708.
  0.46509403  0.0716820583
  60.  20.
  2382744.
  6893.  1575.
  0.289288312  0.0661002621
  60.  30.
  2382744.
  4696.  1309.
  0.197083697  0.0549366623
  60.  40.
  2382744.
  3471.  974.
  0.145672381  0.0408772416
  60.  50.
  2382744.
  3221.  1071.
  0.13518028  0.0449481755
  60.  60.
  2382744.
  1364.  429.
  0.057244923  0.0180044528
  60.  70.
  2382744.
  873.  346.
  0.0366384313  0.0145210735
  60.  80.
  2382744.
  600.  206.
  0.0251810513  0.00864549447
  60.  90.
  2382744.
  358.  131.
  0.0150246946  0.00549786305
  60.  100.
  2382744.
  229.  64.
  0.00961076841  0.00268597878
  70.  0.
  2382744.
  23696.  2064.
  0.99448365  0.0866228193
  70.  10.
  2382744.
  10919.  2046.
  0.458253175  0.08586739
  70.  20.
  2382744.
  7365.  1886.
  0.309097409  0.0791524425
  70.  30.
  2382744.
  5020.  1678.
  0.210681468  0.070423007
  70.  40.
  2382744.
  3448.  1405.
  0.144707114  0.0589656308
  70.  50.
  2382744.
  3302.  1392.
  0.138579726  0.0584200397
  70.  60.
  2382744.
  1524.  659.
  0.0639598742  0.0276571885
  70.  70.
  2382744.
  924.  448.
  0.0387788191  0.0188018512
  70.  80.
  2382744.
  602.  275.
  0.0252649877  0.0115413154
  70.  90.
  2382744.
  358.  153.
  0.0150246946  0.00642116833
  70.  100.
  2382744.
  202.  98.
  0.00847762078  0.00411290489
  80.  0.
  2382744.
  23516.  2291.
  0.986929357  0.0961496457
  80.  10.
  2382744.
  11483.  2323.
  0.481923372  0.0974926353
  80.  20.
  2382744.
  8241.  2505.
  0.345861733  0.105130889
  80.  30.
  2382744.
  5698.  2398.
  0.239136055  0.100640267
  80.  40.
  2382744.
  4102.  2068.
  0.172154456  0.0867906883
  80.  50.
  2382744.
  3951.  2275.
  0.165817231  0.0954781547
  80.  60.
  2382744.
  1694.  953.
  0.0710945055  0.039995905
  80.  70.
  2382744.
  1114.  639.
  0.0467528179  0.026817821
  80.  80.
  2382744.
  698.  393.
  0.0292939562  0.0164935887
  80.  90.
  2382744.
  350.  220.
  0.0146889472  0.00923305191
  80.  100.
  2382744.
  168.  126.
  0.00705069443  0.00528802071
  90.  0.
  2382744.
  27131.  2453.
  1.13864517  0.102948532
  90.  10.
  2382744.
  13645.  3008.
  0.572659075  0.126241013
  90.  20.
  2382744.
  9559.  3206.
  0.401176125  0.13455075
  90.  30.
  2382744.
  7360.  3278.
  0.308887571  0.137572482
  90.  40.
  2382744.
  5744.  3040.
  0.241066605  0.127583995
  90.  50.
  2382744.
  5906.  3763.
  0.247865483  0.15792717
  90.  60.
  2382744.
  2484.  1799.
  0.104249552  0.0755011886
  90.  70.
  2382744.
  1611.  1200.
  0.0676111206  0.0503621027
  90.  80.
  2382744.
  1053.  749.
  0.0441927463  0.031434346
  90.  90.
  2382744.
  502.  431.
  0.0210681465  0.0180883892
  90.  100.
  2382744.
  189.  155.
  0.00793203153  0.00650510518
  100.  0.
  2382744.
  57586.  7934.
  2.41679335  0.332977444
  100.  10.
  2382744.
  30990.  9161.
  1.30060136  0.384472698
  100.  20.
  2382744.
  23050.  9612.
  0.96737206  0.403400451
  100.  30.
  2382744.
  17751.  9631.
  0.744981408  0.404197842
  100.  40.
  2382744.
  13059.  8797.
  0.548065603  0.369196177
  100.  50.
  2382744.
  12844.  10999.
  0.539042354  0.461610645
  100.  60.
  2382744.
  5171.  5506.
  0.217018694  0.231078118
  100.  70.
  2382744.
  3237.  3966.
  0.135851771  0.166446745
  100.  80.
  2382744.
  1924.  2405.
  0.0807472393  0.100934051
  100.  90.
  2382744.
  923.  1000.
  0.03873685  0.0419684201
  100.  100.
  2382744.
  263.  202.
  0.0110376943  0.00847762078
