  0.  0.
  1146878.
  289195.  3560.
  25.215847  0.310407907
  0.  10.
  1146878.
  11457.  67.
  0.998972893  0.00584194669
  0.  20.
  1146878.
  7932.  38.
  0.691616714  0.00331334281
  0.  30.
  1146878.
  6263.  16.
  0.546091199  0.00139509176
  0.  40.
  1146878.
  5279.  24.
  0.460293084  0.00209263759
  0.  50.
  1146878.
  7231.  35.
  0.630494237  0.00305176317
  0.  60.
  1146878.
  4502.  18.
  0.392543942  0.00156947819
  0.  70.
  1146878.
  4280.  22.
  0.373187035  0.00191825116
  0.  80.
  1146878.
  4742.  21.
  0.413470298  0.00183105783
  0.  90.
  1146878.
  5777.  22.
  0.503715277  0.00191825116
  0.  100.
  1146878.
  10955.  53.
  0.955201864  0.00462124124
  10.  0.
  1146878.
  61356.  1648.
  5.34982777  0.143694445
  10.  10.
  1146878.
  4312.  74.
  0.375977218  0.00645229919
  10.  20.
  1146878.
  2424.  29.
  0.211356401  0.00252860365
  10.  30.
  1146878.
  1862.  24.
  0.162353799  0.00209263759
  10.  40.
  1146878.
  1469.  20.
  0.128086865  0.00174386462
  10.  50.
  1146878.
  1935.  22.
  0.168718904  0.00191825116
  10.  60.
  1146878.
  1106.  10.
  0.0964357182  0.000871932309
  10.  70.
  1146878.
  1108.  9.
  0.0966100991  0.000784739095
  10.  80.
  1146878.
  1212.  11.
  0.105678201  0.00095912558
  10.  90.
  1146878.
  1387.  13.
  0.120937012  0.00113351201
  10.  100.
  1146878.
  2713.  22.
  0.236555234  0.00191825116
  20.  0.
  1146878.
  47269.  1311.
  4.12153673  0.114310324
  20.  10.
  1146878.
  3746.  63.
  0.326625854  0.00549317384
  20.  20.
  1146878.
  2259.  28.
  0.196969509  0.00244141044
  20.  30.
  1146878.
  1580.  15.
  0.137765303  0.00130789843
  20.  40.
  1146878.
  1231.  16.
  0.107334867  0.00139509176
  20.  50.
  1146878.
  1576.  27.
  0.137416542  0.00235421723
  20.  60.
  1146878.
  872.  10.
  0.076032497  0.000871932309
  20.  70.
  1146878.
  857.  13.
  0.0747245997  0.00113351201
  20.  80.
  1146878.
  942.  12.
  0.0821360275  0.00104631879
  20.  90.
  1146878.
  1047.  18.
  0.0912913159  0.00156947819
  20.  100.
  1146878.
  2037.  16.
  0.177612618  0.00139509176
  30.  0.
  1146878.
  39317.  1280.
  3.4281764  0.111607336
  30.  10.
  1146878.
  3948.  76.
  0.344238877  0.00662668562
  30.  20.
  1146878.
  2117.  37.
  0.184588075  0.00322614959
  30.  30.
  1146878.
  1518.  32.
  0.132359326  0.00279018353
  30.  40.
  1146878.
  1140.  25.
  0.0994002819  0.0021798308
  30.  50.
  1146878.
  1430.  29.
  0.124686323  0.00252860365
  30.  60.
  1146878.
  816.  21.
  0.071149677  0.00183105783
  30.  70.
  1146878.
  744.  14.
  0.0648717657  0.00122070522
  30.  80.
  1146878.
  812.  15.
  0.0708009079  0.00130789843
  30.  90.
  1146878.
  924.  20.
  0.0805665478  0.00174386462
  30.  100.
  1146878.
  1682.  28.
  0.146659017  0.00244141044
  40.  0.
  1146878.
  37036.  1297.
  3.22928858  0.113089621
  40.  10.
  1146878.
  4178.  119.
  0.364293337  0.0103759943
  40.  20.
  1146878.
  2300.  53.
  0.200544432  0.00462124124
  40.  30.
  1146878.
  1499.  40.
  0.130702659  0.00348772923
  40.  40.
  1146878.
  1209.  32.
  0.105416618  0.00279018353
  40.  50.
  1146878.
  1446.  41.
  0.126081407  0.00357492245
  40.  60.
  1146878.
  776.  20.
  0.0676619485  0.00174386462
  40.  70.
  1146878.
  765.  24.
  0.0667028204  0.00209263759
  40.  80.
  1146878.
  765.  14.
  0.0667028204  0.00122070522
  40.  90.
  1146878.
  876.  19.
  0.0763812736  0.0016566714
  40.  100.
  1146878.
  1561.  24.
  0.136108637  0.00209263759
  50.  0.
  1146878.
  53792.  2117.
  4.69029856  0.184588075
  50.  10.
  1146878.
  7041.  289.
  0.613927543  0.0251988433
  50.  20.
  1146878.
  3801.  153.
  0.331421465  0.0133405644
  50.  30.
  1146878.
  2668.  109.
  0.232631549  0.00950406212
  50.  40.
  1146878.
  2105.  86.
  0.18354176  0.00749861822
  50.  50.
  1146878.
  2524.  110.
  0.220075712  0.00959125534
  50.  60.
  1146878.
  1464.  41.
  0.127650887  0.00357492245
  50.  70.
  1146878.
  1324.  45.
  0.115443841  0.00392369553
  50.  80.
  1146878.
  1319.  50.
  0.11500787  0.0043596616
  50.  90.
  1146878.
  1515.  44.
  0.132097751  0.00383650232
  50.  100.
  1146878.
  2642.  76.
  0.230364516  0.00662668562
  60.  0.
  1146878.
  36226.  1529.
  3.15866208  0.133318454
  60.  10.
  1146878.
  5264.  266.
  0.45898518  0.0231934004
  60.  20.
  1146878.
  2753.  127.
  0.24004297  0.0110735409
  60.  30.
  1146878.
  1985.  97.
  0.173078567  0.00845774356
  60.  40.
  1146878.
  1471.  66.
  0.128261238  0.00575475348
  60.  50.
  1146878.
  1764.  105.
  0.153808862  0.00915528927
  60.  60.
  1146878.
  930.  51.
  0.0810897052  0.00444685481
  60.  70.
  1146878.
  896.  42.
  0.0781251341  0.00366211566
  60.  80.
  1146878.
  893.  42.
  0.0778635591  0.00366211566
  60.  90.
  1146878.
  944.  47.
  0.0823104084  0.00409808196
  60.  100.
  1146878.
  1401.  64.
  0.122157715  0.00558036705
  70.  0.
  1146878.
  41905.  1782.
  3.65383244  0.155378342
  70.  10.
  1146878.
  6770.  376.
  0.590298176  0.0327846557
  70.  20.
  1146878.
  3483.  202.
  0.30369404  0.0176130328
  70.  30.
  1146878.
  2310.  141.
  0.201416373  0.0122942459
  70.  40.
  1146878.
  1776.  86.
  0.154855177  0.00749861822
  70.  50.
  1146878.
  2000.  137.
  0.174386472  0.011945473
  70.  60.
  1146878.
  1057.  71.
  0.0921632499  0.00619071955
  70.  70.
  1146878.
  1021.  64.
  0.0890242904  0.00558036705
  70.  80.
  1146878.
  935.  51.
  0.081525676  0.00444685481
  70.  90.
  1146878.
  969.  68.
  0.0844902396  0.00592913991
  70.  100.
  1146878.
  1334.  71.
  0.116315775  0.00619071955
  80.  0.
  1146878.
  50459.  2102.
  4.39968348  0.18328017
  80.  10.
  1146878.
  8827.  541.
  0.769654691  0.0471715406
  80.  20.
  1146878.
  4524.  310.
  0.394462198  0.0270299017
  80.  30.
  1146878.
  3178.  185.
  0.277100086  0.0161307473
  80.  40.
  1146878.
  2403.  156.
  0.209525332  0.0136021441
  80.  50.
  1146878.
  2624.  168.
  0.228795037  0.0146484626
  80.  60.
  1146878.
  1299.  101.
  0.113264009  0.00880651642
  80.  70.
  1146878.
  1094.  94.
  0.095389396  0.00819616392
  80.  80.
  1146878.
  1145.  83.
  0.0998362526  0.00723703811
  80.  90.
  1146878.
  1087.  93.
  0.0947790444  0.00810897071
  80.  100.
  1146878.
  1413.  94.
  0.123204038  0.00819616392
  90.  0.
  1146878.
  62459.  2104.
  5.44600201  0.183454558
  90.  10.
  1146878.
  11529.  660.
  1.00525081  0.057547532
  90.  20.
  1146878.
  6343.  453.
  0.553066671  0.0394985341
  90.  30.
  1146878.
  4584.  311.
  0.399693787  0.0271170959
  90.  40.
  1146878.
  3562.  258.
  0.31058228  0.0224958546
  90.  50.
  1146878.
  4078.  292.
  0.355574012  0.0254604239
  90.  60.
  1146878.
  1993.  155.
  0.173776105  0.0135149509
  90.  70.
  1146878.
  1845.  150.
  0.160871521  0.0130789848
  90.  80.
  1146878.
  1631.  132.
  0.142212167  0.011509507
  90.  90.
  1146878.
  1467.  131.
  0.127912477  0.0114223137
  90.  100.
  1146878.
  1666.  147.
  0.145263925  0.0128174052
  100.  0.
  1146878.
  56866.  1822.
  4.95833015  0.158866063
  100.  10.
  1146878.
  16778.  841.
  1.46292806  0.0733295083
  100.  20.
  1146878.
  10190.  540.
  0.888499022  0.0470843464
  100.  30.
  1146878.
  7583.  473.
  0.661186278  0.0412423983
  100.  40.
  1146878.
  6169.  426.
  0.537895024  0.0371443182
  100.  50.
  1146878.
  7802.  637.
  0.680281579  0.055542089
  100.  60.
  1146878.
  4478.  407.
  0.390451282  0.0354876444
  100.  70.
  1146878.
  4121.  347.
  0.359323323  0.0302560516
  100.  80.
  1146878.
  3900.  364.
  0.340053618  0.0317383371
  100.  90.
  1146878.
  3630.  397.
  0.316511422  0.0346157141
  100.  100.
  1146878.
  4524.  447.
  0.394462198  0.0389753766
