  0.  0.
  1147178.
  535641.  6417.
  46.6920547  0.559372663
  0.  10.
  1147178.
  47508.  1582.
  4.14129257  0.137903616
  0.  20.
  1147178.
  26648.  1090.
  2.3229177  0.0950157717
  0.  30.
  1147178.
  18388.  826.
  1.6028899  0.072002776
  0.  40.
  1147178.
  14224.  738.
  1.23991215  0.0643317774
  0.  50.
  1147178.
  15531.  1025.
  1.35384393  0.0893496946
  0.  60.
  1147178.
  7856.  637.
  0.684810877  0.0555275641
  0.  70.
  1147178.
  6112.  568.
  0.532785654  0.0495128036
  0.  80.
  1147178.
  4609.  401.
  0.401768506  0.0349553414
  0.  90.
  1147178.
  3421.  298.
  0.298210055  0.0259767883
  0.  100.
  1147178.
  2487.  247.
  0.216792867  0.0215310957
  10.  0.
  1147178.
  61037.  1671.
  5.32062149  0.145661786
  10.  10.
  1147178.
  5058.  303.
  0.440908045  0.0264126398
  10.  20.
  1147178.
  2865.  190.
  0.249743283  0.0165623818
  10.  30.
  1147178.
  2259.  160.
  0.196917996  0.0139472689
  10.  40.
  1147178.
  1833.  145.
  0.159783393  0.0126397125
  10.  50.
  1147178.
  2350.  217.
  0.20485051  0.0189159829
  10.  60.
  1147178.
  1329.  126.
  0.115849502  0.0109834746
  10.  70.
  1147178.
  1143.  119.
  0.0996358022  0.0103732813
  10.  80.
  1147178.
  887.  114.
  0.0773201734  0.00993742887
  10.  90.
  1147178.
  778.  103.
  0.067818597  0.00897855405
  10.  100.
  1147178.
  663.  82.
  0.0577939935  0.00714797527
  20.  0.
  1147178.
  43546.  1437.
  3.79592347  0.125263914
  20.  10.
  1147178.
  3137.  188.
  0.273453653  0.01638804
  20.  20.
  1147178.
  1784.  131.
  0.15551205  0.0114193261
  20.  30.
  1147178.
  1395.  129.
  0.121602751  0.0112449853
  20.  40.
  1147178.
  1155.  107.
  0.100681849  0.00932723563
  20.  50.
  1147178.
  1533.  139.
  0.133632272  0.0121166902
  20.  60.
  1147178.
  876.  82.
  0.0763612986  0.00714797527
  20.  70.
  1147178.
  784.  86.
  0.0683416203  0.00749665685
  20.  80.
  1147178.
  698.  83.
  0.0608449616  0.00723514566
  20.  90.
  1147178.
  608.  72.
  0.0529996231  0.00627627084
  20.  100.
  1147178.
  586.  97.
  0.0510818735  0.00845553167
  30.  0.
  1147178.
  36062.  1390.
  3.14354014  0.1211669
  30.  10.
  1147178.
  2473.  166.
  0.215572476  0.0144702913
  30.  20.
  1147178.
  1400.  122.
  0.122038603  0.010634793
  30.  30.
  1147178.
  1003.  95.
  0.0874319449  0.00828119088
  30.  40.
  1147178.
  904.  94.
  0.0788020715  0.00819402002
  30.  50.
  1147178.
  1130.  116.
  0.0985025838  0.0101117697
  30.  60.
  1147178.
  682.  52.
  0.0594502352  0.00453286245
  30.  70.
  1147178.
  642.  73.
  0.0559634157  0.00636344124
  30.  80.
  1147178.
  584.  88.
  0.0509075299  0.00767099764
  30.  90.
  1147178.
  606.  88.
  0.0528252795  0.00767099764
  30.  100.
  1147178.
  518.  81.
  0.0451542847  0.00706080487
  40.  0.
  1147178.
  34719.  1350.
  3.02647018  0.11768008
  40.  10.
  1147178.
  2121.  161.
  0.184888482  0.0140344389
  40.  20.
  1147178.
  1102.  89.
  0.0960618109  0.0077581685
  40.  30.
  1147178.
  819.  88.
  0.0713925809  0.00767099764
  40.  40.
  1147178.
  702.  64.
  0.0611936413  0.00557890767
  40.  50.
  1147178.
  931.  100.
  0.0811556727  0.00871704333
  40.  60.
  1147178.
  602.  54.
  0.0524765998  0.00470720325
  40.  70.
  1147178.
  504.  58.
  0.0439338982  0.00505588483
  40.  80.
  1147178.
  522.  60.
  0.0455029644  0.00523022562
  40.  90.
  1147178.
  463.  57.
  0.0403599106  0.00496871443
  40.  100.
  1147178.
  485.  95.
  0.0422776602  0.00828119088
  50.  0.
  1147178.
  51807.  1893.
  4.51603842  0.165013626
  50.  10.
  1147178.
  2666.  238.
  0.232396364  0.0207465626
  50.  20.
  1147178.
  1551.  149.
  0.135201335  0.0129883941
  50.  30.
  1147178.
  1080.  110.
  0.0941440612  0.00958874729
  50.  40.
  1147178.
  887.  92.
  0.0773201734  0.00801967923
  50.  50.
  1147178.
  1184.  169.
  0.103209786  0.014731803
  50.  60.
  1147178.
  709.  102.
  0.0618038364  0.00889138412
  50.  70.
  1147178.
  709.  91.
  0.0618038364  0.0079325093
  50.  80.
  1147178.
  626.  78.
  0.0545686893  0.00679929368
  50.  90.
  1147178.
  606.  75.
  0.0528252795  0.00653778249
  50.  100.
  1147178.
  735.  136.
  0.0640702695  0.0118551785
  60.  0.
  1147178.
  36087.  1238.
  3.14571929  0.107916996
  60.  10.
  1147178.
  1651.  144.
  0.14391838  0.0125525417
  60.  20.
  1147178.
  937.  82.
  0.081678696  0.00714797527
  60.  30.
  1147178.
  677.  67.
  0.05901438  0.00584041886
  60.  40.
  1147178.
  515.  62.
  0.044892773  0.00540456688
  60.  50.
  1147178.
  647.  86.
  0.0563992672  0.00749665685
  60.  60.
  1147178.
  378.  60.
  0.0329504237  0.00523022562
  60.  70.
  1147178.
  346.  50.
  0.0301609691  0.00435852166
  60.  80.
  1147178.
  285.  52.
  0.0248435736  0.00453286245
  60.  90.
  1147178.
  337.  49.
  0.0293764342  0.00427135127
  60.  100.
  1147178.
  456.  112.
  0.0397497155  0.00976308808
  70.  0.
  1147178.
  35062.  1125.
  3.05636954  0.0980667323
  70.  10.
  1147178.
  1405.  144.
  0.122474454  0.0125525417
  70.  20.
  1147178.
  804.  67.
  0.0700850263  0.00584041886
  70.  30.
  1147178.
  577.  66.
  0.0502973385  0.00575324846
  70.  40.
  1147178.
  408.  53.
  0.0355655365  0.00462003285
  70.  50.
  1147178.
  564.  71.
  0.0491641238  0.00618910044
  70.  60.
  1147178.
  295.  53.
  0.0257152766  0.00462003285
  70.  70.
  1147178.
  324.  45.
  0.0282432195  0.00392266922
  70.  80.
  1147178.
  273.  34.
  0.023797527  0.00296379463
  70.  90.
  1147178.
  293.  40.
  0.0255409367  0.00348681724
  70.  100.
  1147178.
  462.  80.
  0.0402727388  0.00697363447
  80.  0.
  1147178.
  24605.  938.
  2.14482856  0.0817658603
  80.  10.
  1147178.
  1108.  113.
  0.0965848342  0.00985025894
  80.  20.
  1147178.
  631.  79.
  0.0550045408  0.00688646408
  80.  30.
  1147178.
  497.  73.
  0.0433237031  0.00636344124
  80.  40.
  1147178.
  402.  52.
  0.0350425132  0.00453286245
  80.  50.
  1147178.
  438.  78.
  0.0381806493  0.00679929368
  80.  60.
  1147178.
  242.  41.
  0.0210952442  0.00357398763
  80.  70.
  1147178.
  212.  27.
  0.0184801314  0.00235360162
  80.  80.
  1147178.
  224.  38.
  0.0195261762  0.00331247644
  80.  90.
  1147178.
  279.  40.
  0.0243205503  0.00348681724
  80.  100.
  1147178.
  423.  93.
  0.036873091  0.00810685009
  90.  0.
  1147178.
  15935.  636.
  1.38906085  0.0554403923
  90.  10.
  1147178.
  970.  113.
  0.0845553204  0.00985025894
  90.  20.
  1147178.
  560.  72.
  0.0488154404  0.00627627084
  90.  30.
  1147178.
  395.  73.
  0.0344323218  0.00636344124
  90.  40.
  1147178.
  305.  45.
  0.0265869815  0.00392266922
  90.  50.
  1147178.
  324.  47.
  0.0282432195  0.00409701001
  90.  60.
  1147178.
  173.  33.
  0.0150804846  0.00287662423
  90.  70.
  1147178.
  160.  28.
  0.0139472689  0.00244077202
  90.  80.
  1147178.
  158.  18.
  0.0137729282  0.00156906771
  90.  90.
  1147178.
  185.  24.
  0.0161265302  0.00209209044
  90.  100.
  1147178.
  320.  62.
  0.0278945379  0.00540456688
  100.  0.
  1147178.
  9115.  412.
  0.794558465  0.0359142162
  100.  10.
  1147178.
  540.  44.
  0.0470720306  0.00383549882
  100.  20.
  1147178.
  324.  43.
  0.0282432195  0.00374832842
  100.  30.
  1147178.
  261.  38.
  0.0227514822  0.00331247644
  100.  40.
  1147178.
  204.  24.
  0.0177827682  0.00209209044
  100.  50.
  1147178.
  180.  25.
  0.0156906769  0.00217926083
  100.  60.
  1147178.
  110.  14.
  0.00958874729  0.00122038601
  100.  70.
  1147178.
  93.  29.
  0.00810685009  0.00252794242
  100.  80.
  1147178.
  95.  18.
  0.00828119088  0.00156906771
  100.  90.
  1147178.
  86.  12.
  0.00749665685  0.00104604522
  100.  100.
  1147178.
  112.  20.
  0.00976308808  0.00174340862
