  0.  0.
  2504936.
  1010786.  965.
  40.3517685  0.0385239385
  0.  10.
  2504936.
  119172.  404.
  4.75748682  0.0161281563
  0.  20.
  2504936.
  52718.  229.
  2.10456467  0.00914194994
  0.  30.
  2504936.
  46213.  305.
  1.84487748  0.0121759595
  0.  40.
  2504936.
  32749.  255.
  1.30737877  0.0101799006
  0.  50.
  2504936.
  29887.  201.
  1.19312429  0.00802415702
  0.  60.
  2504936.
  19470.  154.
  0.77726537  0.00614786148
  0.  70.
  2504936.
  13471.  95.
  0.537778199  0.003792512
  0.  80.
  2504936.
  14181.  79.
  0.566122234  0.00315377326
  0.  90.
  2504936.
  12379.  89.
  0.494184285  0.00355298491
  0.  100.
  2504936.
  10003.  51.
  0.39933157  0.00203598011
  10.  0.
  2504936.
  86263.  536.
  3.44372082  0.0213977527
  10.  10.
  2504936.
  22641.  384.
  0.903855443  0.0153297326
  10.  20.
  2504936.
  8936.  175.
  0.356735647  0.0069862064
  10.  30.
  2504936.
  8508.  241.
  0.339649409  0.00962100457
  10.  40.
  2504936.
  6301.  177.
  0.251543343  0.00706604868
  10.  50.
  2504936.
  4975.  142.
  0.198607862  0.00566880731
  10.  60.
  2504936.
  3854.  126.
  0.153856233  0.00503006857
  10.  70.
  2504936.
  2511.  83.
  0.100242086  0.00331345783
  10.  80.
  2504936.
  2710.  111.
  0.108186394  0.00443125097
  10.  90.
  2504936.
  2265.  63.
  0.0904214755  0.00251503428
  10.  100.
  2504936.
  1311.  32.
  0.0523366667  0.00127747771
  20.  0.
  2504936.
  45357.  401.
  1.81070495  0.0160083938
  20.  10.
  2504936.
  12395.  240.
  0.494823009  0.00958108343
  20.  20.
  2504936.
  5543.  149.
  0.221283093  0.00594825577
  20.  30.
  2504936.
  4272.  128.
  0.170543283  0.00510991085
  20.  40.
  2504936.
  2950.  108.
  0.117767483  0.00431148754
  20.  50.
  2504936.
  2790.  124.
  0.111380093  0.00495022628
  20.  60.
  2504936.
  1811.  91.
  0.0722972527  0.00363282743
  20.  70.
  2504936.
  1250.  65.
  0.0499014743  0.00259487657
  20.  80.
  2504936.
  1218.  52.
  0.0486239977  0.00207590126
  20.  90.
  2504936.
  1022.  42.
  0.0407994464  0.0016766896
  20.  100.
  2504936.
  651.  54.
  0.0259886887  0.00215574377
  30.  0.
  2504936.
  46148.  405.
  1.84228265  0.0161680784
  30.  10.
  2504936.
  14098.  284.
  0.562808812  0.0113376146
  30.  20.
  2504936.
  5928.  217.
  0.236652747  0.00866289623
  30.  30.
  2504936.
  5121.  199.
  0.204436362  0.00794431474
  30.  40.
  2504936.
  3325.  156.
  0.13273792  0.00622770423
  30.  50.
  2504936.
  2698.  151.
  0.107707344  0.00602809805
  30.  60.
  2504936.
  1956.  112.
  0.0780858248  0.00447117211
  30.  70.
  2504936.
  1154.  98.
  0.0460690409  0.00391227566
  30.  80.
  2504936.
  1224.  90.
  0.0488635227  0.00359290605
  30.  90.
  2504936.
  830.  82.
  0.0331345797  0.00327353668
  30.  100.
  2504936.
  526.  42.
  0.0209985413  0.0016766896
  40.  0.
  2504936.
  40191.  416.
  1.60447216  0.01660721
  40.  10.
  2504936.
  13085.  329.
  0.52236861  0.0131340679
  40.  20.
  2504936.
  5539.  285.
  0.221123412  0.0113775358
  40.  30.
  2504936.
  4783.  271.
  0.190943003  0.0108186398
  40.  40.
  2504936.
  3230.  242.
  0.12894541  0.00966092572
  40.  50.
  2504936.
  2577.  181.
  0.102876879  0.00722573372
  40.  60.
  2504936.
  1751.  126.
  0.0699019879  0.00503006857
  40.  70.
  2504936.
  1026.  83.
  0.040959131  0.00331345783
  40.  80.
  2504936.
  1029.  111.
  0.0410788953  0.00443125097
  40.  90.
  2504936.
  649.  99.
  0.0259088464  0.0039521968
  40.  100.
  2504936.
  400.  55.
  0.0159684718  0.00219566491
  50.  0.
  2504936.
  46737.  531.
  1.86579621  0.021198146
  50.  10.
  2504936.
  14091.  525.
  0.562529325  0.0209586192
  50.  20.
  2504936.
  6997.  457.
  0.279328495  0.0182439797
  50.  30.
  2504936.
  5315.  474.
  0.212181076  0.01892264
  50.  40.
  2504936.
  3714.  357.
  0.148267254  0.0142518608
  50.  50.
  2504936.
  3299.  320.
  0.131699964  0.0127747776
  50.  60.
  2504936.
  1766.  183.
  0.070500806  0.007305576
  50.  70.
  2504936.
  1120.  119.
  0.0447117202  0.00475062057
  50.  80.
  2504936.
  829.  121.
  0.0330946594  0.00483046286
  50.  90.
  2504936.
  551.  122.
  0.0219965708  0.004870384
  50.  100.
  2504936.
  352.  70.
  0.0140522551  0.00279448251
  60.  0.
  2504936.
  38813.  648.
  1.54946077  0.0258689243
  60.  10.
  2504936.
  13863.  582.
  0.553427339  0.0232341271
  60.  20.
  2504936.
  6038.  456.
  0.241044089  0.0182040576
  60.  30.
  2504936.
  5174.  441.
  0.206552178  0.0176052395
  60.  40.
  2504936.
  3630.  392.
  0.144913882  0.0156491026
  60.  50.
  2504936.
  2486.  290.
  0.0992440507  0.0115771424
  60.  60.
  2504936.
  1823.  230.
  0.0727763101  0.00918187108
  60.  70.
  2504936.
  983.  147.
  0.0392425209  0.00586841349
  60.  80.
  2504936.
  920.  182.
  0.0367274843  0.00726565486
  60.  90.
  2504936.
  513.  127.
  0.0204795655  0.00506998971
  60.  100.
  2504936.
  259.  70.
  0.0103395851  0.00279448251
  70.  0.
  2504936.
  36206.  686.
  1.44538617  0.0273859296
  70.  10.
  2504936.
  12669.  575.
  0.505761445  0.0229546782
  70.  20.
  2504936.
  5928.  462.
  0.236652747  0.0184435844
  70.  30.
  2504936.
  4852.  505.
  0.193697557  0.0201601963
  70.  40.
  2504936.
  3258.  404.
  0.130063206  0.0161281563
  70.  50.
  2504936.
  2543.  403.
  0.101519562  0.0160882361
  70.  60.
  2504936.
  1560.  202.
  0.0622770414  0.00806407817
  70.  70.
  2504936.
  851.  128.
  0.0339729227  0.00510991085
  70.  80.
  2504936.
  804.  137.
  0.0320966281  0.0054692016
  70.  90.
  2504936.
  387.  102.
  0.0154494969  0.00407196023
  70.  100.
  2504936.
  177.  29.
  0.00706604868  0.00115771417
  80.  0.
  2504936.
  42471.  994.
  1.69549239  0.0396816507
  80.  10.
  2504936.
  16971.  777.
  0.677502334  0.0310187563
  80.  20.
  2504936.
  8047.  635.
  0.32124573  0.0253499486
  80.  30.
  2504936.
  7325.  714.
  0.292422652  0.0285037216
  80.  40.
  2504936.
  4924.  603.
  0.196571887  0.024072472
  80.  50.
  2504936.
  3556.  655.
  0.141959712  0.0261483733
  80.  60.
  2504936.
  2602.  389.
  0.103874907  0.0155293392
  80.  70.
  2504936.
  1387.  245.
  0.0553706773  0.00978068914
  80.  80.
  2504936.
  1321.  250.
  0.05273588  0.00998029485
  80.  90.
  2504936.
  523.  169.
  0.0208787769  0.00674667954
  80.  100.
  2504936.
  196.  84.
  0.00782455131  0.0033533792
  90.  0.
  2504936.
  47808.  1228.
  1.90855181  0.0490232073
  90.  10.
  2504936.
  20981.  1231.
  0.837586284  0.0491429716
  90.  20.
  2504936.
  10662.  985.
  0.425639629  0.0393223614
  90.  30.
  2504936.
  10202.  1213.
  0.407275885  0.0484243892
  90.  40.
  2504936.
  7633.  1130.
  0.304718375  0.0451109335
  90.  50.
  2504936.
  5389.  1126.
  0.215135232  0.0449512489
  90.  60.
  2504936.
  3681.  747.
  0.146949857  0.0298211221
  90.  70.
  2504936.
  1864.  437.
  0.074413076  0.017445555
  90.  80.
  2504936.
  1720.  436.
  0.0686644316  0.0174056347
  90.  90.
  2504936.
  711.  242.
  0.0283839591  0.00966092572
  90.  100.
  2504936.
  221.  128.
  0.0088225808  0.00510991085
  100.  0.
  2504936.
  89220.  3414.
  3.56176758  0.136290908
  100.  10.
  2504936.
  47334.  5067.
  1.88962913  0.202280611
  100.  20.
  2504936.
  28450.  4959.
  1.13575757  0.197969124
  100.  30.
  2504936.
  26249.  6166.
  1.04789102  0.246153995
  100.  40.
  2504936.
  20398.  5943.
  0.81431222  0.237251565
  100.  50.
  2504936.
  16547.  6087.
  0.660575747  0.243000224
  100.  60.
  2504936.
  10499.  4291.
  0.419132471  0.171301782
  100.  70.
  2504936.
  5140.  2704.
  0.205194861  0.107946873
  100.  80.
  2504936.
  4303.  2243.
  0.17178084  0.0895432085
  100.  90.
  2504936.
  2101.  1154.
  0.083874397  0.0460690409
  100.  100.
  2504936.
  519.  334.
  0.0207190923  0.0133336736
