  0.  0.
  2504936.
  1180626.  1258.
  47.1319809  0.0502208434
  0.  10.
  2504936.
  79664.  265.
  3.18028092  0.0105791129
  0.  20.
  2504936.
  46488.  181.
  1.85585582  0.00722573372
  0.  30.
  2504936.
  32692.  178.
  1.30510318  0.00710596982
  0.  40.
  2504936.
  26336.  144.
  1.05136418  0.00574865006
  0.  50.
  2504936.
  32117.  226.
  1.28214848  0.00902218651
  0.  60.
  2504936.
  17645.  151.
  0.704409242  0.00602809805
  0.  70.
  2504936.
  16564.  124.
  0.661254406  0.00495022628
  0.  80.
  2504936.
  16317.  127.
  0.65139389  0.00506998971
  0.  90.
  2504936.
  17409.  176.
  0.694987833  0.00702612754
  0.  100.
  2504936.
  24368.  183.
  0.972799301  0.007305576
  10.  0.
  2504936.
  69070.  611.
  2.75735593  0.0243918411
  10.  10.
  2504936.
  10956.  145.
  0.43737644  0.0057885712
  10.  20.
  2504936.
  6045.  120.
  0.241323531  0.00479054172
  10.  30.
  2504936.
  4283.  97.
  0.170982406  0.00387235451
  10.  40.
  2504936.
  3587.  103.
  0.143197268  0.00411188137
  10.  50.
  2504936.
  4797.  172.
  0.191501901  0.00686644297
  10.  60.
  2504936.
  2710.  107.
  0.108186394  0.0042715664
  10.  70.
  2504936.
  2704.  113.
  0.107946873  0.00451109326
  10.  80.
  2504936.
  2639.  124.
  0.105351992  0.00495022628
  10.  90.
  2504936.
  2614.  133.
  0.104353964  0.00530951703
  10.  100.
  2504936.
  3110.  154.
  0.124154866  0.00614786148
  20.  0.
  2504936.
  45038.  570.
  1.79797006  0.0227550715
  20.  10.
  2504936.
  8436.  185.
  0.336775064  0.00738541828
  20.  20.
  2504936.
  4706.  161.
  0.187869072  0.00642730994
  20.  30.
  2504936.
  3286.  128.
  0.131181002  0.00510991085
  20.  40.
  2504936.
  2560.  108.
  0.102198221  0.00431148754
  20.  50.
  2504936.
  3100.  169.
  0.123755656  0.00674667954
  20.  60.
  2504936.
  1816.  118.
  0.0724968612  0.00471069897
  20.  70.
  2504936.
  1708.  108.
  0.0681853741  0.00431148754
  20.  80.
  2504936.
  1551.  131.
  0.0619177483  0.00522967475
  20.  90.
  2504936.
  1507.  131.
  0.060161218  0.00522967475
  20.  100.
  2504936.
  1615.  205.
  0.0644727051  0.00818384159
  30.  0.
  2504936.
  34061.  598.
  1.35975528  0.0238728654
  30.  10.
  2504936.
  7025.  244.
  0.280446291  0.009740768
  30.  20.
  2504936.
  3958.  177.
  0.158008024  0.00706604868
  30.  30.
  2504936.
  2786.  156.
  0.111220405  0.00622770423
  30.  40.
  2504936.
  2066.  143.
  0.0824771598  0.00570872892
  30.  50.
  2504936.
  2691.  177.
  0.107427895  0.00706604868
  30.  60.
  2504936.
  1526.  127.
  0.0609197207  0.00506998971
  30.  70.
  2504936.
  1390.  139.
  0.0554904379  0.00554904388
  30.  80.
  2504936.
  1250.  132.
  0.0499014743  0.00526959589
  30.  90.
  2504936.
  1142.  112.
  0.0455899872  0.00447117211
  30.  100.
  2504936.
  1179.  185.
  0.0470670722  0.00738541828
  40.  0.
  2504936.
  29566.  780.
  1.18030965  0.0311385207
  40.  10.
  2504936.
  6611.  316.
  0.263918906  0.012615093
  40.  20.
  2504936.
  3914.  241.
  0.15625149  0.00962100457
  40.  30.
  2504936.
  2764.  234.
  0.110342138  0.00934155565
  40.  40.
  2504936.
  2063.  195.
  0.0823573917  0.00778463017
  40.  50.
  2504936.
  2469.  224.
  0.0985653922  0.00894234423
  40.  60.
  2504936.
  1334.  160.
  0.0532548539  0.0063873888
  40.  70.
  2504936.
  1137.  159.
  0.0453903824  0.00634746766
  40.  80.
  2504936.
  1098.  160.
  0.0438334569  0.0063873888
  40.  90.
  2504936.
  911.  139.
  0.036368195  0.00554904388
  40.  100.
  2504936.
  840.  178.
  0.0335337892  0.00710596982
  50.  0.
  2504936.
  43371.  1384.
  1.73142147  0.0552509129
  50.  10.
  2504936.
  9921.  739.
  0.396058023  0.0295017511
  50.  20.
  2504936.
  5893.  499.
  0.23525551  0.0199206695
  50.  30.
  2504936.
  4140.  459.
  0.165273681  0.0183238219
  50.  40.
  2504936.
  3223.  441.
  0.128665969  0.0176052395
  50.  50.
  2504936.
  3658.  552.
  0.146031678  0.022036491
  50.  60.
  2504936.
  2029.  322.
  0.0810000747  0.0128546199
  50.  70.
  2504936.
  1775.  335.
  0.0708600953  0.0133735947
  50.  80.
  2504936.
  1568.  302.
  0.0625964105  0.0120561961
  50.  90.
  2504936.
  1245.  308.
  0.0497018695  0.012295723
  50.  100.
  2504936.
  1021.  268.
  0.0407595262  0.0106988763
  60.  0.
  2504936.
  26799.  1157.
  1.0698477  0.0461888053
  60.  10.
  2504936.
  6367.  653.
  0.254178137  0.026068531
  60.  20.
  2504936.
  3945.  484.
  0.157489046  0.0193218514
  60.  30.
  2504936.
  2836.  452.
  0.113216467  0.018044373
  60.  40.
  2504936.
  2085.  442.
  0.0832356587  0.0176451616
  60.  50.
  2504936.
  2252.  538.
  0.0899024978  0.021477595
  60.  60.
  2504936.
  1154.  284.
  0.0460690409  0.0113376146
  60.  70.
  2504936.
  1020.  295.
  0.0407196023  0.0117767481
  60.  80.
  2504936.
  890.  278.
  0.0355298482  0.0110980878
  60.  90.
  2504936.
  790.  298.
  0.0315377302  0.0118965115
  60.  100.
  2504936.
  627.  214.
  0.0250305794  0.0085431328
  70.  0.
  2504936.
  25303.  1419.
  1.01012564  0.0566481538
  70.  10.
  2504936.
  6766.  814.
  0.270106703  0.0324958414
  70.  20.
  2504936.
  4264.  702.
  0.170223907  0.0280246679
  70.  30.
  2504936.
  3105.  664.
  0.123955265  0.0265076626
  70.  40.
  2504936.
  2292.  618.
  0.0914993435  0.0246712882
  70.  50.
  2504936.
  2631.  747.
  0.105032623  0.0298211221
  70.  60.
  2504936.
  1368.  452.
  0.0546121746  0.018044373
  70.  70.
  2504936.
  1144.  400.
  0.0456698313  0.0159684718
  70.  80.
  2504936.
  949.  363.
  0.0378852002  0.0144913886
  70.  90.
  2504936.
  787.  316.
  0.0314179696  0.012615093
  70.  100.
  2504936.
  580.  294.
  0.0231542848  0.011736827
  80.  0.
  2504936.
  27043.  1595.
  1.07958841  0.0636742786
  80.  10.
  2504936.
  7712.  1112.
  0.307872146  0.0443923511
  80.  20.
  2504936.
  4984.  987.
  0.198967159  0.0394022055
  80.  30.
  2504936.
  3802.  1062.
  0.151780322  0.0423962921
  80.  40.
  2504936.
  3072.  900.
  0.12263786  0.0359290615
  80.  50.
  2504936.
  3442.  1349.
  0.137408704  0.053853672
  80.  60.
  2504936.
  1704.  782.
  0.0680256933  0.031218363
  80.  70.
  2504936.
  1438.  602.
  0.0574066564  0.0240325499
  80.  80.
  2504936.
  1147.  528.
  0.045789592  0.0210783836
  80.  90.
  2504936.
  879.  481.
  0.0350907184  0.0192020871
  80.  100.
  2504936.
  572.  356.
  0.0228349157  0.0142119396
  90.  0.
  2504936.
  32537.  2126.
  1.29891539  0.0848724246
  90.  10.
  2504936.
  10065.  1591.
  0.401806682  0.0635145977
  90.  20.
  2504936.
  7279.  1607.
  0.290586263  0.064153336
  90.  30.
  2504936.
  5486.  1647.
  0.219007596  0.0657501817
  90.  40.
  2504936.
  4412.  1586.
  0.176132247  0.0633149892
  90.  50.
  2504936.
  5110.  2381.
  0.203997225  0.0950523317
  90.  60.
  2504936.
  2678.  1389.
  0.106908917  0.0554505177
  90.  70.
  2504936.
  2164.  1220.
  0.0863894299  0.0487038381
  90.  80.
  2504936.
  1767.  1096.
  0.0705407262  0.0437536128
  90.  90.
  2504936.
  1380.  872.
  0.0550912283  0.0348112695
  90.  100.
  2504936.
  695.  607.
  0.0277452189  0.0242321566
  100.  0.
  2504936.
  113254.  8355.
  4.52123308  0.333541453
  100.  10.
  2504936.
  38552.  7588.
  1.53904128  0.302921921
  100.  20.
  2504936.
  27345.  8676.
  1.09164464  0.346356153
  100.  30.
  2504936.
  21599.  9363.
  0.86225754  0.373782009
  100.  40.
  2504936.
  17125.  9918.
  0.683650196  0.395938247
  100.  50.
  2504936.
  19860.  14363.
  0.79283464  0.573387921
  100.  60.
  2504936.
  9797.  8972.
  0.391107798  0.358172834
  100.  70.
  2504936.
  7506.  7952.
  0.299648374  0.317453206
  100.  80.
  2504936.
  5842.  6505.
  0.233219534  0.259687275
  100.  90.
  2504936.
  3777.  4586.
  0.150782302  0.183078527
  100.  100.
  2504936.
  1591.  2148.
  0.0635145977  0.0857506916
