  0.  0.
  2558395.
  1338083.  777.
  52.3016586  0.0303706042
  0.  10.
  2558395.
  83941.  275.
  3.28100228  0.0107489266
  0.  20.
  2558395.
  36915.  147.
  1.44289684  0.00574578997
  0.  30.
  2558395.
  34731.  192.
  1.35753083  0.00750470487
  0.  40.
  2558395.
  25327.  177.
  0.989956617  0.00691840006
  0.  50.
  2558395.
  26163.  235.
  1.02263331  0.00918544643
  0.  60.
  2558395.
  16593.  186.
  0.648570657  0.00727018295
  0.  70.
  2558395.
  13057.  131.
  0.510359049  0.00512039755
  0.  80.
  2558395.
  15878.  165.
  0.620623469  0.00644935574
  0.  90.
  2558395.
  17390.  196.
  0.679723024  0.00766105298
  0.  100.
  2558395.
  34879.  378.
  1.3633157  0.0147748878
  10.  0.
  2558395.
  59077.  250.
  2.30914307  0.00977175124
  10.  10.
  2558395.
  11496.  146.
  0.449344218  0.00570670282
  10.  20.
  2558395.
  4450.  82.
  0.173937172  0.00320513453
  10.  30.
  2558395.
  4168.  138.
  0.162914634  0.00539400661
  10.  40.
  2558395.
  2879.  89.
  0.112531491  0.0034787436
  10.  50.
  2558395.
  2337.  101.
  0.0913463309  0.00394778745
  10.  60.
  2558395.
  1968.  104.
  0.0769232288  0.00406504842
  10.  70.
  2558395.
  1349.  61.
  0.0527283698  0.00238430733
  10.  80.
  2558395.
  1740.  103.
  0.0680113882  0.00402596174
  10.  90.
  2558395.
  1757.  110.
  0.0686758682  0.00429957081
  10.  100.
  2558395.
  2704.  214.
  0.105691262  0.00836461969
  20.  0.
  2558395.
  29312.  161.
  1.14571834  0.0062930081
  20.  10.
  2558395.
  5315.  126.
  0.20774743  0.00492496276
  20.  20.
  2558395.
  2688.  90.
  0.105065875  0.00351783051
  20.  30.
  2558395.
  2254.  97.
  0.0881021097  0.00379143958
  20.  40.
  2558395.
  1527.  85.
  0.0596858561  0.0033223955
  20.  50.
  2558395.
  1394.  79.
  0.0544872843  0.00308787334
  20.  60.
  2558395.
  876.  77.
  0.034240216  0.00300969952
  20.  70.
  2558395.
  718.  69.
  0.0280644707  0.00269700331
  20.  80.
  2558395.
  700.  86.
  0.0273609031  0.00336148241
  20.  90.
  2558395.
  765.  64.
  0.0299015585  0.00250156829
  20.  100.
  2558395.
  1136.  123.
  0.0444028378  0.0048077018
  30.  0.
  2558395.
  30471.  215.
  1.19102013  0.00840370636
  30.  10.
  2558395.
  6537.  150.
  0.255511761  0.00586305093
  30.  20.
  2558395.
  2877.  105.
  0.112453319  0.00410413556
  30.  30.
  2558395.
  2844.  133.
  0.111163445  0.00519857183
  30.  40.
  2558395.
  1770.  126.
  0.0691839978  0.00492496276
  30.  50.
  2558395.
  1450.  95.
  0.0566761568  0.00371326553
  30.  60.
  2558395.
  1017.  97.
  0.039751485  0.00379143958
  30.  70.
  2558395.
  687.  67.
  0.0268527735  0.00261882949
  30.  80.
  2558395.
  796.  115.
  0.0311132558  0.00449500559
  30.  90.
  2558395.
  701.  105.
  0.0273999907  0.00410413556
  30.  100.
  2558395.
  961.  171.
  0.0375626124  0.00668387813
  40.  0.
  2558395.
  28412.  211.
  1.11054003  0.00824735779
  40.  10.
  2558395.
  5605.  132.
  0.219082668  0.00515948469
  40.  20.
  2558395.
  2531.  95.
  0.0989292115  0.00371326553
  40.  30.
  2558395.
  2304.  137.
  0.0900564641  0.00535491994
  40.  40.
  2558395.
  1602.  108.
  0.0626173839  0.00422139652
  40.  50.
  2558395.
  1375.  128.
  0.0537446328  0.00500313658
  40.  60.
  2558395.
  967.  132.
  0.0377971344  0.00515948469
  40.  70.
  2558395.
  630.  90.
  0.0246248133  0.00351783051
  40.  80.
  2558395.
  705.  122.
  0.0275563393  0.00476861466
  40.  90.
  2558395.
  640.  102.
  0.0250156838  0.0039868746
  40.  100.
  2558395.
  791.  179.
  0.0309178215  0.00699657388
  50.  0.
  2558395.
  46371.  360.
  1.81250358  0.014071322
  50.  10.
  2558395.
  7539.  233.
  0.29467693  0.00910727214
  50.  20.
  2558395.
  3796.  176.
  0.148374274  0.00687931292
  50.  30.
  2558395.
  2847.  179.
  0.111280702  0.00699657388
  50.  40.
  2558395.
  2024.  162.
  0.0791120976  0.00633209478
  50.  50.
  2558395.
  1900.  207.
  0.0742653087  0.00809101015
  50.  60.
  2558395.
  1041.  151.
  0.0406895727  0.00590213807
  50.  70.
  2558395.
  830.  152.
  0.0324422158  0.00594122475
  50.  80.
  2558395.
  745.  150.
  0.0291198194  0.00586305093
  50.  90.
  2558395.
  592.  141.
  0.0231395066  0.00551126758
  50.  100.
  2558395.
  844.  265.
  0.0329894312  0.0103580561
  60.  0.
  2558395.
  26111.  240.
  1.0206008  0.00938088167
  60.  10.
  2558395.
  5855.  220.
  0.228854418  0.00859914161
  60.  20.
  2558395.
  2737.  156.
  0.106981136  0.00609757286
  60.  30.
  2558395.
  2449.  189.
  0.095724076  0.00738744391
  60.  40.
  2558395.
  1666.  159.
  0.0651189536  0.00621483382
  60.  50.
  2558395.
  1417.  175.
  0.0553862862  0.00684022577
  60.  60.
  2558395.
  1080.  173.
  0.0422139652  0.00676205195
  60.  70.
  2558395.
  646.  141.
  0.0252502058  0.00551126758
  60.  80.
  2558395.
  670.  172.
  0.0261882935  0.00672296481
  60.  90.
  2558395.
  568.  192.
  0.0222014189  0.00750470487
  60.  100.
  2558395.
  595.  217.
  0.0232567675  0.00848188065
  70.  0.
  2558395.
  26499.  262.
  1.0357666  0.0102407951
  70.  10.
  2558395.
  5286.  214.
  0.206613913  0.00836461969
  70.  20.
  2558395.
  2410.  146.
  0.0941996872  0.00570670282
  70.  30.
  2558395.
  2251.  212.
  0.0879848525  0.0082864454
  70.  40.
  2558395.
  1693.  219.
  0.0661742985  0.008560054
  70.  50.
  2558395.
  1573.  279.
  0.06148386  0.0109052742
  70.  60.
  2558395.
  1021.  256.
  0.0399078317  0.0100062732
  70.  70.
  2558395.
  652.  188.
  0.0254847277  0.00734835723
  70.  80.
  2558395.
  554.  188.
  0.0216542017  0.00734835723
  70.  90.
  2558395.
  439.  181.
  0.0171591956  0.00707474817
  70.  100.
  2558395.
  514.  253.
  0.0200907215  0.0098890122
  80.  0.
  2558395.
  27181.  259.
  1.06242394  0.0101235341
  80.  10.
  2558395.
  6617.  263.
  0.25863871  0.0102798827
  80.  20.
  2558395.
  3424.  226.
  0.133833915  0.00883366354
  80.  30.
  2558395.
  3114.  273.
  0.121716939  0.0106707523
  80.  40.
  2558395.
  2172.  309.
  0.0848969743  0.0120778847
  80.  50.
  2558395.
  1916.  355.
  0.074890703  0.0138758868
  80.  60.
  2558395.
  1240.  305.
  0.0484678857  0.0119215371
  80.  70.
  2558395.
  850.  270.
  0.0332239531  0.0105534913
  80.  80.
  2558395.
  820.  290.
  0.0320513435  0.0113352314
  80.  90.
  2558395.
  772.  271.
  0.0301751681  0.0105925789
  80.  100.
  2558395.
  585.  238.
  0.0228658989  0.00930270739
  90.  0.
  2558395.
  34436.  392.
  1.34600008  0.015322106
  90.  10.
  2558395.
  10364.  468.
  0.405097723  0.0182927195
  90.  20.
  2558395.
  4652.  381.
  0.181832746  0.0148921488
  90.  30.
  2558395.
  4587.  499.
  0.179292098  0.0195044167
  90.  40.
  2558395.
  3403.  506.
  0.133013085  0.0197780244
  90.  50.
  2558395.
  2768.  575.
  0.108192831  0.0224750284
  90.  60.
  2558395.
  2125.  550.
  0.0830598846  0.0214978531
  90.  70.
  2558395.
  1250.  357.
  0.0488587581  0.0139540611
  90.  80.
  2558395.
  1285.  517.
  0.0502268039  0.0202079825
  90.  90.
  2558395.
  1016.  355.
  0.0397123992  0.0138758868
  90.  100.
  2558395.
  801.  347.
  0.0313086919  0.0135631906
  100.  0.
  2558395.
  160192.  2754.
  6.2614255  0.107645616
  100.  10.
  2558395.
  51456.  3087.
  2.01126099  0.120661587
  100.  20.
  2558395.
  30311.  3024.
  1.18476617  0.118199103
  100.  30.
  2558395.
  29097.  4478.
  1.13731456  0.175031617
  100.  40.
  2558395.
  21297.  4817.
  0.832435966  0.188282102
  100.  50.
  2558395.
  17377.  5741.
  0.679214895  0.224398494
  100.  60.
  2558395.
  12407.  4994.
  0.48495248  0.195200503
  100.  70.
  2558395.
  6736.  3745.
  0.263290077  0.146380842
  100.  80.
  2558395.
  6760.  3933.
  0.264228165  0.1537292
  100.  90.
  2558395.
  4712.  3671.
  0.184177965  0.143488392
  100.  100.
  2558395.
  2510.  2720.
  0.098108381  0.106316656
