  0.  0.
  16777216.
  16777216.  7608.
  100.  0.0453472137
  0.  10.
  16777216.
  226129.  842.
  1.34783387  0.00501871109
  0.  20.
  16777216.
  96070.  510.
  0.572621822  0.00303983688
  0.  30.
  16777216.
  56855.  299.
  0.338882208  0.00178217888
  0.  40.
  16777216.
  39365.  198.
  0.234633684  0.00118017197
  0.  50.
  16777216.
  40498.  213.
  0.24138689  0.00126957893
  0.  60.
  16777216.
  15488.  83.
  0.0923156738  0.000494718552
  0.  70.
  16777216.
  11002.  54.
  0.0655770302  0.000321865082
  0.  80.
  16777216.
  8046.  32.
  0.0479578972  0.000190734863
  0.  90.
  16777216.
  6124.  24.
  0.0365018845  0.000143051147
  0.  100.
  16777216.
  4603.  8.
  0.027436018  4.76837158E-05
  10.  0.
  16777216.
  898414.  4256.
  5.35496473  0.0253677368
  10.  10.
  16777216.
  26111.  550.
  0.155633688  0.00327825546
  10.  20.
  16777216.
  9670.  316.
  0.0576376915  0.00188350677
  10.  30.
  16777216.
  4952.  210.
  0.0295162201  0.00125169754
  10.  40.
  16777216.
  2932.  114.
  0.0174760818  0.00067949295
  10.  50.
  16777216.
  2392.  103.
  0.014257431  0.000613927841
  10.  60.
  16777216.
  781.  61.
  0.00465512276  0.000363588333
  10.  70.
  16777216.
  426.  34.
  0.00253915787  0.000202655792
  10.  80.
  16777216.
  254.  18.
  0.00151395798  0.000107288361
  10.  90.
  16777216.
  123.  17.
  0.000733137131  0.000101327896
  10.  100.
  16777216.
  22.  6.
  0.000131130219  3.57627869E-05
  20.  0.
  16777216.
  597205.  4068.
  3.55961919  0.0242471695
  20.  10.
  16777216.
  18575.  514.
  0.110715628  0.00306367874
  20.  20.
  16777216.
  7178.  276.
  0.042784214  0.0016450882
  20.  30.
  16777216.
  3581.  179.
  0.0213444233  0.00106692314
  20.  40.
  16777216.
  1870.  124.
  0.0111460686  0.000739097595
  20.  50.
  16777216.
  1464.  104.
  0.00872612  0.000619888306
  20.  60.
  16777216.
  417.  42.
  0.00248551369  0.000250339508
  20.  70.
  16777216.
  232.  17.
  0.00138282776  0.000101327896
  20.  80.
  16777216.
  139.  14.
  0.000828504562  8.34465027E-05
  20.  90.
  16777216.
  53.  24.
  0.000315904617  0.000143051147
  20.  100.
  16777216.
  18.  14.
  0.000107288361  8.34465027E-05
  30.  0.
  16777216.
  478314.  4276.
  2.85097361  0.0254869461
  30.  10.
  16777216.
  16493.  522.
  0.0983059406  0.00311136246
  30.  20.
  16777216.
  6103.  280.
  0.0363767147  0.00166893005
  30.  30.
  16777216.
  3021.  169.
  0.0180065632  0.0010073185
  30.  40.
  16777216.
  1534.  114.
  0.00914335251  0.00067949295
  30.  50.
  16777216.
  1122.  109.
  0.00668764114  0.000649690628
  30.  60.
  16777216.
  308.  39.
  0.00183582306  0.000232458115
  30.  70.
  16777216.
  166.  20.
  0.000989437103  0.00011920929
  30.  80.
  16777216.
  67.  16.
  0.00039935112  9.53674316E-05
  30.  90.
  16777216.
  28.  6.
  0.000166893005  3.57627869E-05
  30.  100.
  16777216.
  18.  2.
  0.000107288361  1.1920929E-05
  40.  0.
  16777216.
  443515.  4752.
  2.6435554  0.0283241272
  40.  10.
  16777216.
  15793.  623.
  0.0941336155  0.00371336937
  40.  20.
  16777216.
  5916.  308.
  0.0352621078  0.00183582306
  40.  30.
  16777216.
  2919.  172.
  0.0173985958  0.00102519989
  40.  40.
  16777216.
  1465.  118.
  0.00873208046  0.000703334808
  40.  50.
  16777216.
  1055.  88.
  0.00628829002  0.000524520874
  40.  60.
  16777216.
  265.  47.
  0.00157952309  0.00028014183
  40.  70.
  16777216.
  122.  22.
  0.000727176666  0.000131130219
  40.  80.
  16777216.
  58.  10.
  0.00034570694  5.96046448E-05
  40.  90.
  16777216.
  31.  2.
  0.000184774399  1.1920929E-05
  40.  100.
  16777216.
  11.  9.
  6.55651093E-05  5.36441803E-05
  50.  0.
  16777216.
  673710.  8306.
  4.01562452  0.049507618
  50.  10.
  16777216.
  23796.  1131.
  0.141835213  0.00674128532
  50.  20.
  16777216.
  8680.  522.
  0.0517368317  0.00311136246
  50.  30.
  16777216.
  3991.  312.
  0.0237882137  0.00185966492
  50.  40.
  16777216.
  2019.  204.
  0.0120341778  0.00121593475
  50.  50.
  16777216.
  1366.  166.
  0.00814199448  0.000989437103
  50.  60.
  16777216.
  341.  48.
  0.00203251839  0.000286102295
  50.  70.
  16777216.
  139.  23.
  0.000828504562  0.000137090683
  50.  80.
  16777216.
  61.  11.
  0.000363588333  6.55651093E-05
  50.  90.
  16777216.
  35.  10.
  0.000208616257  5.96046448E-05
  50.  100.
  16777216.
  11.  4.
  6.55651093E-05  2.38418579E-05
  60.  0.
  16777216.
  398130.  6696.
  2.37303972  0.0399112701
  60.  10.
  16777216.
  16980.  1025.
  0.101208687  0.00610947609
  60.  20.
  16777216.
  6049.  408.
  0.0360548496  0.00243186951
  60.  30.
  16777216.
  2565.  228.
  0.0152885914  0.0013589859
  60.  40.
  16777216.
  1314.  142.
  0.00783205032  0.000846385956
  60.  50.
  16777216.
  805.  133.
  0.0047981739  0.000792741776
  60.  60.
  16777216.
  176.  27.
  0.00104904175  0.000160932541
  60.  70.
  16777216.
  65.  17.
  0.000387430191  0.000101327896
  60.  80.
  16777216.
  33.  8.
  0.000196695328  4.76837158E-05
  60.  90.
  16777216.
  18.  2.
  0.000107288361  1.1920929E-05
  60.  100.
  16777216.
  7.  0.
  4.17232513E-05  0.
  70.  0.
  16777216.
  394344.  8579.
  2.3504734  0.0511348248
  70.  10.
  16777216.
  20033.  1673.
  0.119405985  0.00997185707
  70.  20.
  16777216.
  6936.  773.
  0.0413417816  0.00460743904
  70.  30.
  16777216.
  2917.  373.
  0.0173866749  0.00222325325
  70.  40.
  16777216.
  1349.  219.
  0.00804066658  0.00130534172
  70.  50.
  16777216.
  796.  131.
  0.00474452972  0.000780820847
  70.  60.
  16777216.
  195.  36.
  0.00116229057  0.000214576721
  70.  70.
  16777216.
  84.  18.
  0.000500679016  0.000107288361
  70.  80.
  16777216.
  21.  8.
  0.000125169754  4.76837158E-05
  70.  90.
  16777216.
  15.  2.
  8.94069672E-05  1.1920929E-05
  70.  100.
  16777216.
  6.  1.
  3.57627869E-05  5.96046448E-06
  80.  0.
  16777216.
  418343.  11548.
  2.49351859  0.0688314438
  80.  10.
  16777216.
  22923.  2406.
  0.136631727  0.0143408775
  80.  20.
  16777216.
  7563.  974.
  0.0450789928  0.0058054924
  80.  30.
  16777216.
  3027.  436.
  0.018042326  0.00259876251
  80.  40.
  16777216.
  1441.  238.
  0.00858902931  0.00141859055
  80.  50.
  16777216.
  847.  141.
  0.00504851341  0.000840425491
  80.  60.
  16777216.
  205.  41.
  0.00122189522  0.000244379044
  80.  70.
  16777216.
  94.  25.
  0.000560283661  0.000149011612
  80.  80.
  16777216.
  51.  9.
  0.000303983688  5.36441803E-05
  80.  90.
  16777216.
  17.  2.
  0.000101327896  1.1920929E-05
  80.  100.
  16777216.
  5.  0.
  2.98023224E-05  0.
  90.  0.
  16777216.
  475648.  15270.
  2.83508301  0.0910162926
  90.  10.
  16777216.
  23661.  2923.
  0.14103055  0.0174224377
  90.  20.
  16777216.
  7005.  1096.
  0.0417530537  0.00653266907
  90.  30.
  16777216.
  2594.  493.
  0.0154614449  0.00293850899
  90.  40.
  16777216.
  1193.  214.
  0.00711083412  0.0012755394
  90.  50.
  16777216.
  680.  149.
  0.00405311584  0.000888109207
  90.  60.
  16777216.
  163.  34.
  0.00097155571  0.000202655792
  90.  70.
  16777216.
  57.  11.
  0.000339746475  6.55651093E-05
  90.  80.
  16777216.
  27.  7.
  0.000160932541  4.17232513E-05
  90.  90.
  16777216.
  12.  1.
  7.15255737E-05  5.96046448E-06
  90.  100.
  16777216.
  4.  0.
  2.38418579E-05  0.
  100.  0.
  16777216.
  818425.  23130.
  4.8781929  0.137865543
  100.  10.
  16777216.
  26991.  3624.
  0.160878897  0.0216007233
  100.  20.
  16777216.
  7977.  1398.
  0.0475466251  0.00833272934
  100.  30.
  16777216.
  2933.  670.
  0.0174820423  0.0039935112
  100.  40.
  16777216.
  1320.  334.
  0.00786781311  0.00199079514
  100.  50.
  16777216.
  722.  207.
  0.00430345535  0.00123381615
  100.  60.
  16777216.
  188.  63.
  0.00112056732  0.000375509262
  100.  70.
  16777216.
  80.  19.
  0.000476837158  0.000113248825
  100.  80.
  16777216.
  45.  5.
  0.000268220901  2.98023224E-05
  100.  90.
  16777216.
  19.  1.
  0.000113248825  5.96046448E-06
  100.  100.
  16777216.
  7.  0.
  4.17232513E-05  0.
