  0.  0.
  16777216.
  16777216.  24851.
  100.  0.148123503
  0.  10.
  16777216.
  295470.  3145.
  1.76113844  0.0187456608
  0.  20.
  16777216.
  122338.  1722.
  0.729191303  0.0102639198
  0.  30.
  16777216.
  70146.  1041.
  0.418102741  0.00620484352
  0.  40.
  16777216.
  46735.  681.
  0.278562307  0.00405907631
  0.  50.
  16777216.
  46250.  634.
  0.275671482  0.00377893448
  0.  60.
  16777216.
  17192.  279.
  0.102472305  0.00166296959
  0.  70.
  16777216.
  11912.  157.
  0.0710010529  0.000935792923
  0.  80.
  16777216.
  8539.  84.
  0.0508964062  0.000500679016
  0.  90.
  16777216.
  6352.  80.
  0.0378608704  0.000476837158
  0.  100.
  16777216.
  4661.  36.
  0.0277817249  0.000214576721
  10.  0.
  16777216.
  719002.  8155.
  4.28558588  0.0486075878
  10.  10.
  16777216.
  25457.  1115.
  0.151735544  0.00664591789
  10.  20.
  16777216.
  9292.  522.
  0.0553846359  0.00311136246
  10.  30.
  16777216.
  4203.  334.
  0.0250518322  0.00199079514
  10.  40.
  16777216.
  2181.  239.
  0.012999773  0.00142455101
  10.  50.
  16777216.
  1416.  195.
  0.0084400177  0.00116229057
  10.  60.
  16777216.
  401.  55.
  0.00239014626  0.000327825546
  10.  70.
  16777216.
  170.  27.
  0.00101327896  0.000160932541
  10.  80.
  16777216.
  71.  15.
  0.000423192978  8.94069672E-05
  10.  90.
  16777216.
  44.  1.
  0.000262260437  5.96046448E-06
  10.  100.
  16777216.
  24.  4.
  0.000143051147  2.38418579E-05
  20.  0.
  16777216.
  458766.  6989.
  2.73445845  0.0416576862
  20.  10.
  16777216.
  17759.  1005.
  0.105851889  0.0059902668
  20.  20.
  16777216.
  6144.  440.
  0.0366210938  0.00262260437
  20.  30.
  16777216.
  2931.  228.
  0.0174701214  0.0013589859
  20.  40.
  16777216.
  1334.  165.
  0.00795125961  0.000983476639
  20.  50.
  16777216.
  961.  123.
  0.00572800636  0.000733137131
  20.  60.
  16777216.
  201.  38.
  0.00119805336  0.00022649765
  20.  70.
  16777216.
  104.  21.
  0.000619888306  0.000125169754
  20.  80.
  16777216.
  53.  17.
  0.000315904617  0.000101327896
  20.  90.
  16777216.
  22.  5.
  0.000131130219  2.98023224E-05
  20.  100.
  16777216.
  9.  4.
  5.36441803E-05  2.38418579E-05
  30.  0.
  16777216.
  352555.  6325.
  2.10139155  0.0376999378
  30.  10.
  16777216.
  14511.  971.
  0.0864923  0.00578761101
  30.  20.
  16777216.
  4998.  377.
  0.0297904015  0.00224709511
  30.  30.
  16777216.
  2169.  238.
  0.0129282475  0.00141859055
  30.  40.
  16777216.
  1049.  121.
  0.00625252724  0.000721216202
  30.  50.
  16777216.
  663.  100.
  0.00395178795  0.000596046448
  30.  60.
  16777216.
  170.  28.
  0.00101327896  0.000166893005
  30.  70.
  16777216.
  64.  10.
  0.000381469727  5.96046448E-05
  30.  80.
  16777216.
  29.  5.
  0.00017285347  2.98023224E-05
  30.  90.
  16777216.
  14.  1.
  8.34465027E-05  5.96046448E-06
  30.  100.
  16777216.
  5.  0.
  2.98023224E-05  0.
  40.  0.
  16777216.
  310216.  6546.
  1.84903145  0.0390172005
  40.  10.
  16777216.
  13640.  1091.
  0.0813007355  0.00650286674
  40.  20.
  16777216.
  4573.  444.
  0.0272572041  0.00264644623
  40.  30.
  16777216.
  1979.  216.
  0.0117957592  0.00128746033
  40.  40.
  16777216.
  1002.  129.
  0.00597238541  0.000768899918
  40.  50.
  16777216.
  552.  74.
  0.00329017639  0.000441074371
  40.  60.
  16777216.
  109.  16.
  0.000649690628  9.53674316E-05
  40.  70.
  16777216.
  60.  10.
  0.000357627869  5.96046448E-05
  40.  80.
  16777216.
  26.  2.
  0.000154972076  1.1920929E-05
  40.  90.
  16777216.
  9.  0.
  5.36441803E-05  0.
  40.  100.
  16777216.
  6.  0.
  3.57627869E-05  0.
  50.  0.
  16777216.
  433711.  10198.
  2.58511901  0.0607848167
  50.  10.
  16777216.
  18730.  1776.
  0.1116395  0.0105857849
  50.  20.
  16777216.
  5910.  739.
  0.0352263451  0.00440478325
  50.  30.
  16777216.
  2357.  332.
  0.0140488148  0.00197887421
  50.  40.
  16777216.
  1153.  186.
  0.00687241554  0.00110864639
  50.  50.
  16777216.
  678.  119.
  0.00404119492  0.000709295273
  50.  60.
  16777216.
  161.  22.
  0.000959634781  0.000131130219
  50.  70.
  16777216.
  59.  7.
  0.000351667404  4.17232513E-05
  50.  80.
  16777216.
  26.  5.
  0.000154972076  2.98023224E-05
  50.  90.
  16777216.
  11.  1.
  6.55651093E-05  5.96046448E-06
  50.  100.
  16777216.
  0.  0.
  0.  0.
  60.  0.
  16777216.
  240959.  7325.
  1.43622756  0.0436604023
  60.  10.
  16777216.
  13861.  1527.
  0.0826179981  0.00910162926
  60.  20.
  16777216.
  4600.  639.
  0.0274181366  0.0038087368
  60.  30.
  16777216.
  1693.  272.
  0.0100910664  0.00162124634
  60.  40.
  16777216.
  750.  142.
  0.00447034836  0.000846385956
  60.  50.
  16777216.
  403.  86.
  0.00240206718  0.000512599945
  60.  60.
  16777216.
  93.  23.
  0.000554323196  0.000137090683
  60.  70.
  16777216.
  26.  7.
  0.000154972076  4.17232513E-05
  60.  80.
  16777216.
  15.  3.
  8.94069672E-05  1.78813934E-05
  60.  90.
  16777216.
  5.  2.
  2.98023224E-05  1.1920929E-05
  60.  100.
  16777216.
  0.  0.
  0.  0.
  70.  0.
  16777216.
  227064.  8653.
  1.35340691  0.0515758991
  70.  10.
  16777216.
  14418.  2001.
  0.0859379768  0.0119268894
  70.  20.
  16777216.
  4620.  797.
  0.0275373459  0.00475049019
  70.  30.
  16777216.
  1610.  321.
  0.00959634781  0.0019133091
  70.  40.
  16777216.
  637.  111.
  0.00379681587  0.000661611557
  70.  50.
  16777216.
  327.  60.
  0.00194907188  0.000357627869
  70.  60.
  16777216.
  82.  19.
  0.000488758087  0.000113248825
  70.  70.
  16777216.
  24.  4.
  0.000143051147  2.38418579E-05
  70.  80.
  16777216.
  20.  2.
  0.00011920929  1.1920929E-05
  70.  90.
  16777216.
  5.  0.
  2.98023224E-05  0.
  70.  100.
  16777216.
  1.  0.
  5.96046448E-06  0.
  80.  0.
  16777216.
  203821.  7518.
  1.21486783  0.0448107719
  80.  10.
  16777216.
  9960.  1376.
  0.0593662262  0.00820159912
  80.  20.
  16777216.
  2813.  480.
  0.0167667866  0.00286102295
  80.  30.
  16777216.
  1009.  228.
  0.00601410866  0.0013589859
  80.  40.
  16777216.
  401.  92.
  0.00239014626  0.000548362732
  80.  50.
  16777216.
  243.  48.
  0.00144839287  0.000286102295
  80.  60.
  16777216.
  58.  10.
  0.00034570694  5.96046448E-05
  80.  70.
  16777216.
  21.  3.
  0.000125169754  1.78813934E-05
  80.  80.
  16777216.
  10.  2.
  5.96046448E-05  1.1920929E-05
  80.  90.
  16777216.
  7.  1.
  4.17232513E-05  5.96046448E-06
  80.  100.
  16777216.
  5.  0.
  2.98023224E-05  0.
  90.  0.
  16777216.
  185810.  6400.
  1.1075139  0.0381469727
  90.  10.
  16777216.
  7402.  1053.
  0.0441193581  0.00627636909
  90.  20.
  16777216.
  2004.  434.
  0.0119447708  0.00258684158
  90.  30.
  16777216.
  665.  179.
  0.00396370888  0.00106692314
  90.  40.
  16777216.
  290.  87.
  0.0017285347  0.00051856041
  90.  50.
  16777216.
  131.  57.
  0.000780820847  0.000339746475
  90.  60.
  16777216.
  20.  12.
  0.00011920929  7.15255737E-05
  90.  70.
  16777216.
  7.  5.
  4.17232513E-05  2.98023224E-05
  90.  80.
  16777216.
  5.  1.
  2.98023224E-05  5.96046448E-06
  90.  90.
  16777216.
  0.  0.
  0.  0.
  90.  100.
  16777216.
  1.  0.
  5.96046448E-06  0.
  100.  0.
  16777216.
  233989.  5529.
  1.39468312  0.0329554081
  100.  10.
  16777216.
  6277.  773.
  0.0374138355  0.00460743904
  100.  20.
  16777216.
  1855.  267.
  0.0110566616  0.00159144402
  100.  30.
  16777216.
  593.  152.
  0.00353455544  0.000905990601
  100.  40.
  16777216.
  270.  66.
  0.00160932541  0.000393390656
  100.  50.
  16777216.
  123.  48.
  0.000733137131  0.000286102295
  100.  60.
  16777216.
  40.  19.
  0.000238418579  0.000113248825
  100.  70.
  16777216.
  20.  9.
  0.00011920929  5.36441803E-05
  100.  80.
  16777216.
  8.  2.
  4.76837158E-05  1.1920929E-05
  100.  90.
  16777216.
  6.  0.
  3.57627869E-05  0.
  100.  100.
  16777216.
  0.  0.
  0.  0.
