  0.  0.
  2550758.
  1236244.  517.
  48.4657516  0.020268485
  0.  10.
  2550758.
  75433.  162.
  2.95727777  0.00635105325
  0.  20.
  2550758.
  33339.  100.
  1.30702329  0.00392040331
  0.  30.
  2550758.
  31536.  124.
  1.23633838  0.00486129988
  0.  40.
  2550758.
  22816.  106.
  0.894479215  0.00415562745
  0.  50.
  2550758.
  23772.  174.
  0.931958258  0.00682150153
  0.  60.
  2550758.
  16009.  121.
  0.627617359  0.00474368781
  0.  70.
  2550758.
  12381.  73.
  0.48538512  0.00286189443
  0.  80.
  2550758.
  15105.  89.
  0.592176914  0.00348915881
  0.  90.
  2550758.
  16439.  134.
  0.644475102  0.00525334058
  0.  100.
  2550758.
  30326.  244.
  1.18890154  0.00956578366
  10.  0.
  2550758.
  63711.  218.
  2.49772811  0.00854647905
  10.  10.
  2550758.
  10772.  112.
  0.422305852  0.00439085159
  10.  20.
  2550758.
  4172.  55.
  0.163559228  0.00215622177
  10.  30.
  2550758.
  4182.  68.
  0.163951263  0.00266587432
  10.  40.
  2550758.
  2862.  61.
  0.112201944  0.00239144592
  10.  50.
  2550758.
  2524.  77.
  0.0989509821  0.00301871053
  10.  60.
  2550758.
  2066.  70.
  0.0809955299  0.00274428236
  10.  70.
  2550758.
  1600.  68.
  0.0627264529  0.00266587432
  10.  80.
  2550758.
  1860.  93.
  0.0729195029  0.00364597514
  10.  90.
  2550758.
  2077.  103.
  0.0814267769  0.00403801538
  10.  100.
  2550758.
  3041.  137.
  0.119219467  0.00537095265
  20.  0.
  2550758.
  33368.  144.
  1.30816019  0.00564538082
  20.  10.
  2550758.
  5567.  91.
  0.218248844  0.00356756686
  20.  20.
  2550758.
  2545.  44.
  0.0997742638  0.0017249774
  20.  30.
  2550758.
  2075.  64.
  0.081348367  0.00250905799
  20.  40.
  2550758.
  1434.  45.
  0.0562185831  0.00176418142
  20.  50.
  2550758.
  1470.  75.
  0.057629928  0.00294030248
  20.  60.
  2550758.
  1033.  82.
  0.0404977649  0.00321473065
  20.  70.
  2550758.
  825.  65.
  0.032343328  0.00254826201
  20.  80.
  2550758.
  869.  71.
  0.034068305  0.00278348639
  20.  90.
  2550758.
  877.  76.
  0.0343819372  0.00297950651
  20.  100.
  2550758.
  1365.  103.
  0.0535135046  0.00403801538
  30.  0.
  2550758.
  34103.  185.
  1.3369751  0.00725274626
  30.  10.
  2550758.
  6568.  125.
  0.257492095  0.0049005039
  30.  20.
  2550758.
  2812.  89.
  0.110241741  0.00348915881
  30.  30.
  2550758.
  2517.  76.
  0.0986765474  0.00297950651
  30.  40.
  2550758.
  1755.  79.
  0.0688030794  0.00309711858
  30.  50.
  2550758.
  1413.  110.
  0.0553952977  0.00431244355
  30.  60.
  2550758.
  1164.  98.
  0.0456334949  0.00384199526
  30.  70.
  2550758.
  826.  77.
  0.0323825292  0.00301871053
  30.  80.
  2550758.
  943.  113.
  0.0369694047  0.00443005562
  30.  90.
  2550758.
  945.  92.
  0.0370478109  0.00360677112
  30.  100.
  2550758.
  1223.  132.
  0.0479465313  0.00517493254
  40.  0.
  2550758.
  31347.  182.
  1.2289288  0.00713513372
  40.  10.
  2550758.
  5862.  136.
  0.229814038  0.00533174863
  40.  20.
  2550758.
  2585.  103.
  0.101342425  0.00403801538
  40.  30.
  2550758.
  2202.  88.
  0.0863272771  0.00344995479
  40.  40.
  2550758.
  1687.  102.
  0.0661372021  0.00399881136
  40.  50.
  2550758.
  1406.  96.
  0.0551208705  0.00376358721
  40.  60.
  2550758.
  1122.  102.
  0.043986924  0.00399881136
  40.  70.
  2550758.
  741.  77.
  0.0290501881  0.00301871053
  40.  80.
  2550758.
  906.  125.
  0.0355188549  0.0049005039
  40.  90.
  2550758.
  892.  92.
  0.0349699967  0.00360677112
  40.  100.
  2550758.
  1006.  139.
  0.0394392572  0.0054493607
  50.  0.
  2550758.
  45506.  295.
  1.78401875  0.0115651898
  50.  10.
  2550758.
  6642.  198.
  0.260393173  0.00776239857
  50.  20.
  2550758.
  3405.  148.
  0.133489728  0.00580219692
  50.  30.
  2550758.
  2654.  133.
  0.1040475  0.00521413656
  50.  40.
  2550758.
  1871.  124.
  0.0733507425  0.00486129988
  50.  50.
  2550758.
  1903.  207.
  0.0746052712  0.00811523478
  50.  60.
  2550758.
  1217.  136.
  0.047711309  0.00533174863
  50.  70.
  2550758.
  984.  150.
  0.0385767668  0.00588060496
  50.  80.
  2550758.
  918.  126.
  0.0359893031  0.00493970793
  50.  90.
  2550758.
  845.  171.
  0.0331274085  0.00670388946
  50.  100.
  2550758.
  945.  246.
  0.0370478109  0.00964419171
  60.  0.
  2550758.
  32449.  267.
  1.27213168  0.0104674771
  60.  10.
  2550758.
  6250.  205.
  0.245025203  0.00803682674
  60.  20.
  2550758.
  2908.  162.
  0.114005327  0.00635105325
  60.  30.
  2550758.
  2551.  171.
  0.100009486  0.00670388946
  60.  40.
  2550758.
  1817.  147.
  0.071233727  0.00576299289
  60.  50.
  2550758.
  1522.  164.
  0.0596685372  0.0064294613
  60.  60.
  2550758.
  1155.  149.
  0.0452806577  0.00584140094
  60.  70.
  2550758.
  787.  140.
  0.0308535732  0.00548856473
  60.  80.
  2550758.
  846.  184.
  0.0331666134  0.00721354224
  60.  90.
  2550758.
  825.  202.
  0.032343328  0.00791921467
  60.  100.
  2550758.
  792.  248.
  0.0310495943  0.00972259976
  70.  0.
  2550758.
  32385.  316.
  1.26962256  0.0123884743
  70.  10.
  2550758.
  5943.  259.
  0.232989565  0.010153844
  70.  20.
  2550758.
  2984.  233.
  0.116984837  0.0091345394
  70.  30.
  2550758.
  2372.  310.
  0.092991963  0.0121532502
  70.  40.
  2550758.
  1863.  226.
  0.0730371103  0.00886011124
  70.  50.
  2550758.
  1572.  209.
  0.0616287403  0.00819364283
  70.  60.
  2550758.
  1125.  188.
  0.0441045351  0.00737035833
  70.  70.
  2550758.
  787.  155.
  0.0308535732  0.00607662508
  70.  80.
  2550758.
  800.  216.
  0.0313632265  0.008468071
  70.  90.
  2550758.
  709.  238.
  0.0277956594  0.00933055952
  70.  100.
  2550758.
  678.  295.
  0.0265803337  0.0115651898
  80.  0.
  2550758.
  35734.  408.
  1.40091693  0.0159952454
  80.  10.
  2550758.
  8279.  321.
  0.324570179  0.0125844944
  80.  20.
  2550758.
  3845.  334.
  0.150739506  0.0130941467
  80.  30.
  2550758.
  3605.  378.
  0.14133054  0.0148191247
  80.  40.
  2550758.
  2568.  344.
  0.100675955  0.013486187
  80.  50.
  2550758.
  2106.  307.
  0.0825636908  0.0120356381
  80.  60.
  2550758.
  1552.  277.
  0.0608446598  0.0108595174
  80.  70.
  2550758.
  995.  244.
  0.0390080139  0.00956578366
  80.  80.
  2550758.
  1139.  328.
  0.0446533933  0.0128589226
  80.  90.
  2550758.
  1109.  335.
  0.0434772708  0.0131333508
  80.  100.
  2550758.
  912.  420.
  0.0357540771  0.0164656937
  90.  0.
  2550758.
  45456.  583.
  1.78205848  0.0228559505
  90.  10.
  2550758.
  12259.  611.
  0.480602235  0.0239536632
  90.  20.
  2550758.
  5911.  551.
  0.231735036  0.0216014218
  90.  30.
  2550758.
  5758.  674.
  0.225736827  0.0264235176
  90.  40.
  2550758.
  4226.  661.
  0.165676236  0.0259138662
  90.  50.
  2550758.
  3461.  703.
  0.135685161  0.0275604352
  90.  60.
  2550758.
  2466.  553.
  0.0966771469  0.0216798298
  90.  70.
  2550758.
  1681.  446.
  0.0659019798  0.0174849983
  90.  80.
  2550758.
  1787.  573.
  0.0700576082  0.0224639103
  90.  90.
  2550758.
  1611.  595.
  0.0631577  0.0233263988
  90.  100.
  2550758.
  1120.  697.
  0.0439085178  0.0273252111
  100.  0.
  2550758.
  178138.  3760.
  6.98372793  0.147407159
  100.  10.
  2550758.
  58913.  4443.
  2.30962729  0.174183518
  100.  20.
  2550758.
  34861.  4585.
  1.36669183  0.179750487
  100.  30.
  2550758.
  33264.  6323.
  1.30408299  0.247887105
  100.  40.
  2550758.
  24170.  6312.
  0.947561443  0.24745585
  100.  50.
  2550758.
  19649.  7668.
  0.770320058  0.300616533
  100.  60.
  2550758.
  13138.  6073.
  0.515062571  0.238086089
  100.  70.
  2550758.
  7729.  4495.
  0.30300796  0.176222131
  100.  80.
  2550758.
  7968.  4936.
  0.312377721  0.193511099
  100.  90.
  2550758.
  5725.  4192.
  0.224443093  0.164343312
  100.  100.
  2550758.
  3001.  2960.
  0.117651299  0.11604394
