  0.  0.
  1147178.
  140789.  580.
  12.2726374  0.0505588502
  0.  10.
  1147178.
  8716.  118.
  0.759777486  0.0102861105
  0.  20.
  1147178.
  3830.  53.
  0.333862752  0.00462003285
  0.  30.
  1147178.
  2109.  27.
  0.183842435  0.00235360162
  0.  40.
  1147178.
  1307.  18.
  0.113931753  0.00156906771
  0.  50.
  1147178.
  1075.  19.
  0.0937082097  0.00165623822
  0.  60.
  1147178.
  373.  6.
  0.0325145721  0.000523022609
  0.  70.
  1147178.
  260.  5.
  0.0226643123  0.000435852155
  0.  80.
  1147178.
  175.  1.
  0.0152548254  8.71704324E-05
  0.  90.
  1147178.
  97.  1.
  0.00845553167  8.71704324E-05
  0.  100.
  1147178.
  43.  0.
  0.00374832842  0.
  10.  0.
  1147178.
  46621.  395.
  4.06397247  0.0344323218
  10.  10.
  1147178.
  5451.  161.
  0.475166023  0.0140344389
  10.  20.
  1147178.
  2860.  93.
  0.249307424  0.00810685009
  10.  30.
  1147178.
  1670.  58.
  0.145574614  0.00505588483
  10.  40.
  1147178.
  1132.  33.
  0.0986769274  0.00287662423
  10.  50.
  1147178.
  956.  23.
  0.0833349302  0.00200491981
  10.  60.
  1147178.
  330.  9.
  0.0287662428  0.000784533855
  10.  70.
  1147178.
  174.  6.
  0.0151676545  0.000523022609
  10.  80.
  1147178.
  110.  2.
  0.00958874729  0.000174340865
  10.  90.
  1147178.
  54.  2.
  0.00470720325  0.000174340865
  10.  100.
  1147178.
  33.  0.
  0.00287662423  0.
  20.  0.
  1147178.
  38340.  362.
  3.34211421  0.0315556973
  20.  10.
  1147178.
  4540.  113.
  0.395753741  0.00985025894
  20.  20.
  1147178.
  2612.  94.
  0.227689162  0.00819402002
  20.  30.
  1147178.
  1708.  68.
  0.148887098  0.00592758926
  20.  40.
  1147178.
  1244.  51.
  0.108440012  0.00444569206
  20.  50.
  1147178.
  1093.  48.
  0.0952772796  0.00418418087
  20.  60.
  1147178.
  378.  20.
  0.0329504237  0.00174340862
  20.  70.
  1147178.
  238.  15.
  0.0207465626  0.00130755641
  20.  80.
  1147178.
  138.  8.
  0.0120295193  0.000697363459
  20.  90.
  1147178.
  73.  4.
  0.00636344124  0.00034868173
  20.  100.
  1147178.
  38.  0.
  0.00331247644  0.
  30.  0.
  1147178.
  34650.  311.
  3.02045536  0.0271100029
  30.  10.
  1147178.
  3876.  135.
  0.337872595  0.0117680077
  30.  20.
  1147178.
  2285.  77.
  0.199184433  0.00671212329
  30.  30.
  1147178.
  1687.  79.
  0.14705652  0.00688646408
  30.  40.
  1147178.
  1294.  63.
  0.112798534  0.00549173728
  30.  50.
  1147178.
  1342.  81.
  0.116982721  0.00706080487
  30.  60.
  1147178.
  564.  31.
  0.0491641238  0.00270228344
  30.  70.
  1147178.
  295.  20.
  0.0257152766  0.00174340862
  30.  80.
  1147178.
  174.  12.
  0.0151676545  0.00104604522
  30.  90.
  1147178.
  102.  6.
  0.00889138412  0.000523022609
  30.  100.
  1147178.
  49.  0.
  0.00427135127  0.
  40.  0.
  1147178.
  36063.  334.
  3.14362717  0.0291149244
  40.  10.
  1147178.
  3812.  122.
  0.332293689  0.010634793
  40.  20.
  1147178.
  2395.  102.
  0.208773181  0.00889138412
  40.  30.
  1147178.
  1726.  71.
  0.15045616  0.00618910044
  40.  40.
  1147178.
  1376.  61.
  0.11994651  0.00531739648
  40.  50.
  1147178.
  1571.  105.
  0.136944741  0.00915289484
  40.  60.
  1147178.
  679.  53.
  0.0591887236  0.00462003285
  40.  70.
  1147178.
  469.  30.
  0.0408829302  0.00261511281
  40.  80.
  1147178.
  275.  15.
  0.0239718687  0.00130755641
  40.  90.
  1147178.
  128.  6.
  0.0111578153  0.000523022609
  40.  100.
  1147178.
  57.  2.
  0.00496871443  0.000174340865
  50.  0.
  1147178.
  62152.  723.
  5.41781664  0.0630242229
  50.  10.
  1147178.
  5823.  187.
  0.507593393  0.0163008701
  50.  20.
  1147178.
  3635.  150.
  0.31686452  0.013075565
  50.  30.
  1147178.
  2677.  117.
  0.233355239  0.0101989405
  50.  40.
  1147178.
  2273.  129.
  0.198138386  0.0112449853
  50.  50.
  1147178.
  2646.  186.
  0.230652958  0.0162137002
  50.  60.
  1147178.
  1513.  117.
  0.131888866  0.0101989405
  50.  70.
  1147178.
  983.  74.
  0.0856885314  0.00645061163
  50.  80.
  1147178.
  690.  56.
  0.0601475984  0.00488154404
  50.  90.
  1147178.
  416.  35.
  0.0362628996  0.00305096502
  50.  100.
  1147178.
  160.  8.
  0.0139472689  0.000697363459
  60.  0.
  1147178.
  43323.  640.
  3.77648449  0.0557890758
  60.  10.
  1147178.
  4100.  174.
  0.357398778  0.0151676545
  60.  20.
  1147178.
  2476.  121.
  0.215833992  0.0105476221
  60.  30.
  1147178.
  1919.  100.
  0.167280063  0.00871704333
  60.  40.
  1147178.
  1487.  106.
  0.12962243  0.0092400657
  60.  50.
  1147178.
  1895.  152.
  0.16518797  0.0132499058
  60.  60.
  1147178.
  1194.  106.
  0.104081497  0.0092400657
  60.  70.
  1147178.
  1004.  103.
  0.0875191092  0.00897855405
  60.  80.
  1147178.
  652.  67.
  0.0568351224  0.00584041886
  60.  90.
  1147178.
  433.  31.
  0.0377447978  0.00270228344
  60.  100.
  1147178.
  196.  12.
  0.0170854051  0.00104604522
  70.  0.
  1147178.
  49940.  903.
  4.35329151  0.0787148997
  70.  10.
  1147178.
  4296.  190.
  0.374484181  0.0165623818
  70.  20.
  1147178.
  2846.  163.
  0.248087049  0.0142087806
  70.  30.
  1147178.
  2148.  147.
  0.187242091  0.0128140533
  70.  40.
  1147178.
  1820.  135.
  0.15865019  0.0117680077
  70.  50.
  1147178.
  2156.  225.
  0.18793945  0.0196133461
  70.  60.
  1147178.
  1255.  129.
  0.109398887  0.0112449853
  70.  70.
  1147178.
  1173.  132.
  0.102250911  0.0115064969
  70.  80.
  1147178.
  925.  116.
  0.0806326494  0.0101117697
  70.  90.
  1147178.
  636.  62.
  0.0554403923  0.00540456688
  70.  100.
  1147178.
  405.  34.
  0.0353040248  0.00296379463
  80.  0.
  1147178.
  62597.  1499.
  5.45660734  0.130668476
  80.  10.
  1147178.
  5207.  297.
  0.453896433  0.0258896183
  80.  20.
  1147178.
  3118.  228.
  0.271797389  0.0198748577
  80.  30.
  1147178.
  2404.  184.
  0.209557712  0.0160393585
  80.  40.
  1147178.
  2060.  150.
  0.179571092  0.013075565
  80.  50.
  1147178.
  2715.  217.
  0.236667722  0.0189159829
  80.  60.
  1147178.
  1562.  164.
  0.13616021  0.0142959505
  80.  70.
  1147178.
  1396.  173.
  0.121689923  0.0150804846
  80.  80.
  1147178.
  1206.  160.
  0.105127536  0.0139472689
  80.  90.
  1147178.
  1009.  116.
  0.0879549608  0.0101117697
  80.  100.
  1147178.
  593.  67.
  0.0516920649  0.00584041886
  90.  0.
  1147178.
  102192.  3079.
  8.90812016  0.268397748
  90.  10.
  1147178.
  7506.  458.
  0.654301226  0.0399240553
  90.  20.
  1147178.
  4161.  287.
  0.362716168  0.0250179134
  90.  30.
  1147178.
  3214.  254.
  0.280165762  0.022141289
  90.  40.
  1147178.
  2658.  210.
  0.231699005  0.0183057897
  90.  50.
  1147178.
  3442.  324.
  0.300040632  0.0282432195
  90.  60.
  1147178.
  2043.  215.
  0.178089187  0.0187416431
  90.  70.
  1147178.
  1887.  208.
  0.164490595  0.0181314498
  90.  80.
  1147178.
  1650.  201.
  0.143831208  0.0175212566
  90.  90.
  1147178.
  1614.  223.
  0.140693069  0.0194390062
  90.  100.
  1147178.
  1199.  197.
  0.104517348  0.017172575
  100.  0.
  1147178.
  266949.  9681.
  23.2700596  0.843896925
  100.  10.
  1147178.
  15310.  1241.
  1.33457935  0.108178504
  100.  20.
  1147178.
  8388.  746.
  0.731185555  0.0650291443
  100.  30.
  1147178.
  6089.  620.
  0.530780733  0.054045666
  100.  40.
  1147178.
  4888.  520.
  0.426089078  0.0453286245
  100.  50.
  1147178.
  5921.  693.
  0.51613611  0.06040911
  100.  60.
  1147178.
  3361.  404.
  0.292979807  0.035216853
  100.  70.
  1147178.
  3150.  408.
  0.274586856  0.0355655365
  100.  80.
  1147178.
  2966.  346.
  0.258547485  0.0301609691
  100.  90.
  1147178.
  3100.  372.
  0.270228326  0.0324274004
  100.  100.
  1147178.
  4474.  785.
  0.390000492  0.0684287846
