  0.  0.
  16777216.
  16777216.  66430.
  100.  0.395953655
  0.  10.
  16777216.
  387933.  9780.
  2.31226087  0.0582933426
  0.  20.
  16777216.
  154279.  4605.
  0.919574499  0.0274479389
  0.  30.
  16777216.
  84276.  2581.
  0.502324104  0.0153839588
  0.  40.
  16777216.
  53700.  1617.
  0.320076942  0.00963807106
  0.  50.
  16777216.
  50692.  1312.
  0.302147865  0.00782012939
  0.  60.
  16777216.
  18298.  461.
  0.109064579  0.00274777412
  0.  70.
  16777216.
  12407.  238.
  0.0739514828  0.00141859055
  0.  80.
  16777216.
  8779.  133.
  0.0523269176  0.000792741776
  0.  90.
  16777216.
  6464.  90.
  0.0385284424  0.000536441803
  0.  100.
  16777216.
  4709.  44.
  0.0280678272  0.000262260437
  10.  0.
  16777216.
  330038.  9676.
  1.96717978  0.0576734543
  10.  10.
  16777216.
  16970.  1669.
  0.101149082  0.00994801521
  10.  20.
  16777216.
  5379.  648.
  0.0320613384  0.00386238098
  10.  30.
  16777216.
  1948.  288.
  0.0116109848  0.00171661377
  10.  40.
  16777216.
  871.  124.
  0.00519156456  0.000739097595
  10.  50.
  16777216.
  464.  70.
  0.00276565552  0.000417232513
  10.  60.
  16777216.
  120.  22.
  0.000715255737  0.000131130219
  10.  70.
  16777216.
  26.  6.
  0.000154972076  3.57627869E-05
  10.  80.
  16777216.
  12.  3.
  7.15255737E-05  1.78813934E-05
  10.  90.
  16777216.
  4.  1.
  2.38418579E-05  5.96046448E-06
  10.  100.
  16777216.
  1.  0.
  5.96046448E-06  0.
  20.  0.
  16777216.
  189028.  6490.
  1.12669468  0.0386834145
  20.  10.
  16777216.
  10705.  1328.
  0.0638067722  0.00791549683
  20.  20.
  16777216.
  3292.  502.
  0.0196218491  0.00299215317
  20.  30.
  16777216.
  1150.  214.
  0.00685453415  0.0012755394
  20.  40.
  16777216.
  456.  105.
  0.0027179718  0.00062584877
  20.  50.
  16777216.
  239.  70.
  0.00142455101  0.000417232513
  20.  60.
  16777216.
  50.  11.
  0.000298023224  6.55651093E-05
  20.  70.
  16777216.
  10.  2.
  5.96046448E-05  1.1920929E-05
  20.  80.
  16777216.
  2.  0.
  1.1920929E-05  0.
  20.  90.
  16777216.
  1.  0.
  5.96046448E-06  0.
  20.  100.
  16777216.
  2.  0.
  1.1920929E-05  0.
  30.  0.
  16777216.
  119514.  4449.
  0.712358952  0.0265181065
  30.  10.
  16777216.
  6648.  965.
  0.0396251678  0.00575184822
  30.  20.
  16777216.
  1921.  339.
  0.0114500523  0.00202059746
  30.  30.
  16777216.
  666.  144.
  0.00396966934  0.000858306885
  30.  40.
  16777216.
  285.  65.
  0.00169873238  0.000387430191
  30.  50.
  16777216.
  138.  42.
  0.000822544098  0.000250339508
  30.  60.
  16777216.
  19.  5.
  0.000113248825  2.98023224E-05
  30.  70.
  16777216.
  4.  3.
  2.38418579E-05  1.78813934E-05
  30.  80.
  16777216.
  1.  0.
  5.96046448E-06  0.
  30.  90.
  16777216.
  1.  0.
  5.96046448E-06  0.
  30.  100.
  16777216.
  0.  0.
  0.  0.
  40.  0.
  16777216.
  89175.  3368.
  0.53152442  0.0200748444
  40.  10.
  16777216.
  4450.  599.
  0.0265240669  0.00357031822
  40.  20.
  16777216.
  1326.  238.
  0.0079035759  0.00141859055
  40.  30.
  16777216.
  472.  93.
  0.00281333923  0.000554323196
  40.  40.
  16777216.
  181.  31.
  0.00107884407  0.000184774399
  40.  50.
  16777216.
  85.  14.
  0.000506639481  8.34465027E-05
  40.  60.
  16777216.
  11.  7.
  6.55651093E-05  4.17232513E-05
  40.  70.
  16777216.
  5.  1.
  2.98023224E-05  5.96046448E-06
  40.  80.
  16777216.
  1.  0.
  5.96046448E-06  0.
  40.  90.
  16777216.
  1.  0.
  5.96046448E-06  0.
  40.  100.
  16777216.
  0.  0.
  0.  0.
  50.  0.
  16777216.
  101697.  3756.
  0.606161356  0.0223875046
  50.  10.
  16777216.
  4715.  721.
  0.02810359  0.00429749489
  50.  20.
  16777216.
  1353.  262.
  0.00806450844  0.00156164169
  50.  30.
  16777216.
  399.  97.
  0.00237822533  0.000578165054
  50.  40.
  16777216.
  137.  41.
  0.000816583633  0.000244379044
  50.  50.
  16777216.
  76.  17.
  0.0004529953  0.000101327896
  50.  60.
  16777216.
  8.  3.
  4.76837158E-05  1.78813934E-05
  50.  70.
  16777216.
  3.  4.
  1.78813934E-05  2.38418579E-05
  50.  80.
  16777216.
  0.  1.
  0.  5.96046448E-06
  50.  90.
  16777216.
  0.  0.
  0.  0.
  50.  100.
  16777216.
  0.  0.
  0.  0.
  60.  0.
  16777216.
  46080.  1856.
  0.274658203  0.0110626221
  60.  10.
  16777216.
  2320.  360.
  0.0138282776  0.00214576721
  60.  20.
  16777216.
  643.  119.
  0.00383257866  0.000709295273
  60.  30.
  16777216.
  192.  54.
  0.00114440918  0.000321865082
  60.  40.
  16777216.
  58.  9.
  0.00034570694  5.36441803E-05
  60.  50.
  16777216.
  10.  5.
  5.96046448E-05  2.98023224E-05
  60.  60.
  16777216.
  3.  3.
  1.78813934E-05  1.78813934E-05
  60.  70.
  16777216.
  0.  0.
  0.  0.
  60.  80.
  16777216.
  0.  0.
  0.  0.
  60.  90.
  16777216.
  2.  0.
  1.1920929E-05  0.
  60.  100.
  16777216.
  0.  0.
  0.  0.
  70.  0.
  16777216.
  34528.  1282.
  0.205802917  0.00764131546
  70.  10.
  16777216.
  1783.  226.
  0.0106275082  0.00134706497
  70.  20.
  16777216.
  391.  77.
  0.00233054161  0.000458955765
  70.  30.
  16777216.
  91.  35.
  0.000542402267  0.000208616257
  70.  40.
  16777216.
  43.  8.
  0.000256299973  4.76837158E-05
  70.  50.
  16777216.
  12.  8.
  7.15255737E-05  4.76837158E-05
  70.  60.
  16777216.
  3.  3.
  1.78813934E-05  1.78813934E-05
  70.  70.
  16777216.
  1.  3.
  5.96046448E-06  1.78813934E-05
  70.  80.
  16777216.
  2.  0.
  1.1920929E-05  0.
  70.  90.
  16777216.
  0.  0.
  0.  0.
  70.  100.
  16777216.
  0.  0.
  0.  0.
  80.  0.
  16777216.
  24464.  655.
  0.145816803  0.00390410423
  80.  10.
  16777216.
  1022.  121.
  0.0060915947  0.000721216202
  80.  20.
  16777216.
  275.  44.
  0.00163912773  0.000262260437
  80.  30.
  16777216.
  77.  15.
  0.000458955765  8.94069672E-05
  80.  40.
  16777216.
  35.  11.
  0.000208616257  6.55651093E-05
  80.  50.
  16777216.
  16.  4.
  9.53674316E-05  2.38418579E-05
  80.  60.
  16777216.
  6.  3.
  3.57627869E-05  1.78813934E-05
  80.  70.
  16777216.
  4.  2.
  2.38418579E-05  1.1920929E-05
  80.  80.
  16777216.
  2.  0.
  1.1920929E-05  0.
  80.  90.
  16777216.
  1.  0.
  5.96046448E-06  0.
  80.  100.
  16777216.
  0.  0.
  0.  0.
  90.  0.
  16777216.
  17809.  361.
  0.106149912  0.00215172768
  90.  10.
  16777216.
  732.  43.
  0.00436306  0.000256299973
  90.  20.
  16777216.
  214.  14.
  0.0012755394  8.34465027E-05
  90.  30.
  16777216.
  66.  12.
  0.000393390656  7.15255737E-05
  90.  40.
  16777216.
  23.  6.
  0.000137090683  3.57627869E-05
  90.  50.
  16777216.
  11.  2.
  6.55651093E-05  1.1920929E-05
  90.  60.
  16777216.
  5.  2.
  2.98023224E-05  1.1920929E-05
  90.  70.
  16777216.
  3.  0.
  1.78813934E-05  0.
  90.  80.
  16777216.
  2.  1.
  1.1920929E-05  5.96046448E-06
  90.  90.
  16777216.
  1.  0.
  5.96046448E-06  0.
  90.  100.
  16777216.
  0.  0.
  0.  0.
  100.  0.
  16777216.
  13148.  166.
  0.078368187  0.000989437103
  100.  10.
  16777216.
  207.  21.
  0.00123381615  0.000125169754
  100.  20.
  16777216.
  74.  13.
  0.000441074371  7.74860382E-05
  100.  30.
  16777216.
  18.  8.
  0.000107288361  4.76837158E-05
  100.  40.
  16777216.
  13.  2.
  7.74860382E-05  1.1920929E-05
  100.  50.
  16777216.
  4.  0.
  2.38418579E-05  0.
  100.  60.
  16777216.
  4.  1.
  2.38418579E-05  5.96046448E-06
  100.  70.
  16777216.
  4.  1.
  2.38418579E-05  5.96046448E-06
  100.  80.
  16777216.
  1.  0.
  5.96046448E-06  0.
  100.  90.
  16777216.
  0.  0.
  0.  0.
  100.  100.
  16777216.
  0.  0.
  0.  0.
