  0.  0.
  2504936.
  1103491.  1676.
  44.0526619  0.0669078976
  0.  10.
  2504936.
  98838.  391.
  3.94572949  0.0156091815
  0.  20.
  2504936.
  56102.  324.
  2.23965812  0.0129344622
  0.  30.
  2504936.
  39239.  313.
  1.56646717  0.0124953296
  0.  40.
  2504936.
  30676.  258.
  1.22462213  0.010299664
  0.  50.
  2504936.
  36159.  241.
  1.44350994  0.00962100457
  0.  60.
  2504936.
  19000.  199.
  0.758502424  0.00794431474
  0.  70.
  2504936.
  16270.  182.
  0.649517596  0.00726565486
  0.  80.
  2504936.
  14451.  156.
  0.576900959  0.00622770423
  0.  90.
  2504936.
  13670.  130.
  0.545722544  0.00518975314
  0.  100.
  2504936.
  12788.  113.
  0.510512054  0.00451109326
  10.  0.
  2504936.
  76187.  961.
  3.04147482  0.0383642539
  10.  10.
  2504936.
  15638.  302.
  0.624287426  0.0120561961
  10.  20.
  2504936.
  8775.  180.
  0.350308359  0.00718581211
  10.  30.
  2504936.
  6211.  152.
  0.24795045  0.0060680192
  10.  40.
  2504936.
  5131.  150.
  0.204835579  0.00598817691
  10.  50.
  2504936.
  6241.  169.
  0.249148086  0.00674667954
  10.  60.
  2504936.
  3581.  128.
  0.142957747  0.00510991085
  10.  70.
  2504936.
  3108.  108.
  0.124075025  0.00431148754
  10.  80.
  2504936.
  2691.  92.
  0.107427895  0.00367274857
  10.  90.
  2504936.
  2263.  59.
  0.0903416276  0.00235534948
  10.  100.
  2504936.
  1807.  77.
  0.0721375719  0.00307393074
  20.  0.
  2504936.
  50248.  919.
  2.00595951  0.0366875641
  20.  10.
  2504936.
  12621.  391.
  0.503845215  0.0156091815
  20.  20.
  2504936.
  6798.  270.
  0.27138418  0.0107787186
  20.  30.
  2504936.
  4559.  206.
  0.182000652  0.00822376274
  20.  40.
  2504936.
  3634.  145.
  0.145073563  0.0057885712
  20.  50.
  2504936.
  4231.  187.
  0.16890651  0.00746526057
  20.  60.
  2504936.
  2315.  127.
  0.0924175307  0.00506998971
  20.  70.
  2504936.
  1976.  130.
  0.0788842514  0.00518975314
  20.  80.
  2504936.
  1627.  81.
  0.0649517626  0.00323361554
  20.  90.
  2504936.
  1336.  78.
  0.0533346944  0.00311385212
  20.  100.
  2504936.
  1023.  91.
  0.0408393666  0.00363282743
  30.  0.
  2504936.
  38511.  1023.
  1.53740454  0.0408393666
  30.  10.
  2504936.
  10313.  434.
  0.411707133  0.0173257925
  30.  20.
  2504936.
  6121.  358.
  0.244357541  0.0142917819
  30.  30.
  2504936.
  4094.  294.
  0.163437307  0.011736827
  30.  40.
  2504936.
  3114.  199.
  0.124314554  0.00794431474
  30.  50.
  2504936.
  3518.  236.
  0.140442714  0.00942139793
  30.  60.
  2504936.
  1864.  176.
  0.074413076  0.00702612754
  30.  70.
  2504936.
  1556.  173.
  0.0621173568  0.00690636411
  30.  80.
  2504936.
  1159.  129.
  0.0462686457  0.005149832
  30.  90.
  2504936.
  887.  120.
  0.0354100876  0.00479054172
  30.  100.
  2504936.
  617.  69.
  0.024631368  0.00275456137
  40.  0.
  2504936.
  32442.  1066.
  1.29512286  0.0425559767
  40.  10.
  2504936.
  9484.  564.
  0.378612459  0.0225155447
  40.  20.
  2504936.
  5581.  448.
  0.222800106  0.0178846885
  40.  30.
  2504936.
  3816.  345.
  0.15233922  0.0137728071
  40.  40.
  2504936.
  2690.  292.
  0.107387975  0.0116569847
  40.  50.
  2504936.
  3114.  329.
  0.124314554  0.0131340679
  40.  60.
  2504936.
  1682.  196.
  0.0671474263  0.00782455131
  40.  70.
  2504936.
  1423.  178.
  0.0568078384  0.00710596982
  40.  80.
  2504936.
  1052.  132.
  0.0419970825  0.00526959589
  40.  90.
  2504936.
  726.  111.
  0.0289827771  0.00443125097
  40.  100.
  2504936.
  506.  67.
  0.0202001166  0.00267471909
  50.  0.
  2504936.
  45832.  1693.
  1.82966745  0.0675865561
  50.  10.
  2504936.
  13799.  1079.
  0.550872386  0.0430749543
  50.  20.
  2504936.
  8759.  935.
  0.349669605  0.0373263024
  50.  30.
  2504936.
  5948.  725.
  0.237451181  0.0289428551
  50.  40.
  2504936.
  4361.  670.
  0.174096271  0.0267471895
  50.  50.
  2504936.
  4859.  823.
  0.193977013  0.0328551307
  50.  60.
  2504936.
  2444.  430.
  0.0975673646  0.0171661079
  50.  70.
  2504936.
  1757.  318.
  0.0701415092  0.0126949353
  50.  80.
  2504936.
  1387.  275.
  0.0553706773  0.0109783243
  50.  90.
  2504936.
  965.  211.
  0.0385239385  0.00842336845
  50.  100.
  2504936.
  573.  128.
  0.0228748359  0.00510991085
  60.  0.
  2504936.
  27874.  1396.
  1.11276293  0.0557299666
  60.  10.
  2504936.
  9357.  1000.
  0.373542488  0.0399211794
  60.  20.
  2504936.
  5804.  818.
  0.231702521  0.032655526
  60.  30.
  2504936.
  4040.  687.
  0.161281571  0.0274258498
  60.  40.
  2504936.
  3055.  567.
  0.121959202  0.022635309
  60.  50.
  2504936.
  3059.  686.
  0.12211889  0.0273859296
  60.  60.
  2504936.
  1478.  416.
  0.0590035021  0.01660721
  60.  70.
  2504936.
  1108.  324.
  0.0442326665  0.0129344622
  60.  80.
  2504936.
  798.  258.
  0.0318571031  0.010299664
  60.  90.
  2504936.
  618.  165.
  0.0246712882  0.00658699451
  60.  100.
  2504936.
  317.  115.
  0.0126550142  0.00459093554
  70.  0.
  2504936.
  27050.  1606.
  1.07986796  0.0641134158
  70.  10.
  2504936.
  9937.  1370.
  0.396696776  0.0546920151
  70.  20.
  2504936.
  6381.  1109.
  0.254737049  0.0442725867
  70.  30.
  2504936.
  4343.  956.
  0.173377678  0.0381646492
  70.  40.
  2504936.
  3197.  837.
  0.127628013  0.0334140286
  70.  50.
  2504936.
  3340.  998.
  0.133336738  0.039841339
  70.  60.
  2504936.
  1507.  507.
  0.060161218  0.0202400386
  70.  70.
  2504936.
  1084.  372.
  0.0432745591  0.0148506789
  70.  80.
  2504936.
  732.  365.
  0.029222304  0.0145712309
  70.  90.
  2504936.
  575.  225.
  0.0229546782  0.00898226537
  70.  100.
  2504936.
  313.  95.
  0.0124953296  0.003792512
  80.  0.
  2504936.
  28187.  2097.
  1.12525833  0.0837147161
  80.  10.
  2504936.
  11507.  1725.
  0.459373027  0.0688640326
  80.  20.
  2504936.
  7495.  1567.
  0.299209237  0.0625564903
  80.  30.
  2504936.
  5255.  1391.
  0.209785804  0.0555303618
  80.  40.
  2504936.
  3945.  1281.
  0.157489046  0.0511390306
  80.  50.
  2504936.
  4079.  1505.
  0.162838489  0.0600813739
  80.  60.
  2504936.
  1912.  826.
  0.0763292983  0.0329748951
  80.  70.
  2504936.
  1350.  545.
  0.0538935922  0.021757042
  80.  80.
  2504936.
  835.  442.
  0.0333341844  0.0176451616
  80.  90.
  2504936.
  635.  336.
  0.0253499486  0.0134135168
  80.  100.
  2504936.
  349.  132.
  0.0139324917  0.00526959589
  90.  0.
  2504936.
  33093.  2473.
  1.32111156  0.0987250805
  90.  10.
  2504936.
  13828.  2377.
  0.552030087  0.0948926434
  90.  20.
  2504936.
  9446.  2299.
  0.377095461  0.0917787924
  90.  30.
  2504936.
  7387.  2348.
  0.294897765  0.0937349275
  90.  40.
  2504936.
  5611.  2252.
  0.223997742  0.0899024978
  90.  50.
  2504936.
  5964.  2953.
  0.238089919  0.117887244
  90.  60.
  2504936.
  2867.  1616.
  0.114454024  0.0645126253
  90.  70.
  2504936.
  1958.  1187.
  0.0781656727  0.0473864414
  90.  80.
  2504936.
  1361.  891.
  0.0543327257  0.0355697721
  90.  90.
  2504936.
  851.  583.
  0.0339729227  0.0232740473
  90.  100.
  2504936.
  342.  230.
  0.0136530437  0.00918187108
  100.  0.
  2504936.
  76538.  7458.
  3.05548716  0.297732145
  100.  10.
  2504936.
  34867.  8350.
  1.39193177  0.333341837
  100.  20.
  2504936.
  25454.  9224.
  1.01615369  0.368232965
  100.  30.
  2504936.
  20221.  9458.
  0.807246149  0.377574503
  100.  40.
  2504936.
  15744.  9060.
  0.628519058  0.361685902
  100.  50.
  2504936.
  16467.  12615.
  0.657382071  0.503605664
  100.  60.
  2504936.
  7473.  7341.
  0.298330963  0.293061376
  100.  70.
  2504936.
  5583.  5648.
  0.222879946  0.22547482
  100.  80.
  2504936.
  3495.  3998.
  0.139524519  0.159604877
  100.  90.
  2504936.
  1744.  2230.
  0.069622539  0.0890242308
  100.  100.
  2504936.
  452.  513.
  0.018044373  0.0204795655
