  0.  0.
  1146878.
  126088.  600.
  10.9940205  0.0523159392
  0.  10.
  1146878.
  4496.  38.
  0.392020762  0.00331334281
  0.  20.
  1146878.
  2486.  20.
  0.216762379  0.00174386462
  0.  30.
  1146878.
  1799.  8.
  0.15686062  0.000697545882
  0.  40.
  1146878.
  1505.  4.
  0.131225809  0.000348772941
  0.  50.
  1146878.
  2028.  18.
  0.176827878  0.00156947819
  0.  60.
  1146878.
  1263.  8.
  0.11012505  0.000697545882
  0.  70.
  1146878.
  1371.  15.
  0.119541921  0.00130789843
  0.  80.
  1146878.
  1725.  9.
  0.150408328  0.000784739095
  0.  90.
  1146878.
  2504.  21.
  0.218331859  0.00183105783
  0.  100.
  1146878.
  13459.  99.
  1.17353368  0.00863212999
  10.  0.
  1146878.
  55082.  631.
  4.80277777  0.0550189279
  10.  10.
  1146878.
  769.  17.
  0.0670515969  0.00148228498
  10.  20.
  1146878.
  414.  5.
  0.0360979997  0.000435966154
  10.  30.
  1146878.
  299.  5.
  0.0260707773  0.000435966154
  10.  40.
  1146878.
  229.  12.
  0.0199672505  0.00104631879
  10.  50.
  1146878.
  349.  16.
  0.030430438  0.00139509176
  10.  60.
  1146878.
  195.  10.
  0.0170026794  0.000871932309
  10.  70.
  1146878.
  227.  9.
  0.0197928641  0.000784739095
  10.  80.
  1146878.
  245.  15.
  0.0213623419  0.00130789843
  10.  90.
  1146878.
  329.  11.
  0.0286865737  0.00095912558
  10.  100.
  1146878.
  1206.  57.
  0.105155036  0.0049700141
  20.  0.
  1146878.
  47976.  700.
  4.18318272  0.0610352643
  20.  10.
  1146878.
  530.  20.
  0.0462124124  0.00174386462
  20.  20.
  1146878.
  241.  13.
  0.0210135691  0.00113351201
  20.  30.
  1146878.
  196.  4.
  0.0170898736  0.000348772941
  20.  40.
  1146878.
  136.  4.
  0.0118582798  0.000348772941
  20.  50.
  1146878.
  170.  7.
  0.0148228491  0.00061035261
  20.  60.
  1146878.
  143.  4.
  0.0124686323  0.000348772941
  20.  70.
  1146878.
  122.  4.
  0.0106375739  0.000348772941
  20.  80.
  1146878.
  132.  6.
  0.011509507  0.000523159397
  20.  90.
  1146878.
  152.  6.
  0.0132533712  0.000523159397
  20.  100.
  1146878.
  572.  22.
  0.0498745292  0.00191825116
  30.  0.
  1146878.
  44894.  749.
  3.91445303  0.0653077289
  30.  10.
  1146878.
  333.  18.
  0.0290353466  0.00156947819
  30.  20.
  1146878.
  194.  11.
  0.0169154871  0.00095912558
  30.  30.
  1146878.
  103.  6.
  0.00898090284  0.000523159397
  30.  40.
  1146878.
  84.  2.
  0.00732423132  0.00017438647
  30.  50.
  1146878.
  109.  3.
  0.00950406212  0.000261579698
  30.  60.
  1146878.
  57.  3.
  0.0049700141  0.000261579698
  30.  70.
  1146878.
  71.  6.
  0.00619071955  0.000523159397
  30.  80.
  1146878.
  91.  3.
  0.00793458428  0.000261579698
  30.  90.
  1146878.
  73.  7.
  0.00636510598  0.00061035261
  30.  100.
  1146878.
  284.  12.
  0.0247628782  0.00104631879
  40.  0.
  1146878.
  47588.  851.
  4.1493516  0.0742014423
  40.  10.
  1146878.
  247.  12.
  0.0215367284  0.00104631879
  40.  20.
  1146878.
  127.  15.
  0.0110735409  0.00130789843
  40.  30.
  1146878.
  73.  4.
  0.00636510598  0.000348772941
  40.  40.
  1146878.
  63.  2.
  0.00549317384  0.00017438647
  40.  50.
  1146878.
  79.  3.
  0.00688826526  0.000261579698
  40.  60.
  1146878.
  59.  1.
  0.00514440052  8.71932352E-05
  40.  70.
  1146878.
  62.  4.
  0.00540598063  0.000348772941
  40.  80.
  1146878.
  49.  2.
  0.00427246839  0.00017438647
  40.  90.
  1146878.
  42.  5.
  0.00366211566  0.000435966154
  40.  100.
  1146878.
  144.  8.
  0.0125558255  0.000697545882
  50.  0.
  1146878.
  81934.  1706.
  7.14409018  0.148751661
  50.  10.
  1146878.
  256.  28.
  0.0223214682  0.00244141044
  50.  20.
  1146878.
  125.  12.
  0.0108991545  0.00104631879
  50.  30.
  1146878.
  109.  9.
  0.00950406212  0.000784739095
  50.  40.
  1146878.
  71.  5.
  0.00619071955  0.000435966154
  50.  50.
  1146878.
  93.  6.
  0.00810897071  0.000523159397
  50.  60.
  1146878.
  60.  3.
  0.00523159374  0.000261579698
  50.  70.
  1146878.
  65.  2.
  0.00566756027  0.00017438647
  50.  80.
  1146878.
  49.  4.
  0.00427246839  0.000348772941
  50.  90.
  1146878.
  56.  5.
  0.00488282088  0.000435966154
  50.  100.
  1146878.
  127.  11.
  0.0110735409  0.00095912558
  60.  0.
  1146878.
  58134.  1569.
  5.06889153  0.136806175
  60.  10.
  1146878.
  147.  14.
  0.0128174052  0.00122070522
  60.  20.
  1146878.
  85.  7.
  0.00741142454  0.00061035261
  60.  30.
  1146878.
  60.  7.
  0.00523159374  0.00061035261
  60.  40.
  1146878.
  29.  2.
  0.00252860365  0.00017438647
  60.  50.
  1146878.
  58.  4.
  0.00505720731  0.000348772941
  60.  60.
  1146878.
  27.  2.
  0.00235421723  0.00017438647
  60.  70.
  1146878.
  35.  6.
  0.00305176317  0.000523159397
  60.  80.
  1146878.
  22.  1.
  0.00191825116  8.71932352E-05
  60.  90.
  1146878.
  19.  3.
  0.0016566714  0.000261579698
  60.  100.
  1146878.
  51.  3.
  0.00444685481  0.000261579698
  70.  0.
  1146878.
  67213.  2209.
  5.86051893  0.192609847
  70.  10.
  1146878.
  96.  11.
  0.00837055035  0.00095912558
  70.  20.
  1146878.
  60.  6.
  0.00523159374  0.000523159397
  70.  30.
  1146878.
  37.  9.
  0.00322614959  0.000784739095
  70.  40.
  1146878.
  33.  0.
  0.00287737674  0.
  70.  50.
  1146878.
  38.  2.
  0.00331334281  0.00017438647
  70.  60.
  1146878.
  16.  0.
  0.00139509176  0.
  70.  70.
  1146878.
  19.  0.
  0.0016566714  0.
  70.  80.
  1146878.
  14.  0.
  0.00122070522  0.
  70.  90.
  1146878.
  14.  1.
  0.00122070522  8.71932352E-05
  70.  100.
  1146878.
  43.  0.
  0.00374930911  0.
  80.  0.
  1146878.
  83566.  3223.
  7.28638983  0.2810238
  80.  10.
  1146878.
  76.  19.
  0.00662668562  0.0016566714
  80.  20.
  1146878.
  40.  6.
  0.00348772923  0.000523159397
  80.  30.
  1146878.
  25.  2.
  0.0021798308  0.00017438647
  80.  40.
  1146878.
  26.  0.
  0.00226702401  0.
  80.  50.
  1146878.
  28.  2.
  0.00244141044  0.00017438647
  80.  60.
  1146878.
  10.  1.
  0.000871932309  8.71932352E-05
  80.  70.
  1146878.
  11.  0.
  0.00095912558  0.
  80.  80.
  1146878.
  18.  1.
  0.00156947819  8.71932352E-05
  80.  90.
  1146878.
  12.  1.
  0.00104631879  8.71932352E-05
  80.  100.
  1146878.
  24.  2.
  0.00209263759  0.00017438647
  90.  0.
  1146878.
  131340.  5647.
  11.4519596  0.492380172
  90.  10.
  1146878.
  66.  6.
  0.00575475348  0.000523159397
  90.  20.
  1146878.
  23.  6.
  0.00200544437  0.000523159397
  90.  30.
  1146878.
  21.  3.
  0.00183105783  0.000261579698
  90.  40.
  1146878.
  15.  0.
  0.00130789843  0.
  90.  50.
  1146878.
  14.  3.
  0.00122070522  0.000261579698
  90.  60.
  1146878.
  7.  0.
  0.00061035261  0.
  90.  70.
  1146878.
  13.  0.
  0.00113351201  0.
  90.  80.
  1146878.
  5.  0.
  0.000435966154  0.
  90.  90.
  1146878.
  7.  0.
  0.00061035261  0.
  90.  100.
  1146878.
  15.  0.
  0.00130789843  0.
  100.  0.
  1146878.
  324384.  15855.
  28.28409  1.38244867
  100.  10.
  1146878.
  26.  2.
  0.00226702401  0.00017438647
  100.  20.
  1146878.
  10.  0.
  0.000871932309  0.
  100.  30.
  1146878.
  6.  0.
  0.000523159397  0.
  100.  40.
  1146878.
  7.  1.
  0.00061035261  8.71932352E-05
  100.  50.
  1146878.
  16.  1.
  0.00139509176  8.71932352E-05
  100.  60.
  1146878.
  9.  0.
  0.000784739095  0.
  100.  70.
  1146878.
  4.  0.
  0.000348772941  0.
  100.  80.
  1146878.
  3.  0.
  0.000261579698  0.
  100.  90.
  1146878.
  4.  0.
  0.000348772941  0.
  100.  100.
  1146878.
  15.  0.
  0.00130789843  0.
