  0.  0.
  2550758.
  1306335.  2765.
  51.2136002  0.108399153
  0.  10.
  2550758.
  84514.  593.
  3.31328964  0.0232479908
  0.  20.
  2550758.
  37799.  296.
  1.48187327  0.0116043938
  0.  30.
  2550758.
  34995.  329.
  1.37194514  0.0128981266
  0.  40.
  2550758.
  25848.  280.
  1.01334584  0.0109771295
  0.  50.
  2550758.
  25566.  254.
  1.00229025  0.0099578239
  0.  60.
  2550758.
  17810.  197.
  0.698223829  0.00772319455
  0.  70.
  2550758.
  13602.  186.
  0.533253253  0.00729195029
  0.  80.
  2550758.
  16665.  195.
  0.653335214  0.0076447865
  0.  90.
  2550758.
  18063.  245.
  0.708142459  0.00960498769
  0.  100.
  2550758.
  31823.  429.
  1.24758995  0.0168185309
  10.  0.
  2550758.
  67095.  737.
  2.63039446  0.028893372
  10.  10.
  2550758.
  13227.  374.
  0.518551767  0.0146623086
  10.  20.
  2550758.
  4988.  183.
  0.195549712  0.00717433775
  10.  30.
  2550758.
  4493.  204.
  0.176143721  0.00799762271
  10.  40.
  2550758.
  3149.  196.
  0.123453498  0.00768399052
  10.  50.
  2550758.
  2591.  188.
  0.101577647  0.00737035833
  10.  60.
  2550758.
  2230.  147.
  0.0874249935  0.00576299289
  10.  70.
  2550758.
  1514.  119.
  0.059354905  0.00466527976
  10.  80.
  2550758.
  1735.  178.
  0.0680189952  0.00697831763
  10.  90.
  2550758.
  1976.  167.
  0.0774671659  0.00654707337
  10.  100.
  2550758.
  2680.  285.
  0.105066806  0.0111731496
  20.  0.
  2550758.
  32977.  579.
  1.29283142  0.0226991344
  20.  10.
  2550758.
  7181.  314.
  0.281524152  0.0123100663
  20.  20.
  2550758.
  3083.  191.
  0.12086603  0.0074879704
  20.  30.
  2550758.
  2415.  159.
  0.0946777388  0.00623344118
  20.  40.
  2550758.
  1654.  135.
  0.0648434684  0.00529254461
  20.  50.
  2550758.
  1512.  141.
  0.0592764989  0.00552776875
  20.  60.
  2550758.
  1002.  98.
  0.0392824411  0.00384199526
  20.  70.
  2550758.
  787.  119.
  0.0308535732  0.00466527976
  20.  80.
  2550758.
  842.  119.
  0.0330097973  0.00466527976
  20.  90.
  2550758.
  812.  147.
  0.0318336748  0.00576299289
  20.  100.
  2550758.
  1102.  251.
  0.0432028435  0.00984021183
  30.  0.
  2550758.
  32984.  611.
  1.29310584  0.0239536632
  30.  10.
  2550758.
  8060.  431.
  0.315984517  0.0168969389
  30.  20.
  2550758.
  3444.  267.
  0.135018691  0.0104674771
  30.  30.
  2550758.
  2990.  317.
  0.117220059  0.0124276783
  30.  40.
  2550758.
  1920.  229.
  0.0752717406  0.00897772331
  30.  50.
  2550758.
  1444.  213.
  0.0566106215  0.00835045893
  30.  60.
  2550758.
  1209.  195.
  0.0473976769  0.0076447865
  30.  70.
  2550758.
  778.  120.
  0.030500738  0.00470448378
  30.  80.
  2550758.
  879.  154.
  0.0344603434  0.00603742106
  30.  90.
  2550758.
  906.  160.
  0.0355188549  0.0062726452
  30.  100.
  2550758.
  1071.  242.
  0.0419875197  0.00948737562
  40.  0.
  2550758.
  28291.  685.
  1.10912132  0.0268547628
  40.  10.
  2550758.
  6802.  445.
  0.266665816  0.0174457952
  40.  20.
  2550758.
  3081.  302.
  0.120787628  0.011839618
  40.  30.
  2550758.
  2704.  342.
  0.106007703  0.0134077789
  40.  40.
  2550758.
  1900.  275.
  0.0744876638  0.0107811093
  40.  50.
  2550758.
  1395.  251.
  0.0546896271  0.00984021183
  40.  60.
  2550758.
  1027.  202.
  0.0402625427  0.00791921467
  40.  70.
  2550758.
  709.  146.
  0.0277956594  0.00572378887
  40.  80.
  2550758.
  807.  200.
  0.0316376537  0.00784080662
  40.  90.
  2550758.
  715.  218.
  0.0280308835  0.00854647905
  40.  100.
  2550758.
  784.  266.
  0.0307359621  0.0104282731
  50.  0.
  2550758.
  37566.  1297.
  1.47273874  0.0508476309
  50.  10.
  2550758.
  7605.  723.
  0.298146665  0.0283445157
  50.  20.
  2550758.
  4053.  551.
  0.158893943  0.0216014218
  50.  30.
  2550758.
  2932.  449.
  0.114946224  0.0176026113
  50.  40.
  2550758.
  2170.  415.
  0.0850727484  0.0162696727
  50.  50.
  2550758.
  1928.  497.
  0.0755853727  0.0194844045
  50.  60.
  2550758.
  1148.  275.
  0.0450062305  0.0107811093
  50.  70.
  2550758.
  801.  235.
  0.0314024314  0.00921294745
  50.  80.
  2550758.
  813.  277.
  0.0318728797  0.0108595174
  50.  90.
  2550758.
  650.  279.
  0.025482621  0.0109379254
  50.  100.
  2550758.
  823.  359.
  0.0322649181  0.0140742473
  60.  0.
  2550758.
  25851.  856.
  1.0134635  0.0335586518
  60.  10.
  2550758.
  6652.  605.
  0.260785222  0.023718439
  60.  20.
  2550758.
  3138.  447.
  0.123022258  0.0175242033
  60.  30.
  2550758.
  2688.  506.
  0.105380438  0.0198372398
  60.  40.
  2550758.
  1840.  479.
  0.0721354187  0.018778732
  60.  50.
  2550758.
  1548.  440.
  0.0606878437  0.0172497742
  60.  60.
  2550758.
  1027.  361.
  0.0402625427  0.0141526554
  60.  70.
  2550758.
  623.  251.
  0.0244241115  0.00984021183
  60.  80.
  2550758.
  668.  283.
  0.0261882935  0.0110947415
  60.  90.
  2550758.
  579.  270.
  0.0226991344  0.0105850892
  60.  100.
  2550758.
  620.  398.
  0.0243065003  0.0156032052
  70.  0.
  2550758.
  24926.  850.
  0.977199733  0.0333234295
  70.  10.
  2550758.
  5711.  597.
  0.223894224  0.0234048069
  70.  20.
  2550758.
  2905.  514.
  0.113887712  0.0201508719
  70.  30.
  2550758.
  2393.  513.
  0.0938152522  0.0201116689
  70.  40.
  2550758.
  1694.  454.
  0.0664116293  0.0177986305
  70.  50.
  2550758.
  1466.  453.
  0.0574731119  0.0177594274
  70.  60.
  2550758.
  876.  355.
  0.0343427323  0.0139174312
  70.  70.
  2550758.
  644.  271.
  0.0252473969  0.0106242932
  70.  80.
  2550758.
  606.  292.
  0.023757644  0.0114475777
  70.  90.
  2550758.
  439.  269.
  0.0172105711  0.0105458852
  70.  100.
  2550758.
  474.  314.
  0.018582711  0.0123100663
  80.  0.
  2550758.
  28096.  1150.
  1.10147655  0.0450846367
  80.  10.
  2550758.
  7655.  983.
  0.300106883  0.0385375656
  80.  20.
  2550758.
  3694.  674.
  0.144819692  0.0264235176
  80.  30.
  2550758.
  3281.  724.
  0.128628433  0.0283837188
  80.  40.
  2550758.
  2202.  704.
  0.0863272771  0.0275996383
  80.  50.
  2550758.
  1799.  727.
  0.0705280527  0.0285013318
  80.  60.
  2550758.
  1243.  505.
  0.0487306118  0.0197980367
  80.  70.
  2550758.
  716.  383.
  0.0280700866  0.0150151448
  80.  80.
  2550758.
  756.  418.
  0.0296382494  0.0163872857
  80.  90.
  2550758.
  608.  430.
  0.023836052  0.016857734
  80.  100.
  2550758.
  523.  462.
  0.0205037091  0.0181122627
  90.  0.
  2550758.
  35669.  1487.
  1.3983686  0.0582963973
  90.  10.
  2550758.
  11133.  1496.
  0.436458498  0.0586492345
  90.  20.
  2550758.
  5211.  1150.
  0.204292208  0.0450846367
  90.  30.
  2550758.
  4907.  1277.
  0.192374185  0.0500635505
  90.  40.
  2550758.
  3148.  1211.
  0.123414293  0.047476083
  90.  50.
  2550758.
  2610.  1298.
  0.102322526  0.0508868359
  90.  60.
  2550758.
  1758.  1022.
  0.0689206868  0.0400665216
  90.  70.
  2550758.
  1028.  755.
  0.0403017439  0.0295990445
  90.  80.
  2550758.
  1078.  787.
  0.0422619469  0.0308535732
  90.  90.
  2550758.
  741.  758.
  0.0290501881  0.0297166575
  90.  100.
  2550758.
  542.  627.
  0.0212485865  0.0245809276
  100.  0.
  2550758.
  151224.  8954.
  5.92859077  0.351032913
  100.  10.
  2550758.
  50139.  7549.
  1.96565104  0.295951247
  100.  20.
  2550758.
  25117.  6521.
  0.984687686  0.255649507
  100.  30.
  2550758.
  23002.  7850.
  0.901771188  0.307751656
  100.  40.
  2550758.
  15544.  6655.
  0.609387457  0.260902852
  100.  50.
  2550758.
  11391.  7059.
  0.446573138  0.276741266
  100.  60.
  2550758.
  7249.  5255.
  0.284190029  0.206017196
  100.  70.
  2550758.
  3956.  3713.
  0.155091152  0.145564571
  100.  80.
  2550758.
  3896.  3660.
  0.152738914  0.143486753
  100.  90.
  2550758.
  2607.  2858.
  0.102204911  0.112045124
  100.  100.
  2550758.
  1282.  1823.
  0.0502595715  0.0714689493
