  0.  0.
  2428566.
  1030270.  1826.
  42.4229774  0.0751884058
  0.  10.
  2428566.
  102302.  584.
  4.21244478  0.0240471121
  0.  20.
  2428566.
  56712.  372.
  2.33520532  0.0153176812
  0.  30.
  2428566.
  39857.  267.
  1.6411742  0.0109941419
  0.  40.
  2428566.
  30391.  270.
  1.25139689  0.0111176716
  0.  50.
  2428566.
  34203.  388.
  1.40836203  0.0159765072
  0.  60.
  2428566.
  17598.  237.
  0.72462517  0.00975884497
  0.  70.
  2428566.
  14561.  179.
  0.599571943  0.00737060467
  0.  80.
  2428566.
  11893.  131.
  0.489712864  0.00539412955
  0.  90.
  2428566.
  10471.  141.
  0.431159794  0.0058058952
  0.  100.
  2428566.
  9182.  55.
  0.378083199  0.00226471084
  10.  0.
  2428566.
  76455.  1015.
  3.14815402  0.0417942107
  10.  10.
  2428566.
  17266.  414.
  0.710954547  0.017047096
  10.  20.
  2428566.
  9145.  231.
  0.376559675  0.00951178558
  10.  30.
  2428566.
  6515.  177.
  0.268265307  0.00728825154
  10.  40.
  2428566.
  5413.  161.
  0.222888738  0.0066294265
  10.  50.
  2428566.
  6374.  242.
  0.262459397  0.0099647278
  10.  60.
  2428566.
  3467.  142.
  0.142759144  0.00584707176
  10.  70.
  2428566.
  3052.  133.
  0.125670865  0.00547648268
  10.  80.
  2428566.
  2361.  86.
  0.0972178653  0.00354118436
  10.  90.
  2428566.
  1924.  86.
  0.0792237073  0.00354118436
  10.  100.
  2428566.
  1502.  78.
  0.0618471988  0.00321177184
  20.  0.
  2428566.
  50242.  1039.
  2.06879282  0.0427824482
  20.  10.
  2428566.
  13256.  460.
  0.545836508  0.018941218
  20.  20.
  2428566.
  7285.  300.
  0.299971253  0.0123529686
  20.  30.
  2428566.
  4749.  223.
  0.195547491  0.00918237306
  20.  40.
  2428566.
  3828.  182.
  0.157623887  0.00749413436
  20.  50.
  2428566.
  4292.  251.
  0.176729813  0.0103353169
  20.  60.
  2428566.
  2284.  136.
  0.0940472707  0.00560001237
  20.  70.
  2428566.
  2038.  123.
  0.0839178339  0.00506471703
  20.  80.
  2428566.
  1541.  86.
  0.0634530857  0.00354118436
  20.  90.
  2428566.
  1180.  75.
  0.048588343  0.00308824214
  20.  100.
  2428566.
  851.  53.
  0.035041254  0.00218235771
  30.  0.
  2428566.
  39925.  1035.
  1.6439743  0.042617742
  30.  10.
  2428566.
  11641.  601.
  0.479336351  0.0247471146
  30.  20.
  2428566.
  6687.  406.
  0.27534768  0.0167176835
  30.  30.
  2428566.
  4331.  317.
  0.178335696  0.0130529702
  30.  40.
  2428566.
  3245.  249.
  0.133617952  0.0102529638
  30.  50.
  2428566.
  3523.  259.
  0.145065024  0.0106647294
  30.  60.
  2428566.
  1725.  142.
  0.0710295737  0.00584707176
  30.  70.
  2428566.
  1483.  113.
  0.0610648431  0.00465295138
  30.  80.
  2428566.
  1211.  99.
  0.0498648174  0.00407647947
  30.  90.
  2428566.
  946.  91.
  0.0389530286  0.00374706718
  30.  100.
  2428566.
  551.  50.
  0.0226882864  0.00205882802
  40.  0.
  2428566.
  34384.  966.
  1.41581488  0.0397765599
  40.  10.
  2428566.
  11223.  653.
  0.462124556  0.026888296
  40.  20.
  2428566.
  6289.  557.
  0.258959413  0.0229353458
  40.  30.
  2428566.
  4329.  396.
  0.178253338  0.0163059179
  40.  40.
  2428566.
  3173.  336.
  0.130653232  0.0138353249
  40.  50.
  2428566.
  3457.  339.
  0.142347381  0.0139588546
  40.  60.
  2428566.
  1592.  144.
  0.065553084  0.00592942489
  40.  70.
  2428566.
  1173.  123.
  0.0483001098  0.00506471703
  40.  80.
  2428566.
  879.  120.
  0.0361941978  0.00494118733
  40.  90.
  2428566.
  715.  102.
  0.029441243  0.00420000916
  40.  100.
  2428566.
  413.  54.
  0.0170059204  0.00222353428
  50.  0.
  2428566.
  47805.  1678.
  1.96844554  0.0690942705
  50.  10.
  2428566.
  16598.  1307.
  0.683448613  0.0538177676
  50.  20.
  2428566.
  9584.  1057.
  0.394636184  0.0435236283
  50.  30.
  2428566.
  6823.  876.
  0.280947685  0.0360706672
  50.  40.
  2428566.
  5077.  692.
  0.209053412  0.0284941811
  50.  50.
  2428566.
  5299.  788.
  0.218194604  0.0324471332
  50.  60.
  2428566.
  2305.  365.
  0.0949119776  0.0150294453
  50.  70.
  2428566.
  1551.  287.
  0.0638648495  0.0118176732
  50.  80.
  2428566.
  1098.  183.
  0.0452118665  0.00753531093
  50.  90.
  2428566.
  806.  150.
  0.0331883095  0.00617648428
  50.  100.
  2428566.
  456.  91.
  0.0187765118  0.00374706718
  60.  0.
  2428566.
  28899.  1402.
  1.18996143  0.0577295423
  60.  10.
  2428566.
  10963.  1125.
  0.451418668  0.0463236347
  60.  20.
  2428566.
  6804.  1045.
  0.280165344  0.0430295095
  60.  30.
  2428566.
  4580.  831.
  0.188588664  0.0342177227
  60.  40.
  2428566.
  3325.  660.
  0.136912078  0.027176531
  60.  50.
  2428566.
  3497.  662.
  0.143994436  0.0272588842
  60.  60.
  2428566.
  1565.  338.
  0.0644413233  0.013917678
  60.  70.
  2428566.
  1107.  239.
  0.0455824547  0.0098411981
  60.  80.
  2428566.
  687.  205.
  0.0282882992  0.00844119489
  60.  90.
  2428566.
  460.  124.
  0.018941218  0.00510589359
  60.  100.
  2428566.
  247.  75.
  0.0101706106  0.00308824214
  70.  0.
  2428566.
  27703.  1679.
  1.14071429  0.0691354498
  70.  10.
  2428566.
  11202.  1424.
  0.461259842  0.0586354248
  70.  20.
  2428566.
  7154.  1294.
  0.294577122  0.0532824732
  70.  30.
  2428566.
  5070.  1185.
  0.208765179  0.0487942249
  70.  40.
  2428566.
  3606.  986.
  0.14848268  0.0406000912
  70.  50.
  2428566.
  3536.  947.
  0.145600319  0.0389942043
  70.  60.
  2428566.
  1526.  435.
  0.0628354326  0.0179118048
  70.  70.
  2428566.
  1040.  338.
  0.0428236239  0.013917678
  70.  80.
  2428566.
  692.  262.
  0.0284941811  0.0107882591
  70.  90.
  2428566.
  362.  149.
  0.0149059156  0.00613530772
  70.  100.
  2428566.
  218.  75.
  0.00897649024  0.00308824214
  80.  0.
  2428566.
  28134.  1956.
  1.15846145  0.0805413574
  80.  10.
  2428566.
  11917.  1700.
  0.490701109  0.0700001568
  80.  20.
  2428566.
  8140.  1708.
  0.335177213  0.0703295693
  80.  30.
  2428566.
  5954.  1572.
  0.245165259  0.0647295564
  80.  40.
  2428566.
  4319.  1349.
  0.177841574  0.0555471815
  80.  50.
  2428566.
  4318.  1537.
  0.177800402  0.0632883757
  80.  60.
  2428566.
  1819.  720.
  0.0749001652  0.0296471249
  80.  70.
  2428566.
  1284.  548.
  0.0528707057  0.0225647558
  80.  80.
  2428566.
  716.  451.
  0.0294824187  0.0185706299
  80.  90.
  2428566.
  394.  239.
  0.0162235666  0.0098411981
  80.  100.
  2428566.
  230.  116.
  0.00947060902  0.00477648107
  90.  0.
  2428566.
  32671.  2460.
  1.34527946  0.101294346
  90.  10.
  2428566.
  14937.  2524.
  0.615054309  0.103929646
  90.  20.
  2428566.
  10431.  2584.
  0.429512739  0.106400236
  90.  30.
  2428566.
  7609.  2468.
  0.313312471  0.101623759
  90.  40.
  2428566.
  5699.  2125.
  0.23466523  0.0875001922
  90.  50.
  2428566.
  6029.  2889.
  0.248253495  0.118959092
  90.  60.
  2428566.
  2792.  1441.
  0.114964962  0.0593354255
  90.  70.
  2428566.
  1894.  1017.
  0.0779884085  0.0418765657
  90.  80.
  2428566.
  1175.  722.
  0.0483824611  0.0297294781
  90.  90.
  2428566.
  619.  417.
  0.0254882928  0.0171706267
  90.  100.
  2428566.
  231.  187.
  0.00951178558  0.00770001719
  100.  0.
  2428566.
  63950.  6786.
  2.63324118  0.279424161
  100.  10.
  2428566.
  33360.  8574.
  1.37365007  0.353047848
  100.  20.
  2428566.
  24496.  9380.
  1.00866103  0.386236161
  100.  30.
  2428566.
  19278.  9678.
  0.793801785  0.398506761
  100.  40.
  2428566.
  14731.  9119.
  0.606571972  0.375489086
  100.  50.
  2428566.
  15940.  11947.
  0.656354427  0.491936386
  100.  60.
  2428566.
  6985.  6181.
  0.287618279  0.25451234
  100.  70.
  2428566.
  4596.  4719.
  0.189247489  0.1943122
  100.  80.
  2428566.
  2797.  3180.
  0.115170844  0.130941465
  100.  90.
  2428566.
  1373.  1471.
  0.0565354191  0.0605707243
  100.  100.
  2428566.
  376.  358.
  0.0154823875  0.0147412093
