  0.  0.
  2535484.
  1192263.  2540.
  47.0230942  0.100178115
  0.  10.
  2535484.
  116850.  663.
  4.60858774  0.0261488538
  0.  20.
  2535484.
  51946.  363.
  2.04876065  0.0143167935
  0.  30.
  2535484.
  46503.  415.
  1.83408773  0.0163676832
  0.  40.
  2535484.
  32922.  287.
  1.29845035  0.0113193374
  0.  50.
  2535484.
  30743.  271.
  1.21251011  0.0106882947
  0.  60.
  2535484.
  21641.  198.
  0.8535254  0.00780915981
  0.  70.
  2535484.
  15601.  138.
  0.615306556  0.00544274785
  0.  80.
  2535484.
  17200.  156.
  0.678371489  0.0061526713
  0.  90.
  2535484.
  16787.  154.
  0.662082672  0.00607379107
  0.  100.
  2535484.
  20425.  204.
  0.805566132  0.00804580096
  10.  0.
  2535484.
  84092.  831.
  3.31660533  0.032774806
  10.  10.
  2535484.
  20579.  429.
  0.811639905  0.0169198457
  10.  20.
  2535484.
  7478.  232.
  0.294933826  0.00915012695
  10.  30.
  2535484.
  6399.  302.
  0.252377838  0.0119109405
  10.  40.
  2535484.
  4484.  221.
  0.176849857  0.0087162843
  10.  50.
  2535484.
  3597.  232.
  0.141866401  0.00915012695
  10.  60.
  2535484.
  2886.  195.
  0.11382442  0.00769083947
  10.  70.
  2535484.
  1724.  132.
  0.0679949075  0.0052061067
  10.  80.
  2535484.
  2005.  181.
  0.0790776014  0.00713867648
  10.  90.
  2535484.
  1829.  140.
  0.0721361265  0.00552162807
  10.  100.
  2535484.
  2042.  117.
  0.0805368945  0.00461450359
  20.  0.
  2535484.
  40861.  608.
  1.61156607  0.0239796434
  20.  10.
  2535484.
  11356.  312.
  0.447882921  0.0123053426
  20.  20.
  2535484.
  4642.  210.
  0.183081418  0.00828244258
  20.  30.
  2535484.
  3277.  197.
  0.129245535  0.0077697197
  20.  40.
  2535484.
  2148.  192.
  0.0847175494  0.00757251866
  20.  50.
  2535484.
  1876.  155.
  0.073989816  0.00611323118
  20.  60.
  2535484.
  1521.  134.
  0.0599885471  0.00528498692
  20.  70.
  2535484.
  979.  101.
  0.0386119559  0.00398346037
  20.  80.
  2535484.
  1029.  99.
  0.0405839682  0.00390457991
  20.  90.
  2535484.
  807.  86.
  0.0318282433  0.00339185726
  20.  100.
  2535484.
  1043.  109.
  0.0411361307  0.00429898174
  30.  0.
  2535484.
  39541.  717.
  1.55950499  0.0282786246
  30.  10.
  2535484.
  12934.  465.
  0.510119557  0.0183396935
  30.  20.
  2535484.
  5063.  270.
  0.199685737  0.0106488541
  30.  30.
  2535484.
  4015.  333.
  0.158352405  0.0131335873
  30.  40.
  2535484.
  2534.  265.
  0.0999414697  0.010451653
  30.  50.
  2535484.
  1820.  183.
  0.0717811659  0.0072175567
  30.  60.
  2535484.
  1542.  190.
  0.0608167909  0.00749363843
  30.  70.
  2535484.
  1039.  182.
  0.0409783684  0.00717811659
  30.  80.
  2535484.
  1194.  173.
  0.0470915996  0.0068231551
  30.  90.
  2535484.
  939.  156.
  0.0370343477  0.0061526713
  30.  100.
  2535484.
  887.  126.
  0.0349834599  0.00496946555
  40.  0.
  2535484.
  32256.  729.
  1.27218318  0.028751906
  40.  10.
  2535484.
  11055.  507.
  0.436011434  0.019996183
  40.  20.
  2535484.
  4667.  404.
  0.184067413  0.0159338415
  40.  30.
  2535484.
  3837.  405.
  0.151332051  0.0159732811
  40.  40.
  2535484.
  2373.  302.
  0.0935916007  0.0119109405
  40.  50.
  2535484.
  1736.  255.
  0.0684681907  0.010057251
  40.  60.
  2535484.
  1341.  255.
  0.0528893098  0.010057251
  40.  70.
  2535484.
  904.  177.
  0.0356539413  0.00698091555
  40.  80.
  2535484.
  946.  217.
  0.0373104289  0.00855852384
  40.  90.
  2535484.
  837.  187.
  0.0330114476  0.00737531763
  40.  100.
  2535484.
  647.  136.
  0.0255178101  0.00536386762
  50.  0.
  2535484.
  35341.  1160.
  1.39385617  0.0457506329
  50.  10.
  2535484.
  11056.  735.
  0.436050862  0.0289885476
  50.  20.
  2535484.
  5251.  462.
  0.207100496  0.0182213727
  50.  30.
  2535484.
  3988.  531.
  0.157287523  0.0209427476
  50.  40.
  2535484.
  2757.  425.
  0.108736634  0.0167620853
  50.  50.
  2535484.
  2208.  479.
  0.0870839655  0.0188918561
  50.  60.
  2535484.
  1426.  370.
  0.0562417284  0.0145928748
  50.  70.
  2535484.
  892.  267.
  0.0351806581  0.0105305342
  50.  80.
  2535484.
  868.  298.
  0.0342340954  0.0117531801
  50.  90.
  2535484.
  702.  236.
  0.0276870206  0.00930788741
  50.  100.
  2535484.
  570.  210.
  0.0224809144  0.00828244258
  60.  0.
  2535484.
  28322.  1020.
  1.11702538  0.0402290039
  60.  10.
  2535484.
  10348.  775.
  0.408127218  0.0305661559
  60.  20.
  2535484.
  4755.  514.
  0.187538162  0.0202722643
  60.  30.
  2535484.
  4055.  622.
  0.159930021  0.0245318059
  60.  40.
  2535484.
  2559.  567.
  0.100927472  0.0223625936
  60.  50.
  2535484.
  1852.  535.
  0.073043257  0.021100508
  60.  60.
  2535484.
  1472.  395.
  0.0580559783  0.01557888
  60.  70.
  2535484.
  791.  267.
  0.0311971996  0.0105305342
  60.  80.
  2535484.
  923.  307.
  0.0364033058  0.0121081416
  60.  90.
  2535484.
  654.  225.
  0.0257938914  0.00887404568
  60.  100.
  2535484.
  432.  209.
  0.0170381665  0.008243002
  70.  0.
  2535484.
  24556.  869.
  0.968493581  0.034273535
  70.  10.
  2535484.
  8704.  812.
  0.343287528  0.0320254453
  70.  20.
  2535484.
  4419.  703.
  0.174286246  0.0277264621
  70.  30.
  2535484.
  3486.  638.
  0.137488544  0.0251628477
  70.  40.
  2535484.
  2310.  593.
  0.0911068693  0.0233880393
  70.  50.
  2535484.
  1887.  609.
  0.0744236633  0.024019083
  70.  60.
  2535484.
  1177.  372.
  0.0464211181  0.014671755
  70.  70.
  2535484.
  653.  298.
  0.0257544518  0.0117531801
  70.  80.
  2535484.
  679.  264.
  0.0267798975  0.0104122134
  70.  90.
  2535484.
  470.  240.
  0.0185368955  0.00946564879
  70.  100.
  2535484.
  244.  168.
  0.00962340925  0.00662595406
  80.  0.
  2535484.
  30252.  1093.
  1.19314504  0.0431081392
  80.  10.
  2535484.
  12090.  1172.
  0.476832032  0.0462239161
  80.  20.
  2535484.
  5702.  853.
  0.224888027  0.0336424932
  80.  30.
  2535484.
  4772.  873.
  0.18820864  0.0344312973
  80.  40.
  2535484.
  3226.  844.
  0.127234086  0.0332875289
  80.  50.
  2535484.
  2411.  910.
  0.0950903296  0.0358905829
  80.  60.
  2535484.
  1647.  639.
  0.0649580136  0.0252022892
  80.  70.
  2535484.
  918.  406.
  0.0362061039  0.0160127226
  80.  80.
  2535484.
  890.  382.
  0.0351017788  0.0150661571
  80.  90.
  2535484.
  597.  305.
  0.0235457998  0.0120292613
  80.  100.
  2535484.
  282.  234.
  0.0111221364  0.00922900718
  90.  0.
  2535484.
  36683.  1539.
  1.44678497  0.060698472
  90.  10.
  2535484.
  16737.  1598.
  0.660110652  0.0630254447
  90.  20.
  2535484.
  8482.  1399.
  0.334531784  0.055176843
  90.  30.
  2535484.
  7300.  1634.
  0.287913471  0.064445287
  90.  40.
  2535484.
  4770.  1507.
  0.188129768  0.0594363846
  90.  50.
  2535484.
  3341.  1518.
  0.131769717  0.0598702244
  90.  60.
  2535484.
  2157.  1220.
  0.0850725174  0.0481170453
  90.  70.
  2535484.
  1073.  735.
  0.042319335  0.0289885476
  90.  80.
  2535484.
  1016.  689.
  0.0400712453  0.0271742996
  90.  90.
  2535484.
  617.  375.
  0.0243346039  0.0147900758
  90.  100.
  2535484.
  220.  374.
  0.00867684465  0.0147506353
  100.  0.
  2535484.
  101361.  5739.
  3.99769831  0.226347312
  100.  10.
  2535484.
  43938.  5587.
  1.73292363  0.220352411
  100.  20.
  2535484.
  22318.  4927.
  0.880226433  0.194321871
  100.  30.
  2535484.
  18668.  5601.
  0.736269653  0.220904574
  100.  40.
  2535484.
  12627.  5027.
  0.49801141  0.198265895
  100.  50.
  2535484.
  8965.  5268.
  0.353581399  0.207770988
  100.  60.
  2535484.
  6097.  3583.
  0.240466908  0.141314238
  100.  70.
  2535484.
  2940.  2468.
  0.11595419  0.0973384157
  100.  80.
  2535484.
  2855.  2402.
  0.112601772  0.0947353616
  100.  90.
  2535484.
  1757.  1566.
  0.0692964345  0.0617633574
  100.  100.
  2535484.
  668.  778.
  0.0263460539  0.0306844767
