  0.  0.
  2535484.
  1396634.  1663.
  55.0835266  0.0655890554
  0.  10.
  2535484.
  88810.  493.
  3.50268435  0.0194440186
  0.  20.
  2535484.
  37233.  309.
  1.46847701  0.0121870227
  0.  30.
  2535484.
  35008.  311.
  1.38072252  0.0122659029
  0.  40.
  2535484.
  24297.  267.
  0.958278596  0.0105305342
  0.  50.
  2535484.
  24492.  346.
  0.965969443  0.0136463102
  0.  60.
  2535484.
  14978.  261.
  0.590735316  0.0102938926
  0.  70.
  2535484.
  11102.  221.
  0.437865108  0.0087162843
  0.  80.
  2535484.
  13496.  253.
  0.532284975  0.00997837074
  0.  90.
  2535484.
  14074.  254.
  0.555081367  0.0100178113
  0.  100.
  2535484.
  31643.  519.
  1.24800634  0.0204694644
  10.  0.
  2535484.
  54972.  385.
  2.16810679  0.0151844779
  10.  10.
  2535484.
  14156.  274.
  0.558315516  0.0108066155
  10.  20.
  2535484.
  6038.  166.
  0.238139942  0.00654707337
  10.  30.
  2535484.
  5424.  195.
  0.213923648  0.00769083947
  10.  40.
  2535484.
  3715.  216.
  0.146520346  0.00851908326
  10.  50.
  2535484.
  3079.  194.
  0.12143638  0.00765139889
  10.  60.
  2535484.
  2086.  181.
  0.0822722614  0.00713867648
  10.  70.
  2535484.
  1260.  125.
  0.0496946536  0.00493002497
  10.  80.
  2535484.
  1423.  167.
  0.0561234057  0.00658651348
  10.  90.
  2535484.
  1524.  160.
  0.0601068661  0.00631043222
  10.  100.
  2535484.
  2377.  306.
  0.0937493593  0.0120687019
  20.  0.
  2535484.
  25203.  242.
  0.994011402  0.00954452902
  20.  10.
  2535484.
  6630.  176.
  0.261488527  0.00694147544
  20.  20.
  2535484.
  3531.  132.
  0.139263347  0.0052061067
  20.  30.
  2535484.
  2978.  130.
  0.117452919  0.005127226
  20.  40.
  2535484.
  2033.  133.
  0.0801819265  0.00524554681
  20.  50.
  2535484.
  2004.  185.
  0.0790381655  0.0072964374
  20.  60.
  2535484.
  1097.  143.
  0.0432659015  0.00563994888
  20.  70.
  2535484.
  795.  101.
  0.0313549601  0.00398346037
  20.  80.
  2535484.
  728.  100.
  0.0287124664  0.00394402025
  20.  90.
  2535484.
  642.  127.
  0.02532061  0.00500890566
  20.  100.
  2535484.
  946.  238.
  0.0373104289  0.00938676763
  30.  0.
  2535484.
  25268.  262.
  0.996574998  0.0103333332
  30.  10.
  2535484.
  7708.  228.
  0.304005086  0.00899236556
  30.  20.
  2535484.
  3754.  163.
  0.148058519  0.00642875303
  30.  30.
  2535484.
  3592.  239.
  0.141669199  0.00942620821
  30.  40.
  2535484.
  2286.  220.
  0.0901603028  0.00867684465
  30.  50.
  2535484.
  1990.  229.
  0.078486003  0.00903180614
  30.  60.
  2535484.
  1227.  182.
  0.0483931266  0.00717811659
  30.  70.
  2535484.
  812.  141.
  0.0320254453  0.00556106819
  30.  80.
  2535484.
  842.  144.
  0.0332086496  0.005679389
  30.  90.
  2535484.
  657.  129.
  0.0259122122  0.00508778589
  30.  100.
  2535484.
  829.  251.
  0.0326959267  0.00989949051
  40.  0.
  2535484.
  22211.  251.
  0.876006305  0.00989949051
  40.  10.
  2535484.
  6133.  192.
  0.24188675  0.00757251866
  40.  20.
  2535484.
  3446.  179.
  0.135910928  0.00705979625
  40.  30.
  2535484.
  2941.  204.
  0.115993634  0.00804580096
  40.  40.
  2535484.
  2200.  220.
  0.0867684409  0.00867684465
  40.  50.
  2535484.
  1861.  241.
  0.0733982176  0.00950508844
  40.  60.
  2535484.
  1090.  213.
  0.0429898202  0.00840076338
  40.  70.
  2535484.
  664.  145.
  0.0261882935  0.00571882911
  40.  80.
  2535484.
  665.  169.
  0.0262277331  0.00666539418
  40.  90.
  2535484.
  507.  152.
  0.019996183  0.00599491084
  40.  100.
  2535484.
  653.  214.
  0.0257544518  0.00844020303
  50.  0.
  2535484.
  40614.  450.
  1.6018244  0.0177480914
  50.  10.
  2535484.
  8597.  303.
  0.3390674  0.0119503811
  50.  20.
  2535484.
  5700.  309.
  0.224809155  0.0121870227
  50.  30.
  2535484.
  4448.  332.
  0.175430015  0.0130941467
  50.  40.
  2535484.
  3347.  362.
  0.132006347  0.014277353
  50.  50.
  2535484.
  3192.  467.
  0.125893116  0.0184185747
  50.  60.
  2535484.
  1509.  308.
  0.0595152639  0.0121475821
  50.  70.
  2535484.
  976.  225.
  0.038493637  0.00887404568
  50.  80.
  2535484.
  773.  225.
  0.0304872766  0.00887404568
  50.  90.
  2535484.
  637.  221.
  0.0251234081  0.0087162843
  50.  100.
  2535484.
  769.  371.
  0.0303295143  0.0146323144
  60.  0.
  2535484.
  19716.  235.
  0.77760303  0.00926844776
  60.  10.
  2535484.
  5704.  242.
  0.224966913  0.00954452902
  60.  20.
  2535484.
  3183.  231.
  0.125538155  0.00911068637
  60.  30.
  2535484.
  3095.  294.
  0.122067422  0.0115954196
  60.  40.
  2535484.
  2261.  293.
  0.089174293  0.011555979
  60.  50.
  2535484.
  1913.  336.
  0.0754491091  0.0132519081
  60.  60.
  2535484.
  1143.  260.
  0.0450801514  0.010254452
  60.  70.
  2535484.
  730.  233.
  0.0287913475  0.0091895666
  60.  80.
  2535484.
  644.  238.
  0.0253994893  0.00938676763
  60.  90.
  2535484.
  464.  214.
  0.0183002539  0.00844020303
  60.  100.
  2535484.
  528.  288.
  0.0208244268  0.011358778
  70.  0.
  2535484.
  21260.  283.
  0.838498712  0.011161577
  70.  10.
  2535484.
  4842.  226.
  0.190969452  0.00891348533
  70.  20.
  2535484.
  2678.  204.
  0.105620861  0.00804580096
  70.  30.
  2535484.
  2813.  270.
  0.110945284  0.0106488541
  70.  40.
  2535484.
  2142.  323.
  0.0844809115  0.0127391852
  70.  50.
  2535484.
  1810.  417.
  0.071386762  0.0164465643
  70.  60.
  2535484.
  1215.  291.
  0.0479198433  0.0114770988
  70.  70.
  2535484.
  666.  238.
  0.0262671746  0.00938676763
  70.  80.
  2535484.
  545.  212.
  0.0214949101  0.00836132281
  70.  90.
  2535484.
  449.  240.
  0.0177086499  0.00946564879
  70.  100.
  2535484.
  462.  309.
  0.0182213727  0.0121870227
  80.  0.
  2535484.
  20314.  341.
  0.801188231  0.0134491092
  80.  10.
  2535484.
  5907.  305.
  0.232973278  0.0120292613
  80.  20.
  2535484.
  3188.  249.
  0.125735357  0.00982061028
  80.  30.
  2535484.
  3428.  373.
  0.135201007  0.0147111956
  80.  40.
  2535484.
  2576.  397.
  0.101597957  0.0156577602
  80.  50.
  2535484.
  1997.  487.
  0.0787620842  0.0192073788
  80.  60.
  2535484.
  1417.  439.
  0.0558867641  0.0173142478
  80.  70.
  2535484.
  788.  325.
  0.0310788788  0.0128180655
  80.  80.
  2535484.
  733.  424.
  0.0289096683  0.0167226456
  80.  90.
  2535484.
  611.  398.
  0.0240979623  0.0156971999
  80.  100.
  2535484.
  476.  365.
  0.0187735353  0.0143956738
  90.  0.
  2535484.
  24300.  364.
  0.958396912  0.0143562332
  90.  10.
  2535484.
  8551.  443.
  0.337253153  0.0174720101
  90.  20.
  2535484.
  4529.  422.
  0.178624675  0.0166437645
  90.  30.
  2535484.
  4920.  545.
  0.194045797  0.0214949101
  90.  40.
  2535484.
  3738.  624.
  0.147427469  0.0246106852
  90.  50.
  2535484.
  2782.  687.
  0.109722644  0.0270954184
  90.  60.
  2535484.
  2130.  689.
  0.0840076283  0.0271742996
  90.  70.
  2535484.
  1201.  547.
  0.0473676808  0.0215737894
  90.  80.
  2535484.
  1161.  575.
  0.0457900725  0.0226781163
  90.  90.
  2535484.
  871.  605.
  0.0343524143  0.0238613226
  90.  100.
  2535484.
  623.  518.
  0.0245712455  0.0204300247
  100.  0.
  2535484.
  108539.  2368.
  4.28079987  0.0933943987
  100.  10.
  2535484.
  36495.  2313.
  1.43937016  0.0912251845
  100.  20.
  2535484.
  24699.  2319.
  0.974133551  0.0914618298
  100.  30.
  2535484.
  28320.  3680.
  1.11694646  0.145139948
  100.  40.
  2535484.
  23938.  4611.
  0.944119573  0.181858763
  100.  50.
  2535484.
  19457.  6146.
  0.767387986  0.242399484
  100.  60.
  2535484.
  15870.  6269.
  0.625916004  0.247250617
  100.  70.
  2535484.
  8550.  5161.
  0.337213725  0.203550875
  100.  80.
  2535484.
  8334.  5758.
  0.328694642  0.227096677
  100.  90.
  2535484.
  6065.  5391.
  0.239204824  0.212622121
  100.  100.
  2535484.
  3074.  4404.
  0.121239178  0.17369464
