  0.  0.
  401878.
  83939.  206.
  20.8866863  0.0512593389
  0.  10.
  401878.
  8340.  66.
  2.07525659  0.0164228939
  0.  20.
  401878.
  2035.  25.
  0.506372571  0.00622079335
  0.  30.
  401878.
  2996.  44.
  0.745499849  0.0109485965
  0.  40.
  401878.
  1598.  26.
  0.397633106  0.00646962505
  0.  50.
  401878.
  608.  23.
  0.151289701  0.00572312996
  0.  60.
  401878.
  835.  17.
  0.207774505  0.00423013931
  0.  70.
  401878.
  411.  14.
  0.102269843  0.00348364422
  0.  80.
  401878.
  426.  11.
  0.106002316  0.00273714913
  0.  90.
  401878.
  179.  3.
  0.0445408821  0.000746495207
  0.  100.
  401878.
  47.  1.
  0.0116950916  0.000248831726
  10.  0.
  401878.
  21308.  101.
  5.30210638  0.025132006
  10.  10.
  401878.
  3124.  51.
  0.777350366  0.0126904184
  10.  20.
  401878.
  845.  22.
  0.21026282  0.00547429826
  10.  30.
  401878.
  1260.  30.
  0.313527972  0.00746495184
  10.  40.
  401878.
  806.  21.
  0.200558379  0.00522546656
  10.  50.
  401878.
  350.  6.
  0.0870911106  0.00149299041
  10.  60.
  401878.
  543.  22.
  0.135115638  0.00547429826
  10.  70.
  401878.
  252.  4.
  0.0627055988  0.000995326904
  10.  80.
  401878.
  301.  10.
  0.0748983547  0.00248831743
  10.  90.
  401878.
  139.  10.
  0.0345876105  0.00248831743
  10.  100.
  401878.
  51.  1.
  0.0126904184  0.000248831726
  20.  0.
  401878.
  7819.  56.
  1.94561529  0.0139345769
  20.  10.
  401878.
  1012.  16.
  0.251817703  0.00398130761
  20.  20.
  401878.
  288.  9.
  0.0716635361  0.0022394855
  20.  30.
  401878.
  443.  10.
  0.110232458  0.00248831743
  20.  40.
  401878.
  311.  10.
  0.0773866698  0.00248831743
  20.  50.
  401878.
  102.  6.
  0.0253808368  0.00149299041
  20.  60.
  401878.
  234.  7.
  0.0582266264  0.00174182211
  20.  70.
  401878.
  93.  4.
  0.0231413506  0.000995326904
  20.  80.
  401878.
  115.  7.
  0.0286156498  0.00174182211
  20.  90.
  401878.
  50.  8.
  0.0124415867  0.00199065381
  20.  100.
  401878.
  25.  2.
  0.00622079335  0.000497663452
  30.  0.
  401878.
  25503.  110.
  6.34595585  0.0273714904
  30.  10.
  401878.
  2166.  45.
  0.538969517  0.0111974282
  30.  20.
  401878.
  642.  9.
  0.15974997  0.0022394855
  30.  30.
  401878.
  1089.  35.
  0.270977765  0.00870911032
  30.  40.
  401878.
  771.  38.
  0.191849262  0.00945560634
  30.  50.
  401878.
  274.  7.
  0.068179898  0.00174182211
  30.  60.
  401878.
  499.  30.
  0.124167033  0.00746495184
  30.  70.
  401878.
  246.  13.
  0.0612126067  0.00323481252
  30.  80.
  401878.
  341.  18.
  0.0848516226  0.00447897101
  30.  90.
  401878.
  192.  16.
  0.0477756932  0.00398130761
  30.  100.
  401878.
  87.  10.
  0.0216483604  0.00248831743
  40.  0.
  401878.
  13349.  77.
  3.3216548  0.0191600434
  40.  10.
  401878.
  1743.  27.
  0.433713704  0.00671845675
  40.  20.
  401878.
  498.  11.
  0.123918205  0.00273714913
  40.  30.
  401878.
  800.  29.
  0.199065387  0.00721612014
  40.  40.
  401878.
  652.  30.
  0.162238285  0.00746495184
  40.  50.
  401878.
  320.  17.
  0.0796261579  0.00423013931
  40.  60.
  401878.
  572.  30.
  0.142331749  0.00746495184
  40.  70.
  401878.
  304.  14.
  0.0756448507  0.00348364422
  40.  80.
  401878.
  457.  27.
  0.113716103  0.00671845675
  40.  90.
  401878.
  252.  19.
  0.0627055988  0.00472780317
  40.  100.
  401878.
  90.  4.
  0.0223948564  0.000995326904
  50.  0.
  401878.
  5946.  68.
  1.47955346  0.0169205572
  50.  10.
  401878.
  774.  24.
  0.192595765  0.00597196165
  50.  20.
  401878.
  215.  1.
  0.0534988232  0.000248831726
  50.  30.
  401878.
  356.  8.
  0.0885840952  0.00199065381
  50.  40.
  401878.
  269.  7.
  0.0669357404  0.00174182211
  50.  50.
  401878.
  128.  8.
  0.0318504609  0.00199065381
  50.  60.
  401878.
  255.  12.
  0.0634520948  0.00298598083
  50.  70.
  401878.
  147.  7.
  0.0365782641  0.00174182211
  50.  80.
  401878.
  238.  17.
  0.0592219532  0.00423013931
  50.  90.
  401878.
  185.  9.
  0.0460338704  0.0022394855
  50.  100.
  401878.
  50.  4.
  0.0124415867  0.000995326904
  60.  0.
  401878.
  19150.  196.
  4.76512766  0.04877102
  60.  10.
  401878.
  1738.  48.
  0.432469547  0.0119439233
  60.  20.
  401878.
  490.  16.
  0.121927552  0.00398130761
  60.  30.
  401878.
  812.  20.
  0.202051371  0.00497663487
  60.  40.
  401878.
  542.  25.
  0.134866804  0.00622079335
  60.  50.
  401878.
  244.  11.
  0.0607149452  0.00273714913
  60.  60.
  401878.
  492.  32.
  0.122425213  0.00796261523
  60.  70.
  401878.
  304.  15.
  0.0756448507  0.00373247592
  60.  80.
  401878.
  460.  41.
  0.114462599  0.0102021014
  60.  90.
  401878.
  422.  37.
  0.105006993  0.00920677464
  60.  100.
  401878.
  187.  8.
  0.0465315357  0.00199065381
  70.  0.
  401878.
  9521.  119.
  2.36912704  0.0296109766
  70.  10.
  401878.
  1016.  41.
  0.252813041  0.0102021014
  70.  20.
  401878.
  290.  18.
  0.0721612051  0.00447897101
  70.  30.
  401878.
  418.  14.
  0.104011662  0.00348364422
  70.  40.
  401878.
  294.  15.
  0.0731565282  0.00373247592
  70.  50.
  401878.
  145.  7.
  0.0360806026  0.00174182211
  70.  60.
  401878.
  278.  8.
  0.069175221  0.00199065381
  70.  70.
  401878.
  157.  10.
  0.0390665829  0.00248831743
  70.  80.
  401878.
  252.  20.
  0.0627055988  0.00497663487
  70.  90.
  401878.
  273.  21.
  0.0679310635  0.00522546656
  70.  100.
  401878.
  121.  8.
  0.03010864  0.00199065381
  80.  0.
  401878.
  14973.  213.
  3.7257576  0.0530011579
  80.  10.
  401878.
  2022.  67.
  0.503137767  0.0166717265
  80.  20.
  401878.
  558.  26.
  0.138848111  0.00646962505
  80.  30.
  401878.
  790.  33.
  0.196577072  0.00821144693
  80.  40.
  401878.
  552.  30.
  0.137355119  0.00746495184
  80.  50.
  401878.
  248.  11.
  0.061710272  0.00273714913
  80.  60.
  401878.
  456.  20.
  0.113467269  0.00497663487
  80.  70.
  401878.
  266.  12.
  0.0661892444  0.00298598083
  80.  80.
  401878.
  497.  35.
  0.123669371  0.00870911032
  80.  90.
  401878.
  529.  42.
  0.131631985  0.0104509331
  80.  100.
  401878.
  294.  17.
  0.0731565282  0.00423013931
  90.  0.
  401878.
  27708.  472.
  6.89462948  0.117448576
  90.  10.
  401878.
  2792.  108.
  0.694738209  0.026873827
  90.  20.
  401878.
  727.  36.
  0.180900678  0.00895794202
  90.  30.
  401878.
  1110.  70.
  0.276203215  0.0174182206
  90.  40.
  401878.
  672.  57.
  0.16721493  0.0141834086
  90.  50.
  401878.
  280.  19.
  0.0696728826  0.00472780317
  90.  60.
  401878.
  569.  36.
  0.141585261  0.00895794202
  90.  70.
  401878.
  271.  19.
  0.0674334019  0.00472780317
  90.  80.
  401878.
  514.  30.
  0.127899513  0.00746495184
  90.  90.
  401878.
  576.  32.
  0.143327072  0.00796261523
  90.  100.
  401878.
  435.  24.
  0.108241804  0.00597196165
  100.  0.
  401878.
  85532.  2098.
  21.2830753  0.52204901
  100.  10.
  401878.
  5043.  310.
  1.25485849  0.0771378353
  100.  20.
  401878.
  1337.  118.
  0.332688034  0.0293621439
  100.  30.
  401878.
  2105.  198.
  0.523790777  0.0492686853
  100.  40.
  401878.
  1409.  169.
  0.350603908  0.0420525633
  100.  50.
  401878.
  539.  55.
  0.1341203  0.0136857452
  100.  60.
  401878.
  1036.  102.
  0.257789671  0.0253808368
  100.  70.
  401878.
  527.  55.
  0.131134331  0.0136857452
  100.  80.
  401878.
  829.  75.
  0.206281513  0.0186623801
  100.  90.
  401878.
  847.  59.
  0.210760474  0.014681072
  100.  100.
  401878.
  883.  43.
  0.219718426  0.0106997648
