  0.  0.
  1147178.
  105569.  290.
  9.20249557  0.0252794251
  0.  10.
  1147178.
  19140.  190.
  1.66844201  0.0165623818
  0.  20.
  1147178.
  10561.  98.
  0.920606911  0.00854270253
  0.  30.
  1147178.
  6953.  65.
  0.606096029  0.00566607807
  0.  40.
  1147178.
  5069.  52.
  0.441866904  0.00453286245
  0.  50.
  1147178.
  5358.  54.
  0.467059165  0.00470720325
  0.  60.
  1147178.
  2210.  25.
  0.192646652  0.00217926083
  0.  70.
  1147178.
  1652.  20.
  0.144005552  0.00174340862
  0.  80.
  1147178.
  1099.  19.
  0.0958003029  0.00165623822
  0.  90.
  1147178.
  767.  11.
  0.0668597221  0.000958874705
  0.  100.
  1147178.
  396.  4.
  0.0345194899  0.00034868173
  10.  0.
  1147178.
  30032.  152.
  2.61790228  0.0132499058
  10.  10.
  1147178.
  8059.  100.
  0.702506483  0.00871704333
  10.  20.
  1147178.
  5461.  113.
  0.476037711  0.00985025894
  10.  30.
  1147178.
  4171.  113.
  0.363587856  0.00985025894
  10.  40.
  1147178.
  3330.  90.
  0.290277541  0.00784533843
  10.  50.
  1147178.
  3683.  104.
  0.321048707  0.00906572491
  10.  60.
  1147178.
  1736.  40.
  0.151327863  0.00348681724
  10.  70.
  1147178.
  1279.  37.
  0.11149098  0.00322530582
  10.  80.
  1147178.
  838.  15.
  0.0730488226  0.00130755641
  10.  90.
  1147178.
  516.  13.
  0.0449799411  0.00113321561
  10.  100.
  1147178.
  286.  5.
  0.0249307435  0.000435852155
  20.  0.
  1147178.
  24549.  132.
  2.13994694  0.0115064969
  20.  10.
  1147178.
  6076.  87.
  0.529647529  0.00758382725
  20.  20.
  1147178.
  4392.  71.
  0.382852525  0.00618910044
  20.  30.
  1147178.
  3484.  70.
  0.303701788  0.00610193005
  20.  40.
  1147178.
  3089.  97.
  0.269269466  0.00845553167
  20.  50.
  1147178.
  3665.  134.
  0.319479614  0.0116808377
  20.  60.
  1147178.
  1846.  72.
  0.160916612  0.00627627084
  20.  70.
  1147178.
  1365.  42.
  0.118987635  0.00366115803
  20.  80.
  1147178.
  964.  41.
  0.0840322971  0.00357398763
  20.  90.
  1147178.
  644.  23.
  0.0561377555  0.00200491981
  20.  100.
  1147178.
  328.  14.
  0.0285919011  0.00122038601
  30.  0.
  1147178.
  22631.  106.
  1.972754  0.0092400657
  30.  10.
  1147178.
  4930.  74.
  0.429750234  0.00645061163
  30.  20.
  1147178.
  3430.  53.
  0.298994571  0.00462003285
  30.  30.
  1147178.
  2923.  63.
  0.254799157  0.00549173728
  30.  40.
  1147178.
  2660.  74.
  0.231873348  0.00645061163
  30.  50.
  1147178.
  3690.  163.
  0.32165888  0.0142087806
  30.  60.
  1147178.
  2024.  97.
  0.176432952  0.00845553167
  30.  70.
  1147178.
  1618.  68.
  0.141041756  0.00592758926
  30.  80.
  1147178.
  1198.  60.
  0.104430176  0.00523022562
  30.  90.
  1147178.
  740.  39.
  0.064506121  0.00339964684
  30.  100.
  1147178.
  474.  18.
  0.0413187854  0.00156906771
  40.  0.
  1147178.
  24034.  120.
  2.09505415  0.0104604512
  40.  10.
  1147178.
  4792.  58.
  0.417720705  0.00505588483
  40.  20.
  1147178.
  3236.  62.
  0.282083511  0.00540456688
  40.  30.
  1147178.
  2731.  58.
  0.238062441  0.00505588483
  40.  40.
  1147178.
  2636.  76.
  0.229781255  0.00662495289
  40.  50.
  1147178.
  3782.  143.
  0.329678565  0.0124653718
  40.  60.
  1147178.
  2252.  108.
  0.196307808  0.00941440649
  40.  70.
  1147178.
  1956.  104.
  0.17050536  0.00906572491
  40.  80.
  1147178.
  1521.  90.
  0.132586226  0.00784533843
  40.  90.
  1147178.
  1058.  60.
  0.092226319  0.00523022562
  40.  100.
  1147178.
  553.  22.
  0.048205249  0.00191774941
  50.  0.
  1147178.
  42555.  307.
  3.70953774  0.0267613214
  50.  10.
  1147178.
  7810.  121.
  0.680801034  0.0105476221
  50.  20.
  1147178.
  5062.  107.
  0.441256732  0.00932723563
  50.  30.
  1147178.
  4095.  109.
  0.356962919  0.00950157735
  50.  40.
  1147178.
  3752.  98.
  0.327063441  0.00854270253
  50.  50.
  1147178.
  5665.  227.
  0.493820488  0.0197876878
  50.  60.
  1147178.
  3796.  182.
  0.330898941  0.0158650186
  50.  70.
  1147178.
  3473.  211.
  0.302742898  0.0183929615
  50.  80.
  1147178.
  2984.  200.
  0.260116577  0.0174340867
  50.  90.
  1147178.
  2287.  146.
  0.199358776  0.0127268825
  50.  100.
  1147178.
  1489.  74.
  0.129796773  0.00645061163
  60.  0.
  1147178.
  29685.  272.
  2.58765411  0.023710357
  60.  10.
  1147178.
  5261.  112.
  0.458603621  0.00976308808
  60.  20.
  1147178.
  3390.  73.
  0.295507759  0.00636344124
  60.  30.
  1147178.
  2840.  79.
  0.247564018  0.00688646408
  60.  40.
  1147178.
  2485.  85.
  0.216618523  0.00740948645
  60.  50.
  1147178.
  3671.  160.
  0.320002645  0.0139472689
  60.  60.
  1147178.
  2521.  153.
  0.219756648  0.0133370757
  60.  70.
  1147178.
  2653.  186.
  0.231263146  0.0162137002
  60.  80.
  1147178.
  2507.  203.
  0.218536273  0.0176955964
  60.  90.
  1147178.
  2181.  166.
  0.190118715  0.0144702913
  60.  100.
  1147178.
  1485.  123.
  0.129448086  0.0107219629
  70.  0.
  1147178.
  34349.  403.
  2.99421716  0.035129685
  70.  10.
  1147178.
  6184.  147.
  0.539061964  0.0128140533
  70.  20.
  1147178.
  3816.  102.
  0.332642376  0.00889138412
  70.  30.
  1147178.
  2911.  107.
  0.253753126  0.00932723563
  70.  40.
  1147178.
  2673.  113.
  0.233006567  0.00985025894
  70.  50.
  1147178.
  3820.  207.
  0.332991034  0.0180442799
  70.  60.
  1147178.
  2583.  149.
  0.225161225  0.0129883941
  70.  70.
  1147178.
  2978.  214.
  0.259593546  0.0186544713
  70.  80.
  1147178.
  3118.  289.
  0.271797389  0.0251922552
  70.  90.
  1147178.
  2931.  295.
  0.255496532  0.0257152766
  70.  100.
  1147178.
  2237.  210.
  0.195000246  0.0183057897
  80.  0.
  1147178.
  43662.  801.
  3.80603528  0.0698235184
  80.  10.
  1147178.
  7288.  228.
  0.635298073  0.0198748577
  80.  20.
  1147178.
  4609.  124.
  0.401768506  0.0108091338
  80.  30.
  1147178.
  3600.  126.
  0.313813537  0.0109834746
  80.  40.
  1147178.
  3005.  139.
  0.261947155  0.0121166902
  80.  50.
  1147178.
  4385.  247.
  0.382242352  0.0215310957
  80.  60.
  1147178.
  2905.  215.
  0.253230095  0.0187416431
  80.  70.
  1147178.
  3189.  233.
  0.277986497  0.0203107111
  80.  80.
  1147178.
  3733.  338.
  0.325407207  0.029463606
  80.  90.
  1147178.
  3887.  434.
  0.338831455  0.0378319658
  80.  100.
  1147178.
  3604.  370.
  0.314162225  0.0322530605
  90.  0.
  1147178.
  73434.  1782.
  6.40127325  0.155337706
  90.  10.
  1147178.
  11333.  408.
  0.987902462  0.0355655365
  90.  20.
  1147178.
  6766.  289.
  0.589795113  0.0251922552
  90.  30.
  1147178.
  5123.  254.
  0.446574122  0.022141289
  90.  40.
  1147178.
  4294.  234.
  0.374309838  0.020397881
  90.  50.
  1147178.
  5985.  367.
  0.521715045  0.0319915488
  90.  60.
  1147178.
  3869.  269.
  0.337262392  0.0234488454
  90.  70.
  1147178.
  4027.  270.
  0.351035327  0.0235360153
  90.  80.
  1147178.
  4482.  376.
  0.390697867  0.0327760801
  90.  90.
  1147178.
  5619.  568.
  0.489810646  0.0495128036
  90.  100.
  1147178.
  6634.  839.
  0.578288615  0.0731359944
  100.  0.
  1147178.
  199289.  5799.
  17.3721085  0.50550133
  100.  10.
  1147178.
  26131.  1348.
  2.27785063  0.117505737
  100.  20.
  1147178.
  15561.  847.
  1.35645902  0.0738333538
  100.  30.
  1147178.
  11314.  721.
  0.986246228  0.0628498793
  100.  40.
  1147178.
  9391.  617.
  0.818617523  0.0537841544
  100.  50.
  1147178.
  12063.  847.
  1.05153692  0.0738333538
  100.  60.
  1147178.
  7483.  596.
  0.652296305  0.0519535765
  100.  70.
  1147178.
  7330.  712.
  0.638959229  0.062065348
  100.  80.
  1147178.
  7831.  784.
  0.682631612  0.0683416203
  100.  90.
  1147178.
  9386.  993.
  0.818181634  0.0865602344
  100.  100.
  1147178.
  18817.  2552.
  1.64028597  0.222458944
