  0.  0.
  2588943.
  1287254.  834.
  49.7212181  0.0322139189
  0.  10.
  2588943.
  96500.  241.
  3.72738981  0.00930881873
  0.  20.
  2588943.
  43920.  158.
  1.69644523  0.00610287674
  0.  30.
  2588943.
  40627.  155.
  1.56925046  0.00598699925
  0.  40.
  2588943.
  28995.  156.
  1.11995518  0.00602562493
  0.  50.
  2588943.
  28474.  187.
  1.0998311  0.00722302496
  0.  60.
  2588943.
  20718.  144.
  0.800249398  0.00556211546
  0.  70.
  2588943.
  16060.  133.
  0.620330393  0.00513723167
  0.  80.
  2588943.
  18813.  136.
  0.726667225  0.00525310915
  0.  90.
  2588943.
  19387.  166.
  0.748838425  0.00641188305
  0.  100.
  2588943.
  29978.  275.
  1.15792429  0.0106220953
  10.  0.
  2588943.
  66040.  305.
  2.55084801  0.0117808692
  10.  10.
  2588943.
  12637.  188.
  0.488114268  0.00726165064
  10.  20.
  2588943.
  4837.  90.
  0.186833009  0.00347632216
  10.  30.
  2588943.
  4594.  80.
  0.177446932  0.00309006427
  10.  40.
  2588943.
  3476.  89.
  0.134263292  0.00343769649
  10.  50.
  2588943.
  2894.  116.
  0.111783072  0.00448059291
  10.  60.
  2588943.
  2568.  122.
  0.0991910622  0.00471234787
  10.  70.
  2588943.
  1758.  83.
  0.0679041594  0.00320594152
  10.  80.
  2588943.
  2227.  108.
  0.086019665  0.0041715866
  10.  90.
  2588943.
  2380.  122.
  0.0919294059  0.00471234787
  10.  100.
  2588943.
  2962.  164.
  0.114409626  0.0063346317
  20.  0.
  2588943.
  34929.  247.
  1.34916067  0.00954057276
  20.  10.
  2588943.
  6323.  132.
  0.244230941  0.00509860599
  20.  20.
  2588943.
  2922.  71.
  0.112864591  0.00274243206
  20.  30.
  2588943.
  2186.  83.
  0.0844360068  0.00320594152
  20.  40.
  2588943.
  1741.  66.
  0.0672475249  0.002549303
  20.  50.
  2588943.
  1695.  89.
  0.0654707327  0.00343769649
  20.  60.
  2588943.
  1242.  97.
  0.0479732454  0.0037467028
  20.  70.
  2588943.
  892.  66.
  0.0344542153  0.002549303
  20.  80.
  2588943.
  999.  80.
  0.0385871753  0.00309006427
  20.  90.
  2588943.
  1025.  74.
  0.0395914465  0.00285830931
  20.  100.
  2588943.
  1250.  86.
  0.0482822545  0.00332181901
  30.  0.
  2588943.
  36142.  278.
  1.39601374  0.0107379733
  30.  10.
  2588943.
  7665.  155.
  0.296066761  0.00598699925
  30.  20.
  2588943.
  3165.  127.
  0.122250661  0.0049054767
  30.  30.
  2588943.
  2789.  132.
  0.107727364  0.00509860599
  30.  40.
  2588943.
  1899.  103.
  0.0733503997  0.00397845777
  30.  50.
  2588943.
  1583.  107.
  0.0611446463  0.00413296092
  30.  60.
  2588943.
  1380.  120.
  0.0533036068  0.00463509606
  30.  70.
  2588943.
  919.  85.
  0.0354971103  0.0032831931
  30.  80.
  2588943.
  1144.  129.
  0.0441879183  0.00498272851
  30.  90.
  2588943.
  1011.  117.
  0.0390506871  0.00451921904
  30.  100.
  2588943.
  1197.  152.
  0.0462350845  0.00587112177
  40.  0.
  2588943.
  31918.  264.
  1.2328583  0.010197212
  40.  10.
  2588943.
  6962.  202.
  0.268912822  0.00780241191
  40.  20.
  2588943.
  2970.  107.
  0.114718631  0.00413296092
  40.  30.
  2588943.
  2602.  180.
  0.100504339  0.00695264433
  40.  40.
  2588943.
  1833.  155.
  0.0708010942  0.00598699925
  40.  50.
  2588943.
  1405.  138.
  0.0542692505  0.00533036049
  40.  60.
  2588943.
  1122.  146.
  0.0433381498  0.00563936727
  40.  70.
  2588943.
  735.  88.
  0.0283899643  0.00339907059
  40.  80.
  2588943.
  962.  134.
  0.0371580198  0.00517585734
  40.  90.
  2588943.
  820.  128.
  0.0316731595  0.00494410284
  40.  100.
  2588943.
  927.  202.
  0.0358061194  0.00780241191
  50.  0.
  2588943.
  40393.  455.
  1.56021202  0.0175747406
  50.  10.
  2588943.
  8119.  289.
  0.313602895  0.0111628566
  50.  20.
  2588943.
  3894.  209.
  0.150408879  0.00807279255
  50.  30.
  2588943.
  2807.  181.
  0.10842263  0.00699127
  50.  40.
  2588943.
  2159.  148.
  0.0833931044  0.00571661862
  50.  50.
  2588943.
  1953.  241.
  0.0754361898  0.00930881873
  50.  60.
  2588943.
  1192.  185.
  0.0460419543  0.00714577362
  50.  70.
  2588943.
  919.  154.
  0.0354971103  0.00594837358
  50.  80.
  2588943.
  891.  172.
  0.0344155915  0.00664363801
  50.  90.
  2588943.
  776.  164.
  0.0299736224  0.0063346317
  50.  100.
  2588943.
  869.  220.
  0.033565823  0.00849767681
  60.  0.
  2588943.
  31198.  355.
  1.20504773  0.0137121594
  60.  10.
  2588943.
  7444.  297.
  0.287530482  0.0114718629
  60.  20.
  2588943.
  3177.  211.
  0.122714177  0.0081500439
  60.  30.
  2588943.
  2734.  201.
  0.105602942  0.00776378624
  60.  40.
  2588943.
  2016.  201.
  0.0778696164  0.00776378624
  60.  50.
  2588943.
  1616.  208.
  0.0624192953  0.00803416688
  60.  60.
  2588943.
  1136.  221.
  0.0438789129  0.00853630248
  60.  70.
  2588943.
  720.  156.
  0.0278105773  0.00602562493
  60.  80.
  2588943.
  768.  154.
  0.0296646152  0.00594837358
  60.  90.
  2588943.
  682.  197.
  0.0263427962  0.00760928309
  60.  100.
  2588943.
  688.  228.
  0.0265745521  0.00880668312
  70.  0.
  2588943.
  30728.  351.
  1.1868937  0.0135576567
  70.  10.
  2588943.
  6765.  335.
  0.261303544  0.012939644
  70.  20.
  2588943.
  3186.  270.
  0.123061806  0.010428967
  70.  30.
  2588943.
  2790.  293.
  0.107765988  0.0113173602
  70.  40.
  2588943.
  1914.  249.
  0.0739297867  0.00961782504
  70.  50.
  2588943.
  1726.  293.
  0.0666681379  0.0113173602
  70.  60.
  2588943.
  1188.  277.
  0.0458874516  0.0106993476
  70.  70.
  2588943.
  714.  169.
  0.0275788233  0.00652776053
  70.  80.
  2588943.
  700.  153.
  0.027038062  0.00590974791
  70.  90.
  2588943.
  581.  160.
  0.0224415902  0.00618012855
  70.  100.
  2588943.
  555.  239.
  0.0214373209  0.00923156645
  80.  0.
  2588943.
  33933.  440.
  1.31068933  0.0169953536
  80.  10.
  2588943.
  9267.  425.
  0.357945323  0.0164159667
  80.  20.
  2588943.
  4053.  354.
  0.156550378  0.0136735337
  80.  30.
  2588943.
  3760.  401.
  0.14523302  0.0154889468
  80.  40.
  2588943.
  2628.  391.
  0.10150861  0.0151026882
  80.  50.
  2588943.
  2143.  390.
  0.0827750936  0.0150640626
  80.  60.
  2588943.
  1507.  382.
  0.058209084  0.0147550562
  80.  70.
  2588943.
  985.  264.
  0.0380464159  0.010197212
  80.  80.
  2588943.
  963.  319.
  0.0371966474  0.0123216305
  80.  90.
  2588943.
  869.  262.
  0.033565823  0.0101199597
  80.  100.
  2588943.
  672.  265.
  0.0259565394  0.0102358377
  90.  0.
  2588943.
  41524.  655.
  1.60389781  0.0252999011
  90.  10.
  2588943.
  13163.  720.
  0.508431435  0.0278105773
  90.  20.
  2588943.
  5817.  522.
  0.224686295  0.0201626681
  90.  30.
  2588943.
  5622.  645.
  0.217154264  0.0249136426
  90.  40.
  2588943.
  3914.  632.
  0.151181385  0.024411507
  90.  50.
  2588943.
  3249.  742.
  0.125495225  0.0286603458
  90.  60.
  2588943.
  2391.  705.
  0.0923542902  0.0272311904
  90.  70.
  2588943.
  1470.  536.
  0.0567799285  0.0207034294
  90.  80.
  2588943.
  1514.  604.
  0.0584794655  0.0233299844
  90.  90.
  2588943.
  1165.  441.
  0.0449990593  0.0170339793
  90.  100.
  2588943.
  771.  406.
  0.029780494  0.0156820752
  100.  0.
  2588943.
  145521.  3027.
  5.62086535  0.1169203
  100.  10.
  2588943.
  53867.  3577.
  2.08065605  0.13816449
  100.  20.
  2588943.
  28473.  3263.
  1.09979248  0.126035988
  100.  30.
  2588943.
  25387.  4292.
  0.980593264  0.165781945
  100.  40.
  2588943.
  17709.  4619.
  0.684024334  0.178412586
  100.  50.
  2588943.
  13977.  5542.
  0.539872825  0.214064196
  100.  60.
  2588943.
  9423.  4387.
  0.363970935  0.169451401
  100.  70.
  2588943.
  5306.  3223.
  0.2049485  0.124490961
  100.  80.
  2588943.
  5316.  3498.
  0.205334768  0.13511306
  100.  90.
  2588943.
  3777.  2709.
  0.145889655  0.104637295
  100.  100.
  2588943.
  1973.  1717.
  0.0762087107  0.0663205013
