  0.  0.
  16777216.
  16777216.  86.
  100.  0.000512599945
  0.  10.
  16777216.
  985162.  17.
  5.87202311  0.000101327896
  0.  20.
  16777216.
  561328.  13.
  3.3457756  7.74860382E-05
  0.  30.
  16777216.
  393748.  6.
  2.34692097  3.57627869E-05
  0.  40.
  16777216.
  315766.  10.
  1.88211203  5.96046448E-05
  0.  50.
  16777216.
  394375.  13.
  2.35065818  7.74860382E-05
  0.  60.
  16777216.
  212618.  4.
  1.26730204  2.38418579E-05
  0.  70.
  16777216.
  197085.  9.
  1.17471814  5.36441803E-05
  0.  80.
  16777216.
  201859.  10.
  1.2031734  5.96046448E-05
  0.  90.
  16777216.
  219959.  7.
  1.31105781  4.17232513E-05
  0.  100.
  16777216.
  397027.  10.
  2.36646533  5.96046448E-05
  10.  0.
  16777216.
  774628.  109.
  4.61714268  0.000649690628
  10.  10.
  16777216.
  116846.  31.
  0.696456432  0.000184774399
  10.  20.
  16777216.
  63376.  15.
  0.377750397  8.94069672E-05
  10.  30.
  16777216.
  43192.  14.
  0.257444382  8.34465027E-05
  10.  40.
  16777216.
  34003.  15.
  0.202673674  8.94069672E-05
  10.  50.
  16777216.
  41909.  13.
  0.249797106  7.74860382E-05
  10.  60.
  16777216.
  23355.  11.
  0.139206648  6.55651093E-05
  10.  70.
  16777216.
  21044.  12.
  0.125432014  7.15255737E-05
  10.  80.
  16777216.
  20844.  16.
  0.124239922  9.53674316E-05
  10.  90.
  16777216.
  22731.  28.
  0.135487318  0.000166893005
  10.  100.
  16777216.
  35379.  20.
  0.210875273  0.00011920929
  20.  0.
  16777216.
  498662.  109.
  2.97225714  0.000649690628
  20.  10.
  16777216.
  84655.  46.
  0.50458312  0.000274181366
  20.  20.
  16777216.
  47959.  31.
  0.285857916  0.000184774399
  20.  30.
  16777216.
  32934.  22.
  0.196301937  0.000131130219
  20.  40.
  16777216.
  24917.  17.
  0.148516893  0.000101327896
  20.  50.
  16777216.
  30535.  27.
  0.182002783  0.000160932541
  20.  60.
  16777216.
  16561.  13.
  0.0987112522  7.74860382E-05
  20.  70.
  16777216.
  14597.  16.
  0.0870049  9.53674316E-05
  20.  80.
  16777216.
  13748.  24.
  0.0819444656  0.000143051147
  20.  90.
  16777216.
  14343.  23.
  0.085490942  0.000137090683
  20.  100.
  16777216.
  21647.  41.
  0.129026175  0.000244379044
  30.  0.
  16777216.
  377484.  121.
  2.24997997  0.000721216202
  30.  10.
  16777216.
  71704.  79.
  0.427389145  0.000470876694
  30.  20.
  16777216.
  40688.  43.
  0.242519379  0.000256299973
  30.  30.
  16777216.
  28154.  35.
  0.167810917  0.000208616257
  30.  40.
  16777216.
  21653.  26.
  0.129061937  0.000154972076
  30.  50.
  16777216.
  25669.  35.
  0.152999163  0.000208616257
  30.  60.
  16777216.
  13826.  30.
  0.0824093819  0.000178813934
  30.  70.
  16777216.
  12247.  35.
  0.0729978085  0.000208616257
  30.  80.
  16777216.
  11635.  51.
  0.0693500042  0.000303983688
  30.  90.
  16777216.
  11504.  50.
  0.0685691833  0.000298023224
  30.  100.
  16777216.
  16235.  66.
  0.0967681408  0.000393390656
  40.  0.
  16777216.
  352746.  122.
  2.10253  0.000727176666
  40.  10.
  16777216.
  69809.  101.
  0.416094065  0.000602006912
  40.  20.
  16777216.
  40324.  90.
  0.24034977  0.000536441803
  40.  30.
  16777216.
  27079.  63.
  0.161403418  0.000375509262
  40.  40.
  16777216.
  20729.  47.
  0.123554468  0.00028014183
  40.  50.
  16777216.
  24456.  64.
  0.145769119  0.000381469727
  40.  60.
  16777216.
  12854.  49.
  0.0766158104  0.000292062759
  40.  70.
  16777216.
  11080.  39.
  0.0660419464  0.000232458115
  40.  80.
  16777216.
  10287.  71.
  0.0613152981  0.000423192978
  40.  90.
  16777216.
  10002.  92.
  0.0596165657  0.000548362732
  40.  100.
  16777216.
  13528.  131.
  0.0806331635  0.000780820847
  50.  0.
  16777216.
  564979.  290.
  3.36753726  0.0017285347
  50.  10.
  16777216.
  116621.  282.
  0.695115328  0.00168085098
  50.  20.
  16777216.
  70520.  323.
  0.420331955  0.00192523003
  50.  30.
  16777216.
  47567.  248.
  0.283521414  0.00147819519
  50.  40.
  16777216.
  36184.  188.
  0.215673447  0.00112056732
  50.  50.
  16777216.
  40399.  258.
  0.240796804  0.00153779984
  50.  60.
  16777216.
  20186.  133.
  0.120317936  0.000792741776
  50.  70.
  16777216.
  17062.  142.
  0.101697445  0.000846385956
  50.  80.
  16777216.
  15127.  156.
  0.0901639462  0.000929832458
  50.  90.
  16777216.
  14354.  182.
  0.0855565071  0.00108480453
  50.  100.
  16777216.
  17732.  304.
  0.105690956  0.0018119812
  60.  0.
  16777216.
  333670.  310.
  1.98882818  0.00184774399
  60.  10.
  16777216.
  77811.  308.
  0.463789701  0.00183582306
  60.  20.
  16777216.
  47938.  284.
  0.285732746  0.00169277191
  60.  30.
  16777216.
  33796.  281.
  0.201439857  0.00167489052
  60.  40.
  16777216.
  25756.  271.
  0.153517723  0.00161528587
  60.  50.
  16777216.
  28950.  319.
  0.172555447  0.00190138817
  60.  60.
  16777216.
  14977.  187.
  0.0892698765  0.00111460686
  60.  70.
  16777216.
  12287.  145.
  0.073236227  0.000864267349
  60.  80.
  16777216.
  10657.  159.
  0.0635206699  0.000947713852
  60.  90.
  16777216.
  9766.  224.
  0.0582098961  0.00133514404
  60.  100.
  16777216.
  11342.  311.
  0.0676035881  0.00185370445
  70.  0.
  16777216.
  322237.  344.
  1.92068219  0.00205039978
  70.  10.
  16777216.
  84045.  390.
  0.500947237  0.00232458115
  70.  20.
  16777216.
  53854.  406.
  0.320994854  0.00241994858
  70.  30.
  16777216.
  39014.  425.
  0.232541561  0.0025331974
  70.  40.
  16777216.
  29679.  366.
  0.176900625  0.00218153
  70.  50.
  16777216.
  34287.  488.
  0.204366446  0.00290870667
  70.  60.
  16777216.
  17714.  262.
  0.105583668  0.00156164169
  70.  70.
  16777216.
  14793.  269.
  0.088173151  0.00160336494
  70.  80.
  16777216.
  12778.  278.
  0.0761628151  0.00165700912
  70.  90.
  16777216.
  11286.  313.
  0.0672698021  0.00186562538
  70.  100.
  16777216.
  11426.  409.
  0.0681042671  0.00243782997
  80.  0.
  16777216.
  346101.  519.
  2.06292272  0.00309348106
  80.  10.
  16777216.
  101408.  617.
  0.604438782  0.00367760658
  80.  20.
  16777216.
  67420.  649.
  0.401854515  0.00386834145
  80.  30.
  16777216.
  50069.  689.
  0.298434496  0.00410676003
  80.  40.
  16777216.
  38753.  629.
  0.23098588  0.00374913216
  80.  50.
  16777216.
  44951.  913.
  0.267928839  0.00544190407
  80.  60.
  16777216.
  23669.  591.
  0.141078234  0.00352263451
  80.  70.
  16777216.
  19913.  545.
  0.118690729  0.00324845314
  80.  80.
  16777216.
  17187.  520.
  0.102442503  0.00309944153
  80.  90.
  16777216.
  14507.  491.
  0.0864684582  0.00292658806
  80.  100.
  16777216.
  11747.  511.
  0.0700175762  0.00304579735
  90.  0.
  16777216.
  431768.  838.
  2.57353783  0.00499486923
  90.  10.
  16777216.
  141348.  1162.
  0.842499733  0.00692605972
  90.  20.
  16777216.
  99643.  1304.
  0.593918562  0.00777244568
  90.  30.
  16777216.
  76403.  1413.
  0.455397367  0.00842213631
  90.  40.
  16777216.
  61980.  1419.
  0.369429588  0.00845789909
  90.  50.
  16777216.
  73388.  2114.
  0.437426567  0.0126004219
  90.  60.
  16777216.
  39361.  1410.
  0.234609842  0.00840425491
  90.  70.
  16777216.
  33780.  1314.
  0.20134449  0.00783205032
  90.  80.
  16777216.
  28799.  1268.
  0.171655416  0.00755786896
  90.  90.
  16777216.
  24386.  1224.
  0.145351887  0.00729560852
  90.  100.
  16777216.
  17559.  1061.
  0.104659796  0.00632405281
  100.  0.
  16777216.
  1298699.  4211.
  7.74084949  0.0250995159
  100.  10.
  16777216.
  470212.  5731.
  2.80268192  0.0341594219
  100.  20.
  16777216.
  346700.  7292.
  2.06649303  0.043463707
  100.  30.
  16777216.
  282105.  8841.
  1.68147683  0.0526964664
  100.  40.
  16777216.
  233449.  10459.
  1.39146447  0.062340498
  100.  50.
  16777216.
  280983.  16584.
  1.67478919  0.0988483429
  100.  60.
  16777216.
  145116.  11160.
  0.864958763  0.0665187836
  100.  70.
  16777216.
  117932.  10372.
  0.702929497  0.0618219376
  100.  80.
  16777216.
  91439.  9149.
  0.545018911  0.0545322895
  100.  90.
  16777216.
  70223.  7461.
  0.418561697  0.0444710255
  100.  100.
  16777216.
  42348.  5319.
  0.25241375  0.0317037106
