  0.  0.
  16777216.
  16777216.  39641.
  100.  0.236278772
  0.  10.
  16777216.
  1119027.  19661.
  6.66992092  0.117188692
  0.  20.
  16777216.
  547623.  13463.
  3.26408744  0.0802457333
  0.  30.
  16777216.
  341748.  10131.
  2.03697681  0.0603854656
  0.  40.
  16777216.
  242582.  7520.
  1.44590139  0.0448226929
  0.  50.
  16777216.
  254031.  7889.
  1.51414275  0.0470221043
  0.  60.
  16777216.
  111837.  3445.
  0.666600466  0.0205338001
  0.  70.
  16777216.
  84728.  2464.
  0.505018234  0.0146865845
  0.  80.
  16777216.
  67894.  1683.
  0.404679775  0.0100314617
  0.  90.
  16777216.
  56251.  1069.
  0.335282087  0.00637173653
  0.  100.
  16777216.
  56597.  680.
  0.337344408  0.00405311584
  10.  0.
  16777216.
  124821.  2121.
  0.743991137  0.0126421452
  10.  10.
  16777216.
  29275.  1841.
  0.174492598  0.0109732151
  10.  20.
  16777216.
  16772.  1596.
  0.0999689102  0.00951290131
  10.  30.
  16777216.
  10023.  1191.
  0.0597417355  0.00709891319
  10.  40.
  16777216.
  6292.  894.
  0.0375032425  0.00532865524
  10.  50.
  16777216.
  4860.  806.
  0.0289678574  0.00480413437
  10.  60.
  16777216.
  1547.  260.
  0.00922083855  0.00154972076
  10.  70.
  16777216.
  896.  168.
  0.00534057617  0.00100135803
  10.  80.
  16777216.
  483.  118.
  0.00287890434  0.000703334808
  10.  90.
  16777216.
  226.  53.
  0.00134706497  0.000315904617
  10.  100.
  16777216.
  68.  17.
  0.000405311584  0.000101327896
  20.  0.
  16777216.
  64403.  1161.
  0.383871794  0.00692009926
  20.  10.
  16777216.
  14269.  971.
  0.0850498676  0.00578761101
  20.  20.
  16777216.
  8004.  836.
  0.0477075577  0.0049829483
  20.  30.
  16777216.
  4933.  782.
  0.0294029713  0.00466108322
  20.  40.
  16777216.
  3128.  613.
  0.0186443329  0.00365376472
  20.  50.
  16777216.
  2303.  525.
  0.0137269497  0.00312924385
  20.  60.
  16777216.
  700.  166.
  0.00417232513  0.000989437103
  20.  70.
  16777216.
  338.  84.
  0.00201463699  0.000500679016
  20.  80.
  16777216.
  155.  47.
  0.000923871994  0.00028014183
  20.  90.
  16777216.
  53.  19.
  0.000315904617  0.000113248825
  20.  100.
  16777216.
  11.  4.
  6.55651093E-05  2.38418579E-05
  30.  0.
  16777216.
  38685.  686.
  0.230580568  0.00408887863
  30.  10.
  16777216.
  8071.  576.
  0.0481069088  0.00343322754
  30.  20.
  16777216.
  4207.  445.
  0.0250756741  0.00265240669
  30.  30.
  16777216.
  2273.  354.
  0.0135481358  0.00211000443
  30.  40.
  16777216.
  1283.  213.
  0.00764727592  0.00126957893
  30.  50.
  16777216.
  866.  183.
  0.00516176224  0.001090765
  30.  60.
  16777216.
  259.  56.
  0.0015437603  0.000333786011
  30.  70.
  16777216.
  131.  18.
  0.000780820847  0.000107288361
  30.  80.
  16777216.
  45.  11.
  0.000268220901  6.55651093E-05
  30.  90.
  16777216.
  23.  3.
  0.000137090683  1.78813934E-05
  30.  100.
  16777216.
  5.  0.
  2.98023224E-05  0.
  40.  0.
  16777216.
  27754.  473.
  0.165426731  0.0028192997
  40.  10.
  16777216.
  5430.  372.
  0.0323653221  0.00221729279
  40.  20.
  16777216.
  2809.  280.
  0.0167429447  0.00166893005
  40.  30.
  16777216.
  1438.  212.
  0.00857114792  0.00126361847
  40.  40.
  16777216.
  779.  144.
  0.00464320183  0.000858306885
  40.  50.
  16777216.
  511.  128.
  0.00304579735  0.000762939453
  40.  60.
  16777216.
  141.  26.
  0.000840425491  0.000154972076
  40.  70.
  16777216.
  74.  18.
  0.000441074371  0.000107288361
  40.  80.
  16777216.
  27.  2.
  0.000160932541  1.1920929E-05
  40.  90.
  16777216.
  4.  3.
  2.38418579E-05  1.78813934E-05
  40.  100.
  16777216.
  0.  0.
  0.  0.
  50.  0.
  16777216.
  30134.  566.
  0.179612637  0.00337362289
  50.  10.
  16777216.
  5562.  454.
  0.0331521034  0.00270605087
  50.  20.
  16777216.
  2979.  296.
  0.0177562237  0.00176429749
  50.  30.
  16777216.
  1483.  172.
  0.00883936882  0.00102519989
  50.  40.
  16777216.
  728.  123.
  0.00433921814  0.000733137131
  50.  50.
  16777216.
  466.  99.
  0.00277757645  0.000590085983
  50.  60.
  16777216.
  102.  31.
  0.000607967377  0.000184774399
  50.  70.
  16777216.
  40.  12.
  0.000238418579  7.15255737E-05
  50.  80.
  16777216.
  21.  6.
  0.000125169754  3.57627869E-05
  50.  90.
  16777216.
  8.  1.
  4.76837158E-05  5.96046448E-06
  50.  100.
  16777216.
  3.  0.
  1.78813934E-05  0.
  60.  0.
  16777216.
  12184.  231.
  0.0726222992  0.00137686729
  60.  10.
  16777216.
  2485.  163.
  0.0148117542  0.00097155571
  60.  20.
  16777216.
  1266.  133.
  0.00754594803  0.000792741776
  60.  30.
  16777216.
  659.  80.
  0.00392794609  0.000476837158
  60.  40.
  16777216.
  345.  45.
  0.00205636024  0.000268220901
  60.  50.
  16777216.
  194.  42.
  0.00115633011  0.000250339508
  60.  60.
  16777216.
  44.  10.
  0.000262260437  5.96046448E-05
  60.  70.
  16777216.
  10.  3.
  5.96046448E-05  1.78813934E-05
  60.  80.
  16777216.
  5.  4.
  2.98023224E-05  2.38418579E-05
  60.  90.
  16777216.
  10.  1.
  5.96046448E-05  5.96046448E-06
  60.  100.
  16777216.
  0.  0.
  0.  0.
  70.  0.
  16777216.
  7940.  110.
  0.047326088  0.000655651093
  70.  10.
  16777216.
  1759.  102.
  0.010484457  0.000607967377
  70.  20.
  16777216.
  875.  82.
  0.00521540642  0.000488758087
  70.  30.
  16777216.
  459.  52.
  0.0027358532  0.000309944153
  70.  40.
  16777216.
  249.  37.
  0.00148415565  0.000220537186
  70.  50.
  16777216.
  181.  21.
  0.00107884407  0.000125169754
  70.  60.
  16777216.
  49.  10.
  0.000292062759  5.96046448E-05
  70.  70.
  16777216.
  9.  2.
  5.36441803E-05  1.1920929E-05
  70.  80.
  16777216.
  4.  2.
  2.38418579E-05  1.1920929E-05
  70.  90.
  16777216.
  5.  0.
  2.98023224E-05  0.
  70.  100.
  16777216.
  1.  0.
  5.96046448E-06  0.
  80.  0.
  16777216.
  5921.  86.
  0.0352919102  0.000512599945
  80.  10.
  16777216.
  1224.  42.
  0.00729560852  0.000250339508
  80.  20.
  16777216.
  462.  43.
  0.00275373459  0.000256299973
  80.  30.
  16777216.
  292.  25.
  0.00174045563  0.000149011612
  80.  40.
  16777216.
  157.  27.
  0.000935792923  0.000160932541
  80.  50.
  16777216.
  97.  13.
  0.000578165054  7.74860382E-05
  80.  60.
  16777216.
  17.  4.
  0.000101327896  2.38418579E-05
  80.  70.
  16777216.
  6.  4.
  3.57627869E-05  2.38418579E-05
  80.  80.
  16777216.
  5.  0.
  2.98023224E-05  0.
  80.  90.
  16777216.
  2.  1.
  1.1920929E-05  5.96046448E-06
  80.  100.
  16777216.
  0.  0.
  0.  0.
  90.  0.
  16777216.
  3797.  28.
  0.0226318836  0.000166893005
  90.  10.
  16777216.
  518.  8.
  0.0030875206  4.76837158E-05
  90.  20.
  16777216.
  181.  12.
  0.00107884407  7.15255737E-05
  90.  30.
  16777216.
  98.  9.
  0.000584125519  5.36441803E-05
  90.  40.
  16777216.
  53.  4.
  0.000315904617  2.38418579E-05
  90.  50.
  16777216.
  37.  5.
  0.000220537186  2.98023224E-05
  90.  60.
  16777216.
  4.  2.
  2.38418579E-05  1.1920929E-05
  90.  70.
  16777216.
  4.  2.
  2.38418579E-05  1.1920929E-05
  90.  80.
  16777216.
  2.  1.
  1.1920929E-05  5.96046448E-06
  90.  90.
  16777216.
  1.  1.
  5.96046448E-06  5.96046448E-06
  90.  100.
  16777216.
  0.  0.
  0.  0.
  100.  0.
  16777216.
  2343.  8.
  0.0139653683  4.76837158E-05
  100.  10.
  16777216.
  118.  2.
  0.000703334808  1.1920929E-05
  100.  20.
  16777216.
  35.  0.
  0.000208616257  0.
  100.  30.
  16777216.
  16.  0.
  9.53674316E-05  0.
  100.  40.
  16777216.
  8.  1.
  4.76837158E-05  5.96046448E-06
  100.  50.
  16777216.
  5.  1.
  2.98023224E-05  5.96046448E-06
  100.  60.
  16777216.
  1.  0.
  5.96046448E-06  0.
  100.  70.
  16777216.
  0.  0.
  0.  0.
  100.  80.
  16777216.
  0.  0.
  0.  0.
  100.  90.
  16777216.
  0.  0.
  0.  0.
  100.  100.
  16777216.
  0.  0.
  0.  0.
