  0.  0.
  108058.
  16292.  33.
  15.0770884  0.030539155
  0.  10.
  108058.
  4490.  15.
  4.15517569  0.0138814338
  0.  20.
  108058.
  1362.  8.
  1.26043427  0.00740343146
  0.  30.
  108058.
  1886.  10.
  1.74535894  0.00925428979
  0.  40.
  108058.
  1177.  17.
  1.08922982  0.0157322921
  0.  50.
  108058.
  422.  4.
  0.390531003  0.00370171573
  0.  60.
  108058.
  676.  8.
  0.625589967  0.00740343146
  0.  70.
  108058.
  284.  1.
  0.262821823  0.000925428933
  0.  80.
  108058.
  341.  6.
  0.315571278  0.0055525736
  0.  90.
  108058.
  190.  2.
  0.175831497  0.00185085787
  0.  100.
  108058.
  35.  0.
  0.0323900133  0.
  10.  0.
  108058.
  4456.  31.
  4.12371111  0.0286882967
  10.  10.
  108058.
  2100.  10.
  1.94340074  0.00925428979
  10.  20.
  108058.
  782.  5.
  0.723685443  0.0046271449
  10.  30.
  108058.
  1204.  16.
  1.11421645  0.0148068629
  10.  40.
  108058.
  868.  13.
  0.803272307  0.0120305764
  10.  50.
  108058.
  369.  8.
  0.341483265  0.00740343146
  10.  60.
  108058.
  566.  3.
  0.523792803  0.0027762868
  10.  70.
  108058.
  245.  3.
  0.226730093  0.0027762868
  10.  80.
  108058.
  332.  9.
  0.307242393  0.00832886063
  10.  90.
  108058.
  175.  4.
  0.161950067  0.00370171573
  10.  100.
  108058.
  49.  0.
  0.0453460179  0.
  20.  0.
  108058.
  1497.  7.
  1.38536716  0.00647800276
  20.  10.
  108058.
  614.  0.
  0.568213344  0.
  20.  20.
  108058.
  251.  2.
  0.232282668  0.00185085787
  20.  30.
  108058.
  426.  5.
  0.39423272  0.0046271449
  20.  40.
  108058.
  361.  8.
  0.334079832  0.00740343146
  20.  50.
  108058.
  129.  4.
  0.119380333  0.00370171573
  20.  60.
  108058.
  247.  9.
  0.228580952  0.00832886063
  20.  70.
  108058.
  115.  3.
  0.106424324  0.0027762868
  20.  80.
  108058.
  160.  4.
  0.148068637  0.00370171573
  20.  90.
  108058.
  98.  2.
  0.0906920359  0.00185085787
  20.  100.
  108058.
  23.  1.
  0.0212848652  0.000925428933
  30.  0.
  108058.
  2506.  14.
  2.31912494  0.0129560055
  30.  10.
  108058.
  1013.  4.
  0.937459528  0.00370171573
  30.  20.
  108058.
  409.  4.
  0.378500432  0.00370171573
  30.  30.
  108058.
  781.  16.
  0.722760022  0.0148068629
  30.  40.
  108058.
  687.  15.
  0.635769665  0.0138814338
  30.  50.
  108058.
  283.  2.
  0.261896402  0.00185085787
  30.  60.
  108058.
  515.  6.
  0.476595908  0.0055525736
  30.  70.
  108058.
  255.  8.
  0.235984385  0.00740343146
  30.  80.
  108058.
  367.  8.
  0.339632422  0.00740343146
  30.  90.
  108058.
  208.  7.
  0.192489222  0.00647800276
  30.  100.
  108058.
  58.  1.
  0.0536748767  0.000925428933
  40.  0.
  108058.
  1449.  4.
  1.34094656  0.00370171573
  40.  10.
  108058.
  804.  2.
  0.74404484  0.00185085787
  40.  20.
  108058.
  321.  3.
  0.297062695  0.0027762868
  40.  30.
  108058.
  543.  6.
  0.502507925  0.0055525736
  40.  40.
  108058.
  549.  6.
  0.508060515  0.0055525736
  40.  50.
  108058.
  280.  11.
  0.259120107  0.010179718
  40.  60.
  108058.
  632.  21.
  0.584871113  0.0194340069
  40.  70.
  108058.
  354.  3.
  0.32760185  0.0027762868
  40.  80.
  108058.
  488.  18.
  0.451609313  0.0166577213
  40.  90.
  108058.
  309.  10.
  0.285957545  0.00925428979
  40.  100.
  108058.
  97.  2.
  0.0897666067  0.00185085787
  50.  0.
  108058.
  698.  3.
  0.645949423  0.0027762868
  50.  10.
  108058.
  403.  3.
  0.372947872  0.0027762868
  50.  20.
  108058.
  165.  2.
  0.152695775  0.00185085787
  50.  30.
  108058.
  304.  4.
  0.281330407  0.00370171573
  50.  40.
  108058.
  287.  4.
  0.265598118  0.00370171573
  50.  50.
  108058.
  153.  1.
  0.141590625  0.000925428933
  50.  60.
  108058.
  302.  14.
  0.279479533  0.0129560055
  50.  70.
  108058.
  195.  2.
  0.18045865  0.00185085787
  50.  80.
  108058.
  319.  14.
  0.295211822  0.0129560055
  50.  90.
  108058.
  197.  3.
  0.182309493  0.0027762868
  50.  100.
  108058.
  56.  1.
  0.0518240221  0.000925428933
  60.  0.
  108058.
  1606.  6.
  1.48623884  0.0055525736
  60.  10.
  108058.
  815.  8.
  0.754224598  0.00740343146
  60.  20.
  108058.
  322.  5.
  0.297988117  0.0046271449
  60.  30.
  108058.
  570.  7.
  0.52749449  0.00647800276
  60.  40.
  108058.
  534.  6.
  0.49417904  0.0055525736
  60.  50.
  108058.
  283.  4.
  0.261896402  0.00370171573
  60.  60.
  108058.
  634.  18.
  0.586721957  0.0166577213
  60.  70.
  108058.
  427.  13.
  0.395158142  0.0120305764
  60.  80.
  108058.
  762.  23.
  0.70517683  0.0212848652
  60.  90.
  108058.
  573.  28.
  0.530270755  0.025912011
  60.  100.
  108058.
  168.  12.
  0.155472055  0.0111051472
  70.  0.
  108058.
  931.  2.
  0.861574352  0.00185085787
  70.  10.
  108058.
  479.  7.
  0.443280458  0.00647800276
  70.  20.
  108058.
  210.  3.
  0.19434008  0.0027762868
  70.  30.
  108058.
  358.  4.
  0.331303567  0.00370171573
  70.  40.
  108058.
  315.  5.
  0.291510105  0.0046271449
  70.  50.
  108058.
  179.  2.
  0.165651783  0.00185085787
  70.  60.
  108058.
  410.  8.
  0.379425853  0.00740343146
  70.  70.
  108058.
  278.  9.
  0.257269233  0.00832886063
  70.  80.
  108058.
  597.  27.
  0.552481055  0.0249865819
  70.  90.
  108058.
  476.  34.
  0.440504164  0.0314645842
  70.  100.
  108058.
  186.  15.
  0.17212978  0.0138814338
  80.  0.
  108058.
  1801.  12.
  1.6666975  0.0111051472
  80.  10.
  108058.
  918.  5.
  0.84954375  0.0046271449
  80.  20.
  108058.
  383.  9.
  0.354439288  0.00832886063
  80.  30.
  108058.
  693.  9.
  0.641322255  0.00832886063
  80.  40.
  108058.
  521.  14.
  0.482148468  0.0129560055
  80.  50.
  108058.
  233.  9.
  0.215624943  0.00832886063
  80.  60.
  108058.
  573.  12.
  0.530270755  0.0111051472
  80.  70.
  108058.
  401.  9.
  0.371096998  0.00832886063
  80.  80.
  108058.
  1090.  28.
  1.00871754  0.025912011
  80.  90.
  108058.
  1215.  42.
  1.1243962  0.0388680138
  80.  100.
  108058.
  520.  25.
  0.481223047  0.0231357235
  90.  0.
  108058.
  2375.  18.
  2.19789362  0.0166577213
  90.  10.
  108058.
  1083.  20.
  1.00223958  0.0185085796
  90.  20.
  108058.
  516.  4.
  0.47752133  0.00370171573
  90.  30.
  108058.
  722.  10.
  0.668159664  0.00925428979
  90.  40.
  108058.
  622.  4.
  0.575616777  0.00370171573
  90.  50.
  108058.
  287.  6.
  0.265598118  0.0055525736
  90.  60.
  108058.
  660.  16.
  0.6107831  0.0148068629
  90.  70.
  108058.
  394.  15.
  0.364618987  0.0138814338
  90.  80.
  108058.
  960.  24.
  0.88841176  0.0222102944
  90.  90.
  108058.
  1667.  53.
  1.54269004  0.0490477346
  90.  100.
  108058.
  1174.  78.
  1.08645356  0.07218346
  100.  0.
  108058.
  5787.  26.
  5.35545731  0.0240611527
  100.  10.
  108058.
  1861.  32.
  1.72222328  0.0296137258
  100.  20.
  108058.
  696.  8.
  0.64409852  0.00740343146
  100.  30.
  108058.
  1179.  14.
  1.09108067  0.0129560055
  100.  40.
  108058.
  874.  11.
  0.808824897  0.010179718
  100.  50.
  108058.
  422.  11.
  0.390531003  0.010179718
  100.  60.
  108058.
  913.  21.
  0.844916642  0.0194340069
  100.  70.
  108058.
  590.  14.
  0.546003044  0.0129560055
  100.  80.
  108058.
  1079.  20.
  0.998537838  0.0185085796
  100.  90.
  108058.
  1708.  33.
  1.58063257  0.030539155
  100.  100.
  108058.
  3383.  105.
  3.1307261  0.09717004
