  0.  0.
  1147636.
  64316.  234.
  5.6042161  0.0203897394
  0.  10.
  1147636.
  484.  6.
  0.0421736501  0.000522813876
  0.  20.
  1147636.
  139.  0.
  0.0121118547  0.
  0.  30.
  1147636.
  39.  0.
  0.00339829014  0.
  0.  40.
  1147636.
  11.  0.
  0.000958492048  0.
  0.  50.
  1147636.
  12.  0.
  0.00104562775  0.
  0.  60.
  1147636.
  3.  0.
  0.000261406938  0.
  0.  70.
  1147636.
  1.  0.
  8.71356388E-05  0.
  0.  80.
  1147636.
  0.  0.
  0.  0.
  0.  90.
  1147636.
  0.  0.
  0.  0.
  0.  100.
  1147636.
  0.  0.
  0.  0.
  10.  0.
  1147636.
  35890.  216.
  3.12729812  0.0188212991
  10.  10.
  1147636.
  989.  46.
  0.0861771479  0.0040082396
  10.  20.
  1147636.
  261.  6.
  0.0227424018  0.000522813876
  10.  30.
  1147636.
  68.  2.
  0.0059252237  0.000174271278
  10.  40.
  1147636.
  34.  0.
  0.00296261185  0.
  10.  50.
  1147636.
  15.  0.
  0.00130703463  0.
  10.  60.
  1147636.
  2.  0.
  0.000174271278  0.
  10.  70.
  1147636.
  2.  0.
  0.000174271278  0.
  10.  80.
  1147636.
  0.  0.
  0.  0.
  10.  90.
  1147636.
  1.  0.
  8.71356388E-05  0.
  10.  100.
  1147636.
  0.  0.
  0.  0.
  20.  0.
  1147636.
  32942.  283.
  2.87042236  0.0246593859
  20.  10.
  1147636.
  1122.  47.
  0.0977661908  0.00409537507
  20.  20.
  1147636.
  412.  15.
  0.035899885  0.00130703463
  20.  30.
  1147636.
  142.  5.
  0.0123732612  0.000435678201
  20.  40.
  1147636.
  74.  1.
  0.00644803746  8.71356388E-05
  20.  50.
  1147636.
  28.  0.
  0.00243979809  0.
  20.  60.
  1147636.
  9.  0.
  0.000784220756  0.
  20.  70.
  1147636.
  1.  0.
  8.71356388E-05  0.
  20.  80.
  1147636.
  1.  0.
  8.71356388E-05  0.
  20.  90.
  1147636.
  0.  0.
  0.  0.
  20.  100.
  1147636.
  0.  0.
  0.  0.
  30.  0.
  1147636.
  31812.  312.
  2.77195907  0.0271863211
  30.  10.
  1147636.
  1256.  40.
  0.109442368  0.00348542561
  30.  20.
  1147636.
  544.  27.
  0.0474017896  0.00235266238
  30.  30.
  1147636.
  277.  10.
  0.0241365731  0.000871356402
  30.  40.
  1147636.
  142.  5.
  0.0123732612  0.000435678201
  30.  50.
  1147636.
  77.  3.
  0.00670944434  0.000261406938
  30.  60.
  1147636.
  12.  0.
  0.00104562775  0.
  30.  70.
  1147636.
  4.  0.
  0.000348542555  0.
  30.  80.
  1147636.
  2.  0.
  0.000174271278  0.
  30.  90.
  1147636.
  0.  0.
  0.  0.
  30.  100.
  1147636.
  0.  0.
  0.  0.
  40.  0.
  1147636.
  34469.  354.
  3.00347853  0.0308460165
  40.  10.
  1147636.
  1471.  55.
  0.128176525  0.00479246024
  40.  20.
  1147636.
  642.  34.
  0.0559410825  0.00296261185
  40.  30.
  1147636.
  394.  17.
  0.0343314447  0.00148130592
  40.  40.
  1147636.
  209.  18.
  0.0182113498  0.00156844151
  40.  50.
  1147636.
  149.  14.
  0.0129832104  0.00121989904
  40.  60.
  1147636.
  30.  4.
  0.00261406926  0.000348542555
  40.  70.
  1147636.
  8.  0.
  0.00069708511  0.
  40.  80.
  1147636.
  4.  0.
  0.000348542555  0.
  40.  90.
  1147636.
  3.  0.
  0.000261406938  0.
  40.  100.
  1147636.
  0.  0.
  0.  0.
  50.  0.
  1147636.
  62678.  746.
  5.46148777  0.0650031865
  50.  10.
  1147636.
  2692.  110.
  0.234569147  0.00958492048
  50.  20.
  1147636.
  1227.  56.
  0.106915437  0.00487959618
  50.  30.
  1147636.
  718.  46.
  0.0625633895  0.0040082396
  50.  40.
  1147636.
  528.  41.
  0.0460076183  0.00357256131
  50.  50.
  1147636.
  500.  60.
  0.0435678214  0.00522813853
  50.  60.
  1147636.
  130.  16.
  0.0113276336  0.00139417022
  50.  70.
  1147636.
  49.  6.
  0.00426964648  0.000522813876
  50.  80.
  1147636.
  15.  1.
  0.00130703463  8.71356388E-05
  50.  90.
  1147636.
  4.  0.
  0.000348542555  0.
  50.  100.
  1147636.
  0.  0.
  0.  0.
  60.  0.
  1147636.
  47874.  721.
  4.17153168  0.0628248006
  60.  10.
  1147636.
  2145.  107.
  0.18690595  0.00932351407
  60.  20.
  1147636.
  1009.  65.
  0.0879198611  0.00566381682
  60.  30.
  1147636.
  624.  35.
  0.0543726422  0.00304974755
  60.  40.
  1147636.
  452.  38.
  0.0393853113  0.00331115443
  60.  50.
  1147636.
  461.  46.
  0.0401695296  0.0040082396
  60.  60.
  1147636.
  183.  24.
  0.015945822  0.0020912555
  60.  70.
  1147636.
  94.  8.
  0.00819075014  0.00069708511
  60.  80.
  1147636.
  27.  1.
  0.00235266238  8.71356388E-05
  60.  90.
  1147636.
  8.  2.
  0.00069708511  0.000174271278
  60.  100.
  1147636.
  2.  0.
  0.000174271278  0.
  70.  0.
  1147636.
  55896.  990.
  4.87053394  0.0862642825
  70.  10.
  1147636.
  2558.  158.
  0.22289297  0.0137674315
  70.  20.
  1147636.
  1311.  89.
  0.114234827  0.00775507232
  70.  30.
  1147636.
  848.  56.
  0.0738910213  0.00487959618
  70.  40.
  1147636.
  608.  57.
  0.0529784709  0.00496673165
  70.  50.
  1147636.
  607.  43.
  0.0528913364  0.00374683272
  70.  60.
  1147636.
  258.  34.
  0.0224809963  0.00296261185
  70.  70.
  1147636.
  223.  28.
  0.0194312483  0.00243979809
  70.  80.
  1147636.
  96.  9.
  0.00836502202  0.000784220756
  70.  90.
  1147636.
  25.  4.
  0.00217839098  0.000348542555
  70.  100.
  1147636.
  5.  0.
  0.000435678201  0.
  80.  0.
  1147636.
  71663.  1530.
  6.24440145  0.13331753
  80.  10.
  1147636.
  3189.  212.
  0.277875572  0.0184727553
  80.  20.
  1147636.
  1678.  131.
  0.146213606  0.0114147691
  80.  30.
  1147636.
  1075.  86.
  0.0936708152  0.00749366544
  80.  40.
  1147636.
  755.  65.
  0.0657874122  0.00566381682
  80.  50.
  1147636.
  827.  105.
  0.0720611736  0.00914924219
  80.  60.
  1147636.
  387.  44.
  0.0337214954  0.00383396819
  80.  70.
  1147636.
  307.  34.
  0.0267506428  0.00296261185
  80.  80.
  1147636.
  238.  32.
  0.0207382832  0.00278834044
  80.  90.
  1147636.
  73.  5.
  0.00636090199  0.000435678201
  80.  100.
  1147636.
  11.  2.
  0.000958492048  0.000174271278
  90.  0.
  1147636.
  115860.  3245.
  10.0955353  0.282755166
  90.  10.
  1147636.
  5107.  426.
  0.445001721  0.0371197835
  90.  20.
  1147636.
  2623.  239.
  0.228556797  0.0208254177
  90.  30.
  1147636.
  1659.  173.
  0.144558027  0.0150744664
  90.  40.
  1147636.
  1221.  128.
  0.106392622  0.0111533618
  90.  50.
  1147636.
  1254.  139.
  0.109268099  0.0121118547
  90.  60.
  1147636.
  682.  54.
  0.0594265088  0.00470532477
  90.  70.
  1147636.
  452.  67.
  0.0393853113  0.00583808823
  90.  80.
  1147636.
  406.  45.
  0.0353770703  0.00392110413
  90.  90.
  1147636.
  278.  55.
  0.0242237095  0.00479246024
  90.  100.
  1147636.
  84.  17.
  0.00731939403  0.00148130592
  100.  0.
  1147636.
  473274.  18007.
  41.2390327  1.5690515
  100.  10.
  1147636.
  13737.  1317.
  1.19698226  0.114757642
  100.  20.
  1147636.
  6801.  786.
  0.592609525  0.0684886128
  100.  30.
  1147636.
  4315.  512.
  0.375990301  0.044613447
  100.  40.
  1147636.
  3113.  408.
  0.271253258  0.0355513431
  100.  50.
  1147636.
  3339.  383.
  0.290945917  0.0333729498
  100.  60.
  1147636.
  1702.  213.
  0.148304865  0.0185598917
  100.  70.
  1147636.
  1408.  171.
  0.122686982  0.0149001945
  100.  80.
  1147636.
  1197.  189.
  0.104301363  0.0164686367
  100.  90.
  1147636.
  1039.  181.
  0.0905339345  0.0157715511
  100.  100.
  1147636.
  946.  226.
  0.082430318  0.0196926557
