  0.  0.
  2512573.
  1103438.  1388.
  43.9166527  0.0552421771
  0.  10.
  2512573.
  132171.  502.
  5.26038456  0.0199795198
  0.  20.
  2512573.
  59098.  372.
  2.35209084  0.0148055404
  0.  30.
  2512573.
  52597.  441.
  2.09335208  0.0175517295
  0.  40.
  2512573.
  36848.  282.
  1.46654451  0.0112235546
  0.  50.
  2512573.
  33308.  235.
  1.32565308  0.00935296249
  0.  60.
  2512573.
  22030.  197.
  0.876790464  0.0078405682
  0.  70.
  2512573.
  15399.  115.
  0.612877727  0.00457698153
  0.  80.
  2512573.
  15970.  111.
  0.635603428  0.00441778218
  0.  90.
  2512573.
  14261.  117.
  0.567585528  0.00465658121
  0.  100.
  2512573.
  12098.  57.
  0.48149845  0.00226859073
  10.  0.
  2512573.
  80422.  598.
  3.20078254  0.0238003042
  10.  10.
  2512573.
  22304.  427.
  0.887695611  0.0169945303
  10.  20.
  2512573.
  8228.  230.
  0.327473074  0.00915396307
  10.  30.
  2512573.
  7048.  271.
  0.280509263  0.0107857566
  10.  40.
  2512573.
  5116.  186.
  0.203615978  0.00740277022
  10.  50.
  2512573.
  3975.  152.
  0.158204362  0.00604957528
  10.  60.
  2512573.
  3279.  144.
  0.130503669  0.00573117658
  10.  70.
  2512573.
  1961.  122.
  0.0780474842  0.00485558016
  10.  80.
  2512573.
  2442.  120.
  0.0971912071  0.00477598049
  10.  90.
  2512573.
  1969.  91.
  0.0783658847  0.0036217852
  10.  100.
  2512573.
  1294.  44.
  0.051500991  0.00175119285
  20.  0.
  2512573.
  42837.  381.
  1.70490563  0.0151637383
  20.  10.
  2512573.
  11680.  215.
  0.464862108  0.00855696574
  20.  20.
  2512573.
  5062.  139.
  0.201466784  0.00553217763
  20.  30.
  2512573.
  3791.  145.
  0.150881186  0.00577097666
  20.  40.
  2512573.
  2571.  98.
  0.102325387  0.0039003843
  20.  50.
  2512573.
  2288.  129.
  0.0910620317  0.00513417926
  20.  60.
  2512573.
  1566.  111.
  0.0623265468  0.00441778218
  20.  70.
  2512573.
  1060.  97.
  0.0421878286  0.00386058446
  20.  80.
  2512573.
  1041.  94.
  0.0414316319  0.00374118495
  20.  90.
  2512573.
  782.  86.
  0.0311234742  0.00342278602
  20.  100.
  2512573.
  567.  37.
  0.0225665085  0.00147259398
  30.  0.
  2512573.
  42737.  486.
  1.70092571  0.0193427224
  30.  10.
  2512573.
  12994.  325.
  0.517159104  0.0129349474
  30.  20.
  2512573.
  5237.  236.
  0.208431751  0.00939276163
  30.  30.
  2512573.
  4337.  187.
  0.172611907  0.00744256983
  30.  40.
  2512573.
  2786.  142.
  0.110882349  0.00565157691
  30.  50.
  2512573.
  2092.  180.
  0.0832612589  0.00716397073
  30.  60.
  2512573.
  1664.  171.
  0.0662269294  0.00680577243
  30.  70.
  2512573.
  1033.  107.
  0.0411132351  0.00425858283
  30.  80.
  2512573.
  1038.  119.
  0.0413122326  0.00473618088
  30.  90.
  2512573.
  818.  98.
  0.0325562693  0.0039003843
  30.  100.
  2512573.
  552.  66.
  0.0219695102  0.00262678927
  40.  0.
  2512573.
  37952.  458.
  1.5104835  0.018228326
  40.  10.
  2512573.
  11854.  417.
  0.471787274  0.0165965334
  40.  20.
  2512573.
  5079.  325.
  0.202143386  0.0129349474
  40.  30.
  2512573.
  4076.  268.
  0.162224144  0.0106663564
  40.  40.
  2512573.
  2697.  238.
  0.107340164  0.00947236177
  40.  50.
  2512573.
  2044.  196.
  0.0813508704  0.0078007686
  40.  60.
  2512573.
  1466.  182.
  0.0583465621  0.00724357041
  40.  70.
  2512573.
  860.  129.
  0.034227863  0.00513417926
  40.  80.
  2512573.
  871.  140.
  0.0346656591  0.00557197724
  40.  90.
  2512573.
  580.  86.
  0.0230839066  0.00342278602
  40.  100.
  2512573.
  380.  41.
  0.0151239391  0.00163179333
  50.  0.
  2512573.
  45006.  701.
  1.79123151  0.0278996862
  50.  10.
  2512573.
  13101.  577.
  0.521417677  0.0229645073
  50.  20.
  2512573.
  6022.  453.
  0.239674628  0.0180293266
  50.  30.
  2512573.
  4303.  420.
  0.171258703  0.0167159326
  50.  40.
  2512573.
  2945.  326.
  0.117210522  0.0129747475
  50.  50.
  2512573.
  2625.  304.
  0.104474574  0.0120991506
  50.  60.
  2512573.
  1417.  183.
  0.0563963726  0.00728337048
  50.  70.
  2512573.
  922.  205.
  0.0366954505  0.0081589669
  50.  80.
  2512573.
  682.  158.
  0.0271434896  0.00628837431
  50.  90.
  2512573.
  507.  131.
  0.0201785173  0.00521377893
  50.  100.
  2512573.
  331.  75.
  0.0131737469  0.0029849878
  60.  0.
  2512573.
  36061.  558.
  1.43522203  0.0222083107
  60.  10.
  2512573.
  13246.  598.
  0.527188659  0.0238003042
  60.  20.
  2512573.
  5247.  431.
  0.208829761  0.0171537306
  60.  30.
  2512573.
  4478.  430.
  0.178223684  0.0171139315
  60.  40.
  2512573.
  2960.  351.
  0.117807522  0.0139697436
  60.  50.
  2512573.
  2074.  278.
  0.0825448632  0.0110643553
  60.  60.
  2512573.
  1459.  234.
  0.0580679663  0.00931316242
  60.  70.
  2512573.
  830.  167.
  0.0330338664  0.00664657308
  60.  80.
  2512573.
  753.  170.
  0.0299692787  0.00676597236
  60.  90.
  2512573.
  452.  108.
  0.0179895274  0.00429838244
  60.  100.
  2512573.
  225.  59.
  0.00895496365  0.00234819041
  70.  0.
  2512573.
  32494.  588.
  1.29325593  0.0234023053
  70.  10.
  2512573.
  10985.  605.
  0.437201232  0.0240789019
  70.  20.
  2512573.
  5048.  463.
  0.200909585  0.0184273254
  70.  30.
  2512573.
  4025.  468.
  0.160194352  0.0186263248
  70.  40.
  2512573.
  2715.  413.
  0.10805656  0.0164373331
  70.  50.
  2512573.
  2170.  333.
  0.0863656476  0.0132533461
  70.  60.
  2512573.
  1329.  191.
  0.0528939851  0.00760176918
  70.  70.
  2512573.
  740.  146.
  0.0294518806  0.00581077626
  70.  80.
  2512573.
  621.  148.
  0.0247156993  0.00589037593
  70.  90.
  2512573.
  288.  81.
  0.0114623532  0.00322378683
  70.  100.
  2512573.
  160.  53.
  0.00636797398  0.00210939138
  80.  0.
  2512573.
  35661.  710.
  1.41930199  0.0282578859
  80.  10.
  2512573.
  14949.  744.
  0.594967782  0.0296110809
  80.  20.
  2512573.
  6659.  609.
  0.265027136  0.0242381021
  80.  30.
  2512573.
  5518.  682.
  0.219615504  0.0271434896
  80.  40.
  2512573.
  3619.  511.
  0.144035622  0.0203377176
  80.  50.
  2512573.
  2583.  527.
  0.102802984  0.020974515
  80.  60.
  2512573.
  1899.  323.
  0.0755798966  0.0128553482
  80.  70.
  2512573.
  1064.  189.
  0.0423470289  0.0075221695
  80.  80.
  2512573.
  988.  180.
  0.0393222421  0.00716397073
  80.  90.
  2512573.
  422.  84.
  0.0167955328  0.00334318634
  80.  100.
  2512573.
  218.  52.
  0.00867636502  0.00206959154
  90.  0.
  2512573.
  40771.  923.
  1.62267923  0.0367352515
  90.  10.
  2512573.
  18139.  1027.
  0.721929252  0.0408744328
  90.  20.
  2512573.
  9044.  899.
  0.359949738  0.0357800536
  90.  30.
  2512573.
  7938.  986.
  0.315931112  0.0392426401
  90.  40.
  2512573.
  5442.  905.
  0.216590717  0.0360188521
  90.  50.
  2512573.
  3744.  815.
  0.149010599  0.03243687
  90.  60.
  2512573.
  2458.  575.
  0.0978280008  0.0228849072
  90.  70.
  2512573.
  1221.  285.
  0.0485956036  0.0113429539
  90.  80.
  2512573.
  1162.  265.
  0.0462474115  0.0105469571
  90.  90.
  2512573.
  537.  176.
  0.0213725138  0.00700477138
  90.  100.
  2512573.
  228.  83.
  0.00907436293  0.0033033865
  100.  0.
  2512573.
  84965.  2768.
  3.38159323  0.110165954
  100.  10.
  2512573.
  44993.  3757.
  1.79071414  0.149527997
  100.  20.
  2512573.
  25673.  3459.
  1.02178121  0.137667641
  100.  30.
  2512573.
  23071.  4494.
  0.91822207  0.178860471
  100.  40.
  2512573.
  17032.  4413.
  0.67787087  0.175636694
  100.  50.
  2512573.
  12005.  4458.
  0.477797061  0.177427679
  100.  60.
  2512573.
  7738.  3132.
  0.30797115  0.124653094
  100.  70.
  2512573.
  3960.  2045.
  0.157607362  0.0813906714
  100.  80.
  2512573.
  3176.  1664.
  0.126404285  0.0662269294
  100.  90.
  2512573.
  1605.  977.
  0.0638787374  0.0388844423
  100.  100.
  2512573.
  429.  339.
  0.0170741305  0.0134921456
