  0.  0.
  2504936.
  1155056.  2244.
  46.1111984  0.0895831287
  0.  10.
  2504936.
  135582.  830.
  5.41259336  0.0331345797
  0.  20.
  2504936.
  59754.  510.
  2.38545012  0.0203598011
  0.  30.
  2504936.
  51562.  574.
  2.05841589  0.022914758
  0.  40.
  2504936.
  36425.  396.
  1.45412898  0.0158087872
  0.  50.
  2504936.
  32659.  371.
  1.3037858  0.0148107577
  0.  60.
  2504936.
  21195.  258.
  0.846129417  0.010299664
  0.  70.
  2504936.
  15032.  179.
  0.600095153  0.00714589097
  0.  80.
  2504936.
  16134.  166.
  0.644088328  0.00662691565
  0.  90.
  2504936.
  14807.  130.
  0.591112912  0.00518975314
  0.  100.
  2504936.
  13786.  103.
  0.550353408  0.00411188137
  10.  0.
  2504936.
  86930.  888.
  3.47034812  0.0354500078
  10.  10.
  2504936.
  24568.  569.
  0.980783522  0.0227151513
  10.  20.
  2504936.
  8434.  310.
  0.336695224  0.0123755652
  10.  30.
  2504936.
  7271.  350.
  0.290266901  0.0139724128
  10.  40.
  2504936.
  4982.  264.
  0.198887318  0.0105391918
  10.  50.
  2504936.
  3595.  274.
  0.143516645  0.0109384032
  10.  60.
  2504936.
  3130.  219.
  0.124953292  0.00874273852
  10.  70.
  2504936.
  1882.  136.
  0.0751316622  0.00542928046
  10.  80.
  2504936.
  2128.  143.
  0.0849522725  0.00570872892
  10.  90.
  2504936.
  1931.  130.
  0.0770877972  0.00518975314
  10.  100.
  2504936.
  1390.  50.
  0.0554904379  0.00199605897
  20.  0.
  2504936.
  43506.  589.
  1.7368108  0.0235135742
  20.  10.
  2504936.
  13038.  406.
  0.520492315  0.0162079986
  20.  20.
  2504936.
  5551.  244.
  0.22160247  0.009740768
  20.  30.
  2504936.
  3927.  202.
  0.156770468  0.00806407817
  20.  40.
  2504936.
  2550.  217.
  0.101799011  0.00866289623
  20.  50.
  2504936.
  2199.  188.
  0.0877866745  0.00750518171
  20.  60.
  2504936.
  1426.  159.
  0.0569276027  0.00634746766
  20.  70.
  2504936.
  970.  94.
  0.0387235433  0.00375259086
  20.  80.
  2504936.
  938.  143.
  0.0374460667  0.00570872892
  20.  90.
  2504936.
  830.  86.
  0.0331345797  0.00343322149
  20.  100.
  2504936.
  611.  41.
  0.0243918411  0.00163676834
  30.  0.
  2504936.
  41640.  720.
  1.66231787  0.0287432484
  30.  10.
  2504936.
  14541.  561.
  0.580493867  0.0223957822
  30.  20.
  2504936.
  5587.  351.
  0.223039627  0.0140123339
  30.  30.
  2504936.
  4620.  352.
  0.184435844  0.0140522551
  30.  40.
  2504936.
  2910.  286.
  0.11617063  0.0114174578
  30.  50.
  2504936.
  2093.  252.
  0.0835550278  0.0100601371
  30.  60.
  2504936.
  1815.  256.
  0.072456941  0.0102198217
  30.  70.
  2504936.
  997.  124.
  0.0398014151  0.00495022628
  30.  80.
  2504936.
  1055.  187.
  0.0421168432  0.00746526057
  30.  90.
  2504936.
  806.  112.
  0.0321764722  0.00447117211
  30.  100.
  2504936.
  540.  63.
  0.0215574373  0.00251503428
  40.  0.
  2504936.
  35317.  752.
  1.40989625  0.0300207268
  40.  10.
  2504936.
  12793.  605.
  0.51071167  0.0241523143
  40.  20.
  2504936.
  5299.  389.
  0.211542338  0.0155293392
  40.  30.
  2504936.
  4246.  364.
  0.169505328  0.0145313097
  40.  40.
  2504936.
  2770.  300.
  0.110581666  0.0119763538
  40.  50.
  2504936.
  1880.  309.
  0.0750518143  0.0123356441
  40.  60.
  2504936.
  1446.  274.
  0.0577260256  0.0109384032
  40.  70.
  2504936.
  833.  159.
  0.033254344  0.00634746766
  40.  80.
  2504936.
  903.  193.
  0.0360488258  0.00770478789
  40.  90.
  2504936.
  537.  132.
  0.0214376729  0.00526959589
  40.  100.
  2504936.
  388.  74.
  0.0154894181  0.00295416731
  50.  0.
  2504936.
  37902.  1016.
  1.51309252  0.0405599177
  50.  10.
  2504936.
  12673.  783.
  0.505921125  0.031258285
  50.  20.
  2504936.
  6062.  560.
  0.242002189  0.0223558601
  50.  30.
  2504936.
  4390.  547.
  0.175253972  0.0218368862
  50.  40.
  2504936.
  2909.  422.
  0.11613071  0.0168467369
  50.  50.
  2504936.
  2474.  508.
  0.0987650007  0.0202799588
  50.  60.
  2504936.
  1412.  339.
  0.0563687049  0.0135332802
  50.  70.
  2504936.
  889.  250.
  0.035489928  0.00998029485
  50.  80.
  2504936.
  701.  229.
  0.0279847477  0.00914194994
  50.  90.
  2504936.
  544.  180.
  0.0217171218  0.00718581211
  50.  100.
  2504936.
  325.  132.
  0.0129743833  0.00526959589
  60.  0.
  2504936.
  31269.  792.
  1.24829531  0.0316175744
  60.  10.
  2504936.
  12117.  821.
  0.483724922  0.0327752903
  60.  20.
  2504936.
  5172.  592.
  0.206472337  0.0236333385
  60.  30.
  2504936.
  4496.  575.
  0.179485619  0.0229546782
  60.  40.
  2504936.
  2881.  514.
  0.115012921  0.0205194857
  60.  50.
  2504936.
  2075.  453.
  0.0828364491  0.0180842951
  60.  60.
  2504936.
  1476.  334.
  0.0589236617  0.0133336736
  60.  70.
  2504936.
  765.  234.
  0.0305397026  0.00934155565
  60.  80.
  2504936.
  623.  213.
  0.0248708948  0.00850321166
  60.  90.
  2504936.
  471.  122.
  0.0188028757  0.004870384
  60.  100.
  2504936.
  253.  115.
  0.0101000583  0.00459093554
  70.  0.
  2504936.
  27071.  775.
  1.08070624  0.030938914
  70.  10.
  2504936.
  10084.  798.
  0.402565181  0.0318571031
  70.  20.
  2504936.
  4914.  519.
  0.19617267  0.0207190923
  70.  30.
  2504936.
  3961.  617.
  0.1581278  0.024631368
  70.  40.
  2504936.
  2581.  558.
  0.103036568  0.0222760178
  70.  50.
  2504936.
  2042.  551.
  0.0815190524  0.0219965708
  70.  60.
  2504936.
  1162.  299.
  0.04638841  0.0119364327
  70.  70.
  2504936.
  669.  231.
  0.0267072693  0.00922179222
  70.  80.
  2504936.
  540.  187.
  0.0215574373  0.00746526057
  70.  90.
  2504936.
  296.  121.
  0.0118166693  0.00483046286
  70.  100.
  2504936.
  190.  72.
  0.007585024  0.00287432503
  80.  0.
  2504936.
  31058.  1008.
  1.23987198  0.0402405486
  80.  10.
  2504936.
  13385.  987.
  0.534344971  0.0394022055
  80.  20.
  2504936.
  6305.  769.
  0.251703024  0.0306993872
  80.  30.
  2504936.
  5357.  958.
  0.213857755  0.0382444896
  80.  40.
  2504936.
  3402.  790.
  0.13581185  0.0315377302
  80.  50.
  2504936.
  2284.  722.
  0.0911799744  0.0288230926
  80.  60.
  2504936.
  1664.  433.
  0.0664288402  0.0172858704
  80.  70.
  2504936.
  903.  288.
  0.0360488258  0.0114973001
  80.  80.
  2504936.
  717.  258.
  0.0286234859  0.010299664
  80.  90.
  2504936.
  354.  112.
  0.0141320974  0.00447117211
  80.  100.
  2504936.
  156.  91.
  0.00622770423  0.00363282743
  90.  0.
  2504936.
  35206.  1303.
  1.40546501  0.0520172976
  90.  10.
  2504936.
  16865.  1440.
  0.673270702  0.0574864969
  90.  20.
  2504936.
  8518.  1080.
  0.340048611  0.0431148745
  90.  30.
  2504936.
  7220.  1372.
  0.288230926  0.0547718592
  90.  40.
  2504936.
  4925.  1307.
  0.196611807  0.0521769822
  90.  50.
  2504936.
  3155.  1124.
  0.12595132  0.0448714048
  90.  60.
  2504936.
  1959.  789.
  0.0782055929  0.03149781
  90.  70.
  2504936.
  884.  440.
  0.0352903232  0.0175653193
  90.  80.
  2504936.
  883.  353.
  0.035250403  0.0140921762
  90.  90.
  2504936.
  503.  204.
  0.0200803541  0.00814392045
  90.  100.
  2504936.
  142.  111.
  0.00566880731  0.00443125097
  100.  0.
  2504936.
  66045.  3255.
  2.6365943  0.129943445
  100.  10.
  2504936.
  36362.  4389.
  1.4516139  0.175214052
  100.  20.
  2504936.
  20301.  4071.
  0.810439885  0.162519127
  100.  30.
  2504936.
  17557.  4828.
  0.700896144  0.192739457
  100.  40.
  2504936.
  12718.  4511.
  0.50771755  0.180084437
  100.  50.
  2504936.
  8693.  4498.
  0.347034812  0.179565459
  100.  60.
  2504936.
  5979.  3129.
  0.238688737  0.124913372
  100.  70.
  2504936.
  2605.  1987.
  0.103994675  0.0793233812
  100.  80.
  2504936.
  2515.  1695.
  0.100401767  0.0676663965
  100.  90.
  2504936.
  1357.  1014.
  0.0541730411  0.0404800773
  100.  100.
  2504936.
  394.  328.
  0.0157289449  0.0130941467
