  0.  0.
  2497299.
  964111.  1850.
  38.6061516  0.0740800351
  0.  10.
  2497299.
  115380.  576.
  4.62019157  0.0230649188
  0.  20.
  2497299.
  49681.  330.
  1.9893893  0.0132142771
  0.  30.
  2497299.
  42805.  367.
  1.71405184  0.0146958772
  0.  40.
  2497299.
  29795.  290.
  1.19308901  0.0116125466
  0.  50.
  2497299.
  27163.  320.
  1.08769512  0.0128138438
  0.  60.
  2497299.
  18053.  226.
  0.722901046  0.00904977694
  0.  70.
  2497299.
  12942.  153.
  0.518239915  0.00612661941
  0.  80.
  2497299.
  12815.  157.
  0.513154387  0.00628679246
  0.  90.
  2497299.
  11210.  135.
  0.448884964  0.00540584046
  0.  100.
  2497299.
  9090.  58.
  0.363993257  0.00232250919
  10.  0.
  2497299.
  89651.  1184.
  3.58991861  0.047411222
  10.  10.
  2497299.
  25352.  634.
  1.01517677  0.0253874287
  10.  20.
  2497299.
  9725.  244.
  0.389420718  0.00977055635
  10.  30.
  2497299.
  9305.  275.
  0.372602552  0.0110118976
  10.  40.
  2497299.
  6796.  204.
  0.272134006  0.00816882588
  10.  50.
  2497299.
  5470.  211.
  0.219036654  0.00844912883
  10.  60.
  2497299.
  4438.  165.
  0.177711993  0.00660713855
  10.  70.
  2497299.
  2900.  113.
  0.116125464  0.00452488847
  10.  80.
  2497299.
  2983.  112.
  0.119449049  0.00448484533
  10.  90.
  2497299.
  2373.  105.
  0.0950226635  0.00420454238
  10.  100.
  2497299.
  1711.  60.
  0.0685140193  0.00240259571
  20.  0.
  2497299.
  46467.  974.
  1.86069024  0.0390021391
  20.  10.
  2497299.
  13606.  458.
  0.544828653  0.0183398146
  20.  20.
  2497299.
  6114.  257.
  0.244824514  0.0102911182
  20.  30.
  2497299.
  4925.  228.
  0.197213069  0.00912986416
  20.  40.
  2497299.
  3602.  169.
  0.144235834  0.0067673116
  20.  50.
  2497299.
  3209.  196.
  0.128498837  0.00784847979
  20.  60.
  2497299.
  2137.  141.
  0.0855724514  0.00564610027
  20.  70.
  2497299.
  1635.  104.
  0.0654707327  0.00416449923
  20.  80.
  2497299.
  1547.  102.
  0.0619469285  0.00408441294
  20.  90.
  2497299.
  1120.  83.
  0.0448484533  0.00332359085
  20.  100.
  2497299.
  741.  58.
  0.0296720583  0.00232250919
  30.  0.
  2497299.
  46232.  1100.
  1.85128009  0.0440475903
  30.  10.
  2497299.
  16128.  642.
  0.645817757  0.0257077739
  30.  20.
  2497299.
  6780.  388.
  0.271493316  0.0155367861
  30.  30.
  2497299.
  5953.  348.
  0.238377541  0.0139350556
  30.  40.
  2497299.
  3989.  283.
  0.15973258  0.0113322437
  30.  50.
  2497299.
  3002.  247.
  0.120209873  0.00989068579
  30.  60.
  2497299.
  2149.  155.
  0.0860529691  0.0062067057
  30.  70.
  2497299.
  1382.  127.
  0.0553397909  0.00508549437
  30.  80.
  2497299.
  1475.  121.
  0.0590638109  0.00484523457
  30.  90.
  2497299.
  1108.  119.
  0.0443679355  0.00476514827
  30.  100.
  2497299.
  596.  60.
  0.0238657854  0.00240259571
  40.  0.
  2497299.
  40216.  1027.
  1.61037982  0.0411244296
  40.  10.
  2497299.
  15042.  746.
  0.602330744  0.029872274
  40.  20.
  2497299.
  6684.  524.
  0.267649174  0.0209826697
  40.  30.
  2497299.
  5837.  416.
  0.233732522  0.0166579969
  40.  40.
  2497299.
  3815.  363.
  0.152765051  0.0145357046
  40.  50.
  2497299.
  2954.  301.
  0.118287802  0.0120530222
  40.  60.
  2497299.
  1987.  192.
  0.0795659646  0.00768830627
  40.  70.
  2497299.
  1229.  122.
  0.049213171  0.00488527818
  40.  80.
  2497299.
  1076.  145.
  0.0430865511  0.00580627332
  40.  90.
  2497299.
  815.  125.
  0.0326352604  0.00500540761
  40.  100.
  2497299.
  421.  57.
  0.0168582145  0.00228246604
  50.  0.
  2497299.
  43928.  1478.
  1.75902045  0.059183944
  50.  10.
  2497299.
  15636.  1098.
  0.626116455  0.0439675041
  50.  20.
  2497299.
  7825.  879.
  0.313338518  0.0351980291
  50.  30.
  2497299.
  6133.  779.
  0.245585337  0.0311937016
  50.  40.
  2497299.
  4231.  589.
  0.169423044  0.0235854816
  50.  50.
  2497299.
  3943.  620.
  0.157890588  0.0248268228
  50.  60.
  2497299.
  2030.  298.
  0.0812878236  0.0119328927
  50.  70.
  2497299.
  1264.  236.
  0.0506146848  0.00945021026
  50.  80.
  2497299.
  1019.  177.
  0.0408040844  0.00708765769
  50.  90.
  2497299.
  676.  156.
  0.0270692464  0.00624674885
  50.  100.
  2497299.
  404.  85.
  0.0161774773  0.00340367737
  60.  0.
  2497299.
  36407.  1554.
  1.45785511  0.0622272305
  60.  10.
  2497299.
  14938.  1163.
  0.598166287  0.046570316
  60.  20.
  2497299.
  7080.  937.
  0.283506304  0.037520539
  60.  30.
  2497299.
  6196.  943.
  0.248108059  0.0377607979
  60.  40.
  2497299.
  4101.  707.
  0.164217427  0.0283105876
  60.  50.
  2497299.
  3002.  570.
  0.120209873  0.0228246599
  60.  60.
  2497299.
  2107.  368.
  0.084371157  0.0147359204
  60.  70.
  2497299.
  1133.  234.
  0.0453690179  0.00937012304
  60.  80.
  2497299.
  972.  270.
  0.0389220528  0.0108116809
  60.  90.
  2497299.
  599.  180.
  0.0239859149  0.00720778713
  60.  100.
  2497299.
  281.  80.
  0.0112521565  0.00320346095
  70.  0.
  2497299.
  31700.  1715.
  1.26937139  0.0686741993
  70.  10.
  2497299.
  13198.  1411.
  0.528490961  0.0565010421
  70.  20.
  2497299.
  6832.  1108.
  0.273575574  0.0443679355
  70.  30.
  2497299.
  5612.  1122.
  0.224722788  0.0449285395
  70.  40.
  2497299.
  3835.  876.
  0.153565913  0.0350778997
  70.  50.
  2497299.
  2930.  768.
  0.117326759  0.0307532251
  70.  60.
  2497299.
  1779.  418.
  0.071236968  0.0167380832
  70.  70.
  2497299.
  968.  288.
  0.0387618765  0.0115324594
  70.  80.
  2497299.
  810.  284.
  0.0324350446  0.0113722868
  70.  90.
  2497299.
  400.  163.
  0.0160173047  0.0065270518
  70.  100.
  2497299.
  190.  79.
  0.00760821998  0.0031634178
  80.  0.
  2497299.
  36237.  2166.
  1.45104766  0.0867337063
  80.  10.
  2497299.
  16763.  1967.
  0.671245217  0.0787650943
  80.  20.
  2497299.
  8717.  1635.
  0.349057108  0.0654707327
  80.  30.
  2497299.
  8043.  1703.
  0.322067976  0.0681936741
  80.  40.
  2497299.
  5743.  1382.
  0.229968458  0.0553397909
  80.  50.
  2497299.
  4179.  1212.
  0.1673408  0.0485324338
  80.  60.
  2497299.
  2965.  777.
  0.118728273  0.0311136153
  80.  70.
  2497299.
  1518.  546.
  0.0607856736  0.0218636207
  80.  80.
  2497299.
  1262.  518.
  0.0505345985  0.0207424108
  80.  90.
  2497299.
  570.  277.
  0.0228246599  0.0110919839
  80.  100.
  2497299.
  246.  147.
  0.00985064264  0.00588635961
  90.  0.
  2497299.
  39179.  2695.
  1.56885505  0.107916594
  90.  10.
  2497299.
  20669.  2874.
  0.827654183  0.115084335
  90.  20.
  2497299.
  11296.  2475.
  0.452328682  0.0991070718
  90.  30.
  2497299.
  10693.  2759.
  0.428182602  0.110479362
  90.  40.
  2497299.
  8328.  2323.
  0.333480299  0.0930204988
  90.  50.
  2497299.
  6094.  2546.
  0.244023636  0.101950146
  90.  60.
  2497299.
  4543.  1678.
  0.18191655  0.0671925917
  90.  70.
  2497299.
  2266.  993.
  0.0907380357  0.0397629589
  90.  80.
  2497299.
  1844.  896.
  0.0738397762  0.0358787626
  90.  90.
  2497299.
  855.  475.
  0.0342369899  0.01902055
  90.  100.
  2497299.
  264.  200.
  0.0105714211  0.00800865237
  100.  0.
  2497299.
  71576.  7080.
  2.86613655  0.283506304
  100.  10.
  2497299.
  42903.  9316.
  1.71797609  0.373043031
  100.  20.
  2497299.
  25634.  8851.
  1.02646899  0.354422927
  100.  30.
  2497299.
  24200.  10401.
  0.96904695  0.416489989
  100.  40.
  2497299.
  18627.  9650.
  0.745885849  0.386417478
  100.  50.
  2497299.
  15298.  10541.
  0.612581849  0.422096044
  100.  60.
  2497299.
  9964.  6812.
  0.398991078  0.272774696
  100.  70.
  2497299.
  5178.  4468.
  0.20734401  0.178913295
  100.  80.
  2497299.
  4264.  3598.
  0.170744479  0.144075662
  100.  90.
  2497299.
  2216.  1699.
  0.088735871  0.0680335015
  100.  100.
  2497299.
  493.  351.
  0.0197413284  0.014055185
