  0.  0.
  16777216.
  16777216.  14866.
  100.  0.0886082649
  0.  10.
  16777216.
  779660.  4623.
  4.64713573  0.0275552273
  0.  20.
  16777216.
  376967.  2847.
  2.24689841  0.0169694424
  0.  30.
  16777216.
  239551.  2320.
  1.42783523  0.0138282776
  0.  40.
  16777216.
  177262.  1918.
  1.05656385  0.0114321709
  0.  50.
  16777216.
  196086.  2210.
  1.16876364  0.0131726265
  0.  60.
  16777216.
  90246.  1137.
  0.537908077  0.00677704811
  0.  70.
  16777216.
  72040.  992.
  0.429391861  0.00591278076
  0.  80.
  16777216.
  60425.  761.
  0.360161066  0.00453591347
  0.  90.
  16777216.
  52422.  587.
  0.312459469  0.00349879265
  0.  100.
  16777216.
  55236.  449.
  0.329232216  0.00267624855
  10.  0.
  16777216.
  600840.  4162.
  3.58128548  0.0248074532
  10.  10.
  16777216.
  71361.  1941.
  0.425344706  0.0115692616
  10.  20.
  16777216.
  34277.  1271.
  0.204306841  0.00757575035
  10.  30.
  16777216.
  20076.  919.
  0.119662285  0.00547766685
  10.  40.
  16777216.
  13132.  616.
  0.0782728195  0.00367164612
  10.  50.
  16777216.
  12150.  748.
  0.0724196434  0.00445842743
  10.  60.
  16777216.
  4734.  353.
  0.0282168388  0.00210404396
  10.  70.
  16777216.
  2857.  285.
  0.017029047  0.00169873238
  10.  80.
  16777216.
  1674.  192.
  0.00997781754  0.00114440918
  10.  90.
  16777216.
  821.  117.
  0.00489354134  0.000697374344
  10.  100.
  16777216.
  339.  58.
  0.00202059746  0.00034570694
  20.  0.
  16777216.
  371334.  3218.
  2.21332312  0.0191807747
  20.  10.
  16777216.
  51209.  1772.
  0.305229425  0.0105619431
  20.  20.
  16777216.
  25357.  1222.
  0.151139498  0.00728368759
  20.  30.
  16777216.
  14762.  887.
  0.0879883766  0.00528693199
  20.  40.
  16777216.
  9625.  625.
  0.0573694706  0.0037252903
  20.  50.
  16777216.
  8521.  607.
  0.0507891178  0.00361800194
  20.  60.
  16777216.
  3415.  249.
  0.0203549862  0.00148415565
  20.  70.
  16777216.
  2036.  204.
  0.0121355057  0.00121593475
  20.  80.
  16777216.
  1175.  129.
  0.00700354576  0.000768899918
  20.  90.
  16777216.
  648.  69.
  0.00386238098  0.000411272049
  20.  100.
  16777216.
  202.  53.
  0.00120401382  0.000315904617
  30.  0.
  16777216.
  280646.  2862.
  1.67278051  0.0170588493
  30.  10.
  16777216.
  41372.  1631.
  0.246596336  0.00972151756
  30.  20.
  16777216.
  20949.  1164.
  0.12486577  0.00693798065
  30.  30.
  16777216.
  12499.  820.
  0.0744998455  0.00488758087
  30.  40.
  16777216.
  7878.  546.
  0.0469565392  0.0032544136
  30.  50.
  16777216.
  7096.  571.
  0.0422954559  0.00340342522
  30.  60.
  16777216.
  2670.  245.
  0.0159144402  0.0014603138
  30.  70.
  16777216.
  1544.  142.
  0.00920295715  0.000846385956
  30.  80.
  16777216.
  905.  114.
  0.00539422035  0.00067949295
  30.  90.
  16777216.
  521.  53.
  0.00310540199  0.000315904617
  30.  100.
  16777216.
  147.  28.
  0.000876188278  0.000166893005
  40.  0.
  16777216.
  244640.  2885.
  1.45816803  0.01719594
  40.  10.
  16777216.
  37493.  1793.
  0.223475695  0.0106871128
  40.  20.
  16777216.
  18963.  1161.
  0.113028288  0.00692009926
  40.  30.
  16777216.
  11615.  884.
  0.0692307949  0.0052690506
  40.  40.
  16777216.
  7427.  642.
  0.0442683697  0.00382661819
  40.  50.
  16777216.
  6678.  565.
  0.0398039818  0.00336766243
  40.  60.
  16777216.
  2474.  287.
  0.0147461891  0.00171065331
  40.  70.
  16777216.
  1437.  142.
  0.00856518745  0.000846385956
  40.  80.
  16777216.
  853.  95.
  0.0050842762  0.000566244125
  40.  90.
  16777216.
  402.  56.
  0.00239610672  0.000333786011
  40.  100.
  16777216.
  190.  18.
  0.00113248825  0.000107288361
  50.  0.
  16777216.
  339285.  4249.
  2.02229619  0.0253260136
  50.  10.
  16777216.
  52216.  2767.
  0.311231613  0.0164926052
  50.  20.
  16777216.
  27470.  1987.
  0.163733959  0.0118434429
  50.  30.
  16777216.
  16794.  1418.
  0.10010004  0.00845193863
  50.  40.
  16777216.
  10714.  1047.
  0.0638604164  0.00624060631
  50.  50.
  16777216.
  9352.  1027.
  0.0557422638  0.00612139702
  50.  60.
  16777216.
  3248.  429.
  0.0193595886  0.00255703926
  50.  70.
  16777216.
  1824.  222.
  0.0108718872  0.00132322311
  50.  80.
  16777216.
  1115.  150.
  0.00664591789  0.000894069672
  50.  90.
  16777216.
  586.  67.
  0.00349283218  0.00039935112
  50.  100.
  16777216.
  192.  22.
  0.00114440918  0.000131130219
  60.  0.
  16777216.
  177143.  2566.
  1.05585456  0.0152945518
  60.  10.
  16777216.
  33085.  1932.
  0.197201967  0.0115156174
  60.  20.
  16777216.
  18324.  1581.
  0.109219551  0.00942349434
  60.  30.
  16777216.
  12030.  1177.
  0.0717043877  0.00701546669
  60.  40.
  16777216.
  8151.  967.
  0.048583746  0.00576376915
  60.  50.
  16777216.
  7382.  972.
  0.0440001488  0.00579357147
  60.  60.
  16777216.
  2891.  372.
  0.0172317028  0.00221729279
  60.  70.
  16777216.
  1721.  239.
  0.0102579594  0.00142455101
  60.  80.
  16777216.
  1029.  135.
  0.00613331795  0.000804662704
  60.  90.
  16777216.
  491.  60.
  0.00292658806  0.000357627869
  60.  100.
  16777216.
  158.  25.
  0.000941753387  0.000149011612
  70.  0.
  16777216.
  158318.  2684.
  0.943648815  0.0159978867
  70.  10.
  16777216.
  34387.  2257.
  0.204962492  0.0134527683
  70.  20.
  16777216.
  20308.  1900.
  0.121045113  0.0113248825
  70.  30.
  16777216.
  13296.  1653.
  0.0792503357  0.00985264778
  70.  40.
  16777216.
  8935.  1222.
  0.0532567501  0.00728368759
  70.  50.
  16777216.
  7967.  1317.
  0.0474870205  0.00784993172
  70.  60.
  16777216.
  2770.  465.
  0.0165104866  0.00277161598
  70.  70.
  16777216.
  1566.  276.
  0.00933408737  0.0016450882
  70.  80.
  16777216.
  793.  121.
  0.00472664833  0.000721216202
  70.  90.
  16777216.
  356.  54.
  0.00212192535  0.000321865082
  70.  100.
  16777216.
  112.  19.
  0.000667572021  0.000113248825
  80.  0.
  16777216.
  147735.  2609.
  0.88056922  0.0155508518
  80.  10.
  16777216.
  31586.  2068.
  0.188267231  0.0123262405
  80.  20.
  16777216.
  17027.  1703.
  0.101488829  0.010150671
  80.  30.
  16777216.
  9811.  1279.
  0.058478117  0.00762343407
  80.  40.
  16777216.
  5732.  910.
  0.0341653824  0.00542402267
  80.  50.
  16777216.
  4017.  759.
  0.0239431858  0.00452399254
  80.  60.
  16777216.
  1166.  205.
  0.00694990158  0.00122189522
  80.  70.
  16777216.
  635.  118.
  0.00378489494  0.000703334808
  80.  80.
  16777216.
  369.  61.
  0.00219941139  0.000363588333
  80.  90.
  16777216.
  189.  32.
  0.00112652779  0.000190734863
  80.  100.
  16777216.
  81.  14.
  0.000482797623  8.34465027E-05
  90.  0.
  16777216.
  139647.  2484.
  0.832360983  0.0148057938
  90.  10.
  16777216.
  28477.  1890.
  0.169736147  0.0112652779
  90.  20.
  16777216.
  13660.  1336.
  0.0814199448  0.00796318054
  90.  30.
  16777216.
  7161.  970.
  0.0426828861  0.00578165054
  90.  40.
  16777216.
  3708.  666.
  0.0221014023  0.00396966934
  90.  50.
  16777216.
  2482.  558.
  0.0147938728  0.00332593918
  90.  60.
  16777216.
  605.  138.
  0.00360608101  0.000822544098
  90.  70.
  16777216.
  343.  86.
  0.00204443932  0.000512599945
  90.  80.
  16777216.
  165.  61.
  0.000983476639  0.000363588333
  90.  90.
  16777216.
  74.  28.
  0.000441074371  0.000166893005
  90.  100.
  16777216.
  13.  11.
  7.74860382E-05  6.55651093E-05
  100.  0.
  16777216.
  192750.  2526.
  1.14887953  0.0150561333
  100.  10.
  16777216.
  26892.  1518.
  0.160288811  0.00904798508
  100.  20.
  16777216.
  11911.  1014.
  0.0709950924  0.00604391098
  100.  30.
  16777216.
  5827.  681.
  0.0347316265  0.00405907631
  100.  40.
  16777216.
  3040.  462.
  0.018119812  0.00275373459
  100.  50.
  16777216.
  1820.  378.
  0.0108480453  0.00225305557
  100.  60.
  16777216.
  482.  130.
  0.00287294388  0.000774860382
  100.  70.
  16777216.
  233.  69.
  0.00138878822  0.000411272049
  100.  80.
  16777216.
  138.  55.
  0.000822544098  0.000327825546
  100.  90.
  16777216.
  73.  28.
  0.000435113907  0.000166893005
  100.  100.
  16777216.
  15.  4.
  8.94069672E-05  2.38418579E-05
