  0.  0.
  1147224.
  49468.  130.
  4.31197405  0.0113317017
  0.  10.
  1147224.
  7071.  53.
  0.616357386  0.00461984752
  0.  20.
  1147224.
  3293.  16.
  0.28704071  0.00139467092
  0.  30.
  1147224.
  1920.  11.
  0.167360514  0.000958836288
  0.  40.
  1147224.
  1193.  13.
  0.103990152  0.00113317021
  0.  50.
  1147224.
  1090.  13.
  0.095011957  0.00113317021
  0.  60.
  1147224.
  405.  3.
  0.0353026092  0.000261500798
  0.  70.
  1147224.
  286.  0.
  0.0249297433  0.
  0.  80.
  1147224.
  159.  1.
  0.013859543  8.71669326E-05
  0.  90.
  1147224.
  95.  0.
  0.0082808584  0.
  0.  100.
  1147224.
  21.  0.
  0.00183050567  0.
  10.  0.
  1147224.
  22896.  79.
  1.99577415  0.00688618794
  10.  10.
  1147224.
  5648.  82.
  0.492318839  0.00714768888
  10.  20.
  1147224.
  3261.  47.
  0.284251362  0.0040968461
  10.  30.
  1147224.
  1933.  25.
  0.168493688  0.00217917329
  10.  40.
  1147224.
  1337.  17.
  0.11654219  0.00148183794
  10.  50.
  1147224.
  1202.  11.
  0.104774654  0.000958836288
  10.  60.
  1147224.
  433.  6.
  0.0377432816  0.000523001596
  10.  70.
  1147224.
  278.  3.
  0.024232408  0.000261500798
  10.  80.
  1147224.
  155.  0.
  0.0135108754  0.
  10.  90.
  1147224.
  84.  0.
  0.00732202269  0.
  10.  100.
  1147224.
  34.  0.
  0.00296367588  0.
  20.  0.
  1147224.
  19141.  71.
  1.66846228  0.00618885225
  20.  10.
  1147224.
  4970.  51.
  0.433219671  0.00444551371
  20.  20.
  1147224.
  3281.  76.
  0.285994709  0.006624687
  20.  30.
  1147224.
  2473.  59.
  0.215563834  0.0051428494
  20.  40.
  1147224.
  1733.  40.
  0.151060298  0.00348667731
  20.  50.
  1147224.
  1700.  32.
  0.148183793  0.00278934184
  20.  60.
  1147224.
  626.  11.
  0.0545665026  0.000958836288
  20.  70.
  1147224.
  399.  7.
  0.0347796082  0.000610168558
  20.  80.
  1147224.
  228.  2.
  0.0198740605  0.000174333865
  20.  90.
  1147224.
  136.  1.
  0.0118547035  8.71669326E-05
  20.  100.
  1147224.
  44.  1.
  0.00383534515  8.71669326E-05
  30.  0.
  1147224.
  17484.  76.
  1.52402675  0.006624687
  30.  10.
  1147224.
  4560.  62.
  0.397481233  0.00540434988
  30.  20.
  1147224.
  3074.  41.
  0.267951161  0.00357384444
  30.  30.
  1147224.
  2516.  50.
  0.219312012  0.00435834657
  30.  40.
  1147224.
  2231.  61.
  0.194469437  0.00531718321
  30.  50.
  1147224.
  2213.  53.
  0.192900434  0.00461984752
  30.  60.
  1147224.
  824.  17.
  0.0718255565  0.00148183794
  30.  70.
  1147224.
  596.  21.
  0.0519514941  0.00183050567
  30.  80.
  1147224.
  366.  12.
  0.0319030993  0.00104600319
  30.  90.
  1147224.
  193.  3.
  0.0168232191  0.000261500798
  30.  100.
  1147224.
  69.  1.
  0.00601451844  8.71669326E-05
  40.  0.
  1147224.
  18487.  86.
  1.61145508  0.0074963565
  40.  10.
  1147224.
  4514.  52.
  0.393471539  0.00453268085
  40.  20.
  1147224.
  3222.  46.
  0.280851871  0.00400967896
  40.  30.
  1147224.
  2677.  50.
  0.233345881  0.00435834657
  40.  40.
  1147224.
  2341.  46.
  0.204057798  0.00400967896
  40.  50.
  1147224.
  3062.  112.
  0.266905159  0.00976269692
  40.  60.
  1147224.
  1307.  53.
  0.113927186  0.00461984752
  40.  70.
  1147224.
  852.  27.
  0.0742662251  0.00235350733
  40.  80.
  1147224.
  494.  8.
  0.0430604666  0.000697335461
  40.  90.
  1147224.
  299.  11.
  0.0260629132  0.000958836288
  40.  100.
  1147224.
  122.  5.
  0.0106343664  0.000435834663
  50.  0.
  1147224.
  34375.  166.
  2.9963634  0.0144697111
  50.  10.
  1147224.
  7385.  90.
  0.643727839  0.00784502458
  50.  20.
  1147224.
  5289.  81.
  0.461025923  0.00706052175
  50.  30.
  1147224.
  4174.  75.
  0.363834798  0.00653752033
  50.  40.
  1147224.
  3832.  103.
  0.334023684  0.00897819456
  50.  50.
  1147224.
  5499.  206.
  0.479330987  0.0179563891
  50.  60.
  1147224.
  3199.  133.
  0.278847039  0.0115932021
  50.  70.
  1147224.
  2258.  103.
  0.196822941  0.00897819456
  50.  80.
  1147224.
  1400.  72.
  0.122033708  0.00627601938
  50.  90.
  1147224.
  779.  39.
  0.0679030418  0.0033995104
  50.  100.
  1147224.
  345.  14.
  0.0300725922  0.00122033712
  60.  0.
  1147224.
  25739.  164.
  2.24358964  0.0142953778
  60.  10.
  1147224.
  5583.  82.
  0.486653  0.00714768888
  60.  20.
  1147224.
  3751.  57.
  0.326963186  0.00496851513
  60.  30.
  1147224.
  2982.  73.
  0.259931803  0.00636318605
  60.  40.
  1147224.
  2678.  78.
  0.233433053  0.0067990208
  60.  50.
  1147224.
  4024.  146.
  0.350759745  0.0127263721
  60.  60.
  1147224.
  2711.  138.
  0.236309558  0.0120290369
  60.  70.
  1147224.
  2398.  132.
  0.209026307  0.011506035
  60.  80.
  1147224.
  1668.  103.
  0.145394444  0.00897819456
  60.  90.
  1147224.
  949.  52.
  0.0827214196  0.00453268085
  60.  100.
  1147224.
  393.  22.
  0.0342566073  0.00191767258
  70.  0.
  1147224.
  30102.  217.
  2.62389898  0.0189152248
  70.  10.
  1147224.
  6172.  102.
  0.537994325  0.00889102742
  70.  20.
  1147224.
  4022.  79.
  0.350585401  0.00688618794
  70.  30.
  1147224.
  3318.  75.
  0.289219886  0.00653752033
  70.  40.
  1147224.
  3083.  107.
  0.268735647  0.00932686217
  70.  50.
  1147224.
  4439.  178.
  0.386934012  0.0155157149
  70.  60.
  1147224.
  2831.  144.
  0.246769592  0.0125520388
  70.  70.
  1147224.
  3065.  174.
  0.267166644  0.0151670463
  70.  80.
  1147224.
  2741.  224.
  0.238924563  0.0195253938
  70.  90.
  1147224.
  1783.  127.
  0.155418649  0.0110702012
  70.  100.
  1147224.
  868.  41.
  0.0756608993  0.00357384444
  80.  0.
  1147224.
  39990.  356.
  3.48580575  0.0310314298
  80.  10.
  1147224.
  7317.  162.
  0.637800455  0.0141210435
  80.  20.
  1147224.
  4688.  121.
  0.408638597  0.0105471993
  80.  30.
  1147224.
  3896.  115.
  0.339602381  0.0100241974
  80.  40.
  1147224.
  3533.  107.
  0.307960778  0.00932686217
  80.  50.
  1147224.
  4989.  240.
  0.434875846  0.0209200643
  80.  60.
  1147224.
  3354.  181.
  0.292357892  0.0157772154
  80.  70.
  1147224.
  3529.  240.
  0.307612121  0.0209200643
  80.  80.
  1147224.
  3873.  320.
  0.337597549  0.0278934184
  80.  90.
  1147224.
  3246.  283.
  0.282943875  0.0246682428
  80.  100.
  1147224.
  1771.  120.
  0.154372647  0.0104600322
  90.  0.
  1147224.
  66661.  959.
  5.81063509  0.0835930929
  90.  10.
  1147224.
  11578.  299.
  1.00921881  0.0260629132
  90.  20.
  1147224.
  7238.  209.
  0.630914271  0.0182178896
  90.  30.
  1147224.
  5693.  202.
  0.496241361  0.0176077206
  90.  40.
  1147224.
  4928.  211.
  0.429558665  0.0183922239
  90.  50.
  1147224.
  7078.  400.
  0.616967559  0.0348667726
  90.  60.
  1147224.
  4774.  306.
  0.416134953  0.0266730823
  90.  70.
  1147224.
  4997.  346.
  0.435573161  0.0301597603
  90.  80.
  1147224.
  5415.  455.
  0.472008944  0.0396609567
  90.  90.
  1147224.
  6311.  650.
  0.550110519  0.0566585064
  90.  100.
  1147224.
  4928.  551.
  0.429558665  0.0480289795
  100.  0.
  1147224.
  305399.  7929.
  26.6206951  0.691146612
  100.  10.
  1147224.
  42204.  1847.
  3.67879343  0.160997331
  100.  20.
  1147224.
  25163.  1169.
  2.19338155  0.101898149
  100.  30.
  1147224.
  18566.  1033.
  1.61834133  0.0900434405
  100.  40.
  1147224.
  15495.  894.
  1.35065162  0.0779272392
  100.  50.
  1147224.
  20469.  1268.
  1.78421998  0.110527672
  100.  60.
  1147224.
  12759.  919.
  1.11216295  0.0801064149
  100.  70.
  1147224.
  12858.  1048.
  1.12079251  0.0913509503
  100.  80.
  1147224.
  13773.  1222.
  1.2005502  0.106517993
  100.  90.
  1147224.
  16138.  1585.
  1.40670002  0.138159588
  100.  100.
  1147224.
  27706.  3478.
  2.41504717  0.303166598
