  0.  0.
  2504936.
  1216895.  1032.
  48.5798836  0.041198656
  0.  10.
  2504936.
  111375.  362.
  4.44622135  0.0144514674
  0.  20.
  2504936.
  63358.  252.
  2.5293262  0.0100601371
  0.  30.
  2504936.
  45254.  233.
  1.80659306  0.00930163451
  0.  40.
  2504936.
  35008.  184.
  1.39756072  0.00734549714
  0.  50.
  2504936.
  41483.  242.
  1.65605032  0.00966092572
  0.  60.
  2504936.
  22830.  148.
  0.911400557  0.00590833463
  0.  70.
  2504936.
  19688.  124.
  0.785968184  0.00495022628
  0.  80.
  2504936.
  17260.  110.
  0.689039588  0.00439132983
  0.  90.
  2504936.
  16119.  90.
  0.64348948  0.00359290605
  0.  100.
  2504936.
  18091.  120.
  0.722214043  0.00479054172
  10.  0.
  2504936.
  67821.  433.
  2.70749426  0.0172858704
  10.  10.
  2504936.
  14252.  206.
  0.568956673  0.00822376274
  10.  20.
  2504936.
  7123.  176.
  0.284358561  0.00702612754
  10.  30.
  2504936.
  4850.  129.
  0.193617716  0.005149832
  10.  40.
  2504936.
  3735.  98.
  0.149105608  0.00391227566
  10.  50.
  2504936.
  4916.  152.
  0.196252525  0.0060680192
  10.  60.
  2504936.
  2681.  97.
  0.107028686  0.00387235451
  10.  70.
  2504936.
  2247.  81.
  0.0897028893  0.00323361554
  10.  80.
  2504936.
  1930.  81.
  0.077047877  0.00323361554
  10.  90.
  2504936.
  1550.  94.
  0.0618778281  0.00375259086
  10.  100.
  2504936.
  1611.  59.
  0.0643130168  0.00235534948
  20.  0.
  2504936.
  43853.  355.
  1.75066352  0.0141720185
  20.  10.
  2504936.
  10614.  183.
  0.4237234  0.007305576
  20.  20.
  2504936.
  5234.  153.
  0.20894745  0.00610794034
  20.  30.
  2504936.
  3504.  103.
  0.139883816  0.00411188137
  20.  40.
  2504936.
  2650.  102.
  0.105791129  0.00407196023
  20.  50.
  2504936.
  3284.  127.
  0.131101161  0.00506998971
  20.  60.
  2504936.
  1699.  92.
  0.0678260848  0.00367274857
  20.  70.
  2504936.
  1436.  102.
  0.0573268123  0.00407196023
  20.  80.
  2504936.
  1191.  76.
  0.0475461259  0.0030340096
  20.  90.
  2504936.
  1012.  75.
  0.0404002331  0.00299408846
  20.  100.
  2504936.
  904.  61.
  0.036088746  0.002435192
  30.  0.
  2504936.
  34533.  352.
  1.37859809  0.0140522551
  30.  10.
  2504936.
  9004.  183.
  0.35945031  0.007305576
  30.  20.
  2504936.
  4815.  165.
  0.192220479  0.00658699451
  30.  30.
  2504936.
  2989.  125.
  0.119324408  0.00499014743
  30.  40.
  2504936.
  2157.  104.
  0.0861099809  0.00415180251
  30.  50.
  2504936.
  2516.  154.
  0.100441687  0.00614786148
  30.  60.
  2504936.
  1348.  108.
  0.0538137518  0.00431148754
  30.  70.
  2504936.
  1079.  104.
  0.0430749543  0.00415180251
  30.  80.
  2504936.
  926.  99.
  0.036967013  0.0039521968
  30.  90.
  2504936.
  730.  73.
  0.0291424617  0.00291424617
  30.  100.
  2504936.
  519.  69.
  0.0207190923  0.00275456137
  40.  0.
  2504936.
  29408.  398.
  1.17400205  0.0158886295
  40.  10.
  2504936.
  8446.  223.
  0.337174296  0.00890242308
  40.  20.
  2504936.
  4690.  185.
  0.187230334  0.00738541828
  40.  30.
  2504936.
  2923.  159.
  0.116689608  0.00634746766
  40.  40.
  2504936.
  1982.  135.
  0.0791237801  0.00538935931
  40.  50.
  2504936.
  2374.  159.
  0.0947728828  0.00634746766
  40.  60.
  2504936.
  1243.  127.
  0.0496220253  0.00506998971
  40.  70.
  2504936.
  961.  92.
  0.0383642539  0.00367274857
  40.  80.
  2504936.
  723.  106.
  0.0288630128  0.00423164526
  40.  90.
  2504936.
  567.  83.
  0.022635309  0.00331345783
  40.  100.
  2504936.
  386.  68.
  0.0154095758  0.00271464023
  50.  0.
  2504936.
  43279.  650.
  1.72774875  0.0259487666
  50.  10.
  2504936.
  12735.  485.
  0.508396208  0.0193617716
  50.  20.
  2504936.
  6739.  446.
  0.269028842  0.0178048462
  50.  30.
  2504936.
  4386.  336.
  0.175094292  0.0134135168
  50.  40.
  2504936.
  3158.  294.
  0.126071081  0.011736827
  50.  50.
  2504936.
  3415.  334.
  0.136330828  0.0133336736
  50.  60.
  2504936.
  1744.  213.
  0.069622539  0.00850321166
  50.  70.
  2504936.
  1322.  185.
  0.0527758002  0.00738541828
  50.  80.
  2504936.
  949.  167.
  0.0378852002  0.00666683679
  50.  90.
  2504936.
  753.  104.
  0.0300606489  0.00415180251
  50.  100.
  2504936.
  489.  82.
  0.0195214562  0.00327353668
  60.  0.
  2504936.
  26177.  399.
  1.04501677  0.0159285516
  60.  10.
  2504936.
  8412.  377.
  0.33581695  0.0150502846
  60.  20.
  2504936.
  4577.  367.
  0.182719246  0.0146510731
  60.  30.
  2504936.
  3034.  303.
  0.121120863  0.0120961173
  60.  40.
  2504936.
  2054.  272.
  0.0819981024  0.0108585609
  60.  50.
  2504936.
  2195.  376.
  0.0876269862  0.0150103634
  60.  60.
  2504936.
  1118.  196.
  0.0446318798  0.00782455131
  60.  70.
  2504936.
  900.  172.
  0.0359290615  0.00686644297
  60.  80.
  2504936.
  670.  161.
  0.0267471895  0.00642730994
  60.  90.
  2504936.
  504.  122.
  0.0201202743  0.004870384
  60.  100.
  2504936.
  242.  65.
  0.00966092572  0.00259487657
  70.  0.
  2504936.
  25448.  482.
  1.0159142  0.0192420091
  70.  10.
  2504936.
  8986.  454.
  0.358731717  0.0181242153
  70.  20.
  2504936.
  4878.  422.
  0.194735512  0.0168467369
  70.  30.
  2504936.
  3300.  336.
  0.1317399  0.0134135168
  70.  40.
  2504936.
  2417.  344.
  0.0964894891  0.0137328859
  70.  50.
  2504936.
  2321.  498.
  0.0926570594  0.0198807474
  70.  60.
  2504936.
  1123.  259.
  0.0448314846  0.0103395851
  70.  70.
  2504936.
  875.  236.
  0.0349310338  0.00942139793
  70.  80.
  2504936.
  632.  193.
  0.0252301861  0.00770478789
  70.  90.
  2504936.
  451.  135.
  0.0180044528  0.00538935931
  70.  100.
  2504936.
  268.  105.
  0.0106988763  0.00419172365
  80.  0.
  2504936.
  27948.  539.
  1.11571717  0.0215175152
  80.  10.
  2504936.
  9953.  614.
  0.3973355  0.0245116036
  80.  20.
  2504936.
  5865.  548.
  0.234137714  0.0218768064
  80.  30.
  2504936.
  4099.  544.
  0.163636908  0.0217171218
  80.  40.
  2504936.
  3019.  447.
  0.120522045  0.0178447664
  80.  50.
  2504936.
  2877.  623.
  0.114853233  0.0248708948
  80.  60.
  2504936.
  1158.  345.
  0.0462287255  0.0137728071
  80.  70.
  2504936.
  859.  254.
  0.0342922918  0.0101399794
  80.  80.
  2504936.
  705.  235.
  0.0281444322  0.00938147679
  80.  90.
  2504936.
  468.  173.
  0.0186831113  0.00690636411
  80.  100.
  2504936.
  242.  102.
  0.00966092572  0.00407196023
  90.  0.
  2504936.
  33497.  739.
  1.33723974  0.0295017511
  90.  10.
  2504936.
  12720.  797.
  0.50779742  0.0318171792
  90.  20.
  2504936.
  7859.  791.
  0.313740551  0.0315776542
  90.  30.
  2504936.
  5212.  764.
  0.20806919  0.0304997806
  90.  40.
  2504936.
  3712.  736.
  0.148187414  0.0293819886
  90.  50.
  2504936.
  3847.  1056.
  0.153576776  0.0421567671
  90.  60.
  2504936.
  1658.  540.
  0.0661893189  0.0215574373
  90.  70.
  2504936.
  1250.  376.
  0.0499014743  0.0150103634
  90.  80.
  2504936.
  999.  371.
  0.0398812592  0.0148107577
  90.  90.
  2504936.
  527.  250.
  0.0210384615  0.00998029485
  90.  100.
  2504936.
  224.  132.
  0.00894234423  0.00526959589
  100.  0.
  2504936.
  93676.  2836.
  3.73965645  0.113216467
  100.  10.
  2504936.
  39768.  3184.
  1.58758545  0.127109036
  100.  20.
  2504936.
  26220.  3863.
  1.04673338  0.154215515
  100.  30.
  2504936.
  19450.  4255.
  0.776466966  0.169864625
  100.  40.
  2504936.
  14046.  4251.
  0.560732901  0.169704929
  100.  50.
  2504936.
  14220.  5818.
  0.567679167  0.232261419
  100.  60.
  2504936.
  6200.  3487.
  0.247511312  0.139205158
  100.  70.
  2504936.
  3985.  2900.
  0.1590859  0.11577142
  100.  80.
  2504936.
  2694.  2382.
  0.107547656  0.0950922519
  100.  90.
  2504936.
  1364.  1404.
  0.0544524901  0.0560493357
  100.  100.
  2504936.
  587.  571.
  0.0234337319  0.0227949936
