  0.  0.
  2550758.
  1173632.  3629.
  46.0111084  0.142271429
  0.  10.
  2550758.
  103332.  842.
  4.05103111  0.0330097973
  0.  20.
  2550758.
  45411.  434.
  1.7802943  0.01701455
  0.  30.
  2550758.
  41720.  446.
  1.63559222  0.0174849983
  0.  40.
  2550758.
  29976.  357.
  1.17518008  0.0139958393
  0.  50.
  2550758.
  29229.  421.
  1.14589465  0.0165048987
  0.  60.
  2550758.
  20837.  339.
  0.816894412  0.0132901669
  0.  70.
  2550758.
  16075.  247.
  0.630204797  0.00968339574
  0.  80.
  2550758.
  18405.  285.
  0.721550226  0.0111731496
  0.  90.
  2550758.
  18736.  281.
  0.734526753  0.0110163335
  0.  100.
  2550758.
  22679.  256.
  0.889108241  0.0100362319
  10.  0.
  2550758.
  78620.  1460.
  3.08222103  0.0572378859
  10.  10.
  2550758.
  18086.  551.
  0.709044158  0.0216014218
  10.  20.
  2550758.
  6940.  286.
  0.272075981  0.0112123536
  10.  30.
  2550758.
  6109.  283.
  0.239497438  0.0110947415
  10.  40.
  2550758.
  4223.  252.
  0.165558636  0.00987941585
  10.  50.
  2550758.
  3883.  247.
  0.152229264  0.00968339574
  10.  60.
  2550758.
  2980.  205.
  0.116828017  0.00803682674
  10.  70.
  2550758.
  1973.  209.
  0.0773495585  0.00819364283
  10.  80.
  2550758.
  2210.  227.
  0.0866409093  0.00889931526
  10.  90.
  2550758.
  2422.  210.
  0.0949521661  0.00823284686
  10.  100.
  2550758.
  2636.  175.
  0.103341833  0.00686070556
  20.  0.
  2550758.
  38994.  1129.
  1.52872205  0.0442613512
  20.  10.
  2550758.
  9450.  477.
  0.370478123  0.018700324
  20.  20.
  2550758.
  4326.  315.
  0.169596642  0.0123492703
  20.  30.
  2550758.
  3175.  269.
  0.124472804  0.0105458852
  20.  40.
  2550758.
  2233.  220.
  0.0875426084  0.00862488709
  20.  50.
  2550758.
  2152.  233.
  0.0843670815  0.0091345394
  20.  60.
  2550758.
  1400.  176.
  0.0548856445  0.00689990958
  20.  70.
  2550758.
  926.  141.
  0.0363029353  0.00552776875
  20.  80.
  2550758.
  978.  142.
  0.0383415446  0.00556697277
  20.  90.
  2550758.
  893.  141.
  0.0350092016  0.00552776875
  20.  100.
  2550758.
  1006.  112.
  0.0394392572  0.00439085159
  30.  0.
  2550758.
  38798.  1325.
  1.52103806  0.0519453436
  30.  10.
  2550758.
  11432.  688.
  0.448180497  0.0269723739
  30.  20.
  2550758.
  4627.  441.
  0.181397066  0.0172889791
  30.  30.
  2550758.
  3928.  390.
  0.153993443  0.015289573
  30.  40.
  2550758.
  2554.  305.
  0.100127101  0.01195723
  30.  50.
  2550758.
  1994.  299.
  0.0781728402  0.0117220059
  30.  60.
  2550758.
  1586.  212.
  0.0621775948  0.0083112549
  30.  70.
  2550758.
  999.  181.
  0.03916483  0.0070959297
  30.  80.
  2550758.
  1062.  205.
  0.0416346826  0.00803682674
  30.  90.
  2550758.
  1005.  197.
  0.0394000523  0.00772319455
  30.  100.
  2550758.
  890.  166.
  0.0348915905  0.00650786934
  40.  0.
  2550758.
  31662.  1283.
  1.24127805  0.0502987728
  40.  10.
  2550758.
  9998.  852.
  0.391961932  0.0334018357
  40.  20.
  2550758.
  4484.  565.
  0.175790876  0.0221502781
  40.  30.
  2550758.
  3563.  532.
  0.139683962  0.0208565462
  40.  40.
  2550758.
  2331.  397.
  0.0913845971  0.0155640012
  40.  50.
  2550758.
  1778.  347.
  0.069704771  0.013603799
  40.  60.
  2550758.
  1384.  284.
  0.0542583801  0.0111339455
  40.  70.
  2550758.
  904.  221.
  0.0354404449  0.00866409112
  40.  80.
  2550758.
  996.  239.
  0.0390472151  0.00936976355
  40.  90.
  2550758.
  833.  199.
  0.0326569602  0.00780160259
  40.  100.
  2550758.
  763.  185.
  0.0299126767  0.00725274626
  50.  0.
  2550758.
  33950.  1845.
  1.33097696  0.0723314434
  50.  10.
  2550758.
  10251.  1416.
  0.401880533  0.0555129088
  50.  20.
  2550758.
  5397.  957.
  0.211584166  0.0375182591
  50.  30.
  2550758.
  3932.  813.
  0.154150262  0.0318728797
  50.  40.
  2550758.
  2703.  634.
  0.105968498  0.0248553567
  50.  50.
  2550758.
  2364.  589.
  0.0926783308  0.0230911747
  50.  60.
  2550758.
  1362.  381.
  0.0533958934  0.0149367368
  50.  70.
  2550758.
  962.  286.
  0.0377142802  0.0112123536
  50.  80.
  2550758.
  904.  317.
  0.0354404449  0.0124276783
  50.  90.
  2550758.
  837.  283.
  0.0328137763  0.0110947415
  50.  100.
  2550758.
  620.  231.
  0.0243065003  0.00905613136
  60.  0.
  2550758.
  26969.  1596.
  1.05729353  0.0625696331
  60.  10.
  2550758.
  9212.  1328.
  0.361147553  0.0520629548
  60.  20.
  2550758.
  4676.  930.
  0.183318064  0.0364597514
  60.  30.
  2550758.
  4024.  902.
  0.157757029  0.0353620388
  60.  40.
  2550758.
  2537.  736.
  0.0994606316  0.028854169
  60.  50.
  2550758.
  1918.  679.
  0.0751933381  0.0266195387
  60.  60.
  2550758.
  1316.  451.
  0.0515925065  0.0176810194
  60.  70.
  2550758.
  781.  316.
  0.0306183491  0.0123884743
  60.  80.
  2550758.
  857.  378.
  0.0335978568  0.0148191247
  60.  90.
  2550758.
  833.  346.
  0.0326569602  0.013564595
  60.  100.
  2550758.
  493.  273.
  0.0193275884  0.0107027013
  70.  0.
  2550758.
  23961.  1639.
  0.939367831  0.0642554089
  70.  10.
  2550758.
  7850.  1245.
  0.307751656  0.0488090217
  70.  20.
  2550758.
  4220.  1083.
  0.165441021  0.042457968
  70.  30.
  2550758.
  3548.  1058.
  0.139095902  0.0414778665
  70.  40.
  2550758.
  2592.  907.
  0.101616852  0.0355580561
  70.  50.
  2550758.
  2051.  863.
  0.0804074705  0.033833079
  70.  60.
  2550758.
  1177.  546.
  0.0461431481  0.0214054026
  70.  70.
  2550758.
  736.  373.
  0.028854169  0.0146231046
  70.  80.
  2550758.
  702.  366.
  0.0275212303  0.0143486755
  70.  90.
  2550758.
  539.  293.
  0.0211309735  0.0114867818
  70.  100.
  2550758.
  386.  183.
  0.0151327569  0.00717433775
  80.  0.
  2550758.
  28299.  1759.
  1.10943496  0.0689598918
  80.  10.
  2550758.
  10874.  1736.
  0.426304638  0.0680582002
  80.  20.
  2550758.
  5527.  1379.
  0.216680691  0.0540623628
  80.  30.
  2550758.
  5037.  1585.
  0.19747071  0.0621383935
  80.  40.
  2550758.
  3598.  1426.
  0.141056105  0.0559049509
  80.  50.
  2550758.
  2684.  1354.
  0.105223626  0.0530822612
  80.  60.
  2550758.
  1803.  871.
  0.0706848726  0.0341467112
  80.  70.
  2550758.
  1150.  553.
  0.0450846367  0.0216798298
  80.  80.
  2550758.
  1070.  556.
  0.0419483148  0.0217974428
  80.  90.
  2550758.
  767.  543.
  0.0300694928  0.0212877896
  80.  100.
  2550758.
  412.  248.
  0.0161520615  0.00972259976
  90.  0.
  2550758.
  35115.  2090.
  1.37664962  0.0819364265
  90.  10.
  2550758.
  15188.  2513.
  0.595430851  0.098519735
  90.  20.
  2550758.
  8231.  2264.
  0.322688401  0.0887579322
  90.  30.
  2550758.
  7820.  2619.
  0.306575537  0.102675363
  90.  40.
  2550758.
  5640.  2439.
  0.221110746  0.0956186354
  90.  50.
  2550758.
  4395.  2508.
  0.172301725  0.0983237103
  90.  60.
  2550758.
  2852.  1689.
  0.111809902  0.066215612
  90.  70.
  2550758.
  1610.  952.
  0.063118495  0.0373222381
  90.  80.
  2550758.
  1458.  903.
  0.0571594797  0.03540124
  90.  90.
  2550758.
  902.  703.
  0.0353620388  0.0275604352
  90.  100.
  2550758.
  353.  287.
  0.0138390232  0.0112515576
  100.  0.
  2550758.
  115879.  9018.
  4.54292393  0.35354197
  100.  10.
  2550758.
  48313.  9171.
  1.89406443  0.359540194
  100.  20.
  2550758.
  24996.  7940.
  0.979943991  0.311280012
  100.  30.
  2550758.
  21841.  9197.
  0.856255293  0.360559493
  100.  40.
  2550758.
  15016.  8317.
  0.588687778  0.326059937
  100.  50.
  2550758.
  11238.  8337.
  0.440574914  0.326844007
  100.  60.
  2550758.
  6878.  4946.
  0.269645333  0.193903148
  100.  70.
  2550758.
  3526.  3081.
  0.138233423  0.120787628
  100.  80.
  2550758.
  3310.  2474.
  0.129765347  0.096990779
  100.  90.
  2550758.
  1969.  1528.
  0.0771927387  0.0599037632
  100.  100.
  2550758.
  676.  714.
  0.0265019257  0.0279916786
