  0.  0.
  2466751.
  1119102.  3908.
  45.3674507  0.158427015
  0.  10.
  2466751.
  114165.  995.
  4.62815237  0.0403364599
  0.  20.
  2466751.
  64025.  654.
  2.5955193  0.0265126079
  0.  30.
  2466751.
  45228.  531.
  1.83350492  0.021526292
  0.  40.
  2466751.
  35039.  439.
  1.4204514  0.0177966896
  0.  50.
  2466751.
  40102.  493.
  1.62570119  0.0199858025
  0.  60.
  2466751.
  20913.  263.
  0.847795367  0.0106617976
  0.  70.
  2466751.
  17945.  282.
  0.727475107  0.0114320414
  0.  80.
  2466751.
  16127.  231.
  0.653774917  0.00936454441
  0.  90.
  2466751.
  14400.  171.
  0.583763838  0.00693219528
  0.  100.
  2466751.
  12027.  135.
  0.487564415  0.00547278579
  10.  0.
  2466751.
  75950.  1852.
  3.07894874  0.0750785172
  10.  10.
  2466751.
  18592.  681.
  0.753703952  0.0276071634
  10.  20.
  2466751.
  9501.  437.
  0.385162503  0.0177156106
  10.  30.
  2466751.
  6280.  376.
  0.254585892  0.0152427219
  10.  40.
  2466751.
  4738.  346.
  0.192074507  0.0140265478
  10.  50.
  2466751.
  5433.  338.
  0.220249221  0.0137022343
  10.  60.
  2466751.
  2911.  206.
  0.118009478  0.00835106615
  10.  70.
  2466751.
  2507.  195.
  0.101631664  0.00790513493
  10.  80.
  2466751.
  2090.  147.
  0.0847268328  0.00595925562
  10.  90.
  2466751.
  1646.  144.
  0.066727452  0.0058376384
  10.  100.
  2466751.
  1282.  95.
  0.0519711971  0.00385121978
  20.  0.
  2466751.
  47624.  1566.
  1.93063664  0.0634843186
  20.  10.
  2466751.
  13910.  770.
  0.563899636  0.0312151499
  20.  20.
  2466751.
  7170.  564.
  0.290665746  0.0228640828
  20.  30.
  2466751.
  4422.  356.
  0.179264143  0.0144319395
  20.  40.
  2466751.
  3164.  302.
  0.128265887  0.0122428248
  20.  50.
  2466751.
  3648.  361.
  0.147886842  0.0146346344
  20.  60.
  2466751.
  1744.  203.
  0.0707002878  0.00822944846
  20.  70.
  2466751.
  1562.  161.
  0.0633221567  0.00652680406
  20.  80.
  2466751.
  1125.  134.
  0.0456065498  0.00543224672
  20.  90.
  2466751.
  818.  99.
  0.0331610292  0.00401337631
  20.  100.
  2466751.
  714.  108.
  0.0289449561  0.00437822891
  30.  0.
  2466751.
  36083.  1546.
  1.46277428  0.0626735315
  30.  10.
  2466751.
  12492.  997.
  0.506415129  0.0404175371
  30.  20.
  2466751.
  6642.  697.
  0.269261062  0.0282557905
  30.  30.
  2466751.
  4081.  446.
  0.165440291  0.0180804636
  30.  40.
  2466751.
  2823.  360.
  0.114442036  0.0145940958
  30.  50.
  2466751.
  3010.  447.
  0.122022852  0.0181210022
  30.  60.
  2466751.
  1383.  248.
  0.0560656525  0.0100537101
  30.  70.
  2466751.
  1086.  179.
  0.0440255217  0.0072565088
  30.  80.
  2466751.
  872.  131.
  0.0353501439  0.00531062903
  30.  90.
  2466751.
  583.  102.
  0.0236343276  0.00413499353
  30.  100.
  2466751.
  474.  89.
  0.0192155596  0.00360798487
  40.  0.
  2466751.
  29990.  1646.
  1.21576929  0.066727452
  40.  10.
  2466751.
  11542.  1174.
  0.467902929  0.0475929677
  40.  20.
  2466751.
  6375.  734.
  0.258437097  0.0297557395
  40.  30.
  2466751.
  3990.  563.
  0.161751226  0.0228235442
  40.  40.
  2466751.
  2580.  465.
  0.104591019  0.0188507065
  40.  50.
  2466751.
  2742.  496.
  0.111158364  0.0201074202
  40.  60.
  2466751.
  1158.  235.
  0.0469443426  0.00952670164
  40.  70.
  2466751.
  917.  188.
  0.0371744037  0.00762136094
  40.  80.
  2466751.
  764.  148.
  0.0309719145  0.0059997947
  40.  90.
  2466751.
  603.  125.
  0.0244451109  0.00506739412
  40.  100.
  2466751.
  355.  78.
  0.0143913999  0.00316205411
  50.  0.
  2466751.
  39968.  2577.
  1.62026894  0.104469404
  50.  10.
  2466751.
  16103.  2062.
  0.652801991  0.0835917369
  50.  20.
  2466751.
  9262.  1512.
  0.375473648  0.0612952001
  50.  30.
  2466751.
  5790.  1194.
  0.234721705  0.0484037511
  50.  40.
  2466751.
  3964.  911.
  0.160697207  0.0369311683
  50.  50.
  2466751.
  3943.  970.
  0.159845889  0.0393229797
  50.  60.
  2466751.
  1621.  498.
  0.0657139719  0.0201884992
  50.  70.
  2466751.
  1258.  391.
  0.0509982556  0.0158508103
  50.  80.
  2466751.
  933.  277.
  0.0378230326  0.0112293456
  50.  90.
  2466751.
  649.  166.
  0.0263099112  0.00672949944
  50.  100.
  2466751.
  370.  117.
  0.0149994874  0.00474308105
  60.  0.
  2466751.
  23224.  1657.
  0.941481352  0.0671733767
  60.  10.
  2466751.
  9514.  1578.
  0.385689527  0.0639707893
  60.  20.
  2466751.
  5735.  1316.
  0.232492045  0.0533495285
  60.  30.
  2466751.
  3637.  1015.
  0.14744091  0.0411472432
  60.  40.
  2466751.
  2634.  862.
  0.106780134  0.0349447504
  60.  50.
  2466751.
  2508.  854.
  0.101672202  0.0346204378
  60.  60.
  2466751.
  1114.  466.
  0.0451606177  0.0188912451
  60.  70.
  2466751.
  770.  312.
  0.0312151499  0.0126482164
  60.  80.
  2466751.
  478.  205.
  0.0193777159  0.00831052661
  60.  90.
  2466751.
  347.  109.
  0.0140670864  0.00441876799
  60.  100.
  2466751.
  230.  76.
  0.0093240058  0.00308097573
  70.  0.
  2466751.
  22295.  1716.
  0.903820455  0.0695651919
  70.  10.
  2466751.
  9564.  1745.
  0.387716472  0.0707408264
  70.  20.
  2466751.
  6027.  1653.
  0.244329482  0.0670112222
  70.  30.
  2466751.
  4097.  1443.
  0.166088909  0.0584979989
  70.  40.
  2466751.
  2810.  1232.
  0.113915026  0.0499442369
  70.  50.
  2466751.
  2762.  1202.
  0.111969143  0.0487280637
  70.  60.
  2466751.
  1173.  522.
  0.0475524291  0.0211614389
  70.  70.
  2466751.
  806.  394.
  0.0326745585  0.0159724262
  70.  80.
  2466751.
  521.  264.
  0.0211209003  0.0107023371
  70.  90.
  2466751.
  301.  124.
  0.0122022852  0.00502685504
  70.  100.
  2466751.
  210.  69.
  0.00851322245  0.00279720174
  80.  0.
  2466751.
  22799.  1773.
  0.924252212  0.0718759224
  80.  10.
  2466751.
  10578.  2019.
  0.428823173  0.0818485543
  80.  20.
  2466751.
  6994.  2065.
  0.283530861  0.0837133527
  80.  30.
  2466751.
  4647.  1829.
  0.188385457  0.0741461143
  80.  40.
  2466751.
  3190.  1461.
  0.129319906  0.059227705
  80.  50.
  2466751.
  3106.  1759.
  0.125914618  0.0713083744
  80.  60.
  2466751.
  1287.  780.
  0.0521738902  0.0316205397
  80.  70.
  2466751.
  852.  493.
  0.0345393606  0.0199858025
  80.  80.
  2466751.
  539.  285.
  0.0218506046  0.0115536591
  80.  90.
  2466751.
  317.  141.
  0.0128509123  0.00571602071
  80.  100.
  2466751.
  149.  84.
  0.00604033424  0.00340528903
  90.  0.
  2466751.
  28260.  2126.
  1.14563656  0.0861862451
  90.  10.
  2466751.
  13109.  2722.
  0.531427801  0.110347576
  90.  20.
  2466751.
  8954.  2735.
  0.362987578  0.110874586
  90.  30.
  2466751.
  6523.  2587.
  0.264436901  0.10487479
  90.  40.
  2466751.
  4625.  2294.
  0.187493593  0.0929968208
  90.  50.
  2466751.
  4455.  2848.
  0.18060194  0.115455516
  90.  60.
  2466751.
  1848.  1208.
  0.0749163553  0.0489712991
  90.  70.
  2466751.
  1062.  695.
  0.0430525839  0.0281747133
  90.  80.
  2466751.
  579.  436.
  0.0234721713  0.017675072
  90.  90.
  2466751.
  305.  179.
  0.0123644425  0.0072565088
  90.  100.
  2466751.
  126.  97.
  0.00510793366  0.00393229816
  100.  0.
  2466751.
  71157.  6908.
  2.88464451  0.280044466
  100.  10.
  2466751.
  34057.  7647.
  1.38064194  0.310002923
  100.  20.
  2466751.
  23544.  8206.
  0.954453826  0.332664311
  100.  30.
  2466751.
  16113.  7709.
  0.653207421  0.312516332
  100.  40.
  2466751.
  10899.  6702.
  0.441836238  0.271693408
  100.  50.
  2466751.
  9352.  7313.
  0.379122168  0.296462834
  100.  60.
  2466751.
  3220.  3076.
  0.130536079  0.124698438
  100.  70.
  2466751.
  1831.  1841.
  0.0742271915  0.074632585
  100.  80.
  2466751.
  962.  916.
  0.0389986672  0.0371338651
  100.  90.
  2466751.
  464.  384.
  0.0188101679  0.0155670354
  100.  100.
  2466751.
  210.  127.
  0.00851322245  0.00514847273
