  0.  0.
  16777216.
  16777216.  1599.
  100.  0.0095307827
  0.  10.
  16777216.
  496655.  253.
  2.96029449  0.00150799751
  0.  20.
  16777216.
  243156.  156.
  1.4493227  0.000929832458
  0.  30.
  16777216.
  157579.  127.
  0.939244032  0.000756978989
  0.  40.
  16777216.
  120666.  157.
  0.719225407  0.000935792923
  0.  50.
  16777216.
  139809.  162.
  0.833326578  0.000965595245
  0.  60.
  16777216.
  66099.  76.
  0.393980742  0.0004529953
  0.  70.
  16777216.
  55095.  66.
  0.32839179  0.000393390656
  0.  80.
  16777216.
  48143.  61.
  0.286954641  0.000363588333
  0.  90.
  16777216.
  44096.  41.
  0.262832642  0.000244379044
  0.  100.
  16777216.
  50313.  26.
  0.299888849  0.000154972076
  10.  0.
  16777216.
  877440.  1331.
  5.22994995  0.00793337822
  10.  10.
  16777216.
  58264.  269.
  0.347280502  0.00160336494
  10.  20.
  16777216.
  26238.  164.
  0.156390667  0.000977516174
  10.  30.
  16777216.
  16240.  170.
  0.0967979431  0.00101327896
  10.  40.
  16777216.
  11441.  138.
  0.0681936741  0.000822544098
  10.  50.
  16777216.
  11646.  193.
  0.0694155693  0.00115036964
  10.  60.
  16777216.
  5634.  110.
  0.0335812569  0.000655651093
  10.  70.
  16777216.
  4301.  72.
  0.0256359577  0.000429153442
  10.  80.
  16777216.
  3462.  73.
  0.020635128  0.000435113907
  10.  90.
  16777216.
  2497.  56.
  0.0148832798  0.000333786011
  10.  100.
  16777216.
  1738.  47.
  0.0103592873  0.00028014183
  20.  0.
  16777216.
  581233.  1379.
  3.46441865  0.00821948051
  20.  10.
  16777216.
  44647.  387.
  0.266116858  0.00230669975
  20.  20.
  16777216.
  20211.  204.
  0.120466948  0.00121593475
  20.  30.
  16777216.
  12145.  160.
  0.0723898411  0.000953674316
  20.  40.
  16777216.
  8572.  157.
  0.0510931015  0.000935792923
  20.  50.
  16777216.
  8724.  184.
  0.0519990921  0.00109672546
  20.  60.
  16777216.
  3972.  113.
  0.0236749649  0.000673532486
  20.  70.
  16777216.
  2920.  111.
  0.0174045563  0.000661611557
  20.  80.
  16777216.
  2178.  84.
  0.0129818916  0.000500679016
  20.  90.
  16777216.
  1520.  64.
  0.00905990601  0.000381469727
  20.  100.
  16777216.
  1038.  61.
  0.00618696213  0.000363588333
  30.  0.
  16777216.
  462893.  1574.
  2.75905728  0.00938177109
  30.  10.
  16777216.
  39886.  436.
  0.237739086  0.00259876251
  30.  20.
  16777216.
  18383.  293.
  0.109571218  0.00174641609
  30.  30.
  16777216.
  11390.  213.
  0.0678896904  0.00126957893
  30.  40.
  16777216.
  7580.  182.
  0.0451803207  0.00108480453
  30.  50.
  16777216.
  7534.  184.
  0.0449061394  0.00109672546
  30.  60.
  16777216.
  3260.  104.
  0.0194311142  0.000619888306
  30.  70.
  16777216.
  2289.  102.
  0.0136435032  0.000607967377
  30.  80.
  16777216.
  1668.  89.
  0.00994205475  0.000530481339
  30.  90.
  16777216.
  1139.  67.
  0.00678896904  0.00039935112
  30.  100.
  16777216.
  608.  47.
  0.0036239624  0.00028014183
  40.  0.
  16777216.
  436444.  1848.
  2.60140896  0.0110149384
  40.  10.
  16777216.
  40448.  626.
  0.241088867  0.00373125076
  40.  20.
  16777216.
  18662.  373.
  0.111234188  0.00222325325
  40.  30.
  16777216.
  11016.  229.
  0.0656604767  0.00136494637
  40.  40.
  16777216.
  7616.  196.
  0.0453948975  0.00116825104
  40.  50.
  16777216.
  7439.  211.
  0.0443398952  0.001257658
  40.  60.
  16777216.
  3197.  116.
  0.0190556049  0.000691413879
  40.  70.
  16777216.
  2139.  119.
  0.0127494335  0.000709295273
  40.  80.
  16777216.
  1396.  77.
  0.00832080841  0.000458955765
  40.  90.
  16777216.
  873.  73.
  0.00520348549  0.000435113907
  40.  100.
  16777216.
  514.  56.
  0.00306367874  0.000333786011
  50.  0.
  16777216.
  684683.  3725.
  4.08102894  0.0222027302
  50.  10.
  16777216.
  64846.  1266.
  0.38651228  0.00754594803
  50.  20.
  16777216.
  31251.  780.
  0.186270475  0.00464916229
  50.  30.
  16777216.
  18531.  619.
  0.110453367  0.00368952751
  50.  40.
  16777216.
  12397.  472.
  0.0738918781  0.00281333923
  50.  50.
  16777216.
  12159.  484.
  0.0724732876  0.00288486481
  50.  60.
  16777216.
  4806.  264.
  0.0286459923  0.00157356262
  50.  70.
  16777216.
  3099.  197.
  0.0184714794  0.0011742115
  50.  80.
  16777216.
  1930.  150.
  0.0115036964  0.000894069672
  50.  90.
  16777216.
  1194.  103.
  0.00711679459  0.000613927841
  50.  100.
  16777216.
  652.  86.
  0.00388622284  0.000512599945
  60.  0.
  16777216.
  401571.  2831.
  2.39354968  0.0168740749
  60.  10.
  16777216.
  45054.  1114.
  0.268542767  0.00663995743
  60.  20.
  16777216.
  22408.  673.
  0.133562088  0.00401139259
  60.  30.
  16777216.
  13595.  553.
  0.0810325146  0.00329613686
  60.  40.
  16777216.
  9265.  412.
  0.0552237034  0.00245571136
  60.  50.
  16777216.
  8696.  484.
  0.0518321991  0.00288486481
  60.  60.
  16777216.
  3450.  245.
  0.0205636024  0.0014603138
  60.  70.
  16777216.
  2185.  192.
  0.0130236149  0.00114440918
  60.  80.
  16777216.
  1406.  134.
  0.00838041306  0.00079870224
  60.  90.
  16777216.
  861.  106.
  0.00513195992  0.000631809235
  60.  100.
  16777216.
  328.  84.
  0.00195503235  0.000500679016
  70.  0.
  16777216.
  394172.  3290.
  2.3494482  0.0196099281
  70.  10.
  16777216.
  51793.  1565.
  0.308710337  0.00932812691
  70.  20.
  16777216.
  26136.  1031.
  0.1557827  0.00614523888
  70.  30.
  16777216.
  16352.  804.
  0.0974655151  0.00479221344
  70.  40.
  16777216.
  11136.  548.
  0.0663757324  0.00326633453
  70.  50.
  16777216.
  10970.  690.
  0.0653862953  0.00411272049
  70.  60.
  16777216.
  4311.  295.
  0.0256955624  0.00175833702
  70.  70.
  16777216.
  2590.  254.
  0.015437603  0.00151395798
  70.  80.
  16777216.
  1633.  165.
  0.00973343849  0.000983476639
  70.  90.
  16777216.
  846.  93.
  0.00504255295  0.000554323196
  70.  100.
  16777216.
  276.  57.
  0.0016450882  0.000339746475
  80.  0.
  16777216.
  426176.  4336.
  2.54020691  0.025844574
  80.  10.
  16777216.
  64724.  2424.
  0.385785103  0.0144481659
  80.  20.
  16777216.
  34329.  1710.
  0.204616785  0.0101923943
  80.  30.
  16777216.
  21489.  1369.
  0.128084421  0.00815987587
  80.  40.
  16777216.
  14971.  1029.
  0.0892341137  0.00613331795
  80.  50.
  16777216.
  14053.  1067.
  0.0837624073  0.0063598156
  80.  60.
  16777216.
  5368.  478.
  0.0319957733  0.00284910202
  80.  70.
  16777216.
  3279.  326.
  0.019544363  0.00194311142
  80.  80.
  16777216.
  1955.  240.
  0.0116527081  0.00143051147
  80.  90.
  16777216.
  1004.  102.
  0.00598430634  0.000607967377
  80.  100.
  16777216.
  327.  52.
  0.00194907188  0.000309944153
  90.  0.
  16777216.
  518660.  6587.
  3.09145451  0.0392615795
  90.  10.
  16777216.
  94610.  4588.
  0.563919544  0.027346611
  90.  20.
  16777216.
  51703.  3547.
  0.308173895  0.0211417675
  90.  30.
  16777216.
  33049.  2798.
  0.196987391  0.0166773796
  90.  40.
  16777216.
  21696.  2063.
  0.129318237  0.0122964382
  90.  50.
  16777216.
  19224.  2143.
  0.114583969  0.0127732754
  90.  60.
  16777216.
  6971.  839.
  0.0415503979  0.0050008297
  90.  70.
  16777216.
  3917.  510.
  0.0233471394  0.00303983688
  90.  80.
  16777216.
  2274.  282.
  0.0135540962  0.00168085098
  90.  90.
  16777216.
  1130.  175.
  0.00673532486  0.00104308128
  90.  100.
  16777216.
  379.  63.
  0.00225901604  0.000375509262
  100.  0.
  16777216.
  1179352.  16611.
  7.0294857  0.0990092754
  100.  10.
  16777216.
  186811.  11264.
  1.11348033  0.0671386719
  100.  20.
  16777216.
  92736.  8255.
  0.552749634  0.0492036343
  100.  30.
  16777216.
  52036.  5966.
  0.31015873  0.0355601311
  100.  40.
  16777216.
  30264.  4267.
  0.180387497  0.0254333019
  100.  50.
  16777216.
  23297.  3910.
  0.138860941  0.0233054161
  100.  60.
  16777216.
  7633.  1370.
  0.0454962254  0.00816583633
  100.  70.
  16777216.
  4422.  826.
  0.0263571739  0.00492334366
  100.  80.
  16777216.
  2596.  519.
  0.0154733658  0.00309348106
  100.  90.
  16777216.
  1423.  271.
  0.00848174095  0.00161528587
  100.  100.
  16777216.
  512.  122.
  0.00305175781  0.000727176666
