  0.  0.
  1147178.
  295594.  2006.
  25.7670555  0.17486389
  0.  10.
  1147178.
  24416.  561.
  2.12835312  0.0489026122
  0.  20.
  1147178.
  12689.  340.
  1.10610557  0.0296379458
  0.  30.
  1147178.
  7906.  229.
  0.689169407  0.0199620277
  0.  40.
  1147178.
  5704.  189.
  0.497220129  0.0164752118
  0.  50.
  1147178.
  5516.  231.
  0.4808321  0.0201363694
  0.  60.
  1147178.
  2348.  122.
  0.204676166  0.010634793
  0.  70.
  1147178.
  1530.  86.
  0.133370757  0.00749665685
  0.  80.
  1147178.
  1061.  48.
  0.0924878269  0.00418418087
  0.  90.
  1147178.
  663.  21.
  0.0577939935  0.00183057901
  0.  100.
  1147178.
  377.  9.
  0.0328632519  0.000784533855
  10.  0.
  1147178.
  59250.  709.
  5.16484785  0.0618038364
  10.  10.
  1147178.
  6684.  256.
  0.582647145  0.0223156307
  10.  20.
  1147178.
  4123.  190.
  0.35940367  0.0165623818
  10.  30.
  1147178.
  2970.  175.
  0.258896172  0.0152548254
  10.  40.
  1147178.
  2287.  126.
  0.199358776  0.0109834746
  10.  50.
  1147178.
  2380.  174.
  0.207465619  0.0151676545
  10.  60.
  1147178.
  1137.  77.
  0.0991127789  0.00671212329
  10.  70.
  1147178.
  850.  68.
  0.0740948692  0.00592758926
  10.  80.
  1147178.
  613.  48.
  0.0534354746  0.00418418087
  10.  90.
  1147178.
  401.  30.
  0.0349553414  0.00261511281
  10.  100.
  1147178.
  227.  12.
  0.0197876878  0.00104604522
  20.  0.
  1147178.
  46853.  598.
  4.08419609  0.0521279164
  20.  10.
  1147178.
  4622.  163.
  0.402901739  0.0142087806
  20.  20.
  1147178.
  2793.  158.
  0.243467018  0.0137729282
  20.  30.
  1147178.
  2200.  113.
  0.191774949  0.00985025894
  20.  40.
  1147178.
  1799.  108.
  0.156819597  0.00941440649
  20.  50.
  1147178.
  2067.  140.
  0.18018128  0.0122038601
  20.  60.
  1147178.
  1062.  91.
  0.0925749987  0.0079325093
  20.  70.
  1147178.
  839.  61.
  0.0731359944  0.00531739648
  20.  80.
  1147178.
  559.  46.
  0.0487282723  0.00400983961
  20.  90.
  1147178.
  400.  36.
  0.0348681733  0.00313813542
  20.  100.
  1147178.
  232.  13.
  0.0202235393  0.00113321561
  30.  0.
  1147178.
  40259.  651.
  3.50939441  0.0567479506
  30.  10.
  1147178.
  3640.  161.
  0.317300379  0.0140344389
  30.  20.
  1147178.
  2331.  111.
  0.203194275  0.00967591815
  30.  30.
  1147178.
  1732.  85.
  0.150979191  0.00740948645
  30.  40.
  1147178.
  1509.  93.
  0.131540179  0.00810685009
  30.  50.
  1147178.
  1777.  152.
  0.154901862  0.0132499058
  30.  60.
  1147178.
  1046.  90.
  0.0911802724  0.00784533843
  30.  70.
  1147178.
  821.  87.
  0.0715669245  0.00758382725
  30.  80.
  1147178.
  614.  71.
  0.0535226427  0.00618910044
  30.  90.
  1147178.
  443.  43.
  0.0386165008  0.00374832842
  30.  100.
  1147178.
  290.  27.
  0.0252794251  0.00235360162
  40.  0.
  1147178.
  38877.  707.
  3.38892484  0.0616294928
  40.  10.
  1147178.
  3418.  133.
  0.297948539  0.0115936669
  40.  20.
  1147178.
  2049.  109.
  0.178612217  0.00950157735
  40.  30.
  1147178.
  1637.  97.
  0.14269799  0.00845553167
  40.  40.
  1147178.
  1399.  97.
  0.121951431  0.00845553167
  40.  50.
  1147178.
  1751.  151.
  0.152635425  0.0131627349
  40.  60.
  1147178.
  1032.  113.
  0.0899598822  0.00985025894
  40.  70.
  1147178.
  855.  108.
  0.0745307207  0.00941440649
  40.  80.
  1147178.
  659.  68.
  0.0574453138  0.00592758926
  40.  90.
  1147178.
  465.  51.
  0.0405342504  0.00444569206
  40.  100.
  1147178.
  298.  39.
  0.0259767883  0.00339964684
  50.  0.
  1147178.
  60815.  1543.
  5.30126953  0.134503976
  50.  10.
  1147178.
  4982.  279.
  0.434283078  0.0243205503
  50.  20.
  1147178.
  2982.  191.
  0.259942234  0.0166495517
  50.  30.
  1147178.
  2240.  148.
  0.195261762  0.0129012233
  50.  40.
  1147178.
  1769.  145.
  0.154204488  0.0126397125
  50.  50.
  1147178.
  2422.  223.
  0.211126789  0.0194390062
  50.  60.
  1147178.
  1404.  160.
  0.122387283  0.0139472689
  50.  70.
  1147178.
  1250.  157.
  0.108963035  0.0136857573
  50.  80.
  1147178.
  978.  120.
  0.0852526799  0.0104604512
  50.  90.
  1147178.
  775.  79.
  0.0675570816  0.00688646408
  50.  100.
  1147178.
  603.  68.
  0.0525637679  0.00592758926
  60.  0.
  1147178.
  41229.  1277.
  3.59394956  0.111316636
  60.  10.
  1147178.
  3352.  188.
  0.29219529  0.01638804
  60.  20.
  1147178.
  1947.  130.
  0.169720829  0.0113321561
  60.  30.
  1147178.
  1454.  117.
  0.126745805  0.0101989405
  60.  40.
  1147178.
  1243.  103.
  0.108352847  0.00897855405
  60.  50.
  1147178.
  1585.  167.
  0.138165131  0.0145574622
  60.  60.
  1147178.
  955.  93.
  0.0832477584  0.00810685009
  60.  70.
  1147178.
  858.  104.
  0.0747922286  0.00906572491
  60.  80.
  1147178.
  748.  108.
  0.0652034804  0.00941440649
  60.  90.
  1147178.
  710.  82.
  0.0618910044  0.00714797527
  60.  100.
  1147178.
  463.  66.
  0.0403599106  0.00575324846
  70.  0.
  1147178.
  48914.  1659.
  4.2638545  0.14461574
  70.  10.
  1147178.
  3707.  266.
  0.3231408  0.0231873337
  70.  20.
  1147178.
  2045.  150.
  0.17826353  0.013075565
  70.  30.
  1147178.
  1547.  141.
  0.134852663  0.012291031
  70.  40.
  1147178.
  1341.  113.
  0.116895549  0.00985025894
  70.  50.
  1147178.
  1759.  151.
  0.153332785  0.0131627349
  70.  60.
  1147178.
  1023.  100.
  0.089175351  0.00871704333
  70.  70.
  1147178.
  956.  105.
  0.0833349302  0.00915289484
  70.  80.
  1147178.
  842.  123.
  0.0733975023  0.0107219629
  70.  90.
  1147178.
  818.  125.
  0.0713054091  0.0108963037
  70.  100.
  1147178.
  632.  109.
  0.0550917126  0.00950157735
  80.  0.
  1147178.
  61942.  2275.
  5.39951086  0.19831273
  80.  10.
  1147178.
  4142.  296.
  0.361059934  0.0258024465
  80.  20.
  1147178.
  2275.  204.
  0.19831273  0.0177827682
  80.  30.
  1147178.
  1642.  159.
  0.143133849  0.0138600981
  80.  40.
  1147178.
  1398.  145.
  0.121864259  0.0126397125
  80.  50.
  1147178.
  1806.  188.
  0.157429799  0.01638804
  80.  60.
  1147178.
  1084.  122.
  0.0944927484  0.010634793
  80.  70.
  1147178.
  989.  121.
  0.0862115547  0.0105476221
  80.  80.
  1147178.
  957.  120.
  0.083422102  0.0104604512
  80.  90.
  1147178.
  941.  128.
  0.0820273757  0.0111578153
  80.  100.
  1147178.
  897.  163.
  0.0781918764  0.0142087806
  90.  0.
  1147178.
  84037.  2844.
  7.3255415  0.247912705
  90.  10.
  1147178.
  4420.  372.
  0.385293305  0.0324274004
  90.  20.
  1147178.
  2376.  226.
  0.207116947  0.0197005179
  90.  30.
  1147178.
  1848.  199.
  0.161090955  0.0173469149
  90.  40.
  1147178.
  1374.  158.
  0.119772173  0.0137729282
  90.  50.
  1147178.
  1797.  240.
  0.156645268  0.0209209025
  90.  60.
  1147178.
  1087.  134.
  0.0947542563  0.0116808377
  90.  70.
  1147178.
  1055.  121.
  0.0919648036  0.0105476221
  90.  80.
  1147178.
  956.  103.
  0.0833349302  0.00897855405
  90.  90.
  1147178.
  938.  130.
  0.0817658603  0.0113321561
  90.  100.
  1147178.
  1291.  256.
  0.112537026  0.0223156307
  100.  0.
  1147178.
  105846.  4238.
  9.22664165  0.369428277
  100.  10.
  1147178.
  5254.  521.
  0.457993448  0.0454157926
  100.  20.
  1147178.
  2996.  305.
  0.261162609  0.0265869815
  100.  30.
  1147178.
  2175.  262.
  0.189595684  0.0228386521
  100.  40.
  1147178.
  1716.  199.
  0.149584457  0.0173469149
  100.  50.
  1147178.
  1952.  256.
  0.170156687  0.0223156307
  100.  60.
  1147178.
  1074.  152.
  0.0936210454  0.0132499058
  100.  70.
  1147178.
  1026.  156.
  0.0894368589  0.0135985874
  100.  80.
  1147178.
  974.  129.
  0.0849040002  0.0112449853
  100.  90.
  1147178.
  1108.  133.
  0.0965848342  0.0115936669
  100.  100.
  1147178.
  1937.  343.
  0.168849126  0.0298994575
