  0.  0.
  2474388.
  1212708.  3436.
  49.0104218  0.138862625
  0.  10.
  2474388.
  94384.  798.
  3.8144381  0.0322504006
  0.  20.
  2474388.
  52879.  465.
  2.13705373  0.0187925249
  0.  30.
  2474388.
  37888.  422.
  1.53120697  0.0170547217
  0.  40.
  2474388.
  30048.  367.
  1.21436083  0.01483195
  0.  50.
  2474388.
  37118.  458.
  1.5000881  0.0185096283
  0.  60.
  2474388.
  20280.  300.
  0.819596589  0.0121242097
  0.  70.
  2474388.
  18416.  253.
  0.744264841  0.0102247503
  0.  80.
  2474388.
  17535.  255.
  0.708660066  0.0103055788
  0.  90.
  2474388.
  17744.  260.
  0.71710664  0.0105076488
  0.  100.
  2474388.
  22456.  268.
  0.90753752  0.0108309612
  10.  0.
  2474388.
  68226.  1324.
  2.75728798  0.0535081811
  10.  10.
  2474388.
  13371.  469.
  0.540376067  0.018954182
  10.  20.
  2474388.
  6869.  306.
  0.277603984  0.0123666944
  10.  30.
  2474388.
  4639.  255.
  0.187480703  0.0103055788
  10.  40.
  2474388.
  3471.  205.
  0.140277117  0.00828487705
  10.  50.
  2474388.
  4366.  285.
  0.176447675  0.0115179997
  10.  60.
  2474388.
  2469.  174.
  0.0997822508  0.0070320419
  10.  70.
  2474388.
  2082.  220.
  0.0841420218  0.00889108703
  10.  80.
  2474388.
  2020.  182.
  0.0816363469  0.00735535426
  10.  90.
  2474388.
  1890.  161.
  0.0763825253  0.00650665956
  10.  100.
  2474388.
  2198.  176.
  0.0888300464  0.00711286999
  20.  0.
  2474388.
  41629.  1238.
  1.68239582  0.0500325747
  20.  10.
  2474388.
  9524.  455.
  0.384903252  0.018388385
  20.  20.
  2474388.
  5172.  347.
  0.209021389  0.01402367
  20.  30.
  2474388.
  3258.  262.
  0.131668925  0.0105884764
  20.  40.
  2474388.
  2383.  260.
  0.0963066444  0.0105076488
  20.  50.
  2474388.
  2906.  321.
  0.117443182  0.0129729044
  20.  60.
  2474388.
  1479.  218.
  0.0597723573  0.0088102594
  20.  70.
  2474388.
  1164.  177.
  0.047041934  0.0071532838
  20.  80.
  2474388.
  1055.  164.
  0.0426368043  0.00662790146
  20.  90.
  2474388.
  1089.  168.
  0.0440108813  0.00678955764
  20.  100.
  2474388.
  1128.  123.
  0.0455870293  0.00497092633
  30.  0.
  2474388.
  32372.  1278.
  1.30828309  0.0516491346
  30.  10.
  2474388.
  8532.  574.
  0.344812542  0.0231976546
  30.  20.
  2474388.
  4592.  432.
  0.185581237  0.0174588617
  30.  30.
  2474388.
  2861.  345.
  0.115624547  0.0139428414
  30.  40.
  2474388.
  2123.  279.
  0.0857989937  0.011275515
  30.  50.
  2474388.
  2374.  369.
  0.0959429145  0.0149127785
  30.  60.
  2474388.
  1307.  223.
  0.0528211407  0.00901232939
  30.  70.
  2474388.
  1059.  181.
  0.0427984633  0.00731493998
  30.  80.
  2474388.
  853.  178.
  0.0344731696  0.00719369808
  30.  90.
  2474388.
  828.  139.
  0.0334628187  0.00561755057
  30.  100.
  2474388.
  833.  150.
  0.0336648896  0.00606210483
  40.  0.
  2474388.
  26684.  1251.
  1.07840812  0.0505579561
  40.  10.
  2474388.
  7801.  771.
  0.315269887  0.0311592203
  40.  20.
  2474388.
  4387.  587.
  0.17729637  0.0237230379
  40.  30.
  2474388.
  2648.  460.
  0.107016362  0.0185904559
  40.  40.
  2474388.
  1962.  343.
  0.0792923346  0.0138620138
  40.  50.
  2474388.
  2019.  413.
  0.0815959349  0.0166909955
  40.  60.
  2474388.
  1077.  210.
  0.0435259156  0.00848694704
  40.  70.
  2474388.
  986.  199.
  0.0398482382  0.00804239232
  40.  80.
  2474388.
  839.  170.
  0.0339073725  0.00687038573
  40.  90.
  2474388.
  628.  159.
  0.0253800135  0.00642583147
  40.  100.
  2474388.
  676.  149.
  0.0273198877  0.00602169102
  50.  0.
  2474388.
  36272.  2039.
  1.4658978  0.0824042112
  50.  10.
  2474388.
  10745.  1536.
  0.434248805  0.0620759539
  50.  20.
  2474388.
  6353.  1119.
  0.256750345  0.0452233031
  50.  30.
  2474388.
  4176.  863.
  0.168769002  0.0348773114
  50.  40.
  2474388.
  2887.  707.
  0.116675317  0.0285727214
  50.  50.
  2474388.
  3038.  813.
  0.122777835  0.0328566097
  50.  60.
  2474388.
  1555.  450.
  0.0628438219  0.0181863159
  50.  70.
  2474388.
  1296.  362.
  0.0523765869  0.01462988
  50.  80.
  2474388.
  990.  379.
  0.0400098935  0.0153169185
  50.  90.
  2474388.
  840.  283.
  0.0339477882  0.0114371711
  50.  100.
  2474388.
  623.  236.
  0.0251779426  0.00953771174
  60.  0.
  2474388.
  21166.  1485.
  0.855403423  0.0600148402
  60.  10.
  2474388.
  6776.  1178.
  0.273845494  0.0476077311
  60.  20.
  2474388.
  4403.  954.
  0.177942991  0.0385549888
  60.  30.
  2474388.
  2928.  766.
  0.118332289  0.0309571493
  60.  40.
  2474388.
  1942.  635.
  0.0784840509  0.0256629121
  60.  50.
  2474388.
  2025.  764.
  0.0818384215  0.0308763217
  60.  60.
  2474388.
  940.  360.
  0.0379891917  0.0145490523
  60.  70.
  2474388.
  749.  312.
  0.0302701108  0.0126091782
  60.  80.
  2474388.
  692.  311.
  0.0279665105  0.0125687644
  60.  90.
  2474388.
  509.  232.
  0.0205707438  0.00937605556
  60.  100.
  2474388.
  361.  179.
  0.0145894662  0.00723411189
  70.  0.
  2474388.
  20377.  1620.
  0.823516786  0.0654707327
  70.  10.
  2474388.
  6758.  1260.
  0.273118049  0.0509216823
  70.  20.
  2474388.
  4583.  1158.
  0.185217515  0.0467994511
  70.  30.
  2474388.
  3215.  1024.
  0.129931122  0.0413839705
  70.  40.
  2474388.
  2356.  891.
  0.0952154621  0.0360089056
  70.  50.
  2474388.
  2312.  1039.
  0.093437247  0.0419901796
  70.  60.
  2474388.
  1073.  564.
  0.0433642566  0.0227935147
  70.  70.
  2474388.
  806.  421.
  0.0325737111  0.0170143079
  70.  80.
  2474388.
  668.  362.
  0.0269965753  0.01462988
  70.  90.
  2474388.
  523.  285.
  0.0211365391  0.0115179997
  70.  100.
  2474388.
  352.  173.
  0.01422574  0.00699162763
  80.  0.
  2474388.
  21336.  1608.
  0.862273812  0.064985767
  80.  10.
  2474388.
  7676.  1494.
  0.310218126  0.0603785664
  80.  20.
  2474388.
  5279.  1405.
  0.213345677  0.0567817166
  80.  30.
  2474388.
  3699.  1337.
  0.149491504  0.0540335625
  80.  40.
  2474388.
  2831.  1280.
  0.114412129  0.0517299622
  80.  50.
  2474388.
  2908.  1549.
  0.117524013  0.0626013353
  80.  60.
  2474388.
  1309.  795.
  0.0529019684  0.0321291573
  80.  70.
  2474388.
  1034.  584.
  0.0417881124  0.0236017965
  80.  80.
  2474388.
  826.  477.
  0.0333819911  0.0192774944
  80.  90.
  2474388.
  619.  384.
  0.0250162873  0.0155189885
  80.  100.
  2474388.
  349.  198.
  0.0141044976  0.00800197851
  90.  0.
  2474388.
  26975.  1822.
  1.0901686  0.0736343712
  90.  10.
  2474388.
  10286.  1981.
  0.415698737  0.0800601989
  90.  20.
  2474388.
  7507.  2239.
  0.303388149  0.0904870182
  90.  30.
  2474388.
  5614.  2201.
  0.22688438  0.0889512897
  90.  40.
  2474388.
  4383.  2152.
  0.177134708  0.0869709998
  90.  50.
  2474388.
  4587.  2794.
  0.185379177  0.112916812
  90.  60.
  2474388.
  2090.  1450.
  0.0844653323  0.0586003475
  90.  70.
  2474388.
  1466.  986.
  0.0592469722  0.0398482382
  90.  80.
  2474388.
  1050.  735.
  0.0424347371  0.0297043156
  90.  90.
  2474388.
  649.  536.
  0.0262287073  0.0216619223
  90.  100.
  2474388.
  333.  226.
  0.0134578729  0.00913357176
  100.  0.
  2474388.
  104022.  8633.
  4.2039485  0.348894358
  100.  10.
  2474388.
  37055.  7737.
  1.49754202  0.312683374
  100.  20.
  2474388.
  23993.  8034.
  0.969653904  0.324686348
  100.  30.
  2474388.
  16940.  8323.
  0.684613705  0.336365998
  100.  40.
  2474388.
  12131.  7613.
  0.490262657  0.307672024
  100.  50.
  2474388.
  12043.  9496.
  0.486706197  0.383771658
  100.  60.
  2474388.
  4828.  4453.
  0.195118949  0.179963693
  100.  70.
  2474388.
  3116.  3246.
  0.12593013  0.131183952
  100.  80.
  2474388.
  2035.  2096.
  0.0822425559  0.0847078115
  100.  90.
  2474388.
  1237.  1203.
  0.049992159  0.048618082
  100.  100.
  2474388.
  545.  604.
  0.0220256485  0.0244100764
