  0.  0.
  1147178.
  200392.  1768.
  17.468256  0.154117316
  0.  10.
  1147178.
  92197.  998.
  8.03685188  0.0869960859
  0.  20.
  1147178.
  69515.  898.
  6.05965233  0.0782790482
  0.  30.
  1147178.
  59162.  932.
  5.15717697  0.0812428445
  0.  40.
  1147178.
  55864.  1018.
  4.86968899  0.0887394994
  0.  50.
  1147178.
  82316.  1780.
  7.17552137  0.155163363
  0.  60.
  1147178.
  54109.  1463.
  4.71670485  0.127530336
  0.  70.
  1147178.
  55810.  1762.
  4.86498165  0.1535943
  0.  80.
  1147178.
  59417.  2372.
  5.17940569  0.206768259
  0.  90.
  1147178.
  67983.  3410.
  5.92610741  0.297251165
  0.  100.
  1147178.
  105838.  7681.
  9.22594357  0.669556081
  10.  0.
  1147178.
  19222.  404.
  1.67559004  0.035216853
  10.  10.
  1147178.
  7110.  171.
  0.619781733  0.0149061438
  10.  20.
  1147178.
  4531.  129.
  0.394969225  0.0112449853
  10.  30.
  1147178.
  3597.  115.
  0.313552052  0.0100245997
  10.  40.
  1147178.
  3037.  120.
  0.264736593  0.0104604512
  10.  50.
  1147178.
  4076.  176.
  0.355306685  0.0153419953
  10.  60.
  1147178.
  2816.  135.
  0.245471925  0.0117680077
  10.  70.
  1147178.
  2903.  171.
  0.253055751  0.0149061438
  10.  80.
  1147178.
  3456.  173.
  0.301261008  0.0150804846
  10.  90.
  1147178.
  4609.  364.
  0.401768506  0.0317300372
  10.  100.
  1147178.
  9156.  1068.
  0.798132479  0.093098022
  20.  0.
  1147178.
  14990.  285.
  1.30668473  0.0248435736
  20.  10.
  1147178.
  4875.  114.
  0.424955845  0.00993742887
  20.  20.
  1147178.
  3198.  100.
  0.278771043  0.00871704333
  20.  30.
  1147178.
  2301.  85.
  0.200579166  0.00740948645
  20.  40.
  1147178.
  1854.  77.
  0.161613971  0.00671212329
  20.  50.
  1147178.
  2684.  121.
  0.233965442  0.0105476221
  20.  60.
  1147178.
  1740.  83.
  0.151676551  0.00723514566
  20.  70.
  1147178.
  1752.  103.
  0.152722597  0.00897855405
  20.  80.
  1147178.
  2157.  119.
  0.188026622  0.0103732813
  20.  90.
  1147178.
  2751.  235.
  0.239805847  0.020485051
  20.  100.
  1147178.
  5848.  694.
  0.509772658  0.0604962781
  30.  0.
  1147178.
  10156.  188.
  0.885302901  0.01638804
  30.  10.
  1147178.
  3266.  73.
  0.284698635  0.00636344124
  30.  20.
  1147178.
  2037.  57.
  0.177566171  0.00496871443
  30.  30.
  1147178.
  1570.  68.
  0.136857569  0.00592758926
  30.  40.
  1147178.
  1342.  56.
  0.116982721  0.00488154404
  30.  50.
  1147178.
  1709.  89.
  0.14897427  0.0077581685
  30.  60.
  1147178.
  1094.  64.
  0.0953644514  0.00557890767
  30.  70.
  1147178.
  1155.  64.
  0.100681849  0.00557890767
  30.  80.
  1147178.
  1433.  79.
  0.124915227  0.00688646408
  30.  90.
  1147178.
  1884.  181.
  0.164229095  0.0157778487
  30.  100.
  1147178.
  4109.  520.
  0.358183295  0.0453286245
  40.  0.
  1147178.
  8400.  166.
  0.732231617  0.0144702913
  40.  10.
  1147178.
  2442.  52.
  0.212870196  0.00453286245
  40.  20.
  1147178.
  1603.  45.
  0.139734194  0.00392266922
  40.  30.
  1147178.
  1256.  58.
  0.109486058  0.00505588483
  40.  40.
  1147178.
  955.  49.
  0.0832477584  0.00427135127
  40.  50.
  1147178.
  1227.  66.
  0.106958121  0.00575324846
  40.  60.
  1147178.
  804.  38.
  0.0700850263  0.00331247644
  40.  70.
  1147178.
  828.  38.
  0.0721771196  0.00331247644
  40.  80.
  1147178.
  1016.  64.
  0.0885651559  0.00557890767
  40.  90.
  1147178.
  1413.  128.
  0.123171821  0.0111578153
  40.  100.
  1147178.
  3411.  453.
  0.297338337  0.0394882038
  50.  0.
  1147178.
  9367.  191.
  0.8165254  0.0166495517
  50.  10.
  1147178.
  2635.  61.
  0.229694083  0.00531739648
  50.  20.
  1147178.
  1756.  63.
  0.153071269  0.00549173728
  50.  30.
  1147178.
  1328.  56.
  0.115762331  0.00488154404
  50.  40.
  1147178.
  1052.  40.
  0.0917032957  0.00348681724
  50.  50.
  1147178.
  1416.  45.
  0.123433329  0.00392266922
  50.  60.
  1147178.
  878.  33.
  0.0765356347  0.00287662423
  50.  70.
  1147178.
  900.  65.
  0.0784533843  0.00566607807
  50.  80.
  1147178.
  1032.  88.
  0.0899598822  0.00767099764
  50.  90.
  1147178.
  1483.  131.
  0.129273742  0.0114193261
  50.  100.
  1147178.
  3897.  496.
  0.339703172  0.043236535
  60.  0.
  1147178.
  3183.  96.
  0.277463466  0.00836836174
  60.  10.
  1147178.
  1042.  34.
  0.0908315852  0.00296379463
  60.  20.
  1147178.
  722.  31.
  0.0629370511  0.00270228344
  60.  30.
  1147178.
  582.  25.
  0.05073319  0.00217926083
  60.  40.
  1147178.
  431.  29.
  0.0375704542  0.00252794242
  60.  50.
  1147178.
  607.  38.
  0.0529124513  0.00331247644
  60.  60.
  1147178.
  410.  26.
  0.0357398763  0.00226643123
  60.  70.
  1147178.
  419.  28.
  0.0365244113  0.00244077202
  60.  80.
  1147178.
  518.  28.
  0.0451542847  0.00244077202
  60.  90.
  1147178.
  706.  75.
  0.0615423247  0.00653778249
  60.  100.
  1147178.
  1724.  249.
  0.150281817  0.0217054375
  70.  0.
  1147178.
  1720.  33.
  0.149933144  0.00287662423
  70.  10.
  1147178.
  693.  16.
  0.06040911  0.00139472692
  70.  20.
  1147178.
  492.  10.
  0.0428878516  0.000871704309
  70.  30.
  1147178.
  361.  3.
  0.0314685255  0.000261511304
  70.  40.
  1147178.
  311.  14.
  0.0271100029  0.00122038601
  70.  50.
  1147178.
  413.  29.
  0.036001388  0.00252794242
  70.  60.
  1147178.
  267.  13.
  0.0232745055  0.00113321561
  70.  70.
  1147178.
  298.  23.
  0.0259767883  0.00200491981
  70.  80.
  1147178.
  332.  26.
  0.0289405826  0.00226643123
  70.  90.
  1147178.
  469.  40.
  0.0408829302  0.00348681724
  70.  100.
  1147178.
  1248.  146.
  0.108788699  0.0127268825
  80.  0.
  1147178.
  656.  14.
  0.0571838021  0.00122038601
  80.  10.
  1147178.
  271.  10.
  0.0236231871  0.000871704309
  80.  20.
  1147178.
  190.  12.
  0.0165623818  0.00104604522
  80.  30.
  1147178.
  163.  10.
  0.0142087806  0.000871704309
  80.  40.
  1147178.
  157.  7.
  0.0136857573  0.000610193005
  80.  50.
  1147178.
  245.  23.
  0.0213567559  0.00200491981
  80.  60.
  1147178.
  145.  9.
  0.0126397125  0.000784533855
  80.  70.
  1147178.
  174.  10.
  0.0151676545  0.000871704309
  80.  80.
  1147178.
  212.  16.
  0.0184801314  0.00139472692
  80.  90.
  1147178.
  291.  14.
  0.025366595  0.00122038601
  80.  100.
  1147178.
  830.  120.
  0.0723514557  0.0104604512
  90.  0.
  1147178.
  198.  5.
  0.0172597449  0.000435852155
  90.  10.
  1147178.
  70.  1.
  0.00610193005  8.71704324E-05
  90.  20.
  1147178.
  82.  12.
  0.00714797527  0.00104604522
  90.  30.
  1147178.
  92.  12.
  0.00801967923  0.00104604522
  90.  40.
  1147178.
  77.  12.
  0.00671212329  0.00104604522
  90.  50.
  1147178.
  140.  12.
  0.0122038601  0.00104604522
  90.  60.
  1147178.
  90.  5.
  0.00784533843  0.000435852155
  90.  70.
  1147178.
  100.  7.
  0.00871704333  0.000610193005
  90.  80.
  1147178.
  124.  10.
  0.0108091338  0.000871704309
  90.  90.
  1147178.
  146.  9.
  0.0127268825  0.000784533855
  90.  100.
  1147178.
  537.  70.
  0.0468105227  0.00610193005
  100.  0.
  1147178.
  45.  0.
  0.00392266922  0.
  100.  10.
  1147178.
  26.  1.
  0.00226643123  8.71704324E-05
  100.  20.
  1147178.
  11.  3.
  0.000958874705  0.000261511304
  100.  30.
  1147178.
  37.  5.
  0.00322530582  0.000435852155
  100.  40.
  1147178.
  25.  3.
  0.00217926083  0.000261511304
  100.  50.
  1147178.
  61.  8.
  0.00531739648  0.000697363459
  100.  60.
  1147178.
  49.  5.
  0.00427135127  0.000435852155
  100.  70.
  1147178.
  52.  5.
  0.00453286245  0.000435852155
  100.  80.
  1147178.
  42.  3.
  0.00366115803  0.000261511304
  100.  90.
  1147178.
  45.  6.
  0.00392266922  0.000523022609
  100.  100.
  1147178.
  261.  26.
  0.0227514822  0.00226643123
