  0.  0.
  16777216.
  16777216.  5372.
  100.  0.0320196152
  0.  10.
  16777216.
  2180670.  6454.
  12.9978065  0.0384688377
  0.  20.
  16777216.
  1333340.  7469.
  7.94732571  0.0445187092
  0.  30.
  16777216.
  965623.  8346.
  5.75556183  0.0497460365
  0.  40.
  16777216.
  767175.  9022.
  4.57271957  0.0537753105
  0.  50.
  16777216.
  925884.  13120.
  5.51869869  0.0782012939
  0.  60.
  16777216.
  491875.  8499.
  2.93180346  0.0506579876
  0.  70.
  16777216.
  433073.  8018.
  2.58131623  0.0477910042
  0.  80.
  16777216.
  405846.  7483.
  2.41903067  0.0446021557
  0.  90.
  16777216.
  402910.  6967.
  2.40153074  0.041526556
  0.  100.
  16777216.
  587497.  6541.
  3.501755  0.0389873981
  10.  0.
  16777216.
  124818.  453.
  0.743973255  0.00270009041
  10.  10.
  16777216.
  46477.  671.
  0.277024508  0.00399947166
  10.  20.
  16777216.
  35760.  846.
  0.21314621  0.00504255295
  10.  30.
  16777216.
  30034.  1099.
  0.17901659  0.00655055046
  10.  40.
  16777216.
  26308.  1318.
  0.156807899  0.00785589218
  10.  50.
  16777216.
  33172.  2245.
  0.197720528  0.0133812428
  10.  60.
  16777216.
  17862.  1541.
  0.106465816  0.00918507576
  10.  70.
  16777216.
  15208.  1507.
  0.0906467438  0.00898241997
  10.  80.
  16777216.
  12179.  1325.
  0.0725924969  0.00789761543
  10.  90.
  16777216.
  9261.  1008.
  0.0551998615  0.00600814819
  10.  100.
  16777216.
  4754.  494.
  0.0283360481  0.00294446945
  20.  0.
  16777216.
  68822.  316.
  0.410211086  0.00188350677
  20.  10.
  16777216.
  26568.  408.
  0.15835762  0.00243186951
  20.  20.
  16777216.
  20653.  534.
  0.123101473  0.00318288803
  20.  30.
  16777216.
  17540.  669.
  0.104546547  0.00398755074
  20.  40.
  16777216.
  15207.  831.
  0.0906407833  0.00495314598
  20.  50.
  16777216.
  20093.  1473.
  0.119763613  0.00877976418
  20.  60.
  16777216.
  10928.  1125.
  0.0651359558  0.00670552254
  20.  70.
  16777216.
  9199.  1091.
  0.0548303127  0.00650286674
  20.  80.
  16777216.
  7372.  1031.
  0.0439405441  0.00614523888
  20.  90.
  16777216.
  5679.  783.
  0.0338494778  0.00466704369
  20.  100.
  16777216.
  2874.  461.
  0.0171303749  0.00274777412
  30.  0.
  16777216.
  43324.  237.
  0.258231163  0.00141263008
  30.  10.
  16777216.
  17775.  291.
  0.105947256  0.00173449516
  30.  20.
  16777216.
  13937.  387.
  0.0830709934  0.00230669975
  30.  30.
  16777216.
  11654.  509.
  0.069463253  0.00303387642
  30.  40.
  16777216.
  10286.  611.
  0.0613093376  0.0036418438
  30.  50.
  16777216.
  12623.  1095.
  0.0752389431  0.0065267086
  30.  60.
  16777216.
  6629.  776.
  0.039511919  0.00462532043
  30.  70.
  16777216.
  5269.  716.
  0.0314056873  0.00426769257
  30.  80.
  16777216.
  3831.  643.
  0.0228345394  0.00383257866
  30.  90.
  16777216.
  2668.  482.
  0.0159025192  0.00287294388
  30.  100.
  16777216.
  1201.  265.
  0.00715851784  0.00157952309
  40.  0.
  16777216.
  34184.  192.
  0.203752518  0.00114440918
  40.  10.
  16777216.
  13613.  235.
  0.0811398029  0.00140070915
  40.  20.
  16777216.
  10567.  325.
  0.0629842281  0.00193715096
  40.  30.
  16777216.
  8643.  376.
  0.0515162945  0.00224113464
  40.  40.
  16777216.
  7188.  455.
  0.0428438187  0.00271201134
  40.  50.
  16777216.
  8855.  783.
  0.0527799129  0.00466704369
  40.  60.
  16777216.
  4406.  591.
  0.0262618065  0.00352263451
  40.  70.
  16777216.
  3509.  514.
  0.0209152699  0.00306367874
  40.  80.
  16777216.
  2432.  431.
  0.0144958496  0.00256896019
  40.  90.
  16777216.
  1647.  299.
  0.00981688499  0.00178217888
  40.  100.
  16777216.
  663.  150.
  0.00395178795  0.000894069672
  50.  0.
  16777216.
  41781.  217.
  0.249034166  0.00129342079
  50.  10.
  16777216.
  16048.  298.
  0.0956535339  0.00177621841
  50.  20.
  16777216.
  11831.  336.
  0.0705182552  0.00200271606
  50.  30.
  16777216.
  9248.  380.
  0.0551223755  0.0022649765
  50.  40.
  16777216.
  7579.  477.
  0.0451743603  0.00284314156
  50.  50.
  16777216.
  9393.  932.
  0.0559866428  0.00555515289
  50.  60.
  16777216.
  4691.  696.
  0.0279605389  0.00414848328
  50.  70.
  16777216.
  3475.  603.
  0.0207126141  0.00359416008
  50.  80.
  16777216.
  2290.  480.
  0.0136494637  0.00286102295
  50.  90.
  16777216.
  1501.  303.
  0.00894665718  0.00180602074
  50.  100.
  16777216.
  551.  180.
  0.00328421593  0.00107288361
  60.  0.
  16777216.
  18967.  105.
  0.11305213  0.00062584877
  60.  10.
  16777216.
  7297.  165.
  0.0434935093  0.000983476639
  60.  20.
  16777216.
  5333.  203.
  0.0317871571  0.00120997429
  60.  30.
  16777216.
  4436.  241.
  0.0264406204  0.00143647194
  60.  40.
  16777216.
  3730.  285.
  0.0222325325  0.00169873238
  60.  50.
  16777216.
  4478.  496.
  0.0266909599  0.00295639038
  60.  60.
  16777216.
  2083.  287.
  0.0124156475  0.00171065331
  60.  70.
  16777216.
  1395.  219.
  0.00831484795  0.00130534172
  60.  80.
  16777216.
  787.  182.
  0.00469088554  0.00108480453
  60.  90.
  16777216.
  542.  160.
  0.00323057175  0.000953674316
  60.  100.
  16777216.
  260.  63.
  0.00154972076  0.000375509262
  70.  0.
  16777216.
  13122.  53.
  0.0782132149  0.000315904617
  70.  10.
  16777216.
  5588.  106.
  0.0333070755  0.000631809235
  70.  20.
  16777216.
  4205.  172.
  0.0250637531  0.00102519989
  70.  30.
  16777216.
  3672.  209.
  0.0218868256  0.00124573708
  70.  40.
  16777216.
  3048.  239.
  0.0181674957  0.00142455101
  70.  50.
  16777216.
  3628.  372.
  0.0216245651  0.00221729279
  70.  60.
  16777216.
  1565.  182.
  0.00932812691  0.00108480453
  70.  70.
  16777216.
  1035.  136.
  0.00616908073  0.000810623169
  70.  80.
  16777216.
  571.  78.
  0.00340342522  0.000464916229
  70.  90.
  16777216.
  349.  78.
  0.0020802021  0.000464916229
  70.  100.
  16777216.
  71.  17.
  0.000423192978  0.000101327896
  80.  0.
  16777216.
  9761.  42.
  0.0581800938  0.000250339508
  80.  10.
  16777216.
  4298.  66.
  0.0256180763  0.000393390656
  80.  20.
  16777216.
  3233.  110.
  0.0192701817  0.000655651093
  80.  30.
  16777216.
  2714.  134.
  0.0161767006  0.00079870224
  80.  40.
  16777216.
  2131.  117.
  0.0127017498  0.000697374344
  80.  50.
  16777216.
  2240.  187.
  0.0133514404  0.00111460686
  80.  60.
  16777216.
  782.  98.
  0.00466108322  0.000584125519
  80.  70.
  16777216.
  457.  54.
  0.00272393227  0.000321865082
  80.  80.
  16777216.
  199.  31.
  0.00118613243  0.000184774399
  80.  90.
  16777216.
  70.  9.
  0.000417232513  5.36441803E-05
  80.  100.
  16777216.
  17.  7.
  0.000101327896  4.17232513E-05
  90.  0.
  16777216.
  7449.  35.
  0.0443994999  0.000208616257
  90.  10.
  16777216.
  3734.  53.
  0.0222563744  0.000315904617
  90.  20.
  16777216.
  2409.  42.
  0.0143587589  0.000250339508
  90.  30.
  16777216.
  1728.  58.
  0.0102996826  0.00034570694
  90.  40.
  16777216.
  1363.  70.
  0.00812411308  0.000417232513
  90.  50.
  16777216.
  1293.  98.
  0.00770688057  0.000584125519
  90.  60.
  16777216.
  479.  32.
  0.00285506248  0.000190734863
  90.  70.
  16777216.
  262.  31.
  0.00156164169  0.000184774399
  90.  80.
  16777216.
  104.  12.
  0.000619888306  7.15255737E-05
  90.  90.
  16777216.
  33.  6.
  0.000196695328  3.57627869E-05
  90.  100.
  16777216.
  12.  4.
  7.15255737E-05  2.38418579E-05
  100.  0.
  16777216.
  8012.  38.
  0.0477552414  0.00022649765
  100.  10.
  16777216.
  2421.  19.
  0.0144302845  0.000113248825
  100.  20.
  16777216.
  1189.  28.
  0.00708699226  0.000166893005
  100.  30.
  16777216.
  724.  16.
  0.00431537628  9.53674316E-05
  100.  40.
  16777216.
  469.  23.
  0.00279545784  0.000137090683
  100.  50.
  16777216.
  413.  31.
  0.00246167183  0.000184774399
  100.  60.
  16777216.
  132.  28.
  0.000786781311  0.000166893005
  100.  70.
  16777216.
  59.  10.
  0.000351667404  5.96046448E-05
  100.  80.
  16777216.
  31.  9.
  0.000184774399  5.36441803E-05
  100.  90.
  16777216.
  13.  8.
  7.74860382E-05  4.76837158E-05
  100.  100.
  16777216.
  10.  2.
  5.96046448E-05  1.1920929E-05
