  0.  0.
  2459114.
  1217914.  2949.
  49.526535  0.119921237
  0.  10.
  2459114.
  100035.  668.
  4.06792831  0.0271642543
  0.  20.
  2459114.
  55926.  451.
  2.27423382  0.0183399394
  0.  30.
  2459114.
  40320.  342.
  1.63961494  0.0139074484
  0.  40.
  2459114.
  31507.  274.
  1.28123379  0.0111422241
  0.  50.
  2459114.
  37864.  360.
  1.53974152  0.0146394186
  0.  60.
  2459114.
  20533.  204.
  0.834975541  0.00829567108
  0.  70.
  2459114.
  18241.  195.
  0.741771221  0.00792968553
  0.  80.
  2459114.
  16795.  205.
  0.68296957  0.00833633542
  0.  90.
  2459114.
  16584.  154.
  0.674389243  0.00626241788
  0.  100.
  2459114.
  20704.  194.
  0.841929257  0.00788902026
  10.  0.
  2459114.
  72516.  1080.
  2.94886684  0.0439182557
  10.  10.
  2459114.
  14220.  381.
  0.578257024  0.0154933846
  10.  20.
  2459114.
  7062.  272.
  0.287176609  0.0110608945
  10.  30.
  2459114.
  4645.  242.
  0.188889176  0.00984094292
  10.  40.
  2459114.
  3555.  219.
  0.144564256  0.00890564639
  10.  50.
  2459114.
  4566.  265.
  0.185676634  0.0107762385
  10.  60.
  2459114.
  2352.  156.
  0.0956442058  0.00634374842
  10.  70.
  2459114.
  1921.  141.
  0.0781175643  0.00573377218
  10.  80.
  2459114.
  1796.  157.
  0.0730344355  0.00638441322
  10.  90.
  2459114.
  1651.  124.
  0.0671380013  0.00504246633
  10.  100.
  2459114.
  1870.  181.
  0.0760436505  0.00736037455
  20.  0.
  2459114.
  43499.  912.
  1.76888907  0.0370865278
  20.  10.
  2459114.
  10053.  433.
  0.408805788  0.0176079683
  20.  20.
  2459114.
  5012.  267.
  0.20381324  0.0108575691
  20.  30.
  2459114.
  3187.  255.
  0.129599527  0.0103695886
  20.  40.
  2459114.
  2190.  192.
  0.089056462  0.00780769018
  20.  50.
  2459114.
  2807.  284.
  0.114146799  0.0115488749
  20.  60.
  2459114.
  1455.  177.
  0.0591676496  0.00719771441
  20.  70.
  2459114.
  1170.  125.
  0.0475781113  0.0050831316
  20.  80.
  2459114.
  1069.  119.
  0.0434709415  0.00483914139
  20.  90.
  2459114.
  969.  99.
  0.0394044369  0.0040258402
  20.  100.
  2459114.
  1055.  124.
  0.0429016314  0.00504246633
  30.  0.
  2459114.
  33515.  954.
  1.36288929  0.0387944616
  30.  10.
  2459114.
  8735.  520.
  0.355209231  0.0211458281
  30.  20.
  2459114.
  4696.  327.
  0.190963089  0.0132974721
  30.  30.
  2459114.
  2719.  247.
  0.110568278  0.0100442683
  30.  40.
  2459114.
  1901.  201.
  0.0773042664  0.00817367528
  30.  50.
  2459114.
  2100.  274.
  0.0853966102  0.0111422241
  30.  60.
  2459114.
  1189.  180.
  0.0483507477  0.00731970929
  30.  70.
  2459114.
  1083.  174.
  0.0440402515  0.00707571907
  30.  80.
  2459114.
  918.  145.
  0.0373305194  0.00589643279
  30.  90.
  2459114.
  771.  149.
  0.0313527547  0.00605909294
  30.  100.
  2459114.
  741.  128.
  0.0301328041  0.00520512694
  40.  0.
  2459114.
  27408.  976.
  1.11454773  0.0396890901
  40.  10.
  2459114.
  8128.  612.
  0.330525547  0.0248870123
  40.  20.
  2459114.
  4344.  397.
  0.176648989  0.0161440261
  40.  30.
  2459114.
  2690.  315.
  0.109388992  0.0128094917
  40.  40.
  2459114.
  1838.  231.
  0.0747423694  0.00939362682
  40.  50.
  2459114.
  1992.  301.
  0.0810047835  0.0122401807
  40.  60.
  2459114.
  1020.  206.
  0.0414783545  0.00837700069
  40.  70.
  2459114.
  913.  258.
  0.0371271931  0.0104915835
  40.  80.
  2459114.
  758.  175.
  0.0308241099  0.00711638434
  40.  90.
  2459114.
  576.  123.
  0.0234230701  0.00500180153
  40.  100.
  2459114.
  493.  132.
  0.0200478714  0.00536778709
  50.  0.
  2459114.
  37567.  1631.
  1.52766407  0.0663247034
  50.  10.
  2459114.
  11074.  1059.
  0.450324804  0.0430642888
  50.  20.
  2459114.
  6402.  745.
  0.260337681  0.0302954633
  50.  30.
  2459114.
  4112.  615.
  0.167214692  0.0250090081
  50.  40.
  2459114.
  2683.  523.
  0.109104335  0.021267822
  50.  50.
  2459114.
  2792.  599.
  0.113536827  0.0243583657
  50.  60.
  2459114.
  1505.  374.
  0.0612009056  0.0152087295
  50.  70.
  2459114.
  1192.  363.
  0.0484727435  0.0147614144
  50.  80.
  2459114.
  1027.  314.
  0.0417630076  0.0127688264
  50.  90.
  2459114.
  738.  203.
  0.0300108083  0.00825500581
  50.  100.
  2459114.
  607.  189.
  0.024683686  0.00768569484
  60.  0.
  2459114.
  22551.  1181.
  0.917037606  0.0480254255
  60.  10.
  2459114.
  7265.  878.
  0.295431614  0.0357039161
  60.  20.
  2459114.
  4338.  776.
  0.176404998  0.031556081
  60.  30.
  2459114.
  2817.  610.
  0.114553452  0.0248056818
  60.  40.
  2459114.
  1929.  550.
  0.0784428865  0.0223657787
  60.  50.
  2459114.
  1901.  646.
  0.0773042664  0.026269624
  60.  60.
  2459114.
  872.  305.
  0.0354599245  0.0124028409
  60.  70.
  2459114.
  744.  292.
  0.0302547999  0.0118741952
  60.  80.
  2459114.
  676.  236.
  0.0274895746  0.00959695224
  60.  90.
  2459114.
  492.  154.
  0.0200072061  0.00626241788
  60.  100.
  2459114.
  322.  110.
  0.0130941467  0.00447315583
  70.  0.
  2459114.
  21212.  1146.
  0.862587094  0.0466021486
  70.  10.
  2459114.
  7331.  1017.
  0.298115492  0.0413563587
  70.  20.
  2459114.
  4462.  956.
  0.181447461  0.0388757885
  70.  30.
  2459114.
  3016.  769.
  0.122645795  0.0312714241
  70.  40.
  2459114.
  2137.  665.
  0.0869012177  0.0270422604
  70.  50.
  2459114.
  2066.  831.
  0.0840139985  0.0337926596
  70.  60.
  2459114.
  966.  415.
  0.0392824411  0.0168759972
  70.  70.
  2459114.
  772.  342.
  0.03139342  0.0139074484
  70.  80.
  2459114.
  599.  292.
  0.0243583657  0.0118741952
  70.  90.
  2459114.
  434.  210.
  0.0176486336  0.00853966083
  70.  100.
  2459114.
  276.  143.
  0.0112235546  0.00581510272
  80.  0.
  2459114.
  22610.  1226.
  0.919436812  0.0498553552
  80.  10.
  2459114.
  8301.  1202.
  0.337560594  0.0488793924
  80.  20.
  2459114.
  5253.  1179.
  0.213613525  0.0479440987
  80.  30.
  2459114.
  3748.  1079.
  0.152412623  0.0438775904
  80.  40.
  2459114.
  2732.  913.
  0.111096926  0.0371271931
  80.  50.
  2459114.
  2570.  1070.
  0.104509182  0.0435116068
  80.  60.
  2459114.
  1172.  540.
  0.0476594418  0.0219591279
  80.  70.
  2459114.
  915.  535.
  0.0372085236  0.0217558034
  80.  80.
  2459114.
  658.  380.
  0.0267576054  0.0154527202
  80.  90.
  2459114.
  517.  298.
  0.0210238323  0.0121181859
  80.  100.
  2459114.
  274.  180.
  0.0111422241  0.00731970929
  90.  0.
  2459114.
  30416.  1666.
  1.23686826  0.0677479804
  90.  10.
  2459114.
  11529.  1702.
  0.468827397  0.0692119226
  90.  20.
  2459114.
  7694.  1745.
  0.31287691  0.0709605142
  90.  30.
  2459114.
  5353.  1689.
  0.217680022  0.0686832741
  90.  40.
  2459114.
  3730.  1454.
  0.151680648  0.0591269881
  90.  50.
  2459114.
  3763.  1744.
  0.153022587  0.070919849
  90.  60.
  2459114.
  1563.  931.
  0.06355948  0.0378591642
  90.  70.
  2459114.
  1121.  808.
  0.0455855243  0.0328573622
  90.  80.
  2459114.
  680.  550.
  0.0276522357  0.0223657787
  90.  90.
  2459114.
  437.  322.
  0.0177706275  0.0130941467
  90.  100.
  2459114.
  222.  222.
  0.00902764127  0.00902764127
  100.  0.
  2459114.
  103718.  7096.
  4.2176981  0.288559198
  100.  10.
  2459114.
  36532.  6710.
  1.48557568  0.272862494
  100.  20.
  2459114.
  22136.  6354.
  0.900161624  0.258385748
  100.  30.
  2459114.
  14645.  6075.
  0.595539689  0.247040197
  100.  40.
  2459114.
  9842.  5429.
  0.400225461  0.220770568
  100.  50.
  2459114.
  9408.  6365.
  0.382576823  0.258833051
  100.  60.
  2459114.
  3911.  3378.
  0.159041017  0.137366548
  100.  70.
  2459114.
  2622.  2710.
  0.106623769  0.11020229
  100.  80.
  2459114.
  1662.  1758.
  0.0675853193  0.0714891627
  100.  90.
  2459114.
  985.  1161.
  0.0400550775  0.0472121276
  100.  100.
  2459114.
  511.  600.
  0.0207798425  0.024399031
