  0.  0.
  2474388.
  1319399.  3057.
  53.3222351  0.123545699
  0.  10.
  2474388.
  72696.  628.
  2.93793869  0.0253800135
  0.  20.
  2474388.
  43381.  451.
  1.75320125  0.0182267297
  0.  30.
  2474388.
  30473.  375.
  1.23153687  0.0151552623
  0.  40.
  2474388.
  25067.  366.
  1.01305854  0.0147915361
  0.  50.
  2474388.
  32817.  519.
  1.32626736  0.0209748838
  0.  60.
  2474388.
  17167.  318.
  0.693787694  0.0128516629
  0.  70.
  2474388.
  16099.  267.
  0.650625527  0.0107905474
  0.  80.
  2474388.
  16980.  289.
  0.686230302  0.0116796559
  0.  90.
  2474388.
  18281.  334.
  0.73880893  0.0134982876
  0.  100.
  2474388.
  35198.  777.
  1.4224931  0.031401705
  10.  0.
  2474388.
  55057.  901.
  2.22507548  0.0364130437
  10.  10.
  2474388.
  9018.  341.
  0.364453763  0.0137811853
  10.  20.
  2474388.
  5028.  252.
  0.203201756  0.0101843365
  10.  30.
  2474388.
  3381.  206.
  0.136639848  0.00832529087
  10.  40.
  2474388.
  2648.  177.
  0.107016362  0.0071532838
  10.  50.
  2474388.
  3091.  264.
  0.12491978  0.010669305
  10.  60.
  2474388.
  1508.  155.
  0.0609443635  0.00626417529
  10.  70.
  2474388.
  1370.  156.
  0.0553672276  0.0063045891
  10.  80.
  2474388.
  1389.  185.
  0.0561350919  0.00747659616
  10.  90.
  2474388.
  1481.  208.
  0.059853185  0.00840611942
  10.  100.
  2474388.
  2308.  313.
  0.0932755917  0.0126495929
  20.  0.
  2474388.
  33289.  783.
  1.34534276  0.0316441879
  20.  10.
  2474388.
  6518.  346.
  0.263418674  0.0139832553
  20.  20.
  2474388.
  3796.  311.
  0.153411672  0.0125687644
  20.  30.
  2474388.
  2624.  239.
  0.106046423  0.00965895411
  20.  40.
  2474388.
  1860.  173.
  0.0751700997  0.00699162763
  20.  50.
  2474388.
  2200.  291.
  0.0889108777  0.0117604835
  20.  60.
  2474388.
  1081.  172.
  0.0436875708  0.00695121381
  20.  70.
  2474388.
  913.  148.
  0.0368980132  0.00598127721
  20.  80.
  2474388.
  793.  174.
  0.0320483297  0.0070320419
  20.  90.
  2474388.
  788.  182.
  0.0318462588  0.00735535426
  20.  100.
  2474388.
  1239.  336.
  0.0500729866  0.0135791153
  30.  0.
  2474388.
  26378.  812.
  1.06604135  0.032816194
  30.  10.
  2474388.
  5702.  398.
  0.230440825  0.0160847846
  30.  20.
  2474388.
  3297.  312.
  0.133245066  0.0126091782
  30.  30.
  2474388.
  2125.  262.
  0.0858798251  0.0105884764
  30.  40.
  2474388.
  1738.  217.
  0.0702395886  0.00876984559
  30.  50.
  2474388.
  1862.  303.
  0.0752509311  0.012245452
  30.  60.
  2474388.
  862.  190.
  0.0348368958  0.00767866662
  30.  70.
  2474388.
  785.  175.
  0.0317250155  0.00707245572
  30.  80.
  2474388.
  682.  184.
  0.0275623705  0.00743618235
  30.  90.
  2474388.
  570.  189.
  0.0230359994  0.00763825234
  30.  100.
  2474388.
  848.  291.
  0.0342711024  0.0117604835
  40.  0.
  2474388.
  23142.  803.
  0.935261548  0.0324524678
  40.  10.
  2474388.
  5243.  473.
  0.211890772  0.0191158373
  40.  20.
  2474388.
  3183.  397.
  0.128637865  0.0160443708
  40.  30.
  2474388.
  2144.  314.
  0.0866476893  0.0126900068
  40.  40.
  2474388.
  1574.  231.
  0.0636116862  0.00933564175
  40.  50.
  2474388.
  1704.  363.
  0.0688655153  0.0146702938
  40.  60.
  2474388.
  822.  213.
  0.0332203358  0.00860818941
  40.  70.
  2474388.
  678.  186.
  0.0274007153  0.00751701044
  40.  80.
  2474388.
  625.  190.
  0.0252587702  0.00767866662
  40.  90.
  2474388.
  547.  225.
  0.0221064761  0.00909315795
  40.  100.
  2474388.
  704.  265.
  0.02845148  0.0107097188
  50.  0.
  2474388.
  40589.  1742.
  1.64036524  0.0704012439
  50.  10.
  2474388.
  8197.  1039.
  0.331273824  0.0419901796
  50.  20.
  2474388.
  5156.  947.
  0.208374754  0.0382720903
  50.  30.
  2474388.
  3653.  802.
  0.147632465  0.0324120559
  50.  40.
  2474388.
  2776.  667.
  0.11218936  0.0269561596
  50.  50.
  2474388.
  2904.  846.
  0.11736235  0.034190271
  50.  60.
  2474388.
  1322.  493.
  0.0534273535  0.0199241191
  50.  70.
  2474388.
  1034.  396.
  0.0417881124  0.016003957
  50.  80.
  2474388.
  889.  353.
  0.0359280743  0.0142661538
  50.  90.
  2474388.
  816.  374.
  0.032977853  0.0151148485
  50.  100.
  2474388.
  903.  443.
  0.0364938714  0.0179034173
  60.  0.
  2474388.
  18449.  959.
  0.745598495  0.0387570597
  60.  10.
  2474388.
  4725.  729.
  0.190956309  0.0294618309
  60.  20.
  2474388.
  3135.  571.
  0.126698002  0.0230764132
  60.  30.
  2474388.
  2126.  590.
  0.085920237  0.0238442793
  60.  40.
  2474388.
  1579.  502.
  0.0638137609  0.0202878453
  60.  50.
  2474388.
  1741.  673.
  0.0703608319  0.0271986444
  60.  60.
  2474388.
  767.  369.
  0.0309975632  0.0149127785
  60.  70.
  2474388.
  588.  315.
  0.0237634517  0.0127304206
  60.  80.
  2474388.
  484.  262.
  0.0195603929  0.0105884764
  60.  90.
  2474388.
  452.  250.
  0.0182671435  0.0101035088
  60.  100.
  2474388.
  488.  264.
  0.0197220482  0.010669305
  70.  0.
  2474388.
  16609.  958.
  0.671236694  0.038716644
  70.  10.
  2474388.
  4516.  738.
  0.18250978  0.029825557
  70.  20.
  2474388.
  3137.  653.
  0.126778826  0.0263903644
  70.  30.
  2474388.
  2282.  662.
  0.0922248214  0.0267540906
  70.  40.
  2474388.
  1700.  610.
  0.06870386  0.0246525612
  70.  50.
  2474388.
  1845.  840.
  0.0745638907  0.0339477882
  70.  60.
  2474388.
  852.  452.
  0.0344327576  0.0182671435
  70.  70.
  2474388.
  685.  421.
  0.0276836138  0.0170143079
  70.  80.
  2474388.
  549.  331.
  0.0221873038  0.0133770453
  70.  90.
  2474388.
  463.  288.
  0.0187116973  0.0116392421
  70.  100.
  2474388.
  399.  325.
  0.0161252003  0.0131345605
  80.  0.
  2474388.
  18348.  1054.
  0.741516709  0.0425963923
  80.  10.
  2474388.
  5089.  886.
  0.205667019  0.0358068347
  80.  20.
  2474388.
  3471.  867.
  0.140277117  0.0350389667
  80.  30.
  2474388.
  2853.  830.
  0.115301237  0.0335436463
  80.  40.
  2474388.
  2060.  833.
  0.0832529068  0.0336648896
  80.  50.
  2474388.
  2180.  1125.
  0.088102594  0.0454657897
  80.  60.
  2474388.
  1053.  592.
  0.0425559767  0.0239251088
  80.  70.
  2474388.
  798.  566.
  0.0322504006  0.0228743423
  80.  80.
  2474388.
  592.  486.
  0.0239251088  0.0196412206
  80.  90.
  2474388.
  440.  421.
  0.0177821741  0.0170143079
  80.  100.
  2474388.
  444.  368.
  0.0179438312  0.0148723647
  90.  0.
  2474388.
  22796.  1408.
  0.921278298  0.0569029599
  90.  10.
  2474388.
  6717.  1260.
  0.27146107  0.0509216823
  90.  20.
  2474388.
  4800.  1348.
  0.193987355  0.0544781163
  90.  30.
  2474388.
  3657.  1389.
  0.147794127  0.0561350919
  90.  40.
  2474388.
  2830.  1351.
  0.114371717  0.0545993596
  90.  50.
  2474388.
  2948.  1852.
  0.119140573  0.0748467892
  90.  60.
  2474388.
  1381.  952.
  0.0558117814  0.0384741612
  90.  70.
  2474388.
  1036.  899.
  0.04186894  0.0363322161
  90.  80.
  2474388.
  825.  864.
  0.0333415791  0.0349177234
  90.  90.
  2474388.
  628.  653.
  0.0253800135  0.0263903644
  90.  100.
  2474388.
  538.  569.
  0.02174275  0.0229955856
  100.  0.
  2474388.
  120317.  8489.
  4.86249542  0.343074739
  100.  10.
  2474388.
  37039.  6870.
  1.49689543  0.277644426
  100.  20.
  2474388.
  26462.  7632.
  1.06943619  0.30843991
  100.  30.
  2474388.
  20981.  8503.
  0.847926855  0.343640536
  100.  40.
  2474388.
  16660.  8785.
  0.673297822  0.355037272
  100.  50.
  2474388.
  17690.  12107.
  0.714924276  0.489292711
  100.  60.
  2474388.
  7869.  6797.
  0.318018019  0.274694175
  100.  70.
  2474388.
  5608.  5844.
  0.226641908  0.23617962
  100.  80.
  2474388.
  4120.  4854.
  0.166505814  0.196169719
  100.  90.
  2474388.
  2908.  3903.
  0.117524013  0.157735974
  100.  100.
  2474388.
  1740.  2639.
  0.07032042  0.106652632
