  0.  0.
  16777216.
  16777216.  2811.
  100.  0.0167548656
  0.  10.
  16777216.
  1820359.  2795.
  10.8501854  0.0166594982
  0.  20.
  16777216.
  1079603.  2902.
  6.43493557  0.0172972679
  0.  30.
  16777216.
  768543.  2937.
  4.58087349  0.0175058842
  0.  40.
  16777216.
  607996.  2878.
  3.62393856  0.0171542168
  0.  50.
  16777216.
  737569.  4056.
  4.39625359  0.0241756439
  0.  60.
  16777216.
  395123.  2652.
  2.35511661  0.0158071518
  0.  70.
  16777216.
  353648.  2556.
  2.10790634  0.0152349472
  0.  80.
  16777216.
  342018.  2606.
  2.03858614  0.0155329704
  0.  90.
  16777216.
  353058.  2885.
  2.10438967  0.01719594
  0.  100.
  16777216.
  556157.  3604.
  3.31495404  0.021481514
  10.  0.
  16777216.
  361744.  629.
  2.15616226  0.00374913216
  10.  10.
  16777216.
  104484.  803.
  0.62277317  0.00478625298
  10.  20.
  16777216.
  69312.  924.
  0.413131714  0.00550746918
  10.  30.
  16777216.
  51414.  1059.
  0.306451321  0.00631213188
  10.  40.
  16777216.
  41146.  1091.
  0.245249271  0.00650286674
  10.  50.
  16777216.
  48114.  1570.
  0.286781788  0.00935792923
  10.  60.
  16777216.
  25446.  1002.
  0.151669979  0.00597238541
  10.  70.
  16777216.
  21149.  1007.
  0.126057863  0.00600218773
  10.  80.
  16777216.
  17283.  974.
  0.103014708  0.0058054924
  10.  90.
  16777216.
  13609.  862.
  0.0811159611  0.00513792038
  10.  100.
  16777216.
  8351.  741.
  0.0497758389  0.00441670418
  20.  0.
  16777216.
  211432.  448.
  1.26023293  0.00267028809
  20.  10.
  16777216.
  67839.  620.
  0.40435195  0.00369548798
  20.  20.
  16777216.
  47287.  720.
  0.281852484  0.00429153442
  20.  30.
  16777216.
  36383.  888.
  0.216859579  0.00529289246
  20.  40.
  16777216.
  29372.  967.
  0.175070763  0.00576376915
  20.  50.
  16777216.
  34928.  1463.
  0.208187103  0.00872015953
  20.  60.
  16777216.
  18218.  957.
  0.108587742  0.00570416451
  20.  70.
  16777216.
  15117.  907.
  0.0901043415  0.00540614128
  20.  80.
  16777216.
  12190.  839.
  0.072658062  0.0050008297
  20.  90.
  16777216.
  9621.  685.
  0.0573456287  0.00408291817
  20.  100.
  16777216.
  5822.  541.
  0.0347018242  0.00322461128
  30.  0.
  16777216.
  153751.  375.
  0.916427374  0.00223517418
  30.  10.
  16777216.
  53119.  589.
  0.316613913  0.00351071358
  30.  20.
  16777216.
  38401.  684.
  0.228887796  0.0040769577
  30.  30.
  16777216.
  30226.  763.
  0.180160999  0.0045478344
  30.  40.
  16777216.
  24080.  922.
  0.143527985  0.00549554825
  30.  50.
  16777216.
  28744.  1434.
  0.171327591  0.00854730606
  30.  60.
  16777216.
  14788.  923.
  0.0881433487  0.00550150871
  30.  70.
  16777216.
  12225.  785.
  0.0728666782  0.00467896461
  30.  80.
  16777216.
  9553.  728.
  0.0569403172  0.00433921814
  30.  90.
  16777216.
  7037.  579.
  0.0419437885  0.00345110893
  30.  100.
  16777216.
  4257.  394.
  0.0253736973  0.002348423
  40.  0.
  16777216.
  132293.  351.
  0.788527727  0.00209212303
  40.  10.
  16777216.
  46881.  550.
  0.279432535  0.00327825546
  40.  20.
  16777216.
  34318.  763.
  0.20455122  0.0045478344
  40.  30.
  16777216.
  27075.  878.
  0.161379576  0.00523328781
  40.  40.
  16777216.
  22122.  1014.
  0.131857395  0.00604391098
  40.  50.
  16777216.
  26015.  1518.
  0.155061483  0.00904798508
  40.  60.
  16777216.
  13284.  938.
  0.0791788101  0.00559091568
  40.  70.
  16777216.
  11002.  831.
  0.0655770302  0.00495314598
  40.  80.
  16777216.
  8661.  696.
  0.0516235828  0.00414848328
  40.  90.
  16777216.
  6542.  563.
  0.0389933586  0.0033557415
  40.  100.
  16777216.
  3954.  426.
  0.0235676765  0.00253915787
  50.  0.
  16777216.
  189579.  588.
  1.1299789  0.00350475311
  50.  10.
  16777216.
  62017.  806.
  0.369650126  0.00480413437
  50.  20.
  16777216.
  46120.  1110.
  0.274896622  0.00661611557
  50.  30.
  16777216.
  36251.  1329.
  0.216072798  0.00792145729
  50.  40.
  16777216.
  29754.  1528.
  0.17734766  0.00910758972
  50.  50.
  16777216.
  36409.  2331.
  0.217014551  0.0138938427
  50.  60.
  16777216.
  18778.  1540.
  0.111925602  0.0091791153
  50.  70.
  16777216.
  15740.  1395.
  0.0938177109  0.00831484795
  50.  80.
  16777216.
  12714.  1143.
  0.0757813454  0.0068128109
  50.  90.
  16777216.
  9768.  992.
  0.058221817  0.00591278076
  50.  100.
  16777216.
  5650.  623.
  0.0336766243  0.00371336937
  60.  0.
  16777216.
  92084.  329.
  0.548863411  0.00196099281
  60.  10.
  16777216.
  33383.  508.
  0.198978186  0.00302791595
  60.  20.
  16777216.
  25627.  645.
  0.152748823  0.00384449959
  60.  30.
  16777216.
  21247.  850.
  0.126641989  0.00506639481
  60.  40.
  16777216.
  18231.  1008.
  0.108665228  0.00600814819
  60.  50.
  16777216.
  23754.  1590.
  0.141584873  0.00947713852
  60.  60.
  16777216.
  13122.  1117.
  0.0782132149  0.00665783882
  60.  70.
  16777216.
  11238.  1215.
  0.0669836998  0.00724196434
  60.  80.
  16777216.
  9833.  1134.
  0.0586092472  0.00675916672
  60.  90.
  16777216.
  8538.  962.
  0.0508904457  0.00573396683
  60.  100.
  16777216.
  5337.  668.
  0.0318109989  0.00398159027
  70.  0.
  16777216.
  77075.  337.
  0.4594028  0.00200867653
  70.  10.
  16777216.
  30355.  500.
  0.180929899  0.00298023224
  70.  20.
  16777216.
  24271.  609.
  0.144666433  0.00362992287
  70.  30.
  16777216.
  20878.  852.
  0.124442577  0.00507831573
  70.  40.
  16777216.
  18703.  1085.
  0.111478567  0.00646710396
  70.  50.
  16777216.
  25018.  1909.
  0.1491189  0.0113785267
  70.  60.
  16777216.
  14554.  1444.
  0.0867486  0.00860691071
  70.  70.
  16777216.
  13230.  1467.
  0.078856945  0.00874400139
  70.  80.
  16777216.
  11381.  1615.
  0.0678360462  0.00962615013
  70.  90.
  16777216.
  9162.  1421.
  0.0546097755  0.00846982002
  70.  100.
  16777216.
  4176.  729.
  0.0248908997  0.0043451786
  80.  0.
  16777216.
  71144.  351.
  0.424051285  0.00209212303
  80.  10.
  16777216.
  28836.  472.
  0.171875954  0.00281333923
  80.  20.
  16777216.
  23453.  665.
  0.139790773  0.00396370888
  80.  30.
  16777216.
  20612.  799.
  0.122857094  0.00476241112
  80.  40.
  16777216.
  18436.  984.
  0.109887123  0.00586509705
  80.  50.
  16777216.
  23304.  1884.
  0.138902664  0.0112295151
  80.  60.
  16777216.
  12029.  1418.
  0.0716984272  0.00845193863
  80.  70.
  16777216.
  9436.  1349.
  0.0562429428  0.00804066658
  80.  80.
  16777216.
  6226.  1003.
  0.0371098518  0.00597834587
  80.  90.
  16777216.
  3449.  597.
  0.020557642  0.00355839729
  80.  100.
  16777216.
  1423.  236.
  0.00848174095  0.00140666962
  90.  0.
  16777216.
  66395.  364.
  0.395745039  0.00216960907
  90.  10.
  16777216.
  29793.  529.
  0.177580118  0.00315308571
  90.  20.
  16777216.
  23432.  710.
  0.139665604  0.00423192978
  90.  30.
  16777216.
  20531.  830.
  0.122374296  0.00494718552
  90.  40.
  16777216.
  17253.  1042.
  0.102835894  0.00621080399
  90.  50.
  16777216.
  19714.  1681.
  0.117504597  0.0100195408
  90.  60.
  16777216.
  8758.  1149.
  0.0522017479  0.00684857368
  90.  70.
  16777216.
  5616.  870.
  0.0334739685  0.0051856041
  90.  80.
  16777216.
  2849.  577.
  0.0169813633  0.003439188
  90.  90.
  16777216.
  1461.  339.
  0.0087082386  0.00202059746
  90.  100.
  16777216.
  533.  137.
  0.00317692757  0.000816583633
  100.  0.
  16777216.
  107356.  476.
  0.639891624  0.00283718109
  100.  10.
  16777216.
  42555.  592.
  0.253647566  0.00352859497
  100.  20.
  16777216.
  27926.  718.
  0.166451931  0.00427961349
  100.  30.
  16777216.
  20901.  852.
  0.124579668  0.00507831573
  100.  40.
  16777216.
  15776.  928.
  0.0940322876  0.00553131104
  100.  50.
  16777216.
  16333.  1392.
  0.0973522663  0.00829696655
  100.  60.
  16777216.
  6137.  710.
  0.0365793705  0.00423192978
  100.  70.
  16777216.
  3419.  516.
  0.020378828  0.00307559967
  100.  80.
  16777216.
  1652.  387.
  0.00984668732  0.00230669975
  100.  90.
  16777216.
  816.  210.
  0.00486373901  0.00125169754
  100.  100.
  16777216.
  310.  84.
  0.00184774399  0.000500679016
