  0.  0.
  15587117.
  10589311.  84992.
  67.9363022  0.545270801
  0.  10.
  15587117.
  623159.  62756.
  3.9979105  0.402614534
  0.  20.
  15587117.
  121129.  29325.
  0.777109683  0.188136145
  0.  30.
  15587117.
  110413.  45615.
  0.708360612  0.292645514
  0.  40.
  15587117.
  51199.  34571.
  0.328469992  0.221792132
  0.  50.
  15587117.
  31622.  31075.
  0.202872664  0.199363366
  0.  60.
  15587117.
  18673.  27550.
  0.119797654  0.176748529
  0.  70.
  15587117.
  8402.  18894.
  0.0539034903  0.121215485
  0.  80.
  15587117.
  2220.  7982.
  0.0142425308  0.051208958
  0.  90.
  15587117.
  346.  2229.
  0.00221978198  0.0143002709
  0.  100.
  15587117.
  38.  410.
  0.000243791073  0.00263037742
  10.  0.
  15587117.
  637543.  57884.
  4.09019184  0.371357948
  10.  10.
  15587117.
  239839.  42187.
  1.53870022  0.270653009
  10.  20.
  15587117.
  100004.  30868.
  0.641581118  0.198035344
  10.  30.
  15587117.
  67941.  34264.
  0.435879201  0.219822556
  10.  40.
  15587117.
  36702.  28450.
  0.235463679  0.182522535
  10.  50.
  15587117.
  23063.  25644.
  0.147961929  0.164520487
  10.  60.
  15587117.
  18174.  30234.
  0.116596289  0.193967879
  10.  70.
  15587117.
  7751.  19115.
  0.049726963  0.122633323
  10.  80.
  15587117.
  1827.  7204.
  0.011721218  0.0462176539
  10.  90.
  15587117.
  419.  3086.
  0.00268811733  0.0197984017
  10.  100.
  15587117.
  63.  384.
  0.00040417994  0.00246357289
  20.  0.
  15587117.
  193519.  43996.
  1.24153173  0.282258749
  20.  10.
  15587117.
  92752.  30589.
  0.595055521  0.196245402
  20.  20.
  15587117.
  47592.  22990.
  0.305329084  0.147493601
  20.  30.
  15587117.
  35598.  24194.
  0.228380919  0.155217931
  20.  40.
  15587117.
  19939.  19295.
  0.127919748  0.123788126
  20.  50.
  15587117.
  13483.  16745.
  0.0865009204  0.107428461
  20.  60.
  15587117.
  11271.  20615.
  0.0723097175  0.132256657
  20.  70.
  15587117.
  4867.  13191.
  0.0312245041  0.0846275836
  20.  80.
  15587117.
  1140.  4653.
  0.00731373206  0.0298515763
  20.  90.
  15587117.
  358.  2446.
  0.00229676859  0.0156924464
  20.  100.
  15587117.
  30.  232.
  0.000192466643  0.00148840866
  30.  0.
  15587117.
  101322.  40602.
  0.650036812  0.260484338
  30.  10.
  15587117.
  58954.  31757.
  0.378222615  0.203738764
  30.  20.
  15587117.
  40784.  28805.
  0.261651993  0.184800044
  30.  30.
  15587117.
  34177.  31415.
  0.219264403  0.201544642
  30.  40.
  15587117.
  23932.  30242.
  0.15353705  0.194019198
  30.  50.
  15587117.
  16431.  26309.
  0.105413981  0.168786824
  30.  60.
  15587117.
  13683.  30342.
  0.087784037  0.194660753
  30.  70.
  15587117.
  6141.  19685.
  0.0393979214  0.126290187
  30.  80.
  15587117.
  1550.  6520.
  0.00994410925  0.0418294147
  30.  90.
  15587117.
  652.  4046.
  0.00418294175  0.0259573348
  30.  100.
  15587117.
  98.  524.
  0.000628724345  0.00336175063
  40.  0.
  15587117.
  52964.  33385.
  0.339793444  0.214183286
  40.  10.
  15587117.
  30808.  26314.
  0.197650403  0.168818906
  40.  20.
  15587117.
  21157.  22323.
  0.135733888  0.143214419
  40.  30.
  15587117.
  19739.  26255.
  0.126636639  0.168440387
  40.  40.
  15587117.
  16589.  26513.
  0.106427632  0.170095593
  40.  50.
  15587117.
  11994.  23837.
  0.0769481584  0.152927577
  40.  60.
  15587117.
  9854.  24251.
  0.0632188767  0.15558362
  40.  70.
  15587117.
  4128.  14894.
  0.0264834091  0.0955532715
  40.  80.
  15587117.
  1072.  5013.
  0.00687747449  0.0321611762
  40.  90.
  15587117.
  420.  3018.
  0.00269453297  0.0193621442
  40.  100.
  15587117.
  56.  477.
  0.000359271071  0.00306021958
  50.  0.
  15587117.
  27607.  25446.
  0.177114218  0.163250208
  50.  10.
  15587117.
  17582.  21645.
  0.112798281  0.138864681
  50.  20.
  15587117.
  13606.  19838.
  0.0872900337  0.127271771
  50.  30.
  15587117.
  13166.  23276.
  0.084467195  0.149328455
  50.  40.
  15587117.
  12464.  25579.
  0.0799634755  0.164103478
  50.  50.
  15587117.
  10923.  25629.
  0.0700771064  0.164424255
  50.  60.
  15587117.
  8617.  24244.
  0.0552828349  0.155538708
  50.  70.
  15587117.
  3599.  13105.
  0.0230895802  0.0840758458
  50.  80.
  15587117.
  1174.  5211.
  0.00753186131  0.0334314555
  50.  90.
  15587117.
  375.  2787.
  0.00240583299  0.017880151
  50.  100.
  15587117.
  88.  645.
  0.000564568792  0.00413803291
  60.  0.
  15587117.
  16920.  23628.
  0.108551182  0.151586726
  60.  10.
  15587117.
  12629.  22889.
  0.0810220391  0.146845624
  60.  20.
  15587117.
  10224.  21412.
  0.0655926317  0.137369856
  60.  30.
  15587117.
  9711.  23675.
  0.0623014495  0.151888251
  60.  40.
  15587117.
  8795.  23609.
  0.056424804  0.151464835
  60.  50.
  15587117.
  7135.  22288.
  0.0457749814  0.142989874
  60.  60.
  15587117.
  7350.  22780.
  0.047154326  0.146146327
  60.  70.
  15587117.
  2642.  10299.
  0.0169498958  0.0660737976
  60.  80.
  15587117.
  698.  4316.
  0.00447805692  0.0276895333
  60.  90.
  15587117.
  235.  2216.
  0.00150765537  0.0142168691
  60.  100.
  15587117.
  50.  486.
  0.000320777734  0.00311795948
  70.  0.
  15587117.
  5713.  11404.
  0.0366520621  0.0731629878
  70.  10.
  15587117.
  4509.  12082.
  0.028927736  0.0775127336
  70.  20.
  15587117.
  4099.  13357.
  0.0262973588  0.0856925622
  70.  30.
  15587117.
  3919.  14905.
  0.0251425579  0.0956238434
  70.  40.
  15587117.
  3542.  13659.
  0.0227238946  0.0876300633
  70.  50.
  15587117.
  2859.  11786.
  0.0183420703  0.0756137297
  70.  60.
  15587117.
  2667.  10350.
  0.0171102844  0.0664009899
  70.  70.
  15587117.
  712.  4574.
  0.00456787506  0.0293447468
  70.  80.
  15587117.
  236.  2646.
  0.0015140709  0.0169755574
  70.  90.
  15587117.
  60.  963.
  0.000384933286  0.00617817929
  70.  100.
  15587117.
  19.  269.
  0.000121895537  0.00172578415
  80.  0.
  15587117.
  1133.  3242.
  0.00726882322  0.0207992271
  80.  10.
  15587117.
  977.  3831.
  0.00626799697  0.0245779902
  80.  20.
  15587117.
  812.  3768.
  0.00520943012  0.0241738092
  80.  30.
  15587117.
  821.  4202.
  0.00526717026  0.0269581601
  80.  40.
  15587117.
  669.  3562.
  0.00429200614  0.0228522047
  80.  50.
  15587117.
  720.  3556.
  0.00461919932  0.0228137113
  80.  60.
  15587117.
  635.  3245.
  0.00407387735  0.0208184738
  80.  70.
  15587117.
  229.  1972.
  0.00146916194  0.0126514733
  80.  80.
  15587117.
  81.  1462.
  0.000519659894  0.00937954057
  80.  90.
  15587117.
  11.  403.
  7.05710991E-05  0.00258546858
  80.  100.
  15587117.
  0.  143.
  0.  0.000917424331
  90.  0.
  15587117.
  484.  1528.
  0.00310512842  0.00980296731
  90.  10.
  15587117.
  334.  2176.
  0.00214279513  0.0139602469
  90.  20.
  15587117.
  278.  2277.
  0.00178352417  0.0146082174
  90.  30.
  15587117.
  354.  2601.
  0.00227110623  0.0166868567
  90.  40.
  15587117.
  282.  2046.
  0.00180918642  0.0131262243
  90.  50.
  15587117.
  241.  1647.
  0.00154614868  0.0105664181
  90.  60.
  15587117.
  174.  1451.
  0.00111630652  0.0093089696
  90.  70.
  15587117.
  26.  613.
  0.000166804413  0.00393273495
  90.  80.
  15587117.
  16.  242.
  0.000102648875  0.00155256421
  90.  90.
  15587117.
  1.  122.
  6.41555471E-06  0.000782697636
  90.  100.
  15587117.
  0.  45.
  0.  0.000288699957
  100.  0.
  15587117.
  68.  275.
  0.000436257717  0.00176427746
  100.  10.
  15587117.
  34.  236.
  0.000218128858  0.0015140709
  100.  20.
  15587117.
  56.  256.
  0.000359271071  0.00164238201
  100.  30.
  15587117.
  77.  407.
  0.000493997708  0.00261113071
  100.  40.
  15587117.
  30.  336.
  0.000192466643  0.00215562643
  100.  50.
  15587117.
  44.  340.
  0.000282284396  0.00218128855
  100.  60.
  15587117.
  33.  285.
  0.000211713297  0.00182843301
  100.  70.
  15587117.
  11.  134.
  7.05710991E-05  0.000859684311
  100.  80.
  15587117.
  0.  48.
  0.  0.000307946611
  100.  90.
  15587117.
  0.  25.
  0.  0.000160388867
  100.  100.
  15587117.
  0.  3.
  0.  1.92466632E-05
