  0.  0.
  2405655.
  1180137.  2195.
  49.0567856  0.0912433416
  0.  10.
  2405655.
  118219.  637.
  4.9142127  0.026479274
  0.  20.
  2405655.
  65962.  381.
  2.741956  0.0158376824
  0.  30.
  2405655.
  45915.  339.
  1.90862775  0.0140917962
  0.  40.
  2405655.
  35308.  313.
  1.46770835  0.0130110094
  0.  50.
  2405655.
  40636.  390.
  1.68918657  0.0162118003
  0.  60.
  2405655.
  20696.  221.
  0.860306263  0.00918668695
  0.  70.
  2405655.
  17583.  173.
  0.730902791  0.0071913884
  0.  80.
  2405655.
  15642.  133.
  0.65021795  0.00552864
  0.  90.
  2405655.
  13967.  101.
  0.580590308  0.00419844082
  0.  100.
  2405655.
  14277.  111.
  0.593476593  0.0046141278
  10.  0.
  2405655.
  73497.  903.
  3.05517626  0.037536554
  10.  10.
  2405655.
  16850.  409.
  0.700432956  0.0170016065
  10.  20.
  2405655.
  8510.  249.
  0.353749812  0.0103506111
  10.  30.
  2405655.
  5384.  192.
  0.223805994  0.00798119418
  10.  40.
  2405655.
  3785.  177.
  0.157337606  0.00735766347
  10.  50.
  2405655.
  4433.  280.
  0.184274137  0.0116392421
  10.  60.
  2405655.
  2330.  145.
  0.0968551189  0.00602746429
  10.  70.
  2405655.
  2028.  147.
  0.0843013674  0.00611060206
  10.  80.
  2405655.
  1636.  91.
  0.0680064261  0.0037827536
  10.  90.
  2405655.
  1442.  80.
  0.0599420965  0.00332549773
  10.  100.
  2405655.
  1297.  63.
  0.0539146289  0.00261882949
  20.  0.
  2405655.
  46157.  652.
  1.91868746  0.0271028057
  20.  10.
  2405655.
  12599.  417.
  0.523724318  0.0173341557
  20.  20.
  2405655.
  6411.  289.
  0.266497076  0.0120133599
  20.  30.
  2405655.
  3927.  205.
  0.163240358  0.00852158759
  20.  40.
  2405655.
  2708.  217.
  0.112568095  0.00902041234
  20.  50.
  2405655.
  2983.  245.
  0.123999491  0.0101843365
  20.  60.
  2405655.
  1495.  138.
  0.0621452369  0.00573648326
  20.  70.
  2405655.
  1204.  115.
  0.0500487387  0.00478040287
  20.  80.
  2405655.
  885.  108.
  0.0367883183  0.00448942184
  20.  90.
  2405655.
  821.  79.
  0.0341279209  0.00328392885
  20.  100.
  2405655.
  735.  53.
  0.0305530094  0.00220314227
  30.  0.
  2405655.
  35258.  672.
  1.46562994  0.0279341806
  30.  10.
  2405655.
  10474.  440.
  0.43539077  0.0182902366
  30.  20.
  2405655.
  5463.  352.
  0.227089927  0.0146321896
  30.  30.
  2405655.
  3408.  266.
  0.141666204  0.01105728
  30.  40.
  2405655.
  2336.  209.
  0.0971045345  0.0086878622
  30.  50.
  2405655.
  2400.  259.
  0.0997649282  0.0107662985
  30.  60.
  2405655.
  1217.  137.
  0.0505891331  0.00569491461
  30.  70.
  2405655.
  936.  93.
  0.0389083214  0.0038658909
  30.  80.
  2405655.
  628.  110.
  0.0261051562  0.00457255915
  30.  90.
  2405655.
  596.  87.
  0.0247749574  0.00361647876
  30.  100.
  2405655.
  507.  62.
  0.0210753419  0.0025772606
  40.  0.
  2405655.
  29749.  684.
  1.23662782  0.0284330044
  40.  10.
  2405655.
  9494.  509.
  0.39465344  0.0211584792
  40.  20.
  2405655.
  5078.  417.
  0.21108596  0.0173341557
  40.  30.
  2405655.
  3233.  306.
  0.13439168  0.0127200289
  40.  40.
  2405655.
  2214.  242.
  0.0920331478  0.0100596305
  40.  50.
  2405655.
  2287.  323.
  0.095067665  0.0134266969
  40.  60.
  2405655.
  1099.  158.
  0.0456840247  0.00656785769
  40.  70.
  2405655.
  824.  131.
  0.034252625  0.00544550223
  40.  80.
  2405655.
  631.  140.
  0.0262298621  0.00581962103
  40.  90.
  2405655.
  429.  93.
  0.0178329814  0.0038658909
  40.  100.
  2405655.
  401.  71.
  0.0166690573  0.00295137917
  50.  0.
  2405655.
  40456.  1170.
  1.68170416  0.0486354046
  50.  10.
  2405655.
  13156.  902.
  0.546878099  0.0374949872
  50.  20.
  2405655.
  7196.  696.
  0.299128503  0.0289318301
  50.  30.
  2405655.
  4589.  576.
  0.190758854  0.0239435825
  50.  40.
  2405655.
  3159.  485.
  0.131315589  0.0201608296
  50.  50.
  2405655.
  3292.  662.
  0.136844233  0.0275184922
  50.  60.
  2405655.
  1546.  382.
  0.0642652437  0.0158792511
  50.  70.
  2405655.
  1128.  268.
  0.0468895175  0.0111404173
  50.  80.
  2405655.
  802.  232.
  0.0333381146  0.00964394305
  50.  90.
  2405655.
  636.  187.
  0.0264377054  0.00777335092
  50.  100.
  2405655.
  417.  146.
  0.0173341557  0.00606903341
  60.  0.
  2405655.
  24425.  797.
  1.01531601  0.0331302695
  60.  10.
  2405655.
  8451.  741.
  0.351297259  0.0308024213
  60.  20.
  2405655.
  4759.  628.
  0.197825536  0.0261051562
  60.  30.
  2405655.
  3050.  442.
  0.126784593  0.0183733739
  60.  40.
  2405655.
  2107.  436.
  0.0875852928  0.018123962
  60.  50.
  2405655.
  2175.  524.
  0.0904119685  0.0217820089
  60.  60.
  2405655.
  994.  263.
  0.0413193069  0.0109325731
  60.  70.
  2405655.
  680.  231.
  0.0282667298  0.0096023744
  60.  80.
  2405655.
  513.  181.
  0.0213247538  0.00752393855
  60.  90.
  2405655.
  392.  118.
  0.0162949376  0.00490510883
  60.  100.
  2405655.
  229.  109.
  0.00951923709  0.0045309905
  70.  0.
  2405655.
  23579.  831.
  0.980148852  0.0345436074
  70.  10.
  2405655.
  8590.  819.
  0.357075304  0.0340447836
  70.  20.
  2405655.
  5117.  638.
  0.212707147  0.0265208427
  70.  30.
  2405655.
  3484.  586.
  0.144825429  0.0243592709
  70.  40.
  2405655.
  2429.  549.
  0.100970425  0.0228212271
  70.  50.
  2405655.
  2380.  662.
  0.0989335552  0.0275184922
  70.  60.
  2405655.
  991.  335.
  0.0411946028  0.0139255216
  70.  70.
  2405655.
  719.  267.
  0.0298879091  0.0110988487
  70.  80.
  2405655.
  468.  203.
  0.0194541607  0.00843845028
  70.  90.
  2405655.
  316.  157.
  0.0131357154  0.00652628904
  70.  100.
  2405655.
  209.  106.
  0.0086878622  0.00440628454
  80.  0.
  2405655.
  25539.  1003.
  1.06162357  0.0416934267
  80.  10.
  2405655.
  9536.  943.
  0.396399319  0.0391993038
  80.  20.
  2405655.
  5669.  843.
  0.235653073  0.0350424312
  80.  30.
  2405655.
  3826.  830.
  0.159041926  0.0345020369
  80.  40.
  2405655.
  2471.  670.
  0.102716304  0.0278510433
  80.  50.
  2405655.
  2330.  819.
  0.0968551189  0.0340447836
  80.  60.
  2405655.
  1034.  425.
  0.0429820567  0.0176667068
  80.  70.
  2405655.
  797.  351.
  0.0331302695  0.014590621
  80.  80.
  2405655.
  477.  218.
  0.0198282804  0.00906198099
  80.  90.
  2405655.
  240.  128.
  0.00997649319  0.00532079628
  80.  100.
  2405655.
  142.  102.
  0.00590275833  0.00424000947
  90.  0.
  2405655.
  30667.  1236.
  1.2747879  0.0513789393
  90.  10.
  2405655.
  12859.  1184.
  0.534532189  0.0492173657
  90.  20.
  2405655.
  7807.  1077.
  0.324526995  0.0447695106
  90.  30.
  2405655.
  4967.  1069.
  0.206471831  0.0444369614
  90.  40.
  2405655.
  3261.  988.
  0.135555595  0.041069895
  90.  50.
  2405655.
  2950.  1126.
  0.122627728  0.0468063802
  90.  60.
  2405655.
  1106.  599.
  0.0459750034  0.0248996634
  90.  70.
  2405655.
  729.  449.
  0.0303035975  0.0186643563
  90.  80.
  2405655.
  499.  295.
  0.0207427908  0.0122627728
  90.  90.
  2405655.
  294.  218.
  0.0122212041  0.00906198099
  90.  100.
  2405655.
  165.  123.
  0.00685883872  0.00511295255
  100.  0.
  2405655.
  60241.  3112.
  2.50414133  0.129361853
  100.  10.
  2405655.
  28384.  3553.
  1.17988658  0.147693664
  100.  20.
  2405655.
  19085.  4143.
  0.793339014  0.172219202
  100.  30.
  2405655.
  13275.  4254.
  0.551824749  0.176833332
  100.  40.
  2405655.
  9662.  4069.
  0.401636988  0.169143125
  100.  50.
  2405655.
  9385.  5360.
  0.390122443  0.222808346
  100.  60.
  2405655.
  3690.  2916.
  0.153388575  0.12121439
  100.  70.
  2405655.
  2402.  2342.
  0.0998480693  0.0973539427
  100.  80.
  2405655.
  1615.  1641.
  0.0671334863  0.0682142675
  100.  90.
  2405655.
  912.  1005.
  0.0379106738  0.041776564
  100.  100.
  2405655.
  328.  327.
  0.0136345401  0.0135929715
