  0.  0.
  2390381.
  1160743.  2763.
  48.5589104  0.11558827
  0.  10.
  2390381.
  111476.  710.
  4.66352415  0.0297023784
  0.  20.
  2390381.
  62993.  472.
  2.63527036  0.0197458062
  0.  30.
  2390381.
  43616.  374.
  1.82464635  0.0156460404
  0.  40.
  2390381.
  33583.  306.
  1.40492249  0.0128013063
  0.  50.
  2390381.
  38641.  428.
  1.61652052  0.0179050956
  0.  60.
  2390381.
  20524.  203.
  0.858607888  0.00849237014
  0.  70.
  2390381.
  17374.  157.
  0.726829767  0.00656799041
  0.  80.
  2390381.
  15055.  142.
  0.629815936  0.0059404755
  0.  90.
  2390381.
  13723.  107.
  0.574092567  0.0044762739
  0.  100.
  2390381.
  14846.  129.
  0.621072531  0.00539662922
  10.  0.
  2390381.
  71510.  982.
  2.99157333  0.0410813168
  10.  10.
  2390381.
  16478.  456.
  0.689346194  0.0190764572
  10.  20.
  2390381.
  8393.  328.
  0.351115584  0.0137216616
  10.  30.
  2390381.
  5334.  227.
  0.223144338  0.00949639454
  10.  40.
  2390381.
  3840.  187.
  0.160643846  0.00782302022
  10.  50.
  2390381.
  4550.  266.
  0.190346226  0.0111279329
  10.  60.
  2390381.
  2360.  160.
  0.0987290293  0.00669349357
  10.  70.
  2390381.
  2049.  165.
  0.0857185498  0.00690266537
  10.  80.
  2390381.
  1593.  113.
  0.0666420981  0.00472727977
  10.  90.
  2390381.
  1422.  77.
  0.0594884232  0.00322124385
  10.  100.
  2390381.
  1520.  69.
  0.0635881871  0.00288656913
  20.  0.
  2390381.
  45191.  775.
  1.89053547  0.0324216112
  20.  10.
  2390381.
  12284.  479.
  0.513892949  0.0200386457
  20.  20.
  2390381.
  6074.  357.
  0.254101753  0.0149348574
  20.  30.
  2390381.
  3784.  270.
  0.15830113  0.0112952702
  20.  40.
  2390381.
  2579.  227.
  0.107890747  0.00949639454
  20.  50.
  2390381.
  2947.  331.
  0.123285785  0.0138471648
  20.  60.
  2390381.
  1452.  171.
  0.0607434548  0.00715367123
  20.  70.
  2390381.
  1222.  147.
  0.051121559  0.00614964729
  20.  80.
  2390381.
  949.  111.
  0.0397007838  0.00464361114
  20.  90.
  2390381.
  738.  87.
  0.0308737401  0.0036395872
  20.  100.
  2390381.
  834.  77.
  0.0348898359  0.00322124385
  30.  0.
  2390381.
  35641.  789.
  1.49101758  0.0330072902
  30.  10.
  2390381.
  10350.  544.
  0.432985365  0.0227578785
  30.  20.
  2390381.
  5140.  376.
  0.21502848  0.0157297105
  30.  30.
  2390381.
  3278.  346.
  0.137132958  0.0144746797
  30.  40.
  2390381.
  2331.  222.
  0.0975158364  0.00928722229
  30.  50.
  2390381.
  2478.  286.
  0.103665486  0.0119646201
  30.  60.
  2390381.
  1272.  170.
  0.053213276  0.00711183716
  30.  70.
  2390381.
  953.  154.
  0.0398681201  0.00644248771
  30.  80.
  2390381.
  713.  106.
  0.0298278816  0.00443443935
  30.  90.
  2390381.
  590.  126.
  0.0246822573  0.00527112605
  30.  100.
  2390381.
  601.  79.
  0.025142435  0.00330491248
  40.  0.
  2390381.
  29349.  886.
  1.22779596  0.0370652191
  40.  10.
  2390381.
  9393.  584.
  0.392949909  0.024431251
  40.  20.
  2390381.
  5110.  398.
  0.213773459  0.0166500658
  40.  30.
  2390381.
  3170.  322.
  0.132614836  0.0134706562
  40.  40.
  2390381.
  2151.  256.
  0.0899856538  0.0107095893
  40.  50.
  2390381.
  2236.  403.
  0.09354157  0.0168592371
  40.  60.
  2390381.
  1131.  204.
  0.0473146327  0.00853420421
  40.  70.
  2390381.
  912.  182.
  0.0381529145  0.00761384889
  40.  80.
  2390381.
  588.  146.
  0.0245985892  0.00610781275
  40.  90.
  2390381.
  528.  128.
  0.0220885295  0.00535479467
  40.  100.
  2390381.
  336.  85.
  0.0140563371  0.00355591858
  50.  0.
  2390381.
  38569.  1421.
  1.61350846  0.0594465919
  50.  10.
  2390381.
  13075.  1032.
  0.546983957  0.0431730337
  50.  20.
  2390381.
  7459.  825.
  0.312042296  0.0345133282
  50.  30.
  2390381.
  4663.  626.
  0.1950735  0.0261882935
  50.  40.
  2390381.
  3137.  536.
  0.131234303  0.022423204
  50.  50.
  2390381.
  3304.  807.
  0.138220638  0.0337603092
  50.  60.
  2390381.
  1534.  407.
  0.0641738698  0.0170265753
  50.  70.
  2390381.
  1173.  354.
  0.049071677  0.0148093542
  50.  80.
  2390381.
  796.  277.
  0.0333001316  0.0115881106
  50.  90.
  2390381.
  607.  191.
  0.0253934413  0.0079903584
  50.  100.
  2390381.
  433.  141.
  0.0181142669  0.00589864142
  60.  0.
  2390381.
  23533.  1059.
  0.984487414  0.0443025604
  60.  10.
  2390381.
  8401.  809.
  0.351450264  0.0338439755
  60.  20.
  2390381.
  5039.  699.
  0.210803211  0.0292422008
  60.  30.
  2390381.
  3182.  592.
  0.133116856  0.0247659273
  60.  40.
  2390381.
  2216.  473.
  0.0927048847  0.0197876412
  60.  50.
  2390381.
  2141.  579.
  0.0895673111  0.0242220797
  60.  60.
  2390381.
  989.  331.
  0.0413741581  0.0138471648
  60.  70.
  2390381.
  683.  239.
  0.0285728518  0.00999840628
  60.  80.
  2390381.
  557.  241.
  0.0233017243  0.0100820744
  60.  90.
  2390381.
  440.  145.
  0.0184071083  0.00606597867
  60.  100.
  2390381.
  248.  117.
  0.0103749149  0.00489461701
  70.  0.
  2390381.
  23008.  1080.
  0.962524354  0.0451810807
  70.  10.
  2390381.
  8075.  899.
  0.337812245  0.0376090668
  70.  20.
  2390381.
  5137.  840.
  0.214902982  0.0351408422
  70.  30.
  2390381.
  3400.  732.
  0.142236739  0.0306227338
  70.  40.
  2390381.
  2294.  612.
  0.0959679633  0.0256026126
  70.  50.
  2390381.
  2376.  796.
  0.099398382  0.0333001316
  70.  60.
  2390381.
  1100.  397.
  0.0460177697  0.0166082308
  70.  70.
  2390381.
  711.  280.
  0.0297442116  0.0117136138
  70.  80.
  2390381.
  501.  175.
  0.020959001  0.00732100848
  70.  90.
  2390381.
  319.  185.
  0.0133451531  0.00773935206
  70.  100.
  2390381.
  215.  112.
  0.00899438187  0.00468544569
  80.  0.
  2390381.
  25169.  1168.
  1.05292833  0.048862502
  80.  10.
  2390381.
  9316.  1146.
  0.389728665  0.0479421467
  80.  20.
  2390381.
  5843.  1067.
  0.244438022  0.0446372367
  80.  30.
  2390381.
  3897.  935.
  0.163028404  0.0391151048
  80.  40.
  2390381.
  2623.  791.
  0.109731458  0.0330909602
  80.  50.
  2390381.
  2591.  979.
  0.10839276  0.0409558155
  80.  60.
  2390381.
  1090.  586.
  0.0455994271  0.024514921
  80.  70.
  2390381.
  731.  413.
  0.0305808987  0.0172775798
  80.  80.
  2390381.
  459.  282.
  0.0192019604  0.0117972828
  80.  90.
  2390381.
  290.  212.
  0.0121319573  0.00886887871
  80.  100.
  2390381.
  179.  116.
  0.00748834619  0.00485278293
  90.  0.
  2390381.
  30294.  1503.
  1.26732934  0.0628770068
  90.  10.
  2390381.
  12853.  1445.
  0.537696719  0.0604506135
  90.  20.
  2390381.
  8091.  1406.
  0.338481605  0.0588190742
  90.  30.
  2390381.
  5199.  1299.
  0.217496708  0.0543428026
  90.  40.
  2390381.
  3485.  1227.
  0.145792663  0.0513307303
  90.  50.
  2390381.
  3185.  1499.
  0.133242354  0.0627096668
  90.  60.
  2390381.
  1275.  845.
  0.0533387773  0.0353500135
  90.  70.
  2390381.
  801.  588.
  0.0335093029  0.0245985892
  90.  80.
  2390381.
  507.  453.
  0.0212100074  0.0189509541
  90.  90.
  2390381.
  331.  319.
  0.0138471648  0.0133451531
  90.  100.
  2390381.
  148.  179.
  0.00619148184  0.00748834619
  100.  0.
  2390381.
  71548.  4283.
  2.99316311  0.179176465
  100.  10.
  2390381.
  31068.  4633.
  1.29970908  0.19381848
  100.  20.
  2390381.
  20181.  5064.
  0.844258726  0.211849079
  100.  30.
  2390381.
  13795.  4862.
  0.577104628  0.203398541
  100.  40.
  2390381.
  9319.  4255.
  0.389854163  0.178005099
  100.  50.
  2390381.
  8848.  5272.
  0.370150208  0.220550612
  100.  60.
  2390381.
  3618.  2848.
  0.151356623  0.119144186
  100.  70.
  2390381.
  2371.  2186.
  0.099189207  0.0914498568
  100.  80.
  2390381.
  1429.  1742.
  0.0597812645  0.0728754103
  100.  90.
  2390381.
  723.  974.
  0.0302462243  0.0407466441
  100.  100.
  2390381.
  288.  362.
  0.0120482882  0.0151440296
