  0.  0.
  2504936.
  1388208.  753.
  55.4188995  0.0300606489
  0.  10.
  2504936.
  73909.  223.
  2.95053458  0.00890242308
  0.  20.
  2504936.
  43811.  191.
  1.74898684  0.00762494514
  0.  30.
  2504936.
  30821.  169.
  1.2304107  0.00674667954
  0.  40.
  2504936.
  25115.  175.
  1.00262046  0.0069862064
  0.  50.
  2504936.
  33569.  259.
  1.34011412  0.0103395851
  0.  60.
  2504936.
  16831.  160.
  0.671913385  0.0063873888
  0.  70.
  2504936.
  15825.  160.
  0.63175267  0.0063873888
  0.  80.
  2504936.
  16503.  166.
  0.658819199  0.00662691565
  0.  90.
  2504936.
  17863.  191.
  0.713112056  0.00762494514
  0.  100.
  2504936.
  38963.  415.
  1.55544889  0.0165672898
  10.  0.
  2504936.
  48899.  234.
  1.95210576  0.00934155565
  10.  10.
  2504936.
  7604.  89.
  0.303560644  0.00355298491
  10.  20.
  2504936.
  4351.  88.
  0.173697054  0.00351306377
  10.  30.
  2504936.
  2991.  66.
  0.119404249  0.00263479794
  10.  40.
  2504936.
  2302.  64.
  0.0918985531  0.00255495543
  10.  50.
  2504936.
  2879.  117.
  0.114933074  0.00467077782
  10.  60.
  2504936.
  1587.  75.
  0.0633549094  0.00299408846
  10.  70.
  2504936.
  1467.  87.
  0.0585643724  0.00347314263
  10.  80.
  2504936.
  1433.  89.
  0.0572070517  0.00355298491
  10.  90.
  2504936.
  1405.  91.
  0.056089256  0.00363282743
  10.  100.
  2504936.
  2274.  195.
  0.0907807648  0.00778463017
  20.  0.
  2504936.
  30937.  190.
  1.2350415  0.007585024
  20.  10.
  2504936.
  5117.  102.
  0.204276681  0.00407196023
  20.  20.
  2504936.
  3058.  88.
  0.12207897  0.00351306377
  20.  30.
  2504936.
  2102.  64.
  0.0839143172  0.00255495543
  20.  40.
  2504936.
  1557.  76.
  0.062157277  0.0030340096
  20.  50.
  2504936.
  1921.  111.
  0.0766885877  0.00443125097
  20.  60.
  2504936.
  946.  74.
  0.0377654359  0.00295416731
  20.  70.
  2504936.
  933.  80.
  0.037246462  0.0031936944
  20.  80.
  2504936.
  805.  108.
  0.0321365483  0.00431148754
  20.  90.
  2504936.
  910.  84.
  0.0363282748  0.0033533792
  20.  100.
  2504936.
  1318.  177.
  0.0526161157  0.00706604868
  30.  0.
  2504936.
  25017.  185.
  0.998708129  0.00738541828
  30.  10.
  2504936.
  4272.  93.
  0.170543283  0.00371266971
  30.  20.
  2504936.
  2615.  85.
  0.104393885  0.00339330034
  30.  30.
  2504936.
  1849.  62.
  0.073814258  0.00247511314
  30.  40.
  2504936.
  1386.  77.
  0.0553307533  0.00307393074
  30.  50.
  2504936.
  1617.  107.
  0.0645525455  0.0042715664
  30.  60.
  2504936.
  824.  70.
  0.0328950509  0.00279448251
  30.  70.
  2504936.
  715.  73.
  0.0285436437  0.00291424617
  30.  80.
  2504936.
  668.  106.
  0.0266673472  0.00423164526
  30.  90.
  2504936.
  619.  79.
  0.0247112103  0.00315377326
  30.  100.
  2504936.
  943.  180.
  0.0376456715  0.00718581211
  40.  0.
  2504936.
  25278.  195.
  1.00912762  0.00778463017
  40.  10.
  2504936.
  4080.  97.
  0.162878409  0.00387235451
  40.  20.
  2504936.
  2380.  108.
  0.095012404  0.00431148754
  40.  30.
  2504936.
  1677.  89.
  0.0669478178  0.00355298491
  40.  40.
  2504936.
  1316.  70.
  0.0525362715  0.00279448251
  40.  50.
  2504936.
  1555.  143.
  0.0620774329  0.00570872892
  40.  60.
  2504936.
  780.  97.
  0.0311385207  0.00387235451
  40.  70.
  2504936.
  677.  86.
  0.0270266384  0.00343322149
  40.  80.
  2504936.
  603.  84.
  0.024072472  0.0033533792
  40.  90.
  2504936.
  524.  95.
  0.020918699  0.003792512
  40.  100.
  2504936.
  756.  176.
  0.0301804114  0.00702612754
  50.  0.
  2504936.
  50458.  430.
  2.01434278  0.0171661079
  50.  10.
  2504936.
  7821.  247.
  0.312223554  0.00986053143
  50.  20.
  2504936.
  4318.  207.
  0.172379658  0.00826368388
  50.  30.
  2504936.
  2945.  192.
  0.117567874  0.00766486628
  50.  40.
  2504936.
  2155.  192.
  0.0860301405  0.00766486628
  50.  50.
  2504936.
  2426.  272.
  0.0968487784  0.0108585609
  50.  60.
  2504936.
  1121.  187.
  0.0447516441  0.00746526057
  50.  70.
  2504936.
  993.  193.
  0.0396417305  0.00770478789
  50.  80.
  2504936.
  809.  175.
  0.0322962329  0.0069862064
  50.  90.
  2504936.
  695.  177.
  0.0277452189  0.00706604868
  50.  100.
  2504936.
  1062.  343.
  0.0423962921  0.0136929648
  60.  0.
  2504936.
  21128.  226.
  0.843454659  0.00902218651
  60.  10.
  2504936.
  4124.  190.
  0.164634943  0.007585024
  60.  20.
  2504936.
  2464.  153.
  0.0983657837  0.00610794034
  60.  30.
  2504936.
  1677.  155.
  0.0669478178  0.00618778262
  60.  40.
  2504936.
  1313.  136.
  0.0524165072  0.00542928046
  60.  50.
  2504936.
  1513.  186.
  0.060400743  0.00742533943
  60.  60.
  2504936.
  785.  151.
  0.0313381255  0.00602809805
  60.  70.
  2504936.
  622.  161.
  0.0248309746  0.00642730994
  60.  80.
  2504936.
  485.  138.
  0.0193617716  0.00550912274
  60.  90.
  2504936.
  462.  163.
  0.0184435844  0.00650715223
  60.  100.
  2504936.
  550.  242.
  0.0219566487  0.00966092572
  70.  0.
  2504936.
  18940.  252.
  0.756107152  0.0100601371
  70.  10.
  2504936.
  4058.  191.
  0.162000149  0.00762494514
  70.  20.
  2504936.
  2376.  145.
  0.0948527232  0.0057885712
  70.  30.
  2504936.
  1691.  167.
  0.0675067157  0.00666683679
  70.  40.
  2504936.
  1394.  169.
  0.0556501262  0.00674667954
  70.  50.
  2504936.
  1706.  294.
  0.0681055337  0.011736827
  70.  60.
  2504936.
  854.  204.
  0.0340926871  0.00814392045
  70.  70.
  2504936.
  672.  231.
  0.0268270336  0.00922179222
  70.  80.
  2504936.
  521.  227.
  0.0207989346  0.00906210765
  70.  90.
  2504936.
  435.  225.
  0.0173657127  0.00898226537
  70.  100.
  2504936.
  560.  322.
  0.0223558601  0.0128546199
  80.  0.
  2504936.
  21038.  250.
  0.839861751  0.00998029485
  80.  10.
  2504936.
  4573.  209.
  0.18255955  0.00834352616
  80.  20.
  2504936.
  3135.  228.
  0.125152901  0.00910202879
  80.  30.
  2504936.
  2127.  222.
  0.0849123523  0.00886250194
  80.  40.
  2504936.
  1702.  243.
  0.0679458454  0.00970084686
  80.  50.
  2504936.
  1980.  396.
  0.0790439323  0.0158087872
  80.  60.
  2504936.
  996.  246.
  0.0397614948  0.00982061028
  80.  70.
  2504936.
  782.  275.
  0.031218363  0.0109783243
  80.  80.
  2504936.
  619.  254.
  0.0247112103  0.0101399794
  80.  90.
  2504936.
  568.  248.
  0.0226752292  0.00990045257
  80.  100.
  2504936.
  587.  274.
  0.0234337319  0.0109384032
  90.  0.
  2504936.
  27528.  381.
  1.09895027  0.0152099691
  90.  10.
  2504936.
  6358.  345.
  0.25381887  0.0137728071
  90.  20.
  2504936.
  3932.  337.
  0.156970084  0.0134534379
  90.  30.
  2504936.
  2995.  367.
  0.11956393  0.0146510731
  90.  40.
  2504936.
  2366.  374.
  0.0944535136  0.0149305211
  90.  50.
  2504936.
  2709.  622.
  0.108146474  0.0248309746
  90.  60.
  2504936.
  1396.  434.
  0.0557299666  0.0173257925
  90.  70.
  2504936.
  1105.  377.
  0.0441129021  0.0150502846
  90.  80.
  2504936.
  958.  384.
  0.0382444896  0.0153297326
  90.  90.
  2504936.
  804.  319.
  0.0320966281  0.0127348565
  90.  100.
  2504936.
  805.  435.
  0.0321365483  0.0173657127
  100.  0.
  2504936.
  146991.  2789.
  5.86805391  0.111340173
  100.  10.
  2504936.
  40060.  2635.
  1.59924245  0.105192311
  100.  20.
  2504936.
  28085.  2998.
  1.12118638  0.119683698
  100.  30.
  2504936.
  21806.  3641.
  0.870521247  0.145353019
  100.  40.
  2504936.
  17011.  3932.
  0.679099202  0.156970084
  100.  50.
  2504936.
  18699.  6402.
  0.746486127  0.255575389
  100.  60.
  2504936.
  8604.  4360.
  0.343481839  0.174056336
  100.  70.
  2504936.
  6588.  4183.
  0.263000727  0.166990295
  100.  80.
  2504936.
  5081.  3964.
  0.202839509  0.15824756
  100.  90.
  2504936.
  3982.  3929.
  0.158966139  0.156850308
  100.  100.
  2504936.
  3072.  3832.
  0.12263786  0.152977958
