  0.  0.
  2130723.
  982774.  4908.
  46.12397  0.230344355
  0.  10.
  2130723.
  25219.  1073.
  1.18358886  0.0503584929
  0.  20.
  2130723.
  4008.  230.
  0.188105166  0.010794458
  0.  30.
  2130723.
  4845.  262.
  0.227387607  0.0122962957
  0.  40.
  2130723.
  2173.  148.
  0.101984166  0.00694599887
  0.  50.
  2130723.
  746.  44.
  0.0350115895  0.00206502667
  0.  60.
  2130723.
  1248.  107.
  0.0585716665  0.00502176955
  0.  70.
  2130723.
  669.  31.
  0.0313977934  0.00145490526
  0.  80.
  2130723.
  1068.  57.
  0.0501238294  0.00267514819
  0.  90.
  2130723.
  947.  60.
  0.044445008  0.00281594554
  0.  100.
  2130723.
  364.  21.
  0.0170834027  0.000985580962
  10.  0.
  2130723.
  132522.  2664.
  6.21957922  0.125027984
  10.  10.
  2130723.
  11629.  935.
  0.545777202  0.0438818187
  10.  20.
  2130723.
  1989.  217.
  0.0933485925  0.0101843365
  10.  30.
  2130723.
  2633.  244.
  0.12357308  0.0114515116
  10.  40.
  2130723.
  1430.  195.
  0.0671133697  0.00915182289
  10.  50.
  2130723.
  501.  67.
  0.0235131457  0.0031444726
  10.  60.
  2130723.
  751.  102.
  0.035246253  0.00478710746
  10.  70.
  2130723.
  274.  36.
  0.0128594851  0.00168956735
  10.  80.
  2130723.
  396.  54.
  0.0185852405  0.00253435108
  10.  90.
  2130723.
  234.  19.
  0.0109821875  0.000891716103
  10.  100.
  2130723.
  67.  0.
  0.0031444726  0.
  20.  0.
  2130723.
  39766.  1010.
  1.86631489  0.0474017523
  20.  10.
  2130723.
  4055.  457.
  0.190310985  0.0214481186
  20.  20.
  2130723.
  783.  130.
  0.0367480889  0.00610121526
  20.  30.
  2130723.
  934.  125.
  0.0438348874  0.00586655317
  20.  40.
  2130723.
  589.  104.
  0.0276431981  0.00488097221
  20.  50.
  2130723.
  226.  35.
  0.0106067285  0.00164263498
  20.  60.
  2130723.
  303.  54.
  0.0142205255  0.00253435108
  20.  70.
  2130723.
  117.  23.
  0.00549109373  0.00107944582
  20.  80.
  2130723.
  151.  19.
  0.00708679622  0.000891716103
  20.  90.
  2130723.
  93.  14.
  0.00436471542  0.000657053955
  20.  100.
  2130723.
  31.  2.
  0.00145490526  9.38648518E-05
  30.  0.
  2130723.
  76656.  2015.
  3.59765196  0.0945688412
  30.  10.
  2130723.
  8997.  867.
  0.422251046  0.0406904146
  30.  20.
  2130723.
  1598.  209.
  0.0749980137  0.00980887748
  30.  30.
  2130723.
  1722.  291.
  0.0808176398  0.0136573361
  30.  40.
  2130723.
  961.  193.
  0.0451020598  0.00905795861
  30.  50.
  2130723.
  380.  71.
  0.0178343225  0.00333220232
  30.  60.
  2130723.
  666.  106.
  0.0312569961  0.00497483695
  30.  70.
  2130723.
  216.  34.
  0.0101374043  0.00159570249
  30.  80.
  2130723.
  328.  45.
  0.0153938355  0.00211195927
  30.  90.
  2130723.
  170.  15.
  0.00797851291  0.000703986385
  30.  100.
  2130723.
  58.  5.
  0.0027220808  0.000234662133
  40.  0.
  2130723.
  54698.  1981.
  2.56710982  0.0929731354
  40.  10.
  2130723.
  6920.  929.
  0.324772388  0.043600224
  40.  20.
  2130723.
  1422.  218.
  0.0667379126  0.0102312686
  40.  30.
  2130723.
  1697.  286.
  0.0796443298  0.0134226736
  40.  40.
  2130723.
  855.  206.
  0.0401272252  0.00966808014
  40.  50.
  2130723.
  344.  81.
  0.0161447544  0.0038015265
  40.  60.
  2130723.
  522.  147.
  0.0244987272  0.00689906674
  40.  70.
  2130723.
  190.  51.
  0.00891716126  0.00239355373
  40.  80.
  2130723.
  275.  49.
  0.0129064173  0.00229968899
  40.  90.
  2130723.
  111.  18.
  0.0052094995  0.000844783674
  40.  100.
  2130723.
  34.  3.
  0.00159570249  0.000140797274
  50.  0.
  2130723.
  25260.  1010.
  1.18551314  0.0474017523
  50.  10.
  2130723.
  3573.  466.
  0.167689562  0.0218705107
  50.  20.
  2130723.
  602.  116.
  0.0282533206  0.00544416159
  50.  30.
  2130723.
  855.  167.
  0.0401272252  0.00783771556
  50.  40.
  2130723.
  422.  98.
  0.0198054835  0.00459937798
  50.  50.
  2130723.
  129.  44.
  0.00605428312  0.00206502667
  50.  60.
  2130723.
  216.  67.
  0.0101374043  0.0031444726
  50.  70.
  2130723.
  112.  20.
  0.00525643164  0.000938648533
  50.  80.
  2130723.
  130.  36.
  0.00610121526  0.00168956735
  50.  90.
  2130723.
  58.  10.
  0.0027220808  0.000469324266
  50.  100.
  2130723.
  9.  2.
  0.000422391837  9.38648518E-05
  60.  0.
  2130723.
  55780.  2299.
  2.61789083  0.107897647
  60.  10.
  2130723.
  7609.  1226.
  0.357108831  0.0575391538
  60.  20.
  2130723.
  1366.  297.
  0.0641096979  0.0139389308
  60.  30.
  2130723.
  1662.  409.
  0.0780016929  0.0191953629
  60.  40.
  2130723.
  890.  227.
  0.0417698584  0.0106536606
  60.  50.
  2130723.
  303.  110.
  0.0142205255  0.0051625669
  60.  60.
  2130723.
  516.  127.
  0.0242171325  0.00596041791
  60.  70.
  2130723.
  215.  44.
  0.0100904712  0.00206502667
  60.  80.
  2130723.
  289.  63.
  0.0135634709  0.00295674289
  60.  90.
  2130723.
  113.  15.
  0.00530336425  0.000703986385
  60.  100.
  2130723.
  20.  5.
  0.000938648533  0.000234662133
  70.  0.
  2130723.
  52094.  2594.
  2.44489789  0.12174271
  70.  10.
  2130723.
  6330.  1188.
  0.297082245  0.0557557233
  70.  20.
  2130723.
  1119.  288.
  0.0525173843  0.0135165388
  70.  30.
  2130723.
  1120.  325.
  0.0525643192  0.0152530381
  70.  40.
  2130723.
  614.  190.
  0.02881651  0.00891716126
  70.  50.
  2130723.
  215.  51.
  0.0100904712  0.00239355373
  70.  60.
  2130723.
  296.  80.
  0.0138919977  0.00375459413
  70.  70.
  2130723.
  125.  25.
  0.00586655317  0.00117331068
  70.  80.
  2130723.
  140.  25.
  0.0065705399  0.00117331068
  70.  90.
  2130723.
  45.  6.
  0.00211195927  0.000281594548
  70.  100.
  2130723.
  23.  16.
  0.00107944582  0.000750918814
  80.  0.
  2130723.
  67386.  3289.
  3.16258836  0.154360756
  80.  10.
  2130723.
  9953.  1777.
  0.467118442  0.0833989233
  80.  20.
  2130723.
  1737.  443.
  0.0815216228  0.0207910649
  80.  30.
  2130723.
  1854.  643.
  0.0870127156  0.0301775504
  80.  40.
  2130723.
  1000.  443.
  0.0469324253  0.0207910649
  80.  50.
  2130723.
  359.  139.
  0.0168487411  0.0065236073
  80.  60.
  2130723.
  475.  161.
  0.0222929027  0.0075561204
  80.  70.
  2130723.
  159.  70.
  0.00746225566  0.00328526995
  80.  80.
  2130723.
  232.  96.
  0.0108883232  0.00450551277
  80.  90.
  2130723.
  83.  30.
  0.00389539148  0.00140797277
  80.  100.
  2130723.
  27.  8.
  0.00126717554  0.000375459407
  90.  0.
  2130723.
  91661.  5083.
  4.30187321  0.238557518
  90.  10.
  2130723.
  15865.  3074.
  0.744582951  0.144270271
  90.  20.
  2130723.
  3105.  967.
  0.145725191  0.0453836545
  90.  30.
  2130723.
  3428.  1213.
  0.160884351  0.0569290332
  90.  40.
  2130723.
  1780.  888.
  0.0835397169  0.041675996
  90.  50.
  2130723.
  600.  328.
  0.0281594563  0.0153938355
  90.  60.
  2130723.
  761.  484.
  0.0357155763  0.0227152947
  90.  70.
  2130723.
  267.  172.
  0.0125309573  0.00807237718
  90.  80.
  2130723.
  313.  200.
  0.0146898497  0.00938648544
  90.  90.
  2130723.
  124.  76.
  0.00581962103  0.00356686441
  90.  100.
  2130723.
  34.  20.
  0.00159570249  0.000938648533
  100.  0.
  2130723.
  202093.  16971.
  9.48471451  0.796490192
  100.  10.
  2130723.
  44222.  11755.
  2.07544565  0.551690698
  100.  20.
  2130723.
  10312.  4144.
  0.483967185  0.194487974
  100.  30.
  2130723.
  12421.  5798.
  0.582947671  0.272114217
  100.  40.
  2130723.
  7027.  3515.
  0.329794168  0.164967477
  100.  50.
  2130723.
  2299.  1355.
  0.107897647  0.0635934398
  100.  60.
  2130723.
  3194.  2031.
  0.149902165  0.0953197554
  100.  70.
  2130723.
  1084.  676.
  0.0508747511  0.0317263193
  100.  80.
  2130723.
  1379.  899.
  0.0647198185  0.0421922505
  100.  90.
  2130723.
  538.  452.
  0.0252496451  0.021213457
  100.  100.
  2130723.
  145.  88.
  0.00680520199  0.00413005333
