  0.  0.
  16777216.
  16777216.  157.
  100.  0.000935792923
  0.  10.
  16777216.
  114748.  15.
  0.683951378  8.94069672E-05
  0.  20.
  16777216.
  48825.  3.
  0.291019678  1.78813934E-05
  0.  30.
  16777216.
  29950.  4.
  0.178515911  2.38418579E-05
  0.  40.
  16777216.
  21030.  5.
  0.125348568  2.98023224E-05
  0.  50.
  16777216.
  22618.  1.
  0.134813786  5.96046448E-06
  0.  60.
  16777216.
  8962.  0.
  0.0534176826  0.
  0.  70.
  16777216.
  6714.  0.
  0.0400185585  0.
  0.  80.
  16777216.
  5238.  0.
  0.0312209129  0.
  0.  90.
  16777216.
  4305.  0.
  0.0256597996  0.
  0.  100.
  16777216.
  3441.  0.
  0.0205099583  0.
  10.  0.
  16777216.
  1143228.  235.
  6.81416988  0.00140070915
  10.  10.
  16777216.
  24993.  17.
  0.148969889  0.000101327896
  10.  20.
  16777216.
  10543.  20.
  0.062841177  0.00011920929
  10.  30.
  16777216.
  6183.  3.
  0.0368535519  1.78813934E-05
  10.  40.
  16777216.
  4448.  2.
  0.026512146  1.1920929E-05
  10.  50.
  16777216.
  4381.  4.
  0.0261127949  2.38418579E-05
  10.  60.
  16777216.
  1673.  2.
  0.00997185707  1.1920929E-05
  10.  70.
  16777216.
  1159.  1.
  0.00690817833  5.96046448E-06
  10.  80.
  16777216.
  724.  0.
  0.00431537628  0.
  10.  90.
  16777216.
  512.  0.
  0.00305175781  0.
  10.  100.
  16777216.
  373.  0.
  0.00222325325  0.
  20.  0.
  16777216.
  761547.  298.
  4.53917408  0.00177621841
  20.  10.
  16777216.
  18523.  22.
  0.110405684  0.000131130219
  20.  20.
  16777216.
  7602.  14.
  0.045311451  8.34465027E-05
  20.  30.
  16777216.
  4328.  8.
  0.0257968903  4.76837158E-05
  20.  40.
  16777216.
  3022.  5.
  0.0180125237  2.98023224E-05
  20.  50.
  16777216.
  3020.  12.
  0.0180006027  7.15255737E-05
  20.  60.
  16777216.
  1075.  9.
  0.00640749931  5.36441803E-05
  20.  70.
  16777216.
  743.  0.
  0.00442862511  0.
  20.  80.
  16777216.
  510.  1.
  0.00303983688  5.96046448E-06
  20.  90.
  16777216.
  368.  0.
  0.00219345093  0.
  20.  100.
  16777216.
  221.  0.
  0.00131726265  0.
  30.  0.
  16777216.
  598150.  429.
  3.56525183  0.00255703926
  30.  10.
  16777216.
  15802.  56.
  0.0941872597  0.000333786011
  30.  20.
  16777216.
  6601.  32.
  0.039345026  0.000190734863
  30.  30.
  16777216.
  3637.  18.
  0.0216782093  0.000107288361
  30.  40.
  16777216.
  2482.  6.
  0.0147938728  3.57627869E-05
  30.  50.
  16777216.
  2329.  17.
  0.0138819218  0.000101327896
  30.  60.
  16777216.
  846.  5.
  0.00504255295  2.98023224E-05
  30.  70.
  16777216.
  536.  4.
  0.00319480896  2.38418579E-05
  30.  80.
  16777216.
  351.  3.
  0.00209212303  1.78813934E-05
  30.  90.
  16777216.
  236.  0.
  0.00140666962  0.
  30.  100.
  16777216.
  178.  1.
  0.00106096268  5.96046448E-06
  40.  0.
  16777216.
  563337.  622.
  3.35775018  0.00370740891
  40.  10.
  16777216.
  14443.  78.
  0.0860869884  0.000464916229
  40.  20.
  16777216.
  5979.  62.
  0.0356376171  0.000369548798
  40.  30.
  16777216.
  3380.  37.
  0.0201463699  0.000220537186
  40.  40.
  16777216.
  2175.  21.
  0.0129640102  0.000125169754
  40.  50.
  16777216.
  2046.  21.
  0.0121951103  0.000125169754
  40.  60.
  16777216.
  736.  9.
  0.00438690186  5.36441803E-05
  40.  70.
  16777216.
  492.  6.
  0.00293254852  3.57627869E-05
  40.  80.
  16777216.
  297.  2.
  0.00177025795  1.1920929E-05
  40.  90.
  16777216.
  185.  9.
  0.00110268593  5.36441803E-05
  40.  100.
  16777216.
  107.  2.
  0.000637769699  1.1920929E-05
  50.  0.
  16777216.
  916301.  1898.
  5.46157932  0.0113129616
  50.  10.
  16777216.
  22479.  234.
  0.133985281  0.00139474869
  50.  20.
  16777216.
  9011.  140.
  0.0537097454  0.000834465027
  50.  30.
  16777216.
  4877.  74.
  0.0290691853  0.000441074371
  50.  40.
  16777216.
  3094.  55.
  0.0184416771  0.000327825546
  50.  50.
  16777216.
  2932.  44.
  0.0174760818  0.000262260437
  50.  60.
  16777216.
  1064.  23.
  0.0063419342  0.000137090683
  50.  70.
  16777216.
  643.  17.
  0.00383257866  0.000101327896
  50.  80.
  16777216.
  416.  10.
  0.00247955322  5.96046448E-05
  50.  90.
  16777216.
  223.  7.
  0.00132918358  4.17232513E-05
  50.  100.
  16777216.
  118.  4.
  0.000703334808  2.38418579E-05
  60.  0.
  16777216.
  574960.  2099.
  3.42702866  0.0125110149
  60.  10.
  16777216.
  16430.  288.
  0.0979304314  0.00171661377
  60.  20.
  16777216.
  6566.  130.
  0.0391364098  0.000774860382
  60.  30.
  16777216.
  3577.  102.
  0.0213205814  0.000607967377
  60.  40.
  16777216.
  2179.  52.
  0.0129878521  0.000309944153
  60.  50.
  16777216.
  1935.  64.
  0.0115334988  0.000381469727
  60.  60.
  16777216.
  673.  22.
  0.00401139259  0.000131130219
  60.  70.
  16777216.
  427.  17.
  0.00254511833  0.000101327896
  60.  80.
  16777216.
  276.  13.
  0.0016450882  7.74860382E-05
  60.  90.
  16777216.
  146.  11.
  0.000870227814  6.55651093E-05
  60.  100.
  16777216.
  59.  1.
  0.000351667404  5.96046448E-06
  70.  0.
  16777216.
  595096.  2954.
  3.54704857  0.0176072121
  70.  10.
  16777216.
  19227.  414.
  0.114601851  0.00246763229
  70.  20.
  16777216.
  7532.  233.
  0.0448942184  0.00138878822
  70.  30.
  16777216.
  3887.  130.
  0.0231683254  0.000774860382
  70.  40.
  16777216.
  2328.  88.
  0.0138759613  0.000524520874
  70.  50.
  16777216.
  2004.  59.
  0.0119447708  0.000351667404
  70.  60.
  16777216.
  620.  39.
  0.00369548798  0.000232458115
  70.  70.
  16777216.
  341.  15.
  0.00203251839  8.94069672E-05
  70.  80.
  16777216.
  207.  11.
  0.00123381615  6.55651093E-05
  70.  90.
  16777216.
  111.  4.
  0.000661611557  2.38418579E-05
  70.  100.
  16777216.
  47.  3.
  0.00028014183  1.78813934E-05
  80.  0.
  16777216.
  689994.  5057.
  4.11268473  0.0301420689
  80.  10.
  16777216.
  25239.  693.
  0.150436163  0.00413060188
  80.  20.
  16777216.
  9708.  360.
  0.0578641891  0.00214576721
  80.  30.
  16777216.
  4940.  216.
  0.0294446945  0.00128746033
  80.  40.
  16777216.
  2667.  119.
  0.0158965588  0.000709295273
  80.  50.
  16777216.
  2194.  139.
  0.0130772591  0.000828504562
  80.  60.
  16777216.
  658.  43.
  0.00392198563  0.000256299973
  80.  70.
  16777216.
  392.  18.
  0.00233650208  0.000107288361
  80.  80.
  16777216.
  224.  12.
  0.00133514404  7.15255737E-05
  80.  90.
  16777216.
  97.  14.
  0.000578165054  8.34465027E-05
  80.  100.
  16777216.
  40.  3.
  0.000238418579  1.78813934E-05
  90.  0.
  16777216.
  957800.  10780.
  5.70893288  0.0642538071
  90.  10.
  16777216.
  40871.  1736.
  0.243610144  0.0103473663
  90.  20.
  16777216.
  15245.  829.
  0.090867281  0.00494122505
  90.  30.
  16777216.
  7196.  487.
  0.0428915024  0.0029027462
  90.  40.
  16777216.
  3630.  314.
  0.0216364861  0.00187158585
  90.  50.
  16777216.
  2624.  224.
  0.0156402588  0.00133514404
  90.  60.
  16777216.
  773.  77.
  0.00460743904  0.000458955765
  90.  70.
  16777216.
  381.  38.
  0.00227093697  0.00022649765
  90.  80.
  16777216.
  218.  24.
  0.00129938126  0.000143051147
  90.  90.
  16777216.
  96.  13.
  0.00057220459  7.74860382E-05
  90.  100.
  16777216.
  51.  8.
  0.000303983688  4.76837158E-05
  100.  0.
  16777216.
  3179862.  73960.
  18.953455  0.440835953
  100.  10.
  16777216.
  124701.  12280.
  0.743275881  0.0731945038
  100.  20.
  16777216.
  41522.  5038.
  0.247490406  0.03002882
  100.  30.
  16777216.
  17390.  2462.
  0.103652477  0.0146746635
  100.  40.
  16777216.
  8735.  1352.
  0.0520646572  0.00805854797
  100.  50.
  16777216.
  5653.  959.
  0.0336945057  0.00571608543
  100.  60.
  16777216.
  1438.  292.
  0.00857114792  0.00174045563
  100.  70.
  16777216.
  632.  144.
  0.00376701355  0.000858306885
  100.  80.
  16777216.
  339.  62.
  0.00202059746  0.000369548798
  100.  90.
  16777216.
  196.  33.
  0.00116825104  0.000196695328
  100.  100.
  16777216.
  77.  22.
  0.000458955765  0.000131130219
