  0.  0.
  1146878.
  151068.  778.
  13.1721077  0.0678363368
  0.  10.
  1146878.
  1437.  10.
  0.125296682  0.000871932309
  0.  20.
  1146878.
  799.  9.
  0.0696673915  0.000784739095
  0.  30.
  1146878.
  542.  5.
  0.047258731  0.000435966154
  0.  40.
  1146878.
  409.  10.
  0.0356620327  0.000871932309
  0.  50.
  1146878.
  616.  9.
  0.0537110306  0.000784739095
  0.  60.
  1146878.
  318.  3.
  0.0277274475  0.000261579698
  0.  70.
  1146878.
  347.  4.
  0.0302560516  0.000348772941
  0.  80.
  1146878.
  430.  1.
  0.0374930911  8.71932352E-05
  0.  90.
  1146878.
  471.  0.
  0.0410680138  0.
  0.  100.
  1146878.
  2287.  11.
  0.199410915  0.00095912558
  10.  0.
  1146878.
  58806.  767.
  5.12748528  0.0668772087
  10.  10.
  1146878.
  152.  4.
  0.0132533712  0.000348772941
  10.  20.
  1146878.
  69.  3.
  0.00601633312  0.000261579698
  10.  30.
  1146878.
  40.  4.
  0.00348772923  0.000348772941
  10.  40.
  1146878.
  33.  0.
  0.00287737674  0.
  10.  50.
  1146878.
  31.  4.
  0.00270299031  0.000348772941
  10.  60.
  1146878.
  23.  0.
  0.00200544437  0.
  10.  70.
  1146878.
  20.  1.
  0.00174386462  8.71932352E-05
  10.  80.
  1146878.
  36.  1.
  0.00313895638  8.71932352E-05
  10.  90.
  1146878.
  24.  4.
  0.00209263759  0.000348772941
  10.  100.
  1146878.
  110.  0.
  0.00959125534  0.
  20.  0.
  1146878.
  50175.  786.
  4.37492037  0.0685338825
  20.  10.
  1146878.
  46.  1.
  0.00401088875  8.71932352E-05
  20.  20.
  1146878.
  18.  0.
  0.00156947819  0.
  20.  30.
  1146878.
  15.  0.
  0.00130789843  0.
  20.  40.
  1146878.
  8.  0.
  0.000697545882  0.
  20.  50.
  1146878.
  12.  3.
  0.00104631879  0.000261579698
  20.  60.
  1146878.
  5.  0.
  0.000435966154  0.
  20.  70.
  1146878.
  16.  0.
  0.00139509176  0.
  20.  80.
  1146878.
  20.  0.
  0.00174386462  0.
  20.  90.
  1146878.
  13.  0.
  0.00113351201  0.
  20.  100.
  1146878.
  42.  0.
  0.00366211566  0.
  30.  0.
  1146878.
  46177.  816.
  4.02632189  0.071149677
  30.  10.
  1146878.
  23.  0.
  0.00200544437  0.
  30.  20.
  1146878.
  12.  1.
  0.00104631879  8.71932352E-05
  30.  30.
  1146878.
  13.  0.
  0.00113351201  0.
  30.  40.
  1146878.
  6.  1.
  0.000523159397  8.71932352E-05
  30.  50.
  1146878.
  7.  1.
  0.00061035261  8.71932352E-05
  30.  60.
  1146878.
  7.  0.
  0.00061035261  0.
  30.  70.
  1146878.
  9.  0.
  0.000784739095  0.
  30.  80.
  1146878.
  11.  1.
  0.00095912558  8.71932352E-05
  30.  90.
  1146878.
  7.  0.
  0.00061035261  0.
  30.  100.
  1146878.
  21.  0.
  0.00183105783  0.
  40.  0.
  1146878.
  48491.  907.
  4.22808695  0.0790842623
  40.  10.
  1146878.
  11.  0.
  0.00095912558  0.
  40.  20.
  1146878.
  6.  0.
  0.000523159397  0.
  40.  30.
  1146878.
  2.  0.
  0.00017438647  0.
  40.  40.
  1146878.
  2.  0.
  0.00017438647  0.
  40.  50.
  1146878.
  0.  0.
  0.  0.
  40.  60.
  1146878.
  3.  0.
  0.000261579698  0.
  40.  70.
  1146878.
  7.  0.
  0.00061035261  0.
  40.  80.
  1146878.
  2.  0.
  0.00017438647  0.
  40.  90.
  1146878.
  4.  0.
  0.000348772941  0.
  40.  100.
  1146878.
  5.  0.
  0.000435966154  0.
  50.  0.
  1146878.
  82901.  1788.
  7.22840595  0.155901507
  50.  10.
  1146878.
  9.  2.
  0.000784739095  0.00017438647
  50.  20.
  1146878.
  3.  0.
  0.000261579698  0.
  50.  30.
  1146878.
  2.  0.
  0.00017438647  0.
  50.  40.
  1146878.
  4.  0.
  0.000348772941  0.
  50.  50.
  1146878.
  6.  0.
  0.000523159397  0.
  50.  60.
  1146878.
  3.  0.
  0.000261579698  0.
  50.  70.
  1146878.
  3.  0.
  0.000261579698  0.
  50.  80.
  1146878.
  6.  1.
  0.000523159397  8.71932352E-05
  50.  90.
  1146878.
  5.  0.
  0.000435966154  0.
  50.  100.
  1146878.
  3.  0.
  0.000261579698  0.
  60.  0.
  1146878.
  58650.  1618.
  5.11388302  0.141078651
  60.  10.
  1146878.
  5.  0.
  0.000435966154  0.
  60.  20.
  1146878.
  2.  0.
  0.00017438647  0.
  60.  30.
  1146878.
  1.  0.
  8.71932352E-05  0.
  60.  40.
  1146878.
  1.  0.
  8.71932352E-05  0.
  60.  50.
  1146878.
  0.  0.
  0.  0.
  60.  60.
  1146878.
  1.  0.
  8.71932352E-05  0.
  60.  70.
  1146878.
  3.  0.
  0.000261579698  0.
  60.  80.
  1146878.
  2.  0.
  0.00017438647  0.
  60.  90.
  1146878.
  2.  0.
  0.00017438647  0.
  60.  100.
  1146878.
  0.  0.
  0.  0.
  70.  0.
  1146878.
  67579.  2238.
  5.89243126  0.195138454
  70.  10.
  1146878.
  1.  0.
  8.71932352E-05  0.
  70.  20.
  1146878.
  2.  0.
  0.00017438647  0.
  70.  30.
  1146878.
  0.  0.
  0.  0.
  70.  40.
  1146878.
  0.  0.
  0.  0.
  70.  50.
  1146878.
  0.  0.
  0.  0.
  70.  60.
  1146878.
  0.  0.
  0.  0.
  70.  70.
  1146878.
  0.  0.
  0.  0.
  70.  80.
  1146878.
  1.  0.
  8.71932352E-05  0.
  70.  90.
  1146878.
  0.  0.
  0.  0.
  70.  100.
  1146878.
  0.  0.
  0.  0.
  80.  0.
  1146878.
  83836.  3257.
  7.30993176  0.283988357
  80.  10.
  1146878.
  0.  0.
  0.  0.
  80.  20.
  1146878.
  0.  0.
  0.  0.
  80.  30.
  1146878.
  0.  0.
  0.  0.
  80.  40.
  1146878.
  0.  0.
  0.  0.
  80.  50.
  1146878.
  0.  0.
  0.  0.
  80.  60.
  1146878.
  0.  0.
  0.  0.
  80.  70.
  1146878.
  0.  0.
  0.  0.
  80.  80.
  1146878.
  0.  0.
  0.  0.
  80.  90.
  1146878.
  0.  0.
  0.  0.
  80.  100.
  1146878.
  0.  0.
  0.  0.
  90.  0.
  1146878.
  131526.  5665.
  11.4681768  0.493949652
  90.  10.
  1146878.
  0.  0.
  0.  0.
  90.  20.
  1146878.
  0.  0.
  0.  0.
  90.  30.
  1146878.
  0.  0.
  0.  0.
  90.  40.
  1146878.
  0.  0.
  0.  0.
  90.  50.
  1146878.
  0.  0.
  0.  0.
  90.  60.
  1146878.
  0.  0.
  0.  0.
  90.  70.
  1146878.
  0.  0.
  0.  0.
  90.  80.
  1146878.
  0.  0.
  0.  0.
  90.  90.
  1146878.
  0.  0.
  0.  0.
  90.  100.
  1146878.
  0.  0.
  0.  0.
  100.  0.
  1146878.
  324484.  15859.
  28.2928085  1.38279748
  100.  10.
  1146878.
  0.  0.
  0.  0.
  100.  20.
  1146878.
  0.  0.
  0.  0.
  100.  30.
  1146878.
  0.  0.
  0.  0.
  100.  40.
  1146878.
  0.  0.
  0.  0.
  100.  50.
  1146878.
  0.  0.
  0.  0.
  100.  60.
  1146878.
  0.  0.
  0.  0.
  100.  70.
  1146878.
  0.  0.
  0.  0.
  100.  80.
  1146878.
  0.  0.
  0.  0.
  100.  90.
  1146878.
  0.  0.
  0.  0.
  100.  100.
  1146878.
  0.  0.
  0.  0.
