  0.  0.
  2489662.
  1130680.  712.
  45.4150009  0.0285982601
  0.  10.
  2489662.
  102423.  281.
  4.11393213  0.0112866722
  0.  20.
  2489662.
  58721.  224.
  2.35859323  0.00899720564
  0.  30.
  2489662.
  41517.  168.
  1.66757572  0.00674790377
  0.  40.
  2489662.
  32252.  159.
  1.29543686  0.00638640905
  0.  50.
  2489662.
  38060.  221.
  1.52872157  0.0088767074
  0.  60.
  2489662.
  20033.  129.
  0.804647386  0.00518142618
  0.  70.
  2489662.
  17215.  98.
  0.691459298  0.00393627724
  0.  80.
  2489662.
  15412.  67.
  0.619039834  0.00269112829
  0.  90.
  2489662.
  14639.  82.
  0.587991476  0.00329361972
  0.  100.
  2489662.
  14728.  81.
  0.591566265  0.00325345364
  10.  0.
  2489662.
  72613.  345.
  2.91658068  0.0138573023
  10.  10.
  2489662.
  14213.  216.
  0.570880711  0.00867587607
  10.  20.
  2489662.
  7686.  138.
  0.308716595  0.0055429209
  10.  30.
  2489662.
  5455.  91.
  0.219106048  0.00365511468
  10.  40.
  2489662.
  4524.  93.
  0.18171142  0.00373544684
  10.  50.
  2489662.
  5652.  115.
  0.227018774  0.00461910106
  10.  60.
  2489662.
  3242.  87.
  0.130218476  0.00349445036
  10.  70.
  2489662.
  2843.  56.
  0.11419221  0.00224930141
  10.  80.
  2489662.
  2173.  49.
  0.0872809216  0.00196813862
  10.  90.
  2489662.
  1865.  45.
  0.074909769  0.0018074743
  10.  100.
  2489662.
  1616.  35.
  0.0649084076  0.00140581327
  20.  0.
  2489662.
  47742.  327.
  1.91760969  0.0131343128
  20.  10.
  2489662.
  11194.  196.
  0.449619263  0.00787255447
  20.  20.
  2489662.
  5821.  128.
  0.233806834  0.0051412601
  20.  30.
  2489662.
  3855.  104.
  0.154840291  0.00417727372
  20.  40.
  2489662.
  3091.  91.
  0.124153398  0.00365511468
  20.  50.
  2489662.
  3923.  147.
  0.157571584  0.00590441609
  20.  60.
  2489662.
  2002.  78.
  0.080412522  0.0031329554
  20.  70.
  2489662.
  1603.  70.
  0.0643862486  0.00281162653
  20.  80.
  2489662.
  1402.  77.
  0.0563128665  0.00309278932
  20.  90.
  2489662.
  1062.  54.
  0.0426563919  0.00216896902
  20.  100.
  2489662.
  901.  45.
  0.036189653  0.0018074743
  30.  0.
  2489662.
  37711.  333.
  1.51470363  0.0133753093
  30.  10.
  2489662.
  9641.  178.
  0.387241334  0.00714956503
  30.  20.
  2489662.
  5375.  141.
  0.215892762  0.00566341914
  30.  30.
  2489662.
  3372.  152.
  0.135440066  0.00610524649
  30.  40.
  2489662.
  2634.  121.
  0.105797492  0.00486009754
  30.  50.
  2489662.
  3146.  134.
  0.126362532  0.00538225658
  30.  60.
  2489662.
  1604.  82.
  0.0644264147  0.00329361972
  30.  70.
  2489662.
  1306.  97.
  0.0524569191  0.00389611116
  30.  80.
  2489662.
  1068.  70.
  0.0428973883  0.00281162653
  30.  90.
  2489662.
  746.  79.
  0.0299639069  0.00317312148
  30.  100.
  2489662.
  512.  53.
  0.0205650404  0.00212880294
  40.  0.
  2489662.
  32237.  334.
  1.29483438  0.0134154754
  40.  10.
  2489662.
  8774.  249.
  0.35241732  0.0100013576
  40.  20.
  2489662.
  5122.  209.
  0.205730736  0.00839471351
  40.  30.
  2489662.
  3312.  167.
  0.133030102  0.00670773769
  40.  40.
  2489662.
  2437.  168.
  0.0978847742  0.00674790377
  40.  50.
  2489662.
  2803.  173.
  0.112585567  0.00694873463
  40.  60.
  2489662.
  1436.  113.
  0.0576785132  0.0045387689
  40.  70.
  2489662.
  1117.  108.
  0.0448655263  0.00433793804
  40.  80.
  2489662.
  841.  98.
  0.0337796845  0.00393627724
  40.  90.
  2489662.
  632.  97.
  0.0253849719  0.00389611116
  40.  100.
  2489662.
  438.  43.
  0.0175927486  0.00172714202
  50.  0.
  2489662.
  46902.  588.
  1.88387012  0.0236176644
  50.  10.
  2489662.
  12977.  450.
  0.521235406  0.0180747434
  50.  20.
  2489662.
  7791.  496.
  0.312934041  0.0199223831
  50.  30.
  2489662.
  5175.  418.
  0.207859546  0.016789427
  50.  40.
  2489662.
  3936.  349.
  0.15809375  0.0140179675
  50.  50.
  2489662.
  4095.  387.
  0.164480165  0.0155442785
  50.  60.
  2489662.
  2034.  187.
  0.0816978365  0.00751105975
  50.  70.
  2489662.
  1533.  175.
  0.061574623  0.00702906679
  50.  80.
  2489662.
  1181.  185.
  0.0474361591  0.00743072759
  50.  90.
  2489662.
  790.  160.
  0.0317312144  0.00642657513
  50.  100.
  2489662.
  482.  85.
  0.019360058  0.00341411796
  60.  0.
  2489662.
  29233.  416.
  1.1741755  0.0167090949
  60.  10.
  2489662.
  8434.  378.
  0.338760853  0.0151827838
  60.  20.
  2489662.
  5386.  399.
  0.216334581  0.0160262715
  60.  30.
  2489662.
  3667.  382.
  0.147289068  0.0153434481
  60.  40.
  2489662.
  2792.  299.
  0.11214374  0.0120096626
  60.  50.
  2489662.
  2785.  399.
  0.111862577  0.0160262715
  60.  60.
  2489662.
  1287.  172.
  0.0516937636  0.00690856809
  60.  70.
  2489662.
  973.  166.
  0.0390816107  0.00666757161
  60.  80.
  2489662.
  710.  160.
  0.028517928  0.00642657513
  60.  90.
  2489662.
  485.  157.
  0.0194805562  0.00630607689
  60.  100.
  2489662.
  315.  63.
  0.0126523199  0.00253046397
  70.  0.
  2489662.
  29099.  518.
  1.1687932  0.0208060369
  70.  10.
  2489662.
  9478.  430.
  0.38069424  0.01727142
  70.  20.
  2489662.
  5742.  463.
  0.230633721  0.0185969025
  70.  30.
  2489662.
  3967.  408.
  0.159338892  0.0163877662
  70.  40.
  2489662.
  3026.  395.
  0.121542603  0.0158656072
  70.  50.
  2489662.
  2809.  492.
  0.112826563  0.0197617188
  70.  60.
  2489662.
  1416.  242.
  0.0568751916  0.00972019508
  70.  70.
  2489662.
  1112.  220.
  0.0446646959  0.00883654132
  70.  80.
  2489662.
  750.  233.
  0.0301245712  0.00935870036
  70.  90.
  2489662.
  557.  147.
  0.022372514  0.00590441609
  70.  100.
  2489662.
  275.  82.
  0.0110456757  0.00329361972
  80.  0.
  2489662.
  31449.  662.
  1.26318347  0.0265899543
  80.  10.
  2489662.
  11219.  600.
  0.450623423  0.0240996573
  80.  20.
  2489662.
  6996.  628.
  0.281001985  0.0252243076
  80.  30.
  2489662.
  4894.  577.
  0.19657287  0.0231758375
  80.  40.
  2489662.
  3649.  569.
  0.146566078  0.0228545088
  80.  50.
  2489662.
  3711.  718.
  0.149056375  0.0288392566
  80.  60.
  2489662.
  1619.  391.
  0.0650289059  0.0157049429
  80.  70.
  2489662.
  1250.  323.
  0.0502076186  0.0129736485
  80.  80.
  2489662.
  870.  236.
  0.0349445008  0.0094791986
  80.  90.
  2489662.
  606.  210.
  0.0243406538  0.00843487959
  80.  100.
  2489662.
  269.  84.
  0.0108046792  0.00337395188
  90.  0.
  2489662.
  38267.  1015.
  1.53703594  0.0407685861
  90.  10.
  2489662.
  14077.  919.
  0.565418124  0.0369126424
  90.  20.
  2489662.
  9396.  884.
  0.377400637  0.0355068296
  90.  30.
  2489662.
  6839.  917.
  0.274695933  0.0368323103
  90.  40.
  2489662.
  5285.  854.
  0.212277815  0.0343018435
  90.  50.
  2489662.
  5516.  1261.
  0.221556172  0.0506494455
  90.  60.
  2489662.
  2505.  682.
  0.100616068  0.0273932759
  90.  70.
  2489662.
  1769.  583.
  0.0710538253  0.023416834
  90.  80.
  2489662.
  1275.  422.
  0.0512117706  0.0169500913
  90.  90.
  2489662.
  892.  340.
  0.0358281583  0.0136564719
  90.  100.
  2489662.
  322.  166.
  0.0129334824  0.00666757161
  100.  0.
  2489662.
  92951.  3199.
  3.73347878  0.128491342
  100.  10.
  2489662.
  41413.  4319.
  1.6633985  0.173477367
  100.  20.
  2489662.
  29149.  5240.
  1.17080152  0.210470334
  100.  30.
  2489662.
  22650.  5684.
  0.909762025  0.228304088
  100.  40.
  2489662.
  17386.  5724.
  0.69832772  0.229910731
  100.  50.
  2489662.
  18232.  8007.
  0.732308269  0.321609914
  100.  60.
  2489662.
  8326.  4541.
  0.334422916  0.182394236
  100.  70.
  2489662.
  5974.  3934.
  0.239952251  0.158013418
  100.  80.
  2489662.
  3851.  2826.
  0.154679626  0.113509387
  100.  90.
  2489662.
  1893.  1667.
  0.0760344192  0.0669568777
  100.  100.
  2489662.
  629.  626.
  0.0252644736  0.0251439754
