  0.  0.
  2566032.
  1326292.  1567.
  51.6864967  0.0610670485
  0.  10.
  2566032.
  95734.  418.
  3.73081875  0.0162897427
  0.  20.
  2566032.
  42765.  245.
  1.66658092  0.00954781566
  0.  30.
  2566032.
  39215.  270.
  1.52823508  0.0105220824
  0.  40.
  2566032.
  28857.  245.
  1.12457681  0.00954781566
  0.  50.
  2566032.
  27424.  205.
  1.06873178  0.00798898842
  0.  60.
  2566032.
  19600.  220.
  0.763825238  0.00857354887
  0.  70.
  2566032.
  15216.  147.
  0.592977822  0.00572868949
  0.  80.
  2566032.
  18551.  168.
  0.722944975  0.00654707337
  0.  90.
  2566032.
  19618.  245.
  0.764526725  0.00954781566
  0.  100.
  2566032.
  32620.  406.
  1.27122343  0.0158220939
  10.  0.
  2566032.
  72486.  536.
  2.82482839  0.020888282
  10.  10.
  2566032.
  15355.  304.
  0.598394692  0.0118470853
  10.  20.
  2566032.
  5525.  176.
  0.215312988  0.00685883872
  10.  30.
  2566032.
  4868.  187.
  0.189709246  0.00728751626
  10.  40.
  2566032.
  3514.  141.
  0.136942953  0.00549486512
  10.  50.
  2566032.
  2853.  149.
  0.111183338  0.00580663048
  10.  60.
  2566032.
  2374.  137.
  0.092516385  0.00533898268
  10.  70.
  2566032.
  1558.  94.
  0.0607163124  0.00366324349
  10.  80.
  2566032.
  2144.  151.
  0.0835531279  0.00588457193
  10.  90.
  2566032.
  2304.  199.
  0.0897884369  0.00775516452
  10.  100.
  2566032.
  2995.  237.
  0.116717175  0.00923604984
  20.  0.
  2566032.
  35148.  355.
  1.36974132  0.0138345901
  20.  10.
  2566032.
  7972.  199.
  0.31067422  0.00775516452
  20.  20.
  2566032.
  3580.  153.
  0.139515013  0.00596251339
  20.  30.
  2566032.
  2579.  144.
  0.100505374  0.00561177731
  20.  40.
  2566032.
  1814.  128.
  0.0706928074  0.0049882466
  20.  50.
  2566032.
  1687.  120.
  0.0657435283  0.00467648124
  20.  60.
  2566032.
  1155.  94.
  0.0450111292  0.00366324349
  20.  70.
  2566032.
  817.  80.
  0.0318390429  0.00311765401
  20.  80.
  2566032.
  929.  100.
  0.0362037569  0.00389706763
  20.  90.
  2566032.
  917.  140.
  0.0357361101  0.0054558944
  20.  100.
  2566032.
  1238.  175.
  0.0482456945  0.00681986799
  30.  0.
  2566032.
  35023.  422.
  1.36486995  0.0164456256
  30.  10.
  2566032.
  9198.  261.
  0.35845226  0.0101713464
  30.  20.
  2566032.
  3949.  180.
  0.153895199  0.00701472163
  30.  30.
  2566032.
  3394.  232.
  0.132266477  0.00904119667
  30.  40.
  2566032.
  2149.  176.
  0.083747983  0.00685883872
  30.  50.
  2566032.
  1703.  183.
  0.0663670599  0.00713163381
  30.  60.
  2566032.
  1296.  177.
  0.0505059958  0.00689780945
  30.  70.
  2566032.
  820.  129.
  0.0319559537  0.00502721732
  30.  80.
  2566032.
  976.  156.
  0.0380353779  0.00607942557
  30.  90.
  2566032.
  948.  169.
  0.0369441994  0.0065860441
  30.  100.
  2566032.
  1244.  237.
  0.0484795198  0.00923604984
  40.  0.
  2566032.
  29760.  458.
  1.15976727  0.0178485699
  40.  10.
  2566032.
  7620.  325.
  0.296956539  0.0126654692
  40.  20.
  2566032.
  3392.  210.
  0.132188529  0.00818384159
  40.  30.
  2566032.
  2926.  270.
  0.114028193  0.0105220824
  40.  40.
  2566032.
  1984.  202.
  0.077317819  0.00787207671
  40.  50.
  2566032.
  1580.  238.
  0.0615736656  0.00927502103
  40.  60.
  2566032.
  1190.  184.
  0.0463751033  0.00717060408
  40.  70.
  2566032.
  773.  138.
  0.0301243328  0.00537795341
  40.  80.
  2566032.
  869.  184.
  0.0338655151  0.00717060408
  40.  90.
  2566032.
  806.  169.
  0.0314103626  0.0065860441
  40.  100.
  2566032.
  941.  238.
  0.0366714038  0.00927502103
  50.  0.
  2566032.
  35317.  681.
  1.3763274  0.0265390296
  50.  10.
  2566032.
  8154.  461.
  0.317766875  0.0179654807
  50.  20.
  2566032.
  4280.  356.
  0.166794494  0.0138735604
  50.  30.
  2566032.
  3070.  286.
  0.11963997  0.0111456132
  50.  40.
  2566032.
  2190.  283.
  0.0853457823  0.0110287014
  50.  50.
  2566032.
  2206.  354.
  0.0859693065  0.0137956189
  50.  60.
  2566032.
  1382.  229.
  0.0538574718  0.00892428495
  50.  70.
  2566032.
  951.  209.
  0.0370611139  0.00814487133
  50.  80.
  2566032.
  884.  224.
  0.0344500765  0.00872943085
  50.  90.
  2566032.
  778.  199.
  0.0303191859  0.00775516452
  50.  100.
  2566032.
  815.  282.
  0.0317610987  0.0109897302
  60.  0.
  2566032.
  26886.  495.
  1.04776561  0.0192904845
  60.  10.
  2566032.
  7093.  386.
  0.276419014  0.0150426803
  60.  20.
  2566032.
  3109.  278.
  0.121159829  0.0108338473
  60.  30.
  2566032.
  2716.  326.
  0.105844356  0.0127044404
  60.  40.
  2566032.
  1967.  339.
  0.0766553208  0.0132110594
  60.  50.
  2566032.
  1537.  294.
  0.0598979294  0.011457379
  60.  60.
  2566032.
  1178.  274.
  0.0459074564  0.0106779654
  60.  70.
  2566032.
  725.  214.
  0.0282537397  0.0083397245
  60.  80.
  2566032.
  823.  227.
  0.0320728645  0.00884634349
  60.  90.
  2566032.
  667.  255.
  0.0259934403  0.009937522
  60.  100.
  2566032.
  571.  296.
  0.0222522561  0.0115353195
  70.  0.
  2566032.
  26393.  562.
  1.02855301  0.02190152
  70.  10.
  2566032.
  6145.  419.
  0.239474803  0.0163287129
  70.  20.
  2566032.
  3028.  358.
  0.118003204  0.0139515018
  70.  30.
  2566032.
  2575.  337.
  0.100349486  0.0131331179
  70.  40.
  2566032.
  1787.  367.
  0.0696405992  0.0143022379
  70.  50.
  2566032.
  1621.  339.
  0.0631714612  0.0132110594
  70.  60.
  2566032.
  954.  300.
  0.0371780246  0.0116912024
  70.  70.
  2566032.
  749.  215.
  0.0291890353  0.00837869477
  70.  80.
  2566032.
  662.  252.
  0.0257985871  0.00982061028
  70.  90.
  2566032.
  535.  240.
  0.0208493117  0.00935296249
  70.  100.
  2566032.
  418.  338.
  0.0162897427  0.0131720882
  80.  0.
  2566032.
  28911.  665.
  1.12668121  0.0259154998
  80.  10.
  2566032.
  8356.  558.
  0.32563895  0.0217456371
  80.  20.
  2566032.
  3818.  464.
  0.148790032  0.0180823933
  80.  30.
  2566032.
  3480.  512.
  0.135617957  0.0199529864
  80.  40.
  2566032.
  2387.  476.
  0.0930230021  0.0185500421
  80.  50.
  2566032.
  1915.  527.
  0.0746288449  0.0205375459
  80.  60.
  2566032.
  1336.  462.
  0.0520648211  0.0180044528
  80.  70.
  2566032.
  863.  337.
  0.0336316936  0.0131331179
  80.  80.
  2566032.
  961.  361.
  0.0374508202  0.0140684135
  80.  90.
  2566032.
  674.  328.
  0.0262662359  0.0127823818
  80.  100.
  2566032.
  516.  385.
  0.0201088693  0.0150037101
  90.  0.
  2566032.
  35603.  897.
  1.38747299  0.0349566974
  90.  10.
  2566032.
  12014.  945.
  0.46819368  0.0368272886
  90.  20.
  2566032.
  5565.  699.
  0.216871813  0.0272405017
  90.  30.
  2566032.
  4943.  918.
  0.192632049  0.0357750803
  90.  40.
  2566032.
  3487.  844.
  0.135890752  0.0328912511
  90.  50.
  2566032.
  2712.  903.
  0.105688475  0.0351905189
  90.  60.
  2566032.
  1973.  783.
  0.0768891424  0.0305140391
  90.  70.
  2566032.
  1260.  644.
  0.0491030514  0.025097115
  90.  80.
  2566032.
  1215.  778.
  0.047349371  0.0303191859
  90.  90.
  2566032.
  930.  599.
  0.0362427272  0.0233434346
  90.  100.
  2566032.
  564.  537.
  0.0219794605  0.0209272522
  100.  0.
  2566032.
  120770.  3947.
  4.70648861  0.153817251
  100.  10.
  2566032.
  44886.  4655.
  1.74923778  0.181408495
  100.  20.
  2566032.
  22606.  4000.
  0.880971074  0.155882701
  100.  30.
  2566032.
  20906.  5327.
  0.814720929  0.207596794
  100.  40.
  2566032.
  14335.  5302.
  0.558644652  0.206622526
  100.  50.
  2566032.
  10859.  5860.
  0.423182577  0.228368163
  100.  60.
  2566032.
  7465.  4725.
  0.290916085  0.184136435
  100.  70.
  2566032.
  4176.  3329.
  0.162741542  0.129733384
  100.  80.
  2566032.
  4319.  3707.
  0.168314353  0.144464299
  100.  90.
  2566032.
  3237.  3009.
  0.126148075  0.117262766
  100.  100.
  2566032.
  1494.  1854.
  0.0582221895  0.0722516328
