  0.  0.
  2459114.
  1159573.  719.
  47.1540985  0.0292381719
  0.  10.
  2459114.
  86044.  211.
  3.49898386  0.0085803261
  0.  20.
  2459114.
  50049.  175.
  2.03524518  0.00711638434
  0.  30.
  2459114.
  36213.  145.
  1.47260356  0.00589643279
  0.  40.
  2459114.
  28589.  136.
  1.16257322  0.00553044723
  0.  50.
  2459114.
  34560.  193.
  1.40538418  0.00784835499
  0.  60.
  2459114.
  19112.  103.
  0.777190506  0.00418850034
  0.  70.
  2459114.
  17131.  91.
  0.696633041  0.00370051968
  0.  80.
  2459114.
  15794.  80.
  0.64226383  0.00325320428
  0.  90.
  2459114.
  15942.  78.
  0.64828229  0.00317187421
  0.  100.
  2459114.
  21724.  136.
  0.883407593  0.00553044723
  10.  0.
  2459114.
  66819.  285.
  2.71719813  0.0115895402
  10.  10.
  2459114.
  10978.  139.
  0.446420938  0.00565244211
  10.  20.
  2459114.
  5681.  96.
  0.231018171  0.00390384509
  10.  30.
  2459114.
  4196.  110.
  0.170630559  0.00447315583
  10.  40.
  2459114.
  3572.  94.
  0.145255566  0.00382251502
  10.  50.
  2459114.
  4523.  135.
  0.183928028  0.00548978196
  10.  60.
  2459114.
  2686.  77.
  0.109226331  0.00313120894
  10.  70.
  2459114.
  2408.  76.
  0.097921446  0.00309054391
  10.  80.
  2459114.
  2268.  76.
  0.0922283381  0.00309054391
  10.  90.
  2459114.
  2032.  69.
  0.0826313868  0.00280588865
  10.  100.
  2459114.
  2133.  55.
  0.0867385566  0.00223657792
  20.  0.
  2459114.
  45268.  298.
  1.84082556  0.0121181859
  20.  10.
  2459114.
  8092.  118.
  0.329061598  0.00479847612
  20.  20.
  2459114.
  4371.  108.
  0.177746952  0.00439182576
  20.  30.
  2459114.
  2876.  99.
  0.116952688  0.0040258402
  20.  40.
  2459114.
  2379.  100.
  0.0967421606  0.00406650547
  20.  50.
  2459114.
  2967.  125.
  0.120653212  0.0050831316
  20.  60.
  2459114.
  1740.  72.
  0.0707571879  0.00292788376
  20.  70.
  2459114.
  1559.  80.
  0.0633968189  0.00325320428
  20.  80.
  2459114.
  1427.  66.
  0.0580290295  0.00268389354
  20.  90.
  2459114.
  1225.  70.
  0.0498146899  0.00284655369
  20.  100.
  2459114.
  1275.  62.
  0.0518479422  0.00252123317
  30.  0.
  2459114.
  36034.  333.
  1.46532452  0.0135414628
  30.  10.
  2459114.
  7208.  149.
  0.293113708  0.00605909294
  30.  20.
  2459114.
  4062.  129.
  0.165181443  0.00524579175
  30.  30.
  2459114.
  2732.  121.
  0.111096926  0.00492047146
  30.  40.
  2459114.
  2141.  74.
  0.0870638788  0.00300921383
  30.  50.
  2459114.
  2597.  123.
  0.105607145  0.00500180153
  30.  60.
  2459114.
  1425.  86.
  0.057947699  0.0034971945
  30.  70.
  2459114.
  1234.  94.
  0.0501806736  0.00382251502
  30.  80.
  2459114.
  1009.  60.
  0.0410310365  0.0024399031
  30.  90.
  2459114.
  880.  68.
  0.0357852466  0.00276522362
  30.  100.
  2459114.
  764.  84.
  0.0310680997  0.00341586443
  40.  0.
  2459114.
  31050.  308.
  1.26264989  0.0125248358
  40.  10.
  2459114.
  6824.  212.
  0.277498305  0.00862099137
  40.  20.
  2459114.
  3846.  166.
  0.15639779  0.00675039878
  40.  30.
  2459114.
  2666.  129.
  0.108413033  0.00524579175
  40.  40.
  2459114.
  2124.  126.
  0.0863725692  0.00512379641
  40.  50.
  2459114.
  2581.  129.
  0.1049565  0.00524579175
  40.  60.
  2459114.
  1199.  93.
  0.0487573966  0.00378184998
  40.  70.
  2459114.
  1074.  84.
  0.0436742678  0.00341586443
  40.  80.
  2459114.
  898.  78.
  0.0365172178  0.00317187421
  40.  90.
  2459114.
  710.  104.
  0.0288721882  0.00422916561
  40.  100.
  2459114.
  654.  92.
  0.0265949443  0.00374118495
  50.  0.
  2459114.
  46490.  471.
  1.89051831  0.0191532392
  50.  10.
  2459114.
  10250.  354.
  0.416816801  0.0143954288
  50.  20.
  2459114.
  5879.  317.
  0.239069849  0.0128908213
  50.  30.
  2459114.
  4137.  287.
  0.168231323  0.0116708698
  50.  40.
  2459114.
  3097.  280.
  0.125939667  0.0113862148
  50.  50.
  2459114.
  3614.  339.
  0.146963507  0.0137854526
  50.  60.
  2459114.
  1777.  215.
  0.0722617954  0.00874298625
  50.  70.
  2459114.
  1416.  170.
  0.0575817153  0.00691305893
  50.  80.
  2459114.
  1188.  153.
  0.0483100824  0.00622175308
  50.  90.
  2459114.
  983.  198.
  0.039973747  0.0080516804
  50.  100.
  2459114.
  735.  165.
  0.0298888143  0.00670973351
  60.  0.
  2459114.
  29573.  358.
  1.2025876  0.014558089
  60.  10.
  2459114.
  6881.  272.
  0.27981624  0.0110608945
  60.  20.
  2459114.
  4181.  281.
  0.17002058  0.01142688
  60.  30.
  2459114.
  2980.  207.
  0.121181853  0.00841766596
  60.  40.
  2459114.
  2226.  227.
  0.0905204043  0.00923096668
  60.  50.
  2459114.
  2354.  327.
  0.0957255363  0.0132974721
  60.  60.
  2459114.
  1133.  193.
  0.0460735038  0.00784835499
  60.  70.
  2459114.
  962.  157.
  0.0391197801  0.00638441322
  60.  80.
  2459114.
  789.  157.
  0.0320847258  0.00638441322
  60.  90.
  2459114.
  656.  157.
  0.0266762748  0.00638441322
  60.  100.
  2459114.
  485.  148.
  0.0197225511  0.00601842767
  70.  0.
  2459114.
  29507.  503.
  1.19990373  0.0204545222
  70.  10.
  2459114.
  7372.  341.
  0.299782753  0.0138667831
  70.  20.
  2459114.
  4434.  337.
  0.180308849  0.013704123
  70.  30.
  2459114.
  3215.  275.
  0.130738139  0.0111828893
  70.  40.
  2459114.
  2611.  267.
  0.106176451  0.0108575691
  70.  50.
  2459114.
  2626.  413.
  0.10678643  0.0167946666
  70.  60.
  2459114.
  1267.  242.
  0.05152262  0.00984094292
  70.  70.
  2459114.
  1046.  175.
  0.042535644  0.00711638434
  70.  80.
  2459114.
  876.  184.
  0.0356225856  0.0074823699
  70.  90.
  2459114.
  582.  166.
  0.0236670598  0.00675039878
  70.  100.
  2459114.
  417.  171.
  0.0169573277  0.00695372419
  80.  0.
  2459114.
  31969.  668.
  1.30002105  0.0271642543
  80.  10.
  2459114.
  8734.  509.
  0.355168581  0.020698512
  80.  20.
  2459114.
  5258.  435.
  0.213816851  0.017689297
  80.  30.
  2459114.
  3916.  441.
  0.159244344  0.0179332886
  80.  40.
  2459114.
  3125.  438.
  0.127078295  0.0178112928
  80.  50.
  2459114.
  3368.  624.
  0.136959895  0.0253749937
  80.  60.
  2459114.
  1543.  366.
  0.0627461746  0.0148834093
  80.  70.
  2459114.
  1230.  239.
  0.0500180162  0.00971894711
  80.  80.
  2459114.
  1000.  247.
  0.0406650528  0.0100442683
  80.  90.
  2459114.
  648.  198.
  0.0263509545  0.0080516804
  80.  100.
  2459114.
  479.  197.
  0.0194785595  0.00801101513
  90.  0.
  2459114.
  39836.  984.
  1.61993301  0.0400144123
  90.  10.
  2459114.
  11547.  690.
  0.469559371  0.0280588865
  90.  20.
  2459114.
  7301.  669.
  0.296895534  0.0272049196
  90.  30.
  2459114.
  5556.  691.
  0.225935027  0.0280995518
  90.  40.
  2459114.
  4269.  755.
  0.173599109  0.0307021141
  90.  50.
  2459114.
  4921.  1099.
  0.20011273  0.0446908921
  90.  60.
  2459114.
  2348.  692.
  0.0954815447  0.0281402171
  90.  70.
  2459114.
  1847.  513.
  0.0751083493  0.0208611712
  90.  80.
  2459114.
  1399.  481.
  0.0568904094  0.01955989
  90.  90.
  2459114.
  1111.  485.
  0.0451788716  0.0197225511
  90.  100.
  2459114.
  636.  317.
  0.0258629732  0.0128908213
  100.  0.
  2459114.
  118232.  3850.
  4.80791044  0.156560451
  100.  10.
  2459114.
  44263.  4355.
  1.79995728  0.177096307
  100.  20.
  2459114.
  30236.  4965.
  1.22954857  0.201901987
  100.  30.
  2459114.
  22742.  5592.
  0.924804628  0.227398977
  100.  40.
  2459114.
  17374.  5778.
  0.706514597  0.234962672
  100.  50.
  2459114.
  18759.  8207.
  0.762835741  0.333738089
  100.  60.
  2459114.
  8963.  4840.
  0.364480853  0.196818858
  100.  70.
  2459114.
  6453.  4181.
  0.262411594  0.17002058
  100.  80.
  2459114.
  4523.  3330.
  0.183928028  0.13541463
  100.  90.
  2459114.
  2820.  2632.
  0.114675447  0.107030421
  100.  100.
  2459114.
  1346.  1411.
  0.0547351614  0.0573783889
