  0.  0.
  1146878.
  158116.  839.
  13.7866449  0.07315512
  0.  10.
  1146878.
  198.  0.
  0.01726426  0.
  0.  20.
  1146878.
  103.  0.
  0.00898090284  0.
  0.  30.
  1146878.
  91.  0.
  0.00793458428  0.
  0.  40.
  1146878.
  77.  0.
  0.00671387883  0.
  0.  50.
  1146878.
  76.  1.
  0.00662668562  8.71932352E-05
  0.  60.
  1146878.
  27.  0.
  0.00235421723  0.
  0.  70.
  1146878.
  13.  0.
  0.00113351201  0.
  0.  80.
  1146878.
  13.  0.
  0.00113351201  0.
  0.  90.
  1146878.
  5.  0.
  0.000435966154  0.
  0.  100.
  1146878.
  5.  0.
  0.000435966154  0.
  10.  0.
  1146878.
  59043.  786.
  5.14814997  0.0685338825
  10.  10.
  1146878.
  87.  1.
  0.00758581143  8.71932352E-05
  10.  20.
  1146878.
  52.  1.
  0.00453404803  8.71932352E-05
  10.  30.
  1146878.
  40.  0.
  0.00348772923  0.
  10.  40.
  1146878.
  50.  0.
  0.0043596616  0.
  10.  50.
  1146878.
  36.  0.
  0.00313895638  0.
  10.  60.
  1146878.
  15.  0.
  0.00130789843  0.
  10.  70.
  1146878.
  11.  0.
  0.00095912558  0.
  10.  80.
  1146878.
  4.  0.
  0.000348772941  0.
  10.  90.
  1146878.
  4.  0.
  0.000348772941  0.
  10.  100.
  1146878.
  2.  0.
  0.00017438647  0.
  20.  0.
  1146878.
  50133.  786.
  4.37125826  0.0685338825
  20.  10.
  1146878.
  79.  2.
  0.00688826526  0.00017438647
  20.  20.
  1146878.
  49.  0.
  0.00427246839  0.
  20.  30.
  1146878.
  29.  1.
  0.00252860365  8.71932352E-05
  20.  40.
  1146878.
  19.  0.
  0.0016566714  0.
  20.  50.
  1146878.
  38.  1.
  0.00331334281  8.71932352E-05
  20.  60.
  1146878.
  10.  0.
  0.000871932309  0.
  20.  70.
  1146878.
  10.  0.
  0.000871932309  0.
  20.  80.
  1146878.
  2.  0.
  0.00017438647  0.
  20.  90.
  1146878.
  1.  0.
  8.71932352E-05  0.
  20.  100.
  1146878.
  0.  0.
  0.  0.
  30.  0.
  1146878.
  46091.  818.
  4.01882315  0.0713240653
  30.  10.
  1146878.
  79.  1.
  0.00688826526  8.71932352E-05
  30.  20.
  1146878.
  31.  1.
  0.00270299031  8.71932352E-05
  30.  30.
  1146878.
  21.  0.
  0.00183105783  0.
  30.  40.
  1146878.
  22.  0.
  0.00191825116  0.
  30.  50.
  1146878.
  25.  0.
  0.0021798308  0.
  30.  60.
  1146878.
  7.  0.
  0.00061035261  0.
  30.  70.
  1146878.
  10.  0.
  0.000871932309  0.
  30.  80.
  1146878.
  5.  0.
  0.000435966154  0.
  30.  90.
  1146878.
  1.  0.
  8.71932352E-05  0.
  30.  100.
  1146878.
  1.  0.
  8.71932352E-05  0.
  40.  0.
  1146878.
  48311.  906.
  4.21239233  0.0789970681
  40.  10.
  1146878.
  81.  0.
  0.00706265168  0.
  40.  20.
  1146878.
  48.  0.
  0.00418527517  0.
  40.  30.
  1146878.
  38.  1.
  0.00331334281  8.71932352E-05
  40.  40.
  1146878.
  19.  0.
  0.0016566714  0.
  40.  50.
  1146878.
  29.  0.
  0.00252860365  0.
  40.  60.
  1146878.
  3.  0.
  0.000261579698  0.
  40.  70.
  1146878.
  2.  0.
  0.00017438647  0.
  40.  80.
  1146878.
  1.  0.
  8.71932352E-05  0.
  40.  90.
  1146878.
  1.  0.
  8.71932352E-05  0.
  40.  100.
  1146878.
  0.  0.
  0.  0.
  50.  0.
  1146878.
  82579.  1786.
  7.20032978  0.155727118
  50.  10.
  1146878.
  169.  0.
  0.0147356559  0.
  50.  20.
  1146878.
  66.  1.
  0.00575475348  8.71932352E-05
  50.  30.
  1146878.
  52.  1.
  0.00453404803  8.71932352E-05
  50.  40.
  1146878.
  33.  2.
  0.00287737674  0.00017438647
  50.  50.
  1146878.
  20.  0.
  0.00174386462  0.
  50.  60.
  1146878.
  9.  0.
  0.000784739095  0.
  50.  70.
  1146878.
  7.  0.
  0.00061035261  0.
  50.  80.
  1146878.
  8.  1.
  0.000697545882  8.71932352E-05
  50.  90.
  1146878.
  1.  0.
  8.71932352E-05  0.
  50.  100.
  1146878.
  1.  0.
  8.71932352E-05  0.
  60.  0.
  1146878.
  58463.  1614.
  5.09757805  0.140729874
  60.  10.
  1146878.
  94.  1.
  0.00819616392  8.71932352E-05
  60.  20.
  1146878.
  45.  2.
  0.00392369553  0.00017438647
  60.  30.
  1146878.
  28.  0.
  0.00244141044  0.
  60.  40.
  1146878.
  15.  0.
  0.00130789843  0.
  60.  50.
  1146878.
  11.  0.
  0.00095912558  0.
  60.  60.
  1146878.
  5.  0.
  0.000435966154  0.
  60.  70.
  1146878.
  5.  0.
  0.000435966154  0.
  60.  80.
  1146878.
  1.  1.
  8.71932352E-05  8.71932352E-05
  60.  90.
  1146878.
  0.  0.
  0.  0.
  60.  100.
  1146878.
  0.  0.
  0.  0.
  70.  0.
  1146878.
  67389.  2230.
  5.87586451  0.194440901
  70.  10.
  1146878.
  98.  2.
  0.00854493678  0.00017438647
  70.  20.
  1146878.
  39.  1.
  0.00340053602  8.71932352E-05
  70.  30.
  1146878.
  19.  1.
  0.0016566714  8.71932352E-05
  70.  40.
  1146878.
  15.  2.
  0.00130789843  0.00017438647
  70.  50.
  1146878.
  21.  2.
  0.00183105783  0.00017438647
  70.  60.
  1146878.
  2.  0.
  0.00017438647  0.
  70.  70.
  1146878.
  0.  0.
  0.  0.
  70.  80.
  1146878.
  0.  0.
  0.  0.
  70.  90.
  1146878.
  0.  0.
  0.  0.
  70.  100.
  1146878.
  0.  0.
  0.  0.
  80.  0.
  1146878.
  83702.  3250.
  7.29824781  0.283378005
  80.  10.
  1146878.
  61.  1.
  0.00531878695  8.71932352E-05
  80.  20.
  1146878.
  33.  2.
  0.00287737674  0.00017438647
  80.  30.
  1146878.
  9.  2.
  0.000784739095  0.00017438647
  80.  40.
  1146878.
  20.  0.
  0.00174386462  0.
  80.  50.
  1146878.
  10.  2.
  0.000871932309  0.00017438647
  80.  60.
  1146878.
  1.  0.
  8.71932352E-05  0.
  80.  70.
  1146878.
  0.  0.
  0.  0.
  80.  80.
  1146878.
  0.  0.
  0.  0.
  80.  90.
  1146878.
  0.  0.
  0.  0.
  80.  100.
  1146878.
  0.  0.
  0.  0.
  90.  0.
  1146878.
  131398.  5658.
  11.457016  0.4933393
  90.  10.
  1146878.
  69.  5.
  0.00601633312  0.000435966154
  90.  20.
  1146878.
  31.  1.
  0.00270299031  8.71932352E-05
  90.  30.
  1146878.
  19.  1.
  0.0016566714  8.71932352E-05
  90.  40.
  1146878.
  6.  0.
  0.000523159397  0.
  90.  50.
  1146878.
  3.  0.
  0.000261579698  0.
  90.  60.
  1146878.
  0.  0.
  0.  0.
  90.  70.
  1146878.
  0.  0.
  0.  0.
  90.  80.
  1146878.
  0.  0.
  0.  0.
  90.  90.
  1146878.
  0.  0.
  0.  0.
  90.  100.
  1146878.
  0.  0.
  0.  0.
  100.  0.
  1146878.
  324362.  15848.
  28.2821712  1.38183832
  100.  10.
  1146878.
  65.  7.
  0.00566756027  0.00061035261
  100.  20.
  1146878.
  19.  2.
  0.0016566714  0.00017438647
  100.  30.
  1146878.
  29.  1.
  0.00252860365  8.71932352E-05
  100.  40.
  1146878.
  7.  1.
  0.00061035261  8.71932352E-05
  100.  50.
  1146878.
  2.  0.
  0.00017438647  0.
  100.  60.
  1146878.
  0.  0.
  0.  0.
  100.  70.
  1146878.
  0.  0.
  0.  0.
  100.  80.
  1146878.
  0.  0.
  0.  0.
  100.  90.
  1146878.
  0.  0.
  0.  0.
  100.  100.
  1146878.
  0.  0.
  0.  0.
