  0.  0.
  2489662.
  1230828.  1107.
  49.4375534  0.0444638655
  0.  10.
  2489662.
  64314.  212.
  2.58324218  0.00851521175
  0.  20.
  2489662.
  38618.  181.
  1.55113423  0.00727006327
  0.  30.
  2489662.
  27341.  172.
  1.09818125  0.00690856809
  0.  40.
  2489662.
  22315.  148.
  0.896306396  0.00594458217
  0.  50.
  2489662.
  28959.  238.
  1.16316998  0.00955953076
  0.  60.
  2489662.
  15408.  109.
  0.618879199  0.00437810412
  0.  70.
  2489662.
  14478.  132.
  0.58152473  0.00530192442
  0.  80.
  2489662.
  14998.  113.
  0.602411091  0.0045387689
  0.  90.
  2489662.
  16345.  179.
  0.656514823  0.00718973111
  0.  100.
  2489662.
  31320.  301.
  1.25800204  0.0120899947
  10.  0.
  2489662.
  63181.  417.
  2.53773403  0.0167492609
  10.  10.
  2489662.
  8169.  141.
  0.328116834  0.00566341914
  10.  20.
  2489662.
  4542.  102.
  0.18243441  0.00409694156
  10.  30.
  2489662.
  3114.  89.
  0.125077218  0.00357478252
  10.  40.
  2489662.
  2455.  84.
  0.0986077636  0.00337395188
  10.  50.
  2489662.
  3238.  132.
  0.130057812  0.00530192442
  10.  60.
  2489662.
  1950.  76.
  0.0783238858  0.00305262324
  10.  70.
  2489662.
  1932.  110.
  0.0776008964  0.00441827066
  10.  80.
  2489662.
  2011.  98.
  0.0807740167  0.00393627724
  10.  90.
  2489662.
  2061.  127.
  0.0827823207  0.00510109402
  10.  100.
  2489662.
  3336.  222.
  0.133994088  0.00891687348
  20.  0.
  2489662.
  42317.  452.
  1.69970858  0.0181550756
  20.  10.
  2489662.
  6097.  142.
  0.244892687  0.00570358569
  20.  20.
  2489662.
  3578.  116.
  0.143714294  0.00465926714
  20.  30.
  2489662.
  2441.  112.
  0.0980454385  0.00449860282
  20.  40.
  2489662.
  1855.  85.
  0.0745081082  0.00341411796
  20.  50.
  2489662.
  2315.  134.
  0.0929845124  0.00538225658
  20.  60.
  2489662.
  1330.  81.
  0.053420905  0.00325345364
  20.  70.
  2489662.
  1339.  92.
  0.0537823997  0.00369528076
  20.  80.
  2489662.
  1315.  84.
  0.0528184138  0.00337395188
  20.  90.
  2489662.
  1302.  127.
  0.0522962548  0.00510109402
  20.  100.
  2489662.
  1922.  206.
  0.0771992356  0.00827421527
  30.  0.
  2489662.
  32479.  468.
  1.30455458  0.0187977329
  30.  10.
  2489662.
  5124.  149.
  0.205811068  0.00598474825
  30.  20.
  2489662.
  2903.  142.
  0.116602175  0.00570358569
  30.  30.
  2489662.
  2134.  110.
  0.0857144445  0.00441827066
  30.  40.
  2489662.
  1663.  114.
  0.0667962134  0.00457893498
  30.  50.
  2489662.
  1900.  152.
  0.0763155818  0.00610524649
  30.  60.
  2489662.
  1081.  109.
  0.0434195474  0.00437810412
  30.  70.
  2489662.
  1016.  115.
  0.0408087522  0.00461910106
  30.  80.
  2489662.
  925.  130.
  0.0371536389  0.00522159226
  30.  90.
  2489662.
  871.  137.
  0.0349846669  0.00550275482
  30.  100.
  2489662.
  1351.  222.
  0.0542643927  0.00891687348
  40.  0.
  2489662.
  29302.  652.
  1.17694688  0.0261882935
  40.  10.
  2489662.
  4787.  197.
  0.192275092  0.00791272055
  40.  20.
  2489662.
  2678.  183.
  0.107564799  0.00735039543
  40.  30.
  2489662.
  2008.  158.
  0.0806535184  0.00634624297
  40.  40.
  2489662.
  1544.  145.
  0.0620164499  0.00582408393
  40.  50.
  2489662.
  1778.  175.
  0.07141532  0.00702906679
  40.  60.
  2489662.
  978.  123.
  0.0392824411  0.0049404297
  40.  70.
  2489662.
  908.  130.
  0.0364708155  0.00522159226
  40.  80.
  2489662.
  810.  119.
  0.032534536  0.00477976538
  40.  90.
  2489662.
  792.  147.
  0.0318115465  0.00590441609
  40.  100.
  2489662.
  999.  227.
  0.0401259288  0.00911770388
  50.  0.
  2489662.
  47851.  1301.
  1.92198777  0.0522560887
  50.  10.
  2489662.
  7829.  518.
  0.314460367  0.0208060369
  50.  20.
  2489662.
  4516.  416.
  0.181390077  0.0167090949
  50.  30.
  2489662.
  3040.  341.
  0.122104928  0.0136966379
  50.  40.
  2489662.
  2359.  300.
  0.09475182  0.0120498287
  50.  50.
  2489662.
  2958.  407.
  0.118811309  0.0163476001
  50.  60.
  2489662.
  1512.  245.
  0.0607311353  0.00984069332
  50.  70.
  2489662.
  1281.  263.
  0.0514527671  0.0105636828
  50.  80.
  2489662.
  1140.  231.
  0.0457893498  0.0092783682
  50.  90.
  2489662.
  1091.  272.
  0.0438212082  0.0109251775
  50.  100.
  2489662.
  1325.  398.
  0.0532200746  0.0159861054
  60.  0.
  2489662.
  27423.  1113.
  1.10147476  0.0447048619
  60.  10.
  2489662.
  5255.  513.
  0.211072832  0.0206052065
  60.  20.
  2489662.
  3075.  384.
  0.123510741  0.0154237803
  60.  30.
  2489662.
  2066.  350.
  0.0829831511  0.0140581336
  60.  40.
  2489662.
  1607.  305.
  0.0645469129  0.0122506591
  60.  50.
  2489662.
  1843.  386.
  0.0740261152  0.0155041125
  60.  60.
  2489662.
  1083.  228.
  0.0434998795  0.00915786996
  60.  70.
  2489662.
  918.  229.
  0.0368724763  0.00919803604
  60.  80.
  2489662.
  772.  243.
  0.0310082249  0.00976036116
  60.  90.
  2489662.
  713.  257.
  0.0286384262  0.0103226863
  60.  100.
  2489662.
  876.  400.
  0.0351854973  0.0160664376
  70.  0.
  2489662.
  25343.  1179.
  1.01792932  0.0473558269
  70.  10.
  2489662.
  5408.  701.
  0.217218235  0.0281564333
  70.  20.
  2489662.
  3436.  553.
  0.138010696  0.0222118497
  70.  30.
  2489662.
  2368.  459.
  0.0951133147  0.0184362382
  70.  40.
  2489662.
  1801.  431.
  0.0723391399  0.0173115861
  70.  50.
  2489662.
  2069.  571.
  0.0831036493  0.022934841
  70.  60.
  2489662.
  1111.  342.
  0.0446245298  0.013736804
  70.  70.
  2489662.
  964.  319.
  0.038720116  0.0128129842
  70.  80.
  2489662.
  859.  341.
  0.0345026739  0.0136966379
  70.  90.
  2489662.
  793.  311.
  0.0318517126  0.0124916555
  70.  100.
  2489662.
  782.  453.
  0.0314098857  0.0181952417
  80.  0.
  2489662.
  27476.  1609.
  1.1036036  0.0646272451
  80.  10.
  2489662.
  6250.  972.
  0.251038104  0.0390414447
  80.  20.
  2489662.
  4100.  826.
  0.164680988  0.0331771933
  80.  30.
  2489662.
  3059.  732.
  0.122868083  0.0294015817
  80.  40.
  2489662.
  2342.  644.
  0.0940689966  0.0258669648
  80.  50.
  2489662.
  2597.  930.
  0.104311347  0.0373544693
  80.  60.
  2489662.
  1302.  512.
  0.0522962548  0.0205650404
  80.  70.
  2489662.
  1179.  492.
  0.0473558269  0.0197617188
  80.  80.
  2489662.
  1054.  450.
  0.0423350632  0.0180747434
  80.  90.
  2489662.
  897.  465.
  0.0360289887  0.0186772346
  80.  100.
  2489662.
  880.  490.
  0.0353461653  0.0196813866
  90.  0.
  2489662.
  33545.  2054.
  1.3473717  0.0825011581
  90.  10.
  2489662.
  8480.  1530.
  0.340608478  0.0614541247
  90.  20.
  2489662.
  5667.  1329.
  0.227621257  0.0533807389
  90.  30.
  2489662.
  4313.  1222.
  0.17323637  0.0490829684
  90.  40.
  2489662.
  3518.  1109.
  0.141304329  0.0445441976
  90.  50.
  2489662.
  3901.  1588.
  0.15668793  0.0637837574
  90.  60.
  2489662.
  1856.  994.
  0.0745482743  0.0399250984
  90.  70.
  2489662.
  1669.  938.
  0.0670372099  0.0376757979
  90.  80.
  2489662.
  1502.  927.
  0.0603294745  0.0372339711
  90.  90.
  2489662.
  1345.  954.
  0.0540233962  0.0383184552
  90.  100.
  2489662.
  1099.  990.
  0.0441425368  0.0397644341
  100.  0.
  2489662.
  136743.  10286.
  5.49243212  0.413148463
  100.  10.
  2489662.
  41811.  8703.
  1.67938459  0.349565536
  100.  20.
  2489662.
  28793.  9621.
  1.15650237  0.386438012
  100.  30.
  2489662.
  21957.  10313.
  0.881926954  0.414232939
  100.  40.
  2489662.
  17539.  10286.
  0.704473138  0.413148463
  100.  50.
  2489662.
  19967.  15425.
  0.80199641  0.61956203
  100.  60.
  2489662.
  9322.  9372.
  0.374428332  0.376436651
  100.  70.
  2489662.
  7527.  8051.
  0.302330196  0.323377222
  100.  80.
  2489662.
  5803.  6773.
  0.233083844  0.272044957
  100.  90.
  2489662.
  4257.  5858.
  0.17098707  0.235292986
  100.  100.
  2489662.
  2777.  3483.
  0.111541249  0.139898509
