  0.  0.
  2413292.
  1159856.  3251.
  48.0611534  0.134712249
  0.  10.
  2413292.
  105615.  715.
  4.37638712  0.0296275783
  0.  20.
  2413292.
  60577.  534.
  2.5101397  0.0221274514
  0.  30.
  2413292.
  42105.  366.
  1.74471223  0.0151660061
  0.  40.
  2413292.
  32597.  391.
  1.35072756  0.0162019357
  0.  50.
  2413292.
  38085.  465.
  1.57813478  0.0192682855
  0.  60.
  2413292.
  20037.  241.
  0.830276668  0.00998635869
  0.  70.
  2413292.
  17537.  212.
  0.726683736  0.00878468063
  0.  80.
  2413292.
  15842.  138.
  0.656447709  0.00571832992
  0.  90.
  2413292.
  14393.  115.
  0.596405268  0.00476527493
  0.  100.
  2413292.
  15873.  125.
  0.657732248  0.00517964689
  10.  0.
  2413292.
  71214.  1199.
  2.95090699  0.0496831723
  10.  10.
  2413292.
  16166.  426.
  0.669873357  0.0176522359
  10.  20.
  2413292.
  7956.  302.
  0.329674155  0.0125140268
  10.  30.
  2413292.
  5225.  242.
  0.216509238  0.010027796
  10.  40.
  2413292.
  3940.  224.
  0.163262472  0.00928192679
  10.  50.
  2413292.
  4608.  305.
  0.190942496  0.0126383379
  10.  60.
  2413292.
  2317.  181.
  0.0960099325  0.00750012835
  10.  70.
  2413292.
  2119.  162.
  0.087805368  0.00671282224
  10.  80.
  2413292.
  1826.  136.
  0.0756642818  0.00563545572
  10.  90.
  2413292.
  1580.  109.
  0.0654707327  0.00451665185
  10.  100.
  2413292.
  1628.  113.
  0.0674597174  0.00468240073
  20.  0.
  2413292.
  44870.  1030.
  1.85928595  0.0426802896
  20.  10.
  2413292.
  11878.  517.
  0.492190748  0.0214230195
  20.  20.
  2413292.
  6539.  393.
  0.270957679  0.0162848085
  20.  30.
  2413292.
  3947.  238.
  0.163552523  0.00986204762
  20.  40.
  2413292.
  2752.  202.
  0.1140351  0.00837030914
  20.  50.
  2413292.
  2906.  332.
  0.120416425  0.0137571413
  20.  60.
  2413292.
  1632.  178.
  0.0676254705  0.00737581681
  20.  70.
  2413292.
  1294.  172.
  0.0536197014  0.00712719373
  20.  80.
  2413292.
  1045.  162.
  0.0433018468  0.00671282224
  20.  90.
  2413292.
  857.  133.
  0.0355116576  0.00551114418
  20.  100.
  2413292.
  960.  93.
  0.0397796854  0.00385365705
  30.  0.
  2413292.
  35415.  1054.
  1.46749747  0.0436747819
  30.  10.
  2413292.
  10333.  641.
  0.428170323  0.0265612286
  30.  20.
  2413292.
  5299.  487.
  0.219575584  0.0201799031
  30.  30.
  2413292.
  3417.  292.
  0.141590819  0.0120996544
  30.  40.
  2413292.
  2363.  264.
  0.0979160443  0.0109394137
  30.  50.
  2413292.
  2487.  319.
  0.103054248  0.0132184587
  30.  60.
  2413292.
  1340.  185.
  0.0555258133  0.00766587723
  30.  70.
  2413292.
  998.  182.
  0.0413542986  0.00754156569
  30.  80.
  2413292.
  745.  149.
  0.0308706947  0.00617413875
  30.  90.
  2413292.
  568.  92.
  0.0235363152  0.00381221995
  30.  100.
  2413292.
  628.  82.
  0.026022546  0.00339784822
  40.  0.
  2413292.
  29404.  1054.
  1.21841872  0.0436747819
  40.  10.
  2413292.
  9539.  727.
  0.395269215  0.0301248245
  40.  20.
  2413292.
  4885.  581.
  0.202420592  0.0240749978
  40.  30.
  2413292.
  3284.  404.
  0.136079684  0.0167406183
  40.  40.
  2413292.
  2189.  323.
  0.0907059759  0.0133842072
  40.  50.
  2413292.
  2338.  409.
  0.0968801156  0.016947804
  40.  60.
  2413292.
  1188.  229.
  0.0492273606  0.00948911253
  40.  70.
  2413292.
  847.  206.
  0.0350972861  0.00853605755
  40.  80.
  2413292.
  627.  146.
  0.0259811077  0.00604982721
  40.  90.
  2413292.
  524.  97.
  0.0217130799  0.00401940569
  40.  100.
  2413292.
  440.  83.
  0.0182323568  0.00343928533
  50.  0.
  2413292.
  39507.  1725.
  1.63705838  0.0714791268
  50.  10.
  2413292.
  12594.  1160.
  0.521859765  0.0480671227
  50.  20.
  2413292.
  7687.  1001.
  0.31852755  0.0414786115
  50.  30.
  2413292.
  4882.  804.
  0.202296287  0.0333154872
  50.  40.
  2413292.
  3348.  657.
  0.138731658  0.0272242241
  50.  50.
  2413292.
  3494.  752.
  0.144781485  0.0311607551
  50.  60.
  2413292.
  1575.  433.
  0.065263547  0.0179422963
  50.  70.
  2413292.
  1148.  349.
  0.0475698747  0.0144615732
  50.  80.
  2413292.
  851.  274.
  0.0352630354  0.0113537852
  50.  90.
  2413292.
  687.  193.
  0.0284673385  0.00799737498
  50.  100.
  2413292.
  547.  129.
  0.0226661339  0.0053453953
  60.  0.
  2413292.
  22965.  1184.
  0.951604724  0.049061615
  60.  10.
  2413292.
  8081.  965.
  0.334853798  0.0399868712
  60.  20.
  2413292.
  5070.  823.
  0.210086465  0.0341027938
  60.  30.
  2413292.
  3243.  676.
  0.134380758  0.0280115288
  60.  40.
  2413292.
  2298.  574.
  0.0952226222  0.0237849373
  60.  50.
  2413292.
  2298.  643.
  0.0952226222  0.0266441032
  60.  60.
  2413292.
  960.  353.
  0.0397796854  0.0146273226
  60.  70.
  2413292.
  685.  305.
  0.0283844639  0.0126383379
  60.  80.
  2413292.
  522.  238.
  0.0216302052  0.00986204762
  60.  90.
  2413292.
  432.  176.
  0.0179008599  0.00729294261
  60.  100.
  2413292.
  275.  87.
  0.0113952225  0.0036050342
  70.  0.
  2413292.
  22696.  1223.
  0.940458119  0.0506776646
  70.  10.
  2413292.
  8151.  1163.
  0.337754399  0.0481914319
  70.  20.
  2413292.
  5040.  1048.
  0.20884335  0.0434261598
  70.  30.
  2413292.
  3467.  977.
  0.143662676  0.0404841192
  70.  40.
  2413292.
  2458.  678.
  0.101852573  0.0280944034
  70.  50.
  2413292.
  2436.  938.
  0.100940958  0.0388680696
  70.  60.
  2413292.
  1059.  513.
  0.0438819677  0.0212572701
  70.  70.
  2413292.
  675.  354.
  0.0279700924  0.0146687599
  70.  80.
  2413292.
  520.  295.
  0.0215473305  0.0122239664
  70.  90.
  2413292.
  338.  193.
  0.0140057644  0.00799737498
  70.  100.
  2413292.
  271.  106.
  0.0112294741  0.00439234031
  80.  0.
  2413292.
  23982.  1363.
  0.993746281  0.0564788692
  80.  10.
  2413292.
  9337.  1398.
  0.386898905  0.0579291694
  80.  20.
  2413292.
  6120.  1381.
  0.253595501  0.0572247356
  80.  30.
  2413292.
  4006.  1198.
  0.165997311  0.0496417359
  80.  40.
  2413292.
  2800.  1019.
  0.116024084  0.0422244817
  80.  50.
  2413292.
  2922.  1293.
  0.121079423  0.053578265
  80.  60.
  2413292.
  1193.  605.
  0.0494345501  0.0250694901
  80.  70.
  2413292.
  800.  425.
  0.0331497379  0.0176107995
  80.  80.
  2413292.
  540.  298.
  0.0223760735  0.0123482775
  80.  90.
  2413292.
  415.  223.
  0.017196428  0.00924048945
  80.  100.
  2413292.
  208.  98.
  0.00861893222  0.00406084303
  90.  0.
  2413292.
  29594.  1687.
  1.22629178  0.0699045137
  90.  10.
  2413292.
  12353.  1791.
  0.511873424  0.0742139816
  90.  20.
  2413292.
  7944.  1834.
  0.329176903  0.0759957731
  90.  30.
  2413292.
  5570.  1813.
  0.230805054  0.0751255974
  90.  40.
  2413292.
  3984.  1596.
  0.165085703  0.0661337301
  90.  50.
  2413292.
  3682.  1998.
  0.152571678  0.08279147
  90.  60.
  2413292.
  1414.  929.
  0.058592163  0.0384951346
  90.  70.
  2413292.
  978.  637.
  0.0405255556  0.0263954792
  90.  80.
  2413292.
  566.  467.
  0.0234534405  0.0193511602
  90.  90.
  2413292.
  334.  289.
  0.013840016  0.0119753433
  90.  100.
  2413292.
  156.  118.
  0.00646419916  0.00488958647
  100.  0.
  2413292.
  83557.  6228.
  3.46236587  0.258070707
  100.  10.
  2413292.
  33484.  5964.
  1.38748229  0.247131303
  100.  20.
  2413292.
  21364.  6190.
  0.885263801  0.256496102
  100.  30.
  2413292.
  14187.  5625.
  0.587869167  0.233084098
  100.  40.
  2413292.
  9511.  4830.
  0.394108951  0.200141549
  100.  50.
  2413292.
  8645.  5675.
  0.358224362  0.235155955
  100.  60.
  2413292.
  3389.  2730.
  0.140430585  0.113123484
  100.  70.
  2413292.
  2282.  2046.
  0.0945596322  0.0847804546
  100.  80.
  2413292.
  1367.  1453.
  0.0566446148  0.0602082126
  100.  90.
  2413292.
  682.  880.
  0.0282601528  0.0364647135
  100.  100.
  2413292.
  293.  261.
  0.0121410917  0.0108151026
