  0.  0.
  2451477.
  1191919.  2119.
  48.6204453  0.0864376873
  0.  10.
  2451477.
  68077.  373.
  2.77697897  0.0152153168
  0.  20.
  2451477.
  40319.  312.
  1.64468193  0.0127270212
  0.  30.
  2451477.
  29199.  272.
  1.19107783  0.0110953515
  0.  40.
  2451477.
  23588.  230.
  0.962195456  0.00938209891
  0.  50.
  2451477.
  29938.  355.
  1.221223  0.0144810658
  0.  60.
  2451477.
  16889.  215.
  0.688931584  0.00877022278
  0.  70.
  2451477.
  15718.  222.
  0.641164482  0.00905576535
  0.  80.
  2451477.
  16316.  219.
  0.665557921  0.00893338956
  0.  90.
  2451477.
  17822.  258.
  0.726990283  0.0105242673
  0.  100.
  2451477.
  31127.  478.
  1.26972437  0.0194984488
  10.  0.
  2451477.
  63418.  903.
  2.58693027  0.0368349366
  10.  10.
  2451477.
  8688.  263.
  0.354398578  0.010728226
  10.  20.
  2451477.
  4790.  154.
  0.195392415  0.00628192723
  10.  30.
  2451477.
  3310.  154.
  0.135020643  0.00628192723
  10.  40.
  2451477.
  2516.  142.
  0.102632008  0.00579242641
  10.  50.
  2451477.
  3344.  233.
  0.136407569  0.0095044747
  10.  60.
  2451477.
  2028.  147.
  0.0827256367  0.00599638512
  10.  70.
  2451477.
  2067.  134.
  0.0843165144  0.00546609238
  10.  80.
  2451477.
  2048.  128.
  0.0835414752  0.0052213422
  10.  90.
  2451477.
  2176.  205.
  0.0887628123  0.00836230535
  10.  100.
  2451477.
  3294.  270.
  0.134367973  0.0110137686
  20.  0.
  2451477.
  43540.  855.
  1.77607214  0.0348769352
  20.  10.
  2451477.
  6900.  278.
  0.281462967  0.0113401022
  20.  20.
  2451477.
  3976.  214.
  0.162187934  0.00872943085
  20.  30.
  2451477.
  2498.  163.
  0.101897754  0.00664905272
  20.  40.
  2451477.
  2005.  161.
  0.0817874297  0.00656746933
  20.  50.
  2451477.
  2396.  207.
  0.0977369994  0.00844388921
  20.  60.
  2451477.
  1453.  139.
  0.0592703894  0.00567005109
  20.  70.
  2451477.
  1381.  136.
  0.0563333854  0.00554767577
  20.  80.
  2451477.
  1279.  172.
  0.0521726273  0.00701617822
  20.  90.
  2451477.
  1193.  203.
  0.0486645401  0.00828072242
  20.  100.
  2451477.
  1736.  251.
  0.0708144531  0.0102387257
  30.  0.
  2451477.
  33004.  864.
  1.34629047  0.0352440588
  30.  10.
  2451477.
  5836.  381.
  0.238060564  0.0155416513
  30.  20.
  2451477.
  3338.  260.
  0.136162817  0.0106058512
  30.  30.
  2451477.
  2230.  213.
  0.090965569  0.00868863985
  30.  40.
  2451477.
  1713.  187.
  0.0698762387  0.00762805436
  30.  50.
  2451477.
  2045.  292.
  0.0834190995  0.0119111864
  30.  60.
  2451477.
  1160.  167.
  0.0473184139  0.00681221951
  30.  70.
  2451477.
  1011.  161.
  0.0412404425  0.00656746933
  30.  80.
  2451477.
  960.  171.
  0.0391600654  0.00697538676
  30.  90.
  2451477.
  924.  181.
  0.0376915634  0.00738330418
  30.  100.
  2451477.
  1168.  256.
  0.0476447456  0.0104426844
  40.  0.
  2451477.
  27547.  1006.
  1.12368989  0.0410364866
  40.  10.
  2451477.
  5441.  431.
  0.221947834  0.0175812375
  40.  20.
  2451477.
  3116.  344.
  0.127107039  0.0140323564
  40.  30.
  2451477.
  2103.  291.
  0.0857850164  0.0118703945
  40.  40.
  2451477.
  1623.  241.
  0.0662049875  0.00983080827
  40.  50.
  2451477.
  1938.  319.
  0.0790543854  0.0130125638
  40.  60.
  2451477.
  1045.  192.
  0.0426273644  0.00783201307
  40.  70.
  2451477.
  860.  232.
  0.0350808911  0.00946368277
  40.  80.
  2451477.
  748.  214.
  0.0305122174  0.00872943085
  40.  90.
  2451477.
  706.  165.
  0.0287989657  0.00673063612
  40.  100.
  2451477.
  943.  237.
  0.0384666063  0.00966764148
  50.  0.
  2451477.
  41669.  2054.
  1.69975078  0.0837862268
  50.  10.
  2451477.
  8580.  1053.
  0.34999308  0.0429536961
  50.  20.
  2451477.
  4867.  844.
  0.198533371  0.034428224
  50.  30.
  2451477.
  3349.  715.
  0.136611521  0.0291660912
  50.  40.
  2451477.
  2631.  564.
  0.107323058  0.0230065379
  50.  50.
  2451477.
  3102.  742.
  0.126535967  0.0302674677
  50.  60.
  2451477.
  1605.  395.
  0.0654707327  0.0161127355
  50.  70.
  2451477.
  1364.  411.
  0.0556399263  0.0167654026
  50.  80.
  2451477.
  1196.  414.
  0.0487869158  0.0168877784
  50.  90.
  2451477.
  1028.  399.
  0.0419339053  0.0162759013
  50.  100.
  2451477.
  1199.  426.
  0.0489092916  0.0173772797
  60.  0.
  2451477.
  24042.  1553.
  0.980714917  0.0633495674
  60.  10.
  2451477.
  5451.  957.
  0.222355753  0.0390376896
  60.  20.
  2451477.
  3507.  801.
  0.143056616  0.0326741785
  60.  30.
  2451477.
  2373.  650.
  0.096798785  0.026514627
  60.  40.
  2451477.
  1705.  597.
  0.0695499107  0.024352666
  60.  50.
  2451477.
  2001.  676.
  0.081624262  0.0275752135
  60.  60.
  2451477.
  1070.  358.
  0.0436471552  0.0146034406
  60.  70.
  2451477.
  914.  398.
  0.0372836441  0.0162351113
  60.  80.
  2451477.
  783.  323.
  0.0319399275  0.0131757306
  60.  90.
  2451477.
  751.  375.
  0.0306345932  0.0152969006
  60.  100.
  2451477.
  783.  373.
  0.0319399275  0.0152153168
  70.  0.
  2451477.
  22625.  1625.
  0.922913015  0.0662865713
  70.  10.
  2451477.
  5680.  1151.
  0.231697053  0.0469512865
  70.  20.
  2451477.
  3630.  1053.
  0.148074001  0.0429536961
  70.  30.
  2451477.
  2622.  950.
  0.106955931  0.0387521498
  70.  40.
  2451477.
  1986.  731.
  0.0810123831  0.0298187584
  70.  50.
  2451477.
  2081.  934.
  0.0848876014  0.0380994789
  70.  60.
  2451477.
  1132.  532.
  0.0461762436  0.0217012037
  70.  70.
  2451477.
  989.  461.
  0.0403430276  0.0188049898
  70.  80.
  2451477.
  833.  479.
  0.0339795165  0.0195392407
  70.  90.
  2451477.
  776.  419.
  0.0316543877  0.0170917362
  70.  100.
  2451477.
  756.  416.
  0.030838551  0.0169693623
  80.  0.
  2451477.
  23859.  1895.
  0.973250031  0.0773003399
  80.  10.
  2451477.
  6325.  1420.
  0.258007735  0.0579242632
  80.  20.
  2451477.
  4354.  1406.
  0.177607208  0.0573531799
  80.  30.
  2451477.
  3288.  1306.
  0.134123221  0.0532740057
  80.  40.
  2451477.
  2442.  1109.
  0.0996134132  0.0452380329
  80.  50.
  2451477.
  2635.  1426.
  0.107486218  0.0581690148
  80.  60.
  2451477.
  1376.  816.
  0.0561294258  0.0332860574
  80.  70.
  2451477.
  1108.  697.
  0.045197241  0.0284318384
  80.  80.
  2451477.
  959.  598.
  0.0391192734  0.0243934579
  80.  90.
  2451477.
  802.  540.
  0.0327149704  0.0220275372
  80.  100.
  2451477.
  821.  528.
  0.0334900133  0.0215380359
  90.  0.
  2451477.
  28095.  2330.
  1.14604378  0.0950447395
  90.  10.
  2451477.
  8094.  1956.
  0.330168307  0.0797886327
  90.  20.
  2451477.
  5535.  2099.
  0.22578226  0.0856218487
  90.  30.
  2451477.
  4209.  1958.
  0.171692416  0.0798702165
  90.  40.
  2451477.
  3539.  1984.
  0.144361943  0.0809307992
  90.  50.
  2451477.
  3942.  2682.
  0.160801023  0.109403431
  90.  60.
  2451477.
  2005.  1616.
  0.0817874297  0.065919444
  90.  70.
  2451477.
  1698.  1425.
  0.0692643672  0.0581282228
  90.  80.
  2451477.
  1495.  1362.
  0.0609836429  0.0555583425
  90.  90.
  2451477.
  1228.  1156.
  0.0500922501  0.0471552461
  90.  100.
  2451477.
  979.  924.
  0.0399351083  0.0376915634
  100.  0.
  2451477.
  121161.  11374.
  4.94236755  0.463965207
  100.  10.
  2451477.
  39029.  9339.
  1.59206057  0.380954027
  100.  20.
  2451477.
  26947.  10600.
  1.09921491  0.432392389
  100.  30.
  2451477.
  19886.  11137.
  0.811184466  0.454297543
  100.  40.
  2451477.
  15641.  11268.
  0.638023555  0.459641278
  100.  50.
  2451477.
  17841.  16109.
  0.727765322  0.657114029
  100.  60.
  2451477.
  8538.  9426.
  0.348279834  0.384502888
  100.  70.
  2451477.
  6286.  8370.
  0.256416857  0.34142682
  100.  80.
  2451477.
  4722.  6588.
  0.192618579  0.268735945
  100.  90.
  2451477.
  3342.  4634.
  0.136325985  0.189028904
  100.  100.
  2451477.
  1934.  2598.
  0.0788912177  0.105976924
