  0.  0.
  2558395.
  1044288.  1789.
  40.8180923  0.0699266568
  0.  10.
  2558395.
  109265.  362.
  4.2708416  0.0141494963
  0.  20.
  2558395.
  47739.  261.
  1.86597455  0.0102017084
  0.  30.
  2558395.
  41761.  280.
  1.63231242  0.0109443618
  0.  40.
  2558395.
  29881.  281.
  1.16795886  0.0109834485
  0.  50.
  2558395.
  28024.  215.
  1.09537423  0.00840370636
  0.  60.
  2558395.
  18766.  235.
  0.733506739  0.00918544643
  0.  70.
  2558395.
  13667.  183.
  0.534202099  0.00715292199
  0.  80.
  2558395.
  15075.  173.
  0.589236617  0.00676205195
  0.  90.
  2558395.
  14320.  141.
  0.55972594  0.00551126758
  0.  100.
  2558395.
  13478.  132.
  0.52681464  0.00515948469
  10.  0.
  2558395.
  85195.  1095.
  3.33001757  0.04280027
  10.  10.
  2558395.
  21396.  379.
  0.836305559  0.0148139754
  10.  20.
  2558395.
  8834.  187.
  0.345294595  0.00730927009
  10.  30.
  2558395.
  8186.  174.
  0.319966227  0.0068011391
  10.  40.
  2558395.
  6187.  187.
  0.241831303  0.00730927009
  10.  50.
  2558395.
  5353.  157.
  0.209232748  0.00613666
  10.  60.
  2558395.
  4223.  174.
  0.165064424  0.0068011391
  10.  70.
  2558395.
  2668.  115.
  0.10428413  0.00449500559
  10.  80.
  2558395.
  3230.  117.
  0.126251027  0.00457317987
  10.  90.
  2558395.
  2957.  59.
  0.115580276  0.00230613328
  10.  100.
  2558395.
  2253.  79.
  0.088063024  0.00308787334
  20.  0.
  2558395.
  44825.  888.
  1.75207508  0.0347092599
  20.  10.
  2558395.
  12288.  370.
  0.480301112  0.0144621925
  20.  20.
  2558395.
  5671.  214.
  0.221662402  0.00836461969
  20.  30.
  2558395.
  4526.  193.
  0.176907793  0.00754379202
  20.  40.
  2558395.
  3397.  137.
  0.132778555  0.00535491994
  20.  50.
  2558395.
  3238.  130.
  0.126563728  0.00508131087
  20.  60.
  2558395.
  2175.  156.
  0.085014239  0.00609757286
  20.  70.
  2558395.
  1492.  125.
  0.058317814  0.00488587562
  20.  80.
  2558395.
  1555.  102.
  0.0607802942  0.0039868746
  20.  90.
  2558395.
  1279.  90.
  0.0499922819  0.00351783051
  20.  100.
  2558395.
  981.  96.
  0.0383443534  0.00375235244
  30.  0.
  2558395.
  43931.  984.
  1.71713126  0.0384616144
  30.  10.
  2558395.
  13827.  418.
  0.540456057  0.0163383689
  30.  20.
  2558395.
  6170.  343.
  0.24116683  0.0134068429
  30.  30.
  2558395.
  5347.  291.
  0.208998218  0.011374319
  30.  40.
  2558395.
  3681.  236.
  0.143879265  0.0092245331
  30.  50.
  2558395.
  3109.  210.
  0.121521503  0.00820827112
  30.  60.
  2558395.
  2259.  204.
  0.0882975459  0.00797374919
  30.  70.
  2558395.
  1394.  169.
  0.0544872843  0.00660570385
  30.  80.
  2558395.
  1502.  176.
  0.0587086827  0.00687931292
  30.  90.
  2558395.
  1121.  141.
  0.0438165329  0.00551126758
  30.  100.
  2558395.
  685.  103.
  0.0267745983  0.00402596174
  40.  0.
  2558395.
  37819.  1102.
  1.47823143  0.0430738814
  40.  10.
  2558395.
  12053.  657.
  0.471115679  0.025680162
  40.  20.
  2558395.
  5548.  410.
  0.216854706  0.0160256717
  40.  30.
  2558395.
  4771.  415.
  0.186484098  0.0162211079
  40.  40.
  2558395.
  3258.  315.
  0.127345458  0.0123124067
  40.  50.
  2558395.
  2714.  304.
  0.106082134  0.0118824495
  40.  60.
  2558395.
  2072.  249.
  0.080988273  0.00973266456
  40.  70.
  2558395.
  1307.  195.
  0.0510867164  0.0076219663
  40.  80.
  2558395.
  1227.  190.
  0.0479597561  0.00742653105
  40.  90.
  2558395.
  876.  142.
  0.034240216  0.00555035472
  40.  100.
  2558395.
  511.  102.
  0.0199734606  0.0039868746
  50.  0.
  2558395.
  42053.  1566.
  1.64372587  0.0612102523
  50.  10.
  2558395.
  12694.  921.
  0.496170461  0.0359991305
  50.  20.
  2558395.
  7076.  745.
  0.276579648  0.0291198194
  50.  30.
  2558395.
  5264.  629.
  0.205753997  0.0245857257
  50.  40.
  2558395.
  3692.  557.
  0.144309223  0.0217714626
  50.  50.
  2558395.
  3466.  684.
  0.135475561  0.0267355125
  50.  60.
  2558395.
  2098.  408.
  0.0820045397  0.0159474984
  50.  70.
  2558395.
  1352.  281.
  0.0528456308  0.0109834485
  50.  80.
  2558395.
  1205.  251.
  0.0470998436  0.00981083885
  50.  90.
  2558395.
  871.  174.
  0.0340447836  0.0068011391
  50.  100.
  2558395.
  539.  138.
  0.0210678969  0.00539400661
  60.  0.
  2558395.
  35356.  1482.
  1.38196015  0.0579269417
  60.  10.
  2558395.
  12483.  1062.
  0.487923086  0.0415103994
  60.  20.
  2558395.
  5908.  747.
  0.230926037  0.0291979928
  60.  30.
  2558395.
  5241.  726.
  0.204854995  0.028377166
  60.  40.
  2558395.
  3588.  552.
  0.140244171  0.0215760265
  60.  50.
  2558395.
  2571.  591.
  0.100492693  0.0231004208
  60.  60.
  2558395.
  1980.  427.
  0.0773922727  0.0166901518
  60.  70.
  2558395.
  1128.  310.
  0.0440901406  0.0121169714
  60.  80.
  2558395.
  1103.  300.
  0.0431129672  0.0117261019
  60.  90.
  2558395.
  820.  197.
  0.0320513435  0.00770014012
  60.  100.
  2558395.
  349.  162.
  0.0136413649  0.00633209478
  70.  0.
  2558395.
  30318.  1564.
  1.18503988  0.0611320771
  70.  10.
  2558395.
  11013.  1347.
  0.430465192  0.0526501983
  70.  20.
  2558395.
  5911.  976.
  0.231043294  0.0381489173
  70.  30.
  2558395.
  4691.  908.
  0.183357149  0.0354910009
  70.  40.
  2558395.
  3354.  730.
  0.131097823  0.0285335146
  70.  50.
  2558395.
  2655.  796.
  0.103776  0.0311132558
  70.  60.
  2558395.
  1633.  469.
  0.0638290793  0.0183318052
  70.  70.
  2558395.
  940.  346.
  0.0367417857  0.0135241039
  70.  80.
  2558395.
  816.  347.
  0.0318949968  0.0135631906
  70.  90.
  2558395.
  589.  218.
  0.0230222456  0.00852096733
  70.  100.
  2558395.
  286.  105.
  0.0111788837  0.00410413556
  80.  0.
  2558395.
  35718.  2193.
  1.3961097  0.0857178047
  80.  10.
  2558395.
  15486.  1832.
  0.60530138  0.071607396
  80.  20.
  2558395.
  7970.  1436.
  0.311523438  0.0561289415
  80.  30.
  2558395.
  6890.  1407.
  0.269309461  0.0549954176
  80.  40.
  2558395.
  5106.  1276.
  0.199578255  0.049875021
  80.  50.
  2558395.
  3727.  1250.
  0.145677269  0.0488587581
  80.  60.
  2558395.
  2771.  849.
  0.108310096  0.0331848674
  80.  70.
  2558395.
  1401.  511.
  0.0547608957  0.0199734606
  80.  80.
  2558395.
  1224.  543.
  0.0478424951  0.0212242436
  80.  90.
  2558395.
  922.  390.
  0.0360382199  0.0152439326
  80.  100.
  2558395.
  337.  186.
  0.013172321  0.00727018295
  90.  0.
  2558395.
  41978.  2773.
  1.64079428  0.108388267
  90.  10.
  2558395.
  19976.  2612.
  0.780802011  0.102095261
  90.  20.
  2558395.
  10410.  2159.
  0.406895727  0.0843888447
  90.  30.
  2558395.
  10419.  2575.
  0.407247514  0.100649036
  90.  40.
  2558395.
  7843.  2461.
  0.306559384  0.0961931199
  90.  50.
  2558395.
  5757.  2530.
  0.225023896  0.0988901258
  90.  60.
  2558395.
  4551.  1833.
  0.177884966  0.0716464818
  90.  70.
  2558395.
  2253.  1133.
  0.088063024  0.0442855768
  90.  80.
  2558395.
  2074.  1131.
  0.081066452  0.0442074053
  90.  90.
  2558395.
  1205.  716.
  0.0470998436  0.0279862955
  90.  100.
  2558395.
  370.  280.
  0.0144621925  0.0109443618
  100.  0.
  2558395.
  86332.  7988.
  3.37445927  0.312227011
  100.  10.
  2558395.
  45654.  9363.
  1.78447819  0.365971625
  100.  20.
  2558395.
  26887.  8786.
  1.05093229  0.343418419
  100.  30.
  2558395.
  25574.  10170.
  0.99961108  0.39751485
  100.  40.
  2558395.
  19897.  9821.
  0.777714133  0.383873492
  100.  50.
  2558395.
  15761.  11336.
  0.616050303  0.44309029
  100.  60.
  2558395.
  10715.  8106.
  0.418817252  0.316839278
  100.  70.
  2558395.
  6082.  5190.
  0.237727165  0.202861562
  100.  80.
  2558395.
  5224.  4446.
  0.204190522  0.173780829
  100.  90.
  2558395.
  3061.  2508.
  0.119645327  0.0980302095
  100.  100.
  2558395.
  704.  580.
  0.0275172517  0.0226704627
