  0.  0.
  2558395.
  1083135.  705.
  42.3365021  0.0275563393
  0.  10.
  2558395.
  114169.  284.
  4.46252441  0.0111007094
  0.  20.
  2558395.
  51124.  209.
  1.9982841  0.00816918444
  0.  30.
  2558395.
  44973.  173.
  1.75785995  0.00676205195
  0.  40.
  2558395.
  32329.  170.
  1.26364386  0.00664479099
  0.  50.
  2558395.
  29647.  181.
  1.1588124  0.00707474817
  0.  60.
  2558395.
  20308.  162.
  0.793778896  0.00633209478
  0.  70.
  2558395.
  14943.  101.
  0.58407712  0.00394778745
  0.  80.
  2558395.
  16164.  109.
  0.63180238  0.00426048366
  0.  90.
  2558395.
  15476.  124.
  0.604910493  0.00484678848
  0.  100.
  2558395.
  15322.  84.
  0.598891079  0.00328330859
  10.  0.
  2558395.
  81133.  363.
  3.17124605  0.014188583
  10.  10.
  2558395.
  19717.  250.
  0.77067852  0.00977175124
  10.  20.
  2558395.
  7746.  135.
  0.302767932  0.00527674565
  10.  30.
  2558395.
  7207.  136.
  0.281700045  0.00531583279
  10.  40.
  2558395.
  5526.  144.
  0.21599479  0.005628529
  10.  50.
  2558395.
  4840.  116.
  0.189181104  0.00453409273
  10.  60.
  2558395.
  3893.  109.
  0.152165711  0.00426048366
  10.  70.
  2558395.
  2590.  66.
  0.101235345  0.00257974234
  10.  80.
  2558395.
  2799.  86.
  0.109404527  0.00336148241
  10.  90.
  2558395.
  2409.  65.
  0.094160594  0.00254065543
  10.  100.
  2558395.
  2048.  70.
  0.0800501853  0.00273609045
  20.  0.
  2558395.
  42678.  296.
  1.66815519  0.0115697533
  20.  10.
  2558395.
  10573.  169.
  0.413266897  0.00660570385
  20.  20.
  2558395.
  4796.  119.
  0.187461287  0.00465135369
  20.  30.
  2558395.
  3741.  114.
  0.146224484  0.00445591845
  20.  40.
  2558395.
  2847.  87.
  0.111280702  0.00340056955
  20.  50.
  2558395.
  2957.  129.
  0.115580276  0.00504222373
  20.  60.
  2558395.
  1814.  103.
  0.0709038302  0.00402596174
  20.  70.
  2558395.
  1246.  62.
  0.0487024076  0.00242339424
  20.  80.
  2558395.
  1323.  68.
  0.0517121069  0.0026579164
  20.  90.
  2558395.
  972.  51.
  0.0379925705  0.0019934373
  20.  100.
  2558395.
  860.  47.
  0.0336148255  0.00183708931
  30.  0.
  2558395.
  42644.  338.
  1.66682625  0.0132114077
  30.  10.
  2558395.
  12660.  210.
  0.494841486  0.00820827112
  30.  20.
  2558395.
  5493.  179.
  0.214704916  0.00699657388
  30.  30.
  2558395.
  4448.  225.
  0.173859  0.00879457593
  30.  40.
  2558395.
  3229.  173.
  0.126211941  0.00676205195
  30.  50.
  2558395.
  2689.  123.
  0.105104961  0.0048077018
  30.  60.
  2558395.
  1970.  138.
  0.0770014003  0.00539400661
  30.  70.
  2558395.
  1226.  110.
  0.0479206704  0.00429957081
  30.  80.
  2558395.
  1293.  86.
  0.0505394973  0.00336148241
  30.  90.
  2558395.
  944.  65.
  0.0368981324  0.00254065543
  30.  100.
  2558395.
  657.  82.
  0.025680162  0.00320513453
  40.  0.
  2558395.
  37614.  350.
  1.47021866  0.0136804515
  40.  10.
  2558395.
  11332.  257.
  0.442933947  0.0100453608
  40.  20.
  2558395.
  4984.  214.
  0.194809631  0.00836461969
  40.  30.
  2558395.
  4159.  235.
  0.162562862  0.00918544643
  40.  40.
  2558395.
  2930.  236.
  0.114524923  0.0092245331
  40.  50.
  2558395.
  2480.  173.
  0.0969357714  0.00676205195
  40.  60.
  2558395.
  1722.  153.
  0.0673078224  0.00598031189
  40.  70.
  2558395.
  1024.  116.
  0.0400250927  0.00453409273
  40.  80.
  2558395.
  1061.  141.
  0.0414713137  0.00551126758
  40.  90.
  2558395.
  794.  93.
  0.0310350824  0.00363509147
  40.  100.
  2558395.
  515.  65.
  0.0201298073  0.00254065543
  50.  0.
  2558395.
  43068.  529.
  1.6833992  0.0206770264
  50.  10.
  2558395.
  11970.  398.
  0.467871457  0.0155566279
  50.  20.
  2558395.
  6293.  404.
  0.245974526  0.0157911498
  50.  30.
  2558395.
  4660.  371.
  0.182145447  0.0145012792
  50.  40.
  2558395.
  3315.  317.
  0.12957342  0.012390581
  50.  50.
  2558395.
  2982.  319.
  0.116557449  0.0124687552
  50.  60.
  2558395.
  1748.  191.
  0.0683240891  0.0074656182
  50.  70.
  2558395.
  1160.  140.
  0.0453409255  0.0054721809
  50.  80.
  2558395.
  986.  162.
  0.0385397859  0.00633209478
  50.  90.
  2558395.
  722.  138.
  0.0282208174  0.00539400661
  50.  100.
  2558395.
  418.  92.
  0.0163383689  0.00359600456
  60.  0.
  2558395.
  36505.  445.
  1.42687118  0.0173937175
  60.  10.
  2558395.
  11436.  441.
  0.446998984  0.017237369
  60.  20.
  2558395.
  5438.  348.
  0.21255514  0.0136022782
  60.  30.
  2558395.
  4763.  418.
  0.186171412  0.0163383689
  60.  40.
  2558395.
  3211.  315.
  0.125508368  0.0123124067
  60.  50.
  2558395.
  2334.  320.
  0.0912290737  0.0125078419
  60.  60.
  2558395.
  1677.  223.
  0.0655489117  0.00871640258
  60.  70.
  2558395.
  963.  170.
  0.0376407877  0.00664479099
  60.  80.
  2558395.
  1012.  213.
  0.0395560488  0.00832553208
  60.  90.
  2558395.
  642.  162.
  0.0250938572  0.00633209478
  60.  100.
  2558395.
  381.  97.
  0.0148921488  0.00379143958
  70.  0.
  2558395.
  33610.  545.
  1.31371427  0.0213024188
  70.  10.
  2558395.
  10715.  447.
  0.418817252  0.0174718909
  70.  20.
  2558395.
  5165.  422.
  0.201884389  0.0164947156
  70.  30.
  2558395.
  4264.  418.
  0.166666999  0.0163383689
  70.  40.
  2558395.
  3058.  411.
  0.119528063  0.0160647593
  70.  50.
  2558395.
  2267.  394.
  0.0886102393  0.0154002802
  70.  60.
  2558395.
  1457.  243.
  0.0569497682  0.00949814264
  70.  70.
  2558395.
  924.  207.
  0.0361163951  0.00809101015
  70.  80.
  2558395.
  845.  221.
  0.0330285206  0.00863822829
  70.  90.
  2558395.
  587.  130.
  0.0229440723  0.00508131087
  70.  100.
  2558395.
  269.  78.
  0.0105144046  0.00304878643
  80.  0.
  2558395.
  40802.  774.
  1.59482801  0.0302533433
  80.  10.
  2558395.
  15436.  658.
  0.603347003  0.0257192496
  80.  20.
  2558395.
  7331.  558.
  0.286546826  0.0218105484
  80.  30.
  2558395.
  6447.  599.
  0.251993924  0.0234131161
  80.  40.
  2558395.
  4702.  583.
  0.183787107  0.0227877237
  80.  50.
  2558395.
  3482.  602.
  0.136100948  0.0235303771
  80.  60.
  2558395.
  2396.  448.
  0.0936524644  0.0175109785
  80.  70.
  2558395.
  1368.  312.
  0.0534710251  0.0121951457
  80.  80.
  2558395.
  1304.  293.
  0.0509694554  0.0114524923
  80.  90.
  2558395.
  913.  233.
  0.035686437  0.00910727214
  80.  100.
  2558395.
  317.  92.
  0.012390581  0.00359600456
  90.  0.
  2558395.
  47102.  1151.
  1.84107614  0.0449891426
  90.  10.
  2558395.
  20324.  1055.
  0.794404328  0.0412367918
  90.  20.
  2558395.
  10061.  825.
  0.393254369  0.0322467797
  90.  30.
  2558395.
  9602.  1027.
  0.375313431  0.0401423536
  90.  40.
  2558395.
  7250.  1079.
  0.283380777  0.0421748795
  90.  50.
  2558395.
  5510.  1148.
  0.215369403  0.0448718816
  90.  60.
  2558395.
  3962.  868.
  0.154862717  0.0339275226
  90.  70.
  2558395.
  2024.  558.
  0.0791120976  0.0218105484
  90.  80.
  2558395.
  2008.  511.
  0.0784867108  0.0199734606
  90.  90.
  2558395.
  1348.  346.
  0.0526892841  0.0135241039
  90.  100.
  2558395.
  413.  201.
  0.0161429327  0.00785648823
  100.  0.
  2558395.
  103339.  3457.
  4.03921223  0.135123774
  100.  10.
  2558395.
  51597.  4867.
  2.01677227  0.190236464
  100.  20.
  2558395.
  30795.  5043.
  1.20368433  0.197115764
  100.  30.
  2558395.
  28479.  6196.
  1.11315882  0.242183089
  100.  40.
  2558395.
  21076.  6171.
  0.823797703  0.241205916
  100.  50.
  2558395.
  17142.  6742.
  0.670029461  0.263524592
  100.  60.
  2558395.
  11373.  4758.
  0.444536507  0.185975969
  100.  70.
  2558395.
  6479.  3413.
  0.253244698  0.133403957
  100.  80.
  2558395.
  5459.  2924.
  0.213375971  0.114290401
  100.  90.
  2558395.
  3124.  1779.
  0.122107804  0.0695357844
  100.  100.
  2558395.
  912.  651.
  0.0356473476  0.0254456401
