  0.  0.
  2191819.
  766066.  2261.
  34.9511528  0.103156328
  0.  10.
  2191819.
  159936.  928.
  7.29695272  0.0423392616
  0.  20.
  2191819.
  39380.  307.
  1.79668117  0.0140066314
  0.  30.
  2191819.
  52895.  470.
  2.41329241  0.0214433763
  0.  40.
  2191819.
  30674.  348.
  1.39947689  0.0158772226
  0.  50.
  2191819.
  11736.  144.
  0.53544569  0.00656988565
  0.  60.
  2191819.
  20145.  260.
  0.919099629  0.0118622938
  0.  70.
  2191819.
  8647.  106.
  0.394512504  0.00483616581
  0.  80.
  2191819.
  14781.  148.
  0.674371362  0.0067523825
  0.  90.
  2191819.
  12116.  129.
  0.552782893  0.00588552235
  0.  100.
  2191819.
  6539.  102.
  0.298336685  0.00465366896
  10.  0.
  2191819.
  84215.  1761.
  3.84224248  0.0803442225
  10.  10.
  2191819.
  39708.  1134.
  1.81164598  0.0517378487
  10.  20.
  2191819.
  10311.  367.
  0.470431179  0.0167440828
  10.  30.
  2191819.
  14706.  534.
  0.670949578  0.0243633259
  10.  40.
  2191819.
  9538.  374.
  0.435163677  0.0170634519
  10.  50.
  2191819.
  3738.  167.
  0.170543283  0.00761924218
  10.  60.
  2191819.
  6170.  312.
  0.281501353  0.0142347524
  10.  70.
  2191819.
  2530.  144.
  0.115429237  0.00656988565
  10.  80.
  2191819.
  4401.  225.
  0.200792134  0.0102654463
  10.  90.
  2191819.
  3382.  170.
  0.154301062  0.00775611494
  10.  100.
  2191819.
  1446.  100.
  0.0659726039  0.0045624203
  20.  0.
  2191819.
  24490.  731.
  1.11733675  0.0333512947
  20.  10.
  2191819.
  12335.  631.
  0.562774599  0.0287888739
  20.  20.
  2191819.
  3502.  209.
  0.159775972  0.00953545887
  20.  30.
  2191819.
  4895.  251.
  0.223330483  0.0114516756
  20.  40.
  2191819.
  3258.  179.
  0.148643658  0.0081667332
  20.  50.
  2191819.
  1232.  102.
  0.0562090203  0.00465366896
  20.  60.
  2191819.
  1930.  122.
  0.0880547166  0.00556615321
  20.  70.
  2191819.
  795.  64.
  0.0362712443  0.00291994913
  20.  80.
  2191819.
  1435.  126.
  0.0654707327  0.00574865006
  20.  90.
  2191819.
  1045.  102.
  0.0476772934  0.00465366896
  20.  100.
  2191819.
  350.  51.
  0.0159684718  0.00232683448
  30.  0.
  2191819.
  39859.  1388.
  1.81853521  0.063326396
  30.  10.
  2191819.
  20557.  1444.
  0.937896788  0.0658813491
  30.  20.
  2191819.
  5944.  420.
  0.271190286  0.0191621669
  30.  30.
  2191819.
  8196.  664.
  0.373935997  0.0302944724
  30.  40.
  2191819.
  5076.  413.
  0.231588468  0.0188427959
  30.  50.
  2191819.
  1981.  190.
  0.0903815478  0.00866859872
  30.  60.
  2191819.
  3311.  361.
  0.151061743  0.0164703373
  30.  70.
  2191819.
  1298.  146.
  0.0592202172  0.00666113384
  30.  80.
  2191819.
  2224.  245.
  0.101468235  0.01117793
  30.  90.
  2191819.
  1704.  217.
  0.0777436495  0.00990045257
  30.  100.
  2191819.
  565.  65.
  0.0257776752  0.00296557345
  40.  0.
  2191819.
  29903.  1244.
  1.36430061  0.0567565113
  40.  10.
  2191819.
  16627.  1281.
  0.758593678  0.058444608
  40.  20.
  2191819.
  4966.  474.
  0.226569802  0.0216258727
  40.  30.
  2191819.
  6767.  793.
  0.308739007  0.0361799933
  40.  40.
  2191819.
  4545.  602.
  0.207362011  0.0274657719
  40.  50.
  2191819.
  1741.  252.
  0.0794317424  0.0114973001
  40.  60.
  2191819.
  2943.  394.
  0.134272039  0.0179759376
  40.  70.
  2191819.
  1250.  203.
  0.0570302568  0.00926171336
  40.  80.
  2191819.
  1787.  264.
  0.0815304518  0.0120447902
  40.  90.
  2191819.
  1232.  161.
  0.0562090203  0.00734549714
  40.  100.
  2191819.
  442.  49.
  0.0201658979  0.00223558606
  50.  0.
  2191819.
  13057.  648.
  0.595715225  0.029564485
  50.  10.
  2191819.
  7861.  727.
  0.358651876  0.0331687964
  50.  20.
  2191819.
  2362.  263.
  0.107764371  0.0119991656
  50.  30.
  2191819.
  3270.  409.
  0.149191156  0.0186602995
  50.  40.
  2191819.
  2141.  370.
  0.0976814255  0.0168809555
  50.  50.
  2191819.
  781.  153.
  0.035632506  0.00698050344
  50.  60.
  2191819.
  1398.  208.
  0.0637826398  0.00948983431
  50.  70.
  2191819.
  583.  102.
  0.0265989117  0.00465366896
  50.  80.
  2191819.
  823.  159.
  0.0375487208  0.00725424848
  50.  90.
  2191819.
  563.  117.
  0.025686428  0.0053380318
  50.  100.
  2191819.
  192.  22.
  0.00875984784  0.00100373256
  60.  0.
  2191819.
  26984.  1392.
  1.23112357  0.0635088906
  60.  10.
  2191819.
  15790.  1761.
  0.720406175  0.0803442225
  60.  20.
  2191819.
  5066.  707.
  0.231132224  0.0322563127
  60.  30.
  2191819.
  6979.  1194.
  0.31841132  0.0544753
  60.  40.
  2191819.
  4466.  1027.
  0.203757703  0.0468560606
  60.  50.
  2191819.
  1693.  381.
  0.0772417784  0.0173828229
  60.  60.
  2191819.
  2908.  640.
  0.132675186  0.0291994922
  60.  70.
  2191819.
  1097.  250.
  0.050049752  0.011406051
  60.  80.
  2191819.
  1719.  348.
  0.0784280077  0.0158772226
  60.  90.
  2191819.
  1058.  215.
  0.0482704081  0.00980920438
  60.  100.
  2191819.
  336.  71.
  0.0153297326  0.0032393185
  70.  0.
  2191819.
  18395.  998.
  0.83925724  0.0455329567
  70.  10.
  2191819.
  9887.  1221.
  0.451086521  0.0557071529
  70.  20.
  2191819.
  3194.  491.
  0.145723715  0.0224014856
  70.  30.
  2191819.
  4640.  903.
  0.211696312  0.041198656
  70.  40.
  2191819.
  3041.  753.
  0.138743207  0.0343550257
  70.  50.
  2191819.
  1136.  326.
  0.0518290959  0.0148734907
  70.  60.
  2191819.
  1770.  500.
  0.0807548463  0.022812102
  70.  70.
  2191819.
  633.  202.
  0.0288801212  0.00921608973
  70.  80.
  2191819.
  946.  239.
  0.0431604981  0.0109041855
  70.  90.
  2191819.
  536.  157.
  0.0244545732  0.00716300029
  70.  100.
  2191819.
  153.  36.
  0.00698050344  0.00164247141
  80.  0.
  2191819.
  27060.  1675.
  1.23459101  0.0764205456
  80.  10.
  2191819.
  18354.  2574.
  0.837386668  0.117436707
  80.  20.
  2191819.
  5995.  1205.
  0.273517102  0.0549771674
  80.  30.
  2191819.
  9249.  2328.
  0.421978265  0.106213152
  80.  40.
  2191819.
  6771.  1908.
  0.308921486  0.0870509818
  80.  50.
  2191819.
  2547.  802.
  0.11620485  0.0365906134
  80.  60.
  2191819.
  3680.  1284.
  0.167897075  0.0585814789
  80.  70.
  2191819.
  1301.  518.
  0.0593570918  0.0236333385
  80.  80.
  2191819.
  1711.  729.
  0.0780630186  0.0332600474
  80.  90.
  2191819.
  907.  317.
  0.0413811542  0.0144628733
  80.  100.
  2191819.
  199.  59.
  0.00907921698  0.00269182818
  90.  0.
  2191819.
  30050.  2221.
  1.37100732  0.101331361
  90.  10.
  2191819.
  23230.  3855.
  1.05985034  0.175881311
  90.  20.
  2191819.
  8232.  2075.
  0.375578463  0.0946702287
  90.  30.
  2191819.
  12868.  4350.
  0.58709228  0.198465288
  90.  40.
  2191819.
  9742.  4150.
  0.444471002  0.189340457
  90.  50.
  2191819.
  3957.  1753.
  0.180534974  0.0799792334
  90.  60.
  2191819.
  5760.  2891.
  0.262795419  0.13189958
  90.  70.
  2191819.
  1963.  1058.
  0.089560315  0.0482704081
  90.  80.
  2191819.
  2331.  1384.
  0.10635002  0.0631439015
  90.  90.
  2191819.
  969.  626.
  0.0442098565  0.028560752
  90.  100.
  2191819.
  133.  128.
  0.0060680192  0.00583989825
  100.  0.
  2191819.
  58282.  6573.
  2.65907001  0.299887896
  100.  10.
  2191819.
  48738.  11425.
  2.22363257  0.521256566
  100.  20.
  2191819.
  16909.  5847.
  0.771459699  0.26676473
  100.  30.
  2191819.
  25557.  11046.
  1.16601777  0.503964961
  100.  40.
  2191819.
  18891.  10572.
  0.861886859  0.482339084
  100.  50.
  2191819.
  7633.  5037.
  0.348249555  0.22980912
  100.  60.
  2191819.
  11559.  8739.
  0.527370214  0.398709923
  100.  70.
  2191819.
  3898.  3497.
  0.177843153  0.15954785
  100.  80.
  2191819.
  4898.  5074.
  0.223467365  0.231497213
  100.  90.
  2191819.
  1971.  2185.
  0.0899253115  0.0996888876
  100.  100.
  2191819.
  267.  300.
  0.012181663  0.0136872614
