  0.  0.
  2520210.
  1210440.  3209.
  48.0293312  0.127330661
  0.  10.
  2520210.
  88130.  735.
  3.49693084  0.029164236
  0.  20.
  2520210.
  40057.  427.
  1.58943105  0.0169430319
  0.  30.
  2520210.
  36655.  405.
  1.45444226  0.0160700902
  0.  40.
  2520210.
  26521.  343.
  1.052333  0.0136099765
  0.  50.
  2520210.
  26021.  416.
  1.03249335  0.0165065601
  0.  60.
  2520210.
  19038.  273.
  0.755413234  0.0108324308
  0.  70.
  2520210.
  15091.  214.
  0.598799288  0.00849135593
  0.  80.
  2520210.
  17699.  270.
  0.702282727  0.0107133929
  0.  90.
  2520210.
  18756.  325.
  0.744223714  0.0128957508
  0.  100.
  2520210.
  28680.  379.
  1.13800037  0.0150384298
  10.  0.
  2520210.
  68105.  1181.
  2.70235419  0.0468611754
  10.  10.
  2520210.
  13849.  534.
  0.549517691  0.0211887099
  10.  20.
  2520210.
  5337.  276.
  0.211768061  0.0109514687
  10.  30.
  2520210.
  4829.  246.
  0.191611022  0.00976109132
  10.  40.
  2520210.
  3509.  214.
  0.139234424  0.00849135593
  10.  50.
  2520210.
  2766.  184.
  0.109752759  0.00730097899
  10.  60.
  2520210.
  2452.  168.
  0.0972934812  0.00666611129
  10.  70.
  2520210.
  1656.  146.
  0.0657088086  0.00579316821
  10.  80.
  2520210.
  2136.  165.
  0.0847548395  0.00654707337
  10.  90.
  2520210.
  2243.  175.
  0.0890005231  0.00694386568
  10.  100.
  2520210.
  2692.  257.
  0.106816493  0.0101975631
  20.  0.
  2520210.
  35254.  851.
  1.39885163  0.0337670259
  20.  10.
  2520210.
  7485.  453.
  0.296999067  0.0179746933
  20.  20.
  2520210.
  3435.  267.
  0.136298165  0.0105943549
  20.  30.
  2520210.
  2763.  230.
  0.109633721  0.00912622362
  20.  40.
  2520210.
  1854.  203.
  0.0735652968  0.00805488415
  20.  50.
  2520210.
  1633.  174.
  0.064796187  0.00690418668
  20.  60.
  2520210.
  1194.  133.
  0.0473770052  0.00527733797
  20.  70.
  2520210.
  878.  111.
  0.0348383673  0.00440439489
  20.  80.
  2520210.
  910.  121.
  0.0361081026  0.0048011872
  20.  90.
  2520210.
  861.  131.
  0.0341638215  0.00519797951
  20.  100.
  2520210.
  1153.  186.
  0.045750156  0.00738033745
  30.  0.
  2520210.
  35315.  1092.
  1.40127206  0.0433297232
  30.  10.
  2520210.
  8773.  667.
  0.348105907  0.0264660493
  30.  20.
  2520210.
  3766.  393.
  0.149431989  0.0155939385
  30.  30.
  2520210.
  3268.  385.
  0.129671738  0.0152765047
  30.  40.
  2520210.
  2151.  276.
  0.0853500292  0.0109514687
  30.  50.
  2520210.
  1743.  284.
  0.069160901  0.0112689026
  30.  60.
  2520210.
  1359.  201.
  0.0539240763  0.00797552615
  30.  70.
  2520210.
  906.  157.
  0.0359493867  0.00622963952
  30.  80.
  2520210.
  1107.  172.
  0.0439249128  0.00682482822
  30.  90.
  2520210.
  994.  217.
  0.0394411571  0.00861039385
  30.  100.
  2520210.
  1245.  232.
  0.0494006462  0.00920558162
  40.  0.
  2520210.
  29763.  1110.
  1.18097305  0.044043947
  40.  10.
  2520210.
  8123.  712.
  0.322314411  0.0282516144
  40.  20.
  2520210.
  3674.  488.
  0.145781502  0.0193634667
  40.  30.
  2520210.
  3019.  488.
  0.119791605  0.0193634667
  40.  40.
  2520210.
  2135.  381.
  0.0847151652  0.0151177878
  40.  50.
  2520210.
  1655.  332.
  0.0656691343  0.0131735057
  40.  60.
  2520210.
  1262.  229.
  0.050075192  0.00908654463
  40.  70.
  2520210.
  794.  198.
  0.0315053128  0.00785648823
  40.  80.
  2520210.
  937.  216.
  0.0371794403  0.00857071392
  40.  90.
  2520210.
  857.  219.
  0.0340051018  0.00868975185
  40.  100.
  2520210.
  936.  259.
  0.0371397622  0.0102769211
  50.  0.
  2520210.
  34442.  1599.
  1.3666321  0.0634470955
  50.  10.
  2520210.
  8441.  1062.
  0.334932417  0.0421393439
  50.  20.
  2520210.
  4467.  809.
  0.177247137  0.0321004987
  50.  30.
  2520210.
  3551.  704.
  0.140900955  0.0279341806
  50.  40.
  2520210.
  2520.  533.
  0.0999916643  0.0211490318
  50.  50.
  2520210.
  2417.  615.
  0.0959047079  0.0244027283
  50.  60.
  2520210.
  1455.  395.
  0.0577332824  0.0156732965
  50.  70.
  2520210.
  995.  286.
  0.0394808352  0.0113482606
  50.  80.
  2520210.
  941.  310.
  0.03733816  0.0123005621
  50.  90.
  2520210.
  804.  296.
  0.0319021046  0.0117450533
  50.  100.
  2520210.
  877.  344.
  0.0347986892  0.0136496564
  60.  0.
  2520210.
  27056.  1323.
  1.07356131  0.0524956249
  60.  10.
  2520210.
  7929.  1039.
  0.31461665  0.0412267223
  60.  20.
  2520210.
  3782.  769.
  0.150066853  0.0305133294
  60.  30.
  2520210.
  3499.  815.
  0.138837636  0.0323385745
  60.  40.
  2520210.
  2546.  693.
  0.101023324  0.0274977088
  60.  50.
  2520210.
  2014.  679.
  0.0799139738  0.0269421991
  60.  60.
  2520210.
  1449.  431.
  0.0574952103  0.0171017498
  60.  70.
  2520210.
  887.  292.
  0.035195481  0.0115863364
  60.  80.
  2520210.
  1024.  364.
  0.0406315364  0.0144432411
  60.  90.
  2520210.
  828.  382.
  0.0328544043  0.0151574668
  60.  100.
  2520210.
  713.  316.
  0.0282912925  0.012538638
  70.  0.
  2520210.
  24446.  1338.
  0.969998538  0.0530908145
  70.  10.
  2520210.
  6803.  1162.
  0.269937813  0.0461072698
  70.  20.
  2520210.
  3841.  897.
  0.152407929  0.0355922729
  70.  30.
  2520210.
  3152.  865.
  0.125068948  0.0343225375
  70.  40.
  2520210.
  2172.  761.
  0.0861832947  0.0301958956
  70.  50.
  2520210.
  1908.  862.
  0.0757079795  0.0342034996
  70.  60.
  2520210.
  1221.  553.
  0.0484483428  0.0219426155
  70.  70.
  2520210.
  767.  398.
  0.0304339714  0.0157923345
  70.  80.
  2520210.
  743.  374.
  0.0294816699  0.0148400329
  70.  90.
  2520210.
  679.  338.
  0.0269421991  0.0134115806
  70.  100.
  2520210.
  518.  325.
  0.0205538422  0.0128957508
  80.  0.
  2520210.
  28037.  1608.
  1.1124866  0.0638042092
  80.  10.
  2520210.
  9229.  1461.
  0.366199642  0.0579713583
  80.  20.
  2520210.
  4759.  1205.
  0.188833475  0.0478134751
  80.  30.
  2520210.
  4336.  1262.
  0.17204915  0.050075192
  80.  40.
  2520210.
  2959.  1142.
  0.117410854  0.0453136824
  80.  50.
  2520210.
  2571.  1204.
  0.102015309  0.0477737971
  80.  60.
  2520210.
  1759.  849.
  0.0697957724  0.0336876698
  80.  70.
  2520210.
  1100.  649.
  0.0436471552  0.0257518217
  80.  80.
  2520210.
  1252.  639.
  0.0496784002  0.0253550299
  80.  90.
  2520210.
  876.  543.
  0.0347590074  0.0215458237
  80.  100.
  2520210.
  549.  393.
  0.0217838995  0.0155939385
  90.  0.
  2520210.
  33975.  1994.
  1.34810197  0.0791203901
  90.  10.
  2520210.
  12729.  2183.
  0.505076945  0.0866197646
  90.  20.
  2520210.
  6541.  1808.
  0.259541869  0.0717400536
  90.  30.
  2520210.
  6414.  2043.
  0.254502594  0.0810646713
  90.  40.
  2520210.
  4678.  1997.
  0.185619459  0.079239428
  90.  50.
  2520210.
  3794.  2065.
  0.150543004  0.0819376186
  90.  60.
  2520210.
  2662.  1499.
  0.105626121  0.0594791695
  90.  70.
  2520210.
  1639.  1142.
  0.0650342628  0.0453136824
  90.  80.
  2520210.
  1721.  1182.
  0.0682879612  0.0469008535
  90.  90.
  2520210.
  1200.  892.
  0.0476150811  0.0353938751
  90.  100.
  2520210.
  729.  589.
  0.0289261602  0.0233710688
  100.  0.
  2520210.
  129126.  9465.
  5.12362051  0.375563949
  100.  10.
  2520210.
  49876.  9225.
  1.97904146  0.366040915
  100.  20.
  2520210.
  25829.  7855.
  1.02487493  0.311680377
  100.  30.
  2520210.
  23046.  9079.
  0.914447606  0.360247761
  100.  40.
  2520210.
  15562.  8280.
  0.617488205  0.32854405
  100.  50.
  2520210.
  12361.  9138.
  0.490474999  0.362588823
  100.  60.
  2520210.
  8239.  6244.
  0.326917201  0.247757137
  100.  70.
  2520210.
  4469.  4214.
  0.177326486  0.167208284
  100.  80.
  2520210.
  4199.  3702.
  0.166613102  0.146892518
  100.  90.
  2520210.
  2566.  2512.
  0.101816915  0.0996742323
  100.  100.
  2520210.
  1234.  1341.
  0.0489641726  0.0532098524
