  0.  0.
  2451477.
  1220177.  2589.
  49.7731361  0.105609804
  0.  10.
  2451477.
  106461.  588.
  4.34272909  0.0239855405
  0.  20.
  2451477.
  59076.  373.
  2.40981245  0.0152153168
  0.  30.
  2451477.
  42064.  298.
  1.71586359  0.012155937
  0.  40.
  2451477.
  32495.  265.
  1.32552743  0.0108098099
  0.  50.
  2451477.
  38709.  337.
  1.57900727  0.0137468148
  0.  60.
  2451477.
  20999.  150.
  0.856585622  0.00611876044
  0.  70.
  2451477.
  18266.  147.
  0.74510181  0.00599638512
  0.  80.
  2451477.
  16670.  130.
  0.679998219  0.00530292559
  0.  90.
  2451477.
  15905.  108.
  0.648792565  0.00440550735
  0.  100.
  2451477.
  19689.  167.
  0.803148448  0.00681221951
  10.  0.
  2451477.
  74219.  827.
  3.02752185  0.0337347649
  10.  10.
  2451477.
  15513.  363.
  0.632802188  0.0148073994
  10.  20.
  2451477.
  7471.  272.
  0.304755062  0.0110953515
  10.  30.
  2451477.
  4918.  206.
  0.200613752  0.00840309728
  10.  40.
  2451477.
  3681.  170.
  0.150154382  0.00693459483
  10.  50.
  2451477.
  4352.  261.
  0.177525625  0.0106466431
  10.  60.
  2451477.
  2306.  145.
  0.0940657407  0.00591480173
  10.  70.
  2451477.
  2006.  122.
  0.0818282217  0.00497659156
  10.  80.
  2451477.
  1755.  106.
  0.0715894923  0.00432392396
  10.  90.
  2451477.
  1489.  84.
  0.0607388951  0.00342650572
  10.  100.
  2451477.
  1735.  83.
  0.0707736611  0.00338571402
  20.  0.
  2451477.
  43637.  733.
  1.78002894  0.0299003422
  20.  10.
  2451477.
  11247.  352.
  0.45878464  0.0143586909
  20.  20.
  2451477.
  5416.  293.
  0.220928043  0.0119519783
  20.  30.
  2451477.
  3320.  232.
  0.135428563  0.00946368277
  20.  40.
  2451477.
  2232.  211.
  0.0910471529  0.00860705599
  20.  50.
  2451477.
  2660.  238.
  0.108506016  0.00970843248
  20.  60.
  2451477.
  1539.  157.
  0.0627784804  0.00640430255
  20.  70.
  2451477.
  1364.  118.
  0.0556399263  0.00481342478
  20.  80.
  2451477.
  1081.  98.
  0.0440958664  0.00399758993
  20.  90.
  2451477.
  920.  87.
  0.0375283957  0.00354888104
  20.  100.
  2451477.
  1073.  106.
  0.043769531  0.00432392396
  30.  0.
  2451477.
  33882.  739.
  1.38210559  0.0301450919
  30.  10.
  2451477.
  9321.  396.
  0.380219758  0.0161535274
  30.  20.
  2451477.
  4687.  273.
  0.191190869  0.0111361435
  30.  30.
  2451477.
  2842.  260.
  0.11593011  0.0106058512
  30.  40.
  2451477.
  2044.  212.
  0.0833783075  0.00864784792
  30.  50.
  2451477.
  2220.  229.
  0.0905576497  0.00934130698
  30.  60.
  2451477.
  1214.  155.
  0.0495211668  0.00632271869
  30.  70.
  2451477.
  1051.  157.
  0.0428721122  0.00640430255
  30.  80.
  2451477.
  880.  136.
  0.035896726  0.00554767577
  30.  90.
  2451477.
  711.  92.
  0.0290029235  0.00375283952
  30.  100.
  2451477.
  685.  108.
  0.027942339  0.00440550735
  40.  0.
  2451477.
  28013.  749.
  1.14269888  0.0305530094
  40.  10.
  2451477.
  8352.  452.
  0.34069258  0.0184378643
  40.  20.
  2451477.
  4542.  394.
  0.185276061  0.0160719436
  40.  30.
  2451477.
  2902.  300.
  0.118377618  0.0122375209
  40.  40.
  2451477.
  1929.  222.
  0.0786872581  0.00905576535
  40.  50.
  2451477.
  1967.  278.
  0.0802373439  0.0113401022
  40.  60.
  2451477.
  1027.  187.
  0.0418931134  0.00762805436
  40.  70.
  2451477.
  944.  155.
  0.0385073982  0.00632271869
  40.  80.
  2451477.
  736.  151.
  0.0300227161  0.00615955191
  40.  90.
  2451477.
  605.  122.
  0.0246789996  0.00497659156
  40.  100.
  2451477.
  478.  126.
  0.0194984488  0.00513975881
  50.  0.
  2451477.
  37808.  1327.
  1.54225397  0.0541306324
  50.  10.
  2451477.
  11765.  833.
  0.479914755  0.0339795165
  50.  20.
  2451477.
  6300.  559.
  0.256987929  0.0228025801
  50.  30.
  2451477.
  4264.  575.
  0.173935965  0.0234552473
  50.  40.
  2451477.
  2935.  482.
  0.119723745  0.0196616165
  50.  50.
  2451477.
  2932.  639.
  0.119601369  0.0260659195
  50.  60.
  2451477.
  1649.  419.
  0.0672655702  0.0170917362
  50.  70.
  2451477.
  1207.  324.
  0.0492356233  0.0132165225
  50.  80.
  2451477.
  1035.  322.
  0.0422194451  0.0131349387
  50.  90.
  2451477.
  715.  231.
  0.0291660912  0.00942289084
  50.  100.
  2451477.
  572.  190.
  0.0233328715  0.00775042968
  60.  0.
  2451477.
  22243.  989.
  0.907330573  0.0403430276
  60.  10.
  2451477.
  7465.  700.
  0.304510295  0.0285542142
  60.  20.
  2451477.
  4383.  527.
  0.178790167  0.021497244
  60.  30.
  2451477.
  2922.  498.
  0.11919345  0.0203142837
  60.  40.
  2451477.
  1949.  471.
  0.0795030892  0.0192129072
  60.  50.
  2451477.
  1930.  571.
  0.07872805  0.0232920814
  60.  60.
  2451477.
  958.  291.
  0.0390784815  0.0118703945
  60.  70.
  2451477.
  759.  251.
  0.0309609268  0.0102387257
  60.  80.
  2451477.
  674.  231.
  0.0274936296  0.00942289084
  60.  90.
  2451477.
  454.  176.
  0.0185194481  0.00717934547
  60.  100.
  2451477.
  293.  175.
  0.0119519783  0.00713855354
  70.  0.
  2451477.
  20787.  904.
  0.847937822  0.0368757285
  70.  10.
  2451477.
  7489.  830.
  0.305489302  0.0338571407
  70.  20.
  2451477.
  4665.  740.
  0.190293446  0.0301858839
  70.  30.
  2451477.
  3030.  569.
  0.123598956  0.0232104976
  70.  40.
  2451477.
  2152.  599.
  0.0877838135  0.0244342498
  70.  50.
  2451477.
  2186.  779.
  0.0891707316  0.0317767598
  70.  60.
  2451477.
  1038.  365.
  0.0423418209  0.0148889832
  70.  70.
  2451477.
  720.  317.
  0.029370049  0.01293098
  70.  80.
  2451477.
  588.  239.
  0.0239855405  0.00974922441
  70.  90.
  2451477.
  477.  233.
  0.0194576569  0.0095044747
  70.  100.
  2451477.
  232.  143.
  0.00946368277  0.00583321787
  80.  0.
  2451477.
  23551.  1035.
  0.960686147  0.0422194451
  80.  10.
  2451477.
  8653.  1018.
  0.352970868  0.041525986
  80.  20.
  2451477.
  5293.  886.
  0.215910658  0.0361414775
  80.  30.
  2451477.
  3601.  750.
  0.146891043  0.0305938013
  80.  40.
  2451477.
  2606.  699.
  0.10630326  0.0285134222
  80.  50.
  2451477.
  2504.  1034.
  0.102142505  0.0421786532
  80.  60.
  2451477.
  1193.  544.
  0.0486645401  0.0221907031
  80.  70.
  2451477.
  844.  431.
  0.034428224  0.0175812375
  80.  80.
  2451477.
  585.  320.
  0.0238631647  0.0130533548
  80.  90.
  2451477.
  440.  250.
  0.017948363  0.0101979338
  80.  100.
  2451477.
  211.  175.
  0.00860705599  0.00713855354
  90.  0.
  2451477.
  30033.  1403.
  1.22509813  0.0572308041
  90.  10.
  2451477.
  12091.  1266.
  0.493212879  0.051642336
  90.  20.
  2451477.
  7796.  1393.
  0.318012357  0.0568228886
  90.  30.
  2451477.
  5122.  1293.
  0.208935261  0.0527437143
  90.  40.
  2451477.
  3489.  1180.
  0.142322361  0.0481342487
  90.  50.
  2451477.
  3359.  1592.
  0.137019441  0.0649404451
  90.  60.
  2451477.
  1431.  938.
  0.0583729744  0.0382626466
  90.  70.
  2451477.
  908.  726.
  0.0370388962  0.0296147987
  90.  80.
  2451477.
  663.  468.
  0.0270449203  0.0190905314
  90.  90.
  2451477.
  400.  304.
  0.0163166933  0.0124006877
  90.  100.
  2451477.
  211.  274.
  0.00860705599  0.0111769354
  100.  0.
  2451477.
  90896.  5420.
  3.70780563  0.221091196
  100.  10.
  2451477.
  33854.  4924.
  1.38096344  0.200858504
  100.  20.
  2451477.
  21497.  5282.
  0.876899898  0.21546194
  100.  30.
  2451477.
  14054.  5072.
  0.57328707  0.206895679
  100.  40.
  2451477.
  9889.  4800.
  0.403389454  0.195800334
  100.  50.
  2451477.
  9663.  6146.
  0.394170523  0.250706017
  100.  60.
  2451477.
  3922.  3242.
  0.159985185  0.132246807
  100.  70.
  2451477.
  2686.  2652.
  0.109566599  0.108179681
  100.  80.
  2451477.
  1713.  2193.
  0.0698762387  0.0894562751
  100.  90.
  2451477.
  1051.  1430.
  0.0428721122  0.0583321825
  100.  100.
  2451477.
  522.  745.
  0.0212932862  0.0303898416
