  0.  0.
  2504936.
  1228088.  541.
  49.026722  0.0215973575
  0.  10.
  2504936.
  82234.  153.
  3.2828784  0.00610794034
  0.  20.
  2504936.
  47480.  139.
  1.89545763  0.00554904388
  0.  30.
  2504936.
  34107.  121.
  1.3615917  0.00483046286
  0.  40.
  2504936.
  26694.  130.
  1.06565595  0.00518975314
  0.  50.
  2504936.
  33712.  175.
  1.34582281  0.0069862064
  0.  60.
  2504936.
  18856.  106.
  0.752753735  0.00423164526
  0.  70.
  2504936.
  17444.  93.
  0.696385086  0.00371266971
  0.  80.
  2504936.
  17172.  93.
  0.68552649  0.00371266971
  0.  90.
  2504936.
  18188.  73.
  0.726086438  0.00291424617
  0.  100.
  2504936.
  26729.  184.
  1.0670532  0.00734549714
  10.  0.
  2504936.
  63938.  228.
  2.55248046  0.00910202879
  10.  10.
  2504936.
  9652.  85.
  0.385319233  0.00339330034
  10.  20.
  2504936.
  5155.  78.
  0.205793679  0.00311385212
  10.  30.
  2504936.
  3883.  77.
  0.155013934  0.00307393074
  10.  40.
  2504936.
  3082.  73.
  0.123037077  0.00291424617
  10.  50.
  2504936.
  3987.  82.
  0.15916574  0.00327353668
  10.  60.
  2504936.
  2525.  64.
  0.100800976  0.00255495543
  10.  70.
  2504936.
  2242.  71.
  0.0895032883  0.00283440365
  10.  80.
  2504936.
  2064.  69.
  0.0823973119  0.00275456137
  10.  90.
  2504936.
  2250.  88.
  0.0898226574  0.00351306377
  10.  100.
  2504936.
  2829.  93.
  0.112937018  0.00371266971
  20.  0.
  2504936.
  41425.  207.
  1.65373492  0.00826368388
  20.  10.
  2504936.
  7213.  98.
  0.287951469  0.00391227566
  20.  20.
  2504936.
  3884.  59.
  0.155053869  0.00235534948
  20.  30.
  2504936.
  2562.  57.
  0.102278061  0.0022755072
  20.  40.
  2504936.
  2179.  71.
  0.0869882479  0.00283440365
  20.  50.
  2504936.
  2825.  120.
  0.11277733  0.00479054172
  20.  60.
  2504936.
  1601.  66.
  0.0639138073  0.00263479794
  20.  70.
  2504936.
  1453.  81.
  0.0580054745  0.00323361554
  20.  80.
  2504936.
  1297.  76.
  0.0517777689  0.0030340096
  20.  90.
  2504936.
  1268.  83.
  0.0506200567  0.00331345783
  20.  100.
  2504936.
  1515.  89.
  0.0604805872  0.00355298491
  30.  0.
  2504936.
  32195.  188.
  1.28526235  0.00750518171
  30.  10.
  2504936.
  5931.  104.
  0.236772522  0.00415180251
  30.  20.
  2504936.
  3575.  98.
  0.142718211  0.00391227566
  30.  30.
  2504936.
  2278.  87.
  0.0909404457  0.00347314263
  30.  40.
  2504936.
  1771.  89.
  0.070700407  0.00355298491
  30.  50.
  2504936.
  2223.  118.
  0.0887447819  0.00471069897
  30.  60.
  2504936.
  1286.  98.
  0.0513386354  0.00391227566
  30.  70.
  2504936.
  1144.  73.
  0.0456698313  0.00291424617
  30.  80.
  2504936.
  1044.  75.
  0.0416777097  0.00299408846
  30.  90.
  2504936.
  982.  81.
  0.039202597  0.00323361554
  30.  100.
  2504936.
  1021.  119.
  0.0407595262  0.00475062057
  40.  0.
  2504936.
  28829.  190.
  1.15088773  0.007585024
  40.  10.
  2504936.
  5636.  145.
  0.224995762  0.0057885712
  40.  20.
  2504936.
  3370.  112.
  0.134534374  0.00447117211
  40.  30.
  2504936.
  2285.  87.
  0.0912198946  0.00347314263
  40.  40.
  2504936.
  1712.  95.
  0.0683450624  0.003792512
  40.  50.
  2504936.
  1836.  159.
  0.0732952878  0.00634746766
  40.  60.
  2504936.
  1138.  94.
  0.0454303026  0.00375259086
  40.  70.
  2504936.
  955.  100.
  0.0381247252  0.00399211794
  40.  80.
  2504936.
  861.  87.
  0.034372136  0.00347314263
  40.  90.
  2504936.
  813.  83.
  0.0324559174  0.00331345783
  40.  100.
  2504936.
  765.  136.
  0.0305397026  0.00542928046
  50.  0.
  2504936.
  45820.  418.
  1.82918847  0.0166870523
  50.  10.
  2504936.
  8626.  288.
  0.344360083  0.0114973001
  50.  20.
  2504936.
  4987.  248.
  0.199086919  0.00990045257
  50.  30.
  2504936.
  3484.  215.
  0.139085397  0.00858305395
  50.  40.
  2504936.
  2648.  173.
  0.105711281  0.00690636411
  50.  50.
  2504936.
  2895.  267.
  0.115571812  0.0106589552
  50.  60.
  2504936.
  1619.  168.
  0.0646323934  0.0067067584
  50.  70.
  2504936.
  1397.  168.
  0.0557698868  0.0067067584
  50.  80.
  2504936.
  1287.  167.
  0.0513785593  0.00666683679
  50.  90.
  2504936.
  1107.  178.
  0.0441927463  0.00710596982
  50.  100.
  2504936.
  1004.  250.
  0.040080864  0.00998029485
  60.  0.
  2504936.
  27621.  308.
  1.10266292  0.012295723
  60.  10.
  2504936.
  5786.  229.
  0.230983943  0.00914194994
  60.  20.
  2504936.
  3486.  227.
  0.139165238  0.00906210765
  60.  30.
  2504936.
  2376.  188.
  0.0948527232  0.00750518171
  60.  40.
  2504936.
  1786.  176.
  0.0712992251  0.00702612754
  60.  50.
  2504936.
  1997.  222.
  0.0797225982  0.00886250194
  60.  60.
  2504936.
  1048.  140.
  0.041837398  0.00558896502
  60.  70.
  2504936.
  899.  173.
  0.0358891413  0.00690636411
  60.  80.
  2504936.
  817.  150.
  0.032615602  0.00598817691
  60.  90.
  2504936.
  650.  193.
  0.0259487666  0.00770478789
  60.  100.
  2504936.
  615.  223.
  0.0245515257  0.00890242308
  70.  0.
  2504936.
  27583.  396.
  1.10114586  0.0158087872
  70.  10.
  2504936.
  6046.  301.
  0.241363451  0.012016275
  70.  20.
  2504936.
  3791.  259.
  0.151341185  0.0103395851
  70.  30.
  2504936.
  2702.  253.
  0.107867025  0.0101000583
  70.  40.
  2504936.
  2089.  274.
  0.083395347  0.0109384032
  70.  50.
  2504936.
  2285.  348.
  0.0912198946  0.0138925705
  70.  60.
  2504936.
  1173.  211.
  0.0468275435  0.00842336845
  70.  70.
  2504936.
  1059.  194.
  0.0422765277  0.00774470903
  70.  80.
  2504936.
  923.  222.
  0.0368472487  0.00886250194
  70.  90.
  2504936.
  715.  228.
  0.0285436437  0.00910202879
  70.  100.
  2504936.
  456.  246.
  0.0182040576  0.00982061028
  80.  0.
  2504936.
  30152.  515.
  1.2037034  0.0205594078
  80.  10.
  2504936.
  7293.  430.
  0.291145176  0.0171661079
  80.  20.
  2504936.
  4659.  371.
  0.185992777  0.0148107577
  80.  30.
  2504936.
  3426.  410.
  0.136769965  0.0163676832
  80.  40.
  2504936.
  2758.  384.
  0.110102616  0.0153297326
  80.  50.
  2504936.
  2912.  567.
  0.116250478  0.022635309
  80.  60.
  2504936.
  1473.  355.
  0.0588038974  0.0141720185
  80.  70.
  2504936.
  1249.  308.
  0.0498615541  0.012295723
  80.  80.
  2504936.
  1052.  278.
  0.0419970825  0.0110980878
  80.  90.
  2504936.
  908.  286.
  0.0362484306  0.0114174578
  80.  100.
  2504936.
  634.  300.
  0.0253100283  0.0119763538
  90.  0.
  2504936.
  37522.  721.
  1.49792254  0.0287831705
  90.  10.
  2504936.
  10336.  678.
  0.412625313  0.0270665605
  90.  20.
  2504936.
  6771.  650.
  0.270306319  0.0259487666
  90.  30.
  2504936.
  5013.  647.
  0.200124875  0.0258290041
  90.  40.
  2504936.
  3979.  738.
  0.158846378  0.0294618309
  90.  50.
  2504936.
  4607.  1016.
  0.183916882  0.0405599177
  90.  60.
  2504936.
  2291.  603.
  0.0914594233  0.024072472
  90.  70.
  2504936.
  1916.  566.
  0.0764889792  0.022595387
  90.  80.
  2504936.
  1644.  539.
  0.065630421  0.0215175152
  90.  90.
  2504936.
  1340.  525.
  0.0534943789  0.0209586192
  90.  100.
  2504936.
  722.  440.
  0.0288230926  0.0175653193
  100.  0.
  2504936.
  137405.  3229.
  5.48536968  0.12890549
  100.  10.
  2504936.
  44583.  3859.
  1.7798059  0.154055834
  100.  20.
  2504936.
  31086.  4471.
  1.2409898  0.178487599
  100.  30.
  2504936.
  23526.  5156.
  0.939185679  0.205833599
  100.  40.
  2504936.
  18104.  5532.
  0.722733021  0.220843971
  100.  50.
  2504936.
  20573.  8493.
  0.82129842  0.339050591
  100.  60.
  2504936.
  9672.  5425.
  0.386117637  0.216572404
  100.  70.
  2504936.
  7316.  4849.
  0.292063355  0.193577796
  100.  80.
  2504936.
  5720.  4264.
  0.228349149  0.170223907
  100.  90.
  2504936.
  4131.  3722.
  0.164914399  0.148586631
  100.  100.
  2504936.
  1851.  2083.
  0.0738941059  0.0831558183
