  0.  0.
  2512573.
  1014744.  3101.
  40.3866463  0.1234193
  0.  10.
  2512573.
  112272.  636.
  4.46840763  0.0253126975
  0.  20.
  2512573.
  49181.  412.
  1.95739591  0.0163975339
  0.  30.
  2512573.
  42992.  394.
  1.71107471  0.0156811364
  0.  40.
  2512573.
  30602.  380.
  1.21795464  0.0151239391
  0.  50.
  2512573.
  28333.  351.
  1.12764883  0.0139697436
  0.  60.
  2512573.
  19239.  294.
  0.765709102  0.0117011527
  0.  70.
  2512573.
  14293.  219.
  0.5688591  0.00871616509
  0.  80.
  2512573.
  15659.  200.
  0.623225689  0.00795996748
  0.  90.
  2512573.
  14208.  188.
  0.56547612  0.0074823699
  0.  100.
  2512573.
  12972.  175.
  0.516283512  0.00696497178
  10.  0.
  2512573.
  84545.  2017.
  3.36487746  0.0802762732
  10.  10.
  2512573.
  23177.  673.
  0.922440886  0.0267852917
  10.  20.
  2512573.
  9152.  373.
  0.364248127  0.0148453396
  10.  30.
  2512573.
  8406.  378.
  0.334557444  0.015044339
  10.  40.
  2512573.
  6141.  299.
  0.244410813  0.0119001521
  10.  50.
  2512573.
  4997.  321.
  0.198879793  0.012775748
  10.  60.
  2512573.
  3918.  267.
  0.155935764  0.0106265573
  10.  70.
  2512573.
  2661.  191.
  0.105907373  0.00760176918
  10.  80.
  2512573.
  2996.  200.
  0.119240314  0.00795996748
  10.  90.
  2512573.
  2615.  130.
  0.104076579  0.00517397886
  10.  100.
  2512573.
  2092.  154.
  0.0832612589  0.00612917496
  20.  0.
  2512573.
  45025.  1631.
  1.79198778  0.0649135336
  20.  10.
  2512573.
  12770.  648.
  0.508243918  0.0257902946
  20.  20.
  2512573.
  5887.  373.
  0.234301656  0.0148453396
  20.  30.
  2512573.
  4757.  349.
  0.189327836  0.0138901435
  20.  40.
  2512573.
  3372.  271.
  0.134205058  0.0107857566
  20.  50.
  2512573.
  2991.  285.
  0.119041316  0.0113429539
  20.  60.
  2512573.
  2000.  220.
  0.0795996785  0.00875596423
  20.  70.
  2512573.
  1497.  145.
  0.0595803596  0.00577097666
  20.  80.
  2512573.
  1432.  196.
  0.056993369  0.0078007686
  20.  90.
  2512573.
  1181.  110.
  0.0470036082  0.00437798211
  20.  100.
  2512573.
  910.  129.
  0.0362178534  0.00513417926
  30.  0.
  2512573.
  43124.  1749.
  1.71632826  0.0696099177
  30.  10.
  2512573.
  14465.  875.
  0.575704694  0.0348248594
  30.  20.
  2512573.
  6136.  561.
  0.244211808  0.0223277099
  30.  30.
  2512573.
  5328.  480.
  0.212053537  0.0191039219
  30.  40.
  2512573.
  3724.  408.
  0.148214594  0.0162383337
  30.  50.
  2512573.
  2948.  360.
  0.117329925  0.0143279415
  30.  60.
  2512573.
  2209.  299.
  0.087917842  0.0119001521
  30.  70.
  2512573.
  1377.  249.
  0.0548043773  0.00991015974
  30.  80.
  2512573.
  1444.  210.
  0.0574709661  0.00835796632
  30.  90.
  2512573.
  1080.  178.
  0.0429838262  0.00708437106
  30.  100.
  2512573.
  705.  161.
  0.0280588865  0.00640777405
  40.  0.
  2512573.
  36152.  1745.
  1.43884373  0.0694507211
  40.  10.
  2512573.
  12729.  1059.
  0.506612122  0.0421480276
  40.  20.
  2512573.
  5838.  647.
  0.232351452  0.0257504955
  40.  30.
  2512573.
  4914.  595.
  0.195576414  0.0236809049
  40.  40.
  2512573.
  3164.  487.
  0.125926688  0.0193825215
  40.  50.
  2512573.
  2545.  419.
  0.101290591  0.0166761316
  40.  60.
  2512573.
  2019.  384.
  0.0803558752  0.0152831385
  40.  70.
  2512573.
  1241.  280.
  0.0493916012  0.0111439545
  40.  80.
  2512573.
  1187.  230.
  0.0472424068  0.00915396307
  40.  90.
  2512573.
  886.  188.
  0.0352626555  0.0074823699
  40.  100.
  2512573.
  505.  146.
  0.020098919  0.00581077626
  50.  0.
  2512573.
  38139.  2403.
  1.5179261  0.0956390128
  50.  10.
  2512573.
  13569.  1734.
  0.54004401  0.0690129176
  50.  20.
  2512573.
  7279.  1185.
  0.289703012  0.0471628085
  50.  30.
  2512573.
  5394.  1049.
  0.214680329  0.0417500325
  50.  40.
  2512573.
  3591.  714.
  0.142921224  0.0284170844
  50.  50.
  2512573.
  3336.  834.
  0.132772267  0.0331930667
  50.  60.
  2512573.
  2005.  572.
  0.0797986761  0.0227655079
  50.  70.
  2512573.
  1335.  370.
  0.0531327836  0.0147259403
  50.  80.
  2512573.
  1113.  277.
  0.044297222  0.0110245552
  50.  90.
  2512573.
  787.  216.
  0.0313224718  0.00859676488
  50.  100.
  2512573.
  524.  146.
  0.0208551157  0.00581077626
  60.  0.
  2512573.
  31725.  2155.
  1.26264989  0.0857686549
  60.  10.
  2512573.
  12881.  1838.
  0.512661695  0.0731521025
  60.  20.
  2512573.
  6326.  1236.
  0.251773775  0.0491926
  60.  30.
  2512573.
  5210.  1066.
  0.207357153  0.0424266271
  60.  40.
  2512573.
  3560.  866.
  0.141687423  0.0344666615
  60.  50.
  2512573.
  2546.  774.
  0.101330392  0.0308050755
  60.  60.
  2512573.
  1852.  494.
  0.0737093017  0.0196611211
  60.  70.
  2512573.
  988.  370.
  0.0393222421  0.0147259403
  60.  80.
  2512573.
  970.  388.
  0.0386058427  0.0154423378
  60.  90.
  2512573.
  600.  233.
  0.0238799024  0.00927336235
  60.  100.
  2512573.
  319.  123.
  0.0126961488  0.00489538023
  70.  0.
  2512573.
  26436.  2217.
  1.05214858  0.0882362425
  70.  10.
  2512573.
  11096.  1983.
  0.441619009  0.0789230764
  70.  20.
  2512573.
  6096.  1570.
  0.242619812  0.062485747
  70.  30.
  2512573.
  4908.  1390.
  0.195337608  0.0553217754
  70.  40.
  2512573.
  3349.  1078.
  0.133289665  0.0429042242
  70.  50.
  2512573.
  2476.  1077.
  0.0985444039  0.042864427
  70.  60.
  2512573.
  1483.  574.
  0.0590231605  0.0228451081
  70.  70.
  2512573.
  890.  394.
  0.0354218557  0.0156811364
  70.  80.
  2512573.
  694.  315.
  0.0276210885  0.0125369495
  70.  90.
  2512573.
  504.  231.
  0.020059118  0.00919376314
  70.  100.
  2512573.
  213.  132.
  0.0084773656  0.00525357854
  80.  0.
  2512573.
  31203.  2626.
  1.24187434  0.104514375
  80.  10.
  2512573.
  14059.  2609.
  0.559545934  0.103837781
  80.  20.
  2512573.
  7876.  2147.
  0.313463539  0.0854502544
  80.  30.
  2512573.
  6986.  2224.
  0.278041661  0.0885148421
  80.  40.
  2512573.
  5234.  1880.
  0.208312362  0.0748236999
  80.  50.
  2512573.
  3670.  1821.
  0.146065414  0.0724755079
  80.  60.
  2512573.
  2294.  1082.
  0.0913008302  0.0430634245
  80.  70.
  2512573.
  1351.  702.
  0.053769581  0.0279394872
  80.  80.
  2512573.
  1176.  571.
  0.0468046106  0.0227257088
  80.  90.
  2512573.
  694.  387.
  0.0276210885  0.0154025378
  80.  100.
  2512573.
  271.  170.
  0.0107857566  0.00676597236
  90.  0.
  2512573.
  36338.  3108.
  1.4462465  0.123697899
  90.  10.
  2512573.
  18263.  3519.
  0.726864457  0.140055627
  90.  20.
  2512573.
  9963.  3124.
  0.3965258  0.124334693
  90.  30.
  2512573.
  9806.  3618.
  0.390277207  0.143995821
  90.  40.
  2512573.
  7528.  3163.
  0.299613178  0.125886887
  90.  50.
  2512573.
  5564.  3292.
  0.221446306  0.131021068
  90.  60.
  2512573.
  3875.  2153.
  0.154224381  0.0856890529
  90.  70.
  2512573.
  1972.  1372.
  0.0784852803  0.0546053797
  90.  80.
  2512573.
  1664.  1218.
  0.0662269294  0.0484762043
  90.  90.
  2512573.
  862.  658.
  0.0343074612  0.0261882935
  90.  100.
  2512573.
  269.  230.
  0.0107061565  0.00915396307
  100.  0.
  2512573.
  80320.  9384.
  3.19672298  0.373481691
  100.  10.
  2512573.
  42826.  10239.
  1.70446789  0.407510549
  100.  20.
  2512573.
  25194.  9629.
  1.00271714  0.383232653
  100.  30.
  2512573.
  23131.  10809.
  0.92061007  0.430196464
  100.  40.
  2512573.
  17418.  10290.
  0.693233609  0.409540325
  100.  50.
  2512573.
  13317.  11137.
  0.530014455  0.443250805
  100.  60.
  2512573.
  8543.  7058.
  0.340010017  0.280907273
  100.  70.
  2512573.
  4222.  4376.
  0.168034926  0.174164087
  100.  80.
  2512573.
  3663.  3468.
  0.145786807  0.138025835
  100.  90.
  2512573.
  1984.  1789.
  0.0789628774  0.0712019131
  100.  100.
  2512573.
  406.  423.
  0.0161587354  0.0168353319
