  0.  0.
  2497299.
  1122789.  3309.
  44.9601364  0.132503152
  0.  10.
  2497299.
  118560.  916.
  4.74752903  0.0366796292
  0.  20.
  2497299.
  53564.  521.
  2.14487743  0.0208625402
  0.  30.
  2497299.
  47118.  505.
  1.88675845  0.020221848
  0.  40.
  2497299.
  32991.  395.
  1.32106733  0.015817089
  0.  50.
  2497299.
  30456.  388.
  1.21955764  0.0155367861
  0.  60.
  2497299.
  20655.  264.
  0.827093601  0.0105714211
  0.  70.
  2497299.
  15261.  202.
  0.611100256  0.00808873866
  0.  80.
  2497299.
  16584.  154.
  0.664077461  0.00616666256
  0.  90.
  2497299.
  15017.  123.
  0.601329684  0.00492532132
  0.  100.
  2497299.
  15160.  151.
  0.607055843  0.00604653265
  10.  0.
  2497299.
  84631.  1330.
  3.38890147  0.0532575399
  10.  10.
  2497299.
  22999.  718.
  0.920955002  0.0287510622
  10.  20.
  2497299.
  8234.  330.
  0.329716235  0.0132142771
  10.  30.
  2497299.
  7221.  329.
  0.289152414  0.013174233
  10.  40.
  2497299.
  4995.  291.
  0.200016096  0.0116525898
  10.  50.
  2497299.
  3868.  276.
  0.154887334  0.0110519407
  10.  60.
  2497299.
  3128.  236.
  0.125255331  0.00945021026
  10.  70.
  2497299.
  1968.  173.
  0.0788051412  0.00692748465
  10.  80.
  2497299.
  2354.  212.
  0.09426184  0.00848917197
  10.  90.
  2497299.
  1958.  132.
  0.0784047097  0.00528571056
  10.  100.
  2497299.
  1616.  93.
  0.0647099093  0.00372402347
  20.  0.
  2497299.
  42160.  998.
  1.68822396  0.0399631746
  20.  10.
  2497299.
  11848.  572.
  0.474432588  0.0229047462
  20.  20.
  2497299.
  5497.  364.
  0.220117822  0.0145757478
  20.  30.
  2497299.
  3832.  294.
  0.15344578  0.0117727192
  20.  40.
  2497299.
  2568.  214.
  0.102831095  0.00856925827
  20.  50.
  2497299.
  2178.  237.
  0.087214224  0.0094902534
  20.  60.
  2497299.
  1575.  183.
  0.0630681366  0.00732791703
  20.  70.
  2497299.
  1038.  149.
  0.0415649079  0.00596644636
  20.  80.
  2497299.
  1067.  142.
  0.0427261628  0.00568614341
  20.  90.
  2497299.
  851.  112.
  0.0340768173  0.00448484533
  20.  100.
  2497299.
  864.  86.
  0.0345973782  0.00344372052
  30.  0.
  2497299.
  41225.  1173.
  1.65078354  0.0469707474
  30.  10.
  2497299.
  13794.  743.
  0.55235678  0.0297521446
  30.  20.
  2497299.
  5568.  492.
  0.222960889  0.0197012853
  30.  30.
  2497299.
  4496.  424.
  0.180034503  0.0169783439
  30.  40.
  2497299.
  2791.  358.
  0.111760743  0.014335488
  30.  50.
  2497299.
  2108.  267.
  0.0844111964  0.0106915515
  30.  60.
  2497299.
  1743.  247.
  0.0697954074  0.00989068579
  30.  70.
  2497299.
  978.  170.
  0.0391623117  0.00680735474
  30.  80.
  2497299.
  1126.  211.
  0.0450887121  0.00844912883
  30.  90.
  2497299.
  948.  114.
  0.0379610136  0.00456493208
  30.  100.
  2497299.
  709.  93.
  0.0283906739  0.00372402347
  40.  0.
  2497299.
  34213.  1152.
  1.37000012  0.0461298376
  40.  10.
  2497299.
  12329.  879.
  0.493693382  0.0351980291
  40.  20.
  2497299.
  5041.  610.
  0.201858088  0.0244263895
  40.  30.
  2497299.
  4178.  537.
  0.167300746  0.0215032324
  40.  40.
  2497299.
  2731.  437.
  0.109358154  0.0174989067
  40.  50.
  2497299.
  1937.  341.
  0.0775637999  0.0136547526
  40.  60.
  2497299.
  1526.  282.
  0.0611060187  0.0112922005
  40.  70.
  2497299.
  850.  173.
  0.0340367742  0.00692748465
  40.  80.
  2497299.
  970.  213.
  0.0388419665  0.00852921512
  40.  90.
  2497299.
  791.  144.
  0.0316742212  0.0057662297
  40.  100.
  2497299.
  503.  98.
  0.0201417617  0.00392423989
  50.  0.
  2497299.
  36671.  1571.
  1.46842647  0.062907964
  50.  10.
  2497299.
  12152.  1132.
  0.486605734  0.0453289747
  50.  20.
  2497299.
  6490.  913.
  0.259880781  0.0365594998
  50.  30.
  2497299.
  4559.  764.
  0.18255724  0.0305930525
  50.  40.
  2497299.
  2975.  604.
  0.119128704  0.0241861306
  50.  50.
  2497299.
  2552.  531.
  0.102190405  0.0212629717
  50.  60.
  2497299.
  1398.  366.
  0.0559804812  0.0146558341
  50.  70.
  2497299.
  922.  277.
  0.0369198881  0.0110919839
  50.  80.
  2497299.
  855.  248.
  0.0342369899  0.00993072893
  50.  90.
  2497299.
  604.  156.
  0.0241861306  0.00624674885
  50.  100.
  2497299.
  450.  118.
  0.0180194676  0.00472510513
  60.  0.
  2497299.
  29728.  1276.
  1.19040608  0.0510952026
  60.  10.
  2497299.
  12037.  1150.
  0.482000768  0.0460497513
  60.  20.
  2497299.
  5556.  834.
  0.222480372  0.0333960801
  60.  30.
  2497299.
  4752.  814.
  0.190285578  0.0325952172
  60.  40.
  2497299.
  3121.  658.
  0.124975026  0.0263484661
  60.  50.
  2497299.
  2065.  565.
  0.0826893374  0.0226244442
  60.  60.
  2497299.
  1452.  435.
  0.0581428185  0.0174188185
  60.  70.
  2497299.
  803.  320.
  0.0321547389  0.0128138438
  60.  80.
  2497299.
  906.  361.
  0.0362791978  0.0144556174
  60.  90.
  2497299.
  541.  188.
  0.021663405  0.00752813322
  60.  100.
  2497299.
  283.  103.
  0.0113322437  0.00412445609
  70.  0.
  2497299.
  25804.  1269.
  1.03327632  0.0508149005
  70.  10.
  2497299.
  9705.  1234.
  0.38861987  0.0494133867
  70.  20.
  2497299.
  5066.  970.
  0.202859163  0.0388419665
  70.  30.
  2497299.
  4085.  1000.
  0.163576722  0.0400432609
  70.  40.
  2497299.
  2534.  680.
  0.101469629  0.027229419
  70.  50.
  2497299.
  2051.  778.
  0.0821287334  0.0311536584
  70.  60.
  2497299.
  1175.  476.
  0.0470508337  0.0190605931
  70.  70.
  2497299.
  651.  298.
  0.026068164  0.0119328927
  70.  80.
  2497299.
  618.  340.
  0.0247467365  0.0136147095
  70.  90.
  2497299.
  358.  185.
  0.014335488  0.00740800379
  70.  100.
  2497299.
  229.  97.
  0.00916990731  0.00388419651
  80.  0.
  2497299.
  29152.  1457.
  1.16734123  0.0583430342
  80.  10.
  2497299.
  12839.  1535.
  0.514115453  0.061466407
  80.  20.
  2497299.
  6602.  1300.
  0.264365613  0.0520562418
  80.  30.
  2497299.
  5608.  1369.
  0.224562615  0.0548192263
  80.  40.
  2497299.
  3645.  1139.
  0.145957693  0.0456092767
  80.  50.
  2497299.
  2712.  1101.
  0.108597331  0.0440876335
  80.  60.
  2497299.
  1723.  680.
  0.0689945444  0.027229419
  80.  70.
  2497299.
  876.  377.
  0.0350778997  0.0150963096
  80.  80.
  2497299.
  794.  368.
  0.0317943506  0.0147359204
  80.  90.
  2497299.
  504.  242.
  0.0201818049  0.00969046913
  80.  100.
  2497299.
  214.  105.
  0.00856925827  0.00420454238
  90.  0.
  2497299.
  36011.  1809.
  1.44199789  0.0724382624
  90.  10.
  2497299.
  16914.  2197.
  0.677291751  0.0879750475
  90.  20.
  2497299.
  8723.  1875.
  0.349297374  0.0750811175
  90.  30.
  2497299.
  7929.  2234.
  0.317503035  0.0894566476
  90.  40.
  2497299.
  5391.  1954.
  0.215873227  0.0782445371
  90.  50.
  2497299.
  3664.  1792.
  0.146718517  0.0717575252
  90.  60.
  2497299.
  2131.  1076.
  0.0853321925  0.0430865511
  90.  70.
  2497299.
  1068.  605.
  0.042766206  0.0242261738
  90.  80.
  2497299.
  878.  549.
  0.035157986  0.021983752
  90.  90.
  2497299.
  544.  299.
  0.0217835344  0.0119729359
  90.  100.
  2497299.
  200.  168.
  0.00800865237  0.00672726799
  100.  0.
  2497299.
  93138.  6515.
  3.72954941  0.260881871
  100.  10.
  2497299.
  42324.  6884.
  1.69479108  0.275657833
  100.  20.
  2497299.
  22293.  5978.
  0.89268446  0.239378631
  100.  30.
  2497299.
  19010.  6244.
  0.761222422  0.25003013
  100.  40.
  2497299.
  12736.  5355.
  0.50999099  0.214431673
  100.  50.
  2497299.
  7897.  5004.
  0.316221654  0.200376481
  100.  60.
  2497299.
  5180.  3105.
  0.207424104  0.124334328
  100.  70.
  2497299.
  2473.  1849.
  0.0990269855  0.0740399957
  100.  80.
  2497299.
  2162.  1509.
  0.0865735337  0.0604252852
  100.  90.
  2497299.
  1125.  939.
  0.045048669  0.0376006253
  100.  100.
  2497299.
  346.  304.
  0.0138549693  0.0121731516
