  0.  0.
  2504936.
  1317437.  709.
  52.5936394  0.0283041168
  0.  10.
  2504936.
  87272.  213.
  3.48400116  0.00850321166
  0.  20.
  2504936.
  50368.  167.
  2.01075006  0.00666683679
  0.  30.
  2504936.
  36333.  145.
  1.45045626  0.0057885712
  0.  40.
  2504936.
  28895.  157.
  1.15352249  0.00626762537
  0.  50.
  2504936.
  36174.  227.
  1.44410872  0.00906210765
  0.  60.
  2504936.
  20082.  136.
  0.801697135  0.00542928046
  0.  70.
  2504936.
  18873.  145.
  0.753432453  0.0057885712
  0.  80.
  2504936.
  18666.  120.
  0.745168746  0.00479054172
  0.  90.
  2504936.
  19560.  144.
  0.780858278  0.00574865006
  0.  100.
  2504936.
  30130.  242.
  1.20282519  0.00966092572
  10.  0.
  2504936.
  57904.  257.
  2.31159592  0.0102597428
  10.  10.
  2504936.
  9602.  124.
  0.383323163  0.00495022628
  10.  20.
  2504936.
  5000.  84.
  0.199605897  0.0033533792
  10.  30.
  2504936.
  3413.  72.
  0.136250988  0.00287432503
  10.  40.
  2504936.
  2777.  52.
  0.110861115  0.00207590126
  10.  50.
  2504936.
  3436.  106.
  0.137169167  0.00423164526
  10.  60.
  2504936.
  2005.  64.
  0.0800419673  0.00255495543
  10.  70.
  2504936.
  1822.  72.
  0.0727363899  0.00287432503
  10.  80.
  2504936.
  1737.  89.
  0.0693430901  0.00355298491
  10.  90.
  2504936.
  1901.  88.
  0.0758901611  0.00351306377
  10.  100.
  2504936.
  2320.  118.
  0.0926171392  0.00471069897
  20.  0.
  2504936.
  36964.  253.
  1.4756465  0.0101000583
  20.  10.
  2504936.
  6597.  125.
  0.263360023  0.00499014743
  20.  20.
  2504936.
  3621.  76.
  0.144554585  0.0030340096
  20.  30.
  2504936.
  2280.  87.
  0.0910202861  0.00347314263
  20.  40.
  2504936.
  1867.  72.
  0.0745328441  0.00287432503
  20.  50.
  2504936.
  2193.  129.
  0.0875471458  0.005149832
  20.  60.
  2504936.
  1280.  72.
  0.0510991104  0.00287432503
  20.  70.
  2504936.
  1125.  74.
  0.0449113287  0.00295416731
  20.  80.
  2504936.
  999.  90.
  0.0398812592  0.00359290605
  20.  90.
  2504936.
  1116.  88.
  0.0445520356  0.00351306377
  20.  100.
  2504936.
  1363.  84.
  0.0544125661  0.0033533792
  30.  0.
  2504936.
  29636.  247.
  1.18310404  0.00986053143
  30.  10.
  2504936.
  5583.  114.
  0.222879946  0.0045510144
  30.  20.
  2504936.
  3083.  117.
  0.123076998  0.00467077782
  30.  30.
  2504936.
  1854.  90.
  0.0740138665  0.00359290605
  30.  40.
  2504936.
  1468.  85.
  0.0586042926  0.00339330034
  30.  50.
  2504936.
  1781.  125.
  0.071099624  0.00499014743
  30.  60.
  2504936.
  1024.  88.
  0.0408792868  0.00351306377
  30.  70.
  2504936.
  860.  81.
  0.0343322158  0.00323361554
  30.  80.
  2504936.
  787.  85.
  0.0314179696  0.00339330034
  30.  90.
  2504936.
  765.  104.
  0.0305397026  0.00415180251
  30.  100.
  2504936.
  996.  125.
  0.0397614948  0.00499014743
  40.  0.
  2504936.
  26778.  237.
  1.0690093  0.00946132001
  40.  10.
  2504936.
  5270.  157.
  0.210384622  0.00626762537
  40.  20.
  2504936.
  2920.  98.
  0.116569847  0.00391227566
  40.  30.
  2504936.
  1939.  125.
  0.0774071664  0.00499014743
  40.  40.
  2504936.
  1411.  109.
  0.0563287847  0.00435140869
  40.  50.
  2504936.
  1554.  147.
  0.0620375127  0.00586841349
  40.  60.
  2504936.
  881.  103.
  0.0351705588  0.00411188137
  40.  70.
  2504936.
  739.  77.
  0.0295017511  0.00307393074
  40.  80.
  2504936.
  643.  100.
  0.0256693177  0.00399211794
  40.  90.
  2504936.
  672.  95.
  0.0268270336  0.003792512
  40.  100.
  2504936.
  764.  154.
  0.0304997806  0.00614786148
  50.  0.
  2504936.
  42346.  500.
  1.69050229  0.0199605897
  50.  10.
  2504936.
  8359.  299.
  0.333701134  0.0119364327
  50.  20.
  2504936.
  4532.  222.
  0.180922791  0.00886250194
  50.  30.
  2504936.
  2981.  183.
  0.119005039  0.007305576
  50.  40.
  2504936.
  2349.  145.
  0.0937748477  0.0057885712
  50.  50.
  2504936.
  2458.  295.
  0.0981262624  0.0117767481
  50.  60.
  2504936.
  1334.  205.
  0.0532548539  0.00818384159
  50.  70.
  2504936.
  1180.  201.
  0.0471069925  0.00802415702
  50.  80.
  2504936.
  1069.  178.
  0.042675741  0.00710596982
  50.  90.
  2504936.
  957.  215.
  0.0382045694  0.00858305395
  50.  100.
  2504936.
  926.  215.
  0.036967013  0.00858305395
  60.  0.
  2504936.
  24352.  341.
  0.972160578  0.0136131225
  60.  10.
  2504936.
  5197.  254.
  0.207470372  0.0101399794
  60.  20.
  2504936.
  3111.  188.
  0.124194793  0.00750518171
  60.  30.
  2504936.
  2041.  149.
  0.0814791247  0.00594825577
  60.  40.
  2504936.
  1564.  141.
  0.0624367259  0.00562888617
  60.  50.
  2504936.
  1659.  194.
  0.0662292391  0.00774470903
  60.  60.
  2504936.
  802.  166.
  0.0320167877  0.00662691565
  60.  70.
  2504936.
  739.  153.
  0.0295017511  0.00610794034
  60.  80.
  2504936.
  643.  134.
  0.0256693177  0.00534943817
  60.  90.
  2504936.
  586.  189.
  0.0233938117  0.00754510285
  60.  100.
  2504936.
  544.  189.
  0.0217171218  0.00754510285
  70.  0.
  2504936.
  23422.  353.
  0.935033858  0.0140921762
  70.  10.
  2504936.
  5320.  315.
  0.212380677  0.0125751719
  70.  20.
  2504936.
  3257.  279.
  0.130023286  0.0111380089
  70.  30.
  2504936.
  2347.  262.
  0.0936950073  0.0104593495
  70.  40.
  2504936.
  1725.  198.
  0.0688640326  0.0079043936
  70.  50.
  2504936.
  1908.  343.
  0.07616961  0.0136929648
  70.  60.
  2504936.
  960.  202.
  0.0383243337  0.00806407817
  70.  70.
  2504936.
  740.  186.
  0.0295416731  0.00742533943
  70.  80.
  2504936.
  674.  169.
  0.0269068759  0.00674667954
  70.  90.
  2504936.
  606.  207.
  0.0241922345  0.00826368388
  70.  100.
  2504936.
  543.  249.
  0.0216771998  0.00994037371
  80.  0.
  2504936.
  25897.  446.
  1.03383875  0.0178048462
  80.  10.
  2504936.
  6254.  349.
  0.249667063  0.0139324917
  80.  20.
  2504936.
  3713.  344.
  0.148227334  0.0137328859
  80.  30.
  2504936.
  2717.  374.
  0.108465843  0.0149305211
  80.  40.
  2504936.
  2037.  376.
  0.0813194439  0.0150103634
  80.  50.
  2504936.
  2297.  477.
  0.091698952  0.0190424025
  80.  60.
  2504936.
  1202.  335.
  0.0479852594  0.0133735947
  80.  70.
  2504936.
  990.  281.
  0.0395219661  0.0112178512
  80.  80.
  2504936.
  783.  289.
  0.031258285  0.0115372213
  80.  90.
  2504936.
  662.  243.
  0.0264278203  0.00970084686
  80.  100.
  2504936.
  575.  239.
  0.0229546782  0.00954116229
  90.  0.
  2504936.
  33364.  599.
  1.33193028  0.0239127874
  90.  10.
  2504936.
  8492.  570.
  0.339010656  0.0227550715
  90.  20.
  2504936.
  5207.  528.
  0.207869589  0.0210783836
  90.  30.
  2504936.
  3858.  531.
  0.154015914  0.021198146
  90.  40.
  2504936.
  3024.  547.
  0.120721646  0.0218368862
  90.  50.
  2504936.
  3383.  861.
  0.135053352  0.034372136
  90.  60.
  2504936.
  1770.  524.
  0.0706604868  0.020918699
  90.  70.
  2504936.
  1368.  541.
  0.0546121746  0.0215973575
  90.  80.
  2504936.
  1181.  494.
  0.0471469127  0.0197210629
  90.  90.
  2504936.
  912.  389.
  0.0364081152  0.0155293392
  90.  100.
  2504936.
  606.  431.
  0.0241922345  0.0172060281
  100.  0.
  2504936.
  133025.  2930.
  5.31051493  0.116969056
  100.  10.
  2504936.
  42143.  3124.
  1.68239832  0.124713764
  100.  20.
  2504936.
  27088.  3329.
  1.0813849  0.132897601
  100.  30.
  2504936.
  19839.  3565.
  0.7919963  0.142319009
  100.  40.
  2504936.
  14454.  4079.
  0.577020705  0.162838489
  100.  50.
  2504936.
  15428.  6326.
  0.615903974  0.252541393
  100.  60.
  2504936.
  7140.  3911.
  0.28503722  0.156131729
  100.  70.
  2504936.
  5214.  3823.
  0.208149031  0.152618676
  100.  80.
  2504936.
  3968.  3451.
  0.158407241  0.137767985
  100.  90.
  2504936.
  2913.  2819.
  0.116290398  0.112537809
  100.  100.
  2504936.
  1734.  1959.
  0.069223322  0.0782055929
