  0.  0.
  1146878.
  70890.  265.
  6.18112803  0.0231062062
  0.  10.
  1146878.
  5213.  36.
  0.454538316  0.00313895638
  0.  20.
  1146878.
  3479.  28.
  0.303345263  0.00244141044
  0.  30.
  1146878.
  2837.  16.
  0.247367203  0.00139509176
  0.  40.
  1146878.
  2534.  21.
  0.220947653  0.00183105783
  0.  50.
  1146878.
  3592.  25.
  0.31319809  0.0021798308
  0.  60.
  1146878.
  2609.  16.
  0.227487147  0.00139509176
  0.  70.
  1146878.
  2853.  32.
  0.248762295  0.00279018353
  0.  80.
  1146878.
  3682.  37.
  0.321045488  0.00322614959
  0.  90.
  1146878.
  5511.  40.
  0.480521917  0.00348772923
  0.  100.
  1146878.
  55524.  324.
  4.84131718  0.0282506067
  10.  0.
  1146878.
  37733.  289.
  3.29006219  0.0251988433
  10.  10.
  1146878.
  2204.  26.
  0.192173883  0.00226702401
  10.  20.
  1146878.
  1408.  36.
  0.122768074  0.00313895638
  10.  30.
  1146878.
  1187.  22.
  0.103498369  0.00191825116
  10.  40.
  1146878.
  921.  15.
  0.0803049654  0.00130789843
  10.  50.
  1146878.
  1255.  24.
  0.109427504  0.00209263759
  10.  60.
  1146878.
  837.  17.
  0.0729807392  0.00148228498
  10.  70.
  1146878.
  965.  31.
  0.0841414705  0.00270299031
  10.  80.
  1146878.
  1108.  18.
  0.0966100991  0.00156947819
  10.  90.
  1146878.
  1495.  33.
  0.130353883  0.00287737674
  10.  100.
  1146878.
  10231.  277.
  0.892073989  0.0241525248
  20.  0.
  1146878.
  35786.  379.
  3.12029696  0.0330462344
  20.  10.
  1146878.
  1749.  45.
  0.152500957  0.00392369553
  20.  20.
  1146878.
  1050.  37.
  0.0915528908  0.00322614959
  20.  30.
  1146878.
  892.  16.
  0.077776365  0.00139509176
  20.  40.
  1146878.
  669.  20.
  0.0583322719  0.00174386462
  20.  50.
  1146878.
  853.  24.
  0.0743758306  0.00209263759
  20.  60.
  1146878.
  638.  13.
  0.0556292832  0.00113351201
  20.  70.
  1146878.
  631.  18.
  0.0550189279  0.00156947819
  20.  80.
  1146878.
  707.  17.
  0.0616456158  0.00148228498
  20.  90.
  1146878.
  944.  35.
  0.0823104084  0.00305176317
  20.  100.
  1146878.
  6451.  186.
  0.562483549  0.0162179414
  30.  0.
  1146878.
  35786.  418.
  3.12029696  0.0364467725
  30.  10.
  1146878.
  1394.  41.
  0.121547364  0.00357492245
  30.  20.
  1146878.
  818.  23.
  0.0713240653  0.00200544437
  30.  30.
  1146878.
  645.  18.
  0.0562396348  0.00156947819
  30.  40.
  1146878.
  514.  19.
  0.044817321  0.0016566714
  30.  50.
  1146878.
  719.  29.
  0.0626919344  0.00252860365
  30.  60.
  1146878.
  466.  14.
  0.0406320468  0.00122070522
  30.  70.
  1146878.
  442.  16.
  0.0385394096  0.00139509176
  30.  80.
  1146878.
  552.  26.
  0.048130665  0.00226702401
  30.  90.
  1146878.
  702.  38.
  0.0612096488  0.00331334281
  30.  100.
  1146878.
  4255.  178.
  0.371007204  0.0155203957
  40.  0.
  1146878.
  39761.  518.
  3.4668901  0.0451660939
  40.  10.
  1146878.
  1224.  37.
  0.106724516  0.00322614959
  40.  20.
  1146878.
  751.  32.
  0.0654821172  0.00279018353
  40.  30.
  1146878.
  564.  18.
  0.0491769835  0.00156947819
  40.  40.
  1146878.
  475.  13.
  0.0414167866  0.00113351201
  40.  50.
  1146878.
  625.  21.
  0.0544957705  0.00183105783
  40.  60.
  1146878.
  402.  15.
  0.0350516811  0.00130789843
  40.  70.
  1146878.
  413.  15.
  0.0360108055  0.00130789843
  40.  80.
  1146878.
  498.  28.
  0.0434222296  0.00244141044
  40.  90.
  1146878.
  585.  38.
  0.0510080419  0.00331334281
  40.  100.
  1146878.
  3235.  172.
  0.2820701  0.0149972364
  50.  0.
  1146878.
  71282.  1199.
  6.21530819  0.104544684
  50.  10.
  1146878.
  1725.  61.
  0.150408328  0.00531878695
  50.  20.
  1146878.
  1102.  42.
  0.0960869417  0.00366211566
  50.  30.
  1146878.
  838.  34.
  0.0730679259  0.00296456995
  50.  40.
  1146878.
  665.  24.
  0.057983499  0.00209263759
  50.  50.
  1146878.
  889.  35.
  0.0775147825  0.00305176317
  50.  60.
  1146878.
  530.  27.
  0.0462124124  0.00235421723
  50.  70.
  1146878.
  578.  24.
  0.0503976867  0.00209263759
  50.  80.
  1146878.
  627.  32.
  0.054670155  0.00279018353
  50.  90.
  1146878.
  785.  45.
  0.0684466884  0.00392369553
  50.  100.
  1146878.
  3924.  268.
  0.342146248  0.0233677868
  60.  0.
  1146878.
  51580.  1178.
  4.49742699  0.10271363
  60.  10.
  1146878.
  1173.  61.
  0.102277659  0.00531878695
  60.  20.
  1146878.
  684.  37.
  0.0596401691  0.00322614959
  60.  30.
  1146878.
  493.  28.
  0.0429862626  0.00244141044
  60.  40.
  1146878.
  391.  18.
  0.034092553  0.00156947819
  60.  50.
  1146878.
  525.  40.
  0.0457764454  0.00348772923
  60.  60.
  1146878.
  339.  20.
  0.0295585059  0.00174386462
  60.  70.
  1146878.
  317.  22.
  0.0276402552  0.00191825116
  60.  80.
  1146878.
  367.  20.
  0.0319999158  0.00174386462
  60.  90.
  1146878.
  439.  34.
  0.0382778272  0.00296456995
  60.  100.
  1146878.
  2359.  160.
  0.205688834  0.0139509169
  70.  0.
  1146878.
  60654.  1774.
  5.28861809  0.154680789
  70.  10.
  1146878.
  1208.  70.
  0.105329424  0.00610352634
  70.  20.
  1146878.
  674.  46.
  0.0587682389  0.00401088875
  70.  30.
  1146878.
  499.  29.
  0.0435094237  0.00252860365
  70.  40.
  1146878.
  439.  25.
  0.0382778272  0.0021798308
  70.  50.
  1146878.
  475.  37.
  0.0414167866  0.00322614959
  70.  60.
  1146878.
  339.  23.
  0.0295585059  0.00200544437
  70.  70.
  1146878.
  372.  26.
  0.0324358828  0.00226702401
  70.  80.
  1146878.
  377.  21.
  0.0328718498  0.00183105783
  70.  90.
  1146878.
  408.  26.
  0.0355748385  0.00226702401
  70.  100.
  1146878.
  2138.  161.
  0.186419129  0.0140381102
  80.  0.
  1146878.
  77406.  2745.
  6.7492795  0.239345416
  80.  10.
  1146878.
  1220.  62.
  0.106375746  0.00540598063
  80.  20.
  1146878.
  665.  58.
  0.057983499  0.00505720731
  80.  30.
  1146878.
  460.  39.
  0.0401088856  0.00340053602
  80.  40.
  1146878.
  428.  36.
  0.0373187028  0.00313895638
  80.  50.
  1146878.
  525.  40.
  0.0457764454  0.00348772923
  80.  60.
  1146878.
  298.  18.
  0.0259835832  0.00156947819
  80.  70.
  1146878.
  286.  21.
  0.0249372646  0.00183105783
  80.  80.
  1146878.
  316.  18.
  0.027553061  0.00156947819
  80.  90.
  1146878.
  415.  27.
  0.0361851901  0.00235421723
  80.  100.
  1146878.
  1817.  193.
  0.158430099  0.016828293
  90.  0.
  1146878.
  125818.  5075.
  10.9704781  0.442505658
  90.  10.
  1146878.
  1218.  124.
  0.106201358  0.0108119613
  90.  20.
  1146878.
  595.  74.
  0.0518799722  0.00645229919
  90.  30.
  1146878.
  393.  52.
  0.0342669412  0.00453404803
  90.  40.
  1146878.
  326.  38.
  0.0284249932  0.00331334281
  90.  50.
  1146878.
  481.  37.
  0.041939944  0.00322614959
  90.  60.
  1146878.
  287.  15.
  0.0250244569  0.00130789843
  90.  70.
  1146878.
  241.  20.
  0.0210135691  0.00174386462
  90.  80.
  1146878.
  257.  47.
  0.0224086605  0.00409808196
  90.  90.
  1146878.
  401.  42.
  0.034964487  0.00366211566
  90.  100.
  1146878.
  1509.  141.
  0.131574586  0.0122942459
  100.  0.
  1146878.
  319715.  15087.
  27.8769836  1.31548429
  100.  10.
  1146878.
  979.  183.
  0.0853621736  0.0159563608
  100.  20.
  1146878.
  541.  120.
  0.0471715406  0.0104631875
  100.  30.
  1146878.
  402.  86.
  0.0350516811  0.00749861822
  100.  40.
  1146878.
  358.  80.
  0.0312151778  0.00697545847
  100.  50.
  1146878.
  480.  66.
  0.0418527499  0.00575475348
  100.  60.
  1146878.
  245.  56.
  0.0213623419  0.00488282088
  100.  70.
  1146878.
  245.  36.
  0.0213623419  0.00313895638
  100.  80.
  1146878.
  254.  54.
  0.0221470818  0.00470843446
  100.  90.
  1146878.
  348.  48.
  0.0303432457  0.00418527517
  100.  100.
  1146878.
  917.  43.
  0.0799561962  0.00374930911
