  0.  0.
  2489662.
  1083291.  2929.
  43.51157  0.117646493
  0.  10.
  2489662.
  142804.  982.
  5.73587894  0.0394431055
  0.  20.
  2489662.
  62048.  604.
  2.49222589  0.0242603216
  0.  30.
  2489662.
  51941.  516.
  2.08626723  0.0207257047
  0.  40.
  2489662.
  36295.  378.
  1.4578284  0.0151827838
  0.  50.
  2489662.
  31842.  304.
  1.27896881  0.012210493
  0.  60.
  2489662.
  20969.  232.
  0.842242837  0.00931853428
  0.  70.
  2489662.
  14727.  206.
  0.591526091  0.00827421527
  0.  80.
  2489662.
  15170.  169.
  0.609319687  0.00678806985
  0.  90.
  2489662.
  13095.  127.
  0.525974989  0.00510109402
  0.  100.
  2489662.
  10564.  99.
  0.424314618  0.00397644332
  10.  0.
  2489662.
  88935.  1004.
  3.57217169  0.0403267592
  10.  10.
  2489662.
  28578.  745.
  1.14786661  0.0299237408
  10.  20.
  2489662.
  9874.  345.
  0.396600008  0.0138573023
  10.  30.
  2489662.
  8393.  363.
  0.337114036  0.0145802926
  10.  40.
  2489662.
  5914.  307.
  0.237542287  0.0123309912
  10.  50.
  2489662.
  4202.  254.
  0.168777928  0.010202188
  10.  60.
  2489662.
  3115.  214.
  0.125117391  0.00859554391
  10.  70.
  2489662.
  1803.  151.
  0.072419472  0.00606508041
  10.  80.
  2489662.
  2105.  163.
  0.0845496282  0.00654707337
  10.  90.
  2489662.
  1792.  114.
  0.0719776452  0.00457893498
  10.  100.
  2489662.
  1193.  64.
  0.0479181521  0.00257063005
  20.  0.
  2489662.
  45180.  768.
  1.81470418  0.0308475606
  20.  10.
  2489662.
  15070.  468.
  0.605303049  0.0187977329
  20.  20.
  2489662.
  6206.  356.
  0.249270782  0.0142991301
  20.  30.
  2489662.
  4264.  296.
  0.171268225  0.0118891643
  20.  40.
  2489662.
  2978.  236.
  0.119614631  0.0094791986
  20.  50.
  2489662.
  2224.  200.
  0.0893293917  0.00803321879
  20.  60.
  2489662.
  1378.  144.
  0.0553488769  0.00578391785
  20.  70.
  2489662.
  840.  114.
  0.0337395184  0.00457893498
  20.  80.
  2489662.
  913.  108.
  0.0366716459  0.00433793804
  20.  90.
  2489662.
  823.  71.
  0.033056695  0.00285179284
  20.  100.
  2489662.
  590.  63.
  0.0236979965  0.00253046397
  30.  0.
  2489662.
  42665.  840.
  1.71368647  0.0337395184
  30.  10.
  2489662.
  17040.  715.
  0.684430242  0.0287187584
  30.  20.
  2489662.
  6849.  484.
  0.275097579  0.0194403902
  30.  30.
  2489662.
  5514.  529.
  0.22147584  0.0212478638
  30.  40.
  2489662.
  3375.  314.
  0.135560572  0.0126121538
  30.  50.
  2489662.
  2305.  278.
  0.0925828516  0.011166174
  30.  60.
  2489662.
  1547.  208.
  0.0621369481  0.00835454743
  30.  70.
  2489662.
  873.  101.
  0.035064999  0.00405677548
  30.  80.
  2489662.
  1028.  199.
  0.0412907451  0.00799305271
  30.  90.
  2489662.
  750.  140.
  0.0301245712  0.00562325306
  30.  100.
  2489662.
  398.  73.
  0.0159861054  0.002932125
  40.  0.
  2489662.
  35802.  912.
  1.43802655  0.0366314799
  40.  10.
  2489662.
  15379.  821.
  0.617714345  0.0329763629
  40.  20.
  2489662.
  6253.  566.
  0.251158595  0.0227340106
  40.  30.
  2489662.
  4919.  545.
  0.197577015  0.021890521
  40.  40.
  2489662.
  3134.  457.
  0.125880539  0.018355906
  40.  50.
  2489662.
  1897.  358.
  0.0761950836  0.0143794622
  40.  60.
  2489662.
  1384.  262.
  0.0555898771  0.0105235167
  40.  70.
  2489662.
  803.  129.
  0.0322533734  0.00518142618
  40.  80.
  2489662.
  889.  181.
  0.03570766  0.00727006327
  40.  90.
  2489662.
  557.  131.
  0.022372514  0.00526175834
  40.  100.
  2489662.
  269.  70.
  0.0108046792  0.00281162653
  50.  0.
  2489662.
  36738.  1341.
  1.47562194  0.0538627319
  50.  10.
  2489662.
  15508.  1237.
  0.622895777  0.0496854596
  50.  20.
  2489662.
  7869.  820.
  0.31606701  0.0329361968
  50.  30.
  2489662.
  5160.  756.
  0.207257047  0.0303655677
  50.  40.
  2489662.
  3501.  654.
  0.140621498  0.0262686256
  50.  50.
  2489662.
  2669.  562.
  0.107203305  0.0225733444
  50.  60.
  2489662.
  1301.  345.
  0.0522560887  0.0138573023
  50.  70.
  2489662.
  836.  227.
  0.0335788541  0.00911770388
  50.  80.
  2489662.
  703.  201.
  0.0282367654  0.00807338487
  50.  90.
  2489662.
  529.  180.
  0.0212478638  0.00722989719
  50.  100.
  2489662.
  248.  103.
  0.00996119156  0.00413710764
  60.  0.
  2489662.
  29888.  1196.
  1.20048428  0.0480386503
  60.  10.
  2489662.
  14127.  1280.
  0.567426443  0.051412601
  60.  20.
  2489662.
  6609.  768.
  0.26545772  0.0308475606
  60.  30.
  2489662.
  5399.  763.
  0.216856748  0.0306467302
  60.  40.
  2489662.
  3228.  643.
  0.129656151  0.0258267988
  60.  50.
  2489662.
  2295.  489.
  0.0921811908  0.0196412206
  60.  60.
  2489662.
  1380.  352.
  0.055429209  0.0141384657
  60.  70.
  2489662.
  711.  205.
  0.0285580941  0.00823404919
  60.  80.
  2489662.
  667.  193.
  0.0267907847  0.00775205623
  60.  90.
  2489662.
  400.  165.
  0.0160664376  0.00662740553
  60.  100.
  2489662.
  178.  72.
  0.00714956503  0.00289195892
  70.  0.
  2489662.
  25771.  1114.
  1.03512049  0.044745028
  70.  10.
  2489662.
  11282.  1122.
  0.453153878  0.0450663567
  70.  20.
  2489662.
  5830.  883.
  0.234168336  0.0354666635
  70.  30.
  2489662.
  4522.  830.
  0.181631088  0.0333378576
  70.  40.
  2489662.
  2756.  664.
  0.110697754  0.0266702864
  70.  50.
  2489662.
  1948.  607.
  0.0782435536  0.0243808199
  70.  60.
  2489662.
  1024.  357.
  0.0411300808  0.0143392961
  70.  70.
  2489662.
  595.  242.
  0.0238988269  0.00972019508
  70.  80.
  2489662.
  434.  170.
  0.0174320843  0.00682823593
  70.  90.
  2489662.
  257.  140.
  0.0103226863  0.00562325306
  70.  100.
  2489662.
  118.  65.
  0.0047395993  0.00261079613
  80.  0.
  2489662.
  30214.  1199.
  1.21357834  0.0481591485
  80.  10.
  2489662.
  14933.  1539.
  0.599800289  0.0618156195
  80.  20.
  2489662.
  7533.  1143.
  0.302571207  0.0459098481
  80.  30.
  2489662.
  6380.  1235.
  0.25625968  0.0496051274
  80.  40.
  2489662.
  3744.  920.
  0.150381863  0.0369528085
  80.  50.
  2489662.
  2540.  867.
  0.10202188  0.0348240025
  80.  60.
  2489662.
  1526.  499.
  0.0612934604  0.0200428814
  80.  70.
  2489662.
  697.  321.
  0.0279957689  0.0128933163
  80.  80.
  2489662.
  578.  259.
  0.0232160036  0.0104030184
  80.  90.
  2489662.
  270.  186.
  0.0108448453  0.00747089367
  80.  100.
  2489662.
  127.  91.
  0.00510109402  0.00365511468
  90.  0.
  2489662.
  35734.  1594.
  1.43529522  0.0640247539
  90.  10.
  2489662.
  19198.  1914.
  0.771108687  0.0768779069
  90.  20.
  2489662.
  9920.  1580.
  0.398447663  0.0634624287
  90.  30.
  2489662.
  8381.  1867.
  0.336632043  0.0749901012
  90.  40.
  2489662.
  5327.  1497.
  0.21396479  0.0601286441
  90.  50.
  2489662.
  3288.  1336.
  0.132066116  0.0536619015
  90.  60.
  2489662.
  1893.  886.
  0.0760344192  0.0355871618
  90.  70.
  2489662.
  770.  429.
  0.0309278928  0.0172312539
  90.  80.
  2489662.
  657.  366.
  0.0263891239  0.0147007909
  90.  90.
  2489662.
  290.  166.
  0.0116481679  0.00666757161
  90.  100.
  2489662.
  128.  76.
  0.0051412601  0.00305262324
  100.  0.
  2489662.
  65691.  4315.
  2.638551  0.173316702
  100.  10.
  2489662.
  37993.  5398.
  1.52603042  0.216816574
  100.  20.
  2489662.
  21015.  4500.
  0.844090462  0.18074742
  100.  30.
  2489662.
  17865.  5060.
  0.717567265  0.203240439
  100.  40.
  2489662.
  12367.  4582.
  0.496734083  0.184041053
  100.  50.
  2489662.
  7846.  4434.
  0.315143168  0.178096458
  100.  60.
  2489662.
  5060.  2895.
  0.203240439  0.116280846
  100.  70.
  2489662.
  2156.  1597.
  0.0865980983  0.0641452521
  100.  80.
  2489662.
  1922.  1208.
  0.0771992356  0.0485206433
  100.  90.
  2489662.
  1090.  686.
  0.0437810421  0.0275539402
  100.  100.
  2489662.
  323.  181.
  0.0129736485  0.00727006327
