  0.  0.
  16777216.
  16777216.  2200.
  100.  0.0131130219
  0.  10.
  16777216.
  184319.  211.
  1.09862685  0.001257658
  0.  20.
  16777216.
  79017.  106.
  0.470978022  0.000631809235
  0.  30.
  16777216.
  47603.  58.
  0.283735991  0.00034570694
  0.  40.
  16777216.
  33334.  35.
  0.198686123  0.000208616257
  0.  50.
  16777216.
  34703.  56.
  0.206845999  0.000333786011
  0.  60.
  16777216.
  13483.  30.
  0.0803649426  0.000178813934
  0.  70.
  16777216.
  9781.  15.
  0.0582993031  8.94069672E-05
  0.  80.
  16777216.
  7264.  6.
  0.043296814  3.57627869E-05
  0.  90.
  16777216.
  5646.  7.
  0.0336527824  4.17232513E-05
  0.  100.
  16777216.
  4354.  0.
  0.0259518623  0.
  10.  0.
  16777216.
  968506.  1959.
  5.77274561  0.0116765499
  10.  10.
  16777216.
  25419.  252.
  0.151509047  0.00150203705
  10.  20.
  16777216.
  9975.  147.
  0.0594556332  0.000876188278
  10.  30.
  16777216.
  5369.  98.
  0.0320017338  0.000584125519
  10.  40.
  16777216.
  3566.  46.
  0.0212550163  0.000274181366
  10.  50.
  16777216.
  3385.  59.
  0.0201761723  0.000351667404
  10.  60.
  16777216.
  1163.  19.
  0.00693202019  0.000113248825
  10.  70.
  16777216.
  688.  19.
  0.00410079956  0.000113248825
  10.  80.
  16777216.
  423.  8.
  0.00252127647  4.76837158E-05
  10.  90.
  16777216.
  260.  11.
  0.00154972076  6.55651093E-05
  10.  100.
  16777216.
  147.  5.
  0.000876188278  2.98023224E-05
  20.  0.
  16777216.
  651751.  2142.
  3.88473868  0.0127673149
  20.  10.
  16777216.
  18379.  271.
  0.109547377  0.00161528587
  20.  20.
  16777216.
  7185.  171.
  0.0428259373  0.00101923943
  20.  30.
  16777216.
  3806.  114.
  0.0226855278  0.00067949295
  20.  40.
  16777216.
  2324.  68.
  0.0138521194  0.000405311584
  20.  50.
  16777216.
  2080.  58.
  0.0123977661  0.00034570694
  20.  60.
  16777216.
  725.  31.
  0.00432133675  0.000184774399
  20.  70.
  16777216.
  440.  18.
  0.00262260437  0.000107288361
  20.  80.
  16777216.
  265.  17.
  0.00157952309  0.000101327896
  20.  90.
  16777216.
  142.  10.
  0.000846385956  5.96046448E-05
  20.  100.
  16777216.
  63.  4.
  0.000375509262  2.38418579E-05
  30.  0.
  16777216.
  527257.  2473.
  3.14269662  0.0147402287
  30.  10.
  16777216.
  15559.  317.
  0.0927388668  0.00188946724
  30.  20.
  16777216.
  6097.  178.
  0.0363409519  0.00106096268
  30.  30.
  16777216.
  3116.  107.
  0.0185728073  0.000637769699
  30.  40.
  16777216.
  1864.  74.
  0.0111103058  0.000441074371
  30.  50.
  16777216.
  1567.  64.
  0.00934004784  0.000381469727
  30.  60.
  16777216.
  526.  29.
  0.00313520432  0.00017285347
  30.  70.
  16777216.
  327.  22.
  0.00194907188  0.000131130219
  30.  80.
  16777216.
  179.  15.
  0.00106692314  8.94069672E-05
  30.  90.
  16777216.
  117.  9.
  0.000697374344  5.36441803E-05
  30.  100.
  16777216.
  21.  3.
  0.000125169754  1.78813934E-05
  40.  0.
  16777216.
  501562.  3067.
  2.98954248  0.0182807446
  40.  10.
  16777216.
  15313.  312.
  0.0912725925  0.00185966492
  40.  20.
  16777216.
  5959.  202.
  0.0355184078  0.00120401382
  40.  30.
  16777216.
  3019.  132.
  0.0179946423  0.000786781311
  40.  40.
  16777216.
  1597.  75.
  0.00951886177  0.000447034836
  40.  50.
  16777216.
  1402.  69.
  0.0083565712  0.000411272049
  40.  60.
  16777216.
  399.  34.
  0.00237822533  0.000202655792
  40.  70.
  16777216.
  224.  14.
  0.00133514404  8.34465027E-05
  40.  80.
  16777216.
  160.  8.
  0.000953674316  4.76837158E-05
  40.  90.
  16777216.
  77.  7.
  0.000458955765  4.17232513E-05
  40.  100.
  16777216.
  32.  4.
  0.000190734863  2.38418579E-05
  50.  0.
  16777216.
  791971.  6295.
  4.72051525  0.0375211239
  50.  10.
  16777216.
  24360.  805.
  0.145196915  0.0047981739
  50.  20.
  16777216.
  9100.  402.
  0.0542402267  0.00239610672
  50.  30.
  16777216.
  4663.  228.
  0.0277936459  0.0013589859
  50.  40.
  16777216.
  2494.  170.
  0.0148653984  0.00101327896
  50.  50.
  16777216.
  1894.  133.
  0.0112891197  0.000792741776
  50.  60.
  16777216.
  544.  53.
  0.00324249268  0.000315904617
  50.  70.
  16777216.
  270.  18.
  0.00160932541  0.000107288361
  50.  80.
  16777216.
  159.  18.
  0.000947713852  0.000107288361
  50.  90.
  16777216.
  62.  13.
  0.000369548798  7.74860382E-05
  50.  100.
  16777216.
  31.  11.
  0.000184774399  6.55651093E-05
  60.  0.
  16777216.
  478247.  5127.
  2.85057425  0.0305593014
  60.  10.
  16777216.
  17452.  703.
  0.104022026  0.00419020653
  60.  20.
  16777216.
  6563.  372.
  0.0391185284  0.00221729279
  60.  30.
  16777216.
  3173.  219.
  0.0189125538  0.00130534172
  60.  40.
  16777216.
  1561.  162.
  0.00930428505  0.000965595245
  60.  50.
  16777216.
  1197.  132.
  0.00713467598  0.000786781311
  60.  60.
  16777216.
  339.  52.
  0.00202059746  0.000309944153
  60.  70.
  16777216.
  152.  31.
  0.000905990601  0.000184774399
  60.  80.
  16777216.
  86.  8.
  0.000512599945  4.76837158E-05
  60.  90.
  16777216.
  27.  13.
  0.000160932541  7.74860382E-05
  60.  100.
  16777216.
  22.  9.
  0.000131130219  5.36441803E-05
  70.  0.
  16777216.
  484980.  6623.
  2.89070606  0.0394761562
  70.  10.
  16777216.
  20435.  985.
  0.121802092  0.00587105751
  70.  20.
  16777216.
  7777.  501.
  0.0463545322  0.0029861927
  70.  30.
  16777216.
  3448.  294.
  0.0205516815  0.00175237656
  70.  40.
  16777216.
  1864.  159.
  0.0111103058  0.000947713852
  70.  50.
  16777216.
  1202.  146.
  0.0071644783  0.000870227814
  70.  60.
  16777216.
  280.  44.
  0.00166893005  0.000262260437
  70.  70.
  16777216.
  134.  12.
  0.00079870224  7.15255737E-05
  70.  80.
  16777216.
  54.  13.
  0.000321865082  7.74860382E-05
  70.  90.
  16777216.
  32.  8.
  0.000190734863  4.76837158E-05
  70.  100.
  16777216.
  9.  7.
  5.36441803E-05  4.17232513E-05
  80.  0.
  16777216.
  543497.  9616.
  3.23949456  0.0573158264
  80.  10.
  16777216.
  26541.  1739.
  0.158196688  0.0103652477
  80.  20.
  16777216.
  9564.  793.
  0.0570058823  0.00472664833
  80.  30.
  16777216.
  4198.  427.
  0.0250220299  0.00254511833
  80.  40.
  16777216.
  1955.  270.
  0.0116527081  0.00160932541
  80.  50.
  16777216.
  1316.  190.
  0.00784397125  0.00113248825
  80.  60.
  16777216.
  356.  48.
  0.00212192535  0.000286102295
  80.  70.
  16777216.
  147.  27.
  0.000876188278  0.000160932541
  80.  80.
  16777216.
  61.  15.
  0.000363588333  8.94069672E-05
  80.  90.
  16777216.
  32.  7.
  0.000190734863  4.17232513E-05
  80.  100.
  16777216.
  8.  1.
  4.76837158E-05  5.96046448E-06
  90.  0.
  16777216.
  696729.  17376.
  4.15282822  0.103569031
  90.  10.
  16777216.
  36313.  3540.
  0.216442347  0.0211000443
  90.  20.
  16777216.
  11743.  1415.
  0.0699937344  0.00843405724
  90.  30.
  16777216.
  4767.  632.
  0.0284135342  0.00376701355
  90.  40.
  16777216.
  2304.  326.
  0.0137329102  0.00194311142
  90.  50.
  16777216.
  1285.  202.
  0.00765919685  0.00120401382
  90.  60.
  16777216.
  276.  64.
  0.0016450882  0.000381469727
  90.  70.
  16777216.
  111.  31.
  0.000661611557  0.000184774399
  90.  80.
  16777216.
  45.  8.
  0.000268220901  4.76837158E-05
  90.  90.
  16777216.
  29.  1.
  0.00017285347  5.96046448E-06
  90.  100.
  16777216.
  11.  0.
  6.55651093E-05  0.
  100.  0.
  16777216.
  1499872.  41611.
  8.93993378  0.248020887
  100.  10.
  16777216.
  53395.  6698.
  0.318259001  0.0399231911
  100.  20.
  16777216.
  16167.  2574.
  0.0963628292  0.0153422356
  100.  30.
  16777216.
  6193.  1232.
  0.0369131565  0.00734329224
  100.  40.
  16777216.
  2939.  634.
  0.0175178051  0.00377893448
  100.  50.
  16777216.
  1716.  435.
  0.010228157  0.00259280205
  100.  60.
  16777216.
  436.  117.
  0.00259876251  0.000697374344
  100.  70.
  16777216.
  193.  53.
  0.00115036964  0.000315904617
  100.  80.
  16777216.
  106.  22.
  0.000631809235  0.000131130219
  100.  90.
  16777216.
  51.  5.
  0.000303983688  2.98023224E-05
  100.  100.
  16777216.
  14.  0.
  8.34465027E-05  0.
