  0.  0.
  2436203.
  1071014.  1005.
  43.962429  0.0412527211
  0.  10.
  2436203.
  106241.  342.
  4.36092567  0.0140382387
  0.  20.
  2436203.
  59786.  237.
  2.45406485  0.00972825289
  0.  30.
  2436203.
  42296.  215.
  1.7361443  0.00882520899
  0.  40.
  2436203.
  32771.  200.
  1.34516704  0.00820949674
  0.  50.
  2436203.
  37631.  259.
  1.54465783  0.0106312977
  0.  60.
  2436203.
  18871.  155.
  0.774607062  0.00636235997
  0.  70.
  2436203.
  15590.  99.
  0.639930248  0.00406370079
  0.  80.
  2436203.
  13271.  69.
  0.544741154  0.00283227628
  0.  90.
  2436203.
  11629.  86.
  0.477341175  0.00353008346
  0.  100.
  2436203.
  10591.  77.
  0.434733897  0.0031606562
  10.  0.
  2436203.
  73331.  457.
  3.01005292  0.0187586993
  10.  10.
  2436203.
  15317.  238.
  0.628724277  0.00976930093
  10.  20.
  2436203.
  8598.  154.
  0.352926254  0.00632131239
  10.  30.
  2436203.
  6029.  118.
  0.247475266  0.00484360289
  10.  40.
  2436203.
  4977.  134.
  0.204293326  0.00550036272
  10.  50.
  2436203.
  5890.  176.
  0.241769671  0.00722435676
  10.  60.
  2436203.
  3040.  93.
  0.12478435  0.0038174158
  10.  70.
  2436203.
  2690.  77.
  0.110417731  0.0031606562
  10.  80.
  2436203.
  2049.  62.
  0.0841062889  0.00254494394
  10.  90.
  2436203.
  1759.  65.
  0.0722025186  0.00266808644
  10.  100.
  2436203.
  1226.  43.
  0.0503242128  0.00176504173
  20.  0.
  2436203.
  48741.  407.
  2.00069523  0.0167063251
  20.  10.
  2436203.
  11815.  233.
  0.484975994  0.00956406351
  20.  20.
  2436203.
  6561.  167.
  0.269312531  0.0068549295
  20.  30.
  2436203.
  4213.  125.
  0.172933042  0.00513093546
  20.  40.
  2436203.
  3087.  114.
  0.126713574  0.00467941305
  20.  50.
  2436203.
  3698.  172.
  0.151793584  0.00706016691
  20.  60.
  2436203.
  1793.  91.
  0.073598139  0.00373532088
  20.  70.
  2436203.
  1582.  83.
  0.0649371147  0.00340694096
  20.  80.
  2436203.
  1207.  54.
  0.0495443121  0.00221656403
  20.  90.
  2436203.
  1008.  51.
  0.0413758606  0.00209342153
  20.  100.
  2436203.
  697.  54.
  0.0286100954  0.00221656403
  30.  0.
  2436203.
  40319.  373.
  1.65499341  0.0153107112
  30.  10.
  2436203.
  10210.  239.
  0.419094801  0.00981034804
  30.  20.
  2436203.
  5698.  194.
  0.233888552  0.00796321128
  30.  30.
  2436203.
  3792.  157.
  0.155652046  0.00644445466
  30.  40.
  2436203.
  2783.  143.
  0.11423514  0.00586978998
  30.  50.
  2436203.
  3108.  172.
  0.127575576  0.00706016691
  30.  60.
  2436203.
  1447.  98.
  0.0593957081  0.00402265321
  30.  70.
  2436203.
  1182.  91.
  0.048518125  0.00373532088
  30.  80.
  2436203.
  930.  70.
  0.0381741598  0.00287332386
  30.  90.
  2436203.
  672.  55.
  0.0275839083  0.0022576116
  30.  100.
  2436203.
  482.  45.
  0.0197848864  0.00184713677
  40.  0.
  2436203.
  34423.  366.
  1.41297746  0.0150233787
  40.  10.
  2436203.
  9787.  322.
  0.4017317  0.013217289
  40.  20.
  2436203.
  5507.  305.
  0.226048484  0.0125194825
  40.  30.
  2436203.
  3770.  216.
  0.154749006  0.0088662561
  40.  40.
  2436203.
  2797.  204.
  0.114809811  0.00837368611
  40.  50.
  2436203.
  2992.  215.
  0.122814067  0.00882520899
  40.  60.
  2436203.
  1446.  82.
  0.0593546592  0.00336589362
  40.  70.
  2436203.
  1072.  99.
  0.0440029018  0.00406370079
  40.  80.
  2436203.
  757.  78.
  0.0310729444  0.00320170354
  40.  90.
  2436203.
  573.  77.
  0.023520207  0.0031606562
  40.  100.
  2436203.
  359.  52.
  0.0147360461  0.0021344691
  50.  0.
  2436203.
  50940.  616.
  2.09095883  0.0252852496
  50.  10.
  2436203.
  15075.  593.
  0.618790805  0.0243411567
  50.  20.
  2436203.
  8772.  526.
  0.36006853  0.021590976
  50.  30.
  2436203.
  6047.  509.
  0.248214126  0.0208931677
  50.  40.
  2436203.
  4315.  415.
  0.177119881  0.0170347057
  50.  50.
  2436203.
  4517.  395.
  0.185411483  0.0162137561
  50.  60.
  2436203.
  2034.  202.
  0.0834905803  0.00829159189
  50.  70.
  2436203.
  1449.  180.
  0.0594778024  0.00738854706
  50.  80.
  2436203.
  981.  150.
  0.0402675793  0.00615712255
  50.  90.
  2436203.
  680.  123.
  0.0279122889  0.00504884031
  50.  100.
  2436203.
  404.  78.
  0.0165831838  0.00320170354
  60.  0.
  2436203.
  31223.  577.
  1.28162551  0.0236843973
  60.  10.
  2436203.
  10326.  524.
  0.423856318  0.02150888
  60.  20.
  2436203.
  5883.  471.
  0.241482332  0.0193333644
  60.  30.
  2436203.
  3889.  373.
  0.159633666  0.0153107112
  60.  40.
  2436203.
  2760.  353.
  0.113291055  0.0144897616
  60.  50.
  2436203.
  2871.  319.
  0.117847323  0.0130941467
  60.  60.
  2436203.
  1369.  168.
  0.0561940037  0.00689597707
  60.  70.
  2436203.
  916.  138.
  0.0375994928  0.00566455256
  60.  80.
  2436203.
  636.  135.
  0.0261061992  0.0055414103
  60.  90.
  2436203.
  435.  101.
  0.0178556554  0.00414579595
  60.  100.
  2436203.
  216.  57.
  0.0088662561  0.00233970652
  70.  0.
  2436203.
  31530.  669.
  1.29422712  0.0274607651
  70.  10.
  2436203.
  10836.  564.
  0.444790512  0.0231507793
  70.  20.
  2436203.
  6220.  521.
  0.255315334  0.0213857386
  70.  30.
  2436203.
  4297.  499.
  0.176381037  0.0204826929
  70.  40.
  2436203.
  3129.  391.
  0.128437579  0.0160495657
  70.  50.
  2436203.
  3041.  475.
  0.124825396  0.0194975547
  70.  60.
  2436203.
  1253.  209.
  0.0514324941  0.00857892353
  70.  70.
  2436203.
  917.  171.
  0.0376405418  0.00701911934
  70.  80.
  2436203.
  624.  151.
  0.0256136283  0.00619816966
  70.  90.
  2436203.
  399.  127.
  0.0163779464  0.00521303015
  70.  100.
  2436203.
  181.  41.
  0.00742959417  0.00168294681
  80.  0.
  2436203.
  33458.  817.
  1.37336671  0.0335357934
  80.  10.
  2436203.
  12154.  670.
  0.498891115  0.0275018141
  80.  20.
  2436203.
  7445.  702.
  0.305598497  0.0288153328
  80.  30.
  2436203.
  5214.  569.
  0.214021578  0.0233560167
  80.  40.
  2436203.
  3721.  547.
  0.152737677  0.0224529728
  80.  50.
  2436203.
  3804.  742.
  0.156144619  0.0304572321
  80.  60.
  2436203.
  1557.  383.
  0.0639109313  0.0157211851
  80.  70.
  2436203.
  1094.  290.
  0.0449059457  0.0119037703
  80.  80.
  2436203.
  720.  210.
  0.0295541883  0.00861997157
  80.  90.
  2436203.
  352.  143.
  0.0144487135  0.00586978998
  80.  100.
  2436203.
  190.  66.
  0.0077990219  0.00270913378
  90.  0.
  2436203.
  40876.  1042.
  1.67785692  0.0427714773
  90.  10.
  2436203.
  15748.  1043.
  0.64641577  0.0428125225
  90.  20.
  2436203.
  10055.  1030.
  0.412732422  0.0422789082
  90.  30.
  2436203.
  7113.  982.
  0.29197073  0.0403086282
  90.  40.
  2436203.
  5116.  884.
  0.209998921  0.0362859741
  90.  50.
  2436203.
  5452.  1189.
  0.223790869  0.0488054566
  90.  60.
  2436203.
  2194.  644.
  0.0900581777  0.026434578
  90.  70.
  2436203.
  1550.  477.
  0.0636235997  0.019579649
  90.  80.
  2436203.
  1075.  372.
  0.044126045  0.0152696632
  90.  90.
  2436203.
  573.  278.
  0.023520207  0.0114112003
  90.  100.
  2436203.
  264.  133.
  0.0108365351  0.00545931514
  100.  0.
  2436203.
  80561.  3273.
  3.30682635  0.134348407
  100.  10.
  2436203.
  38663.  4533.
  1.58701885  0.186068237
  100.  20.
  2436203.
  27705.  5340.
  1.1372205  0.219193563
  100.  30.
  2436203.
  21427.  5808.
  0.87952441  0.238403782
  100.  40.
  2436203.
  16574.  5792.
  0.680320978  0.237747014
  100.  50.
  2436203.
  17327.  7379.
  0.711229742  0.302889377
  100.  60.
  2436203.
  7367.  4050.
  0.302396804  0.166242301
  100.  70.
  2436203.
  4854.  3101.
  0.199244484  0.127288237
  100.  80.
  2436203.
  2915.  1956.
  0.119653411  0.0802888721
  100.  90.
  2436203.
  1311.  938.
  0.0538132489  0.0385025404
  100.  100.
  2436203.
  417.  318.
  0.0171168  0.0130530996
