  0.  0.
  2474388.
  1424872.  1715.
  57.5848236  0.0693100691
  0.  10.
  2474388.
  79954.  442.
  3.23126364  0.0178630035
  0.  20.
  2474388.
  44201.  334.
  1.78634071  0.0134982876
  0.  30.
  2474388.
  32199.  279.
  1.30129147  0.011275515
  0.  40.
  2474388.
  24377.  251.
  0.985172927  0.0101439226
  0.  50.
  2474388.
  32683.  452.
  1.32085192  0.0182671435
  0.  60.
  2474388.
  15988.  249.
  0.646139562  0.0100630941
  0.  70.
  2474388.
  13743.  260.
  0.555410087  0.0105076488
  0.  80.
  2474388.
  14184.  244.
  0.573232651  0.0098610241
  0.  90.
  2474388.
  15030.  261.
  0.607422948  0.0105480626
  0.  100.
  2474388.
  37538.  606.
  1.51706195  0.0244909041
  10.  0.
  2474388.
  45165.  316.
  1.82529986  0.0127708344
  10.  10.
  2474388.
  9691.  179.
  0.391652405  0.00723411189
  10.  20.
  2474388.
  5976.  178.
  0.241514266  0.00719369808
  10.  30.
  2474388.
  4105.  148.
  0.165899605  0.00598127721
  10.  40.
  2474388.
  3103.  149.
  0.125404745  0.00602169102
  10.  50.
  2474388.
  3763.  217.
  0.152078003  0.00876984559
  10.  60.
  2474388.
  1728.  128.
  0.0698354468  0.00517299632
  10.  70.
  2474388.
  1389.  125.
  0.0561350919  0.00505175442
  10.  80.
  2474388.
  1176.  110.
  0.0475269035  0.00444554351
  10.  90.
  2474388.
  1223.  129.
  0.0494263619  0.00521341013
  10.  100.
  2474388.
  2140.  286.
  0.0864860341  0.0115584135
  20.  0.
  2474388.
  26367.  257.
  1.06559682  0.0103864064
  20.  10.
  2474388.
  6281.  155.
  0.253840536  0.00626417529
  20.  20.
  2474388.
  3940.  155.
  0.15923129  0.00626417529
  20.  30.
  2474388.
  2858.  122.
  0.115503311  0.00493051205
  20.  40.
  2474388.
  2122.  158.
  0.0857585818  0.00638541719
  20.  50.
  2474388.
  2550.  227.
  0.103055783  0.00917398557
  20.  60.
  2474388.
  1230.  131.
  0.0497092605  0.00529423822
  20.  70.
  2474388.
  1003.  120.
  0.0405352749  0.00484968396
  20.  80.
  2474388.
  848.  111.
  0.0342711024  0.00448595779
  20.  90.
  2474388.
  764.  136.
  0.0308763217  0.00549630867
  20.  100.
  2474388.
  1190.  294.
  0.0480927005  0.0118817259
  30.  0.
  2474388.
  20368.  227.
  0.823153019  0.00917398557
  30.  10.
  2474388.
  5157.  138.
  0.208415166  0.00557713676
  30.  20.
  2474388.
  3265.  149.
  0.131951824  0.00602169102
  30.  30.
  2474388.
  2326.  136.
  0.0940030441  0.00549630867
  30.  40.
  2474388.
  1787.  161.
  0.0722198784  0.00650665956
  30.  50.
  2474388.
  2183.  238.
  0.0882238373  0.00961854029
  30.  60.
  2474388.
  990.  127.
  0.0400098935  0.0051325825
  30.  70.
  2474388.
  819.  135.
  0.0330990925  0.0054558944
  30.  80.
  2474388.
  660.  115.
  0.0266732629  0.00464761397
  30.  90.
  2474388.
  558.  111.
  0.0225510299  0.00448595779
  30.  100.
  2474388.
  819.  278.
  0.0330990925  0.0112351011
  40.  0.
  2474388.
  20060.  269.
  0.810705543  0.010871375
  40.  10.
  2474388.
  4903.  161.
  0.198150009  0.00650665956
  40.  20.
  2474388.
  3281.  179.
  0.132598445  0.00723411189
  40.  30.
  2474388.
  2309.  138.
  0.0933160037  0.00557713676
  40.  40.
  2474388.
  1836.  157.
  0.0742001683  0.00634500338
  40.  50.
  2474388.
  2070.  247.
  0.0836570486  0.00998226646
  40.  60.
  2474388.
  946.  173.
  0.0382316746  0.00699162763
  40.  70.
  2474388.
  687.  162.
  0.0277644414  0.00654707337
  40.  80.
  2474388.
  573.  139.
  0.0231572408  0.00561755057
  40.  90.
  2474388.
  462.  139.
  0.0186712835  0.00561755057
  40.  100.
  2474388.
  671.  226.
  0.0271178167  0.00913357176
  50.  0.
  2474388.
  44523.  548.
  1.79935408  0.0221468899
  50.  10.
  2474388.
  9116.  361.
  0.368414342  0.0145894662
  50.  20.
  2474388.
  6538.  389.
  0.264226943  0.0157210585
  50.  30.
  2474388.
  4734.  374.
  0.191320032  0.0151148485
  50.  40.
  2474388.
  3622.  413.
  0.146379635  0.0166909955
  50.  50.
  2474388.
  3844.  606.
  0.155351549  0.0244909041
  50.  60.
  2474388.
  1601.  341.
  0.0647028685  0.0137811853
  50.  70.
  2474388.
  1160.  292.
  0.0468802787  0.0118008982
  50.  80.
  2474388.
  910.  284.
  0.0367767699  0.0114775859
  50.  90.
  2474388.
  812.  289.
  0.032816194  0.0116796559
  50.  100.
  2474388.
  1049.  509.
  0.0423943214  0.0205707438
  60.  0.
  2474388.
  15178.  246.
  0.613404214  0.00994185265
  60.  10.
  2474388.
  4185.  183.
  0.169132724  0.00739576807
  60.  20.
  2474388.
  2981.  233.
  0.120474234  0.0094164703
  60.  30.
  2474388.
  2273.  228.
  0.091861099  0.00921439938
  60.  40.
  2474388.
  1757.  244.
  0.0710074604  0.0098610241
  60.  50.
  2474388.
  2035.  383.
  0.0822425559  0.0154785747
  60.  60.
  2474388.
  889.  230.
  0.0359280743  0.00929522794
  60.  70.
  2474388.
  734.  232.
  0.0296638999  0.00937605556
  60.  80.
  2474388.
  531.  233.
  0.0214598514  0.0094164703
  60.  90.
  2474388.
  450.  202.
  0.0181863159  0.00816363469
  60.  100.
  2474388.
  560.  331.
  0.0226318594  0.0133770453
  70.  0.
  2474388.
  13035.  252.
  0.526796937  0.0101843365
  70.  10.
  2474388.
  3654.  192.
  0.147672877  0.00775949424
  70.  20.
  2474388.
  2509.  212.
  0.101398811  0.0085677756
  70.  30.
  2474388.
  1997.  220.
  0.0807068273  0.00889108703
  70.  40.
  2474388.
  1631.  239.
  0.0659152865  0.00965895411
  70.  50.
  2474388.
  1875.  437.
  0.0757763162  0.0176609326
  70.  60.
  2474388.
  936.  256.
  0.0378275365  0.0103459926
  70.  70.
  2474388.
  706.  271.
  0.0285323076  0.0109522035
  70.  80.
  2474388.
  528.  223.
  0.02133861  0.00901232939
  70.  90.
  2474388.
  460.  268.
  0.0185904559  0.0108309612
  70.  100.
  2474388.
  505.  412.
  0.0204090867  0.0166505817
  80.  0.
  2474388.
  14164.  290.
  0.572424352  0.0117200697
  80.  10.
  2474388.
  3872.  207.
  0.156483144  0.00836570468
  80.  20.
  2474388.
  2739.  233.
  0.110694036  0.0094164703
  80.  30.
  2474388.
  2183.  252.
  0.0882238373  0.0101843365
  80.  40.
  2474388.
  1752.  288.
  0.0708053857  0.0116392421
  80.  50.
  2474388.
  2026.  503.
  0.0818788335  0.0203282591
  80.  60.
  2474388.
  1047.  368.
  0.0423134938  0.0148723647
  80.  70.
  2474388.
  791.  331.
  0.0319675021  0.0133770453
  80.  80.
  2474388.
  599.  357.
  0.0242080055  0.01442781
  80.  90.
  2474388.
  502.  359.
  0.0202878453  0.0145086385
  80.  100.
  2474388.
  520.  460.
  0.0210152976  0.0185904559
  90.  0.
  2474388.
  18677.  332.
  0.754812896  0.0134174591
  90.  10.
  2474388.
  5409.  321.
  0.218599513  0.0129729044
  90.  20.
  2474388.
  3925.  360.
  0.158625081  0.0145490523
  90.  30.
  2474388.
  3112.  413.
  0.125768468  0.0166909955
  90.  40.
  2474388.
  2377.  406.
  0.0960641578  0.016408097
  90.  50.
  2474388.
  2670.  737.
  0.10790547  0.0297851432
  90.  60.
  2474388.
  1339.  507.
  0.0541143902  0.0204899143
  90.  70.
  2474388.
  1041.  560.
  0.0420710109  0.0226318594
  90.  80.
  2474388.
  880.  463.
  0.0355643481  0.0187116973
  90.  90.
  2474388.
  665.  550.
  0.026875332  0.0222277194
  90.  100.
  2474388.
  583.  685.
  0.0235613808  0.0276836138
  100.  0.
  2474388.
  99247.  2498.
  4.01097155  0.100954257
  100.  10.
  2474388.
  29131.  2038.
  1.17730117  0.0823637992
  100.  20.
  2474388.
  23724.  2313.
  0.958782554  0.0934776589
  100.  30.
  2474388.
  20645.  2956.
  0.834347725  0.119463883
  100.  40.
  2474388.
  17427.  3631.
  0.704295337  0.146743357
  100.  50.
  2474388.
  20513.  6747.
  0.82901305  0.272673488
  100.  60.
  2474388.
  10438.  4961.
  0.421841681  0.200494021
  100.  70.
  2474388.
  8661.  5469.
  0.350025952  0.221024349
  100.  80.
  2474388.
  6829.  5279.
  0.275987446  0.213345677
  100.  90.
  2474388.
  5649.  5507.
  0.228298873  0.222560078
  100.  100.
  2474388.
  4173.  6406.
  0.168647766  0.258892298
