  0.  0.
  2466751.
  1252425.  1921.
  50.7722511  0.0778757185
  0.  10.
  2466751.
  68044.  410.
  2.75844622  0.0166210532
  0.  20.
  2466751.
  38798.  316.
  1.57283807  0.0128103727
  0.  30.
  2466751.
  29019.  302.
  1.17640567  0.0122428248
  0.  40.
  2466751.
  22391.  321.
  0.907712221  0.0130130686
  0.  50.
  2466751.
  31127.  462.
  1.26186228  0.0187290888
  0.  60.
  2466751.
  15147.  254.
  0.614046574  0.0102969455
  0.  70.
  2466751.
  13460.  273.
  0.545657039  0.0110671893
  0.  80.
  2466751.
  14024.  294.
  0.568521082  0.0119185112
  0.  90.
  2466751.
  15383.  376.
  0.623613834  0.0152427219
  0.  100.
  2466751.
  32621.  778.
  1.32242775  0.0315394625
  10.  0.
  2466751.
  52316.  560.
  2.12084651  0.0227019265
  10.  10.
  2466751.
  9136.  275.
  0.370365709  0.0111482674
  10.  20.
  2466751.
  5703.  190.
  0.231194794  0.00770243956
  10.  30.
  2466751.
  4047.  186.
  0.164061964  0.00754028279
  10.  40.
  2466751.
  3215.  168.
  0.130333379  0.00681057805
  10.  50.
  2466751.
  3790.  229.
  0.153643399  0.00928346626
  10.  60.
  2466751.
  1814.  138.
  0.0735380277  0.00559440348
  10.  70.
  2466751.
  1614.  144.
  0.0654301941  0.0058376384
  10.  80.
  2466751.
  1547.  123.
  0.0627140701  0.00498631597
  10.  90.
  2466751.
  1666.  231.
  0.0675382316  0.00936454441
  10.  100.
  2466751.
  2525.  353.
  0.102361366  0.0143103218
  20.  0.
  2466751.
  36235.  564.
  1.46893632  0.0228640828
  20.  10.
  2466751.
  7055.  275.
  0.286003739  0.0111482674
  20.  20.
  2466751.
  4531.  217.
  0.183682904  0.00879699644
  20.  30.
  2466751.
  3398.  186.
  0.137752041  0.00754028279
  20.  40.
  2466751.
  2670.  202.
  0.108239539  0.00818890892
  20.  50.
  2466751.
  3148.  284.
  0.127617255  0.0115131196
  20.  60.
  2466751.
  1454.  173.
  0.058943931  0.00701327389
  20.  70.
  2466751.
  1177.  165.
  0.0477145836  0.00668896036
  20.  80.
  2466751.
  1135.  152.
  0.0460119396  0.00616195146
  20.  90.
  2466751.
  1136.  210.
  0.0460524783  0.00851322245
  20.  100.
  2466751.
  1486.  350.
  0.0602411851  0.0141887041
  30.  0.
  2466751.
  25738.  516.
  1.04339671  0.0209182035
  30.  10.
  2466751.
  5889.  350.
  0.23873508  0.0141887041
  30.  20.
  2466751.
  3863.  293.
  0.156602755  0.0118779726
  30.  30.
  2466751.
  2786.  237.
  0.112942085  0.00960777979
  30.  40.
  2466751.
  2157.  257.
  0.0874429569  0.0104185631
  30.  50.
  2466751.
  2573.  388.
  0.104307242  0.0157291926
  30.  60.
  2466751.
  1267.  221.
  0.0513631105  0.00895915274
  30.  70.
  2466751.
  914.  211.
  0.0370527878  0.00855376199
  30.  80.
  2466751.
  817.  174.
  0.0331204906  0.00705381297
  30.  90.
  2466751.
  834.  247.
  0.0338096544  0.0100131715
  30.  100.
  2466751.
  1003.  385.
  0.0406607725  0.015607575
  40.  0.
  2466751.
  21828.  578.
  0.884888649  0.0234316308
  40.  10.
  2466751.
  5578.  385.
  0.226127401  0.015607575
  40.  20.
  2466751.
  3790.  335.
  0.153643399  0.0135806166
  40.  30.
  2466751.
  2717.  305.
  0.110144883  0.0123644425
  40.  40.
  2466751.
  2077.  290.
  0.0841998234  0.0117563549
  40.  50.
  2466751.
  2370.  434.
  0.0960777998  0.0175939929
  40.  60.
  2466751.
  1138.  244.
  0.0461335592  0.00989155378
  40.  70.
  2466751.
  894.  239.
  0.0362420045  0.00968885794
  40.  80.
  2466751.
  762.  224.
  0.0308908354  0.00908077043
  40.  90.
  2466751.
  691.  231.
  0.0280125551  0.00936454441
  40.  100.
  2466751.
  761.  339.
  0.0308502968  0.0137427738
  50.  0.
  2466751.
  41602.  1313.
  1.68650985  0.0532279089
  50.  10.
  2466751.
  9293.  989.
  0.376730353  0.0400932245
  50.  20.
  2466751.
  6845.  946.
  0.277490526  0.038350042
  50.  30.
  2466751.
  4873.  912.
  0.197547302  0.0369717106
  50.  40.
  2466751.
  3481.  727.
  0.141116798  0.0294719655
  50.  50.
  2466751.
  3758.  985.
  0.152346149  0.0399310663
  50.  60.
  2466751.
  1667.  558.
  0.0675787702  0.0226208474
  50.  70.
  2466751.
  1377.  460.
  0.0558224171  0.0186480116
  50.  80.
  2466751.
  1139.  451.
  0.0461740978  0.0182831585
  50.  90.
  2466751.
  1092.  416.
  0.0442687571  0.0168642886
  50.  100.
  2466751.
  1105.  600.
  0.0447957665  0.0243234932
  60.  0.
  2466751.
  17043.  705.
  0.69090879  0.0285801031
  60.  10.
  2466751.
  4930.  601.
  0.199858025  0.0243640319
  60.  20.
  2466751.
  3613.  631.
  0.146467969  0.0255802069
  60.  30.
  2466751.
  2878.  633.
  0.116671689  0.0256612841
  60.  40.
  2466751.
  2107.  555.
  0.0854159966  0.0224992316
  60.  50.
  2466751.
  2378.  823.
  0.0964021087  0.033363726
  60.  60.
  2466751.
  1111.  427.
  0.0450390019  0.0173102189
  60.  70.
  2466751.
  886.  419.
  0.0359176919  0.0169859063
  60.  80.
  2466751.
  735.  323.
  0.0297962781  0.0130941467
  60.  90.
  2466751.
  626.  337.
  0.0253775101  0.0136616947
  60.  100.
  2466751.
  607.  374.
  0.0246072672  0.0151616437
  70.  0.
  2466751.
  15222.  674.
  0.617087007  0.0273233894
  70.  10.
  2466751.
  4717.  583.
  0.191223189  0.0236343276
  70.  20.
  2466751.
  3748.  710.
  0.151940748  0.0287827998
  70.  30.
  2466751.
  3009.  797.
  0.121982314  0.0323097073
  70.  40.
  2466751.
  2276.  745.
  0.0922671184  0.0302016698
  70.  50.
  2466751.
  2669.  1007.
  0.108199  0.0408229269
  70.  60.
  2466751.
  1297.  612.
  0.0525792837  0.0248099621
  70.  70.
  2466751.
  985.  481.
  0.0399310663  0.0194993336
  70.  80.
  2466751.
  749.  475.
  0.0303638261  0.0192560982
  70.  90.
  2466751.
  629.  440.
  0.0254991278  0.0178372283
  70.  100.
  2466751.
  552.  433.
  0.0223776139  0.0175534543
  80.  0.
  2466751.
  15509.  734.
  0.628721774  0.0297557395
  80.  10.
  2466751.
  5171.  747.
  0.209627971  0.0302827489
  80.  20.
  2466751.
  4150.  850.
  0.168237492  0.0344582796
  80.  30.
  2466751.
  3542.  999.
  0.14358969  0.0404986143
  80.  40.
  2466751.
  2860.  944.
  0.115941979  0.038268961
  80.  50.
  2466751.
  3151.  1523.
  0.127738878  0.0617411323
  80.  60.
  2466751.
  1632.  907.
  0.0661598966  0.0367690139
  80.  70.
  2466751.
  1233.  798.
  0.0499847792  0.0323502459
  80.  80.
  2466751.
  987.  748.
  0.0400121473  0.0303232875
  80.  90.
  2466751.
  808.  651.
  0.0327556357  0.0263909902
  80.  100.
  2466751.
  601.  542.
  0.0243640319  0.0219722223
  90.  0.
  2466751.
  19114.  919.
  0.774865389  0.0372554846
  90.  10.
  2466751.
  6639.  1015.
  0.269139439  0.0411472432
  90.  20.
  2466751.
  5622.  1277.
  0.22791113  0.0517685004
  90.  30.
  2466751.
  4849.  1584.
  0.19657436  0.064214021
  90.  40.
  2466751.
  4054.  1731.
  0.164345726  0.0701732785
  90.  50.
  2466751.
  4745.  2527.
  0.192358285  0.102442443
  90.  60.
  2466751.
  2255.  1573.
  0.0914157927  0.0637680888
  90.  70.
  2466751.
  1803.  1345.
  0.0730920956  0.054525163
  90.  80.
  2466751.
  1372.  1286.
  0.0556197204  0.0521333516
  90.  90.
  2466751.
  1151.  1213.
  0.0466605686  0.0491739959
  90.  100.
  2466751.
  726.  905.
  0.0294314269  0.0366879366
  100.  0.
  2466751.
  92767.  5346.
  3.7606957  0.216722324
  100.  10.
  2466751.
  31109.  4532.
  1.2611326  0.18372345
  100.  20.
  2466751.
  29313.  6186.
  1.18832421  0.250775218
  100.  30.
  2466751.
  26650.  8802.
  1.08036852  0.35682565
  100.  40.
  2466751.
  22824.  10407.
  0.92526567  0.421890974
  100.  50.
  2466751.
  28688.  17843.
  1.16298723  0.723340154
  100.  60.
  2466751.
  15096.  12241.
  0.611979067  0.496239781
  100.  70.
  2466751.
  12671.  12594.
  0.513671637  0.510550141
  100.  80.
  2466751.
  9826.  12113.
  0.398337722  0.49105078
  100.  90.
  2466751.
  6814.  11594.
  0.276233792  0.470010966
  100.  100.
  2466751.
  3559.  7194.
  0.144278854  0.291638672
