  0.  0.
  2497299.
  1074939.  3369.
  43.0440636  0.134905756
  0.  10.
  2497299.
  133076.  943.
  5.32879734  0.0377607979
  0.  20.
  2497299.
  58857.  559.
  2.35682631  0.0223841835
  0.  30.
  2497299.
  50811.  515.
  2.03463817  0.0206222795
  0.  40.
  2497299.
  35726.  453.
  1.43058562  0.0181395989
  0.  50.
  2497299.
  31690.  382.
  1.26897097  0.0152965263
  0.  60.
  2497299.
  20937.  258.
  0.83838582  0.0103311623
  0.  70.
  2497299.
  14870.  184.
  0.595443308  0.00736796018
  0.  80.
  2497299.
  15663.  190.
  0.627197623  0.00760821998
  0.  90.
  2497299.
  13911.  177.
  0.557041824  0.00708765769
  0.  100.
  2497299.
  11173.  149.
  0.447403371  0.00596644636
  10.  0.
  2497299.
  87346.  1562.
  3.49761891  0.0625475794
  10.  10.
  2497299.
  27076.  837.
  1.08421135  0.0335162096
  10.  20.
  2497299.
  9609.  411.
  0.384775698  0.0164577812
  10.  30.
  2497299.
  8251.  371.
  0.33039695  0.0148560507
  10.  40.
  2497299.
  5697.  330.
  0.228126466  0.0132142771
  10.  50.
  2497299.
  4407.  299.
  0.176470652  0.0119729359
  10.  60.
  2497299.
  3198.  191.
  0.128058359  0.00764826313
  10.  70.
  2497299.
  1872.  153.
  0.0749609843  0.00612661941
  10.  80.
  2497299.
  2206.  166.
  0.0883354396  0.0066471817
  10.  90.
  2497299.
  1818.  122.
  0.0727986544  0.00488527818
  10.  100.
  2497299.
  1236.  81.
  0.049493473  0.00324350432
  20.  0.
  2497299.
  44829.  1100.
  1.79509938  0.0440475903
  20.  10.
  2497299.
  14191.  588.
  0.568253934  0.0235454384
  20.  20.
  2497299.
  5861.  317.
  0.234693557  0.0126937144
  20.  30.
  2497299.
  4218.  298.
  0.168902487  0.0119328927
  20.  40.
  2497299.
  2935.  234.
  0.117526978  0.00937012304
  20.  50.
  2497299.
  2357.  277.
  0.0943819731  0.0110919839
  20.  60.
  2497299.
  1387.  163.
  0.0555400066  0.0065270518
  20.  70.
  2497299.
  944.  111.
  0.037800841  0.00444480218
  20.  80.
  2497299.
  1001.  133.
  0.0400833078  0.00532575417
  20.  90.
  2497299.
  744.  100.
  0.0297921877  0.00400432618
  20.  100.
  2497299.
  580.  50.
  0.0232250933  0.00200216309
  30.  0.
  2497299.
  42905.  1105.
  1.7180562  0.0442478061
  30.  10.
  2497299.
  16726.  925.
  0.669763625  0.0370400175
  30.  20.
  2497299.
  6738.  525.
  0.269811511  0.0210227128
  30.  30.
  2497299.
  5314.  468.
  0.212789893  0.0187402461
  30.  40.
  2497299.
  3325.  391.
  0.133143842  0.0156569164
  30.  50.
  2497299.
  2144.  272.
  0.0858527571  0.0108917672
  30.  60.
  2497299.
  1616.  207.
  0.0647099093  0.00828895532
  30.  70.
  2497299.
  891.  133.
  0.0356785469  0.00532575417
  30.  80.
  2497299.
  1090.  161.
  0.0436471552  0.0064469655
  30.  90.
  2497299.
  740.  124.
  0.0296320152  0.00496536447
  30.  100.
  2497299.
  464.  97.
  0.0185800735  0.00388419651
  40.  0.
  2497299.
  36817.  1244.
  1.47427285  0.0498138182
  40.  10.
  2497299.
  14626.  1050.
  0.585672736  0.0420454256
  40.  20.
  2497299.
  6070.  571.
  0.2430626  0.0228647031
  40.  30.
  2497299.
  4914.  616.
  0.19677259  0.0246666502
  40.  40.
  2497299.
  3153.  500.
  0.126256406  0.0200216305
  40.  50.
  2497299.
  1993.  316.
  0.0798062235  0.0126536712
  40.  60.
  2497299.
  1452.  230.
  0.0581428185  0.00920995045
  40.  70.
  2497299.
  836.  126.
  0.0334761664  0.00504545122
  40.  80.
  2497299.
  878.  158.
  0.035157986  0.0063268356
  40.  90.
  2497299.
  597.  140.
  0.0239058286  0.00560605666
  40.  100.
  2497299.
  370.  67.
  0.0148160076  0.00268289866
  50.  0.
  2497299.
  37516.  1765.
  1.50226307  0.0706763566
  50.  10.
  2497299.
  15092.  1472.
  0.604332924  0.0589436814
  50.  20.
  2497299.
  7470.  1039.
  0.299123168  0.041604951
  50.  30.
  2497299.
  5070.  844.
  0.203019336  0.0337965153
  50.  40.
  2497299.
  3304.  605.
  0.13230294  0.0242261738
  50.  50.
  2497299.
  2538.  625.
  0.101629801  0.0250270385
  50.  60.
  2497299.
  1315.  353.
  0.052656889  0.0141352713
  50.  70.
  2497299.
  830.  222.
  0.0332359076  0.00888960436
  50.  80.
  2497299.
  770.  176.
  0.0308333132  0.00704761408
  50.  90.
  2497299.
  489.  154.
  0.0195811559  0.00616666256
  50.  100.
  2497299.
  302.  95.
  0.0120930653  0.00380410999
  60.  0.
  2497299.
  29814.  1540.
  1.1938498  0.0616666265
  60.  10.
  2497299.
  14038.  1420.
  0.562127352  0.0568614341
  60.  20.
  2497299.
  6506.  1024.
  0.260521472  0.0410043001
  60.  30.
  2497299.
  5295.  1006.
  0.21202907  0.0402835235
  60.  40.
  2497299.
  3283.  773.
  0.131462038  0.0309534427
  60.  50.
  2497299.
  2180.  609.
  0.0872943103  0.0243863463
  60.  60.
  2497299.
  1354.  395.
  0.0542185791  0.015817089
  60.  70.
  2497299.
  757.  227.
  0.0303127505  0.00908982102
  60.  80.
  2497299.
  682.  224.
  0.0273095053  0.00896969065
  60.  90.
  2497299.
  438.  168.
  0.0175389498  0.00672726799
  60.  100.
  2497299.
  228.  103.
  0.00912986416  0.00412445609
  70.  0.
  2497299.
  25544.  1287.
  1.02286506  0.0515356809
  70.  10.
  2497299.
  11272.  1382.
  0.451367646  0.0553397909
  70.  20.
  2497299.
  5945.  1095.
  0.238057196  0.0438473709
  70.  30.
  2497299.
  4550.  938.
  0.182196841  0.0375605822
  70.  40.
  2497299.
  2777.  779.
  0.111200139  0.0311937016
  70.  50.
  2497299.
  1969.  759.
  0.078845188  0.0303928368
  70.  60.
  2497299.
  1026.  383.
  0.0410843864  0.0153365694
  70.  70.
  2497299.
  589.  248.
  0.0235854816  0.00993072893
  70.  80.
  2497299.
  492.  215.
  0.0197012853  0.00860930141
  70.  90.
  2497299.
  288.  142.
  0.0115324594  0.00568614341
  70.  100.
  2497299.
  150.  54.
  0.00600648951  0.00216233614
  80.  0.
  2497299.
  29808.  1584.
  1.1936096  0.0634285286
  80.  10.
  2497299.
  14849.  1969.
  0.594602406  0.078845188
  80.  20.
  2497299.
  7328.  1510.
  0.293437034  0.0604653284
  80.  30.
  2497299.
  6277.  1461.
  0.251351565  0.0585032068
  80.  40.
  2497299.
  3847.  1128.
  0.154046431  0.0451688021
  80.  50.
  2497299.
  2480.  1056.
  0.0993072912  0.0422856845
  80.  60.
  2497299.
  1601.  567.
  0.0641092658  0.0227045305
  80.  70.
  2497299.
  715.  318.
  0.0286309328  0.0127337575
  80.  80.
  2497299.
  654.  294.
  0.0261882935  0.0117727192
  80.  90.
  2497299.
  314.  179.
  0.0125735849  0.00716774398
  80.  100.
  2497299.
  127.  74.
  0.00508549437  0.00296320138
  90.  0.
  2497299.
  36762.  1994.
  1.47207046  0.0798462629
  90.  10.
  2497299.
  19053.  2580.
  0.762944281  0.103311621
  90.  20.
  2497299.
  10345.  2128.
  0.414247543  0.0852120668
  90.  30.
  2497299.
  8525.  2117.
  0.341368824  0.0847715884
  90.  40.
  2497299.
  5388.  1830.
  0.215753093  0.0732791722
  90.  50.
  2497299.
  3412.  1590.
  0.136627614  0.0636687875
  90.  60.
  2497299.
  2000.  979.
  0.0800865218  0.0392023548
  90.  70.
  2497299.
  821.  462.
  0.0328755192  0.0184999872
  90.  80.
  2497299.
  716.  354.
  0.0286709759  0.0141753154
  90.  90.
  2497299.
  342.  169.
  0.0136947958  0.0067673116
  90.  100.
  2497299.
  107.  83.
  0.00428462913  0.00332359085
  100.  0.
  2497299.
  79184.  6146.
  3.17078567  0.246105894
  100.  10.
  2497299.
  41039.  6825.
  1.64333546  0.273295254
  100.  20.
  2497299.
  21880.  5789.
  0.876146615  0.231810451
  100.  30.
  2497299.
  18510.  6190.
  0.741200805  0.247867793
  100.  40.
  2497299.
  12238.  5112.
  0.490049452  0.204701155
  100.  50.
  2497299.
  7527.  4440.
  0.301405638  0.177792087
  100.  60.
  2497299.
  4700.  2535.
  0.188203335  0.101509668
  100.  70.
  2497299.
  1901.  1235.
  0.0761222392  0.0494534299
  100.  80.
  2497299.
  1772.  886.
  0.0709566623  0.0354783311
  100.  90.
  2497299.
  916.  510.
  0.0366796292  0.0204220638
  100.  100.
  2497299.
  299.  200.
  0.0119729359  0.00800865237
