  0.  0.
  16777216.
  16777216.  598.
  100.  0.00356435776
  0.  10.
  16777216.
  1310382.  322.
  7.81048536  0.00191926956
  0.  20.
  16777216.
  753928.  232.
  4.49376106  0.00138282776
  0.  30.
  16777216.
  529998.  173.
  3.15903425  0.00103116035
  0.  40.
  16777216.
  423366.  155.
  2.523458  0.000923871994
  0.  50.
  16777216.
  526579.  228.
  3.13865542  0.0013589859
  0.  60.
  16777216.
  285647.  140.
  1.7025888  0.000834465027
  0.  70.
  16777216.
  262262.  147.
  1.56320333  0.000876188278
  0.  80.
  16777216.
  264366.  198.
  1.57574415  0.00118017197
  0.  90.
  16777216.
  285130.  239.
  1.69950724  0.00142455101
  0.  100.
  16777216.
  493754.  292.
  2.94300318  0.00174045563
  10.  0.
  16777216.
  619692.  334.
  3.69365215  0.00199079514
  10.  10.
  16777216.
  120083.  284.
  0.715750456  0.00169277191
  10.  20.
  16777216.
  69131.  251.
  0.41205287  0.00149607658
  10.  30.
  16777216.
  47112.  221.
  0.280809402  0.00131726265
  10.  40.
  16777216.
  35389.  173.
  0.210934877  0.00103116035
  10.  50.
  16777216.
  40126.  249.
  0.239169598  0.00148415565
  10.  60.
  16777216.
  20322.  133.
  0.121128559  0.000792741776
  10.  70.
  16777216.
  17727.  177.
  0.105661154  0.00105500221
  10.  80.
  16777216.
  15852.  209.
  0.0944852829  0.00124573708
  10.  90.
  16777216.
  15004.  248.
  0.089430809  0.00147819519
  10.  100.
  16777216.
  17807.  343.
  0.106137991  0.00204443932
  20.  0.
  16777216.
  390859.  284.
  2.32970119  0.00169277191
  20.  10.
  16777216.
  86088.  288.
  0.513124466  0.00171661377
  20.  20.
  16777216.
  52090.  287.
  0.310480595  0.00171065331
  20.  30.
  16777216.
  36611.  264.
  0.218218565  0.00157356262
  20.  40.
  16777216.
  27367.  239.
  0.163120031  0.00142455101
  20.  50.
  16777216.
  30678.  281.
  0.182855129  0.00167489052
  20.  60.
  16777216.
  15983.  196.
  0.0952661037  0.00116825104
  20.  70.
  16777216.
  13183.  180.
  0.0785768032  0.00107288361
  20.  80.
  16777216.
  11522.  202.
  0.0686764717  0.00120401382
  20.  90.
  16777216.
  10811.  256.
  0.0644385815  0.00152587891
  20.  100.
  16777216.
  11509.  425.
  0.0685989857  0.0025331974
  30.  0.
  16777216.
  297764.  258.
  1.77481174  0.00153779984
  30.  10.
  16777216.
  72019.  312.
  0.429266691  0.00185966492
  30.  20.
  16777216.
  45626.  311.
  0.271952152  0.00185370445
  30.  30.
  16777216.
  32919.  344.
  0.19621253  0.00205039978
  30.  40.
  16777216.
  25297.  311.
  0.15078187  0.00185370445
  30.  50.
  16777216.
  28642.  412.
  0.170719624  0.00245571136
  30.  60.
  16777216.
  14644.  237.
  0.0872850418  0.00141263008
  30.  70.
  16777216.
  11927.  215.
  0.0710904598  0.00128149986
  30.  80.
  16777216.
  10189.  236.
  0.0607311726  0.00140666962
  30.  90.
  16777216.
  8962.  288.
  0.0534176826  0.00171661377
  30.  100.
  16777216.
  8296.  363.
  0.0494480133  0.00216364861
  40.  0.
  16777216.
  275383.  341.
  1.64141059  0.00203251839
  40.  10.
  16777216.
  70109.  341.
  0.417882204  0.00203251839
  40.  20.
  16777216.
  44446.  392.
  0.264918804  0.00233650208
  40.  30.
  16777216.
  32607.  404.
  0.194352865  0.00240802765
  40.  40.
  16777216.
  25588.  381.
  0.152516365  0.00227093697
  40.  50.
  16777216.
  29119.  502.
  0.173562765  0.00299215317
  40.  60.
  16777216.
  14894.  332.
  0.0887751579  0.00197887421
  40.  70.
  16777216.
  11728.  274.
  0.0699043274  0.00163316727
  40.  80.
  16777216.
  10002.  271.
  0.0596165657  0.00161528587
  40.  90.
  16777216.
  8545.  293.
  0.050932169  0.00174641609
  40.  100.
  16777216.
  7051.  388.
  0.042027235  0.00231266022
  50.  0.
  16777216.
  431902.  618.
  2.57433653  0.00368356705
  50.  10.
  16777216.
  108801.  780.
  0.648504496  0.00464916229
  50.  20.
  16777216.
  71916.  833.
  0.428652763  0.00496506691
  50.  30.
  16777216.
  52383.  822.
  0.312227011  0.0048995018
  50.  40.
  16777216.
  40466.  811.
  0.241196156  0.00483393669
  50.  50.
  16777216.
  46890.  1093.
  0.279486179  0.00651478767
  50.  60.
  16777216.
  23952.  659.
  0.142765045  0.00392794609
  50.  70.
  16777216.
  19711.  610.
  0.117486715  0.00363588333
  50.  80.
  16777216.
  16126.  613.
  0.0961184502  0.00365376472
  50.  90.
  16777216.
  13281.  635.
  0.0791609287  0.00378489494
  50.  100.
  16777216.
  9669.  665.
  0.057631731  0.00396370888
  60.  0.
  16777216.
  238174.  446.
  1.41962767  0.00265836716
  60.  10.
  16777216.
  69330.  532.
  0.413239002  0.0031709671
  60.  20.
  16777216.
  46666.  626.
  0.278151035  0.00373125076
  60.  30.
  16777216.
  34306.  671.
  0.204479694  0.00399947166
  60.  40.
  16777216.
  27320.  657.
  0.16283989  0.00391602516
  60.  50.
  16777216.
  32084.  953.
  0.191235542  0.00568032265
  60.  60.
  16777216.
  17308.  614.
  0.103163719  0.00365972519
  60.  70.
  16777216.
  14789.  553.
  0.0881493092  0.00329613686
  60.  80.
  16777216.
  12226.  583.
  0.0728726387  0.00347495079
  60.  90.
  16777216.
  9690.  553.
  0.0577569008  0.00329613686
  60.  100.
  16777216.
  6745.  633.
  0.0402033329  0.00377297401
  70.  0.
  16777216.
  219457.  433.
  1.30806565  0.00258088112
  70.  10.
  16777216.
  71586.  650.
  0.42668581  0.00387430191
  70.  20.
  16777216.
  50696.  776.
  0.302171707  0.00462532043
  70.  30.
  16777216.
  38451.  843.
  0.22918582  0.00502467155
  70.  40.
  16777216.
  30663.  840.
  0.182765722  0.00500679016
  70.  50.
  16777216.
  36495.  1361.
  0.217527151  0.00811219215
  70.  60.
  16777216.
  19900.  800.
  0.118613243  0.00476837158
  70.  70.
  16777216.
  17306.  809.
  0.103151798  0.00482201576
  70.  80.
  16777216.
  14867.  769.
  0.0886142254  0.00458359718
  70.  90.
  16777216.
  12311.  782.
  0.0733792782  0.00466108322
  70.  100.
  16777216.
  8333.  727.
  0.0496685505  0.00433325768
  80.  0.
  16777216.
  225707.  581.
  1.34531856  0.00346302986
  80.  10.
  16777216.
  80192.  844.
  0.477981567  0.00503063202
  80.  20.
  16777216.
  58427.  991.
  0.348252058  0.0059068203
  80.  30.
  16777216.
  46506.  1220.
  0.277197361  0.00727176666
  80.  40.
  16777216.
  37981.  1334.
  0.226384401  0.00795125961
  80.  50.
  16777216.
  45838.  1991.
  0.273215771  0.0118672848
  80.  60.
  16777216.
  25028.  1421.
  0.149178505  0.00846982002
  80.  70.
  16777216.
  22354.  1317.
  0.133240223  0.00784993172
  80.  80.
  16777216.
  19553.  1320.
  0.116544962  0.00786781311
  80.  90.
  16777216.
  16241.  1162.
  0.0968039036  0.00692605972
  80.  100.
  16777216.
  9706.  952.
  0.0578522682  0.00567436218
  90.  0.
  16777216.
  257767.  861.
  1.53641105  0.00513195992
  90.  10.
  16777216.
  98934.  1134.
  0.589692593  0.00675916672
  90.  20.
  16777216.
  76318.  1540.
  0.454890728  0.0091791153
  90.  30.
  16777216.
  63563.  1906.
  0.378865004  0.0113606453
  90.  40.
  16777216.
  53925.  2310.
  0.321418047  0.0137686729
  90.  50.
  16777216.
  68771.  3819.
  0.409907103  0.0227630138
  90.  60.
  16777216.
  38287.  2736.
  0.228208303  0.0163078308
  90.  70.
  16777216.
  33649.  2810.
  0.200563669  0.0167489052
  90.  80.
  16777216.
  27921.  2650.
  0.166422129  0.0157952309
  90.  90.
  16777216.
  22174.  2300.
  0.132167339  0.0137090683
  90.  100.
  16777216.
  12173.  1529.
  0.0725567341  0.00911355019
  100.  0.
  16777216.
  613506.  2305.
  3.65678072  0.0137388706
  100.  10.
  16777216.
  232097.  3277.
  1.38340592  0.0195324421
  100.  20.
  16777216.
  170506.  4211.
  1.01629496  0.0250995159
  100.  30.
  16777216.
  139605.  5169.
  0.832110643  0.0308096409
  100.  40.
  16777216.
  115507.  6236.
  0.68847537  0.0371694565
  100.  50.
  16777216.
  134680.  9939.
  0.802755356  0.0592410564
  100.  60.
  16777216.
  64272.  6582.
  0.383090973  0.0392317772
  100.  70.
  16777216.
  47184.  5806.
  0.281238556  0.0346064568
  100.  80.
  16777216.
  31736.  4651.
  0.189161301  0.0277221203
  100.  90.
  16777216.
  20912.  3339.
  0.124645233  0.0199019909
  100.  100.
  16777216.
  10927.  1866.
  0.0651299953  0.0111222267
