  0.  0.
  1147178.
  369082.  2838.
  32.1730385  0.247389674
  0.  10.
  1147178.
  72926.  1242.
  6.35699081  0.108265676
  0.  20.
  1147178.
  45772.  930.
  3.98996496  0.0810685009
  0.  30.
  1147178.
  34747.  878.
  3.02891088  0.0765356347
  0.  40.
  1147178.
  29459.  863.
  2.56795382  0.0752280802
  0.  50.
  1147178.
  38278.  1415.
  3.33670974  0.123346157
  0.  60.
  1147178.
  22090.  982.
  1.92559481  0.0856013596
  0.  70.
  1147178.
  20049.  1046.
  1.74767995  0.0911802724
  0.  80.
  1147178.
  18028.  1138.
  1.57150853  0.0991999507
  0.  90.
  1147178.
  16323.  1156.
  1.42288291  0.100769021
  0.  100.
  1147178.
  15671.  1341.
  1.36604786  0.116895549
  10.  0.
  1147178.
  43371.  888.
  3.78066874  0.0774073452
  10.  10.
  1147178.
  6997.  255.
  0.609931529  0.0222284589
  10.  20.
  1147178.
  4432.  167.
  0.386339337  0.0145574622
  10.  30.
  1147178.
  3482.  151.
  0.303527445  0.0131627349
  10.  40.
  1147178.
  2960.  151.
  0.258024484  0.0131627349
  10.  50.
  1147178.
  4212.  262.
  0.36716184  0.0228386521
  10.  60.
  1147178.
  2765.  193.
  0.241026238  0.0168238934
  10.  70.
  1147178.
  2885.  222.
  0.251486689  0.0193518363
  10.  80.
  1147178.
  2853.  243.
  0.248697236  0.0211824141
  10.  90.
  1147178.
  2850.  317.
  0.248435721  0.0276330262
  10.  100.
  1147178.
  3395.  381.
  0.295943618  0.0332119353
  20.  0.
  1147178.
  31473.  842.
  2.74351501  0.0733975023
  20.  10.
  1147178.
  4723.  203.
  0.411705941  0.0176955964
  20.  20.
  1147178.
  2887.  135.
  0.251661032  0.0117680077
  20.  30.
  1147178.
  2285.  119.
  0.199184433  0.0103732813
  20.  40.
  1147178.
  1973.  94.
  0.171987265  0.00819402002
  20.  50.
  1147178.
  2585.  158.
  0.225335568  0.0137729282
  20.  60.
  1147178.
  1683.  124.
  0.146707833  0.0108091338
  20.  70.
  1147178.
  1781.  154.
  0.155250534  0.0134242466
  20.  80.
  1147178.
  1908.  172.
  0.166321188  0.0149933137
  20.  90.
  1147178.
  2075.  213.
  0.180878639  0.0185673013
  20.  100.
  1147178.
  2729.  337.
  0.237888098  0.0293764342
  30.  0.
  1147178.
  26260.  873.
  2.2890954  0.0760997832
  30.  10.
  1147178.
  3866.  201.
  0.337000877  0.0175212566
  30.  20.
  1147178.
  2327.  114.
  0.202845588  0.00993742887
  30.  30.
  1147178.
  1698.  79.
  0.148015395  0.00688646408
  30.  40.
  1147178.
  1431.  102.
  0.124740884  0.00889138412
  30.  50.
  1147178.
  2050.  123.
  0.178699389  0.0107219629
  30.  60.
  1147178.
  1275.  91.
  0.1111423  0.0079325093
  30.  70.
  1147178.
  1388.  115.
  0.120992556  0.0100245997
  30.  80.
  1147178.
  1558.  161.
  0.135811538  0.0140344389
  30.  90.
  1147178.
  1709.  187.
  0.14897427  0.0163008701
  30.  100.
  1147178.
  2442.  319.
  0.212870196  0.027807368
  40.  0.
  1147178.
  25880.  854.
  2.25597072  0.0744435489
  40.  10.
  1147178.
  3568.  169.
  0.3110241  0.014731803
  40.  20.
  1147178.
  2086.  101.
  0.181837514  0.00880421326
  40.  30.
  1147178.
  1527.  91.
  0.133109242  0.0079325093
  40.  40.
  1147178.
  1233.  83.
  0.107481144  0.00723514566
  40.  50.
  1147178.
  1712.  111.
  0.14923577  0.00967591815
  40.  60.
  1147178.
  1070.  115.
  0.0932723582  0.0100245997
  40.  70.
  1147178.
  1050.  80.
  0.0915289521  0.00697363447
  40.  80.
  1147178.
  1262.  122.
  0.110009082  0.010634793
  40.  90.
  1147178.
  1480.  158.
  0.129012242  0.0137729282
  40.  100.
  1147178.
  2102.  292.
  0.183232248  0.0254537649
  50.  0.
  1147178.
  39739.  1191.
  3.46406579  0.103819981
  50.  10.
  1147178.
  4785.  245.
  0.417110503  0.0213567559
  50.  20.
  1147178.
  2748.  142.
  0.239544347  0.0123782009
  50.  30.
  1147178.
  2025.  125.
  0.176520124  0.0108963037
  50.  40.
  1147178.
  1684.  116.
  0.146795005  0.0101117697
  50.  50.
  1147178.
  2221.  182.
  0.193605527  0.0158650186
  50.  60.
  1147178.
  1423.  126.
  0.124043524  0.0109834746
  50.  70.
  1147178.
  1435.  122.
  0.125089571  0.010634793
  50.  80.
  1147178.
  1540.  190.
  0.13424246  0.0165623818
  50.  90.
  1147178.
  1939.  238.
  0.169023469  0.0207465626
  50.  100.
  1147178.
  3021.  456.
  0.263341874  0.0397497155
  60.  0.
  1147178.
  28653.  820.
  2.49769425  0.0714797527
  60.  10.
  1147178.
  2978.  134.
  0.259593546  0.0116808377
  60.  20.
  1147178.
  1705.  87.
  0.148625582  0.00758382725
  60.  30.
  1147178.
  1193.  94.
  0.103994325  0.00819402002
  60.  40.
  1147178.
  1028.  66.
  0.0896112025  0.00575324846
  60.  50.
  1147178.
  1343.  102.
  0.117069885  0.00889138412
  60.  60.
  1147178.
  865.  62.
  0.0754024237  0.00540456688
  60.  70.
  1147178.
  818.  86.
  0.0713054091  0.00749665685
  60.  80.
  1147178.
  901.  98.
  0.0785405561  0.00854270253
  60.  90.
  1147178.
  1077.  149.
  0.0938825533  0.0129883941
  60.  100.
  1147178.
  1755.  304.
  0.152984113  0.0264998116
  70.  0.
  1147178.
  27837.  704.
  2.42656326  0.0613679811
  70.  10.
  1147178.
  2784.  148.
  0.242682472  0.0129012233
  70.  20.
  1147178.
  1616.  87.
  0.140867412  0.00758382725
  70.  30.
  1147178.
  1206.  83.
  0.105127536  0.00723514566
  70.  40.
  1147178.
  917.  69.
  0.0799352825  0.00601475965
  70.  50.
  1147178.
  1204.  98.
  0.1049532  0.00854270253
  70.  60.
  1147178.
  753.  71.
  0.0656393319  0.00618910044
  70.  70.
  1147178.
  732.  66.
  0.0638087541  0.00575324846
  70.  80.
  1147178.
  762.  94.
  0.0664238706  0.00819402002
  70.  90.
  1147178.
  899.  101.
  0.07836622  0.00880421326
  70.  100.
  1147178.
  1757.  257.
  0.153158441  0.0224028006
  80.  0.
  1147178.
  18917.  558.
  1.64900303  0.0486411005
  80.  10.
  1147178.
  1979.  123.
  0.172510281  0.0107219629
  80.  20.
  1147178.
  1305.  88.
  0.113757409  0.00767099764
  80.  30.
  1147178.
  948.  71.
  0.0826375708  0.00618910044
  80.  40.
  1147178.
  792.  61.
  0.0690389797  0.00531739648
  80.  50.
  1147178.
  1017.  97.
  0.0886523277  0.00845553167
  80.  60.
  1147178.
  554.  56.
  0.0482924171  0.00488154404
  80.  70.
  1147178.
  625.  89.
  0.0544815175  0.0077581685
  80.  80.
  1147178.
  621.  84.
  0.0541328378  0.00732231606
  80.  90.
  1147178.
  746.  102.
  0.0650291443  0.00889138412
  80.  100.
  1147178.
  1557.  243.
  0.135724366  0.0211824141
  90.  0.
  1147178.
  11909.  358.
  1.03811264  0.0312070139
  90.  10.
  1147178.
  1415.  93.
  0.123346157  0.00810685009
  90.  20.
  1147178.
  914.  59.
  0.0796737745  0.00514305523
  90.  30.
  1147178.
  656.  48.
  0.0571838021  0.00418418087
  90.  40.
  1147178.
  635.  45.
  0.0553532243  0.00392266922
  90.  50.
  1147178.
  718.  74.
  0.0625883713  0.00645061163
  90.  60.
  1147178.
  481.  54.
  0.0419289768  0.00470720325
  90.  70.
  1147178.
  483.  79.
  0.0421033166  0.00688646408
  90.  80.
  1147178.
  541.  74.
  0.0471592024  0.00645061163
  90.  90.
  1147178.
  547.  78.
  0.0476822257  0.00679929368
  90.  100.
  1147178.
  1186.  189.
  0.10338413  0.0164752118
  100.  0.
  1147178.
  6668.  238.
  0.581252456  0.0207465626
  100.  10.
  1147178.
  983.  60.
  0.0856885314  0.00523022562
  100.  20.
  1147178.
  492.  29.
  0.0428878516  0.00252794242
  100.  30.
  1147178.
  378.  26.
  0.0329504237  0.00226643123
  100.  40.
  1147178.
  272.  25.
  0.023710357  0.00217926083
  100.  50.
  1147178.
  427.  31.
  0.0372217745  0.00270228344
  100.  60.
  1147178.
  266.  32.
  0.0231873337  0.00278945384
  100.  70.
  1147178.
  274.  38.
  0.0238846987  0.00331247644
  100.  80.
  1147178.
  301.  39.
  0.0262382999  0.00339964684
  100.  90.
  1147178.
  371.  49.
  0.0323402286  0.00427135127
  100.  100.
  1147178.
  688.  112.
  0.0599732548  0.00976308808
