  0.  0.
  2543121.
  1107389.  2661.
  43.544487  0.104635209
  0.  10.
  2543121.
  90605.  487.
  3.56274819  0.0191496983
  0.  20.
  2543121.
  39993.  290.
  1.57259524  0.011403311
  0.  30.
  2543121.
  37361.  303.
  1.46910036  0.0119144944
  0.  40.
  2543121.
  26896.  239.
  1.05759811  0.00939790159
  0.  50.
  2543121.
  25674.  312.
  1.00954688  0.0122683896
  0.  60.
  2543121.
  18893.  254.
  0.742906034  0.00998772774
  0.  70.
  2543121.
  15281.  201.
  0.600875854  0.00790367462
  0.  80.
  2543121.
  18204.  262.
  0.715813339  0.0103023015
  0.  90.
  2543121.
  19096.  279.
  0.750888348  0.0109707713
  0.  100.
  2543121.
  24196.  349.
  0.951429367  0.0137232952
  10.  0.
  2543121.
  78843.  1331.
  3.10024571  0.0523372665
  10.  10.
  2543121.
  16571.  392.
  0.651600897  0.0154141309
  10.  20.
  2543121.
  6409.  202.
  0.252013177  0.00794299599
  10.  30.
  2543121.
  5942.  209.
  0.233649909  0.00821824837
  10.  40.
  2543121.
  4453.  202.
  0.175099805  0.00794299599
  10.  50.
  2543121.
  3822.  231.
  0.150287777  0.00908332691
  10.  60.
  2543121.
  3446.  213.
  0.1355028  0.00837553572
  10.  70.
  2543121.
  2383.  176.
  0.0937037617  0.00692063011
  10.  80.
  2543121.
  2914.  203.
  0.114583619  0.00798231736
  10.  90.
  2543121.
  2841.  215.
  0.111713126  0.00845417939
  10.  100.
  2543121.
  3316.  237.
  0.130390972  0.00931925792
  20.  0.
  2543121.
  41234.  1060.
  1.62139356  0.0416810699
  20.  10.
  2543121.
  8797.  371.
  0.345913559  0.0145883737
  20.  20.
  2543121.
  4280.  245.
  0.168297142  0.00963383168
  20.  30.
  2543121.
  3328.  230.
  0.130862832  0.00904400554
  20.  40.
  2543121.
  2425.  164.
  0.0953552723  0.00644876901
  20.  50.
  2543121.
  2442.  222.
  0.0960237458  0.00872943085
  20.  60.
  2543121.
  1694.  170.
  0.0666110665  0.00668469956
  20.  70.
  2543121.
  1394.  163.
  0.0548145361  0.00640944717
  20.  80.
  2543121.
  1456.  179.
  0.0572524853  0.00703859562
  20.  90.
  2543121.
  1280.  170.
  0.0503318571  0.00668469956
  20.  100.
  2543121.
  1394.  183.
  0.0548145361  0.0071958825
  30.  0.
  2543121.
  39448.  1149.
  1.55116487  0.0451807044
  30.  10.
  2543121.
  10211.  563.
  0.40151453  0.0221381523
  30.  20.
  2543121.
  4401.  364.
  0.173055083  0.0143131213
  30.  30.
  2543121.
  3747.  355.
  0.147338644  0.0139592253
  30.  40.
  2543121.
  2757.  260.
  0.108410098  0.0102236578
  30.  50.
  2543121.
  2391.  309.
  0.0940183327  0.0121504245
  30.  60.
  2543121.
  1822.  239.
  0.071644254  0.00939790159
  30.  70.
  2543121.
  1291.  191.
  0.0507643968  0.00751045672
  30.  80.
  2543121.
  1408.  245.
  0.0553650409  0.00963383168
  30.  90.
  2543121.
  1307.  197.
  0.0513935424  0.00774638727
  30.  100.
  2543121.
  1277.  174.
  0.050213892  0.00684198691
  40.  0.
  2543121.
  33148.  1336.
  1.30343783  0.0525338762
  40.  10.
  2543121.
  9200.  693.
  0.361760229  0.0272499807
  40.  20.
  2543121.
  4165.  472.
  0.163775146  0.0185598712
  40.  30.
  2543121.
  3564.  461.
  0.140142769  0.0181273334
  40.  40.
  2543121.
  2642.  354.
  0.103888094  0.0139199039
  40.  50.
  2543121.
  2357.  353.
  0.092681393  0.0138805825
  40.  60.
  2543121.
  1666.  305.
  0.0655100569  0.0119931372
  40.  70.
  2543121.
  1145.  273.
  0.045023419  0.0107348412
  40.  80.
  2543121.
  1179.  242.
  0.0463603586  0.00951586664
  40.  90.
  2543121.
  1063.  214.
  0.0417990349  0.00841485709
  40.  100.
  2543121.
  981.  211.
  0.0385746509  0.00829689205
  50.  0.
  2543121.
  36117.  2049.
  1.42018414  0.080570288
  50.  10.
  2543121.
  9861.  1169.
  0.387751907  0.0459671393
  50.  20.
  2543121.
  5279.  889.
  0.207579583  0.0349570476
  50.  30.
  2543121.
  4019.  739.
  0.158034161  0.0290587824
  50.  40.
  2543121.
  2910.  650.
  0.11442633  0.025559146
  50.  50.
  2543121.
  2958.  705.
  0.11631377  0.0277218428
  50.  60.
  2543121.
  1724.  408.
  0.0677907169  0.0160432793
  50.  70.
  2543121.
  1225.  387.
  0.0481691584  0.0152175222
  50.  80.
  2543121.
  1137.  354.
  0.0447088443  0.0139199039
  50.  90.
  2543121.
  1009.  324.
  0.0396756567  0.0127402507
  50.  100.
  2543121.
  881.  274.
  0.0346424729  0.0107741626
  60.  0.
  2543121.
  29737.  1740.
  1.16931129  0.0684198663
  60.  10.
  2543121.
  9168.  1130.
  0.360501915  0.04443359
  60.  20.
  2543121.
  4590.  860.
  0.180486888  0.0338167176
  60.  30.
  2543121.
  3985.  840.
  0.156697229  0.033030279
  60.  40.
  2543121.
  2723.  772.
  0.107073158  0.0303564016
  60.  50.
  2543121.
  2137.  729.
  0.0840306059  0.028665565
  60.  60.
  2543121.
  1619.  500.
  0.0636619329  0.0196608808
  60.  70.
  2543121.
  996.  361.
  0.0391644761  0.0141951563
  60.  80.
  2543121.
  1035.  418.
  0.0406980254  0.0164364967
  60.  90.
  2543121.
  942.  387.
  0.0370411016  0.0152175222
  60.  100.
  2543121.
  669.  260.
  0.0263062585  0.0102236578
  70.  0.
  2543121.
  26075.  1804.
  1.02531493  0.0709364563
  70.  10.
  2543121.
  7806.  1393.
  0.306945682  0.0547752157
  70.  20.
  2543121.
  4529.  1080.
  0.178088263  0.0424675047
  70.  30.
  2543121.
  3794.  1117.
  0.14918676  0.0439224094
  70.  40.
  2543121.
  2583.  972.
  0.10156811  0.038220752
  70.  50.
  2543121.
  2202.  1030.
  0.0865865201  0.0405014157
  70.  60.
  2543121.
  1418.  595.
  0.0557582602  0.0233964492
  70.  70.
  2543121.
  941.  458.
  0.0370017774  0.0180093665
  70.  80.
  2543121.
  935.  426.
  0.0367658474  0.0167510714
  70.  90.
  2543121.
  724.  408.
  0.0284689553  0.0160432793
  70.  100.
  2543121.
  480.  265.
  0.0188744459  0.0104202675
  80.  0.
  2543121.
  29699.  2182.
  1.167817  0.0858000889
  80.  10.
  2543121.
  10264.  1743.
  0.403598577  0.0685378313
  80.  20.
  2543121.
  5593.  1460.
  0.219926611  0.0574097745
  80.  30.
  2543121.
  5279.  1680.
  0.207579583  0.066060558
  80.  40.
  2543121.
  3968.  1536.
  0.156028748  0.0603982285
  80.  50.
  2543121.
  3107.  1639.
  0.122172713  0.0644483715
  80.  60.
  2543121.
  2038.  1066.
  0.080137752  0.041917
  80.  70.
  2543121.
  1259.  774.
  0.049506098  0.0304350443
  80.  80.
  2543121.
  1330.  800.
  0.0522979423  0.0314574093
  80.  90.
  2543121.
  1059.  713.
  0.0416417457  0.0280364174
  80.  100.
  2543121.
  525.  404.
  0.0206439253  0.015885992
  90.  0.
  2543121.
  36987.  2648.
  1.45439398  0.104124025
  90.  10.
  2543121.
  14641.  2600.
  0.575709939  0.102236584
  90.  20.
  2543121.
  7543.  2258.
  0.296604067  0.0887885392
  90.  30.
  2543121.
  7723.  2804.
  0.30368197  0.110258222
  90.  40.
  2543121.
  6085.  2760.
  0.239272922  0.108528063
  90.  50.
  2543121.
  5058.  3156.
  0.198889479  0.124099486
  90.  60.
  2543121.
  3421.  2119.
  0.134519756  0.0833228156
  90.  70.
  2543121.
  2157.  1588.
  0.0848170444  0.0624429584
  90.  80.
  2543121.
  2144.  1555.
  0.0843058601  0.0611453392
  90.  90.
  2543121.
  1510.  1184.
  0.0593758598  0.0465569682
  90.  100.
  2543121.
  605.  600.
  0.0237896666  0.0235930569
  100.  0.
  2543121.
  116191.  10775.
  4.56883478  0.423691988
  100.  10.
  2543121.
  48347.  10098.
  1.90108931  0.397071153
  100.  20.
  2543121.
  26890.  9539.
  1.0573622  0.375090301
  100.  30.
  2543121.
  24977.  11565.
  0.982139647  0.454756171
  100.  40.
  2543121.
  19200.  11509.
  0.754977822  0.452554166
  100.  50.
  2543121.
  16216.  13857.
  0.637641728  0.544881642
  100.  60.
  2543121.
  10946.  10007.
  0.430416018  0.393492877
  100.  70.
  2543121.
  6442.  6902.
  0.2533108  0.271398813
  100.  80.
  2543121.
  5835.  6082.
  0.229442477  0.239154965
  100.  90.
  2543121.
  3725.  3742.
  0.146473572  0.147142038
  100.  100.
  2543121.
  1195.  1329.
  0.046989508  0.0522586219
