  0.  0.
  2535484.
  1181235.  2892.
  46.5881462  0.114061065
  0.  10.
  2535484.
  110431.  723.
  4.35542107  0.0285152663
  0.  20.
  2535484.
  48693.  398.
  1.92046177  0.0156971999
  0.  30.
  2535484.
  44158.  373.
  1.74160039  0.0147111956
  0.  40.
  2535484.
  31897.  293.
  1.2580241  0.011555979
  0.  50.
  2535484.
  29987.  309.
  1.18269336  0.0121870227
  0.  60.
  2535484.
  21059.  222.
  0.830571234  0.00875572488
  0.  70.
  2535484.
  15728.  186.
  0.620315492  0.00733587751
  0.  80.
  2535484.
  17702.  211.
  0.698170424  0.00832188223
  0.  90.
  2535484.
  17503.  145.
  0.690321863  0.00571882911
  0.  100.
  2535484.
  21433.  207.
  0.845321834  0.00816412177
  10.  0.
  2535484.
  81989.  1185.
  3.23366261  0.046736639
  10.  10.
  2535484.
  19189.  493.
  0.756818056  0.0194440186
  10.  20.
  2535484.
  7101.  278.
  0.280064881  0.0109643759
  10.  30.
  2535484.
  5996.  299.
  0.236483455  0.0117926206
  10.  40.
  2535484.
  4501.  254.
  0.17752035  0.0100178113
  10.  50.
  2535484.
  3824.  227.
  0.150819331  0.00895292591
  10.  60.
  2535484.
  2949.  203.
  0.116309151  0.00800636131
  10.  70.
  2535484.
  1747.  144.
  0.0689020306  0.005679389
  10.  80.
  2535484.
  2011.  159.
  0.0793142468  0.0062709921
  10.  90.
  2535484.
  1962.  184.
  0.0773816779  0.00725699728
  10.  100.
  2535484.
  2204.  238.
  0.0869262069  0.00938676763
  20.  0.
  2535484.
  40842.  805.
  1.61081672  0.031749364
  20.  10.
  2535484.
  9977.  407.
  0.393494904  0.0160521623
  20.  20.
  2535484.
  4315.  233.
  0.170184463  0.0091895666
  20.  30.
  2535484.
  3195.  259.
  0.126011446  0.0102150124
  20.  40.
  2535484.
  2082.  176.
  0.0821145028  0.00694147544
  20.  50.
  2535484.
  1995.  198.
  0.0786832049  0.00780915981
  20.  60.
  2535484.
  1341.  149.
  0.0528893098  0.00587659003
  20.  70.
  2535484.
  872.  106.
  0.034391854  0.0041806614
  20.  80.
  2535484.
  951.  119.
  0.0375076309  0.00469338382
  20.  90.
  2535484.
  824.  106.
  0.0324987248  0.0041806614
  20.  100.
  2535484.
  951.  114.
  0.0375076309  0.00449618278
  30.  0.
  2535484.
  39978.  1012.
  1.57674038  0.039913483
  30.  10.
  2535484.
  11700.  586.
  0.461450368  0.0231119581
  30.  20.
  2535484.
  4814.  316.
  0.189865127  0.012463104
  30.  30.
  2535484.
  3919.  313.
  0.154566154  0.0123447832
  30.  40.
  2535484.
  2435.  257.
  0.0960368887  0.0101361321
  30.  50.
  2535484.
  1768.  221.
  0.0697302744  0.0087162843
  30.  60.
  2535484.
  1464.  235.
  0.0577404536  0.00926844776
  30.  70.
  2535484.
  964.  176.
  0.0380203538  0.00694147544
  30.  80.
  2535484.
  1108.  185.
  0.0436997451  0.0072964374
  30.  90.
  2535484.
  923.  174.
  0.0364033058  0.00686259521
  30.  100.
  2535484.
  868.  153.
  0.0342340954  0.00603435095
  40.  0.
  2535484.
  31874.  1041.
  1.25711703  0.0410572514
  40.  10.
  2535484.
  10515.  668.
  0.414713711  0.0263460539
  40.  20.
  2535484.
  4475.  409.
  0.176494896  0.0161310416
  40.  30.
  2535484.
  3633.  432.
  0.143286258  0.0170381665
  40.  40.
  2535484.
  2443.  339.
  0.0963524133  0.013370228
  40.  50.
  2535484.
  1755.  273.
  0.0692175552  0.0107671749
  40.  60.
  2535484.
  1386.  261.
  0.0546641201  0.0102938926
  40.  70.
  2535484.
  930.  216.
  0.0366793871  0.00851908326
  40.  80.
  2535484.
  981.  237.
  0.038690839  0.00934732798
  40.  90.
  2535484.
  834.  163.
  0.0328931287  0.00642875303
  40.  100.
  2535484.
  685.  158.
  0.0270165373  0.00623155199
  50.  0.
  2535484.
  34841.  1502.
  1.37413609  0.0592391826
  50.  10.
  2535484.
  10427.  985.
  0.411242992  0.0388485976
  50.  20.
  2535484.
  5372.  662.
  0.211872756  0.0261094142
  50.  30.
  2535484.
  3799.  561.
  0.149833322  0.0221259538
  50.  40.
  2535484.
  2467.  494.
  0.0972989798  0.0194834601
  50.  50.
  2535484.
  2088.  469.
  0.0823511407  0.018497454
  50.  60.
  2535484.
  1291.  303.
  0.0509173013  0.0119503811
  50.  70.
  2535484.
  934.  258.
  0.0368371494  0.0101755718
  50.  80.
  2535484.
  908.  269.
  0.0358117037  0.0106094144
  50.  90.
  2535484.
  728.  192.
  0.0287124664  0.00757251866
  50.  100.
  2535484.
  599.  199.
  0.0236246809  0.00784859993
  60.  0.
  2535484.
  28308.  1240.
  1.1164732  0.0489058495
  60.  10.
  2535484.
  10069.  936.
  0.397123396  0.0369160287
  60.  20.
  2535484.
  4616.  781.
  0.182055965  0.0308027975
  60.  30.
  2535484.
  3918.  760.
  0.154526711  0.0299745537
  60.  40.
  2535484.
  2537.  667.
  0.100059792  0.0263066143
  60.  50.
  2535484.
  1786.  590.
  0.070440203  0.0232697185
  60.  60.
  2535484.
  1323.  387.
  0.052179385  0.0152633581
  60.  70.
  2535484.
  768.  281.
  0.0302900746  0.0110826967
  60.  80.
  2535484.
  942.  314.
  0.0371526703  0.0123842238
  60.  90.
  2535484.
  718.  254.
  0.0283180643  0.0100178113
  60.  100.
  2535484.
  465.  152.
  0.0183396935  0.00599491084
  70.  0.
  2535484.
  24601.  1091.
  0.970268369  0.0430292599
  70.  10.
  2535484.
  8524.  997.
  0.336188287  0.0393218808
  70.  20.
  2535484.
  4238.  891.
  0.167147577  0.0351412185
  70.  30.
  2535484.
  3427.  813.
  0.135161564  0.0320648849
  70.  40.
  2535484.
  2312.  702.
  0.0911857486  0.0276870206
  70.  50.
  2535484.
  1723.  704.
  0.0679554641  0.0277659018
  70.  60.
  2535484.
  1085.  404.
  0.0427926183  0.0159338415
  70.  70.
  2535484.
  672.  263.
  0.0265038162  0.0103727728
  70.  80.
  2535484.
  653.  286.
  0.0257544518  0.0112798978
  70.  90.
  2535484.
  471.  245.
  0.0185763352  0.00966284983
  70.  100.
  2535484.
  296.  167.
  0.0116742998  0.00658651348
  80.  0.
  2535484.
  29391.  1328.
  1.15918696  0.0523765869
  80.  10.
  2535484.
  11767.  1419.
  0.464092851  0.0559656471
  80.  20.
  2535484.
  5681.  1190.
  0.22405979  0.046933841
  80.  30.
  2535484.
  4916.  1196.
  0.193888023  0.0471704826
  80.  40.
  2535484.
  3441.  1022.
  0.135713726  0.0403078869
  80.  50.
  2535484.
  2354.  995.
  0.0928422362  0.0392430015
  80.  60.
  2535484.
  1577.  632.
  0.0621971972  0.024926208
  80.  70.
  2535484.
  975.  487.
  0.0384541973  0.0192073788
  80.  80.
  2535484.
  899.  473.
  0.0354567394  0.0186552145
  80.  90.
  2535484.
  740.  370.
  0.0291857496  0.0145928748
  80.  100.
  2535484.
  368.  225.
  0.0145139946  0.00887404568
  90.  0.
  2535484.
  37621.  1833.
  1.48377979  0.0722938925
  90.  10.
  2535484.
  16322.  2175.
  0.643742979  0.0857824385
  90.  20.
  2535484.
  8395.  1792.
  0.331100494  0.0706768408
  90.  30.
  2535484.
  7201.  2020.
  0.28400889  0.0796692073
  90.  40.
  2535484.
  4928.  1794.
  0.194361314  0.0707557201
  90.  50.
  2535484.
  3688.  1659.
  0.145455465  0.0654312968
  90.  60.
  2535484.
  2262.  1244.
  0.0892137364  0.0490636118
  90.  70.
  2535484.
  1264.  857.
  0.0498524159  0.0338002518
  90.  80.
  2535484.
  1107.  759.
  0.0436603017  0.0299351122
  90.  90.
  2535484.
  673.  464.
  0.0265432559  0.0183002539
  90.  100.
  2535484.
  266.  326.
  0.0104910936  0.0128575061
  100.  0.
  2535484.
  115757.  7539.
  4.56547928  0.297339678
  100.  10.
  2535484.
  46637.  7502.
  1.83937263  0.295880377
  100.  20.
  2535484.
  23145.  6085.
  0.912843466  0.239993632
  100.  30.
  2535484.
  19397.  6548.
  0.765021563  0.258254439
  100.  40.
  2535484.
  12876.  5820.
  0.50783205  0.229541972
  100.  50.
  2535484.
  8723.  5460.
  0.344036877  0.215343505
  100.  60.
  2535484.
  5822.  3689.
  0.229620859  0.145494908
  100.  70.
  2535484.
  2908.  2478.
  0.114692107  0.0977328196
  100.  80.
  2535484.
  2732.  1986.
  0.107750632  0.0783282369
  100.  90.
  2535484.
  1729.  1351.
  0.0681921095  0.0532837138
  100.  100.
  2535484.
  604.  659.
  0.023821881  0.0259910934
