  1.0
      0.00      0.00      0.00      0.10     -0.10
      0.00     10.00      0.00      0.30     -0.30
      0.00     20.00      0.00      0.49     -0.49
      0.00     30.00      0.00      0.53     -0.53
      0.00     40.00      0.00      0.63     -0.63
      0.00     50.00      0.00      0.21     -0.21
      0.00     60.00      0.00      0.25     -0.25
      0.00     70.00      0.00      0.31     -0.31
      0.00     80.00      0.00      0.22     -0.22
      0.00     90.00      0.00      0.34     -0.34
      0.00    100.00      0.00      0.44     -0.44
     10.00      0.00      0.00      0.41     -0.41
     10.00     10.00      1.00      0.60      0.40
     10.00     20.00      2.00      0.75      1.25
     10.00     30.00      3.00      0.79      2.21
     10.00     40.00      4.00      0.95      3.05
     10.00     50.00      5.00      1.22      3.78
     10.00     60.00      6.00      0.85      5.15
     10.00     70.00      7.00      0.80      6.20
     10.00     80.00      8.00      0.42      7.58
     10.00     90.00      9.00      0.57      8.43
     10.00    100.00     10.00      1.10      8.90
     20.00      0.00      0.00      0.67     -0.67
     20.00     10.00      2.00      1.22      0.78
     20.00     20.00      4.00      1.70      2.30
     20.00     30.00      6.00      1.52      4.48
     20.00     40.00      8.00      2.01      5.99
     20.00     50.00     10.00      2.11      7.89
     20.00     60.00     12.00      2.27      9.73
     20.00     70.00     14.00      1.60     12.40
     20.00     80.00     16.00      1.58     14.42
     20.00     90.00     18.00      4.00     14.00
     20.00    100.00     20.00      2.36     17.64
     30.00      0.00      0.00      0.74     -0.74
     30.00     10.00      3.00      1.76      1.24
     30.00     20.00      6.00      1.68      4.32
     30.00     30.00      9.00      2.36      6.64
     30.00     40.00     12.00      3.35      8.65
     30.00     50.00     15.00      1.80     13.20
     30.00     60.00     18.00      3.98     14.02
     30.00     70.00     21.00      3.31     17.69
     30.00     80.00     24.00      4.26     19.74
     30.00     90.00     27.00      4.04     22.96
     30.00    100.00     30.00      4.04     25.96
     40.00      0.00      0.00      0.84     -0.84
     40.00     10.00      4.00      2.90      1.10
     40.00     20.00      8.00      3.66      4.34
     40.00     30.00     12.00      4.16      7.84
     40.00     40.00     16.00      7.05      8.95
     40.00     50.00     20.00      8.41     11.59
     40.00     60.00     24.00      8.90     15.10
     40.00     70.00     28.00      8.35     19.65
     40.00     80.00     32.00      7.39     24.61
     40.00     90.00     36.00      9.62     26.38
     40.00    100.00     40.00      9.10     30.90
     50.00      0.00      0.00      1.18     -1.18
     50.00     10.00      5.00      3.85      1.15
     50.00     20.00     10.00      2.64      7.36
     50.00     30.00     15.00      4.55     10.45
     50.00     40.00     20.00      9.68     10.32
     50.00     50.00     25.00     10.50     14.50
     50.00     60.00     30.00     11.63     18.37
     50.00     70.00     35.00     13.51     21.49
     50.00     80.00     40.00     10.31     29.69
     50.00     90.00     45.00     12.02     32.98
     50.00    100.00     50.00     15.38     34.62
     60.00      0.00      0.00      1.30     -1.30
     60.00     10.00      6.00      4.22      1.78
     60.00     20.00     12.00      3.19      8.81
     60.00     30.00     18.00      6.62     11.38
     60.00     40.00     24.00      9.64     14.36
     60.00     50.00     30.00     10.69     19.31
     60.00     60.00     36.00     13.67     22.33
     60.00     70.00     42.00     18.90     23.10
     60.00     80.00     48.00     18.58     29.42
     60.00     90.00     54.00     18.16     35.84
     60.00    100.00     60.00     16.03     43.97
     70.00      0.00      0.00      1.25     -1.25
     70.00     10.00      7.00      4.32      2.68
     70.00     20.00     14.00      6.46      7.54
     70.00     30.00     21.00      8.07     12.93
     70.00     40.00     28.00      9.94     18.06
     70.00     50.00     35.00     11.03     23.97
     70.00     60.00     42.00     18.00     24.00
     70.00     70.00     49.00     17.52     31.48
     70.00     80.00     56.00     23.12     32.88
     70.00     90.00     63.00     24.40     38.60
     70.00    100.00     70.00     20.72     49.28
     80.00      0.00      0.00      1.98     -1.98
     80.00     10.00      8.00      6.67      1.33
     80.00     20.00     16.00      6.52      9.48
     80.00     30.00     24.00     10.28     13.72
     80.00     40.00     32.00     12.47     19.53
     80.00     50.00     40.00     13.57     26.43
     80.00     60.00     48.00     15.80     32.20
     80.00     70.00     56.00     21.46     34.54
     80.00     80.00     64.00     23.97     40.03
     80.00     90.00     72.00     25.94     46.06
     80.00    100.00     80.00     24.27     55.73
     90.00      0.00      0.00      2.52     -2.52
     90.00     10.00      9.00      8.25      0.75
     90.00     20.00     18.00     10.50      7.50
     90.00     30.00     27.00     11.92     15.08
     90.00     40.00     36.00     12.98     23.02
     90.00     50.00     45.00     13.66     31.34
     90.00     60.00     54.00     16.15     37.85
     90.00     70.00     63.00     21.40     41.60
     90.00     80.00     72.00     26.09     45.91
     90.00     90.00     81.00     30.54     50.46
     90.00    100.00     90.00     36.89     53.11
    100.00      0.00      0.00      2.56     -2.56
    100.00     10.00     10.00      9.61      0.39
    100.00     20.00     20.00     13.90      6.10
    100.00     30.00     30.00     17.21     12.79
    100.00     40.00     40.00     19.52     20.48
    100.00     50.00     50.00     22.98     27.02
    100.00     60.00     60.00     25.11     34.89
    100.00     70.00     70.00     27.94     42.06
    100.00     80.00     80.00     37.34     42.66
    100.00     90.00     90.00     42.44     47.56
    100.00    100.00    100.00     45.07     54.93
