  0.  0.
  1146878.
  357461.  3875.
  31.1681805  0.337873787
  0.  10.
  1146878.
  83.  0.
  0.00723703811  0.
  0.  20.
  1146878.
  33.  0.
  0.00287737674  0.
  0.  30.
  1146878.
  15.  1.
  0.00130789843  8.71932352E-05
  0.  40.
  1146878.
  4.  0.
  0.000348772941  0.
  0.  50.
  1146878.
  9.  0.
  0.000784739095  0.
  0.  60.
  1146878.
  6.  0.
  0.000523159397  0.
  0.  70.
  1146878.
  1.  0.
  8.71932352E-05  0.
  0.  80.
  1146878.
  0.  0.
  0.  0.
  0.  90.
  1146878.
  0.  0.
  0.  0.
  0.  100.
  1146878.
  1.  0.
  8.71932352E-05  0.
  10.  0.
  1146878.
  80850.  1882.
  7.04957294  0.164097667
  10.  10.
  1146878.
  22.  0.
  0.00191825116  0.
  10.  20.
  1146878.
  7.  0.
  0.00061035261  0.
  10.  30.
  1146878.
  2.  0.
  0.00017438647  0.
  10.  40.
  1146878.
  2.  0.
  0.00017438647  0.
  10.  50.
  1146878.
  0.  0.
  0.  0.
  10.  60.
  1146878.
  1.  0.
  8.71932352E-05  0.
  10.  70.
  1146878.
  0.  0.
  0.  0.
  10.  80.
  1146878.
  0.  0.
  0.  0.
  10.  90.
  1146878.
  0.  0.
  0.  0.
  10.  100.
  1146878.
  0.  0.
  0.  0.
  20.  0.
  1146878.
  63384.  1527.
  5.52665567  0.133144066
  20.  10.
  1146878.
  18.  1.
  0.00156947819  8.71932352E-05
  20.  20.
  1146878.
  6.  1.
  0.000523159397  8.71932352E-05
  20.  30.
  1146878.
  5.  0.
  0.000435966154  0.
  20.  40.
  1146878.
  3.  0.
  0.000261579698  0.
  20.  50.
  1146878.
  0.  0.
  0.  0.
  20.  60.
  1146878.
  0.  0.
  0.  0.
  20.  70.
  1146878.
  0.  0.
  0.  0.
  20.  80.
  1146878.
  0.  0.
  0.  0.
  20.  90.
  1146878.
  0.  0.
  0.  0.
  20.  100.
  1146878.
  0.  0.
  0.  0.
  30.  0.
  1146878.
  54427.  1573.
  4.74566603  0.137154952
  30.  10.
  1146878.
  10.  3.
  0.000871932309  0.000261579698
  30.  20.
  1146878.
  7.  1.
  0.00061035261  8.71932352E-05
  30.  30.
  1146878.
  3.  0.
  0.000261579698  0.
  30.  40.
  1146878.
  1.  0.
  8.71932352E-05  0.
  30.  50.
  1146878.
  0.  0.
  0.  0.
  30.  60.
  1146878.
  0.  0.
  0.  0.
  30.  70.
  1146878.
  0.  0.
  0.  0.
  30.  80.
  1146878.
  0.  0.
  0.  0.
  30.  90.
  1146878.
  0.  0.
  0.  0.
  30.  100.
  1146878.
  0.  0.
  0.  0.
  40.  0.
  1146878.
  52376.  1681.
  4.56683254  0.14657183
  40.  10.
  1146878.
  21.  1.
  0.00183105783  8.71932352E-05
  40.  20.
  1146878.
  9.  0.
  0.000784739095  0.
  40.  30.
  1146878.
  3.  1.
  0.000261579698  8.71932352E-05
  40.  40.
  1146878.
  2.  0.
  0.00017438647  0.
  40.  50.
  1146878.
  0.  0.
  0.  0.
  40.  60.
  1146878.
  0.  0.
  0.  0.
  40.  70.
  1146878.
  0.  0.
  0.  0.
  40.  80.
  1146878.
  0.  0.
  0.  0.
  40.  90.
  1146878.
  0.  0.
  0.  0.
  40.  100.
  1146878.
  0.  0.
  0.  0.
  50.  0.
  1146878.
  80139.  3116.
  6.98757839  0.271694124
  50.  10.
  1146878.
  28.  3.
  0.00244141044  0.000261579698
  50.  20.
  1146878.
  15.  1.
  0.00130789843  8.71932352E-05
  50.  30.
  1146878.
  5.  0.
  0.000435966154  0.
  50.  40.
  1146878.
  2.  0.
  0.00017438647  0.
  50.  50.
  1146878.
  2.  0.
  0.00017438647  0.
  50.  60.
  1146878.
  2.  0.
  0.00017438647  0.
  50.  70.
  1146878.
  0.  0.
  0.  0.
  50.  80.
  1146878.
  1.  0.
  8.71932352E-05  0.
  50.  90.
  1146878.
  1.  0.
  8.71932352E-05  0.
  50.  100.
  1146878.
  0.  0.
  0.  0.
  60.  0.
  1146878.
  54496.  2435.
  4.75168228  0.212315515
  60.  10.
  1146878.
  14.  0.
  0.00122070522  0.
  60.  20.
  1146878.
  7.  1.
  0.00061035261  8.71932352E-05
  60.  30.
  1146878.
  2.  0.
  0.00017438647  0.
  60.  40.
  1146878.
  4.  0.
  0.000348772941  0.
  60.  50.
  1146878.
  0.  0.
  0.  0.
  60.  60.
  1146878.
  2.  0.
  0.00017438647  0.
  60.  70.
  1146878.
  0.  0.
  0.  0.
  60.  80.
  1146878.
  1.  0.
  8.71932352E-05  0.
  60.  90.
  1146878.
  1.  0.
  8.71932352E-05  0.
  60.  100.
  1146878.
  0.  0.
  0.  0.
  70.  0.
  1146878.
  63515.  3046.
  5.53807831  0.265590578
  70.  10.
  1146878.
  23.  1.
  0.00200544437  8.71932352E-05
  70.  20.
  1146878.
  7.  2.
  0.00061035261  0.00017438647
  70.  30.
  1146878.
  6.  0.
  0.000523159397  0.
  70.  40.
  1146878.
  1.  0.
  8.71932352E-05  0.
  70.  50.
  1146878.
  3.  0.
  0.000261579698  0.
  70.  60.
  1146878.
  3.  0.
  0.000261579698  0.
  70.  70.
  1146878.
  2.  0.
  0.00017438647  0.
  70.  80.
  1146878.
  0.  0.
  0.  0.
  70.  90.
  1146878.
  0.  0.
  0.  0.
  70.  100.
  1146878.
  0.  0.
  0.  0.
  80.  0.
  1146878.
  77986.  3921.
  6.79985142  0.341884673
  80.  10.
  1146878.
  32.  4.
  0.00279018353  0.000348772941
  80.  20.
  1146878.
  17.  2.
  0.00148228498  0.00017438647
  80.  30.
  1146878.
  6.  0.
  0.000523159397  0.
  80.  40.
  1146878.
  0.  0.
  0.  0.
  80.  50.
  1146878.
  3.  0.
  0.000261579698  0.
  80.  60.
  1146878.
  4.  0.
  0.000348772941  0.
  80.  70.
  1146878.
  2.  0.
  0.00017438647  0.
  80.  80.
  1146878.
  2.  0.
  0.00017438647  0.
  80.  90.
  1146878.
  1.  0.
  8.71932352E-05  0.
  80.  100.
  1146878.
  0.  0.
  0.  0.
  90.  0.
  1146878.
  101085.  4787.
  8.81392765  0.417394012
  90.  10.
  1146878.
  30.  3.
  0.00261579687  0.000261579698
  90.  20.
  1146878.
  21.  3.
  0.00183105783  0.000261579698
  90.  30.
  1146878.
  10.  0.
  0.000871932309  0.
  90.  40.
  1146878.
  4.  0.
  0.000348772941  0.
  90.  50.
  1146878.
  2.  0.
  0.00017438647  0.
  90.  60.
  1146878.
  2.  0.
  0.00017438647  0.
  90.  70.
  1146878.
  1.  0.
  8.71932352E-05  0.
  90.  80.
  1146878.
  2.  0.
  0.00017438647  0.
  90.  90.
  1146878.
  0.  0.
  0.  0.
  90.  100.
  1146878.
  0.  0.
  0.  0.
  100.  0.
  1146878.
  125907.  6683.
  10.9782381  0.582712352
  100.  10.
  1146878.
  84.  10.
  0.00732423132  0.000871932309
  100.  20.
  1146878.
  26.  2.
  0.00226702401  0.00017438647
  100.  30.
  1146878.
  13.  1.
  0.00113351201  8.71932352E-05
  100.  40.
  1146878.
  6.  1.
  0.000523159397  8.71932352E-05
  100.  50.
  1146878.
  5.  4.
  0.000435966154  0.000348772941
  100.  60.
  1146878.
  0.  0.
  0.  0.
  100.  70.
  1146878.
  0.  0.
  0.  0.
  100.  80.
  1146878.
  0.  0.
  0.  0.
  100.  90.
  1146878.
  0.  0.
  0.  0.
  100.  100.
  1146878.
  0.  0.
  0.  0.
