  0.  0.
  1147178.
  491995.  6387.
  42.8874168  0.55675751
  0.  10.
  1147178.
  91900.  2056.
  8.01096249  0.179222405
  0.  20.
  1147178.
  57558.  1434.
  5.01735544  0.125002399
  0.  30.
  1147178.
  43746.  1328.
  3.81335759  0.115762331
  0.  40.
  1147178.
  36974.  1270.
  3.22303939  0.110706449
  0.  50.
  1147178.
  48545.  2046.
  4.2316885  0.178350702
  0.  60.
  1147178.
  28713.  1460.
  2.50292468  0.127268821
  0.  70.
  1147178.
  26875.  1578.
  2.34270525  0.137554944
  0.  80.
  1147178.
  25156.  1804.
  2.19285941  0.157255456
  0.  90.
  1147178.
  24126.  1965.
  2.10307384  0.171289891
  0.  100.
  1147178.
  27015.  2754.
  2.35490918  0.240067363
  10.  0.
  1147178.
  41078.  1091.
  3.58078694  0.095102936
  10.  10.
  1147178.
  4986.  233.
  0.434631765  0.0203107111
  10.  20.
  1147178.
  2742.  154.
  0.239021316  0.0134242466
  10.  30.
  1147178.
  2037.  119.
  0.177566171  0.0103732813
  10.  40.
  1147178.
  1752.  124.
  0.152722597  0.0108091338
  10.  50.
  1147178.
  2392.  177.
  0.208511665  0.0154291661
  10.  60.
  1147178.
  1533.  143.
  0.133632272  0.0124653718
  10.  70.
  1147178.
  1552.  140.
  0.135288507  0.0122038601
  10.  80.
  1147178.
  1705.  170.
  0.148625582  0.0148189729
  10.  90.
  1147178.
  1928.  258.
  0.168064594  0.0224899705
  10.  100.
  1147178.
  2808.  417.
  0.244774565  0.0363500677
  20.  0.
  1147178.
  29853.  765.
  2.60229897  0.0666853786
  20.  10.
  1147178.
  3094.  180.
  0.269705325  0.0156906769
  20.  20.
  1147178.
  1775.  87.
  0.154727519  0.00758382725
  20.  30.
  1147178.
  1231.  79.
  0.107306801  0.00688646408
  20.  40.
  1147178.
  992.  77.
  0.0864730701  0.00671212329
  20.  50.
  1147178.
  1397.  127.
  0.121777095  0.0110706445
  20.  60.
  1147178.
  832.  83.
  0.0725257993  0.00723514566
  20.  70.
  1147178.
  877.  76.
  0.0764484704  0.00662495289
  20.  80.
  1147178.
  1025.  107.
  0.0893496946  0.00932723563
  20.  90.
  1147178.
  1149.  134.
  0.100158826  0.0116808377
  20.  100.
  1147178.
  1925.  301.
  0.167803079  0.0262382999
  30.  0.
  1147178.
  20142.  523.
  1.75578678  0.0455901362
  30.  10.
  1147178.
  2088.  125.
  0.182011858  0.0108963037
  30.  20.
  1147178.
  1145.  62.
  0.0998101458  0.00540456688
  30.  30.
  1147178.
  845.  65.
  0.0736590102  0.00566607807
  30.  40.
  1147178.
  769.  68.
  0.0670340583  0.00592758926
  30.  50.
  1147178.
  921.  77.
  0.0802839696  0.00671212329
  30.  60.
  1147178.
  575.  62.
  0.0501229987  0.00540456688
  30.  70.
  1147178.
  562.  81.
  0.0489897802  0.00706080487
  30.  80.
  1147178.
  657.  66.
  0.0572709739  0.00575324846
  30.  90.
  1147178.
  823.  102.
  0.0717412606  0.00889138412
  30.  100.
  1147178.
  1228.  208.
  0.107045285  0.0181314498
  40.  0.
  1147178.
  15959.  430.
  1.39115286  0.0374832861
  40.  10.
  1147178.
  1412.  85.
  0.123084649  0.00740948645
  40.  20.
  1147178.
  959.  50.
  0.0835964456  0.00435852166
  40.  30.
  1147178.
  701.  61.
  0.0611064732  0.00531739648
  40.  40.
  1147178.
  535.  34.
  0.0466361791  0.00296379463
  40.  50.
  1147178.
  709.  66.
  0.0618038364  0.00575324846
  40.  60.
  1147178.
  442.  34.
  0.038529329  0.00296379463
  40.  70.
  1147178.
  491.  72.
  0.0428006798  0.00627627084
  40.  80.
  1147178.
  499.  77.
  0.043498043  0.00671212329
  40.  90.
  1147178.
  613.  69.
  0.0534354746  0.00601475965
  40.  100.
  1147178.
  1035.  179.
  0.0902213976  0.0156035069
  50.  0.
  1147178.
  17557.  459.
  1.5304513  0.0400112271
  50.  10.
  1147178.
  1682.  78.
  0.146620661  0.00679929368
  50.  20.
  1147178.
  959.  85.
  0.0835964456  0.00740948645
  50.  30.
  1147178.
  711.  57.
  0.0619781762  0.00496871443
  50.  40.
  1147178.
  625.  58.
  0.0544815175  0.00505588483
  50.  50.
  1147178.
  794.  74.
  0.0692133233  0.00645061163
  50.  60.
  1147178.
  531.  41.
  0.0462874994  0.00357398763
  50.  70.
  1147178.
  559.  58.
  0.0487282723  0.00505588483
  50.  80.
  1147178.
  585.  87.
  0.0509947017  0.00758382725
  50.  90.
  1147178.
  652.  105.
  0.0568351224  0.00915289484
  50.  100.
  1147178.
  1089.  167.
  0.0949285999  0.0145574622
  60.  0.
  1147178.
  6576.  257.
  0.57323277  0.0224028006
  60.  10.
  1147178.
  754.  39.
  0.0657265037  0.00339964684
  60.  20.
  1147178.
  490.  31.
  0.0427135117  0.00270228344
  60.  30.
  1147178.
  354.  28.
  0.0308583323  0.00244077202
  60.  40.
  1147178.
  315.  21.
  0.0274586864  0.00183057901
  60.  50.
  1147178.
  412.  40.
  0.0359142162  0.00348681724
  60.  60.
  1147178.
  218.  34.
  0.0190031547  0.00296379463
  60.  70.
  1147178.
  243.  34.
  0.0211824141  0.00296379463
  60.  80.
  1147178.
  246.  45.
  0.0214439258  0.00392266922
  60.  90.
  1147178.
  274.  49.
  0.0238846987  0.00427135127
  60.  100.
  1147178.
  462.  81.
  0.0402727388  0.00706080487
  70.  0.
  1147178.
  4008.  101.
  0.349379092  0.00880421326
  70.  10.
  1147178.
  491.  39.
  0.0428006798  0.00339964684
  70.  20.
  1147178.
  323.  20.
  0.0281560495  0.00174340862
  70.  30.
  1147178.
  253.  12.
  0.022054119  0.00104604522
  70.  40.
  1147178.
  213.  15.
  0.0185673013  0.00130755641
  70.  50.
  1147178.
  299.  19.
  0.0260639582  0.00165623822
  70.  60.
  1147178.
  178.  24.
  0.015516337  0.00209209044
  70.  70.
  1147178.
  163.  23.
  0.0142087806  0.00200491981
  70.  80.
  1147178.
  194.  30.
  0.0169110633  0.00261511281
  70.  90.
  1147178.
  190.  24.
  0.0165623818  0.00209209044
  70.  100.
  1147178.
  292.  46.
  0.0254537649  0.00400983961
  80.  0.
  1147178.
  1719.  74.
  0.149845973  0.00645061163
  80.  10.
  1147178.
  315.  19.
  0.0274586864  0.00165623822
  80.  20.
  1147178.
  175.  9.
  0.0152548254  0.000784533855
  80.  30.
  1147178.
  164.  4.
  0.0142959505  0.00034868173
  80.  40.
  1147178.
  127.  2.
  0.0110706445  0.000174340865
  80.  50.
  1147178.
  155.  17.
  0.0135114165  0.00148189731
  80.  60.
  1147178.
  109.  11.
  0.00950157735  0.000958874705
  80.  70.
  1147178.
  106.  25.
  0.0092400657  0.00217926083
  80.  80.
  1147178.
  115.  16.
  0.0100245997  0.00139472692
  80.  90.
  1147178.
  152.  33.
  0.0132499058  0.00287662423
  80.  100.
  1147178.
  197.  35.
  0.017172575  0.00305096502
  90.  0.
  1147178.
  669.  55.
  0.0583170168  0.00479437364
  90.  10.
  1147178.
  185.  10.
  0.0161265302  0.000871704309
  90.  20.
  1147178.
  113.  3.
  0.00985025894  0.000261511304
  90.  30.
  1147178.
  77.  8.
  0.00671212329  0.000697363459
  90.  40.
  1147178.
  64.  5.
  0.00557890767  0.000435852155
  90.  50.
  1147178.
  111.  9.
  0.00967591815  0.000784533855
  90.  60.
  1147178.
  76.  14.
  0.00662495289  0.00122038601
  90.  70.
  1147178.
  73.  10.
  0.00636344124  0.000871704309
  90.  80.
  1147178.
  59.  12.
  0.00514305523  0.00104604522
  90.  90.
  1147178.
  77.  7.
  0.00671212329  0.000610193005
  90.  100.
  1147178.
  152.  22.
  0.0132499058  0.00191774941
  100.  0.
  1147178.
  233.  22.
  0.0203107111  0.00191774941
  100.  10.
  1147178.
  97.  9.
  0.00845553167  0.000784533855
  100.  20.
  1147178.
  45.  4.
  0.00392266922  0.00034868173
  100.  30.
  1147178.
  26.  4.
  0.00226643123  0.00034868173
  100.  40.
  1147178.
  18.  1.
  0.00156906771  8.71704324E-05
  100.  50.
  1147178.
  32.  1.
  0.00278945384  8.71704324E-05
  100.  60.
  1147178.
  18.  0.
  0.00156906771  0.
  100.  70.
  1147178.
  19.  0.
  0.00165623822  0.
  100.  80.
  1147178.
  34.  1.
  0.00296379463  8.71704324E-05
  100.  90.
  1147178.
  32.  2.
  0.00278945384  0.000174340865
  100.  100.
  1147178.
  100.  21.
  0.00871704333  0.00183057901
