  0.  0.
  16777216.
  16777216.  4251.
  100.  0.0253379345
  0.  10.
  16777216.
  2043504.  4737.
  12.180233  0.0282347202
  0.  20.
  16777216.
  1233500.  5287.
  7.35223293  0.0315129757
  0.  30.
  16777216.
  885277.  5675.
  5.27666187  0.0338256359
  0.  40.
  16777216.
  700423.  5934.
  4.17484665  0.0353693962
  0.  50.
  16777216.
  845502.  8534.
  5.03958464  0.0508666039
  0.  60.
  16777216.
  450874.  5481.
  2.68741846  0.0326693058
  0.  70.
  16777216.
  399176.  5209.
  2.37927437  0.0310480595
  0.  80.
  16777216.
  378814.  5114.
  2.25790739  0.0304818153
  0.  90.
  16777216.
  382097.  4993.
  2.2774756  0.0297605991
  0.  100.
  16777216.
  574624.  5286.
  3.42502594  0.0315070152
  10.  0.
  16777216.
  221495.  582.
  1.32021308  0.00346899033
  10.  10.
  16777216.
  74766.  852.
  0.445640087  0.00507831573
  10.  20.
  16777216.
  54163.  1122.
  0.322836637  0.00668764114
  10.  30.
  16777216.
  43196.  1342.
  0.257468224  0.00799894333
  10.  40.
  16777216.
  36052.  1474.
  0.214886665  0.00878572464
  10.  50.
  16777216.
  43600.  2236.
  0.259876251  0.0133275986
  10.  60.
  16777216.
  22585.  1548.
  0.13461709  0.00922679901
  10.  70.
  16777216.
  18874.  1408.
  0.112497807  0.00839233398
  10.  80.
  16777216.
  15153.  1131.
  0.0903189182  0.00674128532
  10.  90.
  16777216.
  11530.  1014.
  0.0687241554  0.00604391098
  10.  100.
  16777216.
  6559.  686.
  0.0390946865  0.00408887863
  20.  0.
  16777216.
  125537.  379.
  0.748258829  0.00225901604
  20.  10.
  16777216.
  45650.  577.
  0.272095203  0.003439188
  20.  20.
  16777216.
  34191.  777.
  0.203794241  0.0046312809
  20.  30.
  16777216.
  27838.  1023.
  0.16592741  0.00609755516
  20.  40.
  16777216.
  23830.  1210.
  0.142037868  0.00721216202
  20.  50.
  16777216.
  29387.  1863.
  0.17516017  0.0111043453
  20.  60.
  16777216.
  15545.  1154.
  0.0926554203  0.00687837601
  20.  70.
  16777216.
  13078.  1074.
  0.0779509544  0.00640153885
  20.  80.
  16777216.
  10499.  959.
  0.0625789165  0.00571608543
  20.  90.
  16777216.
  8160.  800.
  0.0486373901  0.00476837158
  20.  100.
  16777216.
  4753.  437.
  0.0283300877  0.00260472298
  30.  0.
  16777216.
  85908.  342.
  0.512051582  0.00203847885
  30.  10.
  16777216.
  33344.  511.
  0.198745728  0.00304579735
  30.  20.
  16777216.
  25434.  619.
  0.151598454  0.00368952751
  30.  30.
  16777216.
  21215.  752.
  0.126451254  0.00448226929
  30.  40.
  16777216.
  17868.  919.
  0.106501579  0.00547766685
  30.  50.
  16777216.
  22006.  1507.
  0.131165981  0.00898241997
  30.  60.
  16777216.
  11349.  966.
  0.0676453114  0.00575780869
  30.  70.
  16777216.
  9591.  911.
  0.0571668148  0.00542998314
  30.  80.
  16777216.
  7506.  836.
  0.0447392464  0.0049829483
  30.  90.
  16777216.
  5834.  645.
  0.0347733498  0.00384449959
  30.  100.
  16777216.
  3422.  336.
  0.0203967094  0.00200271606
  40.  0.
  16777216.
  71443.  289.
  0.425833464  0.00172257423
  40.  10.
  16777216.
  26863.  433.
  0.160115957  0.00258088112
  40.  20.
  16777216.
  20451.  529.
  0.121897459  0.00315308571
  40.  30.
  16777216.
  17190.  656.
  0.102460384  0.0039100647
  40.  40.
  16777216.
  14835.  822.
  0.0884234905  0.0048995018
  40.  50.
  16777216.
  18511.  1240.
  0.110334158  0.00739097595
  40.  60.
  16777216.
  9626.  894.
  0.0573754311  0.00532865524
  40.  70.
  16777216.
  7890.  859.
  0.0470280647  0.00512003899
  40.  80.
  16777216.
  6247.  799.
  0.0372350216  0.00476241112
  40.  90.
  16777216.
  4655.  576.
  0.0277459621  0.00343322754
  40.  100.
  16777216.
  2551.  352.
  0.0152051449  0.0020980835
  50.  0.
  16777216.
  94182.  401.
  0.561368465  0.00239014626
  50.  10.
  16777216.
  33009.  539.
  0.196748972  0.00321269035
  50.  20.
  16777216.
  25518.  659.
  0.152099133  0.00392794609
  50.  30.
  16777216.
  20655.  874.
  0.123113394  0.00520944595
  50.  40.
  16777216.
  17768.  1031.
  0.105905533  0.00614523888
  50.  50.
  16777216.
  23052.  1811.
  0.137400627  0.0107944012
  50.  60.
  16777216.
  12389.  1347.
  0.0738441944  0.00802874565
  50.  70.
  16777216.
  10446.  1393.
  0.0622630119  0.00830292702
  50.  80.
  16777216.
  8167.  1171.
  0.0486791134  0.0069797039
  50.  90.
  16777216.
  6018.  876.
  0.0358700752  0.00522136688
  50.  100.
  16777216.
  2965.  497.
  0.0176727772  0.00296235085
  60.  0.
  16777216.
  44266.  236.
  0.263845921  0.00140666962
  60.  10.
  16777216.
  16885.  288.
  0.100642443  0.00171661377
  60.  20.
  16777216.
  13212.  338.
  0.0787496567  0.00201463699
  60.  30.
  16777216.
  11216.  455.
  0.0668525696  0.00271201134
  60.  40.
  16777216.
  9609.  566.
  0.0572741032  0.00337362289
  60.  50.
  16777216.
  12467.  1152.
  0.0743091106  0.00686645508
  60.  60.
  16777216.
  6758.  840.
  0.0402808189  0.00500679016
  60.  70.
  16777216.
  5651.  853.
  0.0336825848  0.0050842762
  60.  80.
  16777216.
  4426.  806.
  0.0263810158  0.00480413437
  60.  90.
  16777216.
  3252.  638.
  0.0193834305  0.00380277634
  60.  100.
  16777216.
  1544.  351.
  0.00920295715  0.00209212303
  70.  0.
  16777216.
  34170.  177.
  0.203669071  0.00105500221
  70.  10.
  16777216.
  14182.  304.
  0.0845313072  0.0018119812
  70.  20.
  16777216.
  11047.  390.
  0.0658452511  0.00232458115
  70.  30.
  16777216.
  9653.  442.
  0.0575363636  0.0026345253
  70.  40.
  16777216.
  8612.  555.
  0.0513315201  0.00330805779
  70.  50.
  16777216.
  10620.  1081.
  0.0633001328  0.0064432621
  70.  60.
  16777216.
  5476.  826.
  0.0326395035  0.00492334366
  70.  70.
  16777216.
  4277.  687.
  0.0254929066  0.0040948391
  70.  80.
  16777216.
  2811.  565.
  0.0167548656  0.00336766243
  70.  90.
  16777216.
  1963.  401.
  0.0117003918  0.00239014626
  70.  100.
  16777216.
  632.  170.
  0.00376701355  0.00101327896
  80.  0.
  16777216.
  28778.  149.
  0.171530247  0.000888109207
  80.  10.
  16777216.
  12566.  227.
  0.0748991966  0.00135302544
  80.  20.
  16777216.
  9376.  340.
  0.0558853149  0.00202655792
  80.  30.
  16777216.
  8032.  383.
  0.0478744507  0.00228285789
  80.  40.
  16777216.
  6734.  486.
  0.0401377678  0.00289678574
  80.  50.
  16777216.
  7963.  707.
  0.0474631786  0.00421404839
  80.  60.
  16777216.
  3493.  491.
  0.0208199024  0.00292658806
  80.  70.
  16777216.
  2087.  287.
  0.0124394894  0.00171065331
  80.  80.
  16777216.
  1062.  202.
  0.00633001328  0.00120401382
  80.  90.
  16777216.
  425.  92.
  0.0025331974  0.000548362732
  80.  100.
  16777216.
  101.  26.
  0.000602006912  0.000154972076
  90.  0.
  16777216.
  24121.  131.
  0.143772364  0.000780820847
  90.  10.
  16777216.
  11450.  171.
  0.0682473183  0.00101923943
  90.  20.
  16777216.
  8451.  249.
  0.0503718853  0.00148415565
  90.  30.
  16777216.
  6635.  261.
  0.0395476818  0.00155568123
  90.  40.
  16777216.
  5163.  280.
  0.0307738781  0.00166893005
  90.  50.
  16777216.
  5318.  479.
  0.0316977501  0.00285506248
  90.  60.
  16777216.
  2027.  197.
  0.0120818615  0.0011742115
  90.  70.
  16777216.
  1084.  164.
  0.00646114349  0.000977516174
  90.  80.
  16777216.
  404.  79.
  0.00240802765  0.000470876694
  90.  90.
  16777216.
  147.  37.
  0.000876188278  0.000220537186
  90.  100.
  16777216.
  43.  31.
  0.000256299973  0.000184774399
  100.  0.
  16777216.
  30044.  123.
  0.179076195  0.000733137131
  100.  10.
  16777216.
  11316.  127.
  0.067448616  0.000756978989
  100.  20.
  16777216.
  6537.  142.
  0.0389635563  0.000846385956
  100.  30.
  16777216.
  4631.  174.
  0.027602911  0.00103712082
  100.  40.
  16777216.
  3125.  171.
  0.0186264515  0.00101923943
  100.  50.
  16777216.
  3070.  221.
  0.0182986259  0.00131726265
  100.  60.
  16777216.
  1029.  110.
  0.00613331795  0.000655651093
  100.  70.
  16777216.
  472.  53.
  0.00281333923  0.000315904617
  100.  80.
  16777216.
  229.  41.
  0.00136494637  0.000244379044
  100.  90.
  16777216.
  111.  23.
  0.000661611557  0.000137090683
  100.  100.
  16777216.
  42.  11.
  0.000250339508  6.55651093E-05
