  0.  0.
  2237641.
  896425.  1646.
  40.061161  0.073559612
  0.  10.
  2237641.
  206543.  895.
  9.23039055  0.0399974808
  0.  20.
  2237641.
  50712.  306.
  2.26631522  0.013675116
  0.  30.
  2237641.
  68344.  323.
  3.05428791  0.0144348443
  0.  40.
  2237641.
  41882.  226.
  1.87170327  0.0100999223
  0.  50.
  2237641.
  15994.  75.
  0.714770615  0.00335174403
  0.  60.
  2237641.
  26535.  187.
  1.18584704  0.00835701544
  0.  70.
  2237641.
  11221.  76.
  0.501465619  0.00339643401
  0.  80.
  2237641.
  18349.  144.
  0.820015371  0.00643534865
  0.  90.
  2237641.
  14004.  124.
  0.625837684  0.00554155046
  0.  100.
  2237641.
  7380.  38.
  0.329811633  0.00169821701
  10.  0.
  2237641.
  77000.  623.
  3.44112396  0.0278418213
  10.  10.
  2237641.
  37530.  719.
  1.67721272  0.0321320519
  10.  20.
  2237641.
  9516.  270.
  0.425269276  0.0120662786
  10.  30.
  2237641.
  13133.  436.
  0.586912751  0.0194848049
  10.  40.
  2237641.
  8554.  270.
  0.382277578  0.0120662786
  10.  50.
  2237641.
  3478.  132.
  0.155431539  0.00589906983
  10.  60.
  2237641.
  5887.  231.
  0.263089567  0.0103233717
  10.  70.
  2237641.
  2311.  110.
  0.103278406  0.00491589122
  10.  80.
  2237641.
  4061.  143.
  0.181485772  0.00639065867
  10.  90.
  2237641.
  2666.  143.
  0.11914333  0.00639065867
  10.  100.
  2237641.
  1140.  31.
  0.0509465113  0.00138538762
  20.  0.
  2237641.
  21196.  273.
  0.947247565  0.0122003481
  20.  10.
  2237641.
  10880.  295.
  0.48622635  0.0131835267
  20.  20.
  2237641.
  3191.  126.
  0.142605543  0.00563092995
  20.  30.
  2237641.
  4062.  227.
  0.181530461  0.0101446118
  20.  40.
  2237641.
  2833.  119.
  0.126606554  0.00531810056
  20.  50.
  2237641.
  1119.  56.
  0.0500080213  0.00250263559
  20.  60.
  2237641.
  1812.  98.
  0.0809781402  0.00437961239
  20.  70.
  2237641.
  654.  50.
  0.0292272083  0.00223449618
  20.  80.
  2237641.
  1114.  60.
  0.0497845709  0.00268139527
  20.  90.
  2237641.
  782.  56.
  0.0349475183  0.00250263559
  20.  100.
  2237641.
  296.  18.
  0.0132282171  0.000804418582
  30.  0.
  2237641.
  33798.  518.
  1.51042998  0.0231493786
  30.  10.
  2237641.
  18606.  579.
  0.831500649  0.0258754641
  30.  20.
  2237641.
  5348.  236.
  0.239001691  0.0105468212
  30.  30.
  2237641.
  7122.  443.
  0.318281621  0.0197976343
  30.  40.
  2237641.
  4631.  318.
  0.206959024  0.0142113948
  30.  50.
  2237641.
  1895.  126.
  0.0846874043  0.00563092995
  30.  60.
  2237641.
  2888.  230.
  0.129064485  0.0102786822
  30.  70.
  2237641.
  1102.  99.
  0.049248293  0.00442430237
  30.  80.
  2237641.
  1882.  205.
  0.0841064304  0.00916143414
  30.  90.
  2237641.
  1202.  109.
  0.0537172854  0.00487120124
  30.  100.
  2237641.
  416.  28.
  0.0185910072  0.00125131779
  40.  0.
  2237641.
  28129.  506.
  1.25708282  0.0226131007
  40.  10.
  2237641.
  15963.  599.
  0.713385224  0.0267692637
  40.  20.
  2237641.
  4682.  274.
  0.209238216  0.0122450385
  40.  30.
  2237641.
  6538.  506.
  0.292182714  0.0226131007
  40.  40.
  2237641.
  4136.  436.
  0.18483752  0.0194848049
  40.  50.
  2237641.
  1625.  189.
  0.072621122  0.0084463954
  40.  60.
  2237641.
  2474.  257.
  0.110562868  0.0114853093
  40.  70.
  2237641.
  880.  115.
  0.0393271297  0.00513934111
  40.  80.
  2237641.
  1450.  212.
  0.0648003891  0.00947426353
  40.  90.
  2237641.
  925.  122.
  0.0413381755  0.0054521705
  40.  100.
  2237641.
  344.  20.
  0.0153733334  0.000893798424
  50.  0.
  2237641.
  12725.  255.
  0.568679273  0.0113959303
  50.  10.
  2237641.
  7885.  318.
  0.352380037  0.0142113948
  50.  20.
  2237641.
  2407.  160.
  0.107568644  0.00715038739
  50.  30.
  2237641.
  3247.  344.
  0.145108178  0.0153733334
  50.  40.
  2237641.
  2094.  295.
  0.093580693  0.0131835267
  50.  50.
  2237641.
  799.  112.
  0.0357072465  0.00500527117
  50.  60.
  2237641.
  1113.  174.
  0.0497398823  0.00777604617
  50.  70.
  2237641.
  417.  76.
  0.0186356977  0.00339643401
  50.  80.
  2237641.
  637.  124.
  0.0284674801  0.00554155046
  50.  90.
  2237641.
  436.  66.
  0.0194848049  0.00294953492
  50.  100.
  2237641.
  141.  13.
  0.00630127871  0.000580968976
  60.  0.
  2237641.
  24903.  523.
  1.11291313  0.023372829
  60.  10.
  2237641.
  16584.  837.
  0.741137624  0.0374054648
  60.  20.
  2237641.
  5188.  459.
  0.23185131  0.020512674
  60.  30.
  2237641.
  6942.  899.
  0.310237437  0.0401762389
  60.  40.
  2237641.
  3985.  654.
  0.178089336  0.0292272083
  60.  50.
  2237641.
  1521.  255.
  0.0679733679  0.0113959303
  60.  60.
  2237641.
  2301.  374.
  0.102831505  0.0167140309
  60.  70.
  2237641.
  794.  136.
  0.0354837961  0.00607782928
  60.  80.
  2237641.
  1159.  216.
  0.0517956205  0.00965302344
  60.  90.
  2237641.
  777.  139.
  0.0347240679  0.00621189922
  60.  100.
  2237641.
  229.  54.
  0.0102339918  0.00241325586
  70.  0.
  2237641.
  15656.  360.
  0.699665427  0.0160883721
  70.  10.
  2237641.
  9489.  538.
  0.424062669  0.0240431782
  70.  20.
  2237641.
  2839.  302.
  0.126874685  0.0134963561
  70.  30.
  2237641.
  4022.  577.
  0.179742858  0.0257860851
  70.  40.
  2237641.
  2154.  442.
  0.0962620899  0.0197529458
  70.  50.
  2237641.
  785.  185.
  0.0350815877  0.00826763548
  70.  60.
  2237641.
  1227.  281.
  0.0548345335  0.0125578679
  70.  70.
  2237641.
  426.  98.
  0.0190379061  0.00437961239
  70.  80.
  2237641.
  584.  143.
  0.0260989144  0.00639065867
  70.  90.
  2237641.
  343.  72.
  0.0153286429  0.00321767433
  70.  100.
  2237641.
  81.  44.
  0.00361988368  0.00196635653
  80.  0.
  2237641.
  26169.  767.
  1.16949058  0.0342771709
  80.  10.
  2237641.
  19043.  1232.
  0.851030171  0.0550579838
  80.  20.
  2237641.
  5981.  675.
  0.267290413  0.0301656965
  80.  30.
  2237641.
  8235.  1258.
  0.368021488  0.0562199205
  80.  40.
  2237641.
  4748.  1019.
  0.212187752  0.0455390289
  80.  50.
  2237641.
  1706.  406.
  0.0762410089  0.0181441084
  80.  60.
  2237641.
  2281.  689.
  0.101937711  0.0307913553
  80.  70.
  2237641.
  819.  247.
  0.0366010442  0.0110384105
  80.  80.
  2237641.
  1079.  345.
  0.0482204258  0.0154180229
  80.  90.
  2237641.
  610.  217.
  0.0272608511  0.00969771296
  80.  100.
  2237641.
  149.  38.
  0.00665879808  0.00169821701
  90.  0.
  2237641.
  30782.  1189.
  1.37564516  0.0531363152
  90.  10.
  2237641.
  26328.  2082.
  1.17659628  0.0930444151
  90.  20.
  2237641.
  8112.  964.
  0.362524629  0.0430810824
  90.  30.
  2237641.
  11531.  1957.
  0.515319467  0.0874581784
  90.  40.
  2237641.
  7228.  1650.
  0.323018759  0.0737383664
  90.  50.
  2237641.
  2399.  751.
  0.10721112  0.0335621312
  90.  60.
  2237641.
  3387.  1268.
  0.151364759  0.0566668212
  90.  70.
  2237641.
  1038.  495.
  0.0463881381  0.0221215114
  90.  80.
  2237641.
  1297.  638.
  0.0579628274  0.0285121705
  90.  90.
  2237641.
  653.  226.
  0.0291825179  0.0100999223
  90.  100.
  2237641.
  106.  20.
  0.00473713176  0.000893798424
  100.  0.
  2237641.
  44072.  2766.
  1.96957421  0.123612322
  100.  10.
  2237641.
  41939.  5564.
  1.87425065  0.248654723
  100.  20.
  2237641.
  14154.  2774.
  0.63254112  0.123969838
  100.  30.
  2237641.
  20018.  5185.
  0.894602835  0.231717244
  100.  40.
  2237641.
  12641.  4648.
  0.564925313  0.20771876
  100.  50.
  2237641.
  4746.  2024.
  0.21209836  0.0904524028
  100.  60.
  2237641.
  6846.  3293.
  0.305947214  0.147163913
  100.  70.
  2237641.
  2335.  1271.
  0.104350969  0.0568008907
  100.  80.
  2237641.
  2861.  1622.
  0.127857864  0.0724870488
  100.  90.
  2237641.
  1254.  760.
  0.0560411625  0.0339643396
  100.  100.
  2237641.
  237.  109.
  0.0105915116  0.00487120124
