  0.  0.
  16777216.
  16777216.  25103.
  100.  0.14962554
  0.  10.
  16777216.
  931227.  9835.
  5.55054569  0.0586211681
  0.  20.
  16777216.
  450635.  6364.
  2.68599391  0.0379323959
  0.  30.
  16777216.
  283158.  4906.
  1.6877532  0.0292420387
  0.  40.
  16777216.
  205632.  3802.
  1.22566223  0.0226616859
  0.  50.
  16777216.
  222065.  4253.
  1.32361054  0.0253498554
  0.  60.
  16777216.
  100247.  2008.
  0.597518682  0.0119686127
  0.  70.
  16777216.
  78100.  1642.
  0.465512276  0.00978708267
  0.  80.
  16777216.
  63940.  1202.
  0.381112099  0.0071644783
  0.  90.
  16777216.
  54249.  815.
  0.323349237  0.00485777855
  0.  100.
  16777216.
  55935.  585.
  0.333398581  0.00348687172
  10.  0.
  16777216.
  400488.  4452.
  2.3870945  0.0265359879
  10.  10.
  16777216.
  64772.  2882.
  0.386071205  0.0171780586
  10.  20.
  16777216.
  32664.  1881.
  0.194692612  0.0112116337
  10.  30.
  16777216.
  19006.  1377.
  0.113284588  0.00820755959
  10.  40.
  16777216.
  11995.  909.
  0.0714957714  0.00541806221
  10.  50.
  16777216.
  10547.  907.
  0.0628650188  0.00540614128
  10.  60.
  16777216.
  3970.  469.
  0.023663044  0.00279545784
  10.  70.
  16777216.
  2193.  245.
  0.0130712986  0.0014603138
  10.  80.
  16777216.
  1389.  152.
  0.00827908516  0.000905990601
  10.  90.
  16777216.
  704.  84.
  0.00419616699  0.000500679016
  10.  100.
  16777216.
  246.  37.
  0.00146627426  0.000220537186
  20.  0.
  16777216.
  237002.  3092.
  1.412642  0.0184297562
  20.  10.
  16777216.
  42211.  2168.
  0.251597166  0.012922287
  20.  20.
  16777216.
  22393.  1573.
  0.133472681  0.00937581062
  20.  30.
  16777216.
  13979.  1176.
  0.0833213329  0.00700950623
  20.  40.
  16777216.
  9023.  811.
  0.053781271  0.00483393669
  20.  50.
  16777216.
  7881.  790.
  0.0469744205  0.00470876694
  20.  60.
  16777216.
  2825.  304.
  0.0168383121  0.0018119812
  20.  70.
  16777216.
  1609.  180.
  0.00959038734  0.00107288361
  20.  80.
  16777216.
  911.  101.
  0.00542998314  0.000602006912
  20.  90.
  16777216.
  454.  39.
  0.00270605087  0.000232458115
  20.  100.
  16777216.
  180.  19.
  0.00107288361  0.000113248825
  30.  0.
  16777216.
  168431.  2484.
  1.00392699  0.0148057938
  30.  10.
  16777216.
  31128.  1673.
  0.185537338  0.00997185707
  30.  20.
  16777216.
  16563.  1331.
  0.0987231731  0.00793337822
  30.  30.
  16777216.
  10474.  915.
  0.0624299049  0.005453825
  30.  40.
  16777216.
  6720.  716.
  0.0400543213  0.00426769257
  30.  50.
  16777216.
  5740.  674.
  0.0342130661  0.00401735306
  30.  60.
  16777216.
  2012.  254.
  0.0119924545  0.00151395798
  30.  70.
  16777216.
  1231.  150.
  0.00733733177  0.000894069672
  30.  80.
  16777216.
  679.  84.
  0.00404715538  0.000500679016
  30.  90.
  16777216.
  381.  50.
  0.00227093697  0.000298023224
  30.  100.
  16777216.
  118.  13.
  0.000703334808  7.74860382E-05
  40.  0.
  16777216.
  138189.  2077.
  0.823670626  0.0123798847
  40.  10.
  16777216.
  25858.  1486.
  0.15412569  0.00885725021
  40.  20.
  16777216.
  14091.  1185.
  0.083988905  0.00706315041
  40.  30.
  16777216.
  8723.  863.
  0.0519931316  0.00514388084
  40.  40.
  16777216.
  5483.  676.
  0.0326812267  0.00402927399
  40.  50.
  16777216.
  4481.  662.
  0.0267088413  0.00394582748
  40.  60.
  16777216.
  1592.  211.
  0.00948905945  0.001257658
  40.  70.
  16777216.
  921.  146.
  0.00548958778  0.000870227814
  40.  80.
  16777216.
  570.  92.
  0.00339746475  0.000548362732
  40.  90.
  16777216.
  262.  35.
  0.00156164169  0.000208616257
  40.  100.
  16777216.
  92.  16.
  0.000548362732  9.53674316E-05
  50.  0.
  16777216.
  175837.  2727.
  1.04807019  0.0162541866
  50.  10.
  16777216.
  32608.  2122.
  0.194358826  0.0126481056
  50.  20.
  16777216.
  18216.  1741.
  0.108575821  0.0103771687
  50.  30.
  16777216.
  10981.  1391.
  0.0654518604  0.00829100609
  50.  40.
  16777216.
  6850.  1030.
  0.0408291817  0.00613927841
  50.  50.
  16777216.
  5653.  929.
  0.0336945057  0.0055372715
  50.  60.
  16777216.
  1976.  287.
  0.0117778778  0.00171065331
  50.  70.
  16777216.
  1102.  186.
  0.00656843185  0.00110864639
  50.  80.
  16777216.
  583.  112.
  0.00347495079  0.000667572021
  50.  90.
  16777216.
  302.  62.
  0.00180006027  0.000369548798
  50.  100.
  16777216.
  61.  12.
  0.000363588333  7.15255737E-05
  60.  0.
  16777216.
  85999.  1457.
  0.512593985  0.00868439674
  60.  10.
  16777216.
  17936.  1296.
  0.106906891  0.00772476196
  60.  20.
  16777216.
  10067.  1080.
  0.0600039959  0.00643730164
  60.  30.
  16777216.
  5978.  877.
  0.0356316566  0.00522732735
  60.  40.
  16777216.
  3860.  684.
  0.0230073929  0.0040769577
  60.  50.
  16777216.
  3218.  675.
  0.0191807747  0.00402331352
  60.  60.
  16777216.
  1073.  226.
  0.00639557838  0.00134706497
  60.  70.
  16777216.
  625.  122.
  0.0037252903  0.000727176666
  60.  80.
  16777216.
  356.  67.
  0.00212192535  0.00039935112
  60.  90.
  16777216.
  139.  31.
  0.000828504562  0.000184774399
  60.  100.
  16777216.
  35.  8.
  0.000208616257  4.76837158E-05
  70.  0.
  16777216.
  69020.  1399.
  0.411391258  0.0083386898
  70.  10.
  16777216.
  15038.  1170.
  0.0896334648  0.00697374344
  70.  20.
  16777216.
  8108.  972.
  0.048327446  0.00579357147
  70.  30.
  16777216.
  4940.  784.
  0.0294446945  0.00467300415
  70.  40.
  16777216.
  3045.  542.
  0.0181496143  0.00323057175
  70.  50.
  16777216.
  2202.  479.
  0.0131249428  0.00285506248
  70.  60.
  16777216.
  629.  148.
  0.00374913216  0.000882148743
  70.  70.
  16777216.
  287.  57.
  0.00171065331  0.000339746475
  70.  80.
  16777216.
  126.  27.
  0.000751018524  0.000160932541
  70.  90.
  16777216.
  40.  15.
  0.000238418579  8.94069672E-05
  70.  100.
  16777216.
  8.  5.
  4.76837158E-05  2.98023224E-05
  80.  0.
  16777216.
  57070.  1048.
  0.340163708  0.00624656677
  80.  10.
  16777216.
  11808.  822.
  0.0703811646  0.0048995018
  80.  20.
  16777216.
  5879.  587.
  0.0350415707  0.00349879265
  80.  30.
  16777216.
  3092.  400.
  0.0184297562  0.00238418579
  80.  40.
  16777216.
  1520.  241.
  0.00905990601  0.00143647194
  80.  50.
  16777216.
  920.  202.
  0.00548362732  0.00120401382
  80.  60.
  16777216.
  188.  46.
  0.00112056732  0.000274181366
  80.  70.
  16777216.
  85.  16.
  0.000506639481  9.53674316E-05
  80.  80.
  16777216.
  37.  14.
  0.000220537186  8.34465027E-05
  80.  90.
  16777216.
  15.  8.
  8.94069672E-05  4.76837158E-05
  80.  100.
  16777216.
  3.  6.
  1.78813934E-05  3.57627869E-05
  90.  0.
  16777216.
  47863.  759.
  0.285285711  0.00452399254
  90.  10.
  16777216.
  9183.  475.
  0.0547349453  0.00283122063
  90.  20.
  16777216.
  4212.  326.
  0.0251054764  0.00194311142
  90.  30.
  16777216.
  2014.  208.
  0.0120043755  0.00123977661
  90.  40.
  16777216.
  887.  136.
  0.00528693199  0.000810623169
  90.  50.
  16777216.
  494.  95.
  0.00294446945  0.000566244125
  90.  60.
  16777216.
  113.  37.
  0.000673532486  0.000220537186
  90.  70.
  16777216.
  46.  18.
  0.000274181366  0.000107288361
  90.  80.
  16777216.
  17.  18.
  0.000101327896  0.000107288361
  90.  90.
  16777216.
  11.  7.
  6.55651093E-05  4.17232513E-05
  90.  100.
  16777216.
  3.  0.
  1.78813934E-05  0.
  100.  0.
  16777216.
  50060.  513.
  0.298380852  0.00305771828
  100.  10.
  16777216.
  5969.  263.
  0.0355780125  0.00156760216
  100.  20.
  16777216.
  2385.  146.
  0.0142157078  0.000870227814
  100.  30.
  16777216.
  1077.  111.
  0.00641942024  0.000661611557
  100.  40.
  16777216.
  589.  74.
  0.00351071358  0.000441074371
  100.  50.
  16777216.
  350.  46.
  0.00208616257  0.000274181366
  100.  60.
  16777216.
  76.  20.
  0.0004529953  0.00011920929
  100.  70.
  16777216.
  37.  13.
  0.000220537186  7.74860382E-05
  100.  80.
  16777216.
  33.  5.
  0.000196695328  2.98023224E-05
  100.  90.
  16777216.
  26.  5.
  0.000154972076  2.98023224E-05
  100.  100.
  16777216.
  4.  0.
  2.38418579E-05  0.
