  0.  0.
  2459114.
  1119547.  1477.
  45.5264359  0.0600622818
  0.  10.
  2459114.
  82998.  291.
  3.37511802  0.0118335299
  0.  20.
  2459114.
  48159.  255.
  1.95838821  0.0103695886
  0.  30.
  2459114.
  34190.  192.
  1.39033818  0.00780769018
  0.  40.
  2459114.
  26977.  185.
  1.0970211  0.0075230347
  0.  50.
  2459114.
  32444.  304.
  1.31933701  0.0123621756
  0.  60.
  2459114.
  17541.  125.
  0.713305712  0.0050831316
  0.  70.
  2459114.
  16068.  162.
  0.653406084  0.00658773864
  0.  80.
  2459114.
  14666.  138.
  0.596393645  0.00561177731
  0.  90.
  2459114.
  15173.  137.
  0.617010832  0.00557111204
  0.  100.
  2459114.
  19169.  130.
  0.779508412  0.00528645702
  10.  0.
  2459114.
  70388.  833.
  2.86233163  0.0338739902
  10.  10.
  2459114.
  12053.  189.
  0.490135878  0.00768569484
  10.  20.
  2459114.
  6534.  140.
  0.265705466  0.00569310738
  10.  30.
  2459114.
  4880.  152.
  0.198445454  0.00618108781
  10.  40.
  2459114.
  3952.  145.
  0.160708293  0.00589643279
  10.  50.
  2459114.
  5156.  229.
  0.209669009  0.00931229722
  10.  60.
  2459114.
  2932.  148.
  0.119229935  0.00601842767
  10.  70.
  2459114.
  2820.  92.
  0.114675447  0.00374118495
  10.  80.
  2459114.
  2541.  93.
  0.103329897  0.00378184998
  10.  90.
  2459114.
  2527.  102.
  0.102760591  0.00414783554
  10.  100.
  2459114.
  2693.  121.
  0.109510988  0.00492047146
  20.  0.
  2459114.
  46870.  785.
  1.90597105  0.0319220647
  20.  10.
  2459114.
  9423.  257.
  0.383186787  0.0104509182
  20.  20.
  2459114.
  5105.  184.
  0.207595095  0.0074823699
  20.  30.
  2459114.
  3524.  201.
  0.143303648  0.00817367528
  20.  40.
  2459114.
  2900.  148.
  0.117928654  0.00601842767
  20.  50.
  2459114.
  3508.  199.
  0.142653003  0.00809234567
  20.  60.
  2459114.
  1931.  102.
  0.078524217  0.00414783554
  20.  70.
  2459114.
  1767.  115.
  0.0718551502  0.00467648124
  20.  80.
  2459114.
  1556.  108.
  0.0632748231  0.00439182576
  20.  90.
  2459114.
  1420.  76.
  0.0577443764  0.00309054391
  20.  100.
  2459114.
  1496.  111.
  0.0608349182  0.00451382063
  30.  0.
  2459114.
  36862.  833.
  1.49899518  0.0338739902
  30.  10.
  2459114.
  8437.  302.
  0.343091041  0.012280846
  30.  20.
  2459114.
  4744.  274.
  0.192915007  0.0111422241
  30.  30.
  2459114.
  3204.  193.
  0.130290821  0.00784835499
  30.  40.
  2459114.
  2407.  164.
  0.0978807807  0.00666906871
  30.  50.
  2459114.
  2910.  211.
  0.118335299  0.0085803261
  30.  60.
  2459114.
  1577.  127.
  0.0641287863  0.00516446168
  30.  70.
  2459114.
  1385.  154.
  0.0563210994  0.00626241788
  30.  80.
  2459114.
  1176.  114.
  0.0478221029  0.00463581597
  30.  90.
  2459114.
  1033.  108.
  0.0420069993  0.00439182576
  30.  100.
  2459114.
  1060.  115.
  0.0431049541  0.00467648124
  40.  0.
  2459114.
  31627.  944.
  1.28611362  0.0383878089
  40.  10.
  2459114.
  7588.  347.
  0.308566421  0.0141107729
  40.  20.
  2459114.
  4529.  292.
  0.184172019  0.0118741952
  40.  30.
  2459114.
  3151.  255.
  0.128135577  0.0103695886
  40.  40.
  2459114.
  2362.  243.
  0.096050851  0.00988160819
  40.  50.
  2459114.
  2695.  277.
  0.109592319  0.0112642199
  40.  60.
  2459114.
  1423.  177.
  0.0578663684  0.00719771441
  40.  70.
  2459114.
  1225.  165.
  0.0498146899  0.00670973351
  40.  80.
  2459114.
  1100.  153.
  0.0447315574  0.00622175308
  40.  90.
  2459114.
  825.  118.
  0.033548668  0.00479847612
  40.  100.
  2459114.
  755.  129.
  0.0307021141  0.00524579175
  50.  0.
  2459114.
  45459.  1660.
  1.84859264  0.0675039887
  50.  10.
  2459114.
  11681.  868.
  0.475008488  0.0352972671
  50.  20.
  2459114.
  6935.  657.
  0.282012135  0.0267169401
  50.  30.
  2459114.
  4884.  556.
  0.198608115  0.0226097684
  50.  40.
  2459114.
  3584.  497.
  0.145743549  0.0202105306
  50.  50.
  2459114.
  3855.  591.
  0.156763777  0.0240330454
  50.  60.
  2459114.
  2076.  350.
  0.0844206512  0.0142327687
  50.  70.
  2459114.
  1823.  305.
  0.0741323903  0.0124028409
  50.  80.
  2459114.
  1442.  297.
  0.0586390048  0.0120775206
  50.  90.
  2459114.
  1111.  233.
  0.0451788716  0.00947495736
  50.  100.
  2459114.
  893.  206.
  0.0363138914  0.00837700069
  60.  0.
  2459114.
  28580.  1287.
  1.16220725  0.0523359217
  60.  10.
  2459114.
  7826.  805.
  0.318244696  0.0327353664
  60.  20.
  2459114.
  4837.  632.
  0.196696863  0.025700314
  60.  30.
  2459114.
  3377.  560.
  0.137325883  0.0227724295
  60.  40.
  2459114.
  2550.  471.
  0.103695884  0.0191532392
  60.  50.
  2459114.
  2705.  554.
  0.109998964  0.0225284398
  60.  60.
  2459114.
  1354.  331.
  0.0550604798  0.0134601323
  60.  70.
  2459114.
  1207.  331.
  0.0490827188  0.0134601323
  60.  80.
  2459114.
  967.  268.
  0.0393231064  0.0108982343
  60.  90.
  2459114.
  693.  207.
  0.0281808823  0.00841766596
  60.  100.
  2459114.
  506.  154.
  0.0205765162  0.00626241788
  70.  0.
  2459114.
  27039.  1569.
  1.09954238  0.0638034642
  70.  10.
  2459114.
  8152.  1035.
  0.331501514  0.0420883298
  70.  20.
  2459114.
  5065.  731.
  0.205968484  0.0297261532
  70.  30.
  2459114.
  3666.  758.
  0.149078086  0.0308241099
  70.  40.
  2459114.
  2725.  714.
  0.110812269  0.0290348474
  70.  50.
  2459114.
  3047.  833.
  0.123906419  0.0338739902
  70.  60.
  2459114.
  1460.  485.
  0.0593709759  0.0197225511
  70.  70.
  2459114.
  1197.  392.
  0.0486760661  0.0159406997
  70.  80.
  2459114.
  987.  330.
  0.0401364081  0.013419467
  70.  90.
  2459114.
  639.  253.
  0.025984969  0.0102882581
  70.  100.
  2459114.
  444.  191.
  0.0180552825  0.00776702492
  80.  0.
  2459114.
  28809.  1934.
  1.17151952  0.0786462128
  80.  10.
  2459114.
  9309.  1451.
  0.378550977  0.0590049922
  80.  20.
  2459114.
  5814.  1160.
  0.236426622  0.0471714623
  80.  30.
  2459114.
  4363.  1153.
  0.177421629  0.0468868054
  80.  40.
  2459114.
  3315.  1020.
  0.134804651  0.0414783545
  80.  50.
  2459114.
  3800.  1284.
  0.154527202  0.0522139259
  80.  60.
  2459114.
  1788.  683.
  0.0727091134  0.0277742315
  80.  70.
  2459114.
  1368.  613.
  0.0556297936  0.0249276776
  80.  80.
  2459114.
  1036.  471.
  0.0421289951  0.0191532392
  80.  90.
  2459114.
  739.  347.
  0.0300514735  0.0141107729
  80.  100.
  2459114.
  522.  265.
  0.0212271567  0.0107762385
  90.  0.
  2459114.
  34266.  2568.
  1.39342868  0.104427852
  90.  10.
  2459114.
  11727.  1973.
  0.47687906  0.0802321509
  90.  20.
  2459114.
  7636.  1825.
  0.310518354  0.0742137209
  90.  30.
  2459114.
  5920.  1817.
  0.24073711  0.0738883987
  90.  40.
  2459114.
  4724.  1793.
  0.192101702  0.0729124397
  90.  50.
  2459114.
  5193.  2372.
  0.211173624  0.0964575037
  90.  60.
  2459114.
  2668.  1244.
  0.108494364  0.0505873263
  90.  70.
  2459114.
  2015.  1065.
  0.0819400772  0.0433082804
  90.  80.
  2459114.
  1449.  917.
  0.0589236617  0.0372898541
  90.  90.
  2459114.
  1168.  744.
  0.0474967808  0.0302547999
  90.  100.
  2459114.
  625.  478.
  0.0254156571  0.0194378942
  100.  0.
  2459114.
  94806.  8446.
  3.85529089  0.343457043
  100.  10.
  2459114.
  37490.  8664.
  1.52453279  0.352322012
  100.  20.
  2459114.
  26619.  9492.
  1.08246303  0.385992676
  100.  30.
  2459114.
  20774.  9758.
  0.844775796  0.396809578
  100.  40.
  2459114.
  16529.  9523.
  0.672152638  0.387253284
  100.  50.
  2459114.
  18500.  13523.
  0.752303481  0.549913526
  100.  60.
  2459114.
  8793.  8148.
  0.357567817  0.331338853
  100.  70.
  2459114.
  6360.  6737.
  0.258629739  0.273960471
  100.  80.
  2459114.
  4561.  5195.
  0.185473308  0.211254954
  100.  90.
  2459114.
  2867.  3733.
  0.116586708  0.151802644
  100.  100.
  2459114.
  1193.  1491.
  0.0485134088  0.0606315918
