  0.  0.
  2581306.
  1134455.  1366.
  43.9488754  0.0529189482
  0.  10.
  2581306.
  86787.  280.
  3.36213541  0.0108472221
  0.  20.
  2581306.
  39132.  160.
  1.51597679  0.00619841274
  0.  30.
  2581306.
  35611.  180.
  1.37957299  0.00697321445
  0.  40.
  2581306.
  25895.  142.
  1.0031743  0.00550109148
  0.  50.
  2581306.
  25094.  174.
  0.972143531  0.00674077403
  0.  60.
  2581306.
  18374.  162.
  0.711810231  0.00627589272
  0.  70.
  2581306.
  14267.  117.
  0.552704692  0.00453258911
  0.  80.
  2581306.
  16821.  143.
  0.651646852  0.00553983124
  0.  90.
  2581306.
  18740.  193.
  0.725989103  0.00747683551
  0.  100.
  2581306.
  25112.  208.
  0.972840905  0.00805793703
  10.  0.
  2581306.
  77127.  662.
  2.98790622  0.0256459322
  10.  10.
  2581306.
  14579.  197.
  0.56479162  0.00763179548
  10.  20.
  2581306.
  5989.  116.
  0.232014343  0.00449384935
  10.  30.
  2581306.
  5663.  110.
  0.219385073  0.00426140893
  10.  40.
  2581306.
  4405.  124.
  0.17065005  0.00480376976
  10.  50.
  2581306.
  3977.  123.
  0.15406929  0.00476503
  10.  60.
  2581306.
  3433.  118.
  0.132994696  0.00457132934
  10.  70.
  2581306.
  2543.  104.
  0.0985160246  0.00402896851
  10.  80.
  2581306.
  3117.  135.
  0.120752826  0.00522991084
  10.  90.
  2581306.
  3037.  126.
  0.117653623  0.00488125021
  10.  100.
  2581306.
  3582.  160.
  0.138766959  0.00619841274
  20.  0.
  2581306.
  41218.  528.
  1.59678864  0.0204547625
  20.  10.
  2581306.
  8473.  199.
  0.328244686  0.00770927593
  20.  20.
  2581306.
  3944.  135.
  0.152790874  0.00522991084
  20.  30.
  2581306.
  3156.  111.
  0.122263692  0.00430014869
  20.  40.
  2581306.
  2344.  120.
  0.090806745  0.00464880979
  20.  50.
  2581306.
  2360.  122.
  0.0914265886  0.00472628977
  20.  60.
  2581306.
  1678.  105.
  0.0650058538  0.00406770827
  20.  70.
  2581306.
  1477.  93.
  0.0572190993  0.00360282743
  20.  80.
  2581306.
  1534.  129.
  0.0594272837  0.00499747042
  20.  90.
  2581306.
  1328.  107.
  0.0514468253  0.00414518872
  20.  100.
  2581306.
  1457.  173.
  0.0564442948  0.0067020338
  30.  0.
  2581306.
  39519.  608.
  1.53096926  0.0235539693
  30.  10.
  2581306.
  9422.  311.
  0.36500904  0.0120481644
  30.  20.
  2581306.
  4056.  190.
  0.157129765  0.0073606153
  30.  30.
  2581306.
  3691.  187.
  0.142989635  0.00724439509
  30.  40.
  2581306.
  2482.  161.
  0.0961528793  0.00623715296
  30.  50.
  2581306.
  2285.  161.
  0.0885210857  0.00623715296
  30.  60.
  2581306.
  1894.  162.
  0.0733737126  0.00627589272
  30.  70.
  2581306.
  1316.  126.
  0.0509819463  0.00488125021
  30.  80.
  2581306.
  1458.  138.
  0.0564830378  0.00534613105
  30.  90.
  2581306.
  1349.  133.
  0.0522603691  0.00515243039
  30.  100.
  2581306.
  1372.  165.
  0.0531513877  0.00639211293
  40.  0.
  2581306.
  34937.  769.
  1.35346222  0.0297911204
  40.  10.
  2581306.
  8595.  349.
  0.332970977  0.0135202873
  40.  20.
  2581306.
  3938.  256.
  0.152558431  0.00991746038
  40.  30.
  2581306.
  3420.  245.
  0.132491067  0.00949131977
  40.  40.
  2581306.
  2473.  221.
  0.0958042145  0.00856155716
  40.  50.
  2581306.
  2160.  195.
  0.0836785734  0.0075543155
  40.  60.
  2581306.
  1692.  200.
  0.0655482113  0.00774801616
  40.  70.
  2581306.
  1106.  166.
  0.042846527  0.00643085316
  40.  80.
  2581306.
  1340.  202.
  0.051911708  0.00782549568
  40.  90.
  2581306.
  1101.  152.
  0.0426528268  0.00588849233
  40.  100.
  2581306.
  1023.  192.
  0.0396311022  0.00743809529
  50.  0.
  2581306.
  40100.  1229.
  1.55347717  0.0476115569
  50.  10.
  2581306.
  9545.  669.
  0.369774073  0.0259171128
  50.  20.
  2581306.
  4905.  432.
  0.190020084  0.0167357139
  50.  30.
  2581306.
  3830.  409.
  0.148374498  0.0158446934
  50.  40.
  2581306.
  2877.  397.
  0.11145521  0.0153798116
  50.  50.
  2581306.
  2879.  458.
  0.111532688  0.0177429561
  50.  60.
  2581306.
  1788.  314.
  0.0692672655  0.0121643851
  50.  70.
  2581306.
  1360.  276.
  0.0526865087  0.0106922621
  50.  80.
  2581306.
  1305.  277.
  0.0505558029  0.0107310023
  50.  90.
  2581306.
  1038.  247.
  0.0402122028  0.00956879929
  50.  100.
  2581306.
  937.  223.
  0.0362994559  0.00863903761
  60.  0.
  2581306.
  33503.  1183.
  1.2979089  0.0458295159
  60.  10.
  2581306.
  8853.  656.
  0.342965931  0.0254134927
  60.  20.
  2581306.
  4195.  447.
  0.162514627  0.0173168164
  60.  30.
  2581306.
  3641.  480.
  0.141052634  0.0185952391
  60.  40.
  2581306.
  2567.  439.
  0.0994457826  0.0170068946
  60.  50.
  2581306.
  2064.  468.
  0.0799595267  0.0181303564
  60.  60.
  2581306.
  1534.  351.
  0.0594272837  0.0135977678
  60.  70.
  2581306.
  998.  305.
  0.0386626013  0.011815724
  60.  80.
  2581306.
  1091.  319.
  0.0422654264  0.0123580853
  60.  90.
  2581306.
  970.  354.
  0.0375778787  0.0137139885
  60.  100.
  2581306.
  813.  250.
  0.0314956829  0.00968501996
  70.  0.
  2581306.
  30579.  1365.
  1.1846329  0.0528802089
  70.  10.
  2581306.
  7868.  859.
  0.304806948  0.0332777277
  70.  20.
  2581306.
  4095.  658.
  0.158640623  0.0254909731
  70.  30.
  2581306.
  3437.  705.
  0.133149654  0.0273117553
  70.  40.
  2581306.
  2552.  617.
  0.098864682  0.0239026286
  70.  50.
  2581306.
  2157.  635.
  0.0835623518  0.0245999508
  70.  60.
  2581306.
  1520.  480.
  0.0588849224  0.0185952391
  70.  70.
  2581306.
  1068.  365.
  0.041374404  0.0141401291
  70.  80.
  2581306.
  1051.  364.
  0.0407158248  0.0141013889
  70.  90.
  2581306.
  819.  306.
  0.0317281261  0.0118544642
  70.  100.
  2581306.
  578.  312.
  0.0223917663  0.0120869046
  80.  0.
  2581306.
  34784.  1650.
  1.34753489  0.0639211312
  80.  10.
  2581306.
  10510.  1150.
  0.407158226  0.0445510931
  80.  20.
  2581306.
  5347.  930.
  0.207143202  0.0360282734
  80.  30.
  2581306.
  5141.  1106.
  0.199162751  0.042846527
  80.  40.
  2581306.
  3893.  945.
  0.150815129  0.036609374
  80.  50.
  2581306.
  3151.  1154.
  0.122069992  0.0447060503
  80.  60.
  2581306.
  2160.  807.
  0.0836785734  0.0312632434
  80.  70.
  2581306.
  1405.  575.
  0.0544298105  0.0222755466
  80.  80.
  2581306.
  1444.  618.
  0.0559406765  0.0239413697
  80.  90.
  2581306.
  1114.  582.
  0.0431564488  0.0225467272
  80.  100.
  2581306.
  662.  443.
  0.0256459322  0.0171618555
  90.  0.
  2581306.
  42999.  2348.
  1.66578472  0.0909617096
  90.  10.
  2581306.
  15176.  1812.
  0.587919474  0.0701970235
  90.  20.
  2581306.
  8179.  1587.
  0.316855103  0.0614805073
  90.  30.
  2581306.
  7624.  1831.
  0.295354366  0.0709330887
  90.  40.
  2581306.
  6036.  1814.
  0.233835116  0.070274502
  90.  50.
  2581306.
  4939.  2153.
  0.191337258  0.0834073946
  90.  60.
  2581306.
  3828.  1671.
  0.148297027  0.064734675
  90.  70.
  2581306.
  2236.  1225.
  0.0866228193  0.047456596
  90.  80.
  2581306.
  2386.  1327.
  0.0924338326  0.051408086
  90.  90.
  2581306.
  1739.  1047.
  0.0673689991  0.0405608639
  90.  100.
  2581306.
  786.  635.
  0.0304497033  0.0245999508
  100.  0.
  2581306.
  128417.  8912.
  4.97488499  0.34525159
  100.  10.
  2581306.
  50619.  8806.
  1.96098411  0.341145128
  100.  20.
  2581306.
  29487.  8735.
  1.14232874  0.338394582
  100.  30.
  2581306.
  27874.  10907.
  1.07984102  0.422538042
  100.  40.
  2581306.
  21699.  10925.
  0.840620995  0.423235357
  100.  50.
  2581306.
  18756.  12863.
  0.726608932  0.498313636
  100.  60.
  2581306.
  13476.  9903.
  0.522061288  0.383643001
  100.  70.
  2581306.
  7864.  7229.
  0.304651976  0.280052036
  100.  80.
  2581306.
  7910.  7084.
  0.306434035  0.274434716
  100.  90.
  2581306.
  5228.  4882.
  0.202533141  0.189129069
  100.  100.
  2581306.
  1842.  2024.
  0.0713592246  0.0784099177
