  0.  0.
  2436203.
  1149495.  1308.
  47.183876  0.0536901057
  0.  10.
  2436203.
  114501.  489.
  4.69997787  0.020072218
  0.  20.
  2436203.
  65558.  351.
  2.69099092  0.0144076664
  0.  30.
  2436203.
  46379.  272.
  1.90374124  0.0111649148
  0.  40.
  2436203.
  35901.  205.
  1.47364569  0.00841473415
  0.  50.
  2436203.
  41820.  278.
  1.71660566  0.0114112003
  0.  60.
  2436203.
  21280.  167.
  0.873490453  0.0068549295
  0.  70.
  2436203.
  17648.  125.
  0.724405944  0.00513093546
  0.  80.
  2436203.
  15202.  92.
  0.624003828  0.00377636845
  0.  90.
  2436203.
  13483.  112.
  0.553443193  0.00459731789
  0.  100.
  2436203.
  12665.  64.
  0.519866347  0.00262703886
  10.  0.
  2436203.
  69100.  564.
  2.83638096  0.0231507793
  10.  10.
  2436203.
  14979.  252.
  0.614850223  0.0103439651
  10.  20.
  2436203.
  7864.  187.
  0.322797388  0.00767587917
  10.  30.
  2436203.
  5168.  109.
  0.212133393  0.00447417563
  10.  40.
  2436203.
  4017.  90.
  0.164887741  0.00369427353
  10.  50.
  2436203.
  4735.  147.
  0.194359824  0.00603397982
  10.  60.
  2436203.
  2360.  95.
  0.0968720615  0.00389951095
  10.  70.
  2436203.
  2021.  105.
  0.0829569623  0.00430998579
  10.  80.
  2436203.
  1738.  66.
  0.0713405237  0.00270913378
  10.  90.
  2436203.
  1460.  66.
  0.0599293262  0.00270913378
  10.  100.
  2436203.
  1260.  43.
  0.0517198294  0.00176504173
  20.  0.
  2436203.
  45473.  394.
  1.86655211  0.0161727089
  20.  10.
  2436203.
  11374.  204.
  0.466874063  0.00837368611
  20.  20.
  2436203.
  6022.  171.
  0.247187942  0.00701911934
  20.  30.
  2436203.
  3725.  141.
  0.152901873  0.00578769483
  20.  40.
  2436203.
  2628.  112.
  0.107872784  0.00459731789
  20.  50.
  2436203.
  3010.  162.
  0.123552926  0.00664969208
  20.  60.
  2436203.
  1512.  100.
  0.0620637946  0.00410474837
  20.  70.
  2436203.
  1251.  100.
  0.0513503999  0.00410474837
  20.  80.
  2436203.
  1046.  84.
  0.0429356657  0.00344798854
  20.  90.
  2436203.
  814.  74.
  0.0334126502  0.0030375137
  20.  100.
  2436203.
  670.  38.
  0.0275018141  0.00155980431
  30.  0.
  2436203.
  36509.  442.
  1.49860251  0.018142987
  30.  10.
  2436203.
  9302.  296.
  0.381823689  0.0121500548
  30.  20.
  2436203.
  5308.  219.
  0.21788004  0.00898939837
  30.  30.
  2436203.
  3407.  132.
  0.139848769  0.00541826757
  30.  40.
  2436203.
  2283.  100.
  0.093711406  0.00410474837
  30.  50.
  2436203.
  2445.  177.
  0.100361094  0.00726540433
  30.  60.
  2436203.
  1214.  105.
  0.0498316437  0.00430998579
  30.  70.
  2436203.
  968.  106.
  0.0397339612  0.00435103336
  30.  80.
  2436203.
  722.  101.
  0.0296362825  0.00414579595
  30.  90.
  2436203.
  634.  84.
  0.0260241032  0.00344798854
  30.  100.
  2436203.
  527.  41.
  0.0216320232  0.00168294681
  40.  0.
  2436203.
  32381.  370.
  1.32915854  0.015187569
  40.  10.
  2436203.
  9186.  310.
  0.377062172  0.0127247199
  40.  20.
  2436203.
  5085.  295.
  0.208726451  0.0121090077
  40.  30.
  2436203.
  3366.  186.
  0.138165832  0.00763483159
  40.  40.
  2436203.
  2266.  150.
  0.0930135921  0.00615712255
  40.  50.
  2436203.
  2444.  216.
  0.100320049  0.0088662561
  40.  60.
  2436203.
  1112.  129.
  0.0456448011  0.0052951253
  40.  70.
  2436203.
  894.  104.
  0.0366964489  0.00426893821
  40.  80.
  2436203.
  683.  132.
  0.0280354302  0.00541826757
  40.  90.
  2436203.
  504.  77.
  0.0206879303  0.0031606562
  40.  100.
  2436203.
  325.  26.
  0.0133404322  0.00106723455
  50.  0.
  2436203.
  48084.  768.
  1.97372711  0.0315244682
  50.  10.
  2436203.
  13845.  642.
  0.568302393  0.0263524838
  50.  20.
  2436203.
  7244.  536.
  0.297347963  0.0220014509
  50.  30.
  2436203.
  4711.  447.
  0.193374693  0.0183482245
  50.  40.
  2436203.
  3376.  343.
  0.138576299  0.0140792867
  50.  50.
  2436203.
  3554.  407.
  0.145882756  0.0167063251
  50.  60.
  2436203.
  1696.  200.
  0.0696165338  0.00820949674
  50.  70.
  2436203.
  1207.  240.
  0.0495443121  0.00985139608
  50.  80.
  2436203.
  788.  170.
  0.0323454179  0.00697807223
  50.  90.
  2436203.
  627.  137.
  0.0257367715  0.00562350499
  50.  100.
  2436203.
  418.  69.
  0.0171578471  0.00283227628
  60.  0.
  2436203.
  29064.  552.
  1.19300401  0.0226582102
  60.  10.
  2436203.
  9370.  561.
  0.384614915  0.023027638
  60.  20.
  2436203.
  4995.  452.
  0.20503217  0.0185534619
  60.  30.
  2436203.
  3134.  329.
  0.128642812  0.0135046216
  60.  40.
  2436203.
  2120.  297.
  0.0870206654  0.0121911019
  60.  50.
  2436203.
  2236.  311.
  0.0917821676  0.0127657671
  60.  60.
  2436203.
  999.  182.
  0.0410064347  0.00747064175
  60.  70.
  2436203.
  779.  147.
  0.0319759883  0.00603397982
  60.  80.
  2436203.
  546.  148.
  0.0224119257  0.0060750274
  60.  90.
  2436203.
  408.  122.
  0.0167473722  0.00500779273
  60.  100.
  2436203.
  210.  53.
  0.00861997157  0.00217551668
  70.  0.
  2436203.
  28738.  589.
  1.17962253  0.0241769664
  70.  10.
  2436203.
  9409.  582.
  0.386215776  0.0238896348
  70.  20.
  2436203.
  5237.  567.
  0.214965671  0.0232739225
  70.  30.
  2436203.
  3527.  488.
  0.144774467  0.0200311709
  70.  40.
  2436203.
  2517.  397.
  0.103316516  0.0162958503
  70.  50.
  2436203.
  2486.  418.
  0.102044038  0.0171578471
  70.  60.
  2436203.
  1034.  209.
  0.0424430966  0.00857892353
  70.  70.
  2436203.
  734.  182.
  0.0301288515  0.00747064175
  70.  80.
  2436203.
  507.  145.
  0.0208110735  0.00595188513
  70.  90.
  2436203.
  333.  107.
  0.0136688119  0.00439208047
  70.  100.
  2436203.
  203.  63.
  0.008332639  0.00258599129
  80.  0.
  2436203.
  29323.  698.
  1.20363533  0.0286511425
  80.  10.
  2436203.
  10586.  679.
  0.434528649  0.0278712399
  80.  20.
  2436203.
  6163.  622.
  0.252975643  0.0255315341
  80.  30.
  2436203.
  3924.  584.
  0.161070317  0.023971729
  80.  40.
  2436203.
  2703.  460.
  0.110951342  0.0188818425
  80.  50.
  2436203.
  2782.  619.
  0.114194095  0.0254083909
  80.  60.
  2436203.
  1155.  312.
  0.0474098437  0.0128068142
  80.  70.
  2436203.
  853.  223.
  0.0350135043  0.00915358867
  80.  80.
  2436203.
  522.  159.
  0.0214267857  0.00652654981
  80.  90.
  2436203.
  328.  86.
  0.0134635745  0.00353008346
  80.  100.
  2436203.
  209.  61.
  0.00857892353  0.00250389636
  90.  0.
  2436203.
  35673.  869.
  1.4642868  0.0356702618
  90.  10.
  2436203.
  13507.  922.
  0.554428339  0.0378457792
  90.  20.
  2436203.
  8177.  922.
  0.335645258  0.0378457792
  90.  30.
  2436203.
  5254.  753.
  0.215663478  0.0309087541
  90.  40.
  2436203.
  3686.  701.
  0.151301026  0.0287742857
  90.  50.
  2436203.
  3643.  886.
  0.149535984  0.0363680683
  90.  60.
  2436203.
  1524.  427.
  0.0625563636  0.0175272748
  90.  70.
  2436203.
  1116.  346.
  0.0458089896  0.014202429
  90.  80.
  2436203.
  705.  266.
  0.028938476  0.0109186303
  90.  90.
  2436203.
  416.  212.
  0.0170757528  0.00870206673
  90.  100.
  2436203.
  181.  91.
  0.00742959417  0.00373532088
  100.  0.
  2436203.
  78018.  2693.
  3.20244241  0.110540867
  100.  10.
  2436203.
  37489.  3122.
  1.53882909  0.12815024
  100.  20.
  2436203.
  25071.  3629.
  1.02910149  0.148961321
  100.  30.
  2436203.
  18392.  4145.
  0.754945278  0.170141816
  100.  40.
  2436203.
  13487.  4148.
  0.553607404  0.170264959
  100.  50.
  2436203.
  13018.  5484.
  0.534356117  0.225104392
  100.  60.
  2436203.
  5315.  3115.
  0.218167365  0.127862915
  100.  70.
  2436203.
  3761.  2412.
  0.154379576  0.0990065262
  100.  80.
  2436203.
  2041.  1594.
  0.083777912  0.0654296875
  100.  90.
  2436203.
  1081.  883.
  0.0443723276  0.0362449288
  100.  100.
  2436203.
  355.  337.
  0.0145718567  0.0138330013
