  0.  0.
  2451477.
  1220465.  1904.
  49.7848854  0.0776674598
  0.  10.
  2451477.
  112668.  539.
  4.59592342  0.0219867453
  0.  20.
  2451477.
  63588.  379.
  2.59386492  0.0154600674
  0.  30.
  2451477.
  44509.  282.
  1.81559932  0.011503269
  0.  40.
  2451477.
  34185.  217.
  1.39446545  0.00885180663
  0.  50.
  2451477.
  40792.  338.
  1.66397643  0.0137876067
  0.  60.
  2451477.
  21979.  147.
  0.896561563  0.00599638512
  0.  70.
  2451477.
  19073.  124.
  0.77802074  0.00505817495
  0.  80.
  2451477.
  16845.  106.
  0.687136769  0.00432392396
  0.  90.
  2451477.
  16539.  139.
  0.674654484  0.00567005109
  0.  100.
  2451477.
  19569.  175.
  0.798253477  0.00713855354
  10.  0.
  2451477.
  74268.  688.
  3.02952051  0.0280647129
  10.  10.
  2451477.
  16555.  337.
  0.675307155  0.0137468148
  10.  20.
  2451477.
  7909.  226.
  0.322621822  0.00921893213
  10.  30.
  2451477.
  4959.  185.
  0.202286214  0.00754647097
  10.  40.
  2451477.
  3765.  150.
  0.153580889  0.00611876044
  10.  50.
  2451477.
  4501.  196.
  0.1836036  0.00799517985
  10.  60.
  2451477.
  2386.  154.
  0.0973290801  0.00628192723
  10.  70.
  2451477.
  2059.  116.
  0.083990179  0.00473184139
  10.  80.
  2451477.
  1846.  108.
  0.0753015429  0.00440550735
  10.  90.
  2451477.
  1575.  71.
  0.0642469823  0.00289621321
  10.  100.
  2451477.
  1748.  94.
  0.0713039562  0.00383442314
  20.  0.
  2451477.
  44480.  542.
  1.81441641  0.0221091211
  20.  10.
  2451477.
  12119.  366.
  0.494355023  0.0149297751
  20.  20.
  2451477.
  5789.  229.
  0.236143351  0.00934130698
  20.  30.
  2451477.
  3537.  157.
  0.144280359  0.00640430255
  20.  40.
  2451477.
  2508.  140.
  0.102305673  0.00571084302
  20.  50.
  2451477.
  2954.  174.
  0.120498784  0.00709776208
  20.  60.
  2451477.
  1680.  118.
  0.0685301125  0.00481342478
  20.  70.
  2451477.
  1327.  132.
  0.0541306324  0.00538450899
  20.  80.
  2451477.
  1049.  117.
  0.0427905284  0.00477263285
  20.  90.
  2451477.
  898.  65.
  0.0366309769  0.0026514628
  20.  100.
  2451477.
  930.  94.
  0.0379363149  0.00383442314
  30.  0.
  2451477.
  33501.  519.
  1.36656392  0.0211709104
  30.  10.
  2451477.
  9851.  395.
  0.401839375  0.0161127355
  30.  20.
  2451477.
  5005.  281.
  0.204162627  0.011462478
  30.  30.
  2451477.
  3132.  224.
  0.12775971  0.00913734827
  30.  40.
  2451477.
  2121.  169.
  0.0865192711  0.00689380337
  30.  50.
  2451477.
  2232.  177.
  0.0910471529  0.00722013693
  30.  60.
  2451477.
  1329.  107.
  0.0542122163  0.00436471542
  30.  70.
  2451477.
  1135.  117.
  0.0462986194  0.00477263285
  30.  80.
  2451477.
  942.  126.
  0.0384258144  0.00513975881
  30.  90.
  2451477.
  705.  100.
  0.0287581738  0.00407917332
  30.  100.
  2451477.
  577.  86.
  0.0235368311  0.00350808911
  40.  0.
  2451477.
  27549.  588.
  1.12377155  0.0239855405
  40.  10.
  2451477.
  9044.  369.
  0.368920445  0.01505215
  40.  20.
  2451477.
  4720.  360.
  0.192536995  0.0146850245
  40.  30.
  2451477.
  3023.  245.
  0.123313412  0.00999397505
  40.  40.
  2451477.
  2079.  238.
  0.0848060176  0.00970843248
  40.  50.
  2451477.
  2171.  265.
  0.0885588601  0.0108098099
  40.  60.
  2451477.
  1242.  140.
  0.0506633334  0.00571084302
  40.  70.
  2451477.
  949.  134.
  0.0387113579  0.00546609238
  40.  80.
  2451477.
  740.  145.
  0.0301858839  0.00591480173
  40.  90.
  2451477.
  649.  113.
  0.0264738351  0.00460946606
  40.  100.
  2451477.
  453.  77.
  0.0184786562  0.00314096361
  50.  0.
  2451477.
  37738.  904.
  1.53939855  0.0368757285
  50.  10.
  2451477.
  12459.  655.
  0.508224249  0.0267185867
  50.  20.
  2451477.
  6760.  571.
  0.275752127  0.0232920814
  50.  30.
  2451477.
  4464.  514.
  0.182094306  0.0209669527
  50.  40.
  2451477.
  3018.  418.
  0.123109452  0.0170509461
  50.  50.
  2451477.
  3206.  563.
  0.130778298  0.022965746
  50.  60.
  2451477.
  1580.  357.
  0.064450942  0.0145626497
  50.  70.
  2451477.
  1263.  289.
  0.0515199602  0.0117888115
  50.  80.
  2451477.
  1005.  283.
  0.0409956947  0.0115440609
  50.  90.
  2451477.
  702.  210.
  0.028635798  0.00856626406
  50.  100.
  2451477.
  522.  143.
  0.0212932862  0.00583321787
  60.  0.
  2451477.
  21965.  688.
  0.895990431  0.0280647129
  60.  10.
  2451477.
  7943.  540.
  0.324008763  0.0220275372
  60.  20.
  2451477.
  4504.  469.
  0.183725968  0.0191313233
  60.  30.
  2451477.
  2919.  394.
  0.119071074  0.0160719436
  60.  40.
  2451477.
  2053.  383.
  0.0837454349  0.0156232342
  60.  50.
  2451477.
  2107.  482.
  0.0859481841  0.0196616165
  60.  60.
  2451477.
  987.  261.
  0.0402614437  0.0106466431
  60.  70.
  2451477.
  743.  236.
  0.0303082597  0.00962684955
  60.  80.
  2451477.
  597.  212.
  0.024352666  0.00864784792
  60.  90.
  2451477.
  463.  124.
  0.0188865736  0.00505817495
  60.  100.
  2451477.
  285.  135.
  0.0116256448  0.00550688431
  70.  0.
  2451477.
  20611.  702.
  0.840758443  0.028635798
  70.  10.
  2451477.
  8125.  672.
  0.331432849  0.0274120457
  70.  20.
  2451477.
  4711.  579.
  0.19216986  0.023618415
  70.  30.
  2451477.
  3178.  484.
  0.129636139  0.0197432004
  70.  40.
  2451477.
  2264.  480.
  0.0923524871  0.0195800327
  70.  50.
  2451477.
  2357.  581.
  0.0961461216  0.0236999989
  70.  60.
  2451477.
  1063.  362.
  0.0433616154  0.0147666084
  70.  70.
  2451477.
  744.  260.
  0.0303490516  0.0106058512
  70.  80.
  2451477.
  540.  242.
  0.0220275372  0.0098716002
  70.  90.
  2451477.
  377.  163.
  0.0153784845  0.00664905272
  70.  100.
  2451477.
  199.  150.
  0.00811755564  0.00611876044
  80.  0.
  2451477.
  23476.  830.
  0.95762676  0.0338571407
  80.  10.
  2451477.
  9123.  809.
  0.372143  0.0330005139
  80.  20.
  2451477.
  5339.  655.
  0.217787072  0.0267185867
  80.  30.
  2451477.
  3597.  682.
  0.146727875  0.0278199632
  80.  40.
  2451477.
  2719.  606.
  0.110912725  0.0247197915
  80.  50.
  2451477.
  2673.  933.
  0.109036304  0.038058687
  80.  60.
  2451477.
  1128.  516.
  0.0460130759  0.0210485347
  80.  70.
  2451477.
  799.  360.
  0.0325925946  0.0146850245
  80.  80.
  2451477.
  663.  253.
  0.0270449203  0.0103203086
  80.  90.
  2451477.
  390.  214.
  0.0159087759  0.00872943085
  80.  100.
  2451477.
  174.  187.
  0.00709776208  0.00762805436
  90.  0.
  2451477.
  28808.  1036.
  1.17512834  0.042260237
  90.  10.
  2451477.
  11877.  1045.
  0.484483451  0.0426273644
  90.  20.
  2451477.
  7974.  1055.
  0.325273305  0.04303528
  90.  30.
  2451477.
  5053.  1088.
  0.20612064  0.0443814062
  90.  40.
  2451477.
  3388.  1017.
  0.138202399  0.0414851941
  90.  50.
  2451477.
  3305.  1346.
  0.134816691  0.0549056754
  90.  60.
  2451477.
  1348.  832.
  0.0549872592  0.0339387245
  90.  70.
  2451477.
  928.  618.
  0.0378547311  0.0252092928
  90.  80.
  2451477.
  570.  389.
  0.0232512895  0.0158679858
  90.  90.
  2451477.
  364.  298.
  0.0148481913  0.012155937
  90.  100.
  2451477.
  264.  212.
  0.010769018  0.00864784792
  100.  0.
  2451477.
  77256.  3447.
  3.15140629  0.140609115
  100.  10.
  2451477.
  31277.  3809.
  1.27584314  0.155375719
  100.  20.
  2451477.
  20750.  4198.
  0.846428514  0.171243697
  100.  30.
  2451477.
  14288.  4372.
  0.582832336  0.178341463
  100.  40.
  2451477.
  10288.  4275.
  0.419665366  0.174384668
  100.  50.
  2451477.
  10158.  5921.
  0.414362431  0.241527855
  100.  60.
  2451477.
  4157.  3485.
  0.169571236  0.142159194
  100.  70.
  2451477.
  2873.  2945.
  0.117194653  0.120131657
  100.  80.
  2451477.
  1989.  2311.
  0.0811347589  0.0942697003
  100.  90.
  2451477.
  1152.  1463.
  0.0469920784  0.0596783087
  100.  100.
  2451477.
  590.  587.
  0.0240671244  0.0239447486
