  0.  0.
  2459114.
  1335853.  2338.
  54.3225327  0.095074892
  0.  10.
  2459114.
  82164.  454.
  3.34120345  0.0184619334
  0.  20.
  2459114.
  46337.  304.
  1.88429654  0.0123621756
  0.  30.
  2459114.
  32406.  270.
  1.3177917  0.0109795639
  0.  40.
  2459114.
  25559.  257.
  1.03935802  0.0104509182
  0.  50.
  2459114.
  32889.  332.
  1.33743286  0.0135007976
  0.  60.
  2459114.
  17780.  172.
  0.723024607  0.006994389
  0.  70.
  2459114.
  17014.  154.
  0.691875219  0.00626241788
  0.  80.
  2459114.
  16910.  141.
  0.687646031  0.00573377218
  0.  90.
  2459114.
  18214.  197.
  0.740673244  0.00801101513
  0.  100.
  2459114.
  32469.  305.
  1.32035363  0.0124028409
  10.  0.
  2459114.
  62673.  633.
  2.54860091  0.0257409774
  10.  10.
  2459114.
  10509.  272.
  0.427349031  0.0110608945
  10.  20.
  2459114.
  5156.  182.
  0.209669009  0.00740103936
  10.  30.
  2459114.
  3262.  137.
  0.132649407  0.00557111204
  10.  40.
  2459114.
  2440.  149.
  0.0992227271  0.00605909294
  10.  50.
  2459114.
  2954.  212.
  0.120124564  0.00862099137
  10.  60.
  2459114.
  1649.  125.
  0.0670566708  0.0050831316
  10.  70.
  2459114.
  1625.  133.
  0.0660807118  0.00540845189
  10.  80.
  2459114.
  1649.  119.
  0.0670566708  0.00483914139
  10.  90.
  2459114.
  1629.  121.
  0.0662433729  0.00492047146
  10.  100.
  2459114.
  2349.  189.
  0.09552221  0.00768569484
  20.  0.
  2459114.
  36485.  566.
  1.48366439  0.0230164193
  20.  10.
  2459114.
  7371.  236.
  0.299742103  0.00959695224
  20.  20.
  2459114.
  3811.  194.
  0.15497452  0.00788902026
  20.  30.
  2459114.
  2440.  159.
  0.0992227271  0.0064657433
  20.  40.
  2459114.
  1674.  169.
  0.0680732951  0.00687239366
  20.  50.
  2459114.
  2048.  228.
  0.0832820311  0.00927163195
  20.  60.
  2459114.
  1062.  129.
  0.0431862846  0.00524579175
  20.  70.
  2459114.
  921.  111.
  0.0374525152  0.00451382063
  20.  80.
  2459114.
  911.  132.
  0.0370458625  0.00536778709
  20.  90.
  2459114.
  851.  139.
  0.0346059613  0.00565244211
  20.  100.
  2459114.
  1251.  196.
  0.0508719794  0.00797034986
  30.  0.
  2459114.
  28303.  539.
  1.15094304  0.0219184626
  30.  10.
  2459114.
  5965.  242.
  0.242567033  0.00984094292
  30.  20.
  2459114.
  3207.  217.
  0.130412817  0.00882431678
  30.  30.
  2459114.
  2069.  196.
  0.0841359943  0.00797034986
  30.  40.
  2459114.
  1438.  185.
  0.0584763438  0.0075230347
  30.  50.
  2459114.
  1802.  242.
  0.0732784271  0.00984094292
  30.  60.
  2459114.
  889.  137.
  0.0361512303  0.00557111204
  30.  70.
  2459114.
  732.  126.
  0.0297668185  0.00512379641
  30.  80.
  2459114.
  654.  120.
  0.0265949443  0.00487980619
  30.  90.
  2459114.
  634.  152.
  0.0257816426  0.00618108781
  30.  100.
  2459114.
  867.  203.
  0.0352566019  0.00825500581
  40.  0.
  2459114.
  25706.  579.
  1.04533589  0.0235450659
  40.  10.
  2459114.
  5417.  296.
  0.220282584  0.0120368553
  40.  20.
  2459114.
  3032.  224.
  0.12329644  0.0091089718
  40.  30.
  2459114.
  1959.  199.
  0.0796628371  0.00809234567
  40.  40.
  2459114.
  1485.  209.
  0.0603876039  0.00849899556
  40.  50.
  2459114.
  1570.  265.
  0.0638441294  0.0107762385
  40.  60.
  2459114.
  791.  172.
  0.0321660563  0.006994389
  40.  70.
  2459114.
  674.  116.
  0.027408246  0.00471714605
  40.  80.
  2459114.
  573.  157.
  0.0233010743  0.00638441322
  40.  90.
  2459114.
  587.  151.
  0.0238703862  0.00614042301
  40.  100.
  2459114.
  806.  228.
  0.0327760316  0.00927163195
  50.  0.
  2459114.
  38758.  1097.
  1.57609606  0.0446095616
  50.  10.
  2459114.
  7979.  604.
  0.324466467  0.024561692
  50.  20.
  2459114.
  4480.  471.
  0.182179436  0.0191532392
  50.  30.
  2459114.
  3034.  427.
  0.12337777  0.0173639767
  50.  40.
  2459114.
  2175.  342.
  0.0884464905  0.0139074484
  50.  50.
  2459114.
  2437.  542.
  0.0991007313  0.0220404584
  50.  60.
  2459114.
  1254.  303.
  0.0509939753  0.0123215113
  50.  70.
  2459114.
  1053.  259.
  0.0428203009  0.0105322488
  50.  80.
  2459114.
  789.  270.
  0.0320847258  0.0109795639
  50.  90.
  2459114.
  772.  267.
  0.03139342  0.0108575691
  50.  100.
  2459114.
  941.  397.
  0.0382658131  0.0161440261
  60.  0.
  2459114.
  20669.  714.
  0.840505958  0.0290348474
  60.  10.
  2459114.
  4693.  437.
  0.190841094  0.0177706275
  60.  20.
  2459114.
  2760.  322.
  0.112235546  0.0130941467
  60.  30.
  2459114.
  1924.  312.
  0.0782395601  0.0126874968
  60.  40.
  2459114.
  1355.  295.
  0.0551011451  0.0119961901
  60.  50.
  2459114.
  1582.  390.
  0.0643321127  0.0158593711
  60.  60.
  2459114.
  796.  234.
  0.0323693827  0.00951562263
  60.  70.
  2459114.
  711.  240.
  0.0289128516  0.00975961238
  60.  80.
  2459114.
  531.  239.
  0.0215931423  0.00971894711
  60.  90.
  2459114.
  506.  261.
  0.0205765162  0.0106135784
  60.  100.
  2459114.
  501.  279.
  0.0203731917  0.0113455495
  70.  0.
  2459114.
  19571.  749.
  0.795855761  0.0304581244
  70.  10.
  2459114.
  4729.  513.
  0.192305028  0.0208611712
  70.  20.
  2459114.
  2978.  449.
  0.12110053  0.0182586089
  70.  30.
  2459114.
  2015.  376.
  0.0819400772  0.0152900601
  70.  40.
  2459114.
  1501.  362.
  0.0610382445  0.0147207491
  70.  50.
  2459114.
  1625.  484.
  0.0660807118  0.0196818858
  70.  60.
  2459114.
  877.  289.
  0.0356632508  0.0117522003
  70.  70.
  2459114.
  700.  296.
  0.0284655374  0.0120368553
  70.  80.
  2459114.
  551.  275.
  0.022406444  0.0111828893
  70.  90.
  2459114.
  439.  318.
  0.0178519581  0.0129314866
  70.  100.
  2459114.
  500.  286.
  0.0203325264  0.0116302054
  80.  0.
  2459114.
  21894.  868.
  0.890320659  0.0352972671
  80.  10.
  2459114.
  5408.  625.
  0.219916597  0.0254156571
  80.  20.
  2459114.
  3193.  586.
  0.129843518  0.0238297209
  80.  30.
  2459114.
  2281.  477.
  0.0927569866  0.0193972308
  80.  40.
  2459114.
  1718.  466.
  0.0698625594  0.0189499147
  80.  50.
  2459114.
  1834.  642.
  0.0745797083  0.0261069629
  80.  60.
  2459114.
  914.  423.
  0.0371678583  0.0172013175
  80.  70.
  2459114.
  726.  382.
  0.0295228288  0.0155340498
  80.  80.
  2459114.
  681.  385.
  0.027692901  0.0156560447
  80.  90.
  2459114.
  556.  372.
  0.0226097684  0.0151273999
  80.  100.
  2459114.
  462.  361.
  0.0187872536  0.0146800838
  90.  0.
  2459114.
  28722.  1180.
  1.16798162  0.0479847603
  90.  10.
  2459114.
  7059.  931.
  0.287054598  0.0378591642
  90.  20.
  2459114.
  4565.  870.
  0.185635969  0.035378594
  90.  30.
  2459114.
  3247.  846.
  0.132039428  0.0344026349
  90.  40.
  2459114.
  2437.  793.
  0.0991007313  0.0322473869
  90.  50.
  2459114.
  2604.  1083.
  0.105891794  0.0440402515
  90.  60.
  2459114.
  1316.  765.
  0.0535152107  0.0311087649
  90.  70.
  2459114.
  1012.  747.
  0.0411530323  0.0303767938
  90.  80.
  2459114.
  808.  681.
  0.0328573622  0.027692901
  90.  90.
  2459114.
  607.  618.
  0.024683686  0.0251310021
  90.  100.
  2459114.
  469.  473.
  0.0190719105  0.0192345697
  100.  0.
  2459114.
  125933.  6516.
  5.12107229  0.264973491
  100.  10.
  2459114.
  36082.  5284.
  1.46727645  0.214874133
  100.  20.
  2459114.
  22410.  5292.
  0.911303818  0.215199456
  100.  30.
  2459114.
  15571.  5103.
  0.633195519  0.207513765
  100.  40.
  2459114.
  11379.  4914.
  0.462727636  0.199828073
  100.  50.
  2459114.
  11591.  7112.
  0.471348614  0.289209843
  100.  60.
  2459114.
  5091.  4022.
  0.207025781  0.163554847
  100.  70.
  2459114.
  3768.  3916.
  0.153225914  0.159244344
  100.  80.
  2459114.
  2812.  3500.
  0.114350125  0.142327681
  100.  90.
  2459114.
  1949.  2781.
  0.0792561844  0.113089509
  100.  100.
  2459114.
  1092.  1739.
  0.0444062389  0.0707165226
