  0.  0.
  2459114.
  1241774.  939.
  50.4968033  0.0381844826
  0.  10.
  2459114.
  93883.  278.
  3.81775713  0.0113048842
  0.  20.
  2459114.
  53869.  220.
  2.19058561  0.00894631166
  0.  30.
  2459114.
  38599.  184.
  1.56963038  0.0074823699
  0.  40.
  2459114.
  31040.  166.
  1.26224327  0.00675039878
  0.  50.
  2459114.
  37181.  207.
  1.5119673  0.00841766596
  0.  60.
  2459114.
  20571.  134.
  0.836520791  0.00544911716
  0.  70.
  2459114.
  18665.  131.
  0.759013176  0.00532712182
  0.  80.
  2459114.
  17715.  144.
  0.720381379  0.00585576752
  0.  90.
  2459114.
  17434.  115.
  0.708954513  0.00467648124
  0.  100.
  2459114.
  24905.  194.
  1.01276314  0.00788902026
  10.  0.
  2459114.
  62249.  377.
  2.53135896  0.0153307244
  10.  10.
  2459114.
  10859.  148.
  0.441581815  0.00601842767
  10.  20.
  2459114.
  5426.  109.
  0.220648572  0.00443249056
  10.  30.
  2459114.
  3795.  104.
  0.154323876  0.00422916561
  10.  40.
  2459114.
  3026.  105.
  0.123052448  0.00426983042
  10.  50.
  2459114.
  4108.  143.
  0.167052031  0.00581510272
  10.  60.
  2459114.
  2434.  111.
  0.0989787355  0.00451382063
  10.  70.
  2459114.
  2080.  91.
  0.0845833123  0.00370051968
  10.  80.
  2459114.
  1883.  97.
  0.0765722916  0.00394451013
  10.  90.
  2459114.
  1745.  80.
  0.0709605142  0.00325320428
  10.  100.
  2459114.
  1989.  81.
  0.0808827877  0.00329386932
  20.  0.
  2459114.
  41146.  342.
  1.6732043  0.0139074484
  20.  10.
  2459114.
  7880.  138.
  0.32044062  0.00561177731
  20.  20.
  2459114.
  4160.  114.
  0.169166625  0.00463581597
  20.  30.
  2459114.
  2830.  118.
  0.1150821  0.00479847612
  20.  40.
  2459114.
  2096.  113.
  0.0852339491  0.00459515071
  20.  50.
  2459114.
  2637.  138.
  0.10723374  0.00561177731
  20.  60.
  2459114.
  1437.  88.
  0.0584356822  0.00357852457
  20.  70.
  2459114.
  1286.  89.
  0.0522952564  0.00361918961
  20.  80.
  2459114.
  1138.  105.
  0.0462768301  0.00426983042
  20.  90.
  2459114.
  1036.  76.
  0.0421289951  0.00309054391
  20.  100.
  2459114.
  1193.  73.
  0.0485134088  0.0029685488
  30.  0.
  2459114.
  31962.  386.
  1.29973638  0.01569671
  30.  10.
  2459114.
  6616.  144.
  0.269039989  0.00585576752
  30.  20.
  2459114.
  3564.  130.
  0.144930243  0.00528645702
  30.  30.
  2459114.
  2429.  107.
  0.0987754092  0.00435116049
  30.  40.
  2459114.
  1879.  105.
  0.0764096305  0.00426983042
  30.  50.
  2459114.
  2223.  156.
  0.0903984085  0.00634374842
  30.  60.
  2459114.
  1082.  114.
  0.0439995863  0.00463581597
  30.  70.
  2459114.
  1067.  95.
  0.0433896109  0.00386318006
  30.  80.
  2459114.
  850.  94.
  0.034565296  0.00382251502
  30.  90.
  2459114.
  785.  85.
  0.0319220647  0.00345652946
  30.  100.
  2459114.
  745.  87.
  0.0302954633  0.00353785953
  40.  0.
  2459114.
  28122.  341.
  1.14358258  0.0138667831
  40.  10.
  2459114.
  6042.  168.
  0.245698243  0.00683172885
  40.  20.
  2459114.
  3333.  138.
  0.135536626  0.00561177731
  40.  30.
  2459114.
  2332.  139.
  0.0948309004  0.00565244211
  40.  40.
  2459114.
  1800.  122.
  0.0731970966  0.00496113626
  40.  50.
  2459114.
  2039.  200.
  0.0829160437  0.00813301094
  40.  60.
  2459114.
  997.  113.
  0.040543057  0.00459515071
  40.  70.
  2459114.
  780.  106.
  0.0317187421  0.00431049569
  40.  80.
  2459114.
  734.  107.
  0.029848149  0.00435116049
  40.  90.
  2459114.
  603.  83.
  0.0245210268  0.00337519939
  40.  100.
  2459114.
  601.  94.
  0.0244396962  0.00382251502
  50.  0.
  2459114.
  43246.  549.
  1.75860083  0.0223251134
  50.  10.
  2459114.
  9146.  351.
  0.371922582  0.014273433
  50.  20.
  2459114.
  4987.  250.
  0.202796623  0.0101662632
  50.  30.
  2459114.
  3337.  263.
  0.135699287  0.0106949089
  50.  40.
  2459114.
  2524.  263.
  0.102638595  0.0106949089
  50.  50.
  2459114.
  2885.  331.
  0.117318675  0.0134601323
  50.  60.
  2459114.
  1508.  216.
  0.0613228977  0.00878365152
  50.  70.
  2459114.
  1214.  177.
  0.0493673719  0.00719771441
  50.  80.
  2459114.
  978.  183.
  0.0397704206  0.00744170463
  50.  90.
  2459114.
  810.  195.
  0.0329386927  0.00792968553
  50.  100.
  2459114.
  687.  176.
  0.0279368907  0.00715704914
  60.  0.
  2459114.
  26759.  370.
  1.0881561  0.0150460694
  60.  10.
  2459114.
  6426.  257.
  0.261313617  0.0104509182
  60.  20.
  2459114.
  3610.  207.
  0.146800846  0.00841766596
  60.  30.
  2459114.
  2402.  215.
  0.0976774544  0.00874298625
  60.  40.
  2459114.
  1803.  177.
  0.0733190924  0.00719771441
  60.  50.
  2459114.
  1917.  281.
  0.0779549032  0.01142688
  60.  60.
  2459114.
  984.  181.
  0.0400144123  0.00736037455
  60.  70.
  2459114.
  753.  192.
  0.0306207854  0.00780769018
  60.  80.
  2459114.
  662.  170.
  0.0269202646  0.00691305893
  60.  90.
  2459114.
  575.  165.
  0.0233824048  0.00670973351
  60.  100.
  2459114.
  401.  128.
  0.0163066853  0.00520512694
  70.  0.
  2459114.
  26551.  487.
  1.07969785  0.0198038798
  70.  10.
  2459114.
  6306.  341.
  0.256433815  0.0138667831
  70.  20.
  2459114.
  3750.  309.
  0.152493954  0.012565501
  70.  30.
  2459114.
  2636.  270.
  0.107193075  0.0109795639
  70.  40.
  2459114.
  1979.  274.
  0.0804761425  0.0111422241
  70.  50.
  2459114.
  2075.  384.
  0.0843799859  0.0156153804
  70.  60.
  2459114.
  1076.  252.
  0.0437555984  0.0102475928
  70.  70.
  2459114.
  856.  211.
  0.0348092839  0.0085803261
  70.  80.
  2459114.
  642.  197.
  0.0261069629  0.00801101513
  70.  90.
  2459114.
  502.  175.
  0.020413857  0.00711638434
  70.  100.
  2459114.
  429.  177.
  0.0174453072  0.00719771441
  80.  0.
  2459114.
  28742.  499.
  1.16879499  0.0202918611
  80.  10.
  2459114.
  7483.  493.
  0.304296583  0.0200478714
  80.  20.
  2459114.
  4426.  382.
  0.179983526  0.0155340498
  80.  30.
  2459114.
  3173.  400.
  0.129030213  0.0162660219
  80.  40.
  2459114.
  2397.  342.
  0.097474128  0.0139074484
  80.  50.
  2459114.
  2510.  522.
  0.102069281  0.0212271567
  80.  60.
  2459114.
  1155.  346.
  0.046968136  0.0140701085
  80.  70.
  2459114.
  949.  314.
  0.0385911353  0.0127688264
  80.  80.
  2459114.
  862.  250.
  0.0350532755  0.0101662632
  80.  90.
  2459114.
  553.  191.
  0.0224877745  0.00776702492
  80.  100.
  2459114.
  401.  177.
  0.0163066853  0.00719771441
  90.  0.
  2459114.
  34893.  727.
  1.41892564  0.029563494
  90.  10.
  2459114.
  9944.  640.
  0.404373288  0.0260256343
  90.  20.
  2459114.
  6183.  637.
  0.251432031  0.0259036385
  90.  30.
  2459114.
  4372.  603.
  0.177787617  0.0245210268
  90.  40.
  2459114.
  3361.  593.
  0.136675239  0.0241143759
  90.  50.
  2459114.
  3561.  882.
  0.144808248  0.0358665772
  90.  60.
  2459114.
  1752.  515.
  0.0712451711  0.0209425017
  90.  70.
  2459114.
  1510.  535.
  0.0614042282  0.0217558034
  90.  80.
  2459114.
  1116.  412.
  0.0453821979  0.0167540014
  90.  90.
  2459114.
  830.  336.
  0.0337519944  0.0136634577
  90.  100.
  2459114.
  498.  204.
  0.0202511959  0.00829567108
  100.  0.
  2459114.
  116817.  3195.
  4.75036955  0.129924849
  100.  10.
  2459114.
  40697.  3442.
  1.65494561  0.13996911
  100.  20.
  2459114.
  25792.  3731.
  1.04883301  0.151721314
  100.  30.
  2459114.
  18162.  3940.
  0.73855871  0.16022031
  100.  40.
  2459114.
  13697.  4077.
  0.556989253  0.165791422
  100.  50.
  2459114.
  14473.  6317.
  0.588545322  0.256881148
  100.  60.
  2459114.
  6548.  3622.
  0.26627475  0.147288814
  100.  70.
  2459114.
  4603.  3137.
  0.187181234  0.127566263
  100.  80.
  2459114.
  3246.  2727.
  0.131998762  0.1108936
  100.  90.
  2459114.
  1947.  1990.
  0.0791748539  0.080923453
  100.  100.
  2459114.
  992.  1181.
  0.0403397307  0.0480254255
