  0.  0.
  2451477.
  1249130.  3159.
  50.9541817  0.128861085
  0.  10.
  2451477.
  78937.  614.
  3.21997714  0.0250461251
  0.  20.
  2451477.
  46621.  453.
  1.90175152  0.0184786562
  0.  30.
  2451477.
  33495.  361.
  1.36631918  0.0147258164
  0.  40.
  2451477.
  26858.  366.
  1.09558439  0.0149297751
  0.  50.
  2451477.
  33646.  504.
  1.37247872  0.0205590352
  0.  60.
  2451477.
  18938.  275.
  0.772513866  0.0112177273
  0.  70.
  2451477.
  17725.  257.
  0.723033488  0.0104834763
  0.  80.
  2451477.
  17943.  251.
  0.731926084  0.0102387257
  0.  90.
  2451477.
  18694.  276.
  0.762560666  0.0112585193
  0.  100.
  2451477.
  30331.  397.
  1.23725414  0.0161943194
  10.  0.
  2451477.
  59760.  1072.
  2.4377141  0.043728739
  10.  10.
  2451477.
  10082.  389.
  0.411262274  0.0158679858
  10.  20.
  2451477.
  5205.  271.
  0.212320983  0.0110545605
  10.  30.
  2451477.
  3514.  216.
  0.143342152  0.0088110147
  10.  40.
  2451477.
  2733.  191.
  0.111483812  0.00779122114
  10.  50.
  2451477.
  3145.  240.
  0.128290012  0.00979001634
  10.  60.
  2451477.
  1809.  148.
  0.073792249  0.00603717659
  10.  70.
  2451477.
  1674.  155.
  0.0682853609  0.00632271869
  10.  80.
  2451477.
  1752.  138.
  0.0714671165  0.00562925963
  10.  90.
  2451477.
  1813.  162.
  0.0739554167  0.00660826126
  10.  100.
  2451477.
  2670.  283.
  0.108913936  0.0115440609
  20.  0.
  2451477.
  38350.  952.
  1.564363  0.0388337299
  20.  10.
  2451477.
  7354.  421.
  0.299982429  0.0171733201
  20.  20.
  2451477.
  3926.  278.
  0.160148352  0.0113401022
  20.  30.
  2451477.
  2713.  236.
  0.110667974  0.00962684955
  20.  40.
  2451477.
  1979.  210.
  0.0807268471  0.00856626406
  20.  50.
  2451477.
  2205.  241.
  0.0899457783  0.00983080827
  20.  60.
  2451477.
  1247.  152.
  0.050867293  0.00620034384
  20.  70.
  2451477.
  1131.  116.
  0.0461354516  0.00473184139
  20.  80.
  2451477.
  944.  133.
  0.0385073982  0.00542530091
  20.  90.
  2451477.
  846.  135.
  0.0345098078  0.00550688431
  20.  100.
  2451477.
  1375.  234.
  0.0560886338  0.0095452657
  30.  0.
  2451477.
  30213.  1031.
  1.23244071  0.0420562774
  30.  10.
  2451477.
  6359.  521.
  0.259394646  0.0212524943
  30.  20.
  2451477.
  3599.  394.
  0.146809459  0.0160719436
  30.  30.
  2451477.
  2325.  291.
  0.0948407874  0.0118703945
  30.  40.
  2451477.
  1744.  238.
  0.0711407885  0.00970843248
  30.  50.
  2451477.
  1959.  335.
  0.0799110085  0.0136652309
  30.  60.
  2451477.
  1032.  180.
  0.0420970693  0.00734251225
  30.  70.
  2451477.
  903.  157.
  0.0368349366  0.00640430255
  30.  80.
  2451477.
  795.  165.
  0.0324294306  0.00673063612
  30.  90.
  2451477.
  730.  182.
  0.0297779664  0.00742409565
  30.  100.
  2451477.
  1034.  214.
  0.0421786532  0.00872943085
  40.  0.
  2451477.
  25089.  1037.
  1.02342379  0.042301029
  40.  10.
  2451477.
  6156.  614.
  0.251113921  0.0250461251
  40.  20.
  2451477.
  3558.  476.
  0.145136997  0.019416865
  40.  30.
  2451477.
  2279.  373.
  0.0929643661  0.0152153168
  40.  40.
  2451477.
  1755.  297.
  0.0715894923  0.0121151451
  40.  50.
  2451477.
  1820.  370.
  0.0742409602  0.0150929419
  40.  60.
  2451477.
  931.  206.
  0.0379771069  0.00840309728
  40.  70.
  2451477.
  839.  211.
  0.0342242643  0.00860705599
  40.  80.
  2451477.
  701.  186.
  0.0285950061  0.00758726289
  40.  90.
  2451477.
  624.  191.
  0.0254540425  0.00779122114
  40.  100.
  2451477.
  852.  231.
  0.0347545594  0.00942289084
  50.  0.
  2451477.
  37273.  1767.
  1.52043033  0.0720789954
  50.  10.
  2451477.
  8897.  1166.
  0.362924069  0.0475631617
  50.  20.
  2451477.
  5280.  947.
  0.215380356  0.038629774
  50.  30.
  2451477.
  3733.  732.
  0.152275547  0.0298595503
  50.  40.
  2451477.
  2727.  572.
  0.111239061  0.0233328715
  50.  50.
  2451477.
  3011.  754.
  0.122823916  0.030756969
  50.  60.
  2451477.
  1539.  510.
  0.0627784804  0.020803785
  50.  70.
  2451477.
  1254.  400.
  0.0511528365  0.0163166933
  50.  80.
  2451477.
  1038.  381.
  0.0423418209  0.0155416513
  50.  90.
  2451477.
  838.  321.
  0.0341834724  0.0130941467
  50.  100.
  2451477.
  972.  354.
  0.0396495648  0.0144402739
  60.  0.
  2451477.
  21536.  1295.
  0.878490806  0.0528252982
  60.  10.
  2451477.
  5623.  919.
  0.22937192  0.0374876037
  60.  20.
  2451477.
  3479.  792.
  0.141914442  0.0323070548
  60.  30.
  2451477.
  2563.  691.
  0.104549214  0.0281870887
  60.  40.
  2451477.
  1879.  583.
  0.0766476691  0.0237815809
  60.  50.
  2451477.
  2054.  754.
  0.0837862268  0.030756969
  60.  60.
  2451477.
  983.  354.
  0.040098276  0.0144402739
  60.  70.
  2451477.
  740.  299.
  0.0301858839  0.012196729
  60.  80.
  2451477.
  669.  282.
  0.02728967  0.011503269
  60.  90.
  2451477.
  591.  283.
  0.0241079163  0.0115440609
  60.  100.
  2451477.
  530.  264.
  0.0216196198  0.010769018
  70.  0.
  2451477.
  20145.  1309.
  0.821749508  0.0533963814
  70.  10.
  2451477.
  5711.  1051.
  0.232961595  0.0428721122
  70.  20.
  2451477.
  3858.  968.
  0.157374516  0.0394864008
  70.  30.
  2451477.
  2698.  852.
  0.110056102  0.0347545594
  70.  40.
  2451477.
  1987.  782.
  0.081053175  0.0318991356
  70.  50.
  2451477.
  2128.  991.
  0.0868048146  0.0404246077
  70.  60.
  2451477.
  1040.  487.
  0.0424234048  0.0198655743
  70.  70.
  2451477.
  815.  434.
  0.0332452655  0.0177036133
  70.  80.
  2451477.
  673.  346.
  0.0274528377  0.0141139403
  70.  90.
  2451477.
  590.  327.
  0.0240671244  0.0133388974
  70.  100.
  2451477.
  526.  323.
  0.0214564521  0.0131757306
  80.  0.
  2451477.
  22054.  1459.
  0.89962095  0.059515141
  80.  10.
  2451477.
  6415.  1224.
  0.261678994  0.0499290824
  80.  20.
  2451477.
  4524.  1232.
  0.184541807  0.0502554178
  80.  30.
  2451477.
  3235.  1108.
  0.131961256  0.045197241
  80.  40.
  2451477.
  2306.  1039.
  0.0940657407  0.0423826128
  80.  50.
  2451477.
  2715.  1314.
  0.110749558  0.0536003411
  80.  60.
  2451477.
  1246.  770.
  0.0508265011  0.0314096361
  80.  70.
  2451477.
  1015.  646.
  0.0414036103  0.0263514612
  80.  80.
  2451477.
  931.  553.
  0.0379771069  0.0225578286
  80.  90.
  2451477.
  712.  445.
  0.0290437154  0.0181523226
  80.  100.
  2451477.
  561.  348.
  0.022884164  0.0141955242
  90.  0.
  2451477.
  26330.  1747.
  1.07404637  0.0712631643
  90.  10.
  2451477.
  8471.  1744.
  0.345546782  0.0711407885
  90.  20.
  2451477.
  5937.  1770.
  0.242180526  0.0722013712
  90.  30.
  2451477.
  4755.  1789.
  0.193964705  0.0729764104
  90.  40.
  2451477.
  3815.  1808.
  0.155620471  0.073751457
  90.  50.
  2451477.
  4206.  2324.
  0.171570033  0.0947999954
  90.  60.
  2451477.
  2143.  1403.
  0.0874166861  0.0572308041
  90.  70.
  2451477.
  1610.  1246.
  0.0656746924  0.0508265011
  90.  80.
  2451477.
  1326.  1030.
  0.0540898405  0.0420154855
  90.  90.
  2451477.
  926.  816.
  0.0377731472  0.0332860574
  90.  100.
  2451477.
  702.  585.
  0.028635798  0.0238631647
  100.  0.
  2451477.
  114630.  8958.
  4.67595673  0.365412354
  100.  10.
  2451477.
  37685.  7595.
  1.53723657  0.309813231
  100.  20.
  2451477.
  24408.  7846.
  0.995644689  0.320051938
  100.  30.
  2451477.
  17516.  7815.
  0.714508057  0.318787396
  100.  40.
  2451477.
  12676.  7590.
  0.517076015  0.309609264
  100.  50.
  2451477.
  13631.  10368.
  0.556032121  0.422928721
  100.  60.
  2451477.
  6162.  5734.
  0.251358658  0.233899802
  100.  70.
  2451477.
  4459.  4505.
  0.181890339  0.183766767
  100.  80.
  2451477.
  3015.  3293.
  0.122987084  0.134327188
  100.  90.
  2451477.
  1850.  2202.
  0.0754647106  0.0898234025
  100.  100.
  2451477.
  1235.  1271.
  0.0503777936  0.0518462956
