  0.  0.
  16777216.
  16777216.  45858.
  100.  0.27333498
  0.  10.
  16777216.
  349067.  6414.
  2.08060145  0.0382304192
  0.  20.
  16777216.
  141466.  3185.
  0.843203068  0.0189840794
  0.  30.
  16777216.
  79006.  1883.
  0.470912457  0.0112235546
  0.  40.
  16777216.
  51156.  1249.
  0.304913521  0.00744462013
  0.  50.
  16777216.
  49143.  1067.
  0.292915106  0.0063598156
  0.  60.
  16777216.
  17918.  401.
  0.106799603  0.00239014626
  0.  70.
  16777216.
  12247.  212.
  0.0729978085  0.00126361847
  0.  80.
  16777216.
  8704.  115.
  0.0518798828  0.000685453415
  0.  90.
  16777216.
  6438.  87.
  0.0383734703  0.00051856041
  0.  100.
  16777216.
  4699.  44.
  0.0280082226  0.000262260437
  10.  0.
  16777216.
  513775.  10415.
  3.06233764  0.0620782375
  10.  10.
  16777216.
  21516.  1589.
  0.128245354  0.00947117805
  10.  20.
  16777216.
  7075.  646.
  0.0421702862  0.00385046005
  10.  30.
  16777216.
  2906.  355.
  0.0173211098  0.00211596489
  10.  40.
  16777216.
  1413.  195.
  0.00842213631  0.00116229057
  10.  50.
  16777216.
  898.  130.
  0.0053524971  0.000774860382
  10.  60.
  16777216.
  219.  31.
  0.00130534172  0.000184774399
  10.  70.
  16777216.
  104.  18.
  0.000619888306  0.000107288361
  10.  80.
  16777216.
  49.  15.
  0.000292062759  8.94069672E-05
  10.  90.
  16777216.
  14.  1.
  8.34465027E-05  5.96046448E-06
  10.  100.
  16777216.
  5.  0.
  2.98023224E-05  0.
  20.  0.
  16777216.
  314916.  7941.
  1.87704563  0.0473320484
  20.  10.
  16777216.
  15162.  1318.
  0.0903725624  0.00785589218
  20.  20.
  16777216.
  4799.  537.
  0.028604269  0.00320076942
  20.  30.
  16777216.
  1918.  235.
  0.0114321709  0.00140070915
  20.  40.
  16777216.
  949.  122.
  0.00565648079  0.000727176666
  20.  50.
  16777216.
  535.  77.
  0.0031888485  0.000458955765
  20.  60.
  16777216.
  121.  15.
  0.000721216202  8.94069672E-05
  20.  70.
  16777216.
  44.  5.
  0.000262260437  2.98023224E-05
  20.  80.
  16777216.
  11.  2.
  6.55651093E-05  1.1920929E-05
  20.  90.
  16777216.
  9.  1.
  5.36441803E-05  5.96046448E-06
  20.  100.
  16777216.
  4.  0.
  2.38418579E-05  0.
  30.  0.
  16777216.
  225760.  6342.
  1.34563446  0.0378012657
  30.  10.
  16777216.
  11525.  1180.
  0.0686943531  0.00703334808
  30.  20.
  16777216.
  3682.  453.
  0.0219464302  0.00270009041
  30.  30.
  16777216.
  1387.  208.
  0.00826716423  0.00123977661
  30.  40.
  16777216.
  639.  88.
  0.0038087368  0.000524520874
  30.  50.
  16777216.
  346.  48.
  0.00206232071  0.000286102295
  30.  60.
  16777216.
  97.  17.
  0.000578165054  0.000101327896
  30.  70.
  16777216.
  23.  4.
  0.000137090683  2.38418579E-05
  30.  80.
  16777216.
  13.  3.
  7.74860382E-05  1.78813934E-05
  30.  90.
  16777216.
  4.  1.
  2.38418579E-05  5.96046448E-06
  30.  100.
  16777216.
  1.  0.
  5.96046448E-06  0.
  40.  0.
  16777216.
  185859.  5557.
  1.10780597  0.0331223011
  40.  10.
  16777216.
  9449.  1087.
  0.0563204288  0.00647902489
  40.  20.
  16777216.
  2998.  438.
  0.0178694725  0.00261068344
  40.  30.
  16777216.
  1122.  178.
  0.00668764114  0.00106096268
  40.  40.
  16777216.
  480.  102.
  0.00286102295  0.000607967377
  40.  50.
  16777216.
  258.  61.
  0.00153779984  0.000363588333
  40.  60.
  16777216.
  72.  19.
  0.000429153442  0.000113248825
  40.  70.
  16777216.
  13.  5.
  7.74860382E-05  2.98023224E-05
  40.  80.
  16777216.
  9.  1.
  5.36441803E-05  5.96046448E-06
  40.  90.
  16777216.
  2.  1.
  1.1920929E-05  5.96046448E-06
  40.  100.
  16777216.
  0.  0.
  0.  0.
  50.  0.
  16777216.
  236405.  7979.
  1.4090836  0.0475585461
  50.  10.
  16777216.
  11933.  1579.
  0.0711262226  0.00941157341
  50.  20.
  16777216.
  3691.  598.
  0.0220000744  0.00356435776
  50.  30.
  16777216.
  1296.  242.
  0.00772476196  0.0014424324
  50.  40.
  16777216.
  516.  106.
  0.00307559967  0.000631809235
  50.  50.
  16777216.
  267.  78.
  0.00159144402  0.000464916229
  50.  60.
  16777216.
  42.  14.
  0.000250339508  8.34465027E-05
  50.  70.
  16777216.
  10.  3.
  5.96046448E-05  1.78813934E-05
  50.  80.
  16777216.
  5.  0.
  2.98023224E-05  0.
  50.  90.
  16777216.
  3.  0.
  1.78813934E-05  0.
  50.  100.
  16777216.
  1.  0.
  5.96046448E-06  0.
  60.  0.
  16777216.
  119238.  4771.
  0.710713863  0.028437376
  60.  10.
  16777216.
  6754.  1038.
  0.0402569771  0.00618696213
  60.  20.
  16777216.
  2105.  436.
  0.0125467777  0.00259876251
  60.  30.
  16777216.
  742.  197.
  0.00442266464  0.0011742115
  60.  40.
  16777216.
  286.  50.
  0.00170469284  0.000298023224
  60.  50.
  16777216.
  132.  27.
  0.000786781311  0.000160932541
  60.  60.
  16777216.
  18.  3.
  0.000107288361  1.78813934E-05
  60.  70.
  16777216.
  6.  1.
  3.57627869E-05  5.96046448E-06
  60.  80.
  16777216.
  3.  0.
  1.78813934E-05  0.
  60.  90.
  16777216.
  0.  0.
  0.  0.
  60.  100.
  16777216.
  2.  0.
  1.1920929E-05  0.
  70.  0.
  16777216.
  96039.  4290.
  0.572437048  0.0255703926
  70.  10.
  16777216.
  5146.  836.
  0.0306725502  0.0049829483
  70.  20.
  16777216.
  1544.  292.
  0.00920295715  0.00174045563
  70.  30.
  16777216.
  477.  102.
  0.00284314156  0.000607967377
  70.  40.
  16777216.
  141.  50.
  0.000840425491  0.000298023224
  70.  50.
  16777216.
  79.  22.
  0.000470876694  0.000131130219
  70.  60.
  16777216.
  11.  5.
  6.55651093E-05  2.98023224E-05
  70.  70.
  16777216.
  5.  1.
  2.98023224E-05  5.96046448E-06
  70.  80.
  16777216.
  1.  0.
  5.96046448E-06  0.
  70.  90.
  16777216.
  0.  0.
  0.  0.
  70.  100.
  16777216.
  0.  0.
  0.  0.
  80.  0.
  16777216.
  76130.  2711.
  0.453770161  0.0161588192
  80.  10.
  16777216.
  3305.  423.
  0.0196993351  0.00252127647
  80.  20.
  16777216.
  815.  146.
  0.00485777855  0.000870227814
  80.  30.
  16777216.
  240.  66.
  0.00143051147  0.000393390656
  80.  40.
  16777216.
  93.  22.
  0.000554323196  0.000131130219
  80.  50.
  16777216.
  27.  12.
  0.000160932541  7.15255737E-05
  80.  60.
  16777216.
  4.  4.
  2.38418579E-05  2.38418579E-05
  80.  70.
  16777216.
  3.  5.
  1.78813934E-05  2.98023224E-05
  80.  80.
  16777216.
  0.  1.
  0.  5.96046448E-06
  80.  90.
  16777216.
  0.  0.
  0.  0.
  80.  100.
  16777216.
  0.  0.
  0.  0.
  90.  0.
  16777216.
  61738.  1644.
  0.367987156  0.0097990036
  90.  10.
  16777216.
  2294.  243.
  0.0136733055  0.00144839287
  90.  20.
  16777216.
  555.  89.
  0.00330805779  0.000530481339
  90.  30.
  16777216.
  141.  49.
  0.000840425491  0.000292062759
  90.  40.
  16777216.
  75.  24.
  0.000447034836  0.000143051147
  90.  50.
  16777216.
  25.  18.
  0.000149011612  0.000107288361
  90.  60.
  16777216.
  10.  8.
  5.96046448E-05  4.76837158E-05
  90.  70.
  16777216.
  1.  4.
  5.96046448E-06  2.38418579E-05
  90.  80.
  16777216.
  1.  0.
  5.96046448E-06  0.
  90.  90.
  16777216.
  3.  0.
  1.78813934E-05  0.
  90.  100.
  16777216.
  0.  0.
  0.  0.
  100.  0.
  16777216.
  58610.  981.
  0.349342823  0.00584721565
  100.  10.
  16777216.
  1334.  126.
  0.00795125961  0.000751018524
  100.  20.
  16777216.
  417.  41.
  0.00248551369  0.000244379044
  100.  30.
  16777216.
  120.  26.
  0.000715255737  0.000154972076
  100.  40.
  16777216.
  54.  11.
  0.000321865082  6.55651093E-05
  100.  50.
  16777216.
  37.  4.
  0.000220537186  2.38418579E-05
  100.  60.
  16777216.
  15.  4.
  8.94069672E-05  2.38418579E-05
  100.  70.
  16777216.
  11.  2.
  6.55651093E-05  1.1920929E-05
  100.  80.
  16777216.
  6.  1.
  3.57627869E-05  5.96046448E-06
  100.  90.
  16777216.
  2.  0.
  1.1920929E-05  0.
  100.  100.
  16777216.
  0.  0.
  0.  0.
