  0.  0.
  2130723.
  1198897.  13256.
  56.2671432  0.622136235
  0.  10.
  2130723.
  18130.  1408.
  0.850884914  0.0660808533
  0.  20.
  2130723.
  2681.  224.
  0.125825837  0.0105128633
  0.  30.
  2130723.
  3084.  304.
  0.144739598  0.0142674576
  0.  40.
  2130723.
  1552.  150.
  0.072839126  0.00703986408
  0.  50.
  2130723.
  560.  33.
  0.0262821596  0.00154877012
  0.  60.
  2130723.
  878.  50.
  0.0412066691  0.00234662136
  0.  70.
  2130723.
  449.  19.
  0.0210726596  0.000891716103
  0.  80.
  2130723.
  491.  36.
  0.0230438206  0.00168956735
  0.  90.
  2130723.
  218.  10.
  0.0102312686  0.000469324266
  0.  100.
  2130723.
  48.  0.
  0.00225275639  0.
  10.  0.
  2130723.
  128158.  4960.
  6.01476574  0.232784837
  10.  10.
  2130723.
  6530.  884.
  0.306468755  0.0414882638
  10.  20.
  2130723.
  1097.  209.
  0.0514848717  0.00980887748
  10.  30.
  2130723.
  1185.  259.
  0.0556149259  0.0121554984
  10.  40.
  2130723.
  574.  109.
  0.0269392133  0.0051156343
  10.  50.
  2130723.
  180.  29.
  0.00844783708  0.0013610404
  10.  60.
  2130723.
  251.  48.
  0.0117800394  0.00225275639
  10.  70.
  2130723.
  86.  16.
  0.00403618859  0.000750918814
  10.  80.
  2130723.
  71.  25.
  0.00333220232  0.00117331068
  10.  90.
  2130723.
  19.  3.
  0.000891716103  0.000140797274
  10.  100.
  2130723.
  2.  0.
  9.38648518E-05  0.
  20.  0.
  2130723.
  37840.  1871.
  1.77592301  0.0878105685
  20.  10.
  2130723.
  2404.  389.
  0.11282555  0.0182567146
  20.  20.
  2130723.
  368.  84.
  0.0172711331  0.00394232385
  20.  30.
  2130723.
  421.  111.
  0.0197585523  0.0052094995
  20.  40.
  2130723.
  186.  36.
  0.00872943085  0.00168956735
  20.  50.
  2130723.
  60.  6.
  0.00281594554  0.000281594548
  20.  60.
  2130723.
  65.  15.
  0.00305060763  0.000703986385
  20.  70.
  2130723.
  13.  3.
  0.000610121526  0.000140797274
  20.  80.
  2130723.
  27.  4.
  0.00126717554  0.000187729704
  20.  90.
  2130723.
  4.  1.
  0.000187729704  4.69324259E-05
  20.  100.
  2130723.
  1.  0.
  4.69324259E-05  0.
  30.  0.
  2130723.
  71931.  3894.
  3.37589645  0.182754874
  30.  10.
  2130723.
  4355.  708.
  0.20439072  0.033228159
  30.  20.
  2130723.
  686.  127.
  0.0321956426  0.00596041791
  30.  30.
  2130723.
  719.  148.
  0.0337444134  0.00694599887
  30.  40.
  2130723.
  319.  53.
  0.0149714444  0.00248741847
  30.  50.
  2130723.
  109.  17.
  0.0051156343  0.000797851244
  30.  60.
  2130723.
  147.  27.
  0.00689906674  0.00126717554
  30.  70.
  2130723.
  40.  11.
  0.00187729707  0.000516256667
  30.  80.
  2130723.
  23.  12.
  0.00107944582  0.000563189096
  30.  90.
  2130723.
  10.  0.
  0.000469324266  0.
  30.  100.
  2130723.
  1.  1.
  4.69324259E-05  4.69324259E-05
  40.  0.
  2130723.
  51723.  3296.
  2.42748594  0.154689282
  40.  10.
  2130723.
  3208.  678.
  0.150559217  0.0318201855
  40.  20.
  2130723.
  554.  125.
  0.0260005649  0.00586655317
  40.  30.
  2130723.
  490.  150.
  0.0229968894  0.00703986408
  40.  40.
  2130723.
  211.  69.
  0.00990274176  0.00323833735
  40.  50.
  2130723.
  73.  22.
  0.00342606707  0.00103251333
  40.  60.
  2130723.
  98.  21.
  0.00459937798  0.000985580962
  40.  70.
  2130723.
  36.  5.
  0.00168956735  0.000234662133
  40.  80.
  2130723.
  16.  4.
  0.000750918814  0.000187729704
  40.  90.
  2130723.
  6.  1.
  0.000281594548  4.69324259E-05
  40.  100.
  2130723.
  1.  0.
  4.69324259E-05  0.
  50.  0.
  2130723.
  24571.  1604.
  1.15317667  0.0752796084
  50.  10.
  2130723.
  1588.  344.
  0.0745286942  0.0161447544
  50.  20.
  2130723.
  233.  67.
  0.0109352553  0.0031444726
  50.  30.
  2130723.
  220.  85.
  0.0103251338  0.00398925645
  50.  40.
  2130723.
  79.  56.
  0.00370766176  0.00262821582
  50.  50.
  2130723.
  27.  16.
  0.00126717554  0.000750918814
  50.  60.
  2130723.
  39.  6.
  0.00183036458  0.000281594548
  50.  70.
  2130723.
  9.  3.
  0.000422391837  0.000140797274
  50.  80.
  2130723.
  9.  1.
  0.000422391837  4.69324259E-05
  50.  90.
  2130723.
  2.  2.
  9.38648518E-05  9.38648518E-05
  50.  100.
  2130723.
  0.  1.
  0.  4.69324259E-05
  60.  0.
  2130723.
  53914.  3580.
  2.53031492  0.168018088
  60.  10.
  2130723.
  3248.  881.
  0.152436525  0.0413474664
  60.  20.
  2130723.
  430.  165.
  0.0201809425  0.00774385035
  60.  30.
  2130723.
  416.  191.
  0.0195238888  0.0089640934
  60.  40.
  2130723.
  184.  89.
  0.00863556657  0.00417698594
  60.  50.
  2130723.
  59.  29.
  0.00276901317  0.0013610404
  60.  60.
  2130723.
  60.  38.
  0.00281594554  0.00178343221
  60.  70.
  2130723.
  19.  6.
  0.000891716103  0.000281594548
  60.  80.
  2130723.
  25.  3.
  0.00117331068  0.000140797274
  60.  90.
  2130723.
  10.  5.
  0.000469324266  0.000234662133
  60.  100.
  2130723.
  2.  2.
  9.38648518E-05  9.38648518E-05
  70.  0.
  2130723.
  51754.  3773.
  2.42894077  0.177076042
  70.  10.
  2130723.
  2263.  517.
  0.106208079  0.0242640637
  70.  20.
  2130723.
  292.  108.
  0.0137042683  0.00506870216
  70.  30.
  2130723.
  312.  129.
  0.0146429166  0.00605428312
  70.  40.
  2130723.
  178.  58.
  0.00835397188  0.0027220808
  70.  50.
  2130723.
  47.  20.
  0.00220582401  0.000938648533
  70.  60.
  2130723.
  54.  25.
  0.00253435108  0.00117331068
  70.  70.
  2130723.
  14.  6.
  0.000657053955  0.000281594548
  70.  80.
  2130723.
  15.  2.
  0.000703986385  9.38648518E-05
  70.  90.
  2130723.
  10.  6.
  0.000469324266  0.000281594548
  70.  100.
  2130723.
  17.  8.
  0.000797851244  0.000375459407
  80.  0.
  2130723.
  61286.  4752.
  2.87630057  0.223022893
  80.  10.
  2130723.
  3769.  1161.
  0.176888317  0.0544885471
  80.  20.
  2130723.
  595.  269.
  0.0279247928  0.0126248226
  80.  30.
  2130723.
  593.  341.
  0.0278309286  0.016003957
  80.  40.
  2130723.
  267.  162.
  0.0125309573  0.007603053
  80.  50.
  2130723.
  76.  31.
  0.00356686441  0.00145490526
  80.  60.
  2130723.
  123.  54.
  0.00577268843  0.00253435108
  80.  70.
  2130723.
  31.  21.
  0.00145490526  0.000985580962
  80.  80.
  2130723.
  40.  24.
  0.00187729707  0.00112637819
  80.  90.
  2130723.
  15.  3.
  0.000703986385  0.000140797274
  80.  100.
  2130723.
  12.  4.
  0.000563189096  0.000187729704
  90.  0.
  2130723.
  82301.  7795.
  3.86258554  0.365838259
  90.  10.
  2130723.
  6256.  2188.
  0.293609262  0.102688149
  90.  20.
  2130723.
  970.  558.
  0.0455244519  0.0261882935
  90.  30.
  2130723.
  932.  610.
  0.0437410213  0.0286287796
  90.  40.
  2130723.
  362.  258.
  0.0169895384  0.0121085662
  90.  50.
  2130723.
  78.  73.
  0.00366072915  0.00342606707
  90.  60.
  2130723.
  98.  105.
  0.00459937798  0.00492790481
  90.  70.
  2130723.
  34.  27.
  0.00159570249  0.00126717554
  90.  80.
  2130723.
  59.  33.
  0.00276901317  0.00154877012
  90.  90.
  2130723.
  33.  11.
  0.00154877012  0.000516256667
  90.  100.
  2130723.
  10.  2.
  0.000469324266  9.38648518E-05
  100.  0.
  2130723.
  171886.  25752.
  8.06702709  1.20860386
  100.  10.
  2130723.
  12649.  5934.
  0.593648255  0.27849701
  100.  20.
  2130723.
  2166.  1293.
  0.101655632  0.0606836267
  100.  30.
  2130723.
  2492.  1645.
  0.116955608  0.07720384
  100.  40.
  2130723.
  935.  689.
  0.0438818187  0.0323364399
  100.  50.
  2130723.
  286.  191.
  0.0134226736  0.0089640934
  100.  60.
  2130723.
  387.  231.
  0.0181628484  0.0108413901
  100.  70.
  2130723.
  135.  77.
  0.00633587735  0.00361379678
  100.  80.
  2130723.
  160.  93.
  0.00750918826  0.00436471542
  100.  90.
  2130723.
  88.  61.
  0.00413005333  0.00286287791
  100.  100.
  2130723.
  12.  6.
  0.000563189096  0.000281594548
