  0.  0.
  2550758.
  1229951.  2095.
  48.2190399  0.0821324512
  0.  10.
  2550758.
  72767.  441.
  2.85275984  0.0172889791
  0.  20.
  2550758.
  32291.  283.
  1.26593745  0.0110947415
  0.  30.
  2550758.
  30733.  308.
  1.20485759  0.0120748421
  0.  40.
  2550758.
  21392.  298.
  0.83865267  0.0116828019
  0.  50.
  2550758.
  23727.  349.
  0.93019408  0.0136822071
  0.  60.
  2550758.
  14593.  257.
  0.572104454  0.010075436
  0.  70.
  2550758.
  11282.  224.
  0.442299902  0.00878170319
  0.  80.
  2550758.
  14004.  297.
  0.549013257  0.0116435979
  0.  90.
  2550758.
  14867.  320.
  0.582846344  0.0125452904
  0.  100.
  2550758.
  31185.  662.
  1.22257781  0.0259530693
  10.  0.
  2550758.
  59570.  604.
  2.33538413  0.023679236
  10.  10.
  2550758.
  12594.  342.
  0.493735582  0.0134077789
  10.  20.
  2550758.
  5676.  182.
  0.222522095  0.00713513372
  10.  30.
  2550758.
  5218.  218.
  0.204566643  0.00854647905
  10.  40.
  2550758.
  3659.  182.
  0.143447548  0.00713513372
  10.  50.
  2550758.
  3164.  173.
  0.124041557  0.00678229751
  10.  60.
  2550758.
  2115.  152.
  0.082916528  0.00595901301
  10.  70.
  2550758.
  1473.  128.
  0.0577475391  0.00501811597
  10.  80.
  2550758.
  1663.  135.
  0.0651963055  0.00529254461
  10.  90.
  2550758.
  1727.  212.
  0.067705363  0.0083112549
  10.  100.
  2550758.
  2841.  383.
  0.111378655  0.0150151448
  20.  0.
  2550758.
  32484.  518.
  1.27350378  0.020307688
  20.  10.
  2550758.
  7178.  297.
  0.281406552  0.0116435979
  20.  20.
  2550758.
  3896.  198.
  0.152738914  0.00776239857
  20.  30.
  2550758.
  3284.  189.
  0.128746048  0.00740956236
  20.  40.
  2550758.
  2561.  199.
  0.100401528  0.00780160259
  20.  50.
  2550758.
  2545.  232.
  0.0997742638  0.00909533538
  20.  60.
  2550758.
  1348.  161.
  0.0528470352  0.00631184923
  20.  70.
  2550758.
  996.  128.
  0.0390472151  0.00501811597
  20.  80.
  2550758.
  1027.  150.
  0.0402625427  0.00588060496
  20.  90.
  2550758.
  970.  175.
  0.0380279124  0.00686070556
  20.  100.
  2550758.
  1260.  323.
  0.0493970811  0.0126629025
  30.  0.
  2550758.
  29431.  513.
  1.15381384  0.0201116689
  30.  10.
  2550758.
  7656.  423.
  0.300146073  0.0165833067
  30.  20.
  2550758.
  4080.  280.
  0.159952447  0.0109771295
  30.  30.
  2550758.
  3849.  304.
  0.150896326  0.011918026
  30.  40.
  2550758.
  2661.  331.
  0.104321934  0.0129765347
  30.  50.
  2550758.
  2296.  355.
  0.0900124609  0.0139174312
  30.  60.
  2550758.
  1534.  250.
  0.0601389855  0.00980100781
  30.  70.
  2550758.
  928.  194.
  0.0363813415  0.00760558248
  30.  80.
  2550758.
  972.  178.
  0.0381063186  0.00697831763
  30.  90.
  2550758.
  990.  254.
  0.0388119929  0.0099578239
  30.  100.
  2550758.
  1019.  373.
  0.0399489105  0.0146231046
  40.  0.
  2550758.
  24400.  547.
  0.956578374  0.0214446057
  40.  10.
  2550758.
  6585.  423.
  0.258158565  0.0165833067
  40.  20.
  2550758.
  3712.  331.
  0.145525366  0.0129765347
  40.  30.
  2550758.
  3353.  368.
  0.131451115  0.0144270845
  40.  40.
  2550758.
  2428.  328.
  0.0951873884  0.0128589226
  40.  50.
  2550758.
  2116.  380.
  0.0829557329  0.0148975328
  40.  60.
  2550758.
  1356.  275.
  0.0531606674  0.0107811093
  40.  70.
  2550758.
  863.  232.
  0.033833079  0.00909533538
  40.  80.
  2550758.
  862.  247.
  0.0337938778  0.00968339574
  40.  90.
  2550758.
  798.  256.
  0.0312848166  0.0100362319
  40.  100.
  2550758.
  722.  351.
  0.0283053108  0.0137606151
  50.  0.
  2550758.
  37386.  1153.
  1.46568191  0.0452022515
  50.  10.
  2550758.
  8287.  909.
  0.324883819  0.035636466
  50.  20.
  2550758.
  5889.  802.
  0.230872542  0.0314416327
  50.  30.
  2550758.
  4459.  815.
  0.174810782  0.0319512859
  50.  40.
  2550758.
  3117.  619.
  0.122198969  0.0242672954
  50.  50.
  2550758.
  3013.  802.
  0.118121751  0.0314416327
  50.  60.
  2550758.
  1514.  470.
  0.059354905  0.0184258949
  50.  70.
  2550758.
  1151.  325.
  0.0451238416  0.0127413105
  50.  80.
  2550758.
  1015.  376.
  0.0397920944  0.0147407167
  50.  90.
  2550758.
  947.  342.
  0.0371262208  0.0134077789
  50.  100.
  2550758.
  882.  478.
  0.0345779583  0.0187395271
  60.  0.
  2550758.
  21869.  730.
  0.857352972  0.0286189429
  60.  10.
  2550758.
  6211.  653.
  0.243496254  0.025600234
  60.  20.
  2550758.
  3781.  580.
  0.148230448  0.0227383394
  60.  30.
  2550758.
  3835.  683.
  0.150347471  0.0267763548
  60.  40.
  2550758.
  2613.  579.
  0.102440134  0.0226991344
  60.  50.
  2550758.
  2238.  708.
  0.0877386257  0.0277564544
  60.  60.
  2550758.
  1522.  501.
  0.0596685372  0.0196412206
  60.  70.
  2550758.
  926.  372.
  0.0363029353  0.0145839006
  60.  80.
  2550758.
  877.  381.
  0.0343819372  0.0149367368
  60.  90.
  2550758.
  740.  385.
  0.029010985  0.0150935529
  60.  100.
  2550758.
  587.  394.
  0.0230127666  0.0154463891
  70.  0.
  2550758.
  21961.  740.
  0.860959768  0.029010985
  70.  10.
  2550758.
  5835.  598.
  0.228755534  0.0234440118
  70.  20.
  2550758.
  3881.  657.
  0.152150854  0.0257570501
  70.  30.
  2550758.
  4018.  827.
  0.157521799  0.0324217342
  70.  40.
  2550758.
  2748.  745.
  0.107732683  0.0292070042
  70.  50.
  2550758.
  2455.  872.
  0.0962458998  0.0341859162
  70.  60.
  2550758.
  1670.  639.
  0.0654707327  0.0250513777
  70.  70.
  2550758.
  964.  431.
  0.0377926864  0.0168969389
  70.  80.
  2550758.
  791.  440.
  0.0310103893  0.0172497742
  70.  90.
  2550758.
  675.  405.
  0.0264627226  0.0158776324
  70.  100.
  2550758.
  503.  405.
  0.0197196286  0.0158776324
  80.  0.
  2550758.
  21700.  845.
  0.850727499  0.0331274085
  80.  10.
  2550758.
  6782.  860.
  0.265881747  0.0337154679
  80.  20.
  2550758.
  4449.  812.
  0.174418747  0.0318336748
  80.  30.
  2550758.
  4816.  1148.
  0.188806623  0.0450062305
  80.  40.
  2550758.
  3691.  1057.
  0.144702092  0.0414386615
  80.  50.
  2550758.
  3057.  1404.
  0.119846731  0.0550424606
  80.  60.
  2550758.
  2224.  1010.
  0.0871897712  0.0395960733
  80.  70.
  2550758.
  1258.  759.
  0.049318675  0.0297558606
  80.  80.
  2550758.
  1231.  785.
  0.0482601635  0.0307751652
  80.  90.
  2550758.
  931.  728.
  0.0364989527  0.0285405349
  80.  100.
  2550758.
  586.  581.
  0.0229735635  0.0227775425
  90.  0.
  2550758.
  26796.  1109.
  1.05051124  0.0434772708
  90.  10.
  2550758.
  9415.  1183.
  0.369105965  0.0463783704
  90.  20.
  2550758.
  6167.  1292.
  0.241771266  0.0506516099
  90.  30.
  2550758.
  7147.  1856.
  0.280191213  0.072762683
  90.  40.
  2550758.
  5938.  1980.
  0.23279354  0.0776239857
  90.  50.
  2550758.
  4746.  2283.
  0.186062336  0.089502804
  90.  60.
  2550758.
  3427.  1842.
  0.134352222  0.0722138286
  90.  70.
  2550758.
  1996.  1295.
  0.0782512501  0.050769221
  90.  80.
  2550758.
  1914.  1476.
  0.0750365183  0.057865154
  90.  90.
  2550758.
  1400.  1384.
  0.0548856445  0.0542583801
  90.  100.
  2550758.
  758.  939.
  0.0297166575  0.0368125848
  100.  0.
  2550758.
  108144.  6430.
  4.23968077  0.252081931
  100.  10.
  2550758.
  39510.  5555.
  1.54895139  0.2177784
  100.  20.
  2550758.
  30832.  6501.
  1.20873868  0.254865408
  100.  30.
  2550758.
  37129.  10476.
  1.45560658  0.410701454
  100.  40.
  2550758.
  32062.  12248.
  1.25695968  0.480170995
  100.  50.
  2550758.
  28447.  16879.
  1.11523712  0.661724865
  100.  60.
  2550758.
  21876.  14360.
  0.857627392  0.562969923
  100.  70.
  2550758.
  13420.  12340.
  0.5261181  0.483777761
  100.  80.
  2550758.
  12182.  13449.
  0.477583528  0.527255058
  100.  90.
  2550758.
  7692.  11913.
  0.301557422  0.467037648
  100.  100.
  2550758.
  3205.  6215.
  0.125648931  0.243653059
