  0.  0.
  6132511.
  4560051.  4882.
  74.3586273  0.0796085
  0.  10.
  6132511.
  272620.  1222.
  4.4454875  0.0199265853
  0.  20.
  6132511.
  161400.  856.
  2.63187456  0.0139583936
  0.  30.
  6132511.
  116847.  652.
  1.90536964  0.0106318602
  0.  40.
  6132511.
  92257.  553.
  1.50439191  0.00901751313
  0.  50.
  6132511.
  106135.  629.
  1.73069406  0.0102568101
  0.  60.
  6132511.
  65328.  434.
  1.06527328  0.00707703596
  0.  70.
  6132511.
  60903.  430.
  0.993116856  0.00701180985
  0.  80.
  6132511.
  62665.  463.
  1.02184892  0.00754992524
  0.  90.
  6132511.
  70634.  545.
  1.15179574  0.00888706092
  0.  100.
  6132511.
  118855.  1041.
  1.93811309  0.0169751029
  10.  0.
  6132511.
  35820.  607.
  0.584100068  0.00989806652
  10.  10.
  6132511.
  9929.  396.
  0.161907583  0.00645738747
  10.  20.
  6132511.
  6839.  348.
  0.111520387  0.00567467371
  10.  30.
  6132511.
  5369.  334.
  0.0875497833  0.00544638233
  10.  40.
  6132511.
  4658.  266.
  0.075955838  0.00433753803
  10.  50.
  6132511.
  5981.  358.
  0.0975293815  0.00583773945
  10.  60.
  6132511.
  4277.  245.
  0.0697430447  0.00399510097
  10.  70.
  6132511.
  4215.  233.
  0.0687320381  0.00379942241
  10.  80.
  6132511.
  4849.  246.
  0.0790703818  0.00401140749
  10.  90.
  6132511.
  5775.  262.
  0.0941702351  0.00427231193
  10.  100.
  6132511.
  9793.  426.
  0.159689888  0.00694658374
  20.  0.
  6132511.
  21595.  326.
  0.352139592  0.00531593012
  20.  10.
  6132511.
  5569.  168.
  0.0908110887  0.00273949769
  20.  20.
  6132511.
  3499.  202.
  0.0570565611  0.00329391984
  20.  30.
  6132511.
  2933.  249.
  0.047827065  0.00406032708
  20.  40.
  6132511.
  2430.  221.
  0.0396248773  0.00360374409
  20.  50.
  6132511.
  3228.  309.
  0.0526374914  0.00503871916
  20.  60.
  6132511.
  2339.  220.
  0.0381409824  0.00358743756
  20.  70.
  6132511.
  2417.  224.
  0.0394128934  0.00365266367
  20.  80.
  6132511.
  2586.  222.
  0.0421686955  0.00362005061
  20.  90.
  6132511.
  3035.  248.
  0.0494903326  0.00404402055
  20.  100.
  6132511.
  5617.  424.
  0.091593802  0.00691397069
  30.  0.
  6132511.
  14473.  260.
  0.236004472  0.00423969887
  30.  10.
  6132511.
  3542.  135.
  0.0577577427  0.00220138207
  30.  20.
  6132511.
  2313.  131.
  0.0377170146  0.00213615596
  30.  30.
  6132511.
  1905.  152.
  0.0310639478  0.00247859326
  30.  40.
  6132511.
  1784.  151.
  0.0290908571  0.00246228673
  30.  50.
  6132511.
  2269.  270.
  0.0369995274  0.00440276414
  30.  60.
  6132511.
  1664.  224.
  0.027134072  0.00365266367
  30.  70.
  6132511.
  1701.  240.
  0.0277374145  0.00391356833
  30.  80.
  6132511.
  1829.  242.
  0.0298246518  0.00394618139
  30.  90.
  6132511.
  2083.  292.
  0.0339665115  0.0047615082
  30.  100.
  6132511.
  3728.  490.
  0.0607907586  0.00799020194
  40.  0.
  6132511.
  11617.  204.
  0.189433008  0.0033265329
  40.  10.
  6132511.
  2581.  99.
  0.0420871638  0.00161434687
  40.  20.
  6132511.
  1851.  122.
  0.0301833954  0.00198939722
  40.  30.
  6132511.
  1458.  115.
  0.0237749275  0.00187525142
  40.  40.
  6132511.
  1438.  127.
  0.0234487969  0.00207092986
  40.  50.
  6132511.
  1863.  234.
  0.0303790737  0.00381572894
  40.  60.
  6132511.
  1412.  192.
  0.0230248254  0.00313085457
  40.  70.
  6132511.
  1378.  227.
  0.0224704035  0.00370158325
  40.  80.
  6132511.
  1571.  262.
  0.025617566  0.00427231193
  40.  90.
  6132511.
  1714.  351.
  0.0279494002  0.00572359329
  40.  100.
  6132511.
  3013.  463.
  0.0491315871  0.00754992524
  50.  0.
  6132511.
  14786.  257.
  0.241108418  0.00419077929
  50.  10.
  6132511.
  3030.  148.
  0.0494087972  0.00241336715
  50.  20.
  6132511.
  2036.  145.
  0.0332001038  0.00236444734
  50.  30.
  6132511.
  1580.  152.
  0.0257643238  0.00247859326
  50.  40.
  6132511.
  1483.  155.
  0.0241825897  0.00252751284
  50.  50.
  6132511.
  2021.  293.
  0.032955505  0.00477781473
  50.  60.
  6132511.
  1432.  278.
  0.0233509578  0.00453321636
  50.  70.
  6132511.
  1622.  333.
  0.0264491979  0.00543007581
  50.  80.
  6132511.
  1883.  387.
  0.0307052042  0.00631062873
  50.  90.
  6132511.
  2014.  520.
  0.0328413583  0.00847939774
  50.  100.
  6132511.
  3301.  749.
  0.0538278706  0.0122135943
  60.  0.
  6132511.
  8851.  156.
  0.144329131  0.00254381937
  60.  10.
  6132511.
  1847.  96.
  0.0301181693  0.00156542729
  60.  20.
  6132511.
  1223.  97.
  0.0199428909  0.00158173381
  60.  30.
  6132511.
  1032.  84.
  0.0168283433  0.00136974885
  60.  40.
  6132511.
  903.  122.
  0.0147248004  0.00198939722
  60.  50.
  6132511.
  1183.  160.
  0.0192906298  0.00260904548
  60.  60.
  6132511.
  902.  152.
  0.0147084938  0.00247859326
  60.  70.
  6132511.
  997.  230.
  0.0162576139  0.00375050283
  60.  80.
  6132511.
  1251.  304.
  0.0203994736  0.00495718652
  60.  90.
  6132511.
  1412.  409.
  0.0230248254  0.00666937232
  60.  100.
  6132511.
  2181.  585.
  0.0355645493  0.00953932293
  70.  0.
  6132511.
  7924.  168.
  0.129212976  0.00273949769
  70.  10.
  6132511.
  1693.  104.
  0.0276069622  0.0016958795
  70.  20.
  6132511.
  1258.  109.
  0.0205136202  0.00177741225
  70.  30.
  6132511.
  1029.  128.
  0.0167794228  0.00208723638
  70.  40.
  6132511.
  853.  101.
  0.013909474  0.00164695992
  70.  50.
  6132511.
  1044.  149.
  0.0170240216  0.00242967368
  70.  60.
  6132511.
  827.  184.
  0.0134855034  0.00300040236
  70.  70.
  6132511.
  943.  260.
  0.0153770614  0.00423969887
  70.  80.
  6132511.
  1115.  378.
  0.0181817859  0.00616386998
  70.  90.
  6132511.
  1356.  538.
  0.0221116599  0.00877291523
  70.  100.
  6132511.
  1901.  723.
  0.0309987217  0.0117896246
  80.  0.
  6132511.
  7678.  193.
  0.125201568  0.0031471611
  80.  10.
  6132511.
  1660.  109.
  0.0270688459  0.00177741225
  80.  20.
  6132511.
  1278.  137.
  0.0208397508  0.00223399512
  80.  30.
  6132511.
  1050.  140.
  0.0171218608  0.00228291471
  80.  40.
  6132511.
  906.  137.
  0.0147737199  0.00223399512
  80.  50.
  6132511.
  1084.  211.
  0.0176762827  0.00344067882
  80.  60.
  6132511.
  778.  229.
  0.0126864836  0.0037341963
  80.  70.
  6132511.
  871.  271.
  0.0142029915  0.00441907067
  80.  80.
  6132511.
  1168.  391.
  0.0190460328  0.00637585483
  80.  90.
  6132511.
  1357.  537.
  0.0221279673  0.0087566087
  80.  100.
  6132511.
  1813.  763.
  0.0295637455  0.0124418857
  90.  0.
  6132511.
  8618.  185.
  0.140529707  0.00301670888
  90.  10.
  6132511.
  2079.  119.
  0.0339012854  0.00194047752
  90.  20.
  6132511.
  1358.  160.
  0.0221442729  0.00260904548
  90.  30.
  6132511.
  1160.  205.
  0.0189155787  0.00334283942
  90.  40.
  6132511.
  986.  198.
  0.016078243  0.00322869373
  90.  50.
  6132511.
  1264.  323.
  0.0206114594  0.00526701054
  90.  60.
  6132511.
  797.  307.
  0.0129963076  0.0050061061
  90.  70.
  6132511.
  881.  341.
  0.0143660568  0.00556052802
  90.  80.
  6132511.
  1084.  450.
  0.0176762827  0.00733794039
  90.  90.
  6132511.
  1462.  668.
  0.0238401536  0.0108927647
  90.  100.
  6132511.
  1821.  892.
  0.0296941996  0.0145454286
  100.  0.
  6132511.
  22312.  976.
  0.363831401  0.0159151778
  100.  10.
  6132511.
  6126.  724.
  0.0998938307  0.0118059311
  100.  20.
  6132511.
  4533.  845.
  0.0739175156  0.0137790218
  100.  30.
  6132511.
  3761.  936.
  0.0613288768  0.0152629158
  100.  40.
  6132511.
  3136.  960.
  0.0511372909  0.0156542733
  100.  50.
  6132511.
  3716.  1296.
  0.0605950803  0.0211332683
  100.  60.
  6132511.
  2499.  1100.
  0.0407500304  0.0179371871
  100.  70.
  6132511.
  2268.  1225.
  0.036983218  0.0199755039
  100.  80.
  6132511.
  2093.  1330.
  0.0341295749  0.0216876902
  100.  90.
  6132511.
  2301.  1422.
  0.0375213362  0.0231878906
  100.  100.
  6132511.
  2636.  1771.
  0.0429840237  0.0288788714
