  0.  0.
  2566032.
  1295921.  3033.
  50.5029182  0.118198059
  0.  10.
  2566032.
  79818.  715.
  3.11056137  0.0278640334
  0.  20.
  2566032.
  36614.  377.
  1.42687225  0.0146919442
  0.  30.
  2566032.
  34024.  413.
  1.32593822  0.0160948895
  0.  40.
  2566032.
  25123.  383.
  0.979060292  0.0149257686
  0.  50.
  2566032.
  25524.  431.
  0.994687498  0.0167963617
  0.  60.
  2566032.
  17236.  313.
  0.67169857  0.0121978214
  0.  70.
  2566032.
  13805.  237.
  0.537990153  0.00923604984
  0.  80.
  2566032.
  17232.  278.
  0.671542704  0.0108338473
  0.  90.
  2566032.
  18546.  340.
  0.722750127  0.0132500296
  0.  100.
  2566032.
  35581.  685.
  1.38661563  0.0266949125
  10.  0.
  2566032.
  62652.  956.
  2.44159079  0.0372559652
  10.  10.
  2566032.
  12616.  419.
  0.491654038  0.0163287129
  10.  20.
  2566032.
  5136.  252.
  0.200153396  0.00982061028
  10.  30.
  2566032.
  4757.  269.
  0.185383499  0.0104831113
  10.  40.
  2566032.
  3354.  201.
  0.130707651  0.00783310551
  10.  50.
  2566032.
  2639.  204.
  0.102843612  0.00795001816
  10.  60.
  2566032.
  2060.  168.
  0.0802795887  0.00654707337
  10.  70.
  2566032.
  1392.  143.
  0.0542471819  0.00557280658
  10.  80.
  2566032.
  1652.  202.
  0.064379558  0.00787207671
  10.  90.
  2566032.
  1699.  244.
  0.0662111789  0.00950884447
  10.  100.
  2566032.
  2686.  363.
  0.104675233  0.014146355
  20.  0.
  2566032.
  30802.  702.
  1.20037472  0.0273574144
  20.  10.
  2566032.
  6587.  315.
  0.25669983  0.0122757629
  20.  20.
  2566032.
  3375.  282.
  0.131526023  0.0109897302
  20.  30.
  2566032.
  2692.  215.
  0.104909055  0.00837869477
  20.  40.
  2566032.
  1871.  156.
  0.072914131  0.00607942557
  20.  50.
  2566032.
  1744.  202.
  0.0679648593  0.00787207671
  20.  60.
  2566032.
  1066.  137.
  0.0415427387  0.00533898268
  20.  70.
  2566032.
  804.  116.
  0.031332422  0.00452059833
  20.  80.
  2566032.
  776.  144.
  0.0302412435  0.00561177731
  20.  90.
  2566032.
  711.  178.
  0.0277081504  0.00693678018
  20.  100.
  2566032.
  1071.  290.
  0.0417375937  0.0113014961
  30.  0.
  2566032.
  30712.  807.
  1.19686735  0.0314493366
  30.  10.
  2566032.
  7436.  490.
  0.289785951  0.0190956313
  30.  20.
  2566032.
  3529.  324.
  0.137527511  0.0126264989
  30.  30.
  2566032.
  3179.  366.
  0.123887777  0.0142632676
  30.  40.
  2566032.
  2131.  275.
  0.0830465108  0.0107169356
  30.  50.
  2566032.
  1674.  264.
  0.0652369112  0.0102882581
  30.  60.
  2566032.
  1181.  206.
  0.0460243672  0.00802795868
  30.  70.
  2566032.
  799.  155.
  0.0311375689  0.00604045484
  30.  80.
  2566032.
  893.  217.
  0.0348008126  0.00845663622
  30.  90.
  2566032.
  761.  206.
  0.029656684  0.00802795868
  30.  100.
  2566032.
  954.  293.
  0.0371780246  0.0114184078
  40.  0.
  2566032.
  26301.  826.
  1.02496779  0.032189779
  40.  10.
  2566032.
  6564.  549.
  0.255803525  0.021394901
  40.  20.
  2566032.
  3333.  422.
  0.129889265  0.0164456256
  40.  30.
  2566032.
  2829.  393.
  0.110248044  0.0153154759
  40.  40.
  2566032.
  1951.  297.
  0.0760317892  0.0115742907
  40.  50.
  2566032.
  1569.  313.
  0.061144989  0.0121978214
  40.  60.
  2566032.
  1108.  236.
  0.0431795083  0.00919707958
  40.  70.
  2566032.
  741.  172.
  0.0288772713  0.00670295628
  40.  80.
  2566032.
  779.  231.
  0.0303581562  0.0090022264
  40.  90.
  2566032.
  650.  235.
  0.0253309384  0.00915810838
  40.  100.
  2566032.
  741.  316.
  0.0288772713  0.0123147331
  50.  0.
  2566032.
  37163.  1572.
  1.44826722  0.0612619035
  50.  10.
  2566032.
  7841.  970.
  0.305569053  0.0378015563
  50.  20.
  2566032.
  4532.  850.
  0.176615104  0.0331250727
  50.  30.
  2566032.
  3569.  785.
  0.139086336  0.0305919796
  50.  40.
  2566032.
  2448.  596.
  0.0954002142  0.0232265219
  50.  50.
  2566032.
  2393.  645.
  0.0932568237  0.0251360852
  50.  60.
  2566032.
  1243.  412.
  0.0484405495  0.0160559174
  50.  70.
  2566032.
  838.  295.
  0.0326574259  0.0114963492
  50.  80.
  2566032.
  796.  314.
  0.0310206581  0.0122367917
  50.  90.
  2566032.
  746.  279.
  0.0290721245  0.0108728185
  50.  100.
  2566032.
  769.  381.
  0.0299684498  0.0148478271
  60.  0.
  2566032.
  24119.  1004.
  0.939933717  0.0391265564
  60.  10.
  2566032.
  6648.  820.
  0.259077042  0.0319559537
  60.  20.
  2566032.
  3491.  582.
  0.136046633  0.0226809327
  60.  30.
  2566032.
  3055.  696.
  0.119055413  0.0271235909
  60.  40.
  2566032.
  2115.  567.
  0.0824229792  0.0220963731
  60.  50.
  2566032.
  1659.  598.
  0.0646523535  0.0233044643
  60.  60.
  2566032.
  1131.  389.
  0.0440758355  0.015159593
  60.  70.
  2566032.
  686.  304.
  0.0267338827  0.0118470853
  60.  80.
  2566032.
  692.  343.
  0.026967708  0.0133669414
  60.  90.
  2566032.
  582.  292.
  0.0226809327  0.0113794375
  60.  100.
  2566032.
  627.  341.
  0.0244346131  0.0132889999
  70.  0.
  2566032.
  23164.  1077.
  0.902716696  0.041971419
  70.  10.
  2566032.
  5688.  793.
  0.221665204  0.0309037454
  70.  20.
  2566032.
  3191.  653.
  0.124355428  0.025447851
  70.  30.
  2566032.
  2722.  717.
  0.106078178  0.0279419739
  70.  40.
  2566032.
  1991.  630.
  0.0775906146  0.0245515257
  70.  50.
  2566032.
  1709.  748.
  0.0666008815  0.029150065
  70.  60.
  2566032.
  1077.  456.
  0.041971419  0.0177706275
  70.  70.
  2566032.
  696.  334.
  0.0271235909  0.0130162053
  70.  80.
  2566032.
  639.  360.
  0.0249022618  0.0140294433
  70.  90.
  2566032.
  518.  309.
  0.0201868098  0.0120419385
  70.  100.
  2566032.
  436.  352.
  0.0169912148  0.0137176774
  80.  0.
  2566032.
  25009.  1204.
  0.9746176  0.0469206944
  80.  10.
  2566032.
  7393.  1061.
  0.288110197  0.0413478874
  80.  20.
  2566032.
  3817.  875.
  0.148751065  0.0340993404
  80.  30.
  2566032.
  3830.  1028.
  0.14925769  0.0400618538
  80.  40.
  2566032.
  2642.  946.
  0.102960527  0.0368662588
  80.  50.
  2566032.
  2116.  1026.
  0.0824619457  0.0399839133
  80.  60.
  2566032.
  1484.  741.
  0.0578324832  0.0288772713
  80.  70.
  2566032.
  876.  549.
  0.0341383107  0.021394901
  80.  80.
  2566032.
  790.  596.
  0.0307868328  0.0232265219
  80.  90.
  2566032.
  610.  548.
  0.0237721112  0.0213559307
  80.  100.
  2566032.
  544.  507.
  0.0212000478  0.0197581332
  90.  0.
  2566032.
  30659.  1609.
  1.19480193  0.0627038181
  90.  10.
  2566032.
  10706.  1558.
  0.417220056  0.0607163124
  90.  20.
  2566032.
  5486.  1433.
  0.213793129  0.0558449775
  90.  30.
  2566032.
  5465.  1699.
  0.212974742  0.0662111789
  90.  40.
  2566032.
  3971.  1621.
  0.154752553  0.0631714612
  90.  50.
  2566032.
  2965.  1786.
  0.115548052  0.0696016252
  90.  60.
  2566032.
  2038.  1205.
  0.0794222355  0.0469596647
  90.  70.
  2566032.
  1205.  897.
  0.0469596647  0.0349566974
  90.  80.
  2566032.
  1257.  1026.
  0.0489861406  0.0399839133
  90.  90.
  2566032.
  870.  858.
  0.0339044891  0.0334368385
  90.  100.
  2566032.
  684.  736.
  0.0266559422  0.0286824163
  100.  0.
  2566032.
  137326.  9367.
  5.35168695  0.365038306
  100.  10.
  2566032.
  49227.  8358.
  1.91840947  0.325716913
  100.  20.
  2566032.
  28286.  7744.
  1.10232449  0.301788896
  100.  30.
  2566032.
  28107.  10030.
  1.09534872  0.390875876
  100.  40.
  2566032.
  20104.  9668.
  0.783466458  0.3767685
  100.  50.
  2566032.
  15993.  10788.
  0.623257995  0.42041564
  100.  60.
  2566032.
  10288.  7713.
  0.400930315  0.300580829
  100.  70.
  2566032.
  5700.  5597.
  0.222132847  0.218118876
  100.  80.
  2566032.
  5313.  5409.
  0.207051203  0.210792378
  100.  90.
  2566032.
  3539.  4353.
  0.137917221  0.169639349
  100.  100.
  2566032.
  1783.  2638.
  0.0694847107  0.102804638
