  0.  0.
  2420929.
  1093662.  2607.
  45.1753044  0.107685931
  0.  10.
  2420929.
  85967.  499.
  3.55099225  0.0206119213
  0.  20.
  2420929.
  49355.  380.
  2.03868008  0.0156964529
  0.  30.
  2420929.
  35575.  296.
  1.46947718  0.012226711
  0.  40.
  2420929.
  27895.  295.
  1.15224361  0.012185405
  0.  50.
  2420929.
  33707.  450.
  1.3923167  0.0185879059
  0.  60.
  2420929.
  18408.  279.
  0.760369241  0.0115245013
  0.  70.
  2420929.
  16722.  234.
  0.690726578  0.00966571085
  0.  80.
  2420929.
  15423.  238.
  0.637069464  0.00983093679
  0.  90.
  2420929.
  15342.  205.
  0.633723676  0.00846782327
  0.  100.
  2420929.
  18701.  211.
  0.772472084  0.00871566217
  10.  0.
  2420929.
  69395.  1461.
  2.86646152  0.0603487343
  10.  10.
  2420929.
  13201.  417.
  0.545286536  0.0172247924
  10.  20.
  2420929.
  7266.  280.
  0.300132722  0.0115658082
  10.  30.
  2420929.
  4968.  215.
  0.205210477  0.00888088811
  10.  40.
  2420929.
  4011.  174.
  0.1656802  0.00718732364
  10.  50.
  2420929.
  4999.  277.
  0.206490979  0.0114418883
  10.  60.
  2420929.
  2882.  184.
  0.119045213  0.00760038802
  10.  70.
  2420929.
  2703.  187.
  0.111651354  0.00772430748
  10.  80.
  2420929.
  2479.  164.
  0.102398708  0.0067742588
  10.  90.
  2420929.
  2347.  142.
  0.0969462544  0.00586551707
  10.  100.
  2420929.
  2730.  181.
  0.112766631  0.00747646857
  20.  0.
  2420929.
  45642.  1411.
  1.88530934  0.058283411
  20.  10.
  2420929.
  10308.  465.
  0.425786972  0.0192075018
  20.  20.
  2420929.
  5730.  351.
  0.236686006  0.0144985663
  20.  30.
  2420929.
  3877.  278.
  0.160145134  0.0114831952
  20.  40.
  2420929.
  2854.  274.
  0.117888629  0.0113179693
  20.  50.
  2420929.
  3418.  336.
  0.141185477  0.0138789695
  20.  60.
  2420929.
  1952.  214.
  0.0806302056  0.00883958209
  20.  70.
  2420929.
  1674.  177.
  0.0691470057  0.0073112431
  20.  80.
  2420929.
  1460.  171.
  0.0603074282  0.00706340419
  20.  90.
  2420929.
  1439.  145.
  0.0594399907  0.00598943606
  20.  100.
  2420929.
  1467.  140.
  0.0605965741  0.0057829041
  30.  0.
  2420929.
  35550.  1381.
  1.46844459  0.0570442155
  30.  10.
  2420929.
  8976.  627.
  0.370766759  0.0258991495
  30.  20.
  2420929.
  5047.  409.
  0.208473682  0.0168943405
  30.  30.
  2420929.
  3393.  346.
  0.140152812  0.0142920343
  30.  40.
  2420929.
  2544.  300.
  0.105083629  0.012391937
  30.  50.
  2420929.
  2947.  390.
  0.121730126  0.0161095187
  30.  60.
  2420929.
  1568.  226.
  0.064768523  0.00933525898
  30.  70.
  2420929.
  1346.  212.
  0.0555984899  0.00875696912
  30.  80.
  2420929.
  1191.  171.
  0.04919599  0.00706340419
  30.  90.
  2420929.
  993.  155.
  0.0410173126  0.00640250091
  30.  100.
  2420929.
  959.  134.
  0.039612893  0.0055350652
  40.  0.
  2420929.
  29352.  1569.
  1.21242714  0.064809829
  40.  10.
  2420929.
  8535.  843.
  0.352550626  0.0348213427
  40.  20.
  2420929.
  4791.  566.
  0.197899237  0.0233794544
  40.  30.
  2420929.
  3239.  429.
  0.133791611  0.0177204702
  40.  40.
  2420929.
  2398.  347.
  0.0990528837  0.0143333403
  40.  50.
  2420929.
  2769.  486.
  0.114377581  0.0200749375
  40.  60.
  2420929.
  1459.  260.
  0.0602661222  0.0107396785
  40.  70.
  2420929.
  1149.  225.
  0.0474611185  0.00929395296
  40.  80.
  2420929.
  1010.  177.
  0.0417195223  0.0073112431
  40.  90.
  2420929.
  829.  162.
  0.0342430547  0.00669164583
  40.  100.
  2420929.
  732.  169.
  0.0302363262  0.00698079122
  50.  0.
  2420929.
  40916.  2504.
  1.69009495  0.103431366
  50.  10.
  2420929.
  12654.  1614.
  0.522691905  0.0666686222
  50.  20.
  2420929.
  7710.  1217.
  0.318472773  0.0502699576
  50.  30.
  2420929.
  5133.  987.
  0.212026045  0.0407694727
  50.  40.
  2420929.
  3702.  759.
  0.152916506  0.0313515998
  50.  50.
  2420929.
  4154.  910.
  0.17158702  0.0375888757
  50.  60.
  2420929.
  2158.  532.
  0.0891393349  0.0219750348
  50.  70.
  2420929.
  1787.  466.
  0.073814638  0.0192488097
  50.  80.
  2420929.
  1290.  371.
  0.0532853305  0.015324696
  50.  90.
  2420929.
  982.  298.
  0.0405629426  0.012309324
  50.  100.
  2420929.
  842.  257.
  0.0347800367  0.0106157595
  60.  0.
  2420929.
  24540.  1799.
  1.01366043  0.0743103176
  60.  10.
  2420929.
  8165.  1449.
  0.33726722  0.0598530546
  60.  20.
  2420929.
  5272.  1130.
  0.217767641  0.0466762967
  60.  30.
  2420929.
  3655.  965.
  0.150975108  0.0398607329
  60.  40.
  2420929.
  2555.  769.
  0.105537996  0.0317646638
  60.  50.
  2420929.
  2571.  880.
  0.106198899  0.036349684
  60.  60.
  2420929.
  1306.  515.
  0.0539462343  0.0212728251
  60.  70.
  2420929.
  1124.  445.
  0.0464284569  0.018381374
  60.  80.
  2420929.
  784.  320.
  0.0323842615  0.0132180667
  60.  90.
  2420929.
  563.  236.
  0.0232555345  0.00974832382
  60.  100.
  2420929.
  505.  168.
  0.0208597612  0.00693948474
  70.  0.
  2420929.
  22980.  1999.
  0.949222386  0.0825716108
  70.  10.
  2420929.
  8428.  1612.
  0.348130822  0.0665860102
  70.  20.
  2420929.
  5389.  1492.
  0.222600505  0.0616292357
  70.  30.
  2420929.
  3849.  1263.
  0.15898855  0.0521700568
  70.  40.
  2420929.
  2914.  1090.
  0.120367013  0.0450240374
  70.  50.
  2420929.
  2890.  1213.
  0.119375661  0.0501047336
  70.  60.
  2420929.
  1329.  661.
  0.0548962802  0.027303569
  70.  70.
  2420929.
  1109.  512.
  0.0458088592  0.0211489052
  70.  80.
  2420929.
  831.  386.
  0.0343256667  0.0159442928
  70.  90.
  2420929.
  574.  265.
  0.0237099063  0.0109462114
  70.  100.
  2420929.
  426.  202.
  0.0175965503  0.00834390428
  80.  0.
  2420929.
  24138.  2266.
  0.997055292  0.0936004296
  80.  10.
  2420929.
  8899.  2005.
  0.367586166  0.0828194469
  80.  20.
  2420929.
  5887.  1782.
  0.243171111  0.0736081079
  80.  30.
  2420929.
  4321.  1673.
  0.1784852  0.0691056997
  80.  40.
  2420929.
  3587.  1490.
  0.148166269  0.06154662
  80.  50.
  2420929.
  3720.  1899.
  0.153660014  0.0784409642
  80.  60.
  2420929.
  1582.  954.
  0.0653468147  0.0394063592
  80.  70.
  2420929.
  1246.  821.
  0.0514678471  0.0339126028
  80.  80.
  2420929.
  900.  521.
  0.0371758118  0.0215206649
  80.  90.
  2420929.
  580.  387.
  0.0239577442  0.0159855988
  80.  100.
  2420929.
  419.  269.
  0.0173074063  0.0111114373
  90.  0.
  2420929.
  28417.  2571.
  1.17380559  0.106198899
  90.  10.
  2420929.
  10428.  2540.
  0.430743724  0.104918398
  90.  20.
  2420929.
  7426.  2604.
  0.306741744  0.107562013
  90.  30.
  2420929.
  5814.  2702.
  0.240155742  0.111610048
  90.  40.
  2420929.
  4725.  2508.
  0.19517301  0.103596598
  90.  50.
  2420929.
  5205.  3330.
  0.215000108  0.137550503
  90.  60.
  2420929.
  2631.  1894.
  0.10867729  0.0782344267
  90.  70.
  2420929.
  1870.  1460.
  0.0772430748  0.0603074282
  90.  80.
  2420929.
  1403.  1165.
  0.0579529591  0.0481220223
  90.  90.
  2420929.
  1018.  858.
  0.0420499742  0.0354409404
  90.  100.
  2420929.
  490.  441.
  0.0202401634  0.018216148
  100.  0.
  2420929.
  85380.  9254.
  3.52674532  0.382249951
  100.  10.
  2420929.
  34567.  8848.
  1.42784035  0.365479529
  100.  20.
  2420929.
  24476.  9707.
  1.01101685  0.400961787
  100.  30.
  2420929.
  18824.  10053.
  0.777552724  0.415253818
  100.  40.
  2420929.
  15020.  10050.
  0.620422959  0.4151299
  100.  50.
  2420929.
  15711.  13990.
  0.648965776  0.577877343
  100.  60.
  2420929.
  7191.  7826.
  0.29703474  0.323264331
  100.  70.
  2420929.
  5077.  6134.
  0.209712878  0.253373802
  100.  80.
  2420929.
  3370.  4472.
  0.139202759  0.184722483
  100.  90.
  2420929.
  2041.  2738.
  0.0843064785  0.113097079
  100.  100.
  2420929.
  677.  1046.
  0.0279644709  0.0432065539
