  0.  0.
  2497299.
  1230581.  2495.
  49.2764778  0.0999079421
  0.  10.
  2497299.
  99075.  531.
  3.96728635  0.0212629717
  0.  20.
  2497299.
  44848.  379.
  1.79586029  0.0151763968
  0.  30.
  2497299.
  40898.  326.
  1.63768935  0.0130541036
  0.  40.
  2497299.
  29493.  274.
  1.18099594  0.0109718544
  0.  50.
  2497299.
  28506.  242.
  1.14147329  0.00969046913
  0.  60.
  2497299.
  19615.  192.
  0.785448611  0.00768830627
  0.  70.
  2497299.
  14589.  158.
  0.584191144  0.0063268356
  0.  80.
  2497299.
  16439.  153.
  0.658271194  0.00612661941
  0.  90.
  2497299.
  17725.  161.
  0.709766805  0.0064469655
  0.  100.
  2497299.
  26007.  198.
  1.04140508  0.00792856608
  10.  0.
  2497299.
  71741.  754.
  2.87274361  0.0301926192
  10.  10.
  2497299.
  15902.  362.
  0.636767983  0.0144956615
  10.  20.
  2497299.
  5828.  180.
  0.233372137  0.00720778713
  10.  30.
  2497299.
  5045.  222.
  0.202018261  0.00888960436
  10.  40.
  2497299.
  3643.  186.
  0.1458776  0.00744804693
  10.  50.
  2497299.
  2918.  167.
  0.116846241  0.00668722484
  10.  60.
  2497299.
  2443.  175.
  0.0978256911  0.00700757094
  10.  70.
  2497299.
  1599.  110.
  0.0640291795  0.00440475903
  10.  80.
  2497299.
  1948.  136.
  0.0780042782  0.00544588361
  10.  90.
  2497299.
  2052.  148.
  0.0821687728  0.00592640275
  10.  100.
  2497299.
  2376.  190.
  0.0951427892  0.00760821998
  20.  0.
  2497299.
  37362.  503.
  1.49609637  0.0201417617
  20.  10.
  2497299.
  8912.  304.
  0.356865555  0.0121731516
  20.  20.
  2497299.
  3778.  172.
  0.151283443  0.00688744104
  20.  30.
  2497299.
  2781.  153.
  0.111360312  0.00612661941
  20.  40.
  2497299.
  1971.  165.
  0.0789252743  0.00660713855
  20.  50.
  2497299.
  1809.  210.
  0.0724382624  0.00840908475
  20.  60.
  2497299.
  1245.  131.
  0.0498538613  0.00524566742
  20.  70.
  2497299.
  900.  88.
  0.0360389352  0.00352380704
  20.  80.
  2497299.
  957.  115.
  0.0383214019  0.00460497523
  20.  90.
  2497299.
  932.  107.
  0.0373203196  0.00428462913
  20.  100.
  2497299.
  1100.  157.
  0.0440475903  0.00628679246
  30.  0.
  2497299.
  36404.  624.
  1.45773494  0.0249869954
  30.  10.
  2497299.
  10008.  412.
  0.400752962  0.0164978243
  30.  20.
  2497299.
  4247.  258.
  0.170063734  0.0103311623
  30.  30.
  2497299.
  3663.  294.
  0.146678478  0.0117727192
  30.  40.
  2497299.
  2219.  221.
  0.0888559967  0.00884956121
  30.  50.
  2497299.
  1761.  237.
  0.070516184  0.0094902534
  30.  60.
  2497299.
  1456.  193.
  0.0583029911  0.00772834988
  30.  70.
  2497299.
  902.  139.
  0.0361190215  0.00556601351
  30.  80.
  2497299.
  1042.  196.
  0.0417250805  0.00784847979
  30.  90.
  2497299.
  1026.  183.
  0.0410843864  0.00732791703
  30.  100.
  2497299.
  994.  190.
  0.039803002  0.00760821998
  40.  0.
  2497299.
  30421.  709.
  1.2181561  0.0283906739
  40.  10.
  2497299.
  8859.  451.
  0.354743272  0.0180595107
  40.  20.
  2497299.
  3949.  311.
  0.158130839  0.0124534545
  40.  30.
  2497299.
  3386.  303.
  0.135586485  0.0121331085
  40.  40.
  2497299.
  2118.  264.
  0.0848116279  0.0105714211
  40.  50.
  2497299.
  1670.  235.
  0.0668722466  0.00941016711
  40.  60.
  2497299.
  1394.  243.
  0.0558203086  0.00973051321
  40.  70.
  2497299.
  870.  168.
  0.0348376371  0.00672726799
  40.  80.
  2497299.
  991.  240.
  0.0396828726  0.00961038284
  40.  90.
  2497299.
  928.  220.
  0.037160147  0.00880951807
  40.  100.
  2497299.
  773.  205.
  0.0309534427  0.00820886903
  50.  0.
  2497299.
  34648.  1105.
  1.38741899  0.0442478061
  50.  10.
  2497299.
  8987.  558.
  0.359868795  0.0223441403
  50.  20.
  2497299.
  4540.  408.
  0.181796417  0.0163376518
  50.  30.
  2497299.
  3398.  385.
  0.136067003  0.0154166566
  50.  40.
  2497299.
  2378.  360.
  0.0952228755  0.0144155743
  50.  50.
  2497299.
  2197.  442.
  0.0879750475  0.0176991224
  50.  60.
  2497299.
  1292.  346.
  0.0517358966  0.0138549693
  50.  70.
  2497299.
  1003.  259.
  0.0401633941  0.0103712054
  50.  80.
  2497299.
  870.  276.
  0.0348376371  0.0110519407
  50.  90.
  2497299.
  745.  257.
  0.0298322309  0.0102911182
  50.  100.
  2497299.
  605.  311.
  0.0242261738  0.0124534545
  60.  0.
  2497299.
  27796.  845.
  1.11304247  0.0338365585
  60.  10.
  2497299.
  8613.  658.
  0.344892621  0.0263484661
  60.  20.
  2497299.
  3911.  480.
  0.156609207  0.0192207657
  60.  30.
  2497299.
  3434.  474.
  0.137508571  0.0189805068
  60.  40.
  2497299.
  2264.  409.
  0.0906579494  0.0163776949
  60.  50.
  2497299.
  1793.  422.
  0.0717975721  0.0168982577
  60.  60.
  2497299.
  1372.  405.
  0.0549393557  0.0162175223
  60.  70.
  2497299.
  868.  288.
  0.0347575508  0.0115324594
  60.  80.
  2497299.
  820.  316.
  0.0328354761  0.0126536712
  60.  90.
  2497299.
  745.  295.
  0.0298322309  0.0118127624
  60.  100.
  2497299.
  537.  246.
  0.0215032324  0.00985064264
  70.  0.
  2497299.
  25647.  885.
  1.02698958  0.035438288
  70.  10.
  2497299.
  7025.  600.
  0.281303912  0.024025958
  70.  20.
  2497299.
  3561.  454.
  0.142594054  0.018179642
  70.  30.
  2497299.
  2933.  467.
  0.117446892  0.0187002029
  70.  40.
  2497299.
  2041.  459.
  0.0817283019  0.0183798578
  70.  50.
  2497299.
  1812.  497.
  0.0725583956  0.019901501
  70.  60.
  2497299.
  1131.  384.
  0.0452889316  0.0153766125
  70.  70.
  2497299.
  767.  315.
  0.0307131819  0.0126136281
  70.  80.
  2497299.
  714.  319.
  0.0285908896  0.0127738006
  70.  90.
  2497299.
  553.  279.
  0.0221439246  0.0111720702
  70.  100.
  2497299.
  381.  273.
  0.0152564831  0.0109318104
  80.  0.
  2497299.
  29888.  973.
  1.19681299  0.038962096
  80.  10.
  2497299.
  9682.  872.
  0.387698859  0.0349177234
  80.  20.
  2497299.
  4571.  720.
  0.183037758  0.0288311485
  80.  30.
  2497299.
  4258.  769.
  0.170504212  0.0307932682
  80.  40.
  2497299.
  2890.  724.
  0.115725033  0.028991323
  80.  50.
  2497299.
  2376.  774.
  0.0951427892  0.0309934858
  80.  60.
  2497299.
  1532.  647.
  0.0613462776  0.0259079915
  80.  70.
  2497299.
  1038.  472.
  0.0415649079  0.0189004205
  80.  80.
  2497299.
  964.  488.
  0.0386017039  0.0195411127
  80.  90.
  2497299.
  648.  408.
  0.0259480346  0.0163376518
  80.  100.
  2497299.
  425.  358.
  0.0170183871  0.014335488
  90.  0.
  2497299.
  36790.  1309.
  1.47319162  0.0524166301
  90.  10.
  2497299.
  13555.  1335.
  0.542786419  0.0534577556
  90.  20.
  2497299.
  6558.  1023.
  0.26260373  0.040964257
  90.  30.
  2497299.
  5933.  1285.
  0.237576678  0.0514555909
  90.  40.
  2497299.
  4228.  1211.
  0.169302911  0.0484923907
  90.  50.
  2497299.
  3402.  1270.
  0.136227176  0.0508549437
  90.  60.
  2497299.
  2411.  1073.
  0.096544303  0.0429664217
  90.  70.
  2497299.
  1310.  783.
  0.0524566732  0.031353876
  90.  80.
  2497299.
  1232.  821.
  0.0493333004  0.0328755192
  90.  90.
  2497299.
  749.  537.
  0.0299924035  0.0215032324
  90.  100.
  2497299.
  364.  433.
  0.0145757478  0.0173387323
  100.  0.
  2497299.
  117515.  5487.
  4.70568419  0.219717383
  100.  10.
  2497299.
  44105.  5931.
  1.76610816  0.237496585
  100.  20.
  2497299.
  22212.  5104.
  0.889440954  0.20438081
  100.  30.
  2497299.
  19149.  6026.
  0.766788423  0.241300702
  100.  40.
  2497299.
  12936.  5312.
  0.517999649  0.212709814
  100.  50.
  2497299.
  9955.  5491.
  0.398630679  0.219877556
  100.  60.
  2497299.
  6940.  4034.
  0.277900249  0.161534518
  100.  70.
  2497299.
  3583.  3037.
  0.143475011  0.121611387
  100.  80.
  2497299.
  3410.  3162.
  0.136547521  0.126616791
  100.  90.
  2497299.
  2264.  2301.
  0.0906579494  0.0921395496
  100.  100.
  2497299.
  911.  1248.
  0.0364794135  0.0499739908
