  0.  0.
  2459114.
  1330396.  2885.
  54.1006241  0.117318675
  0.  10.
  2459114.
  77482.  555.
  3.15080953  0.022569105
  0.  20.
  2459114.
  43844.  331.
  1.78291857  0.0134601323
  0.  30.
  2459114.
  31316.  326.
  1.27346683  0.0132568069
  0.  40.
  2459114.
  25189.  276.
  1.02431202  0.0112235546
  0.  50.
  2459114.
  32347.  340.
  1.31539249  0.0138261179
  0.  60.
  2459114.
  17080.  208.
  0.694559097  0.00845833123
  0.  70.
  2459114.
  16053.  176.
  0.65279609  0.00715704914
  0.  80.
  2459114.
  16473.  181.
  0.669875383  0.00736037455
  0.  90.
  2459114.
  18225.  223.
  0.741120577  0.00906830654
  0.  100.
  2459114.
  31621.  443.
  1.2858696  0.0180146191
  10.  0.
  2459114.
  59537.  708.
  2.42107534  0.0287908576
  10.  10.
  2459114.
  9721.  293.
  0.395304978  0.0119148605
  10.  20.
  2459114.
  4875.  194.
  0.198242128  0.00788902026
  10.  30.
  2459114.
  3068.  181.
  0.124760382  0.00736037455
  10.  40.
  2459114.
  2425.  159.
  0.0986127555  0.0064657433
  10.  50.
  2459114.
  2937.  238.
  0.119433261  0.00967828277
  10.  60.
  2459114.
  1643.  126.
  0.0668126792  0.00512379641
  10.  70.
  2459114.
  1558.  141.
  0.0633561537  0.00573377218
  10.  80.
  2459114.
  1463.  173.
  0.0594929717  0.00703505427
  10.  90.
  2459114.
  1475.  181.
  0.0599809512  0.00736037455
  10.  100.
  2459114.
  2193.  245.
  0.0891784579  0.00996293779
  20.  0.
  2459114.
  35612.  665.
  1.44816387  0.0270422604
  20.  10.
  2459114.
  7011.  316.
  0.285102695  0.012850157
  20.  20.
  2459114.
  3557.  207.
  0.144645587  0.00841766596
  20.  30.
  2459114.
  2369.  155.
  0.0963355079  0.00630308315
  20.  40.
  2459114.
  1672.  154.
  0.0679919645  0.00626241788
  20.  50.
  2459114.
  1866.  199.
  0.0758809894  0.00809234567
  20.  60.
  2459114.
  1077.  120.
  0.0437962599  0.00487980619
  20.  70.
  2459114.
  935.  140.
  0.0380218253  0.00569310738
  20.  80.
  2459114.
  899.  146.
  0.036557883  0.00593709759
  20.  90.
  2459114.
  862.  152.
  0.0350532755  0.00618108781
  20.  100.
  2459114.
  1212.  271.
  0.0492860451  0.0110202292
  30.  0.
  2459114.
  27966.  617.
  1.13723886  0.0250903368
  30.  10.
  2459114.
  5767.  351.
  0.234515354  0.014273433
  30.  20.
  2459114.
  3247.  251.
  0.132039428  0.0102069285
  30.  30.
  2459114.
  1943.  210.
  0.0790122002  0.00853966083
  30.  40.
  2459114.
  1458.  166.
  0.0592896454  0.00675039878
  30.  50.
  2459114.
  1595.  255.
  0.0648607612  0.0103695886
  30.  60.
  2459114.
  856.  184.
  0.0348092839  0.0074823699
  30.  70.
  2459114.
  727.  161.
  0.029563494  0.00654707337
  30.  80.
  2459114.
  704.  153.
  0.0286281966  0.00622175308
  30.  90.
  2459114.
  719.  158.
  0.0292381719  0.00642507849
  30.  100.
  2459114.
  818.  165.
  0.0332640111  0.00670973351
  40.  0.
  2459114.
  24370.  666.
  0.991007328  0.0270829257
  40.  10.
  2459114.
  5172.  401.
  0.210319653  0.0163066853
  40.  20.
  2459114.
  2942.  305.
  0.119636588  0.0124028409
  40.  30.
  2459114.
  1956.  248.
  0.0795408413  0.0100849327
  40.  40.
  2459114.
  1451.  221.
  0.0590049922  0.00898697693
  40.  50.
  2459114.
  1473.  278.
  0.0598996207  0.0113048842
  40.  60.
  2459114.
  733.  162.
  0.0298074838  0.00658773864
  40.  70.
  2459114.
  640.  159.
  0.0260256343  0.0064657433
  40.  80.
  2459114.
  619.  183.
  0.0251716673  0.00744170463
  40.  90.
  2459114.
  542.  179.
  0.0220404584  0.00727904448
  40.  100.
  2459114.
  665.  196.
  0.0270422604  0.00797034986
  50.  0.
  2459114.
  40495.  1438.
  1.64673126  0.0584763438
  50.  10.
  2459114.
  7961.  809.
  0.323734492  0.0328980274
  50.  20.
  2459114.
  4617.  640.
  0.187750548  0.0260256343
  50.  30.
  2459114.
  2954.  500.
  0.120124564  0.0203325264
  50.  40.
  2459114.
  2285.  470.
  0.0929196477  0.0191125739
  50.  50.
  2459114.
  2363.  611.
  0.0960915163  0.024846347
  50.  60.
  2459114.
  1171.  303.
  0.0476187766  0.0123215113
  50.  70.
  2459114.
  989.  303.
  0.0402177386  0.0123215113
  50.  80.
  2459114.
  834.  316.
  0.0339146554  0.012850157
  50.  90.
  2459114.
  740.  307.
  0.0300921388  0.0124841714
  50.  100.
  2459114.
  863.  366.
  0.0350939408  0.0148834093
  60.  0.
  2459114.
  20246.  821.
  0.823304653  0.033386007
  60.  10.
  2459114.
  4690.  539.
  0.190719098  0.0219184626
  60.  20.
  2459114.
  2831.  452.
  0.115122765  0.0183806028
  60.  30.
  2459114.
  1911.  403.
  0.0777109191  0.0163880158
  60.  40.
  2459114.
  1360.  370.
  0.0553044714  0.0150460694
  60.  50.
  2459114.
  1555.  486.
  0.0632341579  0.0197632164
  60.  60.
  2459114.
  648.  286.
  0.0263509545  0.0116302054
  60.  70.
  2459114.
  531.  266.
  0.0215931423  0.0108169038
  60.  80.
  2459114.
  490.  251.
  0.0199258756  0.0102069285
  60.  90.
  2459114.
  412.  205.
  0.0167540014  0.00833633542
  60.  100.
  2459114.
  452.  304.
  0.0183806028  0.0123621756
  70.  0.
  2459114.
  18807.  798.
  0.764787614  0.0324507132
  70.  10.
  2459114.
  4718.  587.
  0.19185771  0.0238703862
  70.  20.
  2459114.
  2912.  543.
  0.11841663  0.0220811237
  70.  30.
  2459114.
  1907.  469.
  0.077548258  0.0190719105
  70.  40.
  2459114.
  1423.  425.
  0.0578663684  0.017282648
  70.  50.
  2459114.
  1592.  520.
  0.0647387654  0.0211458281
  70.  60.
  2459114.
  736.  342.
  0.0299294796  0.0139074484
  70.  70.
  2459114.
  616.  313.
  0.0250496715  0.0127281612
  70.  80.
  2459114.
  544.  306.
  0.0221217889  0.0124435062
  70.  90.
  2459114.
  411.  259.
  0.0167133361  0.0105322488
  70.  100.
  2459114.
  400.  293.
  0.0162660219  0.0119148605
  80.  0.
  2459114.
  20935.  1036.
  0.851322889  0.0421289951
  80.  10.
  2459114.
  5236.  805.
  0.212922215  0.0327353664
  80.  20.
  2459114.
  3350.  645.
  0.136227921  0.0262289587
  80.  30.
  2459114.
  2277.  606.
  0.0925943255  0.0246430226
  80.  40.
  2459114.
  1679.  602.
  0.0682766214  0.0244803615
  80.  50.
  2459114.
  1804.  781.
  0.0733597577  0.0317594074
  80.  60.
  2459114.
  892.  401.
  0.0362732261  0.0163066853
  80.  70.
  2459114.
  709.  425.
  0.0288315229  0.017282648
  80.  80.
  2459114.
  575.  389.
  0.0233824048  0.0158187058
  80.  90.
  2459114.
  473.  338.
  0.0192345697  0.0137447873
  80.  100.
  2459114.
  421.  369.
  0.0171199869  0.0150054041
  90.  0.
  2459114.
  27000.  1370.
  1.09795642  0.0557111204
  90.  10.
  2459114.
  6996.  1158.
  0.284492701  0.0470901318
  90.  20.
  2459114.
  4421.  1024.
  0.1797802  0.0416410156
  90.  30.
  2459114.
  3329.  960.
  0.135373965  0.0390384495
  90.  40.
  2459114.
  2367.  976.
  0.0962541774  0.0396890901
  90.  50.
  2459114.
  2687.  1346.
  0.109266996  0.0547351614
  90.  60.
  2459114.
  1223.  796.
  0.0497333594  0.0323693827
  90.  70.
  2459114.
  959.  762.
  0.0389977843  0.0309867691
  90.  80.
  2459114.
  759.  637.
  0.0308647752  0.0259036385
  90.  90.
  2459114.
  581.  603.
  0.0236263964  0.0245210268
  90.  100.
  2459114.
  399.  502.
  0.0162253566  0.020413857
  100.  0.
  2459114.
  134535.  8490.
  5.47087288  0.345246285
  100.  10.
  2459114.
  37440.  6453.
  1.52249956  0.262411594
  100.  20.
  2459114.
  23973.  6362.
  0.974863291  0.25871107
  100.  30.
  2459114.
  17055.  6524.
  0.69354248  0.265298814
  100.  40.
  2459114.
  12826.  5974.
  0.521569967  0.24293302
  100.  50.
  2459114.
  12843.  8151.
  0.522261262  0.331460834
  100.  60.
  2459114.
  5403.  4646.
  0.219713286  0.188929841
  100.  70.
  2459114.
  3898.  3973.
  0.158512369  0.161562249
  100.  80.
  2459114.
  2978.  3416.
  0.12110053  0.138911813
  100.  90.
  2459114.
  2097.  2687.
  0.0852746144  0.109266996
  100.  100.
  2459114.
  1271.  1618.
  0.0516852811  0.0657960549
