  0.  0.
  2527847.
  1065807.  1526.
  42.1626396  0.0603675768
  0.  10.
  2527847.
  92666.  329.
  3.66580725  0.0130150281
  0.  20.
  2527847.
  41627.  232.
  1.64673734  0.00917777047
  0.  30.
  2527847.
  37540.  220.
  1.48505819  0.00870305859
  0.  40.
  2527847.
  26556.  186.
  1.0505383  0.00735804019
  0.  50.
  2527847.
  25504.  233.
  1.00892186  0.00921733025
  0.  60.
  2527847.
  17772.  133.
  0.703048885  0.0052613942
  0.  70.
  2527847.
  13703.  145.
  0.542081833  0.00573610654
  0.  80.
  2527847.
  14964.  138.
  0.591966212  0.00545919128
  0.  90.
  2527847.
  15799.  139.
  0.624998271  0.0054987506
  0.  100.
  2527847.
  18407.  154.
  0.728169084  0.00609214092
  10.  0.
  2527847.
  82056.  880.
  3.24608254  0.0348122343
  10.  10.
  2527847.
  17235.  282.
  0.681805491  0.0111557385
  10.  20.
  2527847.
  6707.  161.
  0.265324593  0.00636905618
  10.  30.
  2527847.
  6803.  224.
  0.269122303  0.00886129588
  10.  40.
  2527847.
  5223.  188.
  0.206618518  0.00743715884
  10.  50.
  2527847.
  4494.  182.
  0.177779749  0.0071998029
  10.  60.
  2527847.
  3647.  178.
  0.144272968  0.00704156561
  10.  70.
  2527847.
  2621.  85.
  0.103685074  0.00336254528
  10.  80.
  2527847.
  3126.  131.
  0.123662546  0.00518227555
  10.  90.
  2527847.
  2942.  132.
  0.116383627  0.00522183487
  10.  100.
  2527847.
  2902.  126.
  0.11480125  0.00498447893
  20.  0.
  2527847.
  43445.  694.
  1.71865618  0.0274541937
  20.  10.
  2527847.
  9611.  280.
  0.380204976  0.0110766198
  20.  20.
  2527847.
  4363.  193.
  0.172597468  0.00763495592
  20.  30.
  2527847.
  3534.  192.
  0.139802769  0.0075953966
  20.  40.
  2527847.
  2830.  155.
  0.111952975  0.00613170024
  20.  50.
  2527847.
  2761.  184.
  0.109223381  0.00727892155
  20.  60.
  2527847.
  1917.  104.
  0.0758352876  0.00411417289
  20.  70.
  2527847.
  1518.  97.
  0.0600511022  0.00383725762
  20.  80.
  2527847.
  1485.  106.
  0.058745645  0.00419329153
  20.  90.
  2527847.
  1318.  84.
  0.0521392301  0.00332298595
  20.  100.
  2527847.
  1329.  90.
  0.052574385  0.00356034213
  30.  0.
  2527847.
  42759.  840.
  1.69151855  0.0332298577
  30.  10.
  2527847.
  11434.  360.
  0.452321678  0.0142413685
  30.  20.
  2527847.
  4931.  280.
  0.195067182  0.0110766198
  30.  30.
  2527847.
  4330.  253.
  0.171292007  0.0100085167
  30.  40.
  2527847.
  3164.  191.
  0.125165805  0.00755583681
  30.  50.
  2527847.
  2566.  211.
  0.10150931  0.00834702421
  30.  60.
  2527847.
  2065.  171.
  0.081690073  0.00676464988
  30.  70.
  2527847.
  1343.  143.
  0.0531282164  0.00565698789
  30.  80.
  2527847.
  1494.  140.
  0.0591016784  0.00553830992
  30.  90.
  2527847.
  1297.  139.
  0.0513084866  0.0054987506
  30.  100.
  2527847.
  1035.  129.
  0.0409439355  0.0051031569
  40.  0.
  2527847.
  37510.  971.
  1.48387146  0.0384121351
  40.  10.
  2527847.
  10174.  381.
  0.402476877  0.0150721148
  40.  20.
  2527847.
  4739.  303.
  0.187471792  0.0119864848
  40.  30.
  2527847.
  4136.  322.
  0.163617492  0.0127381124
  40.  40.
  2527847.
  2937.  263.
  0.116185829  0.0104041109
  40.  50.
  2527847.
  2341.  255.
  0.0926084518  0.0100876363
  40.  60.
  2527847.
  1757.  226.
  0.0695057884  0.00894041453
  40.  70.
  2527847.
  1179.  171.
  0.0466404818  0.00676464988
  40.  80.
  2527847.
  1297.  190.
  0.0513084866  0.00751627749
  40.  90.
  2527847.
  1041.  148.
  0.0411812887  0.00585478451
  40.  100.
  2527847.
  739.  139.
  0.0292343646  0.0054987506
  50.  0.
  2527847.
  41996.  1449.
  1.66133475  0.0573215075
  50.  10.
  2527847.
  11192.  742.
  0.442748308  0.0293530431
  50.  20.
  2527847.
  5722.  557.
  0.226358637  0.0220345613
  50.  30.
  2527847.
  4504.  482.
  0.178175345  0.0190676097
  50.  40.
  2527847.
  3152.  447.
  0.124691091  0.0176830329
  50.  50.
  2527847.
  2897.  486.
  0.114603452  0.019225847
  50.  60.
  2527847.
  1744.  306.
  0.0689915195  0.0121051632
  50.  70.
  2527847.
  1435.  264.
  0.056767676  0.0104436697
  50.  80.
  2527847.
  1238.  266.
  0.0489744842  0.0105227884
  50.  90.
  2527847.
  970.  212.
  0.0383725762  0.00838658307
  50.  100.
  2527847.
  735.  183.
  0.0290761273  0.00723936222
  60.  0.
  2527847.
  35911.  1366.
  1.42061603  0.0540380813
  60.  10.
  2527847.
  10910.  838.
  0.431592584  0.03315074
  60.  20.
  2527847.
  4976.  623.
  0.196847349  0.0246454794
  60.  30.
  2527847.
  4363.  608.
  0.172597468  0.0240520891
  60.  40.
  2527847.
  3058.  474.
  0.120972514  0.0187511351
  60.  50.
  2527847.
  2423.  483.
  0.0958523229  0.0191071685
  60.  60.
  2527847.
  1726.  349.
  0.0682794452  0.0138062155
  60.  70.
  2527847.
  1232.  288.
  0.0487371273  0.0113930944
  60.  80.
  2527847.
  1210.  337.
  0.0478668213  0.0133315027
  60.  90.
  2527847.
  892.  239.
  0.0352869444  0.00945468619
  60.  100.
  2527847.
  532.  172.
  0.0210455768  0.0068042092
  70.  0.
  2527847.
  31475.  1500.
  1.24513078  0.0593390353
  70.  10.
  2527847.
  9526.  964.
  0.376842439  0.0381352194
  70.  20.
  2527847.
  4855.  643.
  0.192060679  0.0254366659
  70.  30.
  2527847.
  3969.  761.
  0.157011092  0.0301046707
  70.  40.
  2527847.
  2758.  685.
  0.109104708  0.0270981584
  70.  50.
  2527847.
  2484.  700.
  0.0982654393  0.0276915487
  70.  60.
  2527847.
  1514.  467.
  0.0598928668  0.0184742194
  70.  70.
  2527847.
  1081.  342.
  0.0427636653  0.0135292998
  70.  80.
  2527847.
  1027.  307.
  0.0406274572  0.012144722
  70.  90.
  2527847.
  656.  243.
  0.0259509385  0.00961292349
  70.  100.
  2527847.
  401.  171.
  0.0158633012  0.00676464988
  80.  0.
  2527847.
  35376.  2010.
  1.39945173  0.0795143098
  80.  10.
  2527847.
  12631.  1481.
  0.499674231  0.0585874058
  80.  20.
  2527847.
  6237.  1047.
  0.246731699  0.0414186455
  80.  30.
  2527847.
  5947.  1172.
  0.235259488  0.0463635661
  80.  40.
  2527847.
  4331.  1129.
  0.17133157  0.0446625128
  80.  50.
  2527847.
  3476.  1129.
  0.137508318  0.0446625128
  80.  60.
  2527847.
  2503.  778.
  0.0990170687  0.0307771787
  80.  70.
  2527847.
  1462.  569.
  0.0578357801  0.0225092731
  80.  80.
  2527847.
  1581.  535.
  0.06254334  0.0211642552
  80.  90.
  2527847.
  973.  427.
  0.0384912528  0.0168918446
  80.  100.
  2527847.
  486.  268.
  0.019225847  0.010601907
  90.  0.
  2527847.
  43336.  2821.
  1.71434426  0.111596942
  90.  10.
  2527847.
  16953.  2226.
  0.670649767  0.0880591273
  90.  20.
  2527847.
  8683.  1808.
  0.343493879  0.0715233162
  90.  30.
  2527847.
  8672.  2102.
  0.343058735  0.0831537694
  90.  40.
  2527847.
  6592.  1960.
  0.260775268  0.0775363371
  90.  50.
  2527847.
  5283.  2142.
  0.208992079  0.0847361386
  90.  60.
  2527847.
  3916.  1481.
  0.154914439  0.0585874058
  90.  70.
  2527847.
  2207.  1036.
  0.0873074979  0.0409834944
  90.  80.
  2527847.
  2035.  1069.
  0.0805032924  0.0422889516
  90.  90.
  2527847.
  1494.  856.
  0.0591016784  0.0338628106
  90.  100.
  2527847.
  645.  457.
  0.0255157854  0.0180786252
  100.  0.
  2527847.
  106452.  8925.
  4.21117258  0.353067249
  100.  10.
  2527847.
  48228.  9820.
  1.90786862  0.388472885
  100.  20.
  2527847.
  28317.  9223.
  1.1202023  0.364855945
  100.  30.
  2527847.
  26248.  10787.
  1.03835404  0.426726788
  100.  40.
  2527847.
  20519.  10195.
  0.811718404  0.403307647
  100.  50.
  2527847.
  17362.  11627.
  0.686829567  0.459956646
  100.  60.
  2527847.
  11993.  8713.
  0.474435359  0.344680667
  100.  70.
  2527847.
  6693.  6142.
  0.264770776  0.242973566
  100.  80.
  2527847.
  6128.  5644.
  0.242419735  0.223273009
  100.  90.
  2527847.
  3701.  3763.
  0.146409184  0.148861855
  100.  100.
  2527847.
  1285.  1353.
  0.0508337729  0.0535238087
