  0.  0.
  2459114.
  1073131.  3013.
  43.6389275  0.122523807
  0.  10.
  2459114.
  100658.  619.
  4.09326267  0.0251716673
  0.  20.
  2459114.
  56845.  514.
  2.31160498  0.0209018365
  0.  30.
  2459114.
  39695.  387.
  1.61419928  0.0157373752
  0.  40.
  2459114.
  31519.  398.
  1.28172183  0.0161846913
  0.  50.
  2459114.
  36541.  470.
  1.48594165  0.0191125739
  0.  60.
  2459114.
  19170.  252.
  0.779549062  0.0102475928
  0.  70.
  2459114.
  16989.  230.
  0.690858603  0.00935296249
  0.  80.
  2459114.
  15392.  203.
  0.625916481  0.00825500581
  0.  90.
  2459114.
  13858.  180.
  0.563536286  0.00731970929
  0.  100.
  2459114.
  12077.  150.
  0.491111845  0.00609975774
  10.  0.
  2459114.
  74744.  1800.
  3.03946877  0.0731970966
  10.  10.
  2459114.
  16628.  523.
  0.676178515  0.021267822
  10.  20.
  2459114.
  9091.  351.
  0.369685978  0.014273433
  10.  30.
  2459114.
  6006.  335.
  0.244234309  0.0136227924
  10.  40.
  2459114.
  5017.  232.
  0.204016566  0.00943429209
  10.  50.
  2459114.
  5967.  347.
  0.242648363  0.0141107729
  10.  60.
  2459114.
  3307.  193.
  0.134479329  0.00784835499
  10.  70.
  2459114.
  2982.  179.
  0.121263184  0.00727904448
  10.  80.
  2459114.
  2452.  141.
  0.0997107103  0.00573377218
  10.  90.
  2459114.
  2013.  80.
  0.0818587542  0.00325320428
  10.  100.
  2459114.
  1795.  120.
  0.0729937702  0.00487980619
  20.  0.
  2459114.
  49661.  1699.
  2.01946712  0.0690899268
  20.  10.
  2459114.
  13161.  655.
  0.535192728  0.0266356096
  20.  20.
  2459114.
  7072.  442.
  0.287583262  0.0179739539
  20.  30.
  2459114.
  4718.  355.
  0.19185771  0.0144360941
  20.  40.
  2459114.
  3503.  291.
  0.142449677  0.0118335299
  20.  50.
  2459114.
  3911.  358.
  0.159041017  0.014558089
  20.  60.
  2459114.
  2201.  195.
  0.08950378  0.00792968553
  20.  70.
  2459114.
  1955.  154.
  0.079500176  0.00626241788
  20.  80.
  2459114.
  1569.  166.
  0.0638034642  0.00675039878
  20.  90.
  2459114.
  1171.  108.
  0.0476187766  0.00439182576
  20.  100.
  2459114.
  925.  109.
  0.0376151726  0.00443249056
  30.  0.
  2459114.
  37451.  1629.
  1.52294683  0.0662433729
  30.  10.
  2459114.
  11073.  777.
  0.450284123  0.0315967463
  30.  20.
  2459114.
  6255.  582.
  0.254359901  0.0236670598
  30.  30.
  2459114.
  4004.  390.
  0.162822872  0.0158593711
  30.  40.
  2459114.
  3015.  379.
  0.12260513  0.015412055
  30.  50.
  2459114.
  3382.  455.
  0.137529209  0.0185025986
  30.  60.
  2459114.
  1779.  232.
  0.0723431259  0.00943429209
  30.  70.
  2459114.
  1415.  227.
  0.05754105  0.00923096668
  30.  80.
  2459114.
  1115.  155.
  0.0453415327  0.00630308315
  30.  90.
  2459114.
  828.  119.
  0.0336706638  0.00483914139
  30.  100.
  2459114.
  628.  105.
  0.0255376529  0.00426983042
  40.  0.
  2459114.
  31202.  1650.
  1.26883101  0.0670973361
  40.  10.
  2459114.
  10150.  950.
  0.412750274  0.0386318006
  40.  20.
  2459114.
  6051.  655.
  0.246064231  0.0266356096
  40.  30.
  2459114.
  3835.  528.
  0.155950472  0.0214711484
  40.  40.
  2459114.
  2700.  452.
  0.109795645  0.0183806028
  40.  50.
  2459114.
  3088.  524.
  0.12557368  0.0213084873
  40.  60.
  2459114.
  1658.  310.
  0.0674226582  0.0126061663
  40.  70.
  2459114.
  1282.  272.
  0.0521325991  0.0110608945
  40.  80.
  2459114.
  979.  170.
  0.0398110859  0.00691305893
  40.  90.
  2459114.
  710.  148.
  0.0288721882  0.00601842767
  40.  100.
  2459114.
  457.  113.
  0.0185839292  0.00459515071
  50.  0.
  2459114.
  41679.  2703.
  1.6948787  0.109917641
  50.  10.
  2459114.
  14814.  1966.
  0.602412105  0.079947494
  50.  20.
  2459114.
  8973.  1454.
  0.364887506  0.0591269881
  50.  30.
  2459114.
  6204.  1246.
  0.252285987  0.0506686568
  50.  40.
  2459114.
  4283.  921.
  0.174168423  0.0374525152
  50.  50.
  2459114.
  4701.  1118.
  0.191166416  0.0454635285
  50.  60.
  2459114.
  2254.  628.
  0.0916590318  0.0255376529
  50.  70.
  2459114.
  1673.  447.
  0.0680326298  0.0181772783
  50.  80.
  2459114.
  1181.  322.
  0.0480254255  0.0130941467
  50.  90.
  2459114.
  895.  253.
  0.0363952219  0.0102882581
  50.  100.
  2459114.
  562.  147.
  0.02285376  0.00597776286
  60.  0.
  2459114.
  25220.  2051.
  1.02557266  0.0834040195
  60.  10.
  2459114.
  9635.  1737.
  0.391807795  0.0706351995
  60.  20.
  2459114.
  6068.  1382.
  0.24675554  0.0561991036
  60.  30.
  2459114.
  3915.  1005.
  0.159203678  0.0408683792
  60.  40.
  2459114.
  2746.  849.
  0.111666232  0.0345246308
  60.  50.
  2459114.
  2865.  979.
  0.116505377  0.0398110859
  60.  60.
  2459114.
  1254.  451.
  0.0509939753  0.0183399394
  60.  70.
  2459114.
  951.  385.
  0.0386724658  0.0156560447
  60.  80.
  2459114.
  673.  326.
  0.0273675807  0.0132568069
  60.  90.
  2459114.
  428.  172.
  0.017404642  0.006994389
  60.  100.
  2459114.
  264.  86.
  0.0107355742  0.0034971945
  70.  0.
  2459114.
  23660.  2232.
  0.962135136  0.0907643959
  70.  10.
  2459114.
  9717.  2014.
  0.395142317  0.0818994194
  70.  20.
  2459114.
  6422.  1778.
  0.261150956  0.0723024607
  70.  30.
  2459114.
  4365.  1504.
  0.17750296  0.0611602403
  70.  40.
  2459114.
  3111.  1146.
  0.126508981  0.0466021486
  70.  50.
  2459114.
  3111.  1387.
  0.126508981  0.0564024262
  70.  60.
  2459114.
  1471.  653.
  0.0598182939  0.026554279
  70.  70.
  2459114.
  957.  478.
  0.0389164537  0.0194378942
  70.  80.
  2459114.
  614.  350.
  0.0249683429  0.0142327687
  70.  90.
  2459114.
  467.  220.
  0.01899058  0.00894631166
  70.  100.
  2459114.
  249.  120.
  0.0101255979  0.00487980619
  80.  0.
  2459114.
  24496.  2421.
  0.996131122  0.0984500945
  80.  10.
  2459114.
  10243.  2373.
  0.416532129  0.096498169
  80.  20.
  2459114.
  7294.  2266.
  0.296610892  0.0921470076
  80.  30.
  2459114.
  5143.  2152.
  0.20914036  0.0875111967
  80.  40.
  2459114.
  3728.  1914.
  0.151599318  0.0778329074
  80.  50.
  2459114.
  3897.  2166.
  0.158471704  0.088080503
  80.  60.
  2459114.
  1712.  1077.
  0.0696185678  0.0437962599
  80.  70.
  2459114.
  1204.  813.
  0.048960723  0.0330606885
  80.  80.
  2459114.
  768.  479.
  0.0312307607  0.0194785595
  80.  90.
  2459114.
  502.  280.
  0.020413857  0.0113862148
  80.  100.
  2459114.
  255.  132.
  0.0103695886  0.00536778709
  90.  0.
  2459114.
  29595.  2831.
  1.20348227  0.115122765
  90.  10.
  2459114.
  12804.  3110.
  0.520675361  0.126468316
  90.  20.
  2459114.
  8870.  3135.
  0.360699028  0.127484933
  90.  30.
  2459114.
  6763.  3220.
  0.275017738  0.130941465
  90.  40.
  2459114.
  5246.  2893.
  0.213328868  0.117643997
  90.  50.
  2459114.
  5415.  3802.
  0.220201254  0.154608533
  90.  60.
  2459114.
  2579.  1992.
  0.10487517  0.0810047835
  90.  70.
  2459114.
  1746.  1467.
  0.0710011795  0.0596556328
  90.  80.
  2459114.
  1061.  1043.
  0.0431456193  0.0424136482
  90.  90.
  2459114.
  606.  546.
  0.0246430226  0.0222031195
  90.  100.
  2459114.
  243.  180.
  0.00988160819  0.00731970929
  100.  0.
  2459114.
  70639.  8723.
  2.87253857  0.354721248
  100.  10.
  2459114.
  32888.  9165.
  1.33739221  0.372695208
  100.  20.
  2459114.
  24303.  10242.
  0.9882828  0.416491479
  100.  30.
  2459114.
  18274.  9976.
  0.74311316  0.405674577
  100.  40.
  2459114.
  13522.  9419.
  0.549872816  0.383024126
  100.  50.
  2459114.
  13725.  12293.
  0.55812782  0.499895483
  100.  60.
  2459114.
  5923.  6328.
  0.240859106  0.257328451
  100.  70.
  2459114.
  3791.  4680.
  0.154161215  0.190312445
  100.  80.
  2459114.
  2140.  2783.
  0.0870232135  0.11317084
  100.  90.
  2459114.
  1040.  1390.
  0.0422916561  0.056524422
  100.  100.
  2459114.
  332.  332.
  0.0135007976  0.0135007976
