  0.  0.
  2497299.
  1097165.  2319.
  43.9340668  0.0928603262
  0.  10.
  2497299.
  151346.  847.
  6.06038761  0.0339166448
  0.  20.
  2497299.
  65531.  571.
  2.62407494  0.0228647031
  0.  30.
  2497299.
  54137.  584.
  2.16782212  0.0233852658
  0.  40.
  2497299.
  38070.  451.
  1.52444696  0.0180595107
  0.  50.
  2497299.
  33838.  333.
  1.35498393  0.0133344065
  0.  60.
  2497299.
  21933.  245.
  0.878268898  0.0098105995
  0.  70.
  2497299.
  14879.  164.
  0.595803678  0.00656709494
  0.  80.
  2497299.
  15357.  230.
  0.614944398  0.00920995045
  0.  90.
  2497299.
  12891.  128.
  0.516197681  0.00512553751
  0.  100.
  2497299.
  10072.  81.
  0.403315753  0.00324350432
  10.  0.
  2497299.
  89377.  838.
  3.57894659  0.0335562527
  10.  10.
  2497299.
  28954.  715.
  1.15941262  0.0286309328
  10.  20.
  2497299.
  10107.  324.
  0.404717267  0.0129740173
  10.  30.
  2497299.
  8719.  332.
  0.349137217  0.0132943634
  10.  40.
  2497299.
  6041.  249.
  0.241901353  0.00997077208
  10.  50.
  2497299.
  4342.  241.
  0.173867851  0.00965042599
  10.  60.
  2497299.
  3239.  209.
  0.129700124  0.00836904161
  10.  70.
  2497299.
  1878.  116.
  0.0752012506  0.00464501837
  10.  80.
  2497299.
  2156.  139.
  0.0863332748  0.00556601351
  10.  90.
  2497299.
  1826.  108.
  0.0731189996  0.00432467228
  10.  100.
  2497299.
  1163.  56.
  0.046570316  0.00224242266
  20.  0.
  2497299.
  45433.  653.
  1.81928551  0.0261482503
  20.  10.
  2497299.
  15450.  418.
  0.618668437  0.0167380832
  20.  20.
  2497299.
  6419.  308.
  0.257037699  0.0123333251
  20.  30.
  2497299.
  4656.  276.
  0.186441436  0.0110519407
  20.  40.
  2497299.
  3150.  196.
  0.126136273  0.00784847979
  20.  50.
  2497299.
  2398.  185.
  0.0960237458  0.00740800379
  20.  60.
  2497299.
  1397.  129.
  0.0559404381  0.00516558113
  20.  70.
  2497299.
  963.  75.
  0.0385616608  0.00300324475
  20.  80.
  2497299.
  919.  84.
  0.0367997587  0.00336363399
  20.  90.
  2497299.
  767.  85.
  0.0307131819  0.00340367737
  20.  100.
  2497299.
  415.  54.
  0.0166179538  0.00216233614
  30.  0.
  2497299.
  43319.  682.
  1.73463404  0.0273095053
  30.  10.
  2497299.
  17741.  566.
  0.710407495  0.0226644874
  30.  20.
  2497299.
  7102.  383.
  0.284387261  0.0153365694
  30.  30.
  2497299.
  5617.  367.
  0.224923  0.0146958772
  30.  40.
  2497299.
  3319.  265.
  0.132903591  0.0106114643
  30.  50.
  2497299.
  2328.  206.
  0.0932207182  0.00824891217
  30.  60.
  2497299.
  1554.  183.
  0.0622272305  0.00732791703
  30.  70.
  2497299.
  982.  101.
  0.0393224843  0.00404436933
  30.  80.
  2497299.
  1056.  118.
  0.0422856845  0.00472510513
  30.  90.
  2497299.
  773.  133.
  0.0309534427  0.00532575417
  30.  100.
  2497299.
  336.  53.
  0.013454536  0.00212229299
  40.  0.
  2497299.
  36370.  770.
  1.45637345  0.0308333132
  40.  10.
  2497299.
  15613.  678.
  0.625195444  0.0271493327
  40.  20.
  2497299.
  6440.  514.
  0.257878602  0.0205822363
  40.  30.
  2497299.
  4951.  480.
  0.198254198  0.0192207657
  40.  40.
  2497299.
  3078.  369.
  0.123253159  0.0147759635
  40.  50.
  2497299.
  2011.  293.
  0.0805270001  0.0117326761
  40.  60.
  2497299.
  1362.  203.
  0.0545389242  0.00812878273
  40.  70.
  2497299.
  762.  127.
  0.0305129662  0.00508549437
  40.  80.
  2497299.
  840.  135.
  0.033636339  0.00540584046
  40.  90.
  2497299.
  624.  125.
  0.0249869954  0.00500540761
  40.  100.
  2497299.
  274.  54.
  0.0109718544  0.00216233614
  50.  0.
  2497299.
  37344.  1229.
  1.49537563  0.049213171
  50.  10.
  2497299.
  16107.  912.
  0.644976854  0.0365194567
  50.  20.
  2497299.
  7993.  727.
  0.320065796  0.0291114524
  50.  30.
  2497299.
  5374.  600.
  0.215192497  0.024025958
  50.  40.
  2497299.
  3373.  496.
  0.135065928  0.0198614579
  50.  50.
  2497299.
  2680.  471.
  0.107315943  0.0188603774
  50.  60.
  2497299.
  1310.  261.
  0.0524566732  0.0104512917
  50.  70.
  2497299.
  800.  198.
  0.0320346095  0.00792856608
  50.  80.
  2497299.
  675.  149.
  0.0270292033  0.00596644636
  50.  90.
  2497299.
  459.  132.
  0.0183798578  0.00528571056
  50.  100.
  2497299.
  240.  54.
  0.00961038284  0.00216233614
  60.  0.
  2497299.
  30051.  948.
  1.20334005  0.0379610136
  60.  10.
  2497299.
  14539.  991.
  0.582189023  0.0396828726
  60.  20.
  2497299.
  6415.  661.
  0.256877542  0.0264685974
  60.  30.
  2497299.
  5268.  765.
  0.210947901  0.0306330957
  60.  40.
  2497299.
  3415.  598.
  0.136747748  0.0239458717
  60.  50.
  2497299.
  2240.  467.
  0.0896969065  0.0187002029
  60.  60.
  2497299.
  1413.  270.
  0.0565811321  0.0108116809
  60.  70.
  2497299.
  682.  151.
  0.0273095053  0.00604653265
  60.  80.
  2497299.
  635.  164.
  0.0254274718  0.00656709494
  60.  90.
  2497299.
  365.  121.
  0.0146157909  0.00484523457
  60.  100.
  2497299.
  170.  56.
  0.00680735474  0.00224242266
  70.  0.
  2497299.
  26225.  894.
  1.05013454  0.0357986763
  70.  10.
  2497299.
  11934.  813.
  0.477876306  0.0325551741
  70.  20.
  2497299.
  5639.  659.
  0.225803956  0.0263885111
  70.  30.
  2497299.
  4450.  762.
  0.178192526  0.0305129662
  70.  40.
  2497299.
  2628.  564.
  0.105233692  0.0225844011
  70.  50.
  2497299.
  1885.  515.
  0.0754815489  0.0206222795
  70.  60.
  2497299.
  1036.  287.
  0.0414848216  0.0114924163
  70.  70.
  2497299.
  554.  200.
  0.0221839678  0.00800865237
  70.  80.
  2497299.
  413.  135.
  0.0165378675  0.00540584046
  70.  90.
  2497299.
  225.  94.
  0.0090097338  0.00376406661
  70.  100.
  2497299.
  144.  47.
  0.0057662297  0.00188203331
  80.  0.
  2497299.
  29796.  1018.
  1.19312906  0.0407640412
  80.  10.
  2497299.
  15466.  1091.
  0.619309127  0.0436871983
  80.  20.
  2497299.
  7455.  872.
  0.298522532  0.0349177234
  80.  30.
  2497299.
  6402.  1076.
  0.256356955  0.0430865511
  80.  40.
  2497299.
  3707.  855.
  0.148440376  0.0342369899
  80.  50.
  2497299.
  2340.  791.
  0.0937012359  0.0316742212
  80.  60.
  2497299.
  1440.  431.
  0.057662297  0.017258646
  80.  70.
  2497299.
  668.  213.
  0.0267488994  0.00852921512
  80.  80.
  2497299.
  532.  180.
  0.0213030167  0.00720778713
  80.  90.
  2497299.
  260.  131.
  0.0104112485  0.00524566742
  80.  100.
  2497299.
  153.  68.
  0.00612661941  0.0027229418
  90.  0.
  2497299.
  34158.  1298.
  1.36779773  0.0519761555
  90.  10.
  2497299.
  18694.  1596.
  0.748568773  0.0639090464
  90.  20.
  2497299.
  9836.  1199.
  0.393865526  0.0480118729
  90.  30.
  2497299.
  8100.  1434.
  0.324350417  0.0574220382
  90.  40.
  2497299.
  5308.  1322.
  0.212549642  0.0529371947
  90.  50.
  2497299.
  3201.  1109.
  0.128178477  0.0444079787
  90.  60.
  2497299.
  1914.  649.
  0.0766428038  0.0259880777
  90.  70.
  2497299.
  765.  325.
  0.0306330957  0.0130140604
  90.  80.
  2497299.
  654.  241.
  0.0261882935  0.00965042599
  90.  90.
  2497299.
  340.  124.
  0.0136147095  0.00496536447
  90.  100.
  2497299.
  147.  57.
  0.00588635961  0.00228246604
  100.  0.
  2497299.
  52567.  2915.
  2.10495424  0.116726108
  100.  10.
  2497299.
  34221.  4192.
  1.37032044  0.167861357
  100.  20.
  2497299.
  20275.  3641.
  0.811877131  0.145797521
  100.  30.
  2497299.
  17392.  4610.
  0.696432412  0.184599444
  100.  40.
  2497299.
  12466.  4389.
  0.499179304  0.175749883
  100.  50.
  2497299.
  8362.  4320.
  0.334841758  0.172986895
  100.  60.
  2497299.
  5559.  3017.
  0.222600505  0.120810524
  100.  70.
  2497299.
  2297.  1738.
  0.091979377  0.0695951879
  100.  80.
  2497299.
  2207.  1292.
  0.088375479  0.0517358966
  100.  90.
  2497299.
  1194.  684.
  0.0478116572  0.0273895916
  100.  100.
  2497299.
  338.  147.
  0.0135346232  0.00588635961
