  0.  0.
  2428566.
  1268815.  1855.
  52.2454414  0.0763825253
  0.  10.
  2428566.
  96142.  465.
  3.95879698  0.0191471018
  0.  20.
  2428566.
  54945.  313.
  2.26244617  0.0128882639
  0.  30.
  2428566.
  39061.  229.
  1.60839772  0.00942943245
  0.  40.
  2428566.
  30797.  239.
  1.26811457  0.0098411981
  0.  50.
  2428566.
  37721.  308.
  1.55322111  0.0126823811
  0.  60.
  2428566.
  20234.  192.
  0.83316654  0.00790590048
  0.  70.
  2428566.
  18412.  214.
  0.758142889  0.00881178398
  0.  80.
  2428566.
  17688.  165.
  0.728331029  0.00679413276
  0.  90.
  2428566.
  18386.  178.
  0.75707227  0.0073294281
  0.  100.
  2428566.
  27732.  269.
  1.14190841  0.0110764951
  10.  0.
  2428566.
  63314.  565.
  2.6070528  0.0232647583
  10.  10.
  2428566.
  12161.  292.
  0.500748158  0.012023556
  10.  20.
  2428566.
  5638.  176.
  0.23215346  0.00724707497
  10.  30.
  2428566.
  3984.  163.
  0.16404742  0.00671177963
  10.  40.
  2428566.
  3044.  120.
  0.12534146  0.00494118733
  10.  50.
  2428566.
  3899.  172.
  0.16054742  0.00708236871
  10.  60.
  2428566.
  2107.  128.
  0.0867590159  0.00527059985
  10.  70.
  2428566.
  1889.  111.
  0.0777825266  0.00457059825
  10.  80.
  2428566.
  1754.  121.
  0.0722236931  0.0049823639
  10.  90.
  2428566.
  1607.  106.
  0.0661707371  0.00436471542
  10.  100.
  2428566.
  2209.  168.
  0.0909590274  0.00691766245
  20.  0.
  2428566.
  39917.  509.
  1.64364481  0.0209588706
  20.  10.
  2428566.
  8832.  246.
  0.363671392  0.0101294341
  20.  20.
  2428566.
  4631.  213.
  0.190688655  0.00877060741
  20.  30.
  2428566.
  2836.  182.
  0.116776735  0.00749413436
  20.  40.
  2428566.
  2166.  138.
  0.0891884342  0.0056823655
  20.  50.
  2428566.
  2543.  177.
  0.104712002  0.00728825154
  20.  60.
  2428566.
  1448.  136.
  0.0596236624  0.00560001237
  20.  70.
  2428566.
  1304.  136.
  0.053694237  0.00560001237
  20.  80.
  2428566.
  1098.  113.
  0.0452118665  0.00465295138
  20.  90.
  2428566.
  991.  100.
  0.0408059731  0.00411765603
  20.  100.
  2428566.
  1170.  117.
  0.0481765792  0.00481765764
  30.  0.
  2428566.
  31060.  498.
  1.27894402  0.0205059275
  30.  10.
  2428566.
  7291.  290.
  0.300218314  0.0119412029
  30.  20.
  2428566.
  4118.  262.
  0.169565082  0.0107882591
  30.  30.
  2428566.
  2677.  201.
  0.110229656  0.00827648863
  30.  40.
  2428566.
  1929.  180.
  0.0794295892  0.00741178123
  30.  50.
  2428566.
  2074.  214.
  0.0854001939  0.00881178398
  30.  60.
  2428566.
  1143.  115.
  0.047064811  0.00473530451
  30.  70.
  2428566.
  1048.  130.
  0.0431530364  0.00535295298
  30.  80.
  2428566.
  842.  126.
  0.0346706659  0.00518824672
  30.  90.
  2428566.
  673.  121.
  0.0277118273  0.0049823639
  30.  100.
  2428566.
  799.  141.
  0.0329000726  0.0058058952
  40.  0.
  2428566.
  26203.  468.
  1.07894945  0.0192706306
  40.  10.
  2428566.
  6432.  260.
  0.264847636  0.010705906
  40.  20.
  2428566.
  3740.  306.
  0.154000342  0.012600028
  40.  30.
  2428566.
  2488.  203.
  0.102447286  0.00835884176
  40.  40.
  2428566.
  1844.  178.
  0.0759295821  0.0073294281
  40.  50.
  2428566.
  1894.  241.
  0.0779884085  0.00992355123
  40.  60.
  2428566.
  1048.  132.
  0.0431530364  0.00543530611
  40.  70.
  2428566.
  810.  132.
  0.0333530158  0.00543530611
  40.  80.
  2428566.
  736.  121.
  0.03030595  0.0049823639
  40.  90.
  2428566.
  642.  135.
  0.0264353529  0.00555883581
  40.  100.
  2428566.
  568.  156.
  0.0233882871  0.00642354367
  50.  0.
  2428566.
  37310.  918.
  1.53629756  0.0378000848
  50.  10.
  2428566.
  9374.  502.
  0.3859891  0.0206706338
  50.  20.
  2428566.
  5271.  431.
  0.217041656  0.0177470986
  50.  30.
  2428566.
  3544.  371.
  0.145929739  0.0152765047
  50.  40.
  2428566.
  2620.  335.
  0.107882597  0.0137941483
  50.  50.
  2428566.
  2858.  457.
  0.117682613  0.0188176893
  50.  60.
  2428566.
  1438.  265.
  0.0592118986  0.0109117888
  50.  70.
  2428566.
  1224.  253.
  0.0504001118  0.01041767
  50.  80.
  2428566.
  1016.  271.
  0.0418353863  0.0111588482
  50.  90.
  2428566.
  856.  282.
  0.0352471359  0.0116117904
  50.  100.
  2428566.
  717.  250.
  0.0295235962  0.0102941403
  60.  0.
  2428566.
  22530.  592.
  0.92770797  0.0243765246
  60.  10.
  2428566.
  6072.  368.
  0.25002408  0.015152975
  60.  20.
  2428566.
  3433.  356.
  0.141359136  0.0146588562
  60.  30.
  2428566.
  2301.  332.
  0.0947472677  0.0136706186
  60.  40.
  2428566.
  1779.  275.
  0.0732531026  0.0113235544
  60.  50.
  2428566.
  1885.  399.
  0.0776178241  0.0164294485
  60.  60.
  2428566.
  961.  243.
  0.039570678  0.0100059044
  60.  70.
  2428566.
  803.  233.
  0.0330647789  0.00959413871
  60.  80.
  2428566.
  644.  223.
  0.026517706  0.00918237306
  60.  90.
  2428566.
  528.  218.
  0.0217412245  0.00897649024
  60.  100.
  2428566.
  438.  235.
  0.0180353336  0.00967649184
  70.  0.
  2428566.
  21879.  602.
  0.900902033  0.0247882903
  70.  10.
  2428566.
  5941.  426.
  0.244629964  0.0175412148
  70.  20.
  2428566.
  3505.  432.
  0.144323856  0.0177882742
  70.  30.
  2428566.
  2523.  391.
  0.103888467  0.016100036
  70.  40.
  2428566.
  1893.  377.
  0.0779472366  0.0155235641
  70.  50.
  2428566.
  2066.  543.
  0.0850707814  0.0223588739
  70.  60.
  2428566.
  1086.  326.
  0.0447177477  0.0134235593
  70.  70.
  2428566.
  864.  331.
  0.0355765484  0.0136294421
  70.  80.
  2428566.
  649.  313.
  0.0267235897  0.0128882639
  70.  90.
  2428566.
  516.  260.
  0.0212471057  0.010705906
  70.  100.
  2428566.
  359.  253.
  0.0147823859  0.01041767
  80.  0.
  2428566.
  24208.  722.
  0.996802211  0.0297294781
  80.  10.
  2428566.
  6855.  572.
  0.282265335  0.0235529933
  80.  20.
  2428566.
  4380.  530.
  0.180353343  0.0218235776
  80.  30.
  2428566.
  2993.  468.
  0.123241454  0.0192706306
  80.  40.
  2428566.
  2452.  527.
  0.100964934  0.0217000488
  80.  50.
  2428566.
  2543.  717.
  0.104712002  0.0295235962
  80.  60.
  2428566.
  1224.  485.
  0.0504001118  0.0199706331
  80.  70.
  2428566.
  1013.  421.
  0.0417118594  0.0173353329
  80.  80.
  2428566.
  748.  389.
  0.0308000688  0.0160176829
  80.  90.
  2428566.
  554.  292.
  0.0228118151  0.012023556
  80.  100.
  2428566.
  325.  296.
  0.0133823827  0.0121882623
  90.  0.
  2428566.
  30254.  969.
  1.24575567  0.0399000905
  90.  10.
  2428566.
  9895.  834.
  0.407442093  0.0343412533
  90.  20.
  2428566.
  6279.  869.
  0.258547634  0.035782434
  90.  30.
  2428566.
  4260.  838.
  0.175412163  0.0345059596
  90.  40.
  2428566.
  3112.  807.
  0.128141463  0.0332294852
  90.  50.
  2428566.
  3334.  1321.
  0.137282655  0.0543942377
  90.  60.
  2428566.
  1594.  843.
  0.0656354427  0.0347118415
  90.  70.
  2428566.
  1271.  730.
  0.0523354113  0.0300588906
  90.  80.
  2428566.
  894.  541.
  0.0368118472  0.0222765207
  90.  90.
  2428566.
  651.  400.
  0.0268059429  0.0164706241
  90.  100.
  2428566.
  335.  330.
  0.0137941483  0.0135882655
  100.  0.
  2428566.
  92562.  3653.
  3.81138492  0.150417984
  100.  10.
  2428566.
  31594.  3856.
  1.30093229  0.15877682
  100.  20.
  2428566.
  20220.  4161.
  0.832590103  0.171335682
  100.  30.
  2428566.
  13687.  4310.
  0.563583612  0.177470982
  100.  40.
  2428566.
  10294.  4317.
  0.423871547  0.177759215
  100.  50.
  2428566.
  10838.  6283.
  0.446271598  0.258712351
  100.  60.
  2428566.
  5128.  3748.
  0.211153418  0.154329762
  100.  70.
  2428566.
  3648.  3305.
  0.150212094  0.136088535
  100.  80.
  2428566.
  2402.  2762.
  0.0989060998  0.113729663
  100.  90.
  2428566.
  1586.  2187.
  0.0653060302  0.0900531411
  100.  100.
  2428566.
  1018.  1226.
  0.0419177413  0.0504824668
