  0.  0.
  1146878.
  158663.  840.
  13.8343401  0.0732423142
  0.  10.
  1146878.
  29.  0.
  0.00252860365  0.
  0.  20.
  1146878.
  14.  0.
  0.00122070522  0.
  0.  30.
  1146878.
  6.  0.
  0.000523159397  0.
  0.  40.
  1146878.
  1.  0.
  8.71932352E-05  0.
  0.  50.
  1146878.
  5.  0.
  0.000435966154  0.
  0.  60.
  1146878.
  4.  0.
  0.000348772941  0.
  0.  70.
  1146878.
  1.  0.
  8.71932352E-05  0.
  0.  80.
  1146878.
  0.  0.
  0.  0.
  0.  90.
  1146878.
  0.  0.
  0.  0.
  0.  100.
  1146878.
  1.  0.
  8.71932352E-05  0.
  10.  0.
  1146878.
  59314.  788.
  5.17177916  0.0687082708
  10.  10.
  1146878.
  17.  0.
  0.00148228498  0.
  10.  20.
  1146878.
  6.  0.
  0.000523159397  0.
  10.  30.
  1146878.
  2.  0.
  0.00017438647  0.
  10.  40.
  1146878.
  1.  0.
  8.71932352E-05  0.
  10.  50.
  1146878.
  2.  0.
  0.00017438647  0.
  10.  60.
  1146878.
  2.  0.
  0.00017438647  0.
  10.  70.
  1146878.
  0.  0.
  0.  0.
  10.  80.
  1146878.
  0.  0.
  0.  0.
  10.  90.
  1146878.
  0.  0.
  0.  0.
  10.  100.
  1146878.
  0.  0.
  0.  0.
  20.  0.
  1146878.
  50352.  790.
  4.39035368  0.0688826516
  20.  10.
  1146878.
  10.  0.
  0.000871932309  0.
  20.  20.
  1146878.
  5.  0.
  0.000435966154  0.
  20.  30.
  1146878.
  3.  0.
  0.000261579698  0.
  20.  40.
  1146878.
  0.  0.
  0.  0.
  20.  50.
  1146878.
  0.  0.
  0.  0.
  20.  60.
  1146878.
  0.  0.
  0.  0.
  20.  70.
  1146878.
  0.  0.
  0.  0.
  20.  80.
  1146878.
  0.  0.
  0.  0.
  20.  90.
  1146878.
  0.  0.
  0.  0.
  20.  100.
  1146878.
  0.  0.
  0.  0.
  30.  0.
  1146878.
  46264.  820.
  4.03390789  0.0714984536
  30.  10.
  1146878.
  21.  0.
  0.00183105783  0.
  30.  20.
  1146878.
  4.  0.
  0.000348772941  0.
  30.  30.
  1146878.
  2.  0.
  0.00017438647  0.
  30.  40.
  1146878.
  1.  0.
  8.71932352E-05  0.
  30.  50.
  1146878.
  1.  0.
  8.71932352E-05  0.
  30.  60.
  1146878.
  0.  0.
  0.  0.
  30.  70.
  1146878.
  0.  0.
  0.  0.
  30.  80.
  1146878.
  0.  0.
  0.  0.
  30.  90.
  1146878.
  0.  0.
  0.  0.
  30.  100.
  1146878.
  0.  0.
  0.  0.
  40.  0.
  1146878.
  48517.  907.
  4.23035383  0.0790842623
  40.  10.
  1146878.
  12.  0.
  0.00104631879  0.
  40.  20.
  1146878.
  2.  0.
  0.00017438647  0.
  40.  30.
  1146878.
  1.  0.
  8.71932352E-05  0.
  40.  40.
  1146878.
  1.  0.
  8.71932352E-05  0.
  40.  50.
  1146878.
  0.  0.
  0.  0.
  40.  60.
  1146878.
  0.  0.
  0.  0.
  40.  70.
  1146878.
  0.  0.
  0.  0.
  40.  80.
  1146878.
  0.  0.
  0.  0.
  40.  90.
  1146878.
  0.  0.
  0.  0.
  40.  100.
  1146878.
  0.  0.
  0.  0.
  50.  0.
  1146878.
  82894.  1789.
  7.2277956  0.155988693
  50.  10.
  1146878.
  27.  1.
  0.00235421723  8.71932352E-05
  50.  20.
  1146878.
  14.  1.
  0.00122070522  8.71932352E-05
  50.  30.
  1146878.
  5.  0.
  0.000435966154  0.
  50.  40.
  1146878.
  3.  0.
  0.000261579698  0.
  50.  50.
  1146878.
  1.  0.
  8.71932352E-05  0.
  50.  60.
  1146878.
  1.  0.
  8.71932352E-05  0.
  50.  70.
  1146878.
  0.  0.
  0.  0.
  50.  80.
  1146878.
  0.  0.
  0.  0.
  50.  90.
  1146878.
  0.  0.
  0.  0.
  50.  100.
  1146878.
  0.  0.
  0.  0.
  60.  0.
  1146878.
  58627.  1615.
  5.11187744  0.140817076
  60.  10.
  1146878.
  25.  2.
  0.0021798308  0.00017438647
  60.  20.
  1146878.
  6.  0.
  0.000523159397  0.
  60.  30.
  1146878.
  6.  1.
  0.000523159397  8.71932352E-05
  60.  40.
  1146878.
  2.  0.
  0.00017438647  0.
  60.  50.
  1146878.
  0.  0.
  0.  0.
  60.  60.
  1146878.
  1.  0.
  8.71932352E-05  0.
  60.  70.
  1146878.
  0.  0.
  0.  0.
  60.  80.
  1146878.
  0.  0.
  0.  0.
  60.  90.
  1146878.
  0.  0.
  0.  0.
  60.  100.
  1146878.
  0.  0.
  0.  0.
  70.  0.
  1146878.
  67537.  2233.
  5.88876915  0.194702491
  70.  10.
  1146878.
  22.  2.
  0.00191825116  0.00017438647
  70.  20.
  1146878.
  17.  2.
  0.00148228498  0.00017438647
  70.  30.
  1146878.
  3.  1.
  0.000261579698  8.71932352E-05
  70.  40.
  1146878.
  1.  0.
  8.71932352E-05  0.
  70.  50.
  1146878.
  2.  0.
  0.00017438647  0.
  70.  60.
  1146878.
  1.  0.
  8.71932352E-05  0.
  70.  70.
  1146878.
  0.  0.
  0.  0.
  70.  80.
  1146878.
  0.  0.
  0.  0.
  70.  90.
  1146878.
  0.  0.
  0.  0.
  70.  100.
  1146878.
  0.  0.
  0.  0.
  80.  0.
  1146878.
  83790.  3252.
  7.30592108  0.283552378
  80.  10.
  1146878.
  21.  2.
  0.00183105783  0.00017438647
  80.  20.
  1146878.
  8.  3.
  0.000697545882  0.000261579698
  80.  30.
  1146878.
  6.  0.
  0.000523159397  0.
  80.  40.
  1146878.
  3.  0.
  0.000261579698  0.
  80.  50.
  1146878.
  2.  0.
  0.00017438647  0.
  80.  60.
  1146878.
  4.  0.
  0.000348772941  0.
  80.  70.
  1146878.
  1.  0.
  8.71932352E-05  0.
  80.  80.
  1146878.
  0.  0.
  0.  0.
  80.  90.
  1146878.
  1.  0.
  8.71932352E-05  0.
  80.  100.
  1146878.
  0.  0.
  0.  0.
  90.  0.
  1146878.
  131442.  5662.
  11.4608526  0.493688077
  90.  10.
  1146878.
  41.  2.
  0.00357492245  0.00017438647
  90.  20.
  1146878.
  14.  1.
  0.00122070522  8.71932352E-05
  90.  30.
  1146878.
  13.  0.
  0.00113351201  0.
  90.  40.
  1146878.
  3.  0.
  0.000261579698  0.
  90.  50.
  1146878.
  2.  0.
  0.00017438647  0.
  90.  60.
  1146878.
  5.  0.
  0.000435966154  0.
  90.  70.
  1146878.
  1.  0.
  8.71932352E-05  0.
  90.  80.
  1146878.
  3.  0.
  0.000261579698  0.
  90.  90.
  1146878.
  2.  0.
  0.00017438647  0.
  90.  100.
  1146878.
  0.  0.
  0.  0.
  100.  0.
  1146878.
  324226.  15830.
  28.2703133  1.38026881
  100.  10.
  1146878.
  140.  17.
  0.0122070527  0.00148228498
  100.  20.
  1146878.
  65.  6.
  0.00566756027  0.000523159397
  100.  30.
  1146878.
  23.  1.
  0.00200544437  8.71932352E-05
  100.  40.
  1146878.
  13.  1.
  0.00113351201  8.71932352E-05
  100.  50.
  1146878.
  9.  4.
  0.000784739095  0.000348772941
  100.  60.
  1146878.
  2.  0.
  0.00017438647  0.
  100.  70.
  1146878.
  3.  0.
  0.000261579698  0.
  100.  80.
  1146878.
  3.  0.
  0.000261579698  0.
  100.  90.
  1146878.
  0.  0.
  0.  0.
  100.  100.
  1146878.
  0.  0.
  0.  0.
