  0.  0.
  2581306.
  1185596.  516.
  45.9300842  0.0199898817
  0.  10.
  2581306.
  89662.  151.
  3.47351313  0.00584975211
  0.  20.
  2581306.
  40291.  129.
  1.56087661  0.00499747042
  0.  30.
  2581306.
  37473.  120.
  1.45170701  0.00464880979
  0.  40.
  2581306.
  27197.  113.
  1.0536139  0.00437762914
  0.  50.
  2581306.
  26466.  128.
  1.0252949  0.00495873019
  0.  60.
  2581306.
  19183.  108.
  0.743150949  0.00418392848
  0.  70.
  2581306.
  14859.  86.
  0.575638831  0.00333164679
  0.  80.
  2581306.
  17817.  103.
  0.690231979  0.00399022829
  0.  90.
  2581306.
  18777.  98.
  0.727422476  0.00379652786
  0.  100.
  2581306.
  26678.  257.
  1.03350782  0.00995620061
  10.  0.
  2581306.
  70898.  232.
  2.74659419  0.0089876987
  10.  10.
  2581306.
  12788.  122.
  0.495408148  0.00472628977
  10.  20.
  2581306.
  4966.  82.
  0.19238323  0.00317668659
  10.  30.
  2581306.
  4983.  117.
  0.193041816  0.00453258911
  10.  40.
  2581306.
  3939.  77.
  0.152597174  0.00298298616
  10.  50.
  2581306.
  3463.  64.
  0.134156898  0.0024793651
  10.  60.
  2581306.
  3136.  80.
  0.121488892  0.00309920637
  10.  70.
  2581306.
  2162.  61.
  0.083756052  0.00236314489
  10.  80.
  2581306.
  2660.  76.
  0.103048615  0.00294424617
  10.  90.
  2581306.
  2762.  97.
  0.107000098  0.00375778764
  10.  100.
  2581306.
  3336.  119.
  0.129236907  0.00461006956
  20.  0.
  2581306.
  37494.  202.
  1.45252049  0.00782549568
  20.  10.
  2581306.
  7090.  91.
  0.274667174  0.00352534722
  20.  20.
  2581306.
  3207.  48.
  0.124239437  0.00185952382
  20.  30.
  2581306.
  2403.  55.
  0.0930924118  0.00213070447
  20.  40.
  2581306.
  2031.  74.
  0.0786811039  0.00286676595
  20.  50.
  2581306.
  2170.  99.
  0.0840659738  0.00383526785
  20.  60.
  2581306.
  1506.  76.
  0.0583425611  0.00294424617
  20.  70.
  2581306.
  1186.  73.
  0.0459457338  0.00282802572
  20.  80.
  2581306.
  1259.  78.
  0.0487737618  0.00302172615
  20.  90.
  2581306.
  1167.  78.
  0.0452096723  0.00302172615
  20.  100.
  2581306.
  1371.  81.
  0.0531126484  0.00313794636
  30.  0.
  2581306.
  37662.  206.
  1.45902884  0.00798045658
  30.  10.
  2581306.
  7788.  129.
  0.301707745  0.00499747042
  30.  20.
  2581306.
  3634.  101.
  0.140781447  0.00391274784
  30.  30.
  2581306.
  3159.  114.
  0.122379914  0.0044163689
  30.  40.
  2581306.
  2140.  113.
  0.0829037726  0.00437762914
  30.  50.
  2581306.
  1930.  110.
  0.074768357  0.00426140893
  30.  60.
  2581306.
  1644.  125.
  0.063688688  0.00484250998
  30.  70.
  2581306.
  1117.  80.
  0.0432726704  0.00309920637
  30.  80.
  2581306.
  1254.  99.
  0.0485800616  0.00383526785
  30.  90.
  2581306.
  1194.  72.
  0.0462556556  0.00278928573
  30.  100.
  2581306.
  1155.  111.
  0.0447447933  0.00430014869
  40.  0.
  2581306.
  33874.  203.
  1.31228149  0.0078642359
  40.  10.
  2581306.
  7392.  173.
  0.286366671  0.0067020338
  40.  20.
  2581306.
  3326.  123.
  0.128849506  0.00476503
  40.  30.
  2581306.
  2833.  125.
  0.109750643  0.00484250998
  40.  40.
  2581306.
  2064.  127.
  0.0799595267  0.00491998997
  40.  50.
  2581306.
  1623.  145.
  0.0628751516  0.00561731169
  40.  60.
  2581306.
  1423.  122.
  0.0551271327  0.00472628977
  40.  70.
  2581306.
  926.  115.
  0.0358733125  0.00445510913
  40.  80.
  2581306.
  1074.  124.
  0.0416068472  0.00480376976
  40.  90.
  2581306.
  1015.  102.
  0.0393211804  0.00395148806
  40.  100.
  2581306.
  929.  149.
  0.0359895341  0.00577227166
  50.  0.
  2581306.
  42335.  380.
  1.64006126  0.0147212306
  50.  10.
  2581306.
  8286.  267.
  0.321000308  0.010343601
  50.  20.
  2581306.
  4185.  215.
  0.162127227  0.00832911674
  50.  30.
  2581306.
  3106.  187.
  0.12032669  0.00724439509
  50.  40.
  2581306.
  2398.  158.
  0.0928987116  0.00612093275
  50.  50.
  2581306.
  2311.  229.
  0.0895283222  0.00887147803
  50.  60.
  2581306.
  1459.  170.
  0.0565217771  0.00658581359
  50.  70.
  2581306.
  1043.  154.
  0.040405903  0.00596597232
  50.  80.
  2581306.
  1062.  165.
  0.0411419645  0.00639211293
  50.  90.
  2581306.
  952.  161.
  0.0368805565  0.00623715296
  50.  100.
  2581306.
  951.  213.
  0.0368418172  0.00825163722
  60.  0.
  2581306.
  34419.  323.
  1.33339477  0.0125130462
  60.  10.
  2581306.
  8205.  271.
  0.317862362  0.0104985619
  60.  20.
  2581306.
  3604.  215.
  0.139619246  0.00832911674
  60.  30.
  2581306.
  3002.  210.
  0.116297722  0.00813541654
  60.  40.
  2581306.
  2220.  207.
  0.0860029757  0.0080191968
  60.  50.
  2581306.
  1798.  192.
  0.0696546659  0.00743809529
  60.  60.
  2581306.
  1363.  181.
  0.0528027304  0.00701195421
  60.  70.
  2581306.
  924.  178.
  0.0357958339  0.006895734
  60.  80.
  2581306.
  1029.  167.
  0.0398635417  0.00646959338
  60.  90.
  2581306.
  860.  214.
  0.033316467  0.00829037745
  60.  100.
  2581306.
  765.  211.
  0.0296361614  0.00817415677
  70.  0.
  2581306.
  34580.  405.
  1.33963192  0.0156897325
  70.  10.
  2581306.
  7182.  343.
  0.278231263  0.0132878469
  70.  20.
  2581306.
  3631.  266.
  0.140665233  0.0103048608
  70.  30.
  2581306.
  3018.  331.
  0.116917558  0.0128229661
  70.  40.
  2581306.
  2231.  303.
  0.0864291191  0.0117382444
  70.  50.
  2581306.
  1954.  295.
  0.0756981149  0.0114283236
  70.  60.
  2581306.
  1270.  254.
  0.0491999015  0.00983997993
  70.  70.
  2581306.
  921.  180.
  0.0356796123  0.00697321445
  70.  80.
  2581306.
  916.  225.
  0.0354859121  0.00871651806
  70.  90.
  2581306.
  772.  219.
  0.029907342  0.00848407764
  70.  100.
  2581306.
  564.  250.
  0.021849405  0.00968501996
  80.  0.
  2581306.
  39180.  570.
  1.51783633  0.0220818445
  80.  10.
  2581306.
  10196.  465.
  0.394993842  0.0180141367
  80.  20.
  2581306.
  4988.  356.
  0.193235517  0.013791468
  80.  30.
  2581306.
  4634.  454.
  0.179521531  0.017587997
  80.  40.
  2581306.
  3390.  469.
  0.131328866  0.0181690976
  80.  50.
  2581306.
  2655.  470.
  0.102854915  0.0182078369
  80.  60.
  2581306.
  1853.  382.
  0.071785368  0.0147987101
  80.  70.
  2581306.
  1212.  281.
  0.0469529778  0.0108859623
  80.  80.
  2581306.
  1339.  328.
  0.0518729649  0.0127067463
  80.  90.
  2581306.
  1154.  328.
  0.0447060503  0.0127067463
  80.  100.
  2581306.
  740.  326.
  0.0286676586  0.0126292659
  90.  0.
  2581306.
  49006.  851.
  1.89849639  0.0329678096
  90.  10.
  2581306.
  15547.  868.
  0.602292001  0.0336263888
  90.  20.
  2581306.
  7501.  637.
  0.290589333  0.0246774312
  90.  30.
  2581306.
  7101.  746.
  0.275093317  0.0289000999
  90.  40.
  2581306.
  5257.  917.
  0.203656599  0.0355246514
  90.  50.
  2581306.
  4423.  919.
  0.171347365  0.0356021337
  90.  60.
  2581306.
  3148.  740.
  0.121953771  0.0286676586
  90.  70.
  2581306.
  2145.  593.
  0.0830974728  0.0229728669
  90.  80.
  2581306.
  2169.  652.
  0.0840272307  0.0252585318
  90.  90.
  2581306.
  1698.  597.
  0.0657806545  0.0231278278
  90.  100.
  2581306.
  954.  444.
  0.0369580351  0.0172005948
  100.  0.
  2581306.
  152670.  3504.
  5.91444778  0.135745242
  100.  10.
  2581306.
  57329.  4584.
  2.2209301  0.177584529
  100.  20.
  2581306.
  32750.  4428.
  1.26873755  0.17154108
  100.  30.
  2581306.
  30097.  6224.
  1.16596019  0.241118252
  100.  40.
  2581306.
  22189.  6366.
  0.859603643  0.246619344
  100.  50.
  2581306.
  19191.  7568.
  0.743460894  0.293184936
  100.  60.
  2581306.
  12925.  5777.
  0.500715554  0.223801434
  100.  70.
  2581306.
  7501.  4093.
  0.290589333  0.158563152
  100.  80.
  2581306.
  7375.  4206.
  0.2857081  0.16294077
  100.  90.
  2581306.
  5287.  3680.
  0.2048188  0.142563492
  100.  100.
  2581306.
  2250.  1783.
  0.0871651769  0.0690735653
