  0.  0.
  2420929.
  1259132.  2506.
  52.0102806  0.103513978
  0.  10.
  2420929.
  89178.  477.
  3.68362713  0.0197031796
  0.  20.
  2420929.
  51488.  430.
  2.12678695  0.0177617762
  0.  30.
  2420929.
  36809.  286.
  1.5204494  0.0118136471
  0.  40.
  2420929.
  29008.  247.
  1.19821775  0.0102026947
  0.  50.
  2420929.
  36127.  264.
  1.49227834  0.0109049045
  0.  60.
  2420929.
  19548.  182.
  0.807458639  0.00751777506
  0.  70.
  2420929.
  17514.  178.
  0.723441303  0.00735254958
  0.  80.
  2420929.
  17005.  155.
  0.702416301  0.00640250091
  0.  90.
  2420929.
  17773.  152.
  0.734139681  0.00627858145
  0.  100.
  2420929.
  27611.  181.
  1.14051259  0.00747646857
  10.  0.
  2420929.
  61732.  697.
  2.5499301  0.0287906006
  10.  10.
  2420929.
  11212.  288.
  0.463128  0.0118962601
  10.  20.
  2420929.
  5766.  227.
  0.238173038  0.00937656593
  10.  30.
  2420929.
  3746.  173.
  0.154733986  0.00714601716
  10.  40.
  2420929.
  2856.  128.
  0.117971241  0.00528722629
  10.  50.
  2420929.
  3408.  210.
  0.140772402  0.00867435616
  10.  60.
  2420929.
  1840.  138.
  0.0760038793  0.00570029113
  10.  70.
  2420929.
  1708.  114.
  0.0705514252  0.00470893597
  10.  80.
  2420929.
  1555.  112.
  0.0642315373  0.004626323
  10.  90.
  2420929.
  1694.  139.
  0.069973141  0.00574159762
  10.  100.
  2420929.
  2230.  139.
  0.092113398  0.00574159762
  20.  0.
  2420929.
  39680.  554.
  1.63904023  0.0228837766
  20.  10.
  2420929.
  8480.  289.
  0.350278765  0.0119375661
  20.  20.
  2420929.
  4390.  237.
  0.181335345  0.00978963077
  20.  30.
  2420929.
  2710.  187.
  0.111940496  0.00772430748
  20.  40.
  2420929.
  2054.  177.
  0.0848434642  0.0073112431
  20.  50.
  2420929.
  2403.  267.
  0.0992594138  0.0110288244
  20.  60.
  2420929.
  1329.  120.
  0.0548962802  0.00495677488
  20.  70.
  2420929.
  1179.  104.
  0.048700314  0.00429587159
  20.  80.
  2420929.
  1018.  125.
  0.0420499742  0.0051633073
  20.  90.
  2420929.
  927.  96.
  0.0382910855  0.00396541972
  20.  100.
  2420929.
  1214.  163.
  0.0501460396  0.00673295232
  30.  0.
  2420929.
  30690.  595.
  1.26769519  0.024577342
  30.  10.
  2420929.
  6899.  331.
  0.284973234  0.0136724375
  30.  20.
  2420929.
  3957.  272.
  0.163449645  0.0112353563
  30.  30.
  2420929.
  2597.  232.
  0.107272871  0.00958309788
  30.  40.
  2420929.
  1739.  186.
  0.0718319267  0.00768300099
  30.  50.
  2420929.
  1954.  266.
  0.0807128176  0.0109875174
  30.  60.
  2420929.
  1042.  161.
  0.0430413298  0.00665033981
  30.  70.
  2420929.
  900.  150.
  0.0371758118  0.00619596848
  30.  80.
  2420929.
  813.  146.
  0.0335821509  0.00603074254
  30.  90.
  2420929.
  673.  149.
  0.027799245  0.006154662
  30.  100.
  2420929.
  774.  189.
  0.0319711976  0.00780692045
  40.  0.
  2420929.
  26009.  683.
  1.07433963  0.0282123107
  40.  10.
  2420929.
  6373.  376.
  0.263246059  0.0155312279
  40.  20.
  2420929.
  3847.  324.
  0.158905938  0.0133832917
  40.  30.
  2420929.
  2439.  261.
  0.100746445  0.0107809855
  40.  40.
  2420929.
  1707.  226.
  0.0705101192  0.00933525898
  40.  50.
  2420929.
  1859.  256.
  0.0767887011  0.0105744526
  40.  60.
  2420929.
  978.  176.
  0.0403977148  0.00726993661
  40.  70.
  2420929.
  831.  167.
  0.0343256667  0.00689817825
  40.  80.
  2420929.
  757.  193.
  0.0312689878  0.00797214638
  40.  90.
  2420929.
  623.  148.
  0.0257339235  0.00611335551
  40.  100.
  2420929.
  654.  200.
  0.0270144232  0.00826129131
  50.  0.
  2420929.
  37443.  1237.
  1.54663765  0.0510960892
  50.  10.
  2420929.
  9174.  623.
  0.37894544  0.0257339235
  50.  20.
  2420929.
  5285.  520.
  0.218304619  0.021479357
  50.  30.
  2420929.
  3483.  417.
  0.143870384  0.0172247924
  50.  40.
  2420929.
  2567.  400.
  0.106033675  0.0165225826
  50.  50.
  2420929.
  2716.  548.
  0.112188339  0.0226359386
  50.  60.
  2420929.
  1432.  333.
  0.0591508448  0.0137550505
  50.  70.
  2420929.
  1192.  316.
  0.049237296  0.0130528407
  50.  80.
  2420929.
  986.  300.
  0.0407281667  0.012391937
  50.  90.
  2420929.
  801.  306.
  0.0330864713  0.0126397759
  50.  100.
  2420929.
  777.  355.
  0.0320951156  0.0146637922
  60.  0.
  2420929.
  22294.  795.
  0.920886159  0.0328386351
  60.  10.
  2420929.
  5954.  567.
  0.245938644  0.0234207604
  60.  20.
  2420929.
  3658.  514.
  0.151099026  0.0212315191
  60.  30.
  2420929.
  2436.  355.
  0.100622527  0.0146637922
  60.  40.
  2420929.
  1784.  342.
  0.0736907199  0.0141268084
  60.  50.
  2420929.
  1894.  441.
  0.0782344267  0.018216148
  60.  60.
  2420929.
  983.  275.
  0.0406042486  0.0113592753
  60.  70.
  2420929.
  795.  277.
  0.0328386351  0.0114418883
  60.  80.
  2420929.
  632.  247.
  0.0261056814  0.0102026947
  60.  90.
  2420929.
  486.  223.
  0.0200749375  0.00921133999
  60.  100.
  2420929.
  465.  223.
  0.0192075018  0.00921133999
  70.  0.
  2420929.
  21579.  863.
  0.891352057  0.0356474742
  70.  10.
  2420929.
  5866.  559.
  0.242303684  0.0230903104
  70.  20.
  2420929.
  3746.  529.
  0.154733986  0.0218511149
  70.  30.
  2420929.
  2523.  462.
  0.104216188  0.0190835837
  70.  40.
  2420929.
  1901.  430.
  0.0785235763  0.0177617762
  70.  50.
  2420929.
  2129.  573.
  0.0879414454  0.0236686002
  70.  60.
  2420929.
  1045.  353.
  0.0431652479  0.0145811792
  70.  70.
  2420929.
  831.  331.
  0.0343256667  0.0136724375
  70.  80.
  2420929.
  686.  320.
  0.0283362288  0.0132180667
  70.  90.
  2420929.
  525.  277.
  0.0216858909  0.0114418883
  70.  100.
  2420929.
  367.  297.
  0.01515947  0.012268018
  80.  0.
  2420929.
  24051.  892.
  0.993461609  0.03684536
  80.  10.
  2420929.
  6720.  707.
  0.277579397  0.0292036645
  80.  20.
  2420929.
  4243.  704.
  0.175263301  0.0290797465
  80.  30.
  2420929.
  3183.  656.
  0.131478459  0.0270970352
  80.  40.
  2420929.
  2397.  637.
  0.0990115777  0.0263122134
  80.  50.
  2420929.
  2542.  809.
  0.105001017  0.0334169231
  80.  60.
  2420929.
  1232.  519.
  0.0508895554  0.021438051
  80.  70.
  2420929.
  985.  491.
  0.0406868607  0.0202814713
  80.  80.
  2420929.
  789.  468.
  0.0325907953  0.0193314217
  80.  90.
  2420929.
  528.  340.
  0.0218098089  0.0140441954
  80.  100.
  2420929.
  343.  340.
  0.0141681144  0.0140441954
  90.  0.
  2420929.
  30340.  1139.
  1.25323796  0.0470480546
  90.  10.
  2420929.
  9481.  1044.
  0.391626507  0.0431239419
  90.  20.
  2420929.
  6099.  964.
  0.251928091  0.0398194231
  90.  30.
  2420929.
  4263.  1026.
  0.176089421  0.0423804261
  90.  40.
  2420929.
  3303.  1019.
  0.136435226  0.0420912802
  90.  50.
  2420929.
  3541.  1442.
  0.146266162  0.0595639125
  90.  60.
  2420929.
  1807.  887.
  0.0746407658  0.0366388261
  90.  70.
  2420929.
  1281.  814.
  0.0529135726  0.033623457
  90.  80.
  2420929.
  918.  714.
  0.0379193276  0.0294928104
  90.  90.
  2420929.
  655.  529.
  0.0270557292  0.0218511149
  90.  100.
  2420929.
  381.  444.
  0.0157377608  0.0183400661
  100.  0.
  2420929.
  106029.  5308.
  4.37968254  0.219254673
  100.  10.
  2420929.
  33309.  4987.
  1.37587678  0.205995306
  100.  20.
  2420929.
  21100.  5046.
  0.871566236  0.208432376
  100.  30.
  2420929.
  14077.  5069.
  0.581471026  0.20938243
  100.  40.
  2420929.
  10263.  4669.
  0.423928171  0.192859843
  100.  50.
  2420929.
  10836.  6429.
  0.447596759  0.265559226
  100.  60.
  2420929.
  5132.  3715.
  0.211984739  0.153453484
  100.  70.
  2420929.
  3618.  3470.
  0.149446756  0.143333405
  100.  80.
  2420929.
  2380.  2997.
  0.0983093679  0.12379545
  100.  90.
  2420929.
  1582.  2191.
  0.0653468147  0.0905024484
  100.  100.
  2420929.
  897.  1247.
  0.0370518938  0.0515091531
