  0.  0.
  2420929.
  1143436.  3797.
  47.2312889  0.156840622
  0.  10.
  2420929.
  97899.  765.
  4.04386091  0.0315994397
  0.  20.
  2420929.
  55912.  548.
  2.30952668  0.0226359386
  0.  30.
  2420929.
  39463.  435.
  1.63007677  0.0179683082
  0.  40.
  2420929.
  31053.  419.
  1.28268945  0.0173074063
  0.  50.
  2420929.
  37325.  547.
  1.54176354  0.0225946326
  0.  60.
  2420929.
  20121.  276.
  0.831127226  0.0114005823
  0.  70.
  2420929.
  17796.  255.
  0.735089719  0.0105331466
  0.  80.
  2420929.
  16255.  202.
  0.671436489  0.00834390428
  0.  90.
  2420929.
  15697.  208.
  0.648387432  0.00859174319
  0.  100.
  2420929.
  17804.  216.
  0.735420167  0.00892219506
  10.  0.
  2420929.
  69335.  1519.
  2.86398315  0.0627445057
  10.  10.
  2420929.
  15122.  541.
  0.624636233  0.0223467927
  10.  20.
  2420929.
  7860.  337.
  0.324668765  0.0139202764
  10.  30.
  2420929.
  5115.  301.
  0.211282521  0.0124332439
  10.  40.
  2420929.
  4100.  271.
  0.16935648  0.0111940503
  10.  50.
  2420929.
  4820.  355.
  0.199097127  0.0146637922
  10.  60.
  2420929.
  2617.  224.
  0.108098999  0.00925264601
  10.  70.
  2420929.
  2185.  180.
  0.0902546123  0.00743516209
  10.  80.
  2420929.
  1928.  158.
  0.0796388462  0.00652642036
  10.  90.
  2420929.
  1855.  171.
  0.076623477  0.00706340419
  10.  100.
  2420929.
  2051.  163.
  0.0847195461  0.00673295232
  20.  0.
  2420929.
  43339.  1334.
  1.79018056  0.055102814
  20.  10.
  2420929.
  11278.  682.
  0.465854228  0.0281710029
  20.  20.
  2420929.
  6148.  432.
  0.253952086  0.0178443901
  20.  30.
  2420929.
  4118.  307.
  0.170099989  0.0126810819
  20.  40.
  2420929.
  2828.  270.
  0.116814658  0.0111527434
  20.  50.
  2420929.
  3058.  350.
  0.126315147  0.0144572603
  20.  60.
  2420929.
  1579.  212.
  0.0652228966  0.00875696912
  20.  70.
  2420929.
  1347.  193.
  0.055639796  0.00797214638
  20.  80.
  2420929.
  1092.  172.
  0.0451066494  0.00710471068
  20.  90.
  2420929.
  979.  148.
  0.0404390208  0.00611335551
  20.  100.
  2420929.
  1130.  124.
  0.0466762967  0.00512200082
  30.  0.
  2420929.
  34222.  1386.
  1.4135896  0.0572507493
  30.  10.
  2420929.
  10456.  807.
  0.431900322  0.0333343111
  30.  20.
  2420929.
  5421.  555.
  0.223922297  0.0229250845
  30.  30.
  2420929.
  3462.  401.
  0.143002957  0.0165638886
  30.  40.
  2420929.
  2514.  327.
  0.103844434  0.0135072116
  30.  50.
  2420929.
  2692.  377.
  0.11119698  0.0155725339
  30.  60.
  2420929.
  1392.  237.
  0.0574985892  0.00978963077
  30.  70.
  2420929.
  1046.  207.
  0.0432065539  0.00855043624
  30.  80.
  2420929.
  826.  181.
  0.0341191329  0.00747646857
  30.  90.
  2420929.
  744.  114.
  0.030732004  0.00470893597
  30.  100.
  2420929.
  728.  107.
  0.0300711002  0.00441979105
  40.  0.
  2420929.
  28145.  1470.
  1.16257024  0.0607204922
  40.  10.
  2420929.
  9515.  1040.
  0.393030941  0.0429587141
  40.  20.
  2420929.
  5181.  749.
  0.214008749  0.0309385359
  40.  30.
  2420929.
  3305.  498.
  0.136517838  0.0205706153
  40.  40.
  2420929.
  2262.  458.
  0.0934352055  0.0189183578
  40.  50.
  2420929.
  2562.  531.
  0.105827145  0.0219337288
  40.  60.
  2420929.
  1256.  220.
  0.051880911  0.009087421
  40.  70.
  2420929.
  953.  226.
  0.0393650532  0.00933525898
  40.  80.
  2420929.
  709.  179.
  0.0292862784  0.0073938556
  40.  90.
  2420929.
  643.  141.
  0.0265600514  0.00582421059
  40.  100.
  2420929.
  554.  125.
  0.0228837766  0.0051633073
  50.  0.
  2420929.
  38276.  2199.
  1.58104599  0.0908328965
  50.  10.
  2420929.
  12843.  1724.
  0.530498803  0.071212329
  50.  20.
  2420929.
  7718.  1411.
  0.318803251  0.058283411
  50.  30.
  2420929.
  5232.  1056.
  0.216115385  0.0436196178
  50.  40.
  2420929.
  3623.  859.
  0.149653301  0.0354822464
  50.  50.
  2420929.
  3769.  950.
  0.155684039  0.0392411351
  50.  60.
  2420929.
  1834.  516.
  0.0757560432  0.0213141311
  50.  70.
  2420929.
  1390.  444.
  0.0574159771  0.0183400661
  50.  80.
  2420929.
  929.  298.
  0.0383736975  0.012309324
  50.  90.
  2420929.
  735.  230.
  0.0303602461  0.00950048491
  50.  100.
  2420929.
  621.  147.
  0.0256513096  0.00607204903
  60.  0.
  2420929.
  22637.  1467.
  0.935054243  0.0605965741
  60.  10.
  2420929.
  7985.  1370.
  0.329832047  0.0565898456
  60.  20.
  2420929.
  5168.  1166.
  0.21347177  0.0481633283
  60.  30.
  2420929.
  3633.  960.
  0.150066361  0.039654199
  60.  40.
  2420929.
  2530.  718.
  0.104505338  0.0296580363
  60.  50.
  2420929.
  2397.  826.
  0.0990115777  0.0341191329
  60.  60.
  2420929.
  1034.  432.
  0.042710878  0.0178443901
  60.  70.
  2420929.
  818.  343.
  0.033788681  0.0141681144
  60.  80.
  2420929.
  535.  253.
  0.0220989548  0.0104505336
  60.  90.
  2420929.
  408.  181.
  0.0168530345  0.00747646857
  60.  100.
  2420929.
  349.  116.
  0.0144159533  0.00479154894
  70.  0.
  2420929.
  21720.  1551.
  0.897176266  0.0640663132
  70.  10.
  2420929.
  7879.  1396.
  0.325453579  0.0576638132
  70.  20.
  2420929.
  5209.  1311.
  0.215165332  0.0541527644
  70.  30.
  2420929.
  3667.  1150.
  0.15147078  0.0475024246
  70.  40.
  2420929.
  2727.  982.
  0.112642705  0.0405629426
  70.  50.
  2420929.
  2672.  1250.
  0.110370852  0.0516330712
  70.  60.
  2420929.
  1122.  593.
  0.0463458449  0.0244947299
  70.  70.
  2420929.
  883.  408.
  0.0364736021  0.0168530345
  70.  80.
  2420929.
  659.  314.
  0.0272209551  0.0129702277
  70.  90.
  2420929.
  433.  213.
  0.0178856961  0.00879827514
  70.  100.
  2420929.
  257.  106.
  0.0106157595  0.00437848456
  80.  0.
  2420929.
  22784.  1599.
  0.941126347  0.0660490245
  80.  10.
  2420929.
  8715.  1755.
  0.359985769  0.0724928305
  80.  20.
  2420929.
  5971.  1775.
  0.246640861  0.0733189583
  80.  30.
  2420929.
  4255.  1548.
  0.175758973  0.0639423952
  80.  40.
  2420929.
  3176.  1435.
  0.131189302  0.0592747666
  80.  50.
  2420929.
  3189.  1679.
  0.131726295  0.0693535432
  80.  60.
  2420929.
  1392.  831.
  0.0574985892  0.0343256667
  80.  70.
  2420929.
  967.  652.
  0.0399433449  0.0269318093
  80.  80.
  2420929.
  749.  414.
  0.0309385359  0.0171008725
  80.  90.
  2420929.
  503.  266.
  0.0207771473  0.0109875174
  80.  100.
  2420929.
  233.  110.
  0.00962440483  0.0045437105
  90.  0.
  2420929.
  26281.  1858.
  1.08557498  0.0767473951
  90.  10.
  2420929.
  11212.  2166.
  0.463128  0.089469783
  90.  20.
  2420929.
  7813.  2452.
  0.322727352  0.101283431
  90.  30.
  2420929.
  6067.  2511.
  0.250606269  0.103720516
  90.  40.
  2420929.
  4516.  2300.
  0.186539963  0.0950048491
  90.  50.
  2420929.
  4601.  2889.
  0.190051004  0.119334355
  90.  60.
  2420929.
  2013.  1377.
  0.0831498951  0.0568789914
  90.  70.
  2420929.
  1343.  980.
  0.0554745719  0.0404803269
  90.  80.
  2420929.
  978.  678.
  0.0403977148  0.0280057788
  90.  90.
  2420929.
  522.  453.
  0.0215619709  0.0187118258
  90.  100.
  2420929.
  209.  168.
  0.0086330492  0.00693948474
  100.  0.
  2420929.
  84283.  7639.
  3.4814322  0.315540016
  100.  10.
  2420929.
  33618.  7456.
  1.38864052  0.307980955
  100.  20.
  2420929.
  22742.  7635.
  0.939391434  0.315374792
  100.  30.
  2420929.
  15885.  7656.
  0.656153083  0.316242248
  100.  40.
  2420929.
  11475.  6908.
  0.473991603  0.285345018
  100.  50.
  2420929.
  11034.  7988.
  0.45577544  0.329955965
  100.  60.
  2420929.
  4280.  3854.
  0.176791638  0.15919508
  100.  70.
  2420929.
  2563.  2680.
  0.105868451  0.110701308
  100.  80.
  2420929.
  1516.  1701.
  0.0626205876  0.0702622831
  100.  90.
  2420929.
  849.  851.
  0.0350691825  0.0351517946
  100.  100.
  2420929.
  350.  268.
  0.0144572603  0.0110701304
