  0.  0.
  2451477.
  1141228.  2287.
  46.5526695  0.0932907015
  0.  10.
  2451477.
  136353.  742.
  5.56207561  0.0302674677
  0.  20.
  2451477.
  74392.  524.
  3.0345788  0.0213748682
  0.  30.
  2451477.
  50402.  450.
  2.05598497  0.0183562804
  0.  40.
  2451477.
  38059.  345.
  1.55249262  0.0140731484
  0.  50.
  2451477.
  42369.  382.
  1.72830498  0.0155824423
  0.  60.
  2451477.
  20969.  192.
  0.855361879  0.00783201307
  0.  70.
  2451477.
  17288.  135.
  0.705207527  0.00550688431
  0.  80.
  2451477.
  15095.  139.
  0.615751266  0.00567005109
  0.  90.
  2451477.
  12534.  110.
  0.511283576  0.00448709074
  0.  100.
  2451477.
  10086.  84.
  0.411425442  0.00342650572
  10.  0.
  2451477.
  81865.  903.
  3.33941531  0.0368349366
  10.  10.
  2451477.
  21985.  549.
  0.8968063  0.0223946627
  10.  20.
  2451477.
  10411.  296.
  0.424682766  0.0120743532
  10.  30.
  2451477.
  6484.  214.
  0.264493614  0.00872943085
  10.  40.
  2451477.
  4770.  198.
  0.194576576  0.00807676371
  10.  50.
  2451477.
  5195.  242.
  0.211913064  0.0098716002
  10.  60.
  2451477.
  2478.  120.
  0.101081923  0.00489500817
  10.  70.
  2451477.
  2072.  109.
  0.0845204741  0.00444629928
  10.  80.
  2451477.
  1644.  82.
  0.0670616105  0.00334492233
  10.  90.
  2451477.
  1424.  75.
  0.0580874309  0.00305938022
  10.  100.
  2451477.
  1029.  60.
  0.0419746935  0.00244750408
  20.  0.
  2451477.
  49994.  778.
  2.03934193  0.0317359716
  20.  10.
  2451477.
  16426.  496.
  0.670045018  0.0202326998
  20.  20.
  2451477.
  7949.  399.
  0.3242535  0.0162759013
  20.  30.
  2451477.
  4853.  272.
  0.197962284  0.0110953515
  20.  40.
  2451477.
  3436.  238.
  0.140160397  0.00970843248
  20.  50.
  2451477.
  3397.  284.
  0.138569519  0.0115848528
  20.  60.
  2451477.
  1581.  136.
  0.0644917339  0.00554767577
  20.  70.
  2451477.
  1250.  97.
  0.0509896688  0.00395679846
  20.  80.
  2451477.
  1011.  69.
  0.0412404425  0.00281462981
  20.  90.
  2451477.
  735.  53.
  0.0299819261  0.00216196198
  20.  100.
  2451477.
  463.  63.
  0.0188865736  0.00256987941
  30.  0.
  2451477.
  38115.  742.
  1.55477703  0.0302674677
  30.  10.
  2451477.
  14124.  538.
  0.57614249  0.0219459534
  30.  20.
  2451477.
  7202.  441.
  0.293782085  0.0179891549
  30.  30.
  2451477.
  4316.  345.
  0.17605713  0.0140731484
  30.  40.
  2451477.
  2827.  229.
  0.115318231  0.00934130698
  30.  50.
  2451477.
  2933.  281.
  0.119642161  0.011462478
  30.  60.
  2451477.
  1295.  122.
  0.0528252982  0.00497659156
  30.  70.
  2451477.
  1029.  85.
  0.0419746935  0.00346729741
  30.  80.
  2451477.
  744.  69.
  0.0303490516  0.00281462981
  30.  90.
  2451477.
  539.  79.
  0.0219867453  0.00322254701
  30.  100.
  2451477.
  315.  46.
  0.0128493961  0.00187641976
  40.  0.
  2451477.
  30768.  832.
  1.2550801  0.0339387245
  40.  10.
  2451477.
  12226.  639.
  0.498719752  0.0260659195
  40.  20.
  2451477.
  6555.  505.
  0.267389834  0.0205998253
  40.  30.
  2451477.
  3806.  379.
  0.155253336  0.0154600674
  40.  40.
  2451477.
  2589.  304.
  0.105609804  0.0124006877
  40.  50.
  2451477.
  2446.  359.
  0.0997765809  0.0146442326
  40.  60.
  2451477.
  1090.  178.
  0.04446299  0.00726092886
  40.  70.
  2451477.
  853.  120.
  0.0347953513  0.00489500817
  40.  80.
  2451477.
  665.  75.
  0.0271265041  0.00305938022
  40.  90.
  2451477.
  491.  66.
  0.020028742  0.00269225449
  40.  100.
  2451477.
  268.  54.
  0.0109321848  0.00220275368
  50.  0.
  2451477.
  40255.  1475.
  1.64207125  0.0601678081
  50.  10.
  2451477.
  16984.  1100.
  0.69280684  0.0448709093
  50.  20.
  2451477.
  9381.  862.
  0.382667273  0.035162475
  50.  30.
  2451477.
  5714.  666.
  0.233083978  0.027167296
  50.  40.
  2451477.
  3653.  543.
  0.149012208  0.0221499112
  50.  50.
  2451477.
  3562.  626.
  0.145300165  0.0255356263
  50.  60.
  2451477.
  1487.  323.
  0.0606573112  0.0131757306
  50.  70.
  2451477.
  1116.  262.
  0.0455235764  0.0106874341
  50.  80.
  2451477.
  845.  156.
  0.0344690159  0.00636351062
  50.  90.
  2451477.
  507.  116.
  0.0206814092  0.00473184139
  50.  100.
  2451477.
  259.  44.
  0.0105650593  0.00179483637
  60.  0.
  2451477.
  24326.  946.
  0.992299736  0.0385889821
  60.  10.
  2451477.
  10688.  914.
  0.435982049  0.0372836441
  60.  20.
  2451477.
  6130.  667.
  0.250053346  0.027208088
  60.  30.
  2451477.
  3689.  567.
  0.150480717  0.0231289137
  60.  40.
  2451477.
  2495.  448.
  0.101775378  0.0182746965
  60.  50.
  2451477.
  2301.  489.
  0.0938617811  0.0199471582
  60.  60.
  2451477.
  951.  254.
  0.0387929417  0.0103611005
  60.  70.
  2451477.
  672.  191.
  0.0274120457  0.00779122114
  60.  80.
  2451477.
  467.  135.
  0.0190497395  0.00550688431
  60.  90.
  2451477.
  276.  79.
  0.0112585193  0.00322254701
  60.  100.
  2451477.
  128.  42.
  0.0052213422  0.00171325286
  70.  0.
  2451477.
  24214.  914.
  0.987731099  0.0372836441
  70.  10.
  2451477.
  10711.  903.
  0.436920285  0.0368349366
  70.  20.
  2451477.
  6089.  782.
  0.24838087  0.0318991356
  70.  30.
  2451477.
  3830.  698.
  0.156232342  0.0284726303
  70.  40.
  2451477.
  2396.  538.
  0.0977369994  0.0219459534
  70.  50.
  2451477.
  2197.  633.
  0.0896194428  0.025821168
  70.  60.
  2451477.
  941.  300.
  0.0383850224  0.0122375209
  70.  70.
  2451477.
  630.  252.
  0.0256987922  0.0102795176
  70.  80.
  2451477.
  416.  140.
  0.0169693623  0.00571084302
  70.  90.
  2451477.
  240.  97.
  0.00979001634  0.00395679846
  70.  100.
  2451477.
  124.  41.
  0.00505817495  0.00167246116
  80.  0.
  2451477.
  25047.  1012.
  1.02171063  0.0412812345
  80.  10.
  2451477.
  11741.  1041.
  0.478935748  0.0424641967
  80.  20.
  2451477.
  7082.  947.
  0.288887054  0.038629774
  80.  30.
  2451477.
  4457.  840.
  0.18180877  0.0342650563
  80.  40.
  2451477.
  2825.  782.
  0.115236655  0.0318991356
  80.  50.
  2451477.
  2420.  925.
  0.0987159982  0.0377323553
  80.  60.
  2451477.
  995.  438.
  0.0405877754  0.0178667791
  80.  70.
  2451477.
  615.  257.
  0.025086917  0.0104834763
  80.  80.
  2451477.
  385.  190.
  0.0157048181  0.00775042968
  80.  90.
  2451477.
  245.  127.
  0.00999397505  0.00518055027
  80.  100.
  2451477.
  126.  52.
  0.00513975881  0.00212117028
  90.  0.
  2451477.
  30359.  1225.
  1.23839629  0.0499698743
  90.  10.
  2451477.
  14631.  1322.
  0.596823871  0.0539266728
  90.  20.
  2451477.
  9225.  1267.
  0.376303762  0.0516831279
  90.  30.
  2451477.
  5757.  1192.
  0.234838024  0.0486237481
  90.  40.
  2451477.
  3821.  1150.
  0.155865222  0.0469104946
  90.  50.
  2451477.
  3215.  1264.
  0.131145433  0.0515607521
  90.  60.
  2451477.
  1123.  625.
  0.0458091199  0.0254948344
  90.  70.
  2451477.
  626.  434.
  0.0255356263  0.0177036133
  90.  80.
  2451477.
  398.  224.
  0.0162351113  0.00913734827
  90.  90.
  2451477.
  289.  135.
  0.0117888115  0.00550688431
  90.  100.
  2451477.
  107.  48.
  0.00436471542  0.00195800327
  100.  0.
  2451477.
  47579.  2660.
  1.94082999  0.108506016
  100.  10.
  2451477.
  27736.  3616.
  1.13139951  0.147502914
  100.  20.
  2451477.
  19373.  3778.
  0.790258288  0.154111177
  100.  30.
  2451477.
  13844.  4256.
  0.56472075  0.173609629
  100.  40.
  2451477.
  9855.  4154.
  0.402002543  0.169448867
  100.  50.
  2451477.
  8912.  5349.
  0.363535941  0.218194991
  100.  60.
  2451477.
  3279.  2840.
  0.133756101  0.115848526
  100.  70.
  2451477.
  1820.  2051.
  0.0742409602  0.083663851
  100.  80.
  2451477.
  979.  1175.
  0.0399351083  0.0479302891
  100.  90.
  2451477.
  514.  482.
  0.0209669527  0.0196616165
  100.  100.
  2451477.
  223.  105.
  0.00909655727  0.00428313203
