  0.  0.
  1147178.
  207971.  826.
  18.1289215  0.072002776
  0.  10.
  1147178.
  41483.  485.
  3.61609101  0.0422776602
  0.  20.
  1147178.
  25469.  355.
  2.2201438  0.0309455022
  0.  30.
  1147178.
  18741.  340.
  1.63366103  0.0296379458
  0.  40.
  1147178.
  15240.  332.
  1.32847738  0.0289405826
  0.  50.
  1147178.
  18299.  454.
  1.59513175  0.0395753756
  0.  60.
  1147178.
  9392.  268.
  0.818704665  0.0233616754
  0.  70.
  1147178.
  7691.  234.
  0.670427799  0.020397881
  0.  80.
  1147178.
  6018.  257.
  0.524591625  0.0224028006
  0.  90.
  1147178.
  4447.  183.
  0.387646914  0.0159521885
  0.  100.
  1147178.
  3053.  108.
  0.266131312  0.00941440649
  10.  0.
  1147178.
  39035.  291.
  3.4026978  0.025366595
  10.  10.
  1147178.
  8498.  140.
  0.740774333  0.0122038601
  10.  20.
  1147178.
  5741.  117.
  0.500445426  0.0101989405
  10.  30.
  1147178.
  4657.  116.
  0.405952692  0.0101117697
  10.  40.
  1147178.
  4226.  141.
  0.368382245  0.012291031
  10.  50.
  1147178.
  5753.  261.
  0.501491487  0.0227514822
  10.  60.
  1147178.
  3399.  192.
  0.296292305  0.0167367235
  10.  70.
  1147178.
  3046.  192.
  0.265521139  0.0167367235
  10.  80.
  1147178.
  2672.  169.
  0.232919395  0.014731803
  10.  90.
  1147178.
  2178.  144.
  0.1898572  0.0125525417
  10.  100.
  1147178.
  1717.  102.
  0.149671629  0.00889138412
  20.  0.
  1147178.
  32113.  244.
  2.79930401  0.0212695859
  20.  10.
  1147178.
  5965.  105.
  0.519971609  0.00915289484
  20.  20.
  1147178.
  3919.  84.
  0.341620922  0.00732231606
  20.  30.
  1147178.
  3248.  99.
  0.283129543  0.00862987246
  20.  40.
  1147178.
  2955.  88.
  0.257588625  0.00767099764
  20.  50.
  1147178.
  4142.  193.
  0.361059934  0.0168238934
  20.  60.
  1147178.
  2634.  158.
  0.229606912  0.0137729282
  20.  70.
  1147178.
  2534.  167.
  0.220889866  0.0145574622
  20.  80.
  1147178.
  2238.  133.
  0.195087418  0.0115936669
  20.  90.
  1147178.
  2021.  123.
  0.176171437  0.0107219629
  20.  100.
  1147178.
  1657.  133.
  0.144441396  0.0115936669
  30.  0.
  1147178.
  27507.  291.
  2.39779711  0.025366595
  30.  10.
  1147178.
  5010.  116.
  0.436723858  0.0101117697
  30.  20.
  1147178.
  3209.  71.
  0.279729903  0.00618910044
  30.  30.
  1147178.
  2628.  82.
  0.229083896  0.00714797527
  30.  40.
  1147178.
  2300.  72.
  0.200491995  0.00627627084
  30.  50.
  1147178.
  3458.  170.
  0.301435351  0.0148189729
  30.  60.
  1147178.
  2318.  120.
  0.202061057  0.0104604512
  30.  70.
  1147178.
  2212.  147.
  0.192820996  0.0128140533
  30.  80.
  1147178.
  2079.  156.
  0.181227326  0.0135985874
  30.  90.
  1147178.
  1981.  177.
  0.172684625  0.0154291661
  30.  100.
  1147178.
  1760.  169.
  0.153419957  0.014731803
  40.  0.
  1147178.
  26782.  319.
  2.33459854  0.027807368
  40.  10.
  1147178.
  4732.  123.
  0.412490487  0.0107219629
  40.  20.
  1147178.
  2984.  93.
  0.260116577  0.00810685009
  40.  30.
  1147178.
  2312.  68.
  0.201538041  0.00592758926
  40.  40.
  1147178.
  2051.  88.
  0.178786546  0.00767099764
  40.  50.
  1147178.
  3186.  132.
  0.277724981  0.0115064969
  40.  60.
  1147178.
  2105.  115.
  0.183493763  0.0100245997
  40.  70.
  1147178.
  2198.  146.
  0.191600606  0.0127268825
  40.  80.
  1147178.
  2094.  180.
  0.182534888  0.0156906769
  40.  90.
  1147178.
  2046.  203.
  0.178350702  0.0176955964
  40.  100.
  1147178.
  1950.  206.
  0.169982344  0.0179571081
  50.  0.
  1147178.
  42394.  791.
  3.69550323  0.0689518079
  50.  10.
  1147178.
  7107.  233.
  0.619520247  0.0203107111
  50.  20.
  1147178.
  4547.  175.
  0.396363944  0.0152548254
  50.  30.
  1147178.
  3389.  156.
  0.295420587  0.0135985874
  50.  40.
  1147178.
  3058.  144.
  0.266567171  0.0125525417
  50.  50.
  1147178.
  4326.  236.
  0.377099276  0.0205722209
  50.  60.
  1147178.
  2926.  191.
  0.255060673  0.0166495517
  50.  70.
  1147178.
  2978.  216.
  0.259593546  0.018828813
  50.  80.
  1147178.
  3183.  300.
  0.277463466  0.02615113
  50.  90.
  1147178.
  3108.  323.
  0.270925701  0.0281560495
  50.  100.
  1147178.
  3204.  348.
  0.279294074  0.030335309
  60.  0.
  1147178.
  28848.  720.
  2.51469254  0.0627627075
  60.  10.
  1147178.
  4786.  171.
  0.417197675  0.0149061438
  60.  20.
  1147178.
  3055.  130.
  0.266305655  0.0113321561
  60.  30.
  1147178.
  2300.  99.
  0.200491995  0.00862987246
  60.  40.
  1147178.
  1966.  101.
  0.171377063  0.00880421326
  60.  50.
  1147178.
  2704.  169.
  0.235708848  0.014731803
  60.  60.
  1147178.
  1726.  120.
  0.15045616  0.0104604512
  60.  70.
  1147178.
  1960.  142.
  0.170854047  0.0123782009
  60.  80.
  1147178.
  2224.  214.
  0.193867043  0.0186544713
  60.  90.
  1147178.
  2421.  262.
  0.211039618  0.0228386521
  60.  100.
  1147178.
  2554.  307.
  0.222633272  0.0267613214
  70.  0.
  1147178.
  34945.  941.
  3.04617071  0.0820273757
  70.  10.
  1147178.
  5435.  262.
  0.473771304  0.0228386521
  70.  20.
  1147178.
  3335.  141.
  0.2907134  0.012291031
  70.  30.
  1147178.
  2577.  138.
  0.224638194  0.0120295193
  70.  40.
  1147178.
  2095.  110.
  0.182622045  0.00958874729
  70.  50.
  1147178.
  2822.  201.
  0.245994955  0.0175212566
  70.  60.
  1147178.
  1915.  163.
  0.166931376  0.0142087806
  70.  70.
  1147178.
  2083.  158.
  0.181576014  0.0137729282
  70.  80.
  1147178.
  2411.  200.
  0.210167915  0.0174340867
  70.  90.
  1147178.
  2729.  291.
  0.237888098  0.025366595
  70.  100.
  1147178.
  3237.  437.
  0.282170683  0.0380934775
  80.  0.
  1147178.
  45318.  1406.
  3.95038962  0.122561626
  80.  10.
  1147178.
  6637.  286.
  0.57855016  0.0249307435
  80.  20.
  1147178.
  3728.  187.
  0.324971378  0.0163008701
  80.  30.
  1147178.
  2930.  168.
  0.25540936  0.0146446321
  80.  40.
  1147178.
  2456.  161.
  0.214090571  0.0140344389
  80.  50.
  1147178.
  3231.  223.
  0.281647652  0.0194390062
  80.  60.
  1147178.
  2004.  147.
  0.174689546  0.0128140533
  80.  70.
  1147178.
  2154.  195.
  0.187765107  0.0169982333
  80.  80.
  1147178.
  2328.  242.
  0.20293276  0.0210952442
  80.  90.
  1147178.
  2988.  320.
  0.260465235  0.0278945379
  80.  100.
  1147178.
  4299.  586.
  0.374745667  0.0510818735
  90.  0.
  1147178.
  63981.  1770.
  5.57725143  0.15429166
  90.  10.
  1147178.
  7767.  358.
  0.677052736  0.0312070139
  90.  20.
  1147178.
  4661.  225.
  0.406301379  0.0196133461
  90.  30.
  1147178.
  3363.  206.
  0.29315415  0.0179571081
  90.  40.
  1147178.
  2774.  196.
  0.241810769  0.0170854051
  90.  50.
  1147178.
  3572.  252.
  0.311372787  0.0219669491
  90.  60.
  1147178.
  2171.  185.
  0.189246997  0.0161265302
  90.  70.
  1147178.
  2141.  197.
  0.186631888  0.017172575
  90.  80.
  1147178.
  2265.  242.
  0.197441027  0.0210952442
  90.  90.
  1147178.
  2946.  345.
  0.256804079  0.0300737992
  90.  100.
  1147178.
  5538.  807.
  0.48274985  0.0703465343
  100.  0.
  1147178.
  80895.  2565.
  7.05165195  0.223592147
  100.  10.
  1147178.
  9584.  594.
  0.835441411  0.0517792366
  100.  20.
  1147178.
  5636.  361.
  0.491292536  0.0314685255
  100.  30.
  1147178.
  4000.  293.
  0.348681718  0.0255409367
  100.  40.
  1147178.
  3263.  242.
  0.28443712  0.0210952442
  100.  50.
  1147178.
  4274.  362.
  0.372566432  0.0315556973
  100.  60.
  1147178.
  2635.  247.
  0.229694083  0.0215310957
  100.  70.
  1147178.
  2523.  303.
  0.219930992  0.0264126398
  100.  80.
  1147178.
  2763.  322.
  0.240851894  0.0280688778
  100.  90.
  1147178.
  3151.  377.
  0.274674028  0.0328632519
  100.  100.
  1147178.
  7334.  1028.
  0.639307916  0.0896112025
