  0.  0.
  2482025.
  1131666.  2787.
  45.5944633  0.112287343
  0.  10.
  2482025.
  126786.  878.
  5.10816765  0.0353743397
  0.  20.
  2482025.
  56134.  519.
  2.261621  0.020910345
  0.  30.
  2482025.
  48744.  512.
  1.9638803  0.0206283182
  0.  40.
  2482025.
  34084.  362.
  1.37323356  0.0145848654
  0.  50.
  2482025.
  30819.  385.
  1.24168777  0.0155115277
  0.  60.
  2482025.
  21201.  252.
  0.854181588  0.0101530002
  0.  70.
  2482025.
  14831.  154.
  0.597536266  0.00620461116
  0.  80.
  2482025.
  15409.  163.
  0.620823741  0.00656721834
  0.  90.
  2482025.
  14422.  121.
  0.581057787  0.00487505179
  0.  100.
  2482025.
  14328.  156.
  0.577270567  0.00628519058
  10.  0.
  2482025.
  84518.  1008.
  3.40520334  0.040612001
  10.  10.
  2482025.
  23502.  630.
  0.946888149  0.0253825001
  10.  20.
  2482025.
  8368.  351.
  0.337144077  0.0141416788
  10.  30.
  2482025.
  7069.  318.
  0.284807771  0.012812119
  10.  40.
  2482025.
  4972.  287.
  0.200320303  0.011563139
  10.  50.
  2482025.
  3690.  253.
  0.14866893  0.0101932902
  10.  60.
  2482025.
  3052.  233.
  0.122964114  0.00938749593
  10.  70.
  2482025.
  1788.  143.
  0.0720379502  0.00576142455
  10.  80.
  2482025.
  2037.  185.
  0.0820700824  0.0074535911
  10.  90.
  2482025.
  1950.  118.
  0.0785648823  0.00475418242
  10.  100.
  2482025.
  1559.  72.
  0.0628116131  0.00290085725
  20.  0.
  2482025.
  42240.  708.
  1.70183623  0.0285250954
  20.  10.
  2482025.
  12406.  459.
  0.499833792  0.018492965
  20.  20.
  2482025.
  5053.  316.
  0.203583762  0.01273154
  20.  30.
  2482025.
  3583.  263.
  0.144357935  0.0105961869
  20.  40.
  2482025.
  2380.  215.
  0.0958894417  0.00866228156
  20.  50.
  2482025.
  2112.  226.
  0.0850918069  0.00910546817
  20.  60.
  2482025.
  1460.  166.
  0.0588229373  0.00668808725
  20.  70.
  2482025.
  1001.  114.
  0.0403299741  0.00459302403
  20.  80.
  2482025.
  953.  132.
  0.0383960679  0.00531823793
  20.  90.
  2482025.
  829.  89.
  0.0334001482  0.00358578167
  20.  100.
  2482025.
  740.  69.
  0.0298143644  0.00277998811
  30.  0.
  2482025.
  41591.  850.
  1.67568815  0.0342462286
  30.  10.
  2482025.
  14306.  725.
  0.576384187  0.0292100199
  30.  20.
  2482025.
  5304.  422.
  0.21369648  0.0170022454
  30.  30.
  2482025.
  4411.  427.
  0.17771779  0.0172036942
  30.  40.
  2482025.
  2758.  330.
  0.111118942  0.0132955955
  30.  50.
  2482025.
  2096.  243.
  0.0844471753  0.00979039259
  30.  60.
  2482025.
  1692.  263.
  0.0681701452  0.0105961869
  30.  70.
  2482025.
  935.  166.
  0.0376708545  0.00668808725
  30.  80.
  2482025.
  1126.  159.
  0.0453661829  0.00640605949
  30.  90.
  2482025.
  842.  139.
  0.0339239128  0.00560026569
  30.  100.
  2482025.
  643.  76.
  0.0259062666  0.00306201586
  40.  0.
  2482025.
  34316.  892.
  1.38258076  0.035938397
  40.  10.
  2482025.
  12704.  741.
  0.511840105  0.0298546553
  40.  20.
  2482025.
  5361.  411.
  0.215992987  0.0165590588
  40.  30.
  2482025.
  4346.  410.
  0.175098956  0.0165187698
  40.  40.
  2482025.
  2779.  365.
  0.11196503  0.0147057343
  40.  50.
  2482025.
  1910.  363.
  0.0769532919  0.0146251544
  40.  60.
  2482025.
  1474.  302.
  0.059386991  0.0121674845
  40.  70.
  2482025.
  863.  201.
  0.034769997  0.00809822604
  40.  80.
  2482025.
  979.  213.
  0.0394436009  0.0085817026
  40.  90.
  2482025.
  722.  133.
  0.029089151  0.00535852788
  40.  100.
  2482025.
  357.  86.
  0.0143834166  0.00346491276
  50.  0.
  2482025.
  36189.  1277.
  1.45804334  0.0514499247
  50.  10.
  2482025.
  12625.  958.
  0.508657217  0.0385975167
  50.  20.
  2482025.
  6297.  720.
  0.253704131  0.0290085711
  50.  30.
  2482025.
  4309.  573.
  0.173608243  0.0230859891
  50.  40.
  2482025.
  2945.  491.
  0.118653119  0.019782234
  50.  50.
  2482025.
  2479.  655.
  0.0998781249  0.0263897423
  50.  60.
  2482025.
  1365.  370.
  0.0549954176  0.0149071822
  50.  70.
  2482025.
  898.  296.
  0.0361801349  0.0119257458
  50.  80.
  2482025.
  724.  256.
  0.0291697308  0.0103141591
  50.  90.
  2482025.
  602.  187.
  0.0242543891  0.00753417052
  50.  100.
  2482025.
  352.  137.
  0.0141819688  0.00551968673
  60.  0.
  2482025.
  30351.  1030.
  1.2228322  0.0414983742
  60.  10.
  2482025.
  12134.  884.
  0.488875002  0.0356160812
  60.  20.
  2482025.
  5446.  668.
  0.219417617  0.0269135088
  60.  30.
  2482025.
  4562.  728.
  0.183801532  0.0293308888
  60.  40.
  2482025.
  3016.  571.
  0.121513687  0.0230054092
  60.  50.
  2482025.
  2120.  518.
  0.0854141265  0.020870056
  60.  60.
  2482025.
  1523.  449.
  0.0613611862  0.0180900674
  60.  70.
  2482025.
  790.  284.
  0.0318288505  0.0114422701
  60.  80.
  2482025.
  812.  327.
  0.0327152237  0.0131747266
  60.  90.
  2482025.
  555.  174.
  0.0223607738  0.00701040495
  60.  100.
  2482025.
  259.  114.
  0.010435028  0.00459302403
  70.  0.
  2482025.
  26233.  1053.
  1.05691922  0.0424250364
  70.  10.
  2482025.
  9846.  866.
  0.396692216  0.034890864
  70.  20.
  2482025.
  4889.  732.
  0.196976259  0.0294920485
  70.  30.
  2482025.
  3943.  776.
  0.158862218  0.0312647931
  70.  40.
  2482025.
  2545.  619.
  0.102537245  0.0249393135
  70.  50.
  2482025.
  2028.  676.
  0.0817074776  0.0272358265
  70.  60.
  2482025.
  1184.  395.
  0.047702983  0.0159144253
  70.  70.
  2482025.
  687.  231.
  0.0276790112  0.00930691697
  70.  80.
  2482025.
  583.  208.
  0.0234888848  0.0083802538
  70.  90.
  2482025.
  350.  166.
  0.0141013889  0.00668808725
  70.  100.
  2482025.
  176.  105.
  0.00709098438  0.00423041685
  80.  0.
  2482025.
  30461.  1250.
  1.22726405  0.0503621027
  80.  10.
  2482025.
  12855.  1213.
  0.517923892  0.0488713868
  80.  20.
  2482025.
  6254.  1025.
  0.251971662  0.0412969254
  80.  30.
  2482025.
  5419.  1157.
  0.218329787  0.0466151647
  80.  40.
  2482025.
  3436.  923.
  0.138435349  0.0371873789
  80.  50.
  2482025.
  2444.  831.
  0.0984679833  0.0334807262
  80.  60.
  2482025.
  1622.  609.
  0.065349862  0.0245364159
  80.  70.
  2482025.
  836.  367.
  0.033682175  0.0147863133
  80.  80.
  2482025.
  746.  318.
  0.0300561041  0.012812119
  80.  90.
  2482025.
  363.  207.
  0.0146251544  0.00833996478
  80.  100.
  2482025.
  170.  104.
  0.0068492461  0.0041901269
  90.  0.
  2482025.
  35376.  1572.
  1.42528784  0.0633353814
  90.  10.
  2482025.
  17055.  1806.
  0.687140524  0.0727631673
  90.  20.
  2482025.
  8760.  1437.
  0.352937609  0.0578962751
  90.  30.
  2482025.
  7657.  1728.
  0.308498114  0.069620572
  90.  40.
  2482025.
  5078.  1637.
  0.204591006  0.0659542084
  90.  50.
  2482025.
  3321.  1450.
  0.133802041  0.0584200397
  90.  60.
  2482025.
  2024.  1086.
  0.0815463215  0.0437545963
  90.  70.
  2482025.
  927.  561.
  0.0373485349  0.0226025116
  90.  80.
  2482025.
  804.  482.
  0.0323929042  0.0194196273
  90.  90.
  2482025.
  488.  298.
  0.0196613651  0.0120063256
  90.  100.
  2482025.
  167.  197.
  0.00672837719  0.00793706719
  100.  0.
  2482025.
  79484.  4489.
  3.20238519  0.180860385
  100.  10.
  2482025.
  40135.  5420.
  1.61702645  0.21837008
  100.  20.
  2482025.
  21345.  4887.
  0.859983265  0.196895674
  100.  30.
  2482025.
  18388.  5411.
  0.740846694  0.218007475
  100.  40.
  2482025.
  12533.  4696.
  0.504950583  0.189200357
  100.  50.
  2482025.
  8073.  4480.
  0.325258613  0.18049778
  100.  60.
  2482025.
  5420.  3283.
  0.21837008  0.132271022
  100.  70.
  2482025.
  2498.  1928.
  0.100643627  0.0776785091
  100.  80.
  2482025.
  2248.  1797.
  0.0905712098  0.0724005625
  100.  90.
  2482025.
  1228.  984.
  0.0494757295  0.0396450497
  100.  100.
  2482025.
  316.  388.
  0.01273154  0.0156323966
