  0.  0.
  16777216.
  16777216.  1285.
  100.  0.00765919685
  0.  10.
  16777216.
  1509659.  972.
  8.99826908  0.00579357147
  0.  20.
  16777216.
  877831.  900.
  5.23228073  0.00536441803
  0.  30.
  16777216.
  618544.  820.
  3.68680954  0.00488758087
  0.  40.
  16777216.
  491049.  724.
  2.92688012  0.00431537628
  0.  50.
  16777216.
  603764.  1009.
  3.59871387  0.00601410866
  0.  60.
  16777216.
  325606.  617.
  1.940763  0.00367760658
  0.  70.
  16777216.
  296138.  657.
  1.76512003  0.00391602516
  0.  80.
  16777216.
  294045.  758.
  1.75264478  0.00451803207
  0.  90.
  16777216.
  312935.  895.
  1.86523795  0.00533461571
  0.  100.
  16777216.
  525449.  1223.
  3.1319201  0.00728964806
  10.  0.
  16777216.
  529385.  471.
  3.15538049  0.00280737877
  10.  10.
  16777216.
  119794.  523.
  0.714027882  0.00311732292
  10.  20.
  16777216.
  72804.  508.
  0.433945656  0.00302791595
  10.  30.
  16777216.
  51887.  523.
  0.30927062  0.00311732292
  10.  40.
  16777216.
  39686.  505.
  0.236546993  0.00301003456
  10.  50.
  16777216.
  45349.  627.
  0.270301104  0.00373721123
  10.  60.
  16777216.
  23520.  446.
  0.140190125  0.00265836716
  10.  70.
  16777216.
  19440.  390.
  0.115871429  0.00232458115
  10.  80.
  16777216.
  16572.  451.
  0.0987768173  0.00268816948
  10.  90.
  16777216.
  14623.  525.
  0.0871598721  0.00312924385
  10.  100.
  16777216.
  12643.  713.
  0.0753581524  0.00424981117
  20.  0.
  16777216.
  326331.  373.
  1.94508433  0.00222325325
  20.  10.
  16777216.
  82681.  444.
  0.492817163  0.00264644623
  20.  20.
  16777216.
  52664.  508.
  0.313901901  0.00302791595
  20.  30.
  16777216.
  39009.  540.
  0.232511759  0.00321865082
  20.  40.
  16777216.
  30392.  472.
  0.181150436  0.00281333923
  20.  50.
  16777216.
  34976.  711.
  0.208473206  0.00423789024
  20.  60.
  16777216.
  18213.  429.
  0.10855794  0.00255703926
  20.  70.
  16777216.
  14931.  420.
  0.0889956951  0.00250339508
  20.  80.
  16777216.
  12667.  418.
  0.0755012035  0.00249147415
  20.  90.
  16777216.
  10649.  461.
  0.0634729862  0.00274777412
  20.  100.
  16777216.
  8069.  591.
  0.0480949879  0.00352263451
  30.  0.
  16777216.
  245553.  343.
  1.46360993  0.00204443932
  30.  10.
  16777216.
  69272.  455.
  0.412893295  0.00271201134
  30.  20.
  16777216.
  45105.  490.
  0.26884675  0.00292062759
  30.  30.
  16777216.
  33564.  522.
  0.20005703  0.00311136246
  30.  40.
  16777216.
  26745.  560.
  0.159412622  0.00333786011
  30.  50.
  16777216.
  31400.  813.
  0.187158585  0.00484585762
  30.  60.
  16777216.
  15960.  495.
  0.0951290131  0.00295042992
  30.  70.
  16777216.
  13319.  446.
  0.0793874264  0.00265836716
  30.  80.
  16777216.
  11021.  477.
  0.065690279  0.00284314156
  30.  90.
  16777216.
  8982.  467.
  0.0535368919  0.00278353691
  30.  100.
  16777216.
  6096.  481.
  0.0363349915  0.00286698341
  40.  0.
  16777216.
  220167.  410.
  1.31229758  0.00244379044
  40.  10.
  16777216.
  65065.  497.
  0.387817621  0.00296235085
  40.  20.
  16777216.
  44215.  586.
  0.263541937  0.00349283218
  40.  30.
  16777216.
  32643.  601.
  0.194567442  0.00358223915
  40.  40.
  16777216.
  25650.  605.
  0.152885914  0.00360608101
  40.  50.
  16777216.
  29785.  895.
  0.177532434  0.00533461571
  40.  60.
  16777216.
  15941.  594.
  0.0950157642  0.0035405159
  40.  70.
  16777216.
  13079.  530.
  0.0779569149  0.00315904617
  40.  80.
  16777216.
  10520.  475.
  0.0627040863  0.00283122063
  40.  90.
  16777216.
  8431.  480.
  0.050252676  0.00286102295
  40.  100.
  16777216.
  5447.  477.
  0.03246665  0.00284314156
  50.  0.
  16777216.
  337519.  682.
  2.01177001  0.00406503677
  50.  10.
  16777216.
  97562.  847.
  0.581514835  0.00504851341
  50.  20.
  16777216.
  66984.  982.
  0.399255753  0.00585317612
  50.  30.
  16777216.
  49503.  1063.
  0.295060873  0.00633597374
  50.  40.
  16777216.
  38610.  1132.
  0.230133533  0.00674724579
  50.  50.
  16777216.
  44587.  1656.
  0.26575923  0.00987052917
  50.  60.
  16777216.
  23268.  1046.
  0.138688087  0.00623464584
  50.  70.
  16777216.
  19766.  968.
  0.117814541  0.00576972961
  50.  80.
  16777216.
  16039.  885.
  0.0955998898  0.00527501106
  50.  90.
  16777216.
  12378.  804.
  0.0737786293  0.00479221344
  50.  100.
  16777216.
  7771.  672.
  0.0463187695  0.00400543213
  60.  0.
  16777216.
  179309.  414.
  1.06876493  0.00246763229
  60.  10.
  16777216.
  58418.  616.
  0.348198414  0.00367164612
  60.  20.
  16777216.
  41891.  724.
  0.249689817  0.00431537628
  60.  30.
  16777216.
  32335.  868.
  0.192731619  0.00517368317
  60.  40.
  16777216.
  26109.  988.
  0.155621767  0.0058889389
  60.  50.
  16777216.
  30535.  1382.
  0.182002783  0.00823736191
  60.  60.
  16777216.
  16213.  894.
  0.0966370106  0.00532865524
  60.  70.
  16777216.
  13828.  830.
  0.0824213028  0.00494718552
  60.  80.
  16777216.
  11614.  763.
  0.0692248344  0.0045478344
  60.  90.
  16777216.
  9543.  611.
  0.0568807125  0.0036418438
  60.  100.
  16777216.
  6261.  596.
  0.0373184681  0.00355243683
  70.  0.
  16777216.
  157984.  456.
  0.94165802  0.0027179718
  70.  10.
  16777216.
  57465.  681.
  0.342518091  0.00405907631
  70.  20.
  16777216.
  42891.  864.
  0.255650282  0.00514984131
  70.  30.
  16777216.
  34580.  1037.
  0.206112862  0.00618100166
  70.  40.
  16777216.
  28406.  1224.
  0.169312954  0.00729560852
  70.  50.
  16777216.
  34718.  1814.
  0.206935406  0.0108122826
  70.  60.
  16777216.
  18772.  1209.
  0.111889839  0.00720620155
  70.  70.
  16777216.
  16796.  1234.
  0.100111961  0.00735521317
  70.  80.
  16777216.
  14681.  1216.
  0.087505579  0.0072479248
  70.  90.
  16777216.
  12592.  1183.
  0.0750541687  0.00705122948
  70.  100.
  16777216.
  7751.  895.
  0.0461995602  0.00533461571
  80.  0.
  16777216.
  154272.  517.
  0.919532776  0.00308156013
  80.  10.
  16777216.
  59281.  776.
  0.353342295  0.00462532043
  80.  20.
  16777216.
  45996.  1013.
  0.274157524  0.00603795052
  80.  30.
  16777216.
  38485.  1321.
  0.229388475  0.00787377357
  80.  40.
  16777216.
  32569.  1600.
  0.194126368  0.00953674316
  80.  50.
  16777216.
  41697.  2585.
  0.248533487  0.0154078007
  80.  60.
  16777216.
  23152.  1822.
  0.137996674  0.0108599663
  80.  70.
  16777216.
  20488.  1857.
  0.122117996  0.0110685825
  80.  80.
  16777216.
  17580.  1769.
  0.104784966  0.0105440617
  80.  90.
  16777216.
  13832.  1601.
  0.0824451447  0.00954270363
  80.  100.
  16777216.
  7121.  959.
  0.0424444675  0.00571608543
  90.  0.
  16777216.
  164634.  672.
  0.981295109  0.00400543213
  90.  10.
  16777216.
  67851.  1030.
  0.404423475  0.00613927841
  90.  20.
  16777216.
  53945.  1399.
  0.321537256  0.0083386898
  90.  30.
  16777216.
  46450.  1702.
  0.276863575  0.0101447105
  90.  40.
  16777216.
  40857.  2014.
  0.243526697  0.0120043755
  90.  50.
  16777216.
  52030.  3651.
  0.310122967  0.0217616558
  90.  60.
  16777216.
  28212.  2647.
  0.168156624  0.0157773495
  90.  70.
  16777216.
  23010.  2500.
  0.137150288  0.0149011612
  90.  80.
  16777216.
  17049.  2141.
  0.101619959  0.0127613544
  90.  90.
  16777216.
  11414.  1592.
  0.0680327415  0.00948905945
  90.  100.
  16777216.
  5561.  850.
  0.033146143  0.00506639481
  100.  0.
  16777216.
  343323.  1436.
  2.04636455  0.00855922699
  100.  10.
  16777216.
  132573.  1923.
  0.790196657  0.0114619732
  100.  20.
  16777216.
  95424.  2476.
  0.568771362  0.01475811
  100.  30.
  16777216.
  77061.  3040.
  0.459319353  0.018119812
  100.  40.
  16777216.
  62796.  3623.
  0.374293327  0.0215947628
  100.  50.
  16777216.
  71061.  5685.
  0.423556566  0.0338852406
  100.  60.
  16777216.
  31380.  3651.
  0.187039375  0.0217616558
  100.  70.
  16777216.
  21025.  3066.
  0.125318766  0.0182747841
  100.  80.
  16777216.
  12572.  2349.
  0.0749349594  0.0140011311
  100.  90.
  16777216.
  7682.  1476.
  0.0457882881  0.00879764557
  100.  100.
  16777216.
  3801.  726.
  0.0226557255  0.00432729721
