  0.  0.
  1146878.
  356089.  3867.
  31.0485516  0.337176234
  0.  10.
  1146878.
  514.  1.
  0.044817321  8.71932352E-05
  0.  20.
  1146878.
  278.  2.
  0.0242397189  0.00017438647
  0.  30.
  1146878.
  206.  3.
  0.0179618057  0.000261579698
  0.  40.
  1146878.
  176.  0.
  0.0153460093  0.
  0.  50.
  1146878.
  185.  2.
  0.0161307473  0.00017438647
  0.  60.
  1146878.
  63.  0.
  0.00549317384  0.
  0.  70.
  1146878.
  50.  0.
  0.0043596616  0.
  0.  80.
  1146878.
  30.  1.
  0.00261579687  8.71932352E-05
  0.  90.
  1146878.
  13.  0.
  0.00113351201  0.
  0.  100.
  1146878.
  9.  0.
  0.000784739095  0.
  10.  0.
  1146878.
  80629.  1878.
  7.030303  0.16374889
  10.  10.
  1146878.
  116.  3.
  0.0101144146  0.000261579698
  10.  20.
  1146878.
  47.  1.
  0.00409808196  8.71932352E-05
  10.  30.
  1146878.
  37.  0.
  0.00322614959  0.
  10.  40.
  1146878.
  21.  0.
  0.00183105783  0.
  10.  50.
  1146878.
  19.  0.
  0.0016566714  0.
  10.  60.
  1146878.
  7.  0.
  0.00061035261  0.
  10.  70.
  1146878.
  6.  0.
  0.000523159397  0.
  10.  80.
  1146878.
  2.  0.
  0.00017438647  0.
  10.  90.
  1146878.
  0.  0.
  0.  0.
  10.  100.
  1146878.
  0.  0.
  0.  0.
  20.  0.
  1146878.
  63240.  1526.
  5.51410007  0.133056879
  20.  10.
  1146878.
  88.  0.
  0.00767300464  0.
  20.  20.
  1146878.
  29.  0.
  0.00252860365  0.
  20.  30.
  1146878.
  25.  0.
  0.0021798308  0.
  20.  40.
  1146878.
  13.  2.
  0.00113351201  0.00017438647
  20.  50.
  1146878.
  14.  0.
  0.00122070522  0.
  20.  60.
  1146878.
  5.  0.
  0.000435966154  0.
  20.  70.
  1146878.
  1.  0.
  8.71932352E-05  0.
  20.  80.
  1146878.
  1.  1.
  8.71932352E-05  8.71932352E-05
  20.  90.
  1146878.
  0.  0.
  0.  0.
  20.  100.
  1146878.
  0.  0.
  0.  0.
  30.  0.
  1146878.
  54308.  1573.
  4.73529005  0.137154952
  30.  10.
  1146878.
  60.  1.
  0.00523159374  8.71932352E-05
  30.  20.
  1146878.
  26.  0.
  0.00226702401  0.
  30.  30.
  1146878.
  19.  2.
  0.0016566714  0.00017438647
  30.  40.
  1146878.
  18.  0.
  0.00156947819  0.
  30.  50.
  1146878.
  13.  1.
  0.00113351201  8.71932352E-05
  30.  60.
  1146878.
  3.  0.
  0.000261579698  0.
  30.  70.
  1146878.
  1.  0.
  8.71932352E-05  0.
  30.  80.
  1146878.
  0.  0.
  0.  0.
  30.  90.
  1146878.
  0.  0.
  0.  0.
  30.  100.
  1146878.
  0.  0.
  0.  0.
  40.  0.
  1146878.
  52262.  1680.
  4.55689287  0.146484628
  40.  10.
  1146878.
  56.  0.
  0.00488282088  0.
  40.  20.
  1146878.
  30.  0.
  0.00261579687  0.
  40.  30.
  1146878.
  20.  0.
  0.00174386462  0.
  40.  40.
  1146878.
  22.  2.
  0.00191825116  0.00017438647
  40.  50.
  1146878.
  19.  1.
  0.0016566714  8.71932352E-05
  40.  60.
  1146878.
  1.  0.
  8.71932352E-05  0.
  40.  70.
  1146878.
  0.  0.
  0.  0.
  40.  80.
  1146878.
  1.  0.
  8.71932352E-05  0.
  40.  90.
  1146878.
  0.  0.
  0.  0.
  40.  100.
  1146878.
  0.  0.
  0.  0.
  50.  0.
  1146878.
  79960.  3113.
  6.97197104  0.271432519
  50.  10.
  1146878.
  117.  2.
  0.0102016078  0.00017438647
  50.  20.
  1146878.
  50.  3.
  0.0043596616  0.000261579698
  50.  30.
  1146878.
  33.  1.
  0.00287737674  8.71932352E-05
  50.  40.
  1146878.
  19.  0.
  0.0016566714  0.
  50.  50.
  1146878.
  16.  1.
  0.00139509176  8.71932352E-05
  50.  60.
  1146878.
  0.  0.
  0.  0.
  50.  70.
  1146878.
  0.  0.
  0.  0.
  50.  80.
  1146878.
  0.  0.
  0.  0.
  50.  90.
  1146878.
  0.  0.
  0.  0.
  50.  100.
  1146878.
  0.  0.
  0.  0.
  60.  0.
  1146878.
  54447.  2433.
  4.74740982  0.212141141
  60.  10.
  1146878.
  36.  1.
  0.00313895638  8.71932352E-05
  60.  20.
  1146878.
  20.  1.
  0.00174386462  8.71932352E-05
  60.  30.
  1146878.
  14.  0.
  0.00122070522  0.
  60.  40.
  1146878.
  8.  0.
  0.000697545882  0.
  60.  50.
  1146878.
  2.  1.
  0.00017438647  8.71932352E-05
  60.  60.
  1146878.
  0.  0.
  0.  0.
  60.  70.
  1146878.
  0.  0.
  0.  0.
  60.  80.
  1146878.
  0.  0.
  0.  0.
  60.  90.
  1146878.
  0.  0.
  0.  0.
  60.  100.
  1146878.
  0.  0.
  0.  0.
  70.  0.
  1146878.
  63478.  3041.
  5.53485203  0.26515463
  70.  10.
  1146878.
  44.  3.
  0.00383650232  0.000261579698
  70.  20.
  1146878.
  22.  3.
  0.00191825116  0.000261579698
  70.  30.
  1146878.
  12.  1.
  0.00104631879  8.71932352E-05
  70.  40.
  1146878.
  1.  1.
  8.71932352E-05  8.71932352E-05
  70.  50.
  1146878.
  3.  0.
  0.000261579698  0.
  70.  60.
  1146878.
  0.  0.
  0.  0.
  70.  70.
  1146878.
  0.  0.
  0.  0.
  70.  80.
  1146878.
  0.  0.
  0.  0.
  70.  90.
  1146878.
  0.  0.
  0.  0.
  70.  100.
  1146878.
  0.  0.
  0.  0.
  80.  0.
  1146878.
  78004.  3921.
  6.80142069  0.341884673
  80.  10.
  1146878.
  28.  4.
  0.00244141044  0.000348772941
  80.  20.
  1146878.
  10.  1.
  0.000871932309  8.71932352E-05
  80.  30.
  1146878.
  6.  1.
  0.000523159397  8.71932352E-05
  80.  40.
  1146878.
  5.  0.
  0.000435966154  0.
  80.  50.
  1146878.
  0.  0.
  0.  0.
  80.  60.
  1146878.
  0.  0.
  0.  0.
  80.  70.
  1146878.
  0.  0.
  0.  0.
  80.  80.
  1146878.
  0.  0.
  0.  0.
  80.  90.
  1146878.
  0.  0.
  0.  0.
  80.  100.
  1146878.
  0.  0.
  0.  0.
  90.  0.
  1146878.
  101131.  4788.
  8.8179388  0.417481184
  90.  10.
  1146878.
  19.  5.
  0.0016566714  0.000435966154
  90.  20.
  1146878.
  4.  0.
  0.000348772941  0.
  90.  30.
  1146878.
  3.  0.
  0.000261579698  0.
  90.  40.
  1146878.
  0.  0.
  0.  0.
  90.  50.
  1146878.
  0.  0.
  0.  0.
  90.  60.
  1146878.
  0.  0.
  0.  0.
  90.  70.
  1146878.
  0.  0.
  0.  0.
  90.  80.
  1146878.
  0.  0.
  0.  0.
  90.  90.
  1146878.
  0.  0.
  0.  0.
  90.  100.
  1146878.
  0.  0.
  0.  0.
  100.  0.
  1146878.
  126039.  6701.
  10.989748  0.584281862
  100.  10.
  1146878.
  2.  0.
  0.00017438647  0.
  100.  20.
  1146878.
  0.  0.
  0.  0.
  100.  30.
  1146878.
  0.  0.
  0.  0.
  100.  40.
  1146878.
  0.  0.
  0.  0.
  100.  50.
  1146878.
  0.  0.
  0.  0.
  100.  60.
  1146878.
  0.  0.
  0.  0.
  100.  70.
  1146878.
  0.  0.
  0.  0.
  100.  80.
  1146878.
  0.  0.
  0.  0.
  100.  90.
  1146878.
  0.  0.
  0.  0.
  100.  100.
  1146878.
  0.  0.
  0.  0.
