  0.  0.
  2459114.
  941263.  3168.
  38.2765083  0.128826886
  0.  10.
  2459114.
  118894.  958.
  4.83483076  0.038957119
  0.  20.
  2459114.
  51286.  497.
  2.08554792  0.0202105306
  0.  30.
  2459114.
  43326.  503.
  1.76185405  0.0204545222
  0.  40.
  2459114.
  30844.  411.
  1.25427294  0.0167133361
  0.  50.
  2459114.
  28176.  450.
  1.14577854  0.0182992741
  0.  60.
  2459114.
  18922.  316.
  0.769464135  0.012850157
  0.  70.
  2459114.
  13374.  208.
  0.543854415  0.00845833123
  0.  80.
  2459114.
  13594.  243.
  0.552800715  0.00988160819
  0.  90.
  2459114.
  11202.  213.
  0.455529928  0.00866165664
  0.  100.
  2459114.
  9145.  106.
  0.371881902  0.00431049569
  10.  0.
  2459114.
  87932.  2021.
  3.57575941  0.0821840689
  10.  10.
  2459114.
  26801.  963.
  1.08986402  0.0391604453
  10.  20.
  2459114.
  10219.  460.
  0.415556163  0.018705925
  10.  30.
  2459114.
  9588.  445.
  0.389896512  0.0180959478
  10.  40.
  2459114.
  6579.  359.
  0.267535388  0.0145987542
  10.  50.
  2459114.
  5381.  347.
  0.21881865  0.0141107729
  10.  60.
  2459114.
  4387.  249.
  0.178397581  0.0101255979
  10.  70.
  2459114.
  2815.  169.
  0.114472121  0.00687239366
  10.  80.
  2459114.
  2937.  139.
  0.119433261  0.00565244211
  10.  90.
  2459114.
  2215.  175.
  0.0900730938  0.00711638434
  10.  100.
  2459114.
  1585.  87.
  0.0644541085  0.00353785953
  20.  0.
  2459114.
  46052.  1664.
  1.87270701  0.0676666498
  20.  10.
  2459114.
  14369.  705.
  0.584316134  0.0286688618
  20.  20.
  2459114.
  6425.  396.
  0.261272967  0.0161033608
  20.  30.
  2459114.
  5219.  378.
  0.212230906  0.0153713897
  20.  40.
  2459114.
  3639.  288.
  0.147980124  0.011711535
  20.  50.
  2459114.
  3151.  327.
  0.128135577  0.0132974721
  20.  60.
  2459114.
  1990.  194.
  0.080923453  0.00788902026
  20.  70.
  2459114.
  1435.  151.
  0.0583543517  0.00614042301
  20.  80.
  2459114.
  1364.  119.
  0.0554671325  0.00483914139
  20.  90.
  2459114.
  1074.  124.
  0.0436742678  0.00504246633
  20.  100.
  2459114.
  680.  108.
  0.0276522357  0.00439182576
  30.  0.
  2459114.
  44736.  1784.
  1.81919181  0.0725464523
  30.  10.
  2459114.
  17359.  1192.
  0.705904663  0.0484727435
  30.  20.
  2459114.
  7225.  631.
  0.293805003  0.0256596487
  30.  30.
  2459114.
  6263.  534.
  0.254685223  0.0217151381
  30.  40.
  2459114.
  4102.  387.
  0.166808039  0.0157373752
  30.  50.
  2459114.
  3086.  369.
  0.125492349  0.0150054041
  30.  60.
  2459114.
  2163.  268.
  0.0879585072  0.0108982343
  30.  70.
  2459114.
  1270.  202.
  0.0516446158  0.00821434055
  30.  80.
  2459114.
  1294.  163.
  0.0526205786  0.00662840344
  30.  90.
  2459114.
  982.  188.
  0.0399330817  0.00764503004
  30.  100.
  2459114.
  499.  62.
  0.0202918611  0.00252123317
  40.  0.
  2459114.
  37090.  1804.
  1.50826681  0.0733597577
  40.  10.
  2459114.
  15759.  1312.
  0.64084059  0.0533525497
  40.  20.
  2459114.
  7180.  797.
  0.291975081  0.0324100479
  40.  30.
  2459114.
  5920.  743.
  0.24073711  0.0302141346
  40.  40.
  2459114.
  3874.  543.
  0.157536417  0.0220811237
  40.  50.
  2459114.
  2811.  443.
  0.11430946  0.0180146191
  40.  60.
  2459114.
  1966.  290.
  0.079947494  0.0117928656
  40.  70.
  2459114.
  1163.  206.
  0.0472934544  0.00837700069
  40.  80.
  2459114.
  977.  188.
  0.0397297554  0.00764503004
  40.  90.
  2459114.
  790.  176.
  0.0321253911  0.00715704914
  40.  100.
  2459114.
  461.  67.
  0.0187465884  0.00272455858
  50.  0.
  2459114.
  40003.  2455.
  1.62672412  0.0998327062
  50.  10.
  2459114.
  16512.  1896.
  0.671461344  0.07710094
  50.  20.
  2459114.
  8517.  1371.
  0.346344262  0.0557517856
  50.  30.
  2459114.
  5846.  1157.
  0.237727895  0.0470494665
  50.  40.
  2459114.
  3993.  804.
  0.162375554  0.0326947011
  50.  50.
  2459114.
  3503.  817.
  0.142449677  0.0332233496
  50.  60.
  2459114.
  1898.  458.
  0.0771822706  0.0186245944
  50.  70.
  2459114.
  1154.  350.
  0.0469274707  0.0142327687
  50.  80.
  2459114.
  858.  263.
  0.0348906144  0.0106949089
  50.  90.
  2459114.
  635.  167.
  0.0258223079  0.00679106358
  50.  100.
  2459114.
  452.  91.
  0.0183806028  0.00370051968
  60.  0.
  2459114.
  32581.  2096.
  1.32490802  0.0852339491
  60.  10.
  2459114.
  15484.  1955.
  0.629657686  0.079500176
  60.  20.
  2459114.
  7156.  1490.
  0.290999115  0.0605909266
  60.  30.
  2459114.
  6379.  1439.
  0.259402364  0.058517009
  60.  40.
  2459114.
  4229.  1004.
  0.171972513  0.0408277139
  60.  50.
  2459114.
  2800.  889.
  0.113862149  0.0361512303
  60.  60.
  2459114.
  2082.  494.
  0.0846646428  0.0200885367
  60.  70.
  2459114.
  949.  295.
  0.0385911353  0.0119961901
  60.  80.
  2459114.
  864.  264.
  0.0351346061  0.0107355742
  60.  90.
  2459114.
  500.  200.
  0.0203325264  0.00813301094
  60.  100.
  2459114.
  276.  72.
  0.0112235546  0.00292788376
  70.  0.
  2459114.
  26946.  2136.
  1.09576046  0.0868605524
  70.  10.
  2459114.
  12791.  2096.
  0.520146668  0.0852339491
  70.  20.
  2459114.
  7020.  1721.
  0.285468668  0.0699845552
  70.  30.
  2459114.
  5811.  1619.
  0.236304626  0.0658367202
  70.  40.
  2459114.
  3877.  1274.
  0.157658413  0.0518072769
  70.  50.
  2459114.
  2841.  1098.
  0.115529411  0.0446502268
  70.  60.
  2459114.
  1893.  649.
  0.0769789442  0.0263916198
  70.  70.
  2459114.
  900.  384.
  0.0365985483  0.0156153804
  70.  80.
  2459114.
  758.  294.
  0.0308241099  0.0119555257
  70.  90.
  2459114.
  398.  184.
  0.0161846913  0.0074823699
  70.  100.
  2459114.
  192.  99.
  0.00780769018  0.0040258402
  80.  0.
  2459114.
  29926.  2573.
  1.21694231  0.104631178
  80.  10.
  2459114.
  16200.  2775.
  0.658773839  0.112845518
  80.  20.
  2459114.
  8944.  2408.
  0.363708228  0.097921446
  80.  30.
  2459114.
  7984.  2628.
  0.324669778  0.10686776
  80.  40.
  2459114.
  5580.  2072.
  0.226910993  0.0842579901
  80.  50.
  2459114.
  3847.  1910.
  0.156438455  0.0776702538
  80.  60.
  2459114.
  2755.  1008.
  0.11203222  0.0409903713
  80.  70.
  2459114.
  1319.  603.
  0.0536372028  0.0245210268
  80.  80.
  2459114.
  1080.  454.
  0.0439182557  0.0184619334
  80.  90.
  2459114.
  499.  309.
  0.0202918611  0.012565501
  80.  100.
  2459114.
  200.  136.
  0.00813301094  0.00553044723
  90.  0.
  2459114.
  32687.  2759.
  1.32921863  0.112194881
  90.  10.
  2459114.
  19391.  3504.
  0.788536012  0.142490342
  90.  20.
  2459114.
  10807.  3193.
  0.439467221  0.129843518
  90.  30.
  2459114.
  10680.  3798.
  0.434302747  0.154445872
  90.  40.
  2459114.
  8132.  3438.
  0.330688208  0.139806449
  90.  50.
  2459114.
  5984.  3305.
  0.243339673  0.134397998
  90.  60.
  2459114.
  3997.  2009.
  0.162538216  0.0816960931
  90.  70.
  2459114.
  1813.  1150.
  0.0737257376  0.0467648096
  90.  80.
  2459114.
  1415.  893.
  0.05754105  0.0363138914
  90.  90.
  2459114.
  666.  533.
  0.0270829257  0.0216744728
  90.  100.
  2459114.
  185.  160.
  0.0075230347  0.00650640856
  100.  0.
  2459114.
  65446.  8426.
  2.66136503  0.342643738
  100.  10.
  2459114.
  39993.  10142.
  1.6263175  0.412424952
  100.  20.
  2459114.
  23816.  9080.
  0.968478918  0.369238675
  100.  30.
  2459114.
  21914.  10270.
  0.891133964  0.417630076
  100.  40.
  2459114.
  16786.  9568.
  0.682603598  0.389083236
  100.  50.
  2459114.
  12542.  10069.
  0.510021091  0.409456402
  100.  60.
  2459114.
  7977.  6406.
  0.324385136  0.260500312
  100.  70.
  2459114.
  3835.  3856.
  0.155950472  0.156804442
  100.  80.
  2459114.
  3084.  2906.
  0.125411019  0.118172646
  100.  90.
  2459114.
  1586.  1344.
  0.0644947737  0.0546538308
  100.  100.
  2459114.
  311.  246.
  0.0126468316  0.0100036031
