  0.  0.
  2428566.
  1252804.  2888.
  51.5861626  0.118917912
  0.  10.
  2428566.
  84128.  589.
  3.46410179  0.0242529958
  0.  20.
  2428566.
  49013.  407.
  2.01818681  0.016758861
  0.  30.
  2428566.
  35670.  349.
  1.468768  0.0143706203
  0.  40.
  2428566.
  28388.  299.
  1.16892028  0.012311792
  0.  50.
  2428566.
  35062.  350.
  1.44373262  0.0144117968
  0.  60.
  2428566.
  19145.  182.
  0.78832531  0.00749413436
  0.  70.
  2428566.
  17682.  183.
  0.728083968  0.00753531093
  0.  80.
  2428566.
  17244.  186.
  0.710048676  0.00765884062
  0.  90.
  2428566.
  18093.  170.
  0.745007575  0.00700001558
  0.  100.
  2428566.
  28331.  228.
  1.16657317  0.00938825589
  10.  0.
  2428566.
  60246.  853.
  2.48072314  0.035123609
  10.  10.
  2428566.
  10485.  334.
  0.431736261  0.0137529718
  10.  20.
  2428566.
  5340.  231.
  0.219882846  0.00951178558
  10.  30.
  2428566.
  3626.  182.
  0.149306223  0.00749413436
  10.  40.
  2428566.
  2713.  153.
  0.111712016  0.00630001398
  10.  50.
  2428566.
  3277.  188.
  0.134935603  0.00774119375
  10.  60.
  2428566.
  1850.  155.
  0.0761766434  0.00638236711
  10.  70.
  2428566.
  1607.  134.
  0.0661707371  0.00551765924
  10.  80.
  2428566.
  1516.  139.
  0.0624236688  0.00572354207
  10.  90.
  2428566.
  1567.  129.
  0.0645236745  0.00531177642
  10.  100.
  2428566.
  2410.  175.
  0.0992355123  0.00720589841
  20.  0.
  2428566.
  38910.  758.
  1.60218  0.0312118344
  20.  10.
  2428566.
  7868.  343.
  0.323977202  0.0141235609
  20.  20.
  2428566.
  4042.  232.
  0.166435659  0.00955296215
  20.  30.
  2428566.
  2760.  218.
  0.113647312  0.00897649024
  20.  40.
  2428566.
  1930.  167.
  0.0794707686  0.00687648589
  20.  50.
  2428566.
  2323.  228.
  0.095653154  0.00938825589
  20.  60.
  2428566.
  1182.  143.
  0.048670698  0.00588824833
  20.  70.
  2428566.
  1032.  149.
  0.0424942113  0.00613530772
  20.  80.
  2428566.
  929.  157.
  0.0382530279  0.00646472024
  20.  90.
  2428566.
  902.  112.
  0.0371412598  0.00461177481
  20.  100.
  2428566.
  1439.  164.
  0.0592530742  0.00675295619
  30.  0.
  2428566.
  30122.  731.
  1.24032044  0.0301000681
  30.  10.
  2428566.
  6791.  412.
  0.279630035  0.0169647429
  30.  20.
  2428566.
  3781.  277.
  0.155688584  0.0114059076
  30.  30.
  2428566.
  2407.  248.
  0.0991119891  0.0102117872
  30.  40.
  2428566.
  1802.  184.
  0.0742001683  0.00757648749
  30.  50.
  2428566.
  1962.  248.
  0.0807884187  0.0102117872
  30.  60.
  2428566.
  1003.  142.
  0.0413000919  0.00584707176
  30.  70.
  2428566.
  931.  153.
  0.0383353792  0.00630001398
  30.  80.
  2428566.
  871.  158.
  0.0358647853  0.0065058968
  30.  90.
  2428566.
  741.  153.
  0.0305118337  0.00630001398
  30.  100.
  2428566.
  910.  157.
  0.0374706723  0.00646472024
  40.  0.
  2428566.
  26094.  784.
  1.07446122  0.032282427
  40.  10.
  2428566.
  6161.  452.
  0.253688812  0.0186118055
  40.  20.
  2428566.
  3656.  326.
  0.150541514  0.0134235593
  40.  30.
  2428566.
  2432.  267.
  0.100141399  0.0109941419
  40.  40.
  2428566.
  1691.  238.
  0.0696295649  0.00980002154
  40.  50.
  2428566.
  1846.  286.
  0.0760119334  0.0117764967
  40.  60.
  2428566.
  997.  167.
  0.0410530344  0.00687648589
  40.  70.
  2428566.
  780.  172.
  0.0321177207  0.00708236871
  40.  80.
  2428566.
  699.  192.
  0.028782418  0.00790590048
  40.  90.
  2428566.
  640.  181.
  0.0263529997  0.0074529578
  40.  100.
  2428566.
  683.  179.
  0.028123593  0.00737060467
  50.  0.
  2428566.
  37638.  1437.
  1.5498035  0.0591707192
  50.  10.
  2428566.
  8987.  855.
  0.370053768  0.0352059603
  50.  20.
  2428566.
  5390.  701.
  0.22194168  0.0288647711
  50.  30.
  2428566.
  3578.  550.
  0.147329748  0.0226471089
  50.  40.
  2428566.
  2617.  498.
  0.107759066  0.0205059275
  50.  50.
  2428566.
  2956.  616.
  0.121717922  0.0253647622
  50.  60.
  2428566.
  1368.  357.
  0.0563295372  0.0147000328
  50.  70.
  2428566.
  1114.  332.
  0.0458706915  0.0136706186
  50.  80.
  2428566.
  971.  326.
  0.0399824418  0.0134235593
  50.  90.
  2428566.
  834.  334.
  0.0343412533  0.0137529718
  50.  100.
  2428566.
  912.  321.
  0.0375530235  0.0132176764
  60.  0.
  2428566.
  22501.  971.
  0.926513851  0.0399824418
  60.  10.
  2428566.
  5754.  721.
  0.236929938  0.0296883024
  60.  20.
  2428566.
  3589.  591.
  0.147782683  0.024335349
  60.  30.
  2428566.
  2421.  471.
  0.0996884555  0.0193941612
  60.  40.
  2428566.
  1722.  411.
  0.0709060431  0.0169235673
  60.  50.
  2428566.
  1800.  573.
  0.0741178095  0.0235941708
  60.  60.
  2428566.
  909.  299.
  0.0374294966  0.012311792
  60.  70.
  2428566.
  702.  272.
  0.0289059468  0.0112000247
  60.  80.
  2428566.
  590.  261.
  0.0242941715  0.0107470825
  60.  90.
  2428566.
  467.  242.
  0.0192294549  0.0099647278
  60.  100.
  2428566.
  475.  227.
  0.0195588674  0.00934707932
  70.  0.
  2428566.
  21511.  943.
  0.885749042  0.038829498
  70.  10.
  2428566.
  5845.  761.
  0.240677014  0.031335365
  70.  20.
  2428566.
  3691.  668.
  0.151982695  0.0275059436
  70.  30.
  2428566.
  2548.  645.
  0.104917884  0.0265588835
  70.  40.
  2428566.
  1848.  520.
  0.0760942847  0.0214118119
  70.  50.
  2428566.
  1942.  644.
  0.0799648836  0.026517706
  70.  60.
  2428566.
  993.  404.
  0.0408883281  0.0166353304
  70.  70.
  2428566.
  797.  394.
  0.0328177214  0.0162235666
  70.  80.
  2428566.
  637.  349.
  0.026229471  0.0143706203
  70.  90.
  2428566.
  481.  293.
  0.0198059268  0.0120647326
  70.  100.
  2428566.
  426.  265.
  0.0175412148  0.0109117888
  80.  0.
  2428566.
  23632.  1148.
  0.973084509  0.0472706929
  80.  10.
  2428566.
  6603.  994.
  0.271888852  0.0409295037
  80.  20.
  2428566.
  4322.  909.
  0.177965105  0.0374294966
  80.  30.
  2428566.
  3097.  841.
  0.12752381  0.0346294902
  80.  40.
  2428566.
  2385.  676.
  0.0982061028  0.0278353561
  80.  50.
  2428566.
  2482.  932.
  0.102200225  0.0383765548
  80.  60.
  2428566.
  1327.  596.
  0.0546412989  0.0245412309
  80.  70.
  2428566.
  1018.  543.
  0.0419177413  0.0223588739
  80.  80.
  2428566.
  808.  449.
  0.0332706608  0.0184882767
  80.  90.
  2428566.
  573.  370.
  0.0235941708  0.0152353281
  80.  100.
  2428566.
  422.  304.
  0.0173765086  0.0125176748
  90.  0.
  2428566.
  29313.  1541.
  1.2070086  0.0634530857
  90.  10.
  2428566.
  9133.  1320.
  0.376065552  0.0543530621
  90.  20.
  2428566.
  6085.  1453.
  0.25055939  0.0598295443
  90.  30.
  2428566.
  4544.  1395.
  0.187106296  0.0574413054
  90.  40.
  2428566.
  3553.  1288.
  0.146300331  0.053035412
  90.  50.
  2428566.
  3940.  1722.
  0.162235662  0.0709060431
  90.  60.
  2428566.
  1917.  1019.
  0.0789354742  0.0419589169
  90.  70.
  2428566.
  1368.  893.
  0.0563295372  0.0367706716
  90.  80.
  2428566.
  997.  706.
  0.0410530344  0.029070653
  90.  90.
  2428566.
  706.  585.
  0.029070653  0.0240882896
  90.  100.
  2428566.
  406.  409.
  0.0167176835  0.0168412142
  100.  0.
  2428566.
  117181.  7233.
  4.82511091  0.297830075
  100.  10.
  2428566.
  35129.  6144.
  1.44649148  0.252988815
  100.  20.
  2428566.
  21678.  6252.
  0.892625511  0.257435858
  100.  30.
  2428566.
  14993.  5643.
  0.617360175  0.23235935
  100.  40.
  2428566.
  10992.  5251.
  0.452612787  0.216218129
  100.  50.
  2428566.
  11493.  6978.
  0.473242223  0.287330061
  100.  60.
  2428566.
  5315.  4262.
  0.218853429  0.175494507
  100.  70.
  2428566.
  3731.  3552.
  0.15362975  0.146259144
  100.  80.
  2428566.
  2346.  2922.
  0.0966002196  0.120317914
  100.  90.
  2428566.
  1542.  2059.
  0.0634942576  0.0847825408
  100.  100.
  2428566.
  983.  1101.
  0.0404765606  0.0453353971
