  0.  0.
  2566032.
  1172903.  1086.
  45.7088203  0.0423221551
  0.  10.
  2566032.
  123630.  383.
  4.81794453  0.0149257686
  0.  20.
  2566032.
  55654.  254.
  2.16887403  0.00989855174
  0.  30.
  2566032.
  50164.  253.
  1.95492494  0.00985958055
  0.  40.
  2566032.
  35479.  215.
  1.3826406  0.00837869477
  0.  50.
  2566032.
  32944.  189.
  1.28384995  0.00736545771
  0.  60.
  2566032.
  23049.  178.
  0.898235083  0.00693678018
  0.  70.
  2566032.
  16729.  130.
  0.651940405  0.00506618759
  0.  80.
  2566032.
  17837.  154.
  0.695119917  0.00600148411
  0.  90.
  2566032.
  16680.  154.
  0.650030851  0.00600148411
  0.  100.
  2566032.
  18205.  128.
  0.709461153  0.0049882466
  10.  0.
  2566032.
  76722.  446.
  2.98990822  0.0173809212
  10.  10.
  2566032.
  19330.  285.
  0.75330317  0.0111066429
  10.  20.
  2566032.
  7178.  198.
  0.279731512  0.0077161938
  10.  30.
  2566032.
  6483.  210.
  0.252646893  0.00818384159
  10.  40.
  2566032.
  4771.  162.
  0.18592909  0.00631324947
  10.  50.
  2566032.
  3984.  145.
  0.155259177  0.00565074803
  10.  60.
  2566032.
  3288.  135.
  0.128135577  0.00526104122
  10.  70.
  2566032.
  2042.  87.
  0.0795781165  0.00339044887
  10.  80.
  2566032.
  2424.  109.
  0.0944649205  0.00424780371
  10.  90.
  2566032.
  2035.  120.
  0.079305321  0.00467648124
  10.  100.
  2566032.
  1883.  113.
  0.0733817816  0.00440368615
  20.  0.
  2566032.
  39860.  310.
  1.55337107  0.0120809097
  20.  10.
  2566032.
  10083.  153.
  0.392941326  0.00596251339
  20.  20.
  2566032.
  4298.  116.
  0.167495966  0.00452059833
  20.  30.
  2566032.
  3364.  130.
  0.131097347  0.00506618759
  20.  40.
  2566032.
  2511.  108.
  0.0978553668  0.00420883298
  20.  50.
  2566032.
  2362.  115.
  0.0920487344  0.00448162761
  20.  60.
  2566032.
  1557.  99.
  0.0606773421  0.0038580969
  20.  70.
  2566032.
  1026.  85.
  0.0399839133  0.00331250741
  20.  80.
  2566032.
  1058.  76.
  0.0412309729  0.00296177133
  20.  90.
  2566032.
  881.  91.
  0.0343331657  0.00354633154
  20.  100.
  2566032.
  865.  72.
  0.0337096341  0.00280588865
  30.  0.
  2566032.
  40253.  326.
  1.5686866  0.0127044404
  30.  10.
  2566032.
  11852.  235.
  0.461880445  0.00915810838
  30.  20.
  2566032.
  4935.  156.
  0.192320287  0.00607942557
  30.  30.
  2566032.
  4035.  196.
  0.157246679  0.00763825234
  30.  40.
  2566032.
  2608.  173.
  0.101635523  0.00674192701
  30.  50.
  2566032.
  2135.  137.
  0.0832023919  0.00533898268
  30.  60.
  2566032.
  1734.  191.
  0.0675751492  0.00744339917
  30.  70.
  2566032.
  975.  104.
  0.0379964076  0.00405295007
  30.  80.
  2566032.
  1106.  121.
  0.0431015678  0.00471545151
  30.  90.
  2566032.
  1080.  99.
  0.0420883298  0.0038580969
  30.  100.
  2566032.
  659.  110.
  0.0256816745  0.00428677443
  40.  0.
  2566032.
  34529.  389.
  1.34561849  0.015159593
  40.  10.
  2566032.
  10711.  284.
  0.417414904  0.0110676717
  40.  20.
  2566032.
  4522.  192.
  0.176225394  0.0074823699
  40.  30.
  2566032.
  3866.  223.
  0.150660634  0.00869046059
  40.  40.
  2566032.
  2418.  167.
  0.0942310914  0.00650810264
  40.  50.
  2566032.
  1896.  161.
  0.0738883987  0.00627427874
  40.  60.
  2566032.
  1461.  210.
  0.056936156  0.00818384159
  40.  70.
  2566032.
  844.  92.
  0.0328912511  0.00358530204
  40.  80.
  2566032.
  884.  118.
  0.0344500765  0.00459853979
  40.  90.
  2566032.
  695.  116.
  0.0270846188  0.00452059833
  40.  100.
  2566032.
  507.  126.
  0.0197581332  0.00491030514
  50.  0.
  2566032.
  40448.  585.
  1.57628584  0.0227978453
  50.  10.
  2566032.
  11817.  419.
  0.460516483  0.0163287129
  50.  20.
  2566032.
  5622.  352.
  0.219093144  0.0137176774
  50.  30.
  2566032.
  3977.  304.
  0.154986382  0.0118470853
  50.  40.
  2566032.
  2758.  258.
  0.107481122  0.0100544346
  50.  50.
  2566032.
  2497.  260.
  0.0973097757  0.0101323752
  50.  60.
  2566032.
  1409.  197.
  0.05490968  0.00767722307
  50.  70.
  2566032.
  961.  137.
  0.0374508202  0.00533898268
  50.  80.
  2566032.
  771.  143.
  0.0300463904  0.00557280658
  50.  90.
  2566032.
  598.  102.
  0.0233044643  0.00397500908
  50.  100.
  2566032.
  428.  86.
  0.016679449  0.00335147814
  60.  0.
  2566032.
  32797.  445.
  1.27812123  0.0173419509
  60.  10.
  2566032.
  11204.  423.
  0.436627448  0.0164845958
  60.  20.
  2566032.
  4846.  332.
  0.188851893  0.0129382638
  60.  30.
  2566032.
  4136.  380.
  0.161182716  0.0148088569
  60.  40.
  2566032.
  2822.  326.
  0.109975249  0.0127044404
  60.  50.
  2566032.
  2019.  328.
  0.0786817968  0.0127823818
  60.  60.
  2566032.
  1447.  226.
  0.0563905686  0.0088073723
  60.  70.
  2566032.
  977.  158.
  0.0380743481  0.00615736656
  60.  80.
  2566032.
  887.  185.
  0.0345669873  0.0072095748
  60.  90.
  2566032.
  576.  134.
  0.0224471092  0.0052220705
  60.  100.
  2566032.
  350.  98.
  0.013639736  0.00381912617
  70.  0.
  2566032.
  29997.  457.
  1.16900337  0.0178095978
  70.  10.
  2566032.
  9963.  438.
  0.388264835  0.0170691554
  70.  20.
  2566032.
  4659.  367.
  0.181564376  0.0143022379
  70.  30.
  2566032.
  3652.  369.
  0.142320901  0.0143801793
  70.  40.
  2566032.
  2567.  385.
  0.100037724  0.0150037101
  70.  50.
  2566032.
  1932.  402.
  0.075291343  0.015666211
  70.  60.
  2566032.
  1272.  282.
  0.0495706983  0.0109897302
  70.  70.
  2566032.
  805.  189.
  0.0313713923  0.00736545771
  70.  80.
  2566032.
  780.  187.
  0.0303971265  0.00728751626
  70.  90.
  2566032.
  451.  121.
  0.0175757743  0.00471545151
  70.  100.
  2566032.
  267.  99.
  0.0104051707  0.0038580969
  80.  0.
  2566032.
  34988.  572.
  1.36350596  0.0222912263
  80.  10.
  2566032.
  13475.  652.
  0.525129855  0.0254088808
  80.  20.
  2566032.
  6081.  530.
  0.236980677  0.0206544586
  80.  30.
  2566032.
  5567.  644.
  0.216949746  0.025097115
  80.  40.
  2566032.
  3735.  565.
  0.145555466  0.0220184308
  80.  50.
  2566032.
  2725.  543.
  0.106195092  0.0211610775
  80.  60.
  2566032.
  1695.  385.
  0.0660552979  0.0150037101
  80.  70.
  2566032.
  972.  246.
  0.0378794968  0.00958678592
  80.  80.
  2566032.
  1071.  262.
  0.0417375937  0.0102103166
  80.  90.
  2566032.
  647.  188.
  0.0252140276  0.00732648699
  80.  100.
  2566032.
  324.  124.
  0.0126264989  0.00483236369
  90.  0.
  2566032.
  41203.  802.
  1.60570872  0.0312544815
  90.  10.
  2566032.
  17872.  984.
  0.69648391  0.0383471437
  90.  20.
  2566032.
  8437.  765.
  0.328795582  0.0298125669
  90.  30.
  2566032.
  7714.  953.
  0.300619781  0.0371390544
  90.  40.
  2566032.
  5251.  934.
  0.204635009  0.036398612
  90.  50.
  2566032.
  3833.  937.
  0.149374604  0.0365155227
  90.  60.
  2566032.
  2638.  700.
  0.102804638  0.027279472
  90.  70.
  2566032.
  1363.  403.
  0.0531170294  0.0157051813
  90.  80.
  2566032.
  1405.  444.
  0.054753799  0.0173029806
  90.  90.
  2566032.
  790.  278.
  0.0307868328  0.0108338473
  90.  100.
  2566032.
  302.  149.
  0.0117691439  0.00580663048
  100.  0.
  2566032.
  101872.  2908.
  3.97002053  0.113326721
  100.  10.
  2566032.
  49010.  3634.
  1.90995276  0.141619429
  100.  20.
  2566032.
  27094.  3676.
  1.05587149  0.143256202
  100.  30.
  2566032.
  24401.  4685.
  0.950923443  0.18257761
  100.  40.
  2566032.
  17348.  4689.
  0.676063299  0.182733491
  100.  50.
  2566032.
  13199.  4848.
  0.514373958  0.188929841
  100.  60.
  2566032.
  8788.  3596.
  0.342474282  0.140138552
  100.  70.
  2566032.
  4242.  2382.
  0.165313601  0.0928281471
  100.  80.
  2566032.
  4051.  2232.
  0.157870203  0.0869825482
  100.  90.
  2566032.
  2336.  1283.
  0.0910355002  0.0499993749
  100.  100.
  2566032.
  791.  554.
  0.0308258049  0.0215897541
