  0.  0.
  2512573.
  1247013.  1908.
  49.6309166  0.0759380907
  0.  10.
  2512573.
  108109.  574.
  4.30272055  0.0228451081
  0.  20.
  2512573.
  48256.  306.
  1.92058098  0.0121787507
  0.  30.
  2512573.
  43845.  352.
  1.74502397  0.0140095428
  0.  40.
  2512573.
  31294.  300.
  1.24549615  0.0119399512
  0.  50.
  2512573.
  29613.  255.
  1.17859256  0.0101489592
  0.  60.
  2512573.
  20584.  241.
  0.819239855  0.00959176105
  0.  70.
  2512573.
  15658.  181.
  0.623185873  0.0072037708
  0.  80.
  2512573.
  17584.  152.
  0.699840367  0.00604957528
  0.  90.
  2512573.
  18397.  175.
  0.732197642  0.00696497178
  0.  100.
  2512573.
  25595.  216.
  1.01867688  0.00859676488
  10.  0.
  2512573.
  74296.  590.
  2.95696878  0.0234819055
  10.  10.
  2512573.
  17137.  400.
  0.682049811  0.015919935
  10.  20.
  2512573.
  5910.  172.
  0.23521705  0.00684557203
  10.  30.
  2512573.
  5775.  225.
  0.229844064  0.00895496365
  10.  40.
  2512573.
  4088.  211.
  0.162701741  0.00839776639
  10.  50.
  2512573.
  3292.  171.
  0.131021068  0.00680577243
  10.  60.
  2512573.
  2728.  173.
  0.108573958  0.0068853721
  10.  70.
  2512573.
  1799.  115.
  0.0715999082  0.00457698153
  10.  80.
  2512573.
  2103.  169.
  0.0836990625  0.00672617275
  10.  90.
  2512573.
  2059.  171.
  0.0819478706  0.00680577243
  10.  100.
  2512573.
  2280.  212.
  0.0907436311  0.00843756553
  20.  0.
  2512573.
  37662.  416.
  1.49894154  0.0165567324
  20.  10.
  2512573.
  9254.  258.
  0.36830771  0.0102683585
  20.  20.
  2512573.
  4077.  172.
  0.162263945  0.00684557203
  20.  30.
  2512573.
  3005.  201.
  0.119598515  0.00799976755
  20.  40.
  2512573.
  2088.  161.
  0.0831020623  0.00640777405
  20.  50.
  2512573.
  1891.  147.
  0.075261496  0.00585057633
  20.  60.
  2512573.
  1372.  143.
  0.0546053797  0.00569137698
  20.  70.
  2512573.
  1039.  115.
  0.0413520336  0.00457698153
  20.  80.
  2512573.
  1070.  127.
  0.0425858274  0.00505457958
  20.  90.
  2512573.
  934.  100.
  0.0371730477  0.00397998374
  20.  100.
  2512573.
  1046.  124.
  0.0416306295  0.00493517984
  30.  0.
  2512573.
  37178.  519.
  1.47967839  0.0206561163
  30.  10.
  2512573.
  10634.  349.
  0.423231483  0.0138901435
  30.  20.
  2512573.
  4459.  224.
  0.17746748  0.00891516358
  30.  30.
  2512573.
  3607.  256.
  0.143558025  0.0101887584
  30.  40.
  2512573.
  2327.  222.
  0.092614226  0.00883556437
  30.  50.
  2512573.
  1856.  195.
  0.0738684982  0.00776096852
  30.  60.
  2512573.
  1476.  191.
  0.0587445609  0.00760176918
  30.  70.
  2512573.
  1036.  132.
  0.0412326343  0.00525357854
  30.  80.
  2512573.
  1146.  159.
  0.0456106141  0.00632817438
  30.  90.
  2512573.
  943.  149.
  0.0375312492  0.005930176
  30.  100.
  2512573.
  914.  163.
  0.0363770537  0.00648737373
  40.  0.
  2512573.
  30536.  494.
  1.21532786  0.0196611211
  40.  10.
  2512573.
  9172.  296.
  0.365044117  0.0117807519
  40.  20.
  2512573.
  3996.  278.
  0.159040153  0.0110643553
  40.  30.
  2512573.
  3240.  272.
  0.128951475  0.0108255558
  40.  40.
  2512573.
  2279.  240.
  0.0907038301  0.00955196097
  40.  50.
  2512573.
  1678.  234.
  0.0667841285  0.00931316242
  40.  60.
  2512573.
  1314.  183.
  0.0522969887  0.00728337048
  40.  70.
  2512573.
  825.  142.
  0.0328348652  0.00565157691
  40.  80.
  2512573.
  1021.  159.
  0.0406356342  0.00632817438
  40.  90.
  2512573.
  875.  185.
  0.0348248594  0.00736297015
  40.  100.
  2512573.
  706.  180.
  0.0280986857  0.00716397073
  50.  0.
  2512573.
  34415.  806.
  1.3697114  0.0320786685
  50.  10.
  2512573.
  9102.  447.
  0.362258136  0.017790528
  50.  20.
  2512573.
  4532.  349.
  0.180372864  0.0138901435
  50.  30.
  2512573.
  3409.  330.
  0.135677651  0.0131339468
  50.  40.
  2512573.
  2358.  295.
  0.0938480198  0.0117409527
  50.  50.
  2512573.
  2263.  366.
  0.0900670364  0.014566741
  50.  60.
  2512573.
  1371.  243.
  0.0545655787  0.00967136119
  50.  70.
  2512573.
  1007.  194.
  0.0400784388  0.00772116892
  50.  80.
  2512573.
  884.  247.
  0.0351830572  0.00983056054
  50.  90.
  2512573.
  733.  250.
  0.029173281  0.00994995981
  50.  100.
  2512573.
  585.  218.
  0.023282906  0.00867636502
  60.  0.
  2512573.
  27821.  619.
  1.10727131  0.024636101
  60.  10.
  2512573.
  8724.  461.
  0.347213805  0.0183477253
  60.  20.
  2512573.
  3699.  336.
  0.147219598  0.0133727454
  60.  30.
  2512573.
  3279.  418.
  0.130503669  0.0166363325
  60.  40.
  2512573.
  2245.  367.
  0.0893506408  0.014606541
  60.  50.
  2512573.
  1748.  395.
  0.0695701167  0.0157209355
  60.  60.
  2512573.
  1275.  347.
  0.0507447943  0.0138105443
  60.  70.
  2512573.
  840.  258.
  0.0334318653  0.0102683585
  60.  80.
  2512573.
  878.  265.
  0.0349442586  0.0105469571
  60.  90.
  2512573.
  726.  234.
  0.0288946833  0.00931316242
  60.  100.
  2512573.
  451.  239.
  0.0179497264  0.00951216184
  70.  0.
  2512573.
  26074.  589.
  1.03774095  0.0234421045
  70.  10.
  2512573.
  7087.  471.
  0.282061458  0.0187457241
  70.  20.
  2512573.
  3401.  395.
  0.135359257  0.0157209355
  70.  30.
  2512573.
  2970.  434.
  0.118205518  0.0172731299
  70.  40.
  2512573.
  2124.  424.
  0.0845348537  0.0168751311
  70.  50.
  2512573.
  1824.  479.
  0.0725949034  0.0190641228
  70.  60.
  2512573.
  1189.  376.
  0.0473220088  0.0149647398
  70.  70.
  2512573.
  777.  289.
  0.0309244748  0.0115021532
  70.  80.
  2512573.
  746.  286.
  0.0296906792  0.011382754
  70.  90.
  2512573.
  509.  231.
  0.0202581175  0.00919376314
  70.  100.
  2512573.
  340.  215.
  0.0135319447  0.00855696574
  80.  0.
  2512573.
  30219.  762.
  1.20271134  0.0303274766
  80.  10.
  2512573.
  9659.  631.
  0.384426653  0.0251136981
  80.  20.
  2512573.
  4709.  515.
  0.187417448  0.020496916
  80.  30.
  2512573.
  4201.  585.
  0.16719912  0.023282906
  80.  40.
  2512573.
  3143.  597.
  0.125090897  0.0237605032
  80.  50.
  2512573.
  2450.  634.
  0.0975096077  0.0252330974
  80.  60.
  2512573.
  1641.  536.
  0.0653115362  0.0213327128
  80.  70.
  2512573.
  1001.  393.
  0.0398396403  0.0156413373
  80.  80.
  2512573.
  1009.  391.
  0.0401580371  0.0155617371
  80.  90.
  2512573.
  668.  276.
  0.0265862923  0.0109847551
  80.  100.
  2512573.
  374.  261.
  0.0148851397  0.0103877578
  90.  0.
  2512573.
  36548.  1130.
  1.45460451  0.0449738167
  90.  10.
  2512573.
  13674.  1078.
  0.544223011  0.0429042242
  90.  20.
  2512573.
  6517.  844.
  0.259375542  0.0335910656
  90.  30.
  2512573.
  5852.  1042.
  0.232908651  0.0414714329
  90.  40.
  2512573.
  4052.  1003.
  0.16126895  0.0399192385
  90.  50.
  2512573.
  3265.  1133.
  0.12994647  0.045093216
  90.  60.
  2512573.
  2316.  985.
  0.0921764299  0.0392028429
  90.  70.
  2512573.
  1379.  653.
  0.0548839793  0.0259892941
  90.  80.
  2512573.
  1278.  664.
  0.0508641936  0.026427092
  90.  90.
  2512573.
  825.  414.
  0.0328348652  0.0164771341
  90.  100.
  2512573.
  354.  282.
  0.0140891429  0.0112235546
  100.  0.
  2512573.
  101608.  3790.
  4.04398203  0.150841385
  100.  10.
  2512573.
  41407.  4687.
  1.6479919  0.18654184
  100.  20.
  2512573.
  21583.  4055.
  0.858999908  0.161388353
  100.  30.
  2512573.
  18560.  5314.
  0.738685012  0.211496338
  100.  40.
  2512573.
  13123.  4885.
  0.52229327  0.194422215
  100.  50.
  2512573.
  10085.  5347.
  0.401381373  0.212809741
  100.  60.
  2512573.
  7166.  4061.
  0.285205632  0.161627144
  100.  70.
  2512573.
  3760.  2890.
  0.1496474  0.115021534
  100.  80.
  2512573.
  3436.  2762.
  0.136752248  0.109927155
  100.  90.
  2512573.
  2185.  2151.
  0.0869626477  0.0856094509
  100.  100.
  2512573.
  979.  1011.
  0.0389640406  0.0402376354
