  0.  0.
  16777216.
  16777216.  82093.
  100.  0.48931241
  0.  10.
  16777216.
  413569.  12555.
  2.46506333  0.0748336315
  0.  20.
  16777216.
  162427.  5676.
  0.968140364  0.0338315964
  0.  30.
  16777216.
  87137.  3064.
  0.519376993  0.0182628632
  0.  40.
  16777216.
  54951.  1819.
  0.327533484  0.0108420849
  0.  50.
  16777216.
  51336.  1433.
  0.305986404  0.0085413456
  0.  60.
  16777216.
  18458.  489.
  0.110018253  0.00291466713
  0.  70.
  16777216.
  12447.  246.
  0.0741899014  0.00146627426
  0.  80.
  16777216.
  8794.  136.
  0.0524163246  0.000810623169
  0.  90.
  16777216.
  6468.  91.
  0.0385522842  0.000542402267
  0.  100.
  16777216.
  4711.  44.
  0.0280797482  0.000262260437
  10.  0.
  16777216.
  179749.  6823.
  1.07138753  0.0406682491
  10.  10.
  16777216.
  10531.  1354.
  0.0627696514  0.0080704689
  10.  20.
  16777216.
  3131.  492.
  0.0186622143  0.00293254852
  10.  30.
  16777216.
  1145.  200.
  0.00682473183  0.0011920929
  10.  40.
  16777216.
  448.  111.
  0.00267028809  0.000661611557
  10.  50.
  16777216.
  222.  68.
  0.00132322311  0.000405311584
  10.  60.
  16777216.
  28.  11.
  0.000166893005  6.55651093E-05
  10.  70.
  16777216.
  5.  6.
  2.98023224E-05  3.57627869E-05
  10.  80.
  16777216.
  0.  0.
  0.  0.
  10.  90.
  16777216.
  3.  0.
  1.78813934E-05  0.
  10.  100.
  16777216.
  1.  0.
  5.96046448E-06  0.
  20.  0.
  16777216.
  90696.  3807.
  0.540590286  0.0226914883
  20.  10.
  16777216.
  5345.  874.
  0.0318586826  0.00520944595
  20.  20.
  16777216.
  1514.  335.
  0.00902414322  0.0019967556
  20.  30.
  16777216.
  450.  121.
  0.00268220901  0.000721216202
  20.  40.
  16777216.
  167.  36.
  0.000995397568  0.000214576721
  20.  50.
  16777216.
  104.  21.
  0.000619888306  0.000125169754
  20.  60.
  16777216.
  16.  10.
  9.53674316E-05  5.96046448E-05
  20.  70.
  16777216.
  3.  3.
  1.78813934E-05  1.78813934E-05
  20.  80.
  16777216.
  1.  1.
  5.96046448E-06  5.96046448E-06
  20.  90.
  16777216.
  1.  0.
  5.96046448E-06  0.
  20.  100.
  16777216.
  0.  0.
  0.  0.
  30.  0.
  16777216.
  52137.  1973.
  0.310760736  0.0117599964
  30.  10.
  16777216.
  2653.  373.
  0.0158131123  0.00222325325
  30.  20.
  16777216.
  667.  119.
  0.00397562981  0.000709295273
  30.  30.
  16777216.
  243.  48.
  0.00144839287  0.000286102295
  30.  40.
  16777216.
  100.  18.
  0.000596046448  0.000107288361
  30.  50.
  16777216.
  37.  8.
  0.000220537186  4.76837158E-05
  30.  60.
  16777216.
  7.  4.
  4.17232513E-05  2.38418579E-05
  30.  70.
  16777216.
  0.  2.
  0.  1.1920929E-05
  30.  80.
  16777216.
  3.  0.
  1.78813934E-05  0.
  30.  90.
  16777216.
  1.  0.
  5.96046448E-06  0.
  30.  100.
  16777216.
  0.  0.
  0.  0.
  40.  0.
  16777216.
  36529.  1281.
  0.217729807  0.007635355
  40.  10.
  16777216.
  1797.  239.
  0.0107109547  0.00142455101
  40.  20.
  16777216.
  448.  81.
  0.00267028809  0.000482797623
  40.  30.
  16777216.
  133.  37.
  0.000792741776  0.000220537186
  40.  40.
  16777216.
  44.  12.
  0.000262260437  7.15255737E-05
  40.  50.
  16777216.
  13.  5.
  7.74860382E-05  2.98023224E-05
  40.  60.
  16777216.
  2.  1.
  1.1920929E-05  5.96046448E-06
  40.  70.
  16777216.
  1.  2.
  5.96046448E-06  1.1920929E-05
  40.  80.
  16777216.
  0.  0.
  0.  0.
  40.  90.
  16777216.
  0.  0.
  0.  0.
  40.  100.
  16777216.
  0.  0.
  0.  0.
  50.  0.
  16777216.
  39137.  1390.
  0.233274698  0.00828504562
  50.  10.
  16777216.
  1764.  235.
  0.0105142593  0.00140070915
  50.  20.
  16777216.
  463.  80.
  0.00275969505  0.000476837158
  50.  30.
  16777216.
  105.  37.
  0.00062584877  0.000220537186
  50.  40.
  16777216.
  34.  11.
  0.000202655792  6.55651093E-05
  50.  50.
  16777216.
  11.  5.
  6.55651093E-05  2.98023224E-05
  50.  60.
  16777216.
  6.  2.
  3.57627869E-05  1.1920929E-05
  50.  70.
  16777216.
  3.  0.
  1.78813934E-05  0.
  50.  80.
  16777216.
  2.  0.
  1.1920929E-05  0.
  50.  90.
  16777216.
  1.  0.
  5.96046448E-06  0.
  50.  100.
  16777216.
  0.  0.
  0.  0.
  60.  0.
  16777216.
  16164.  554.
  0.0963449478  0.00330209732
  60.  10.
  16777216.
  755.  96.
  0.00450015068  0.00057220459
  60.  20.
  16777216.
  186.  44.
  0.00110864639  0.000262260437
  60.  30.
  16777216.
  57.  10.
  0.000339746475  5.96046448E-05
  60.  40.
  16777216.
  20.  5.
  0.00011920929  2.98023224E-05
  60.  50.
  16777216.
  9.  1.
  5.36441803E-05  5.96046448E-06
  60.  60.
  16777216.
  6.  1.
  3.57627869E-05  5.96046448E-06
  60.  70.
  16777216.
  5.  0.
  2.98023224E-05  0.
  60.  80.
  16777216.
  0.  1.
  0.  5.96046448E-06
  60.  90.
  16777216.
  0.  0.
  0.  0.
  60.  100.
  16777216.
  0.  0.
  0.  0.
  70.  0.
  16777216.
  10749.  313.
  0.0640690327  0.00186562538
  70.  10.
  16777216.
  546.  69.
  0.0032544136  0.000411272049
  70.  20.
  16777216.
  149.  16.
  0.000888109207  9.53674316E-05
  70.  30.
  16777216.
  52.  13.
  0.000309944153  7.74860382E-05
  70.  40.
  16777216.
  20.  4.
  0.00011920929  2.38418579E-05
  70.  50.
  16777216.
  8.  2.
  4.76837158E-05  1.1920929E-05
  70.  60.
  16777216.
  3.  1.
  1.78813934E-05  5.96046448E-06
  70.  70.
  16777216.
  1.  0.
  5.96046448E-06  0.
  70.  80.
  16777216.
  2.  0.
  1.1920929E-05  0.
  70.  90.
  16777216.
  1.  0.
  5.96046448E-06  0.
  70.  100.
  16777216.
  0.  0.
  0.  0.
  80.  0.
  16777216.
  7654.  190.
  0.0456213951  0.00113248825
  80.  10.
  16777216.
  374.  28.
  0.00222921371  0.000166893005
  80.  20.
  16777216.
  112.  14.
  0.000667572021  8.34465027E-05
  80.  30.
  16777216.
  25.  8.
  0.000149011612  4.76837158E-05
  80.  40.
  16777216.
  10.  3.
  5.96046448E-05  1.78813934E-05
  80.  50.
  16777216.
  6.  0.
  3.57627869E-05  0.
  80.  60.
  16777216.
  1.  2.
  5.96046448E-06  1.1920929E-05
  80.  70.
  16777216.
  1.  0.
  5.96046448E-06  0.
  80.  80.
  16777216.
  0.  0.
  0.  0.
  80.  90.
  16777216.
  0.  0.
  0.  0.
  80.  100.
  16777216.
  0.  0.
  0.  0.
  90.  0.
  16777216.
  4505.  54.
  0.0268518925  0.000321865082
  90.  10.
  16777216.
  127.  9.
  0.000756978989  5.36441803E-05
  90.  20.
  16777216.
  46.  4.
  0.000274181366  2.38418579E-05
  90.  30.
  16777216.
  8.  3.
  4.76837158E-05  1.78813934E-05
  90.  40.
  16777216.
  7.  0.
  4.17232513E-05  0.
  90.  50.
  16777216.
  1.  1.
  5.96046448E-06  5.96046448E-06
  90.  60.
  16777216.
  0.  0.
  0.  0.
  90.  70.
  16777216.
  1.  1.
  5.96046448E-06  5.96046448E-06
  90.  80.
  16777216.
  0.  0.
  0.  0.
  90.  90.
  16777216.
  0.  0.
  0.  0.
  90.  100.
  16777216.
  0.  0.
  0.  0.
  100.  0.
  16777216.
  2497.  11.
  0.0148832798  6.55651093E-05
  100.  10.
  16777216.
  24.  1.
  0.000143051147  5.96046448E-06
  100.  20.
  16777216.
  4.  0.
  2.38418579E-05  0.
  100.  30.
  16777216.
  0.  0.
  0.  0.
  100.  40.
  16777216.
  1.  0.
  5.96046448E-06  0.
  100.  50.
  16777216.
  0.  0.
  0.  0.
  100.  60.
  16777216.
  0.  0.
  0.  0.
  100.  70.
  16777216.
  0.  0.
  0.  0.
  100.  80.
  16777216.
  0.  0.
  0.  0.
  100.  90.
  16777216.
  0.  0.
  0.  0.
  100.  100.
  16777216.
  0.  0.
  0.  0.
