  0.  0.
  2497299.
  1217184.  2790.
  48.7400169  0.111720704
  0.  10.
  2497299.
  92932.  673.
  3.7213006  0.0269491151
  0.  20.
  2497299.
  42003.  358.
  1.68193722  0.014335488
  0.  30.
  2497299.
  38830.  389.
  1.5548799  0.0155768292
  0.  40.
  2497299.
  28328.  300.
  1.13434553  0.012012979
  0.  50.
  2497299.
  27417.  291.
  1.09786618  0.0116525898
  0.  60.
  2497299.
  19359.  182.
  0.775197506  0.00728787389
  0.  70.
  2497299.
  14919.  166.
  0.597405434  0.0066471817
  0.  80.
  2497299.
  17274.  195.
  0.691707313  0.00780843617
  0.  90.
  2497299.
  18313.  173.
  0.733312249  0.00692748465
  0.  100.
  2497299.
  26783.  230.
  1.07247865  0.00920995045
  10.  0.
  2497299.
  69499.  918.
  2.78296661  0.0367597155
  10.  10.
  2497299.
  14347.  423.
  0.57450068  0.0169383008
  10.  20.
  2497299.
  5390.  223.
  0.215833187  0.00892964751
  10.  30.
  2497299.
  4871.  268.
  0.195050731  0.0107315946
  10.  40.
  2497299.
  3502.  205.
  0.140231505  0.00820886903
  10.  50.
  2497299.
  2826.  178.
  0.113162264  0.00712770084
  10.  60.
  2497299.
  2385.  200.
  0.0955031812  0.00800865237
  10.  70.
  2497299.
  1554.  117.
  0.0622272305  0.00468506152
  10.  80.
  2497299.
  1915.  150.
  0.0766828507  0.00600648951
  10.  90.
  2497299.
  1953.  165.
  0.0782044902  0.00660713855
  10.  100.
  2497299.
  2355.  227.
  0.0943018869  0.00908982102
  20.  0.
  2497299.
  36408.  683.
  1.45789516  0.0273495484
  20.  10.
  2497299.
  8139.  356.
  0.325912118  0.0142554017
  20.  20.
  2497299.
  3475.  157.
  0.139150336  0.00628679246
  20.  30.
  2497299.
  2745.  209.
  0.109918758  0.00836904161
  20.  40.
  2497299.
  1854.  148.
  0.0742402077  0.00592640275
  20.  50.
  2497299.
  1646.  140.
  0.0659112111  0.00560605666
  20.  60.
  2497299.
  1124.  153.
  0.0450086258  0.00612661941
  20.  70.
  2497299.
  789.  105.
  0.0315941349  0.00420454238
  20.  80.
  2497299.
  825.  149.
  0.0330356918  0.00596644636
  20.  90.
  2497299.
  829.  109.
  0.0331958644  0.00436471542
  20.  100.
  2497299.
  1212.  138.
  0.0485324338  0.00552597037
  30.  0.
  2497299.
  35928.  801.
  1.43867433  0.0320746526
  30.  10.
  2497299.
  9664.  545.
  0.38697809  0.0218235776
  30.  20.
  2497299.
  3929.  274.
  0.157329977  0.0109718544
  30.  30.
  2497299.
  3405.  308.
  0.136347309  0.0123333251
  30.  40.
  2497299.
  2181.  233.
  0.0873343572  0.00933007989
  30.  50.
  2497299.
  1686.  190.
  0.0675129443  0.00760821998
  30.  60.
  2497299.
  1406.  190.
  0.0563008264  0.00760821998
  30.  70.
  2497299.
  886.  152.
  0.0354783311  0.0060865758
  30.  80.
  2497299.
  1124.  191.
  0.0450086258  0.00764826313
  30.  90.
  2497299.
  969.  168.
  0.0388019234  0.00672726799
  30.  100.
  2497299.
  1152.  197.
  0.0461298376  0.00788852293
  40.  0.
  2497299.
  30365.  859.
  1.21591365  0.0343971625
  40.  10.
  2497299.
  8399.  546.
  0.336323351  0.0218636207
  40.  20.
  2497299.
  3815.  342.
  0.152765051  0.0136947958
  40.  30.
  2497299.
  3194.  379.
  0.127898186  0.0151763968
  40.  40.
  2497299.
  2121.  307.
  0.084931761  0.012293282
  40.  50.
  2497299.
  1665.  252.
  0.0666720346  0.0100909024
  40.  60.
  2497299.
  1290.  218.
  0.0516558103  0.00872943085
  40.  70.
  2497299.
  822.  155.
  0.0329155624  0.0062067057
  40.  80.
  2497299.
  1012.  234.
  0.0405237824  0.00937012304
  40.  90.
  2497299.
  908.  218.
  0.0363592841  0.00872943085
  40.  100.
  2497299.
  935.  228.
  0.037440449  0.00912986416
  50.  0.
  2497299.
  34482.  1327.
  1.38077176  0.0531374104
  50.  10.
  2497299.
  8640.  810.
  0.34597379  0.0324350446
  50.  20.
  2497299.
  4587.  575.
  0.183678448  0.0230248757
  50.  30.
  2497299.
  3442.  516.
  0.137828916  0.0206623245
  50.  40.
  2497299.
  2466.  472.
  0.0987466872  0.0189004205
  50.  50.
  2497299.
  2381.  481.
  0.0953430086  0.0192608088
  50.  60.
  2497299.
  1242.  315.
  0.0497337319  0.0126136281
  50.  70.
  2497299.
  887.  250.
  0.0355183743  0.0100108152
  50.  80.
  2497299.
  928.  269.
  0.037160147  0.0107716378
  50.  90.
  2497299.
  810.  277.
  0.0324350446  0.0110919839
  50.  100.
  2497299.
  834.  295.
  0.0333960801  0.0118127624
  60.  0.
  2497299.
  28012.  1047.
  1.12169182  0.0419252962
  60.  10.
  2497299.
  8121.  858.
  0.325191349  0.0343571194
  60.  20.
  2497299.
  3955.  595.
  0.158371106  0.0238257404
  60.  30.
  2497299.
  3468.  612.
  0.138870031  0.0245064776
  60.  40.
  2497299.
  2364.  490.
  0.0946622714  0.019621199
  60.  50.
  2497299.
  1719.  532.
  0.0688343719  0.0213030167
  60.  60.
  2497299.
  1331.  391.
  0.053297583  0.0156569164
  60.  70.
  2497299.
  832.  269.
  0.0333159938  0.0107716378
  60.  80.
  2497299.
  935.  336.
  0.037440449  0.013454536
  60.  90.
  2497299.
  802.  285.
  0.0321146958  0.01141233
  60.  100.
  2497299.
  617.  282.
  0.0247066934  0.0112922005
  70.  0.
  2497299.
  25716.  998.
  1.02975249  0.0399631746
  70.  10.
  2497299.
  6921.  839.
  0.277139425  0.0335962959
  70.  20.
  2497299.
  3626.  603.
  0.14519687  0.0241460875
  70.  30.
  2497299.
  2958.  696.
  0.118447974  0.0278701112
  70.  40.
  2497299.
  2085.  544.
  0.0834902003  0.0217835344
  70.  50.
  2497299.
  1702.  528.
  0.0681536347  0.0211428422
  70.  60.
  2497299.
  1103.  409.
  0.0441677198  0.0163776949
  70.  70.
  2497299.
  751.  370.
  0.0300724898  0.0148160076
  70.  80.
  2497299.
  662.  338.
  0.0265086405  0.0135346232
  70.  90.
  2497299.
  565.  271.
  0.0226244442  0.0108517241
  70.  100.
  2497299.
  406.  262.
  0.0162575655  0.0104913348
  80.  0.
  2497299.
  29130.  1254.
  1.16646028  0.0502142496
  80.  10.
  2497299.
  9636.  1253.
  0.385856867  0.0501742065
  80.  20.
  2497299.
  4543.  890.
  0.18191655  0.0356385037
  80.  30.
  2497299.
  4168.  973.
  0.166900322  0.038962096
  80.  40.
  2497299.
  2984.  788.
  0.119489096  0.0315540917
  80.  50.
  2497299.
  2342.  835.
  0.0937813222  0.0334361233
  80.  60.
  2497299.
  1667.  659.
  0.0667521209  0.0263885111
  80.  70.
  2497299.
  1001.  517.
  0.0400833078  0.0207023676
  80.  80.
  2497299.
  1038.  507.
  0.0415649079  0.0203019343
  80.  90.
  2497299.
  760.  438.
  0.0304328799  0.0175389498
  80.  100.
  2497299.
  476.  346.
  0.0190605931  0.0138549693
  90.  0.
  2497299.
  36719.  1744.
  1.4703486  0.0698354468
  90.  10.
  2497299.
  13496.  1791.
  0.54042387  0.0717174858
  90.  20.
  2497299.
  6468.  1551.
  0.258999825  0.0621071011
  90.  30.
  2497299.
  6138.  1644.
  0.245785549  0.0658311248
  90.  40.
  2497299.
  4481.  1484.
  0.179433867  0.0594242029
  90.  50.
  2497299.
  3631.  1576.
  0.145397082  0.0631081834
  90.  60.
  2497299.
  2399.  1201.
  0.0960637853  0.0480919592
  90.  70.
  2497299.
  1354.  852.
  0.0542185791  0.0341168605
  90.  80.
  2497299.
  1202.  803.
  0.0481320024  0.0321547389
  90.  90.
  2497299.
  878.  670.
  0.035157986  0.0268289857
  90.  100.
  2497299.
  445.  426.
  0.0178192519  0.0170584302
  100.  0.
  2497299.
  130668.  7621.
  5.23237324  0.305169702
  100.  10.
  2497299.
  46492.  7268.
  1.86169136  0.29103443
  100.  20.
  2497299.
  22973.  6246.
  0.919913888  0.250110209
  100.  30.
  2497299.
  20332.  6705.
  0.814159632  0.268490076
  100.  40.
  2497299.
  13766.  5773.
  0.551235557  0.23116976
  100.  50.
  2497299.
  10140.  6058.
  0.406038672  0.242582083
  100.  60.
  2497299.
  7055.  4610.
  0.282505214  0.184599444
  100.  70.
  2497299.
  3718.  3068.
  0.148880854  0.122852728
  100.  80.
  2497299.
  3404.  3067.
  0.136307269  0.122812688
  100.  90.
  2497299.
  2254.  2215.
  0.0902575105  0.0886958241
  100.  100.
  2497299.
  1010.  1210.
  0.0404436961  0.0484523475
