  0.  0.
  16777216.
  16777216.  33845.
  100.  0.20173192
  0.  10.
  16777216.
  1045700.  15499.
  6.2328577  0.0923812389
  0.  20.
  16777216.
  508153.  10227.
  3.02882791  0.0609576702
  0.  30.
  16777216.
  317472.  7662.
  1.89228058  0.0456690788
  0.  40.
  16777216.
  227499.  5751.
  1.35599971  0.0342786312
  0.  50.
  16777216.
  241412.  6219.
  1.43892765  0.0370681286
  0.  60.
  16777216.
  107427.  2863.
  0.640314817  0.0170648098
  0.  70.
  16777216.
  82245.  2126.
  0.490218401  0.0126719475
  0.  80.
  16777216.
  66478.  1480.
  0.396239758  0.00882148743
  0.  90.
  16777216.
  55516.  968.
  0.330901146  0.00576972961
  0.  100.
  16777216.
  56418.  651.
  0.336277485  0.00388026237
  10.  0.
  16777216.
  239722.  3471.
  1.42885447  0.0206887722
  10.  10.
  16777216.
  48470.  2636.
  0.288903713  0.0157117844
  10.  20.
  16777216.
  26456.  2010.
  0.157690048  0.0119805336
  10.  30.
  16777216.
  16179.  1508.
  0.0964343548  0.00898838043
  10.  40.
  16777216.
  10174.  1092.
  0.0606417656  0.00650882721
  10.  50.
  16777216.
  8554.  1030.
  0.0509858131  0.00613927841
  10.  60.
  16777216.
  2991.  356.
  0.0178277493  0.00212192535
  10.  70.
  16777216.
  1695.  205.
  0.0101029873  0.00122189522
  10.  80.
  16777216.
  947.  123.
  0.00564455986  0.000733137131
  10.  90.
  16777216.
  510.  58.
  0.00303983688  0.00034570694
  10.  100.
  16777216.
  135.  18.
  0.000804662704  0.000107288361
  20.  0.
  16777216.
  134630.  2091.
  0.802457333  0.0124633312
  20.  10.
  16777216.
  27745.  1660.
  0.165373087  0.00989437103
  20.  20.
  16777216.
  16323.  1445.
  0.0972926617  0.00861287117
  20.  30.
  16777216.
  10305.  1134.
  0.0614225864  0.00675916672
  20.  40.
  16777216.
  6587.  871.
  0.0392615795  0.00519156456
  20.  50.
  16777216.
  5444.  849.
  0.0324487686  0.00506043434
  20.  60.
  16777216.
  1843.  299.
  0.010985136  0.00178217888
  20.  70.
  16777216.
  1069.  179.
  0.00637173653  0.00106692314
  20.  80.
  16777216.
  619.  123.
  0.00368952751  0.000733137131
  20.  90.
  16777216.
  301.  58.
  0.00179409981  0.00034570694
  20.  100.
  16777216.
  69.  13.
  0.000411272049  7.74860382E-05
  30.  0.
  16777216.
  86654.  1530.
  0.516498089  0.00911951065
  30.  10.
  16777216.
  18283.  1162.
  0.108975172  0.00692605972
  30.  20.
  16777216.
  9863.  1011.
  0.0587880611  0.00602602959
  30.  30.
  16777216.
  5993.  808.
  0.0357210636  0.0048160553
  30.  40.
  16777216.
  3689.  614.
  0.0219881535  0.00365972519
  30.  50.
  16777216.
  2824.  508.
  0.0168323517  0.00302791595
  30.  60.
  16777216.
  968.  167.
  0.00576972961  0.000995397568
  30.  70.
  16777216.
  480.  109.
  0.00286102295  0.000649690628
  30.  80.
  16777216.
  280.  63.
  0.00166893005  0.000375509262
  30.  90.
  16777216.
  127.  33.
  0.000756978989  0.000196695328
  30.  100.
  16777216.
  36.  7.
  0.000214576721  4.17232513E-05
  40.  0.
  16777216.
  66082.  1156.
  0.393879414  0.00689029694
  40.  10.
  16777216.
  13173.  918.
  0.0785171986  0.00547170639
  40.  20.
  16777216.
  7055.  750.
  0.0420510769  0.00447034836
  40.  30.
  16777216.
  4052.  571.
  0.0241518021  0.00340342522
  40.  40.
  16777216.
  2464.  426.
  0.0146865845  0.00253915787
  40.  50.
  16777216.
  1837.  331.
  0.0109493732  0.00197291374
  40.  60.
  16777216.
  540.  95.
  0.00321865082  0.000566244125
  40.  70.
  16777216.
  299.  49.
  0.00178217888  0.000292062759
  40.  80.
  16777216.
  128.  34.
  0.000762939453  0.000202655792
  40.  90.
  16777216.
  62.  14.
  0.000369548798  8.34465027E-05
  40.  100.
  16777216.
  15.  7.
  8.94069672E-05  4.17232513E-05
  50.  0.
  16777216.
  76771.  1299.
  0.457590818  0.00774264336
  50.  10.
  16777216.
  14633.  1015.
  0.0872194767  0.00604987144
  50.  20.
  16777216.
  7522.  823.
  0.0448346138  0.00490546227
  50.  30.
  16777216.
  4341.  714.
  0.0258743763  0.00425577164
  50.  40.
  16777216.
  2530.  438.
  0.0150799751  0.00261068344
  50.  50.
  16777216.
  1739.  404.
  0.0103652477  0.00240802765
  50.  60.
  16777216.
  477.  116.
  0.00284314156  0.000691413879
  50.  70.
  16777216.
  245.  53.
  0.0014603138  0.000315904617
  50.  80.
  16777216.
  99.  26.
  0.000590085983  0.000154972076
  50.  90.
  16777216.
  26.  9.
  0.000154972076  5.36441803E-05
  50.  100.
  16777216.
  5.  5.
  2.98023224E-05  2.98023224E-05
  60.  0.
  16777216.
  34819.  690.
  0.207537413  0.00411272049
  60.  10.
  16777216.
  6665.  540.
  0.0397264957  0.00321865082
  60.  20.
  16777216.
  3575.  417.
  0.0213086605  0.00248551369
  60.  30.
  16777216.
  1981.  262.
  0.0118076801  0.00156164169
  60.  40.
  16777216.
  1107.  200.
  0.00659823418  0.0011920929
  60.  50.
  16777216.
  753.  198.
  0.00448822975  0.00118017197
  60.  60.
  16777216.
  231.  56.
  0.00137686729  0.000333786011
  60.  70.
  16777216.
  115.  30.
  0.000685453415  0.000178813934
  60.  80.
  16777216.
  48.  10.
  0.000286102295  5.96046448E-05
  60.  90.
  16777216.
  11.  3.
  6.55651093E-05  1.78813934E-05
  60.  100.
  16777216.
  3.  0.
  1.78813934E-05  0.
  70.  0.
  16777216.
  25390.  483.
  0.151336193  0.00287890434
  70.  10.
  16777216.
  5493.  414.
  0.0327408314  0.00246763229
  70.  20.
  16777216.
  2960.  279.
  0.0176429749  0.00166296959
  70.  30.
  16777216.
  1533.  195.
  0.00913739204  0.00116229057
  70.  40.
  16777216.
  779.  112.
  0.00464320183  0.000667572021
  70.  50.
  16777216.
  517.  105.
  0.00308156013  0.00062584877
  70.  60.
  16777216.
  116.  35.
  0.000691413879  0.000208616257
  70.  70.
  16777216.
  48.  9.
  0.000286102295  5.36441803E-05
  70.  80.
  16777216.
  14.  6.
  8.34465027E-05  3.57627869E-05
  70.  90.
  16777216.
  4.  4.
  2.38418579E-05  2.38418579E-05
  70.  100.
  16777216.
  0.  0.
  0.  0.
  80.  0.
  16777216.
  18600.  260.
  0.110864639  0.00154972076
  80.  10.
  16777216.
  3820.  228.
  0.0227689743  0.0013589859
  80.  20.
  16777216.
  1879.  139.
  0.0111997128  0.000828504562
  80.  30.
  16777216.
  856.  105.
  0.00510215759  0.00062584877
  80.  40.
  16777216.
  417.  66.
  0.00248551369  0.000393390656
  80.  50.
  16777216.
  231.  33.
  0.00137686729  0.000196695328
  80.  60.
  16777216.
  53.  11.
  0.000315904617  6.55651093E-05
  80.  70.
  16777216.
  20.  5.
  0.00011920929  2.98023224E-05
  80.  80.
  16777216.
  13.  7.
  7.74860382E-05  4.17232513E-05
  80.  90.
  16777216.
  11.  1.
  6.55651093E-05  5.96046448E-06
  80.  100.
  16777216.
  2.  0.
  1.1920929E-05  0.
  90.  0.
  16777216.
  13985.  190.
  0.0833570957  0.00113248825
  90.  10.
  16777216.
  2698.  94.
  0.0160813332  0.000560283661
  90.  20.
  16777216.
  1113.  67.
  0.00663399696  0.00039935112
  90.  30.
  16777216.
  548.  28.
  0.00326633453  0.000166893005
  90.  40.
  16777216.
  272.  27.
  0.00162124634  0.000160932541
  90.  50.
  16777216.
  180.  18.
  0.00107288361  0.000107288361
  90.  60.
  16777216.
  39.  8.
  0.000232458115  4.76837158E-05
  90.  70.
  16777216.
  12.  6.
  7.15255737E-05  3.57627869E-05
  90.  80.
  16777216.
  9.  1.
  5.36441803E-05  5.96046448E-06
  90.  90.
  16777216.
  9.  2.
  5.36441803E-05  1.1920929E-05
  90.  100.
  16777216.
  1.  0.
  5.96046448E-06  0.
  100.  0.
  16777216.
  11756.  96.
  0.0700712204  0.00057220459
  100.  10.
  16777216.
  1058.  26.
  0.00630617142  0.000154972076
  100.  20.
  16777216.
  314.  18.
  0.00187158585  0.000107288361
  100.  30.
  16777216.
  162.  21.
  0.000965595245  0.000125169754
  100.  40.
  16777216.
  86.  24.
  0.000512599945  0.000143051147
  100.  50.
  16777216.
  60.  17.
  0.000357627869  0.000101327896
  100.  60.
  16777216.
  16.  4.
  9.53674316E-05  2.38418579E-05
  100.  70.
  16777216.
  8.  4.
  4.76837158E-05  2.38418579E-05
  100.  80.
  16777216.
  6.  1.
  3.57627869E-05  5.96046448E-06
  100.  90.
  16777216.
  6.  1.
  3.57627869E-05  5.96046448E-06
  100.  100.
  16777216.
  1.  0.
  5.96046448E-06  0.
