  0.  0.
  2466751.
  1341015.  1553.
  54.3636131  0.0629573092
  0.  10.
  2466751.
  87491.  366.
  3.5468111  0.0148373302
  0.  20.
  2466751.
  49539.  264.
  2.00826907  0.0107023371
  0.  30.
  2466751.
  34923.  235.
  1.41574883  0.00952670164
  0.  40.
  2466751.
  27972.  177.
  1.1339612  0.00717543019
  0.  50.
  2466751.
  34948.  273.
  1.41676235  0.0110671893
  0.  60.
  2466751.
  19006.  182.
  0.770487189  0.00737812603
  0.  70.
  2466751.
  18234.  151.
  0.739190936  0.00612141239
  0.  80.
  2466751.
  18732.  196.
  0.759379447  0.00794567447
  0.  90.
  2466751.
  19728.  213.
  0.799756467  0.00863484014
  0.  100.
  2466751.
  33242.  389.
  1.34760261  0.0157697313
  10.  0.
  2466751.
  63360.  495.
  2.56856084  0.0200668816
  10.  10.
  2466751.
  11533.  228.
  0.467538059  0.00924292766
  10.  20.
  2466751.
  5524.  182.
  0.223938286  0.00737812603
  10.  30.
  2466751.
  3474.  124.
  0.14083302  0.00502685504
  10.  40.
  2466751.
  2635.  106.
  0.106820673  0.0042971503
  10.  50.
  2466751.
  3191.  165.
  0.129360437  0.00668896036
  10.  60.
  2466751.
  1839.  104.
  0.0745515078  0.00421607215
  10.  70.
  2466751.
  1628.  86.
  0.0659977421  0.00348636718
  10.  80.
  2466751.
  1785.  117.
  0.0723623931  0.00474308105
  10.  90.
  2466751.
  1867.  120.
  0.0756866038  0.00486469874
  10.  100.
  2466751.
  2289.  179.
  0.0927941278  0.0072565088
  20.  0.
  2466751.
  36752.  392.
  1.48989499  0.0158913489
  20.  10.
  2466751.
  7763.  191.
  0.314705461  0.00774297863
  20.  20.
  2466751.
  4204.  197.
  0.170426607  0.00798621308
  20.  30.
  2466751.
  2564.  144.
  0.103942394  0.0058376384
  20.  40.
  2466751.
  1847.  151.
  0.0748758167  0.00612141239
  20.  50.
  2466751.
  2159.  183.
  0.0875240341  0.0074186651
  20.  60.
  2466751.
  1223.  77.
  0.0495793857  0.0031215148
  20.  70.
  2466751.
  1025.  92.
  0.041552633  0.00372960232
  20.  80.
  2466751.
  954.  87.
  0.0386743546  0.00352690648
  20.  90.
  2466751.
  996.  104.
  0.0403769985  0.00421607215
  20.  100.
  2466751.
  1217.  164.
  0.0493361503  0.00664842129
  30.  0.
  2466751.
  28791.  370.
  1.16716278  0.0149994874
  30.  10.
  2466751.
  6589.  212.
  0.267112494  0.0085943006
  30.  20.
  2466751.
  3625.  174.
  0.146954432  0.00705381297
  30.  30.
  2466751.
  2335.  190.
  0.0946589261  0.00770243956
  30.  40.
  2466751.
  1638.  154.
  0.0664031357  0.00624302961
  30.  50.
  2466751.
  1827.  213.
  0.0740650371  0.00863484014
  30.  60.
  2466751.
  950.  120.
  0.0385121964  0.00486469874
  30.  70.
  2466751.
  812.  131.
  0.0329177938  0.00531062903
  30.  80.
  2466751.
  727.  79.
  0.0294719655  0.00320259319
  30.  90.
  2466751.
  754.  125.
  0.0305665229  0.00506739412
  30.  100.
  2466751.
  952.  187.
  0.0385932736  0.00758082187
  40.  0.
  2466751.
  25200.  411.
  1.02158666  0.0166615918
  40.  10.
  2466751.
  5648.  263.
  0.228965148  0.0106617976
  40.  20.
  2466751.
  3270.  209.
  0.13256304  0.00847268291
  40.  30.
  2466751.
  2112.  206.
  0.0856186971  0.00835106615
  40.  40.
  2466751.
  1603.  173.
  0.064984262  0.00701327389
  40.  50.
  2466751.
  1691.  243.
  0.0685517117  0.00985101424
  40.  60.
  2466751.
  913.  127.
  0.0370122492  0.00514847273
  40.  70.
  2466751.
  745.  134.
  0.0302016698  0.00543224672
  40.  80.
  2466751.
  725.  117.
  0.0293908864  0.00474308105
  40.  90.
  2466751.
  636.  131.
  0.0257829018  0.00531062903
  40.  100.
  2466751.
  767.  190.
  0.0310935322  0.00770243956
  50.  0.
  2466751.
  37270.  767.
  1.5108943  0.0310935322
  50.  10.
  2466751.
  8179.  479.
  0.331569731  0.0194182545
  50.  20.
  2466751.
  4827.  430.
  0.195682496  0.0174318366
  50.  30.
  2466751.
  3170.  291.
  0.128509119  0.0117968936
  50.  40.
  2466751.
  2283.  307.
  0.0925508887  0.0124455206
  50.  50.
  2466751.
  2630.  426.
  0.10661798  0.0172696803
  50.  60.
  2466751.
  1423.  239.
  0.0576872155  0.00968885794
  50.  70.
  2466751.
  1133.  257.
  0.0459308624  0.0104185631
  50.  80.
  2466751.
  1000.  244.
  0.0405391529  0.00989155378
  50.  90.
  2466751.
  865.  218.
  0.0350663699  0.00883753598
  50.  100.
  2466751.
  897.  322.
  0.0363636203  0.0130536081
  60.  0.
  2466751.
  20287.  497.
  0.822417855  0.0201479606
  60.  10.
  2466751.
  4927.  357.
  0.199736416  0.0144724781
  60.  20.
  2466751.
  2987.  285.
  0.121090457  0.0115536591
  60.  30.
  2466751.
  1902.  255.
  0.07710547  0.0103374841
  60.  40.
  2466751.
  1430.  225.
  0.0579709895  0.00912130997
  60.  50.
  2466751.
  1613.  328.
  0.0653896555  0.0132968426
  60.  60.
  2466751.
  836.  197.
  0.0338907316  0.00798621308
  60.  70.
  2466751.
  698.  191.
  0.0282963291  0.00774297863
  60.  80.
  2466751.
  648.  176.
  0.0262693726  0.00713489112
  60.  90.
  2466751.
  535.  208.
  0.0216884483  0.0084321443
  60.  100.
  2466751.
  477.  264.
  0.0193371773  0.0107023371
  70.  0.
  2466751.
  19583.  546.
  0.793878257  0.0221343786
  70.  10.
  2466751.
  4929.  407.
  0.199817494  0.0164994355
  70.  20.
  2466751.
  3034.  360.
  0.122995794  0.0145940958
  70.  30.
  2466751.
  2174.  337.
  0.0881321207  0.0136616947
  70.  40.
  2466751.
  1573.  332.
  0.0637680888  0.0134589989
  70.  50.
  2466751.
  1757.  394.
  0.0712272972  0.0159724262
  70.  60.
  2466751.
  827.  246.
  0.0335258804  0.00997263193
  70.  70.
  2466751.
  770.  238.
  0.0312151499  0.0096483184
  70.  80.
  2466751.
  634.  259.
  0.0257018246  0.0104996413
  70.  90.
  2466751.
  534.  259.
  0.0216479078  0.0104996413
  70.  100.
  2466751.
  403.  362.
  0.0163372792  0.0146751739
  80.  0.
  2466751.
  21881.  642.
  0.887037218  0.0260261372
  80.  10.
  2466751.
  5540.  470.
  0.224586919  0.0190534033
  80.  20.
  2466751.
  3420.  446.
  0.138643906  0.0180804636
  80.  30.
  2466751.
  2453.  435.
  0.099442549  0.0176345315
  80.  40.
  2466751.
  1832.  441.
  0.0742677301  0.0178777669
  80.  50.
  2466751.
  2012.  629.
  0.0815647766  0.0254991278
  80.  60.
  2466751.
  1029.  419.
  0.0417147912  0.0169859063
  80.  70.
  2466751.
  790.  358.
  0.0320259333  0.0145130176
  80.  80.
  2466751.
  743.  363.
  0.0301205926  0.0147157134
  80.  90.
  2466751.
  497.  327.
  0.0201479606  0.013256304
  80.  100.
  2466751.
  450.  348.
  0.0182426199  0.0141076259
  90.  0.
  2466751.
  28574.  846.
  1.15836585  0.0342961252
  90.  10.
  2466751.
  7866.  781.
  0.318880975  0.0316610783
  90.  20.
  2466751.
  4941.  722.
  0.200303957  0.0292692687
  90.  30.
  2466751.
  3512.  705.
  0.142373517  0.0285801031
  90.  40.
  2466751.
  2639.  698.
  0.106982827  0.0282963291
  90.  50.
  2466751.
  2762.  1023.
  0.111969143  0.0414715558
  90.  60.
  2466751.
  1387.  702.
  0.056227807  0.0284584872
  90.  70.
  2466751.
  1189.  699.
  0.0482010543  0.0283368696
  90.  80.
  2466751.
  888.  633.
  0.0359987691  0.0256612841
  90.  90.
  2466751.
  687.  543.
  0.0278503988  0.0220127609
  90.  100.
  2466751.
  497.  501.
  0.0201479606  0.0203101169
  100.  0.
  2466751.
  108903.  4040.
  4.41483545  0.163778186
  100.  10.
  2466751.
  33994.  3824.
  1.378088  0.155021727
  100.  20.
  2466751.
  21226.  3988.
  0.860484123  0.161670148
  100.  30.
  2466751.
  15317.  4339.
  0.620938241  0.175899386
  100.  40.
  2466751.
  11333.  4397.
  0.459430248  0.178250656
  100.  50.
  2466751.
  11881.  6621.
  0.481645703  0.268409729
  100.  60.
  2466751.
  5524.  4151.
  0.223938286  0.168278024
  100.  70.
  2466751.
  4110.  3796.
  0.166615918  0.153886631
  100.  80.
  2466751.
  3189.  3525.
  0.12927936  0.142900527
  100.  90.
  2466751.
  2318.  2921.
  0.0939697623  0.118414871
  100.  100.
  2466751.
  1348.  1933.
  0.0546467789  0.0783621892
