  0.  0.
  1147178.
  707162.  12302.
  61.6436157  1.07237065
  0.  10.
  1147178.
  60232.  2411.
  5.25044918  0.210167915
  0.  20.
  1147178.
  33631.  1604.
  2.9316287  0.139821365
  0.  30.
  1147178.
  23628.  1275.
  2.05966282  0.1111423
  0.  40.
  1147178.
  18594.  1110.
  1.62084699  0.0967591777
  0.  50.
  1147178.
  21126.  1578.
  1.84156251  0.137554944
  0.  60.
  1147178.
  11102.  945.
  0.967766106  0.0823760554
  0.  70.
  1147178.
  9083.  876.
  0.791769028  0.0763612986
  0.  80.
  1147178.
  7186.  720.
  0.626406729  0.0627627075
  0.  90.
  1147178.
  5859.  623.
  0.510731578  0.0543071777
  0.  100.
  1147178.
  5000.  638.
  0.43585214  0.0556147359
  10.  0.
  1147178.
  53240.  1781.
  4.64095354  0.155250534
  10.  10.
  1147178.
  2784.  222.
  0.242682472  0.0193518363
  10.  20.
  1147178.
  1641.  164.
  0.143046677  0.0142959505
  10.  30.
  1147178.
  1221.  116.
  0.106435098  0.0101117697
  10.  40.
  1147178.
  972.  114.
  0.0847296566  0.00993742887
  10.  50.
  1147178.
  1274.  150.
  0.111055128  0.013075565
  10.  60.
  1147178.
  742.  80.
  0.0646804571  0.00697363447
  10.  70.
  1147178.
  642.  85.
  0.0559634157  0.00740948645
  10.  80.
  1147178.
  645.  91.
  0.0562249273  0.0079325093
  10.  90.
  1147178.
  614.  87.
  0.0535226427  0.00758382725
  10.  100.
  1147178.
  738.  136.
  0.0643317774  0.0118551785
  20.  0.
  1147178.
  37436.  1247.
  3.26331234  0.108701527
  20.  10.
  1147178.
  1551.  142.
  0.135201335  0.0123782009
  20.  20.
  1147178.
  981.  84.
  0.0855141953  0.00732231606
  20.  30.
  1147178.
  713.  75.
  0.0621525161  0.00653778249
  20.  40.
  1147178.
  562.  57.
  0.0489897802  0.00496871443
  20.  50.
  1147178.
  770.  91.
  0.0671212301  0.0079325093
  20.  60.
  1147178.
  446.  63.
  0.0388780124  0.00549173728
  20.  70.
  1147178.
  430.  58.
  0.0374832861  0.00505588483
  20.  80.
  1147178.
  384.  44.
  0.033473447  0.00383549882
  20.  90.
  1147178.
  369.  36.
  0.0321658887  0.00313813542
  20.  100.
  1147178.
  508.  119.
  0.0442825779  0.0103732813
  30.  0.
  1147178.
  25344.  860.
  2.20924735  0.0749665722
  30.  10.
  1147178.
  1128.  131.
  0.0983282477  0.0114193261
  30.  20.
  1147178.
  651.  57.
  0.0567479506  0.00496871443
  30.  30.
  1147178.
  443.  61.
  0.0386165008  0.00531739648
  30.  40.
  1147178.
  371.  40.
  0.0323402286  0.00348681724
  30.  50.
  1147178.
  487.  62.
  0.0424520001  0.00540456688
  30.  60.
  1147178.
  297.  46.
  0.0258896183  0.00400983961
  30.  70.
  1147178.
  265.  49.
  0.0231001638  0.00427135127
  30.  80.
  1147178.
  204.  35.
  0.0177827682  0.00305096502
  30.  90.
  1147178.
  217.  30.
  0.0189159829  0.00261511281
  30.  100.
  1147178.
  348.  68.
  0.030335309  0.00592758926
  40.  0.
  1147178.
  19927.  690.
  1.73704517  0.0601475984
  40.  10.
  1147178.
  910.  86.
  0.0793250948  0.00749665685
  40.  20.
  1147178.
  444.  41.
  0.0387036726  0.00357398763
  40.  30.
  1147178.
  386.  63.
  0.0336477868  0.00549173728
  40.  40.
  1147178.
  272.  45.
  0.023710357  0.00392266922
  40.  50.
  1147178.
  371.  54.
  0.0323402286  0.00470720325
  40.  60.
  1147178.
  214.  35.
  0.0186544713  0.00305096502
  40.  70.
  1147178.
  206.  33.
  0.0179571081  0.00287662423
  40.  80.
  1147178.
  171.  23.
  0.0149061438  0.00200491981
  40.  90.
  1147178.
  212.  28.
  0.0184801314  0.00244077202
  40.  100.
  1147178.
  242.  59.
  0.0210952442  0.00514305523
  50.  0.
  1147178.
  22054.  768.
  1.92245662  0.0669468939
  50.  10.
  1147178.
  893.  93.
  0.0778431967  0.00810685009
  50.  20.
  1147178.
  597.  54.
  0.0520407483  0.00470720325
  50.  30.
  1147178.
  430.  53.
  0.0374832861  0.00462003285
  50.  40.
  1147178.
  350.  45.
  0.0305096507  0.00392266922
  50.  50.
  1147178.
  381.  66.
  0.0332119353  0.00575324846
  50.  60.
  1147178.
  213.  44.
  0.0185673013  0.00383549882
  50.  70.
  1147178.
  207.  35.
  0.0180442799  0.00305096502
  50.  80.
  1147178.
  175.  34.
  0.0152548254  0.00296379463
  50.  90.
  1147178.
  211.  23.
  0.0183929615  0.00200491981
  50.  100.
  1147178.
  233.  54.
  0.0203107111  0.00470720325
  60.  0.
  1147178.
  8740.  396.
  0.76186955  0.0345194899
  60.  10.
  1147178.
  428.  52.
  0.0373089425  0.00453286245
  60.  20.
  1147178.
  243.  46.
  0.0211824141  0.00400983961
  60.  30.
  1147178.
  209.  27.
  0.0182186197  0.00235360162
  60.  40.
  1147178.
  160.  29.
  0.0139472689  0.00252794242
  60.  50.
  1147178.
  144.  30.
  0.0125525417  0.00261511281
  60.  60.
  1147178.
  75.  19.
  0.00653778249  0.00165623822
  60.  70.
  1147178.
  72.  10.
  0.00627627084  0.000871704309
  60.  80.
  1147178.
  90.  14.
  0.00784533843  0.00122038601
  60.  90.
  1147178.
  90.  19.
  0.00784533843  0.00165623822
  60.  100.
  1147178.
  93.  17.
  0.00810685009  0.00148189731
  70.  0.
  1147178.
  5479.  201.
  0.477606773  0.0175212566
  70.  10.
  1147178.
  311.  30.
  0.0271100029  0.00261511281
  70.  20.
  1147178.
  199.  24.
  0.0173469149  0.00209209044
  70.  30.
  1147178.
  136.  16.
  0.0118551785  0.00139472692
  70.  40.
  1147178.
  107.  17.
  0.00932723563  0.00148189731
  70.  50.
  1147178.
  119.  26.
  0.0103732813  0.00226643123
  70.  60.
  1147178.
  69.  9.
  0.00601475965  0.000784533855
  70.  70.
  1147178.
  46.  9.
  0.00400983961  0.000784533855
  70.  80.
  1147178.
  40.  4.
  0.00348681724  0.00034868173
  70.  90.
  1147178.
  46.  6.
  0.00400983961  0.000523022609
  70.  100.
  1147178.
  52.  11.
  0.00453286245  0.000958874705
  80.  0.
  1147178.
  2613.  125.
  0.227776334  0.0108963037
  80.  10.
  1147178.
  219.  18.
  0.0190903246  0.00156906771
  80.  20.
  1147178.
  118.  31.
  0.0102861105  0.00270228344
  80.  30.
  1147178.
  89.  21.
  0.0077581685  0.00183057901
  80.  40.
  1147178.
  72.  12.
  0.00627627084  0.00104604522
  80.  50.
  1147178.
  80.  8.
  0.00697363447  0.000697363459
  80.  60.
  1147178.
  40.  9.
  0.00348681724  0.000784533855
  80.  70.
  1147178.
  35.  6.
  0.00305096502  0.000523022609
  80.  80.
  1147178.
  25.  8.
  0.00217926083  0.000697363459
  80.  90.
  1147178.
  24.  5.
  0.00209209044  0.000435852155
  80.  100.
  1147178.
  19.  2.
  0.00165623822  0.000174340865
  90.  0.
  1147178.
  1175.  96.
  0.102425255  0.00836836174
  90.  10.
  1147178.
  135.  11.
  0.0117680077  0.000958874705
  90.  20.
  1147178.
  81.  7.
  0.00706080487  0.000610193005
  90.  30.
  1147178.
  66.  16.
  0.00575324846  0.00139472692
  90.  40.
  1147178.
  50.  6.
  0.00435852166  0.000523022609
  90.  50.
  1147178.
  46.  4.
  0.00400983961  0.00034868173
  90.  60.
  1147178.
  31.  2.
  0.00270228344  0.000174340865
  90.  70.
  1147178.
  26.  6.
  0.00226643123  0.000523022609
  90.  80.
  1147178.
  19.  5.
  0.00165623822  0.000435852155
  90.  90.
  1147178.
  16.  1.
  0.00139472692  8.71704324E-05
  90.  100.
  1147178.
  11.  1.
  0.000958874705  8.71704324E-05
  100.  0.
  1147178.
  446.  41.
  0.0388780124  0.00357398763
  100.  10.
  1147178.
  46.  0.
  0.00400983961  0.
  100.  20.
  1147178.
  20.  2.
  0.00174340862  0.000174340865
  100.  30.
  1147178.
  30.  2.
  0.00261511281  0.000174340865
  100.  40.
  1147178.
  29.  1.
  0.00252794242  8.71704324E-05
  100.  50.
  1147178.
  14.  4.
  0.00122038601  0.00034868173
  100.  60.
  1147178.
  23.  2.
  0.00200491981  0.000174340865
  100.  70.
  1147178.
  17.  7.
  0.00148189731  0.000610193005
  100.  80.
  1147178.
  22.  6.
  0.00191774941  0.000523022609
  100.  90.
  1147178.
  4.  0.
  0.00034868173  0.
  100.  100.
  1147178.
  3.  0.
  0.000261511304  0.
