  0.  0.
  1147229.
  60917.  196.
  5.30992508  0.0170846451
  0.  10.
  1147229.
  2407.  28.
  0.209809899  0.00244066352
  0.  20.
  1147229.
  865.  11.
  0.075399071  0.000958832097
  0.  30.
  1147229.
  368.  3.
  0.0320772938  0.000261499663
  0.  40.
  1147229.
  196.  2.
  0.0170846451  0.000174333109
  0.  50.
  1147229.
  149.  0.
  0.0129878167  0.
  0.  60.
  1147229.
  51.  0.
  0.00444549415  0.
  0.  70.
  1147229.
  30.  0.
  0.00261499663  0.
  0.  80.
  1147229.
  16.  0.
  0.00139466487  0.
  0.  90.
  1147229.
  6.  0.
  0.000522999326  0.
  0.  100.
  1147229.
  0.  0.
  0.  0.
  10.  0.
  1147229.
  32055.  162.
  2.79412389  0.014120982
  10.  10.
  1147229.
  2885.  67.
  0.251475513  0.00584015902
  10.  20.
  1147229.
  1185.  23.
  0.103292368  0.00200483087
  10.  30.
  1147229.
  574.  12.
  0.0500336029  0.00104599865
  10.  40.
  1147229.
  286.  4.
  0.0249296352  0.000348666217
  10.  50.
  1147229.
  177.  2.
  0.0154284807  0.000174333109
  10.  60.
  1147229.
  46.  0.
  0.00400966173  0.
  10.  70.
  1147229.
  28.  0.
  0.00244066352  0.
  10.  80.
  1147229.
  12.  0.
  0.00104599865  0.
  10.  90.
  1147229.
  12.  0.
  0.00104599865  0.
  10.  100.
  1147229.
  2.  0.
  0.000174333109  0.
  20.  0.
  1147229.
  28571.  186.
  2.4904356  0.0162129793
  20.  10.
  1147229.
  2902.  76.
  0.252957344  0.00662465813
  20.  20.
  1147229.
  1508.  51.
  0.131447166  0.00444549415
  20.  30.
  1147229.
  796.  24.
  0.0693845749  0.0020919973
  20.  40.
  1147229.
  464.  11.
  0.0404452831  0.000958832097
  20.  50.
  1147229.
  319.  3.
  0.0278061312  0.000261499663
  20.  60.
  1147229.
  87.  0.
  0.00758349011  0.
  20.  70.
  1147229.
  56.  0.
  0.00488132704  0.
  20.  80.
  1147229.
  18.  0.
  0.00156899798  0.
  20.  90.
  1147229.
  10.  0.
  0.000871665543  0.
  20.  100.
  1147229.
  0.  0.
  0.  0.
  30.  0.
  1147229.
  26933.  188.
  2.34765673  0.0163873117
  30.  10.
  1147229.
  2955.  68.
  0.257577181  0.00592732569
  30.  20.
  1147229.
  1637.  55.
  0.142691657  0.00479416037
  30.  30.
  1147229.
  1094.  35.
  0.095360212  0.00305082952
  30.  40.
  1147229.
  721.  21.
  0.0628470853  0.00183049764
  30.  50.
  1147229.
  491.  22.
  0.0427987799  0.00191766419
  30.  60.
  1147229.
  148.  4.
  0.0129006505  0.000348666217
  30.  70.
  1147229.
  77.  3.
  0.0067118248  0.000261499663
  30.  80.
  1147229.
  51.  1.
  0.00444549415  8.71665543E-05
  30.  90.
  1147229.
  14.  0.
  0.00122033176  0.
  30.  100.
  1147229.
  5.  0.
  0.000435832771  0.
  40.  0.
  1147229.
  28635.  218.
  2.49601436  0.0190023091
  40.  10.
  1147229.
  3355.  54.
  0.292443782  0.00470699416
  40.  20.
  1147229.
  1799.  63.
  0.156812638  0.0054914928
  40.  30.
  1147229.
  1314.  46.
  0.114536852  0.00400966173
  40.  40.
  1147229.
  977.  52.
  0.0851617232  0.00453266082
  40.  50.
  1147229.
  852.  40.
  0.0742659047  0.00348666217
  40.  60.
  1147229.
  225.  10.
  0.0196124744  0.000871665543
  40.  70.
  1147229.
  113.  9.
  0.00984982029  0.000784498989
  40.  80.
  1147229.
  73.  3.
  0.00636315858  0.000261499663
  40.  90.
  1147229.
  25.  1.
  0.00217916397  8.71665543E-05
  40.  100.
  1147229.
  9.  0.
  0.000784498989  0.
  50.  0.
  1147229.
  52134.  425.
  4.54434109  0.0370457843
  50.  10.
  1147229.
  5490.  153.
  0.478544384  0.0133364834
  50.  20.
  1147229.
  3298.  110.
  0.287475288  0.00958832074
  50.  30.
  1147229.
  2212.  86.
  0.192812413  0.0074963239
  50.  40.
  1147229.
  1838.  75.
  0.160212129  0.00653749146
  50.  50.
  1147229.
  2043.  122.
  0.178081274  0.0106343199
  50.  60.
  1147229.
  775.  57.
  0.067554079  0.00496849371
  50.  70.
  1147229.
  412.  31.
  0.0359126218  0.0027021633
  50.  80.
  1147229.
  205.  14.
  0.0178691447  0.00122033176
  50.  90.
  1147229.
  96.  8.
  0.00836798921  0.000697332434
  50.  100.
  1147229.
  32.  1.
  0.00278932974  8.71665543E-05
  60.  0.
  1147229.
  39345.  416.
  3.42956805  0.0362612866
  60.  10.
  1147229.
  4261.  125.
  0.371416688  0.0108958194
  60.  20.
  1147229.
  2519.  93.
  0.219572559  0.00810648967
  60.  30.
  1147229.
  1833.  84.
  0.1597763  0.00732199056
  60.  40.
  1147229.
  1385.  70.
  0.120725676  0.00610165903
  60.  50.
  1147229.
  1661.  116.
  0.144783646  0.0101113208
  60.  60.
  1147229.
  911.  73.
  0.079408735  0.00636315858
  60.  70.
  1147229.
  520.  43.
  0.0453266092  0.00374816195
  60.  80.
  1147229.
  277.  18.
  0.0241451357  0.00156899798
  60.  90.
  1147229.
  112.  8.
  0.00976265408  0.000697332434
  60.  100.
  1147229.
  52.  1.
  0.00453266082  8.71665543E-05
  70.  0.
  1147229.
  45695.  582.
  3.98307586  0.0507309362
  70.  10.
  1147229.
  4850.  175.
  0.422757804  0.0152541474
  70.  20.
  1147229.
  2894.  112.
  0.25226  0.00976265408
  70.  30.
  1147229.
  2157.  93.
  0.188018262  0.00810648967
  70.  40.
  1147229.
  1713.  98.
  0.149316311  0.00854232255
  70.  50.
  1147229.
  2023.  142.
  0.176337942  0.0123776505
  70.  60.
  1147229.
  1154.  96.
  0.100590207  0.00836798921
  70.  70.
  1147229.
  941.  83.
  0.0820237249  0.00723482389
  70.  80.
  1147229.
  618.  64.
  0.0538689308  0.00557865947
  70.  90.
  1147229.
  276.  21.
  0.0240579695  0.00183049764
  70.  100.
  1147229.
  103.  2.
  0.00897815544  0.000174333109
  80.  0.
  1147229.
  58810.  880.
  5.12626505  0.0767065659
  80.  10.
  1147229.
  5728.  235.
  0.499290019  0.0204841401
  80.  20.
  1147229.
  3613.  181.
  0.314932764  0.0157771464
  80.  30.
  1147229.
  2617.  169.
  0.228114873  0.0147311483
  80.  40.
  1147229.
  2169.  135.
  0.189064264  0.0117674852
  80.  50.
  1147229.
  2525.  205.
  0.220095545  0.0178691447
  80.  60.
  1147229.
  1525.  128.
  0.132928997  0.0111573189
  80.  70.
  1147229.
  1324.  106.
  0.115408517  0.00923965499
  80.  80.
  1147229.
  990.  129.
  0.0862948895  0.0112444861
  80.  90.
  1147229.
  670.  64.
  0.0584015921  0.00557865947
  80.  100.
  1147229.
  215.  13.
  0.0187408086  0.00113316521
  90.  0.
  1147229.
  96415.  1977.
  8.40416336  0.172328278
  90.  10.
  1147229.
  8319.  453.
  0.725138545  0.0394864492
  90.  20.
  1147229.
  5210.  340.
  0.454137743  0.0296366289
  90.  30.
  1147229.
  3892.  245.
  0.339252234  0.0213558059
  90.  40.
  1147229.
  3166.  259.
  0.275969326  0.0225761384
  90.  50.
  1147229.
  4110.  368.
  0.358254552  0.0320772938
  90.  60.
  1147229.
  2325.  234.
  0.202662244  0.0203969739
  90.  70.
  1147229.
  2022.  224.
  0.176250771  0.0195253082
  90.  80.
  1147229.
  1774.  198.
  0.154633462  0.0172589775
  90.  90.
  1147229.
  1601.  180.
  0.139553651  0.0156899802
  90.  100.
  1147229.
  767.  110.
  0.0668567494  0.00958832074
  100.  0.
  1147229.
  414058.  13366.
  36.0920105  1.16506815
  100.  10.
  1147229.
  25490.  1764.
  2.22187543  0.153761804
  100.  20.
  1147229.
  14075.  1079.
  1.22686923  0.0940527096
  100.  30.
  1147229.
  10490.  933.
  0.914377153  0.0813263953
  100.  40.
  1147229.
  8621.  753.
  0.751462877  0.0656364188
  100.  50.
  1147229.
  10460.  1055.
  0.911762178  0.0919607133
  100.  60.
  1147229.
  6003.  654.
  0.523260832  0.0570069253
  100.  70.
  1147229.
  5505.  676.
  0.479851872  0.058924593
  100.  80.
  1147229.
  4926.  558.
  0.429382443  0.0486389361
  100.  90.
  1147229.
  4840.  576.
  0.421886116  0.0502079353
  100.  100.
  1147229.
  6062.  978.
  0.52840364  0.0852488875
