  0.  0.
  16777216.
  16777216.  131.
  100.  0.000780820847
  0.  10.
  16777216.
  340243.  15.
  2.02800632  8.94069672E-05
  0.  20.
  16777216.
  166257.  8.
  0.990968943  4.76837158E-05
  0.  30.
  16777216.
  108030.  6.
  0.643908978  3.57627869E-05
  0.  40.
  16777216.
  84057.  9.
  0.501018763  5.36441803E-05
  0.  50.
  16777216.
  98469.  6.
  0.586920977  3.57627869E-05
  0.  60.
  16777216.
  45904.  7.
  0.273609161  4.17232513E-05
  0.  70.
  16777216.
  38847.  1.
  0.231546164  5.96046448E-06
  0.  80.
  16777216.
  34734.  2.
  0.207030773  1.1920929E-05
  0.  90.
  16777216.
  32948.  0.
  0.196385384  0.
  0.  100.
  16777216.
  41074.  0.
  0.244820118  0.
  10.  0.
  16777216.
  1049150.  187.
  6.25342131  0.00111460686
  10.  10.
  16777216.
  55008.  20.
  0.32787323  0.00011920929
  10.  20.
  16777216.
  25796.  10.
  0.153756142  5.96046448E-05
  10.  30.
  16777216.
  16406.  5.
  0.0977873802  2.98023224E-05
  10.  40.
  16777216.
  12165.  14.
  0.0725090504  8.34465027E-05
  10.  50.
  16777216.
  14161.  29.
  0.0844061375  0.00017285347
  10.  60.
  16777216.
  7155.  7.
  0.0426471233  4.17232513E-05
  10.  70.
  16777216.
  5712.  2.
  0.0340461731  1.1920929E-05
  10.  80.
  16777216.
  4868.  6.
  0.0290155411  3.57627869E-05
  10.  90.
  16777216.
  4219.  4.
  0.0251471996  2.38418579E-05
  10.  100.
  16777216.
  3573.  0.
  0.0212967396  0.
  20.  0.
  16777216.
  695090.  227.
  4.14305925  0.00135302544
  20.  10.
  16777216.
  40490.  36.
  0.241339207  0.000214576721
  20.  20.
  16777216.
  19170.  15.
  0.114262104  8.94069672E-05
  20.  30.
  16777216.
  11701.  14.
  0.0697433949  8.34465027E-05
  20.  40.
  16777216.
  8335.  19.
  0.0496804714  0.000113248825
  20.  50.
  16777216.
  9507.  27.
  0.0566661358  0.000160932541
  20.  60.
  16777216.
  4708.  9.
  0.0280618668  5.36441803E-05
  20.  70.
  16777216.
  3889.  7.
  0.0231802464  4.17232513E-05
  20.  80.
  16777216.
  3233.  5.
  0.0192701817  2.98023224E-05
  20.  90.
  16777216.
  2557.  7.
  0.0152409077  4.17232513E-05
  20.  100.
  16777216.
  2266.  3.
  0.0135064125  1.78813934E-05
  30.  0.
  16777216.
  541952.  315.
  3.23028564  0.00187754631
  30.  10.
  16777216.
  34430.  47.
  0.205218792  0.00028014183
  30.  20.
  16777216.
  16299.  32.
  0.0971496105  0.000190734863
  30.  30.
  16777216.
  10073.  45.
  0.0600397587  0.000268220901
  30.  40.
  16777216.
  7336.  31.
  0.0437259674  0.000184774399
  30.  50.
  16777216.
  8019.  35.
  0.0477969646  0.000208616257
  30.  60.
  16777216.
  3805.  19.
  0.0226795673  0.000113248825
  30.  70.
  16777216.
  3209.  21.
  0.0191271305  0.000125169754
  30.  80.
  16777216.
  2582.  15.
  0.0153899193  8.94069672E-05
  30.  90.
  16777216.
  1955.  6.
  0.0116527081  3.57627869E-05
  30.  100.
  16777216.
  1490.  5.
  0.00888109207  2.98023224E-05
  40.  0.
  16777216.
  510228.  414.
  3.04119587  0.00246763229
  40.  10.
  16777216.
  32479.  86.
  0.193589926  0.000512599945
  40.  20.
  16777216.
  15116.  64.
  0.090098381  0.000381469727
  40.  30.
  16777216.
  9776.  49.
  0.0582695007  0.000292062759
  40.  40.
  16777216.
  6905.  57.
  0.0411570072  0.000339746475
  40.  50.
  16777216.
  7333.  66.
  0.043708086  0.000393390656
  40.  60.
  16777216.
  3503.  41.
  0.0208795071  0.000244379044
  40.  70.
  16777216.
  2753.  24.
  0.0164091587  0.000143051147
  40.  80.
  16777216.
  2194.  24.
  0.0130772591  0.000143051147
  40.  90.
  16777216.
  1634.  25.
  0.00973939896  0.000149011612
  40.  100.
  16777216.
  1243.  19.
  0.00740885735  0.000113248825
  50.  0.
  16777216.
  826494.  1266.
  4.92628813  0.00754594803
  50.  10.
  16777216.
  55454.  326.
  0.330531597  0.00194311142
  50.  20.
  16777216.
  25649.  177.
  0.152879953  0.00105500221
  50.  30.
  16777216.
  15602.  132.
  0.0929951668  0.000786781311
  50.  40.
  16777216.
  11084.  142.
  0.0660657883  0.000846385956
  50.  50.
  16777216.
  11123.  141.
  0.0662982464  0.000840425491
  50.  60.
  16777216.
  4962.  87.
  0.0295758247  0.00051856041
  50.  70.
  16777216.
  3852.  74.
  0.0229597092  0.000441074371
  50.  80.
  16777216.
  3044.  71.
  0.0181436539  0.000423192978
  50.  90.
  16777216.
  2242.  47.
  0.0133633614  0.00028014183
  50.  100.
  16777216.
  1630.  43.
  0.0097155571  0.000256299973
  60.  0.
  16777216.
  510249.  1333.
  3.04132104  0.00794529915
  60.  10.
  16777216.
  39914.  398.
  0.237905979  0.00237226486
  60.  20.
  16777216.
  18795.  236.
  0.11202693  0.00140666962
  60.  30.
  16777216.
  11535.  185.
  0.0687539577  0.00110268593
  60.  40.
  16777216.
  7942.  135.
  0.0473380089  0.000804662704
  60.  50.
  16777216.
  7902.  161.
  0.0470995903  0.000959634781
  60.  60.
  16777216.
  3654.  93.
  0.0217795372  0.000554323196
  60.  70.
  16777216.
  2635.  71.
  0.0157058239  0.000423192978
  60.  80.
  16777216.
  1968.  83.
  0.0117301941  0.000494718552
  60.  90.
  16777216.
  1514.  51.
  0.00902414322  0.000303983688
  60.  100.
  16777216.
  1112.  53.
  0.0066280365  0.000315904617
  70.  0.
  16777216.
  517371.  1784.
  3.08377147  0.0106334686
  70.  10.
  16777216.
  47689.  608.
  0.28424859  0.0036239624
  70.  20.
  16777216.
  22330.  353.
  0.133097172  0.00210404396
  70.  30.
  16777216.
  13629.  267.
  0.0812351704  0.00159144402
  70.  40.
  16777216.
  9407.  241.
  0.0560700893  0.00143647194
  70.  50.
  16777216.
  9405.  231.
  0.0560581684  0.00137686729
  70.  60.
  16777216.
  4240.  139.
  0.0252723694  0.000828504562
  70.  70.
  16777216.
  2920.  132.
  0.0174045563  0.000786781311
  70.  80.
  16777216.
  2121.  81.
  0.0126421452  0.000482797623
  70.  90.
  16777216.
  1449.  76.
  0.00863671303  0.0004529953
  70.  100.
  16777216.
  838.  38.
  0.00499486923  0.00022649765
  80.  0.
  16777216.
  587297.  2895.
  3.50056291  0.0172555447
  80.  10.
  16777216.
  61760.  1068.
  0.368118286  0.00636577606
  80.  20.
  16777216.
  29993.  699.
  0.178772211  0.00416636467
  80.  30.
  16777216.
  18361.  522.
  0.109440088  0.00311136246
  80.  40.
  16777216.
  12735.  421.
  0.0759065151  0.00250935555
  80.  50.
  16777216.
  12668.  429.
  0.075507164  0.00255703926
  80.  60.
  16777216.
  5294.  200.
  0.0315546989  0.0011920929
  80.  70.
  16777216.
  3531.  170.
  0.0210464001  0.00101327896
  80.  80.
  16777216.
  2247.  120.
  0.0133931637  0.000715255737
  80.  90.
  16777216.
  1537.  93.
  0.0091612339  0.000554323196
  80.  100.
  16777216.
  745.  57.
  0.00444054604  0.000339746475
  90.  0.
  16777216.
  783208.  5618.
  4.66828346  0.0334858894
  90.  10.
  16777216.
  100693.  2469.
  0.60017705  0.0147163868
  90.  20.
  16777216.
  50493.  1679.
  0.300961733  0.0100076199
  90.  30.
  16777216.
  31578.  1299.
  0.188219547  0.00774264336
  90.  40.
  16777216.
  21689.  954.
  0.129276514  0.00568628311
  90.  50.
  16777216.
  21273.  1099.
  0.126796961  0.00655055046
  90.  60.
  16777216.
  8534.  509.
  0.0508666039  0.00303387642
  90.  70.
  16777216.
  5299.  394.
  0.0315845013  0.002348423
  90.  80.
  16777216.
  3324.  253.
  0.0198125839  0.00150799751
  90.  90.
  16777216.
  1893.  165.
  0.0112831593  0.000983476639
  90.  100.
  16777216.
  902.  91.
  0.00537633896  0.000542402267
  100.  0.
  16777216.
  2500391.  30941.
  14.903492  0.184422731
  100.  10.
  16777216.
  379441.  19119.
  2.2616446  0.11395812
  100.  20.
  16777216.
  195269.  13913.
  1.16389394  0.0829279423
  100.  30.
  16777216.
  116693.  10484.
  0.695544481  0.0624895096
  100.  40.
  16777216.
  73925.  7598.
  0.440627337  0.0452876091
  100.  50.
  16777216.
  63634.  7488.
  0.379288197  0.044631958
  100.  60.
  16777216.
  22927.  2899.
  0.136655569  0.0172793865
  100.  70.
  16777216.
  13580.  1879.
  0.0809431076  0.0111997128
  100.  80.
  16777216.
  8322.  1214.
  0.0496029854  0.00723600388
  100.  90.
  16777216.
  4619.  677.
  0.0275313854  0.00403523445
  100.  100.
  16777216.
  1794.  392.
  0.0106930733  0.00233650208
