  0.  0.
  16777216.
  16777216.  6212.
  100.  0.0370264053
  0.  10.
  16777216.
  2257189.  7577.
  13.4538946  0.0451624393
  0.  20.
  16777216.
  1391107.  8873.
  8.2916441  0.0528872013
  0.  30.
  16777216.
  1013463.  10110.
  6.04071045  0.0602602959
  0.  40.
  16777216.
  808360.  11172.
  4.81820107  0.0665903091
  0.  50.
  16777216.
  977428.  16731.
  5.82592487  0.0997245312
  0.  60.
  16777216.
  519205.  11040.
  3.09470296  0.0658035278
  0.  70.
  16777216.
  455631.  10381.
  2.71577239  0.0618755817
  0.  80.
  16777216.
  423491.  9601.
  2.52420306  0.0572264194
  0.  90.
  16777216.
  416246.  8546.
  2.4810195  0.0509381294
  0.  100.
  16777216.
  594516.  7403.
  3.5435915  0.0441253185
  10.  0.
  16777216.
  63109.  338.
  0.376158953  0.00201463699
  10.  10.
  16777216.
  25282.  411.
  0.150692463  0.0024497509
  10.  20.
  16777216.
  20309.  537.
  0.121051073  0.00320076942
  10.  30.
  16777216.
  17469.  685.
  0.104123354  0.00408291817
  10.  40.
  16777216.
  15573.  876.
  0.0928223133  0.00522136688
  10.  50.
  16777216.
  19912.  1670.
  0.118684769  0.00995397568
  10.  60.
  16777216.
  10590.  1204.
  0.0631213188  0.00717639923
  10.  70.
  16777216.
  8967.  1153.
  0.053447485  0.00687241554
  10.  80.
  16777216.
  6914.  1008.
  0.0412106514  0.00600814819
  10.  90.
  16777216.
  4961.  745.
  0.0295698643  0.00444054604
  10.  100.
  16777216.
  2177.  438.
  0.0129759312  0.00261068344
  20.  0.
  16777216.
  33445.  175.
  0.199347734  0.00104308128
  20.  10.
  16777216.
  13428.  233.
  0.080037117  0.00138878822
  20.  20.
  16777216.
  10699.  314.
  0.0637710094  0.00187158585
  20.  30.
  16777216.
  8767.  402.
  0.0522553921  0.00239610672
  20.  40.
  16777216.
  7596.  473.
  0.0452756882  0.0028192997
  20.  50.
  16777216.
  9669.  908.
  0.057631731  0.00541210175
  20.  60.
  16777216.
  5005.  716.
  0.0298321247  0.00426769257
  20.  70.
  16777216.
  3935.  648.
  0.0234544277  0.00386238098
  20.  80.
  16777216.
  2802.  625.
  0.0167012215  0.0037252903
  20.  90.
  16777216.
  2128.  474.
  0.0126838684  0.00282526016
  20.  100.
  16777216.
  823.  240.
  0.00490546227  0.00143051147
  30.  0.
  16777216.
  19985.  114.
  0.119119883  0.00067949295
  30.  10.
  16777216.
  8776.  161.
  0.0523090363  0.000959634781
  30.  20.
  16777216.
  6506.  224.
  0.0387787819  0.00133514404
  30.  30.
  16777216.
  5226.  240.
  0.0311493874  0.00143051147
  30.  40.
  16777216.
  4127.  253.
  0.0245988369  0.00150799751
  30.  50.
  16777216.
  5149.  492.
  0.0306904316  0.00293254852
  30.  60.
  16777216.
  2471.  356.
  0.0147283077  0.00212192535
  30.  70.
  16777216.
  1696.  304.
  0.0101089478  0.0018119812
  30.  80.
  16777216.
  1005.  206.
  0.0059902668  0.00122785568
  30.  90.
  16777216.
  654.  144.
  0.00389814377  0.000858306885
  30.  100.
  16777216.
  253.  51.
  0.00150799751  0.000303983688
  40.  0.
  16777216.
  14724.  63.
  0.087761879  0.000375509262
  40.  10.
  16777216.
  6278.  143.
  0.037419796  0.00085234642
  40.  20.
  16777216.
  4567.  142.
  0.0272214413  0.000846385956
  40.  30.
  16777216.
  3695.  161.
  0.0220239162  0.000959634781
  40.  40.
  16777216.
  2916.  218.
  0.0173807144  0.00129938126
  40.  50.
  16777216.
  3342.  322.
  0.0199198723  0.00191926956
  40.  60.
  16777216.
  1448.  191.
  0.00863075256  0.00113844872
  40.  70.
  16777216.
  984.  176.
  0.00586509705  0.00104904175
  40.  80.
  16777216.
  558.  124.
  0.00332593918  0.000739097595
  40.  90.
  16777216.
  338.  89.
  0.00201463699  0.000530481339
  40.  100.
  16777216.
  117.  29.
  0.000697374344  0.00017285347
  50.  0.
  16777216.
  17068.  71.
  0.101733208  0.000423192978
  50.  10.
  16777216.
  6535.  160.
  0.0389516354  0.000953674316
  50.  20.
  16777216.
  4522.  203.
  0.0269532204  0.00120997429
  50.  30.
  16777216.
  3711.  216.
  0.0221192837  0.00128746033
  50.  40.
  16777216.
  3065.  246.
  0.0182688236  0.00146627426
  50.  50.
  16777216.
  3377.  382.
  0.0201284885  0.00227689743
  50.  60.
  16777216.
  1450.  180.
  0.00864267349  0.00107288361
  50.  70.
  16777216.
  973.  137.
  0.00579953194  0.000816583633
  50.  80.
  16777216.
  482.  81.
  0.00287294388  0.000482797623
  50.  90.
  16777216.
  276.  72.
  0.0016450882  0.000429153442
  50.  100.
  16777216.
  67.  12.
  0.00039935112  7.15255737E-05
  60.  0.
  16777216.
  6930.  30.
  0.0413060188  0.000178813934
  60.  10.
  16777216.
  2670.  32.
  0.0159144402  0.000190734863
  60.  20.
  16777216.
  1845.  77.
  0.010997057  0.000458955765
  60.  30.
  16777216.
  1616.  130.
  0.0096321106  0.000774860382
  60.  40.
  16777216.
  1240.  107.
  0.00739097595  0.000637769699
  60.  50.
  16777216.
  1536.  155.
  0.00915527344  0.000923871994
  60.  60.
  16777216.
  642.  84.
  0.00382661819  0.000500679016
  60.  70.
  16777216.
  376.  44.
  0.00224113464  0.000262260437
  60.  80.
  16777216.
  221.  28.
  0.00131726265  0.000166893005
  60.  90.
  16777216.
  111.  19.
  0.000661611557  0.000113248825
  60.  100.
  16777216.
  15.  6.
  8.94069672E-05  3.57627869E-05
  70.  0.
  16777216.
  4376.  22.
  0.0260829926  0.000131130219
  70.  10.
  16777216.
  1950.  21.
  0.0116229057  0.000125169754
  70.  20.
  16777216.
  1355.  46.
  0.00807642937  0.000274181366
  70.  30.
  16777216.
  1065.  60.
  0.00634789467  0.000357627869
  70.  40.
  16777216.
  858.  64.
  0.00511407852  0.000381469727
  70.  50.
  16777216.
  1019.  92.
  0.0060737133  0.000548362732
  70.  60.
  16777216.
  399.  53.
  0.00237822533  0.000315904617
  70.  70.
  16777216.
  258.  32.
  0.00153779984  0.000190734863
  70.  80.
  16777216.
  155.  21.
  0.000923871994  0.000125169754
  70.  90.
  16777216.
  64.  6.
  0.000381469727  3.57627869E-05
  70.  100.
  16777216.
  32.  1.
  0.000190734863  5.96046448E-06
  80.  0.
  16777216.
  3370.  15.
  0.0200867653  8.94069672E-05
  80.  10.
  16777216.
  1438.  22.
  0.00857114792  0.000131130219
  80.  20.
  16777216.
  1083.  26.
  0.00645518303  0.000154972076
  80.  30.
  16777216.
  770.  25.
  0.00458955765  0.000149011612
  80.  40.
  16777216.
  584.  30.
  0.00348091125  0.000178813934
  80.  50.
  16777216.
  513.  65.
  0.00305771828  0.000387430191
  80.  60.
  16777216.
  210.  24.
  0.00125169754  0.000143051147
  80.  70.
  16777216.
  141.  21.
  0.000840425491  0.000125169754
  80.  80.
  16777216.
  58.  9.
  0.00034570694  5.36441803E-05
  80.  90.
  16777216.
  11.  6.
  6.55651093E-05  3.57627869E-05
  80.  100.
  16777216.
  5.  2.
  2.98023224E-05  1.1920929E-05
  90.  0.
  16777216.
  2442.  14.
  0.0145554543  8.34465027E-05
  90.  10.
  16777216.
  871.  4.
  0.00519156456  2.38418579E-05
  90.  20.
  16777216.
  484.  10.
  0.00288486481  5.96046448E-05
  90.  30.
  16777216.
  300.  7.
  0.00178813934  4.17232513E-05
  90.  40.
  16777216.
  253.  9.
  0.00150799751  5.36441803E-05
  90.  50.
  16777216.
  216.  13.
  0.00128746033  7.74860382E-05
  90.  60.
  16777216.
  75.  6.
  0.000447034836  3.57627869E-05
  90.  70.
  16777216.
  30.  3.
  0.000178813934  1.78813934E-05
  90.  80.
  16777216.
  14.  2.
  8.34465027E-05  1.1920929E-05
  90.  90.
  16777216.
  8.  2.
  4.76837158E-05  1.1920929E-05
  90.  100.
  16777216.
  2.  2.
  1.1920929E-05  1.1920929E-05
  100.  0.
  16777216.
  1824.  6.
  0.0108718872  3.57627869E-05
  100.  10.
  16777216.
  372.  2.
  0.00221729279  1.1920929E-05
  100.  20.
  16777216.
  157.  0.
  0.000935792923  0.
  100.  30.
  16777216.
  73.  1.
  0.000435113907  5.96046448E-06
  100.  40.
  16777216.
  43.  0.
  0.000256299973  0.
  100.  50.
  16777216.
  41.  2.
  0.000244379044  1.1920929E-05
  100.  60.
  16777216.
  8.  1.
  4.76837158E-05  5.96046448E-06
  100.  70.
  16777216.
  7.  0.
  4.17232513E-05  0.
  100.  80.
  16777216.
  1.  0.
  5.96046448E-06  0.
  100.  90.
  16777216.
  0.  0.
  0.  0.
  100.  100.
  16777216.
  0.  0.
  0.  0.
